[2025-07-08T13:42:07.097+0000] {processor.py:161} INFO - Started process (PID=12682) to work on /opt/airflow/dags/email_alert_demo.py
[2025-07-08T13:42:07.098+0000] {processor.py:830} INFO - Processing file /opt/airflow/dags/email_alert_demo.py for tasks to queue
[2025-07-08T13:42:07.099+0000] {logging_mixin.py:188} INFO - [2025-07-08T13:42:07.098+0000] {dagbag.py:538} INFO - Filling up the DagBag from /opt/airflow/dags/email_alert_demo.py
[2025-07-08T13:42:07.118+0000] {processor.py:840} INFO - DAG(s) 'send_email_alerts_dag' retrieved from /opt/airflow/dags/email_alert_demo.py
[2025-07-08T13:42:07.175+0000] {logging_mixin.py:188} INFO - [2025-07-08T13:42:07.174+0000] {dag.py:3036} INFO - Sync 1 DAGs
[2025-07-08T13:42:07.188+0000] {logging_mixin.py:188} INFO - [2025-07-08T13:42:07.187+0000] {dag.py:3823} INFO - Setting next_dagrun for send_email_alerts_dag to 2025-07-08 00:00:00+00:00, run_after=2025-07-09 00:00:00+00:00
[2025-07-08T13:42:07.199+0000] {processor.py:183} INFO - Processing /opt/airflow/dags/email_alert_demo.py took 0.107 seconds
[2025-07-08T13:42:37.725+0000] {processor.py:161} INFO - Started process (PID=12747) to work on /opt/airflow/dags/email_alert_demo.py
[2025-07-08T13:42:37.727+0000] {processor.py:830} INFO - Processing file /opt/airflow/dags/email_alert_demo.py for tasks to queue
[2025-07-08T13:42:37.729+0000] {logging_mixin.py:188} INFO - [2025-07-08T13:42:37.728+0000] {dagbag.py:538} INFO - Filling up the DagBag from /opt/airflow/dags/email_alert_demo.py
[2025-07-08T13:42:37.745+0000] {processor.py:840} INFO - DAG(s) 'send_email_alerts_dag' retrieved from /opt/airflow/dags/email_alert_demo.py
[2025-07-08T13:42:37.765+0000] {logging_mixin.py:188} INFO - [2025-07-08T13:42:37.764+0000] {dag.py:3036} INFO - Sync 1 DAGs
[2025-07-08T13:42:37.778+0000] {logging_mixin.py:188} INFO - [2025-07-08T13:42:37.778+0000] {dag.py:3823} INFO - Setting next_dagrun for send_email_alerts_dag to 2025-07-08 00:00:00+00:00, run_after=2025-07-09 00:00:00+00:00
[2025-07-08T13:42:37.794+0000] {processor.py:183} INFO - Processing /opt/airflow/dags/email_alert_demo.py took 0.073 seconds
[2025-07-08T13:43:08.378+0000] {processor.py:161} INFO - Started process (PID=12812) to work on /opt/airflow/dags/email_alert_demo.py
[2025-07-08T13:43:08.380+0000] {processor.py:830} INFO - Processing file /opt/airflow/dags/email_alert_demo.py for tasks to queue
[2025-07-08T13:43:08.381+0000] {logging_mixin.py:188} INFO - [2025-07-08T13:43:08.381+0000] {dagbag.py:538} INFO - Filling up the DagBag from /opt/airflow/dags/email_alert_demo.py
[2025-07-08T13:43:08.389+0000] {processor.py:840} INFO - DAG(s) 'send_email_alerts_dag' retrieved from /opt/airflow/dags/email_alert_demo.py
[2025-07-08T13:43:08.409+0000] {logging_mixin.py:188} INFO - [2025-07-08T13:43:08.409+0000] {dag.py:3036} INFO - Sync 1 DAGs
[2025-07-08T13:43:08.428+0000] {logging_mixin.py:188} INFO - [2025-07-08T13:43:08.428+0000] {dag.py:3823} INFO - Setting next_dagrun for send_email_alerts_dag to 2025-07-08 00:00:00+00:00, run_after=2025-07-09 00:00:00+00:00
[2025-07-08T13:43:08.442+0000] {processor.py:183} INFO - Processing /opt/airflow/dags/email_alert_demo.py took 0.066 seconds
[2025-07-08T13:43:39.116+0000] {processor.py:161} INFO - Started process (PID=12877) to work on /opt/airflow/dags/email_alert_demo.py
[2025-07-08T13:43:39.119+0000] {processor.py:830} INFO - Processing file /opt/airflow/dags/email_alert_demo.py for tasks to queue
[2025-07-08T13:43:39.120+0000] {logging_mixin.py:188} INFO - [2025-07-08T13:43:39.119+0000] {dagbag.py:538} INFO - Filling up the DagBag from /opt/airflow/dags/email_alert_demo.py
[2025-07-08T13:43:39.130+0000] {processor.py:840} INFO - DAG(s) 'send_email_alerts_dag' retrieved from /opt/airflow/dags/email_alert_demo.py
[2025-07-08T13:43:39.147+0000] {logging_mixin.py:188} INFO - [2025-07-08T13:43:39.147+0000] {dag.py:3036} INFO - Sync 1 DAGs
[2025-07-08T13:43:39.160+0000] {logging_mixin.py:188} INFO - [2025-07-08T13:43:39.160+0000] {dag.py:3823} INFO - Setting next_dagrun for send_email_alerts_dag to 2025-07-08 00:00:00+00:00, run_after=2025-07-09 00:00:00+00:00
[2025-07-08T13:43:39.172+0000] {processor.py:183} INFO - Processing /opt/airflow/dags/email_alert_demo.py took 0.059 seconds
[2025-07-08T13:44:09.848+0000] {processor.py:161} INFO - Started process (PID=12942) to work on /opt/airflow/dags/email_alert_demo.py
[2025-07-08T13:44:09.850+0000] {processor.py:830} INFO - Processing file /opt/airflow/dags/email_alert_demo.py for tasks to queue
[2025-07-08T13:44:09.850+0000] {logging_mixin.py:188} INFO - [2025-07-08T13:44:09.850+0000] {dagbag.py:538} INFO - Filling up the DagBag from /opt/airflow/dags/email_alert_demo.py
[2025-07-08T13:44:09.861+0000] {processor.py:840} INFO - DAG(s) 'send_email_alerts_dag' retrieved from /opt/airflow/dags/email_alert_demo.py
[2025-07-08T13:44:09.876+0000] {logging_mixin.py:188} INFO - [2025-07-08T13:44:09.876+0000] {dag.py:3036} INFO - Sync 1 DAGs
[2025-07-08T13:44:09.889+0000] {logging_mixin.py:188} INFO - [2025-07-08T13:44:09.889+0000] {dag.py:3823} INFO - Setting next_dagrun for send_email_alerts_dag to 2025-07-08 00:00:00+00:00, run_after=2025-07-09 00:00:00+00:00
[2025-07-08T13:44:09.902+0000] {processor.py:183} INFO - Processing /opt/airflow/dags/email_alert_demo.py took 0.058 seconds
[2025-07-08T13:44:40.455+0000] {processor.py:161} INFO - Started process (PID=13007) to work on /opt/airflow/dags/email_alert_demo.py
[2025-07-08T13:44:40.458+0000] {processor.py:830} INFO - Processing file /opt/airflow/dags/email_alert_demo.py for tasks to queue
[2025-07-08T13:44:40.460+0000] {logging_mixin.py:188} INFO - [2025-07-08T13:44:40.459+0000] {dagbag.py:538} INFO - Filling up the DagBag from /opt/airflow/dags/email_alert_demo.py
[2025-07-08T13:44:40.470+0000] {processor.py:840} INFO - DAG(s) 'send_email_alerts_dag' retrieved from /opt/airflow/dags/email_alert_demo.py
[2025-07-08T13:44:40.490+0000] {logging_mixin.py:188} INFO - [2025-07-08T13:44:40.490+0000] {dag.py:3036} INFO - Sync 1 DAGs
[2025-07-08T13:44:40.505+0000] {logging_mixin.py:188} INFO - [2025-07-08T13:44:40.505+0000] {dag.py:3823} INFO - Setting next_dagrun for send_email_alerts_dag to 2025-07-08 00:00:00+00:00, run_after=2025-07-09 00:00:00+00:00
[2025-07-08T13:44:40.518+0000] {processor.py:183} INFO - Processing /opt/airflow/dags/email_alert_demo.py took 0.066 seconds
[2025-07-08T13:45:11.156+0000] {processor.py:161} INFO - Started process (PID=13072) to work on /opt/airflow/dags/email_alert_demo.py
[2025-07-08T13:45:11.157+0000] {processor.py:830} INFO - Processing file /opt/airflow/dags/email_alert_demo.py for tasks to queue
[2025-07-08T13:45:11.158+0000] {logging_mixin.py:188} INFO - [2025-07-08T13:45:11.158+0000] {dagbag.py:538} INFO - Filling up the DagBag from /opt/airflow/dags/email_alert_demo.py
[2025-07-08T13:45:11.172+0000] {processor.py:840} INFO - DAG(s) 'send_email_alerts_dag' retrieved from /opt/airflow/dags/email_alert_demo.py
[2025-07-08T13:45:11.191+0000] {logging_mixin.py:188} INFO - [2025-07-08T13:45:11.191+0000] {dag.py:3036} INFO - Sync 1 DAGs
[2025-07-08T13:45:11.205+0000] {logging_mixin.py:188} INFO - [2025-07-08T13:45:11.205+0000] {dag.py:3823} INFO - Setting next_dagrun for send_email_alerts_dag to 2025-07-08 00:00:00+00:00, run_after=2025-07-09 00:00:00+00:00
[2025-07-08T13:45:11.218+0000] {processor.py:183} INFO - Processing /opt/airflow/dags/email_alert_demo.py took 0.066 seconds
[2025-07-08T13:45:41.810+0000] {processor.py:161} INFO - Started process (PID=13137) to work on /opt/airflow/dags/email_alert_demo.py
[2025-07-08T13:45:41.812+0000] {processor.py:830} INFO - Processing file /opt/airflow/dags/email_alert_demo.py for tasks to queue
[2025-07-08T13:45:41.813+0000] {logging_mixin.py:188} INFO - [2025-07-08T13:45:41.813+0000] {dagbag.py:538} INFO - Filling up the DagBag from /opt/airflow/dags/email_alert_demo.py
[2025-07-08T13:45:41.825+0000] {processor.py:840} INFO - DAG(s) 'send_email_alerts_dag' retrieved from /opt/airflow/dags/email_alert_demo.py
[2025-07-08T13:45:41.845+0000] {logging_mixin.py:188} INFO - [2025-07-08T13:45:41.844+0000] {dag.py:3036} INFO - Sync 1 DAGs
[2025-07-08T13:45:41.861+0000] {logging_mixin.py:188} INFO - [2025-07-08T13:45:41.860+0000] {dag.py:3823} INFO - Setting next_dagrun for send_email_alerts_dag to 2025-07-08 00:00:00+00:00, run_after=2025-07-09 00:00:00+00:00
[2025-07-08T13:45:41.875+0000] {processor.py:183} INFO - Processing /opt/airflow/dags/email_alert_demo.py took 0.068 seconds
[2025-07-08T13:46:12.419+0000] {processor.py:161} INFO - Started process (PID=13202) to work on /opt/airflow/dags/email_alert_demo.py
[2025-07-08T13:46:12.421+0000] {processor.py:830} INFO - Processing file /opt/airflow/dags/email_alert_demo.py for tasks to queue
[2025-07-08T13:46:12.422+0000] {logging_mixin.py:188} INFO - [2025-07-08T13:46:12.422+0000] {dagbag.py:538} INFO - Filling up the DagBag from /opt/airflow/dags/email_alert_demo.py
[2025-07-08T13:46:12.439+0000] {processor.py:840} INFO - DAG(s) 'send_email_alerts_dag' retrieved from /opt/airflow/dags/email_alert_demo.py
[2025-07-08T13:46:12.452+0000] {logging_mixin.py:188} INFO - [2025-07-08T13:46:12.452+0000] {dag.py:3036} INFO - Sync 1 DAGs
[2025-07-08T13:46:12.466+0000] {logging_mixin.py:188} INFO - [2025-07-08T13:46:12.466+0000] {dag.py:3823} INFO - Setting next_dagrun for send_email_alerts_dag to 2025-07-08 00:00:00+00:00, run_after=2025-07-09 00:00:00+00:00
[2025-07-08T13:46:12.478+0000] {processor.py:183} INFO - Processing /opt/airflow/dags/email_alert_demo.py took 0.064 seconds
[2025-07-08T13:46:43.111+0000] {processor.py:161} INFO - Started process (PID=13267) to work on /opt/airflow/dags/email_alert_demo.py
[2025-07-08T13:46:43.113+0000] {processor.py:830} INFO - Processing file /opt/airflow/dags/email_alert_demo.py for tasks to queue
[2025-07-08T13:46:43.114+0000] {logging_mixin.py:188} INFO - [2025-07-08T13:46:43.114+0000] {dagbag.py:538} INFO - Filling up the DagBag from /opt/airflow/dags/email_alert_demo.py
[2025-07-08T13:46:43.126+0000] {processor.py:840} INFO - DAG(s) 'send_email_alerts_dag' retrieved from /opt/airflow/dags/email_alert_demo.py
[2025-07-08T13:46:43.141+0000] {logging_mixin.py:188} INFO - [2025-07-08T13:46:43.141+0000] {dag.py:3036} INFO - Sync 1 DAGs
[2025-07-08T13:46:43.154+0000] {logging_mixin.py:188} INFO - [2025-07-08T13:46:43.154+0000] {dag.py:3823} INFO - Setting next_dagrun for send_email_alerts_dag to 2025-07-08 00:00:00+00:00, run_after=2025-07-09 00:00:00+00:00
[2025-07-08T13:46:43.166+0000] {processor.py:183} INFO - Processing /opt/airflow/dags/email_alert_demo.py took 0.058 seconds
[2025-07-08T13:47:13.868+0000] {processor.py:161} INFO - Started process (PID=13332) to work on /opt/airflow/dags/email_alert_demo.py
[2025-07-08T13:47:13.869+0000] {processor.py:830} INFO - Processing file /opt/airflow/dags/email_alert_demo.py for tasks to queue
[2025-07-08T13:47:13.871+0000] {logging_mixin.py:188} INFO - [2025-07-08T13:47:13.870+0000] {dagbag.py:538} INFO - Filling up the DagBag from /opt/airflow/dags/email_alert_demo.py
[2025-07-08T13:47:13.888+0000] {processor.py:840} INFO - DAG(s) 'send_email_alerts_dag' retrieved from /opt/airflow/dags/email_alert_demo.py
[2025-07-08T13:47:13.902+0000] {logging_mixin.py:188} INFO - [2025-07-08T13:47:13.902+0000] {dag.py:3036} INFO - Sync 1 DAGs
[2025-07-08T13:47:13.916+0000] {logging_mixin.py:188} INFO - [2025-07-08T13:47:13.916+0000] {dag.py:3823} INFO - Setting next_dagrun for send_email_alerts_dag to 2025-07-08 00:00:00+00:00, run_after=2025-07-09 00:00:00+00:00
[2025-07-08T13:47:13.930+0000] {processor.py:183} INFO - Processing /opt/airflow/dags/email_alert_demo.py took 0.066 seconds
[2025-07-08T13:47:44.628+0000] {processor.py:161} INFO - Started process (PID=13397) to work on /opt/airflow/dags/email_alert_demo.py
[2025-07-08T13:47:44.630+0000] {processor.py:830} INFO - Processing file /opt/airflow/dags/email_alert_demo.py for tasks to queue
[2025-07-08T13:47:44.631+0000] {logging_mixin.py:188} INFO - [2025-07-08T13:47:44.631+0000] {dagbag.py:538} INFO - Filling up the DagBag from /opt/airflow/dags/email_alert_demo.py
[2025-07-08T13:47:44.641+0000] {processor.py:840} INFO - DAG(s) 'send_email_alerts_dag' retrieved from /opt/airflow/dags/email_alert_demo.py
[2025-07-08T13:47:44.660+0000] {logging_mixin.py:188} INFO - [2025-07-08T13:47:44.660+0000] {dag.py:3036} INFO - Sync 1 DAGs
[2025-07-08T13:47:44.679+0000] {logging_mixin.py:188} INFO - [2025-07-08T13:47:44.679+0000] {dag.py:3823} INFO - Setting next_dagrun for send_email_alerts_dag to 2025-07-08 00:00:00+00:00, run_after=2025-07-09 00:00:00+00:00
[2025-07-08T13:47:44.690+0000] {processor.py:183} INFO - Processing /opt/airflow/dags/email_alert_demo.py took 0.064 seconds
[2025-07-08T13:48:15.267+0000] {processor.py:161} INFO - Started process (PID=13462) to work on /opt/airflow/dags/email_alert_demo.py
[2025-07-08T13:48:15.270+0000] {processor.py:830} INFO - Processing file /opt/airflow/dags/email_alert_demo.py for tasks to queue
[2025-07-08T13:48:15.271+0000] {logging_mixin.py:188} INFO - [2025-07-08T13:48:15.271+0000] {dagbag.py:538} INFO - Filling up the DagBag from /opt/airflow/dags/email_alert_demo.py
[2025-07-08T13:48:15.287+0000] {processor.py:840} INFO - DAG(s) 'send_email_alerts_dag' retrieved from /opt/airflow/dags/email_alert_demo.py
[2025-07-08T13:48:15.301+0000] {logging_mixin.py:188} INFO - [2025-07-08T13:48:15.301+0000] {dag.py:3036} INFO - Sync 1 DAGs
[2025-07-08T13:48:15.316+0000] {logging_mixin.py:188} INFO - [2025-07-08T13:48:15.316+0000] {dag.py:3823} INFO - Setting next_dagrun for send_email_alerts_dag to 2025-07-08 00:00:00+00:00, run_after=2025-07-09 00:00:00+00:00
[2025-07-08T13:48:15.329+0000] {processor.py:183} INFO - Processing /opt/airflow/dags/email_alert_demo.py took 0.065 seconds
[2025-07-08T13:48:46.014+0000] {processor.py:161} INFO - Started process (PID=13527) to work on /opt/airflow/dags/email_alert_demo.py
[2025-07-08T13:48:46.018+0000] {processor.py:830} INFO - Processing file /opt/airflow/dags/email_alert_demo.py for tasks to queue
[2025-07-08T13:48:46.019+0000] {logging_mixin.py:188} INFO - [2025-07-08T13:48:46.019+0000] {dagbag.py:538} INFO - Filling up the DagBag from /opt/airflow/dags/email_alert_demo.py
[2025-07-08T13:48:46.032+0000] {processor.py:840} INFO - DAG(s) 'send_email_alerts_dag' retrieved from /opt/airflow/dags/email_alert_demo.py
[2025-07-08T13:48:46.050+0000] {logging_mixin.py:188} INFO - [2025-07-08T13:48:46.049+0000] {dag.py:3036} INFO - Sync 1 DAGs
[2025-07-08T13:48:46.070+0000] {logging_mixin.py:188} INFO - [2025-07-08T13:48:46.070+0000] {dag.py:3823} INFO - Setting next_dagrun for send_email_alerts_dag to 2025-07-08 00:00:00+00:00, run_after=2025-07-09 00:00:00+00:00
[2025-07-08T13:48:46.088+0000] {processor.py:183} INFO - Processing /opt/airflow/dags/email_alert_demo.py took 0.078 seconds
[2025-07-08T13:49:16.725+0000] {processor.py:161} INFO - Started process (PID=13597) to work on /opt/airflow/dags/email_alert_demo.py
[2025-07-08T13:49:16.728+0000] {processor.py:830} INFO - Processing file /opt/airflow/dags/email_alert_demo.py for tasks to queue
[2025-07-08T13:49:16.729+0000] {logging_mixin.py:188} INFO - [2025-07-08T13:49:16.729+0000] {dagbag.py:538} INFO - Filling up the DagBag from /opt/airflow/dags/email_alert_demo.py
[2025-07-08T13:49:16.744+0000] {processor.py:840} INFO - DAG(s) 'send_email_alerts_dag' retrieved from /opt/airflow/dags/email_alert_demo.py
[2025-07-08T13:49:16.764+0000] {logging_mixin.py:188} INFO - [2025-07-08T13:49:16.763+0000] {dag.py:3036} INFO - Sync 1 DAGs
[2025-07-08T13:49:16.782+0000] {logging_mixin.py:188} INFO - [2025-07-08T13:49:16.781+0000] {dag.py:3823} INFO - Setting next_dagrun for send_email_alerts_dag to 2025-07-08 00:00:00+00:00, run_after=2025-07-09 00:00:00+00:00
[2025-07-08T13:49:16.795+0000] {processor.py:183} INFO - Processing /opt/airflow/dags/email_alert_demo.py took 0.072 seconds
[2025-07-08T13:49:47.420+0000] {processor.py:161} INFO - Started process (PID=13670) to work on /opt/airflow/dags/email_alert_demo.py
[2025-07-08T13:49:47.422+0000] {processor.py:830} INFO - Processing file /opt/airflow/dags/email_alert_demo.py for tasks to queue
[2025-07-08T13:49:47.424+0000] {logging_mixin.py:188} INFO - [2025-07-08T13:49:47.423+0000] {dagbag.py:538} INFO - Filling up the DagBag from /opt/airflow/dags/email_alert_demo.py
[2025-07-08T13:49:47.441+0000] {processor.py:840} INFO - DAG(s) 'send_email_alerts_dag' retrieved from /opt/airflow/dags/email_alert_demo.py
[2025-07-08T13:49:47.455+0000] {logging_mixin.py:188} INFO - [2025-07-08T13:49:47.455+0000] {dag.py:3036} INFO - Sync 1 DAGs
[2025-07-08T13:49:47.470+0000] {logging_mixin.py:188} INFO - [2025-07-08T13:49:47.469+0000] {dag.py:3823} INFO - Setting next_dagrun for send_email_alerts_dag to 2025-07-08 00:00:00+00:00, run_after=2025-07-09 00:00:00+00:00
[2025-07-08T13:49:47.485+0000] {processor.py:183} INFO - Processing /opt/airflow/dags/email_alert_demo.py took 0.069 seconds
[2025-07-08T13:50:18.136+0000] {processor.py:161} INFO - Started process (PID=13735) to work on /opt/airflow/dags/email_alert_demo.py
[2025-07-08T13:50:18.140+0000] {processor.py:830} INFO - Processing file /opt/airflow/dags/email_alert_demo.py for tasks to queue
[2025-07-08T13:50:18.141+0000] {logging_mixin.py:188} INFO - [2025-07-08T13:50:18.140+0000] {dagbag.py:538} INFO - Filling up the DagBag from /opt/airflow/dags/email_alert_demo.py
[2025-07-08T13:50:18.158+0000] {processor.py:840} INFO - DAG(s) 'send_email_alerts_dag' retrieved from /opt/airflow/dags/email_alert_demo.py
[2025-07-08T13:50:18.174+0000] {logging_mixin.py:188} INFO - [2025-07-08T13:50:18.174+0000] {dag.py:3036} INFO - Sync 1 DAGs
[2025-07-08T13:50:18.188+0000] {logging_mixin.py:188} INFO - [2025-07-08T13:50:18.188+0000] {dag.py:3823} INFO - Setting next_dagrun for send_email_alerts_dag to 2025-07-08 00:00:00+00:00, run_after=2025-07-09 00:00:00+00:00
[2025-07-08T13:50:18.202+0000] {processor.py:183} INFO - Processing /opt/airflow/dags/email_alert_demo.py took 0.069 seconds
[2025-07-08T13:50:48.798+0000] {processor.py:161} INFO - Started process (PID=13800) to work on /opt/airflow/dags/email_alert_demo.py
[2025-07-08T13:50:48.801+0000] {processor.py:830} INFO - Processing file /opt/airflow/dags/email_alert_demo.py for tasks to queue
[2025-07-08T13:50:48.802+0000] {logging_mixin.py:188} INFO - [2025-07-08T13:50:48.802+0000] {dagbag.py:538} INFO - Filling up the DagBag from /opt/airflow/dags/email_alert_demo.py
[2025-07-08T13:50:48.819+0000] {processor.py:840} INFO - DAG(s) 'send_email_alerts_dag' retrieved from /opt/airflow/dags/email_alert_demo.py
[2025-07-08T13:50:48.837+0000] {logging_mixin.py:188} INFO - [2025-07-08T13:50:48.837+0000] {dag.py:3036} INFO - Sync 1 DAGs
[2025-07-08T13:50:48.853+0000] {logging_mixin.py:188} INFO - [2025-07-08T13:50:48.852+0000] {dag.py:3823} INFO - Setting next_dagrun for send_email_alerts_dag to 2025-07-08 00:00:00+00:00, run_after=2025-07-09 00:00:00+00:00
[2025-07-08T13:50:48.869+0000] {processor.py:183} INFO - Processing /opt/airflow/dags/email_alert_demo.py took 0.074 seconds
[2025-07-08T13:51:19.522+0000] {processor.py:161} INFO - Started process (PID=13874) to work on /opt/airflow/dags/email_alert_demo.py
[2025-07-08T13:51:19.524+0000] {processor.py:830} INFO - Processing file /opt/airflow/dags/email_alert_demo.py for tasks to queue
[2025-07-08T13:51:19.525+0000] {logging_mixin.py:188} INFO - [2025-07-08T13:51:19.525+0000] {dagbag.py:538} INFO - Filling up the DagBag from /opt/airflow/dags/email_alert_demo.py
[2025-07-08T13:51:19.541+0000] {processor.py:840} INFO - DAG(s) 'send_email_alerts_dag' retrieved from /opt/airflow/dags/email_alert_demo.py
[2025-07-08T13:51:19.557+0000] {logging_mixin.py:188} INFO - [2025-07-08T13:51:19.557+0000] {dag.py:3036} INFO - Sync 1 DAGs
[2025-07-08T13:51:19.570+0000] {logging_mixin.py:188} INFO - [2025-07-08T13:51:19.569+0000] {dag.py:3823} INFO - Setting next_dagrun for send_email_alerts_dag to 2025-07-08 00:00:00+00:00, run_after=2025-07-09 00:00:00+00:00
[2025-07-08T13:51:19.585+0000] {processor.py:183} INFO - Processing /opt/airflow/dags/email_alert_demo.py took 0.064 seconds
[2025-07-08T13:51:50.169+0000] {processor.py:161} INFO - Started process (PID=13939) to work on /opt/airflow/dags/email_alert_demo.py
[2025-07-08T13:51:50.171+0000] {processor.py:830} INFO - Processing file /opt/airflow/dags/email_alert_demo.py for tasks to queue
[2025-07-08T13:51:50.172+0000] {logging_mixin.py:188} INFO - [2025-07-08T13:51:50.172+0000] {dagbag.py:538} INFO - Filling up the DagBag from /opt/airflow/dags/email_alert_demo.py
[2025-07-08T13:51:50.184+0000] {processor.py:840} INFO - DAG(s) 'send_email_alerts_dag' retrieved from /opt/airflow/dags/email_alert_demo.py
[2025-07-08T13:51:50.198+0000] {logging_mixin.py:188} INFO - [2025-07-08T13:51:50.197+0000] {dag.py:3036} INFO - Sync 1 DAGs
[2025-07-08T13:51:50.212+0000] {logging_mixin.py:188} INFO - [2025-07-08T13:51:50.212+0000] {dag.py:3823} INFO - Setting next_dagrun for send_email_alerts_dag to 2025-07-08 00:00:00+00:00, run_after=2025-07-09 00:00:00+00:00
[2025-07-08T13:51:50.225+0000] {processor.py:183} INFO - Processing /opt/airflow/dags/email_alert_demo.py took 0.059 seconds
[2025-07-08T13:52:20.833+0000] {processor.py:161} INFO - Started process (PID=14004) to work on /opt/airflow/dags/email_alert_demo.py
[2025-07-08T13:52:20.835+0000] {processor.py:830} INFO - Processing file /opt/airflow/dags/email_alert_demo.py for tasks to queue
[2025-07-08T13:52:20.836+0000] {logging_mixin.py:188} INFO - [2025-07-08T13:52:20.835+0000] {dagbag.py:538} INFO - Filling up the DagBag from /opt/airflow/dags/email_alert_demo.py
[2025-07-08T13:52:20.847+0000] {processor.py:840} INFO - DAG(s) 'send_email_alerts_dag' retrieved from /opt/airflow/dags/email_alert_demo.py
[2025-07-08T13:52:20.861+0000] {logging_mixin.py:188} INFO - [2025-07-08T13:52:20.861+0000] {dag.py:3036} INFO - Sync 1 DAGs
[2025-07-08T13:52:20.876+0000] {logging_mixin.py:188} INFO - [2025-07-08T13:52:20.876+0000] {dag.py:3823} INFO - Setting next_dagrun for send_email_alerts_dag to 2025-07-08 00:00:00+00:00, run_after=2025-07-09 00:00:00+00:00
[2025-07-08T13:52:20.888+0000] {processor.py:183} INFO - Processing /opt/airflow/dags/email_alert_demo.py took 0.059 seconds
[2025-07-08T13:52:51.528+0000] {processor.py:161} INFO - Started process (PID=14069) to work on /opt/airflow/dags/email_alert_demo.py
[2025-07-08T13:52:51.529+0000] {processor.py:830} INFO - Processing file /opt/airflow/dags/email_alert_demo.py for tasks to queue
[2025-07-08T13:52:51.530+0000] {logging_mixin.py:188} INFO - [2025-07-08T13:52:51.529+0000] {dagbag.py:538} INFO - Filling up the DagBag from /opt/airflow/dags/email_alert_demo.py
[2025-07-08T13:52:51.538+0000] {processor.py:840} INFO - DAG(s) 'send_email_alerts_dag' retrieved from /opt/airflow/dags/email_alert_demo.py
[2025-07-08T13:52:51.553+0000] {logging_mixin.py:188} INFO - [2025-07-08T13:52:51.552+0000] {dag.py:3036} INFO - Sync 1 DAGs
[2025-07-08T13:52:51.565+0000] {logging_mixin.py:188} INFO - [2025-07-08T13:52:51.565+0000] {dag.py:3823} INFO - Setting next_dagrun for send_email_alerts_dag to 2025-07-08 00:00:00+00:00, run_after=2025-07-09 00:00:00+00:00
[2025-07-08T13:52:51.578+0000] {processor.py:183} INFO - Processing /opt/airflow/dags/email_alert_demo.py took 0.051 seconds
[2025-07-08T13:53:22.207+0000] {processor.py:161} INFO - Started process (PID=14134) to work on /opt/airflow/dags/email_alert_demo.py
[2025-07-08T13:53:22.208+0000] {processor.py:830} INFO - Processing file /opt/airflow/dags/email_alert_demo.py for tasks to queue
[2025-07-08T13:53:22.210+0000] {logging_mixin.py:188} INFO - [2025-07-08T13:53:22.209+0000] {dagbag.py:538} INFO - Filling up the DagBag from /opt/airflow/dags/email_alert_demo.py
[2025-07-08T13:53:22.224+0000] {processor.py:840} INFO - DAG(s) 'send_email_alerts_dag' retrieved from /opt/airflow/dags/email_alert_demo.py
[2025-07-08T13:53:22.243+0000] {logging_mixin.py:188} INFO - [2025-07-08T13:53:22.242+0000] {dag.py:3036} INFO - Sync 1 DAGs
[2025-07-08T13:53:22.257+0000] {logging_mixin.py:188} INFO - [2025-07-08T13:53:22.257+0000] {dag.py:3823} INFO - Setting next_dagrun for send_email_alerts_dag to 2025-07-08 00:00:00+00:00, run_after=2025-07-09 00:00:00+00:00
[2025-07-08T13:53:22.269+0000] {processor.py:183} INFO - Processing /opt/airflow/dags/email_alert_demo.py took 0.066 seconds
[2025-07-08T13:53:52.842+0000] {processor.py:161} INFO - Started process (PID=14199) to work on /opt/airflow/dags/email_alert_demo.py
[2025-07-08T13:53:52.843+0000] {processor.py:830} INFO - Processing file /opt/airflow/dags/email_alert_demo.py for tasks to queue
[2025-07-08T13:53:52.845+0000] {logging_mixin.py:188} INFO - [2025-07-08T13:53:52.844+0000] {dagbag.py:538} INFO - Filling up the DagBag from /opt/airflow/dags/email_alert_demo.py
[2025-07-08T13:53:52.859+0000] {processor.py:840} INFO - DAG(s) 'send_email_alerts_dag' retrieved from /opt/airflow/dags/email_alert_demo.py
[2025-07-08T13:53:52.880+0000] {logging_mixin.py:188} INFO - [2025-07-08T13:53:52.880+0000] {dag.py:3036} INFO - Sync 1 DAGs
[2025-07-08T13:53:52.896+0000] {logging_mixin.py:188} INFO - [2025-07-08T13:53:52.896+0000] {dag.py:3823} INFO - Setting next_dagrun for send_email_alerts_dag to 2025-07-08 00:00:00+00:00, run_after=2025-07-09 00:00:00+00:00
[2025-07-08T13:53:52.910+0000] {processor.py:183} INFO - Processing /opt/airflow/dags/email_alert_demo.py took 0.073 seconds
[2025-07-08T13:54:23.510+0000] {processor.py:161} INFO - Started process (PID=14264) to work on /opt/airflow/dags/email_alert_demo.py
[2025-07-08T13:54:23.513+0000] {processor.py:830} INFO - Processing file /opt/airflow/dags/email_alert_demo.py for tasks to queue
[2025-07-08T13:54:23.514+0000] {logging_mixin.py:188} INFO - [2025-07-08T13:54:23.514+0000] {dagbag.py:538} INFO - Filling up the DagBag from /opt/airflow/dags/email_alert_demo.py
[2025-07-08T13:54:23.527+0000] {processor.py:840} INFO - DAG(s) 'send_email_alerts_dag' retrieved from /opt/airflow/dags/email_alert_demo.py
[2025-07-08T13:54:23.548+0000] {logging_mixin.py:188} INFO - [2025-07-08T13:54:23.548+0000] {dag.py:3036} INFO - Sync 1 DAGs
[2025-07-08T13:54:23.564+0000] {logging_mixin.py:188} INFO - [2025-07-08T13:54:23.564+0000] {dag.py:3823} INFO - Setting next_dagrun for send_email_alerts_dag to 2025-07-08 00:00:00+00:00, run_after=2025-07-09 00:00:00+00:00
[2025-07-08T13:54:23.579+0000] {processor.py:183} INFO - Processing /opt/airflow/dags/email_alert_demo.py took 0.074 seconds
[2025-07-08T13:54:54.241+0000] {processor.py:161} INFO - Started process (PID=14329) to work on /opt/airflow/dags/email_alert_demo.py
[2025-07-08T13:54:54.242+0000] {processor.py:830} INFO - Processing file /opt/airflow/dags/email_alert_demo.py for tasks to queue
[2025-07-08T13:54:54.243+0000] {logging_mixin.py:188} INFO - [2025-07-08T13:54:54.243+0000] {dagbag.py:538} INFO - Filling up the DagBag from /opt/airflow/dags/email_alert_demo.py
[2025-07-08T13:54:54.255+0000] {processor.py:840} INFO - DAG(s) 'send_email_alerts_dag' retrieved from /opt/airflow/dags/email_alert_demo.py
[2025-07-08T13:54:54.273+0000] {logging_mixin.py:188} INFO - [2025-07-08T13:54:54.272+0000] {dag.py:3036} INFO - Sync 1 DAGs
[2025-07-08T13:54:54.290+0000] {logging_mixin.py:188} INFO - [2025-07-08T13:54:54.290+0000] {dag.py:3823} INFO - Setting next_dagrun for send_email_alerts_dag to 2025-07-08 00:00:00+00:00, run_after=2025-07-09 00:00:00+00:00
[2025-07-08T13:54:54.301+0000] {processor.py:183} INFO - Processing /opt/airflow/dags/email_alert_demo.py took 0.064 seconds
[2025-07-08T13:55:24.996+0000] {processor.py:161} INFO - Started process (PID=14394) to work on /opt/airflow/dags/email_alert_demo.py
[2025-07-08T13:55:24.998+0000] {processor.py:830} INFO - Processing file /opt/airflow/dags/email_alert_demo.py for tasks to queue
[2025-07-08T13:55:24.999+0000] {logging_mixin.py:188} INFO - [2025-07-08T13:55:24.998+0000] {dagbag.py:538} INFO - Filling up the DagBag from /opt/airflow/dags/email_alert_demo.py
[2025-07-08T13:55:25.017+0000] {processor.py:840} INFO - DAG(s) 'send_email_alerts_dag' retrieved from /opt/airflow/dags/email_alert_demo.py
[2025-07-08T13:55:25.034+0000] {logging_mixin.py:188} INFO - [2025-07-08T13:55:25.033+0000] {dag.py:3036} INFO - Sync 1 DAGs
[2025-07-08T13:55:25.047+0000] {logging_mixin.py:188} INFO - [2025-07-08T13:55:25.046+0000] {dag.py:3823} INFO - Setting next_dagrun for send_email_alerts_dag to 2025-07-08 00:00:00+00:00, run_after=2025-07-09 00:00:00+00:00
[2025-07-08T13:55:25.061+0000] {processor.py:183} INFO - Processing /opt/airflow/dags/email_alert_demo.py took 0.069 seconds
[2025-07-08T13:55:55.658+0000] {processor.py:161} INFO - Started process (PID=14459) to work on /opt/airflow/dags/email_alert_demo.py
[2025-07-08T13:55:55.659+0000] {processor.py:830} INFO - Processing file /opt/airflow/dags/email_alert_demo.py for tasks to queue
[2025-07-08T13:55:55.661+0000] {logging_mixin.py:188} INFO - [2025-07-08T13:55:55.660+0000] {dagbag.py:538} INFO - Filling up the DagBag from /opt/airflow/dags/email_alert_demo.py
[2025-07-08T13:55:55.676+0000] {processor.py:840} INFO - DAG(s) 'send_email_alerts_dag' retrieved from /opt/airflow/dags/email_alert_demo.py
[2025-07-08T13:55:55.692+0000] {logging_mixin.py:188} INFO - [2025-07-08T13:55:55.692+0000] {dag.py:3036} INFO - Sync 1 DAGs
[2025-07-08T13:55:55.709+0000] {logging_mixin.py:188} INFO - [2025-07-08T13:55:55.709+0000] {dag.py:3823} INFO - Setting next_dagrun for send_email_alerts_dag to 2025-07-08 00:00:00+00:00, run_after=2025-07-09 00:00:00+00:00
[2025-07-08T13:55:55.724+0000] {processor.py:183} INFO - Processing /opt/airflow/dags/email_alert_demo.py took 0.070 seconds
[2025-07-08T13:56:26.419+0000] {processor.py:161} INFO - Started process (PID=14524) to work on /opt/airflow/dags/email_alert_demo.py
[2025-07-08T13:56:26.422+0000] {processor.py:830} INFO - Processing file /opt/airflow/dags/email_alert_demo.py for tasks to queue
[2025-07-08T13:56:26.424+0000] {logging_mixin.py:188} INFO - [2025-07-08T13:56:26.424+0000] {dagbag.py:538} INFO - Filling up the DagBag from /opt/airflow/dags/email_alert_demo.py
[2025-07-08T13:56:26.437+0000] {processor.py:840} INFO - DAG(s) 'send_email_alerts_dag' retrieved from /opt/airflow/dags/email_alert_demo.py
[2025-07-08T13:56:26.451+0000] {logging_mixin.py:188} INFO - [2025-07-08T13:56:26.451+0000] {dag.py:3036} INFO - Sync 1 DAGs
[2025-07-08T13:56:26.465+0000] {logging_mixin.py:188} INFO - [2025-07-08T13:56:26.465+0000] {dag.py:3823} INFO - Setting next_dagrun for send_email_alerts_dag to 2025-07-08 00:00:00+00:00, run_after=2025-07-09 00:00:00+00:00
[2025-07-08T13:56:26.477+0000] {processor.py:183} INFO - Processing /opt/airflow/dags/email_alert_demo.py took 0.062 seconds
[2025-07-08T13:56:57.098+0000] {processor.py:161} INFO - Started process (PID=14589) to work on /opt/airflow/dags/email_alert_demo.py
[2025-07-08T13:56:57.099+0000] {processor.py:830} INFO - Processing file /opt/airflow/dags/email_alert_demo.py for tasks to queue
[2025-07-08T13:56:57.100+0000] {logging_mixin.py:188} INFO - [2025-07-08T13:56:57.100+0000] {dagbag.py:538} INFO - Filling up the DagBag from /opt/airflow/dags/email_alert_demo.py
[2025-07-08T13:56:57.116+0000] {processor.py:840} INFO - DAG(s) 'send_email_alerts_dag' retrieved from /opt/airflow/dags/email_alert_demo.py
[2025-07-08T13:56:57.131+0000] {logging_mixin.py:188} INFO - [2025-07-08T13:56:57.131+0000] {dag.py:3036} INFO - Sync 1 DAGs
[2025-07-08T13:56:57.145+0000] {logging_mixin.py:188} INFO - [2025-07-08T13:56:57.144+0000] {dag.py:3823} INFO - Setting next_dagrun for send_email_alerts_dag to 2025-07-08 00:00:00+00:00, run_after=2025-07-09 00:00:00+00:00
[2025-07-08T13:56:57.158+0000] {processor.py:183} INFO - Processing /opt/airflow/dags/email_alert_demo.py took 0.065 seconds
[2025-07-08T13:57:27.792+0000] {processor.py:161} INFO - Started process (PID=14654) to work on /opt/airflow/dags/email_alert_demo.py
[2025-07-08T13:57:27.795+0000] {processor.py:830} INFO - Processing file /opt/airflow/dags/email_alert_demo.py for tasks to queue
[2025-07-08T13:57:27.797+0000] {logging_mixin.py:188} INFO - [2025-07-08T13:57:27.796+0000] {dagbag.py:538} INFO - Filling up the DagBag from /opt/airflow/dags/email_alert_demo.py
[2025-07-08T13:57:27.812+0000] {processor.py:840} INFO - DAG(s) 'send_email_alerts_dag' retrieved from /opt/airflow/dags/email_alert_demo.py
[2025-07-08T13:57:27.828+0000] {logging_mixin.py:188} INFO - [2025-07-08T13:57:27.828+0000] {dag.py:3036} INFO - Sync 1 DAGs
[2025-07-08T13:57:27.842+0000] {logging_mixin.py:188} INFO - [2025-07-08T13:57:27.842+0000] {dag.py:3823} INFO - Setting next_dagrun for send_email_alerts_dag to 2025-07-08 00:00:00+00:00, run_after=2025-07-09 00:00:00+00:00
[2025-07-08T13:57:27.855+0000] {processor.py:183} INFO - Processing /opt/airflow/dags/email_alert_demo.py took 0.068 seconds
[2025-07-08T13:57:58.529+0000] {processor.py:161} INFO - Started process (PID=14719) to work on /opt/airflow/dags/email_alert_demo.py
[2025-07-08T13:57:58.532+0000] {processor.py:830} INFO - Processing file /opt/airflow/dags/email_alert_demo.py for tasks to queue
[2025-07-08T13:57:58.533+0000] {logging_mixin.py:188} INFO - [2025-07-08T13:57:58.533+0000] {dagbag.py:538} INFO - Filling up the DagBag from /opt/airflow/dags/email_alert_demo.py
[2025-07-08T13:57:58.543+0000] {processor.py:840} INFO - DAG(s) 'send_email_alerts_dag' retrieved from /opt/airflow/dags/email_alert_demo.py
[2025-07-08T13:57:58.558+0000] {logging_mixin.py:188} INFO - [2025-07-08T13:57:58.558+0000] {dag.py:3036} INFO - Sync 1 DAGs
[2025-07-08T13:57:58.572+0000] {logging_mixin.py:188} INFO - [2025-07-08T13:57:58.572+0000] {dag.py:3823} INFO - Setting next_dagrun for send_email_alerts_dag to 2025-07-08 00:00:00+00:00, run_after=2025-07-09 00:00:00+00:00
[2025-07-08T13:57:58.583+0000] {processor.py:183} INFO - Processing /opt/airflow/dags/email_alert_demo.py took 0.059 seconds
[2025-07-08T13:58:29.268+0000] {processor.py:161} INFO - Started process (PID=14784) to work on /opt/airflow/dags/email_alert_demo.py
[2025-07-08T13:58:29.271+0000] {processor.py:830} INFO - Processing file /opt/airflow/dags/email_alert_demo.py for tasks to queue
[2025-07-08T13:58:29.271+0000] {logging_mixin.py:188} INFO - [2025-07-08T13:58:29.271+0000] {dagbag.py:538} INFO - Filling up the DagBag from /opt/airflow/dags/email_alert_demo.py
[2025-07-08T13:58:29.282+0000] {processor.py:840} INFO - DAG(s) 'send_email_alerts_dag' retrieved from /opt/airflow/dags/email_alert_demo.py
[2025-07-08T13:58:29.296+0000] {logging_mixin.py:188} INFO - [2025-07-08T13:58:29.296+0000] {dag.py:3036} INFO - Sync 1 DAGs
[2025-07-08T13:58:29.309+0000] {logging_mixin.py:188} INFO - [2025-07-08T13:58:29.309+0000] {dag.py:3823} INFO - Setting next_dagrun for send_email_alerts_dag to 2025-07-08 00:00:00+00:00, run_after=2025-07-09 00:00:00+00:00
[2025-07-08T13:58:29.321+0000] {processor.py:183} INFO - Processing /opt/airflow/dags/email_alert_demo.py took 0.055 seconds
[2025-07-08T13:58:59.897+0000] {processor.py:161} INFO - Started process (PID=14849) to work on /opt/airflow/dags/email_alert_demo.py
[2025-07-08T13:58:59.898+0000] {processor.py:830} INFO - Processing file /opt/airflow/dags/email_alert_demo.py for tasks to queue
[2025-07-08T13:58:59.899+0000] {logging_mixin.py:188} INFO - [2025-07-08T13:58:59.898+0000] {dagbag.py:538} INFO - Filling up the DagBag from /opt/airflow/dags/email_alert_demo.py
[2025-07-08T13:58:59.911+0000] {processor.py:840} INFO - DAG(s) 'send_email_alerts_dag' retrieved from /opt/airflow/dags/email_alert_demo.py
[2025-07-08T13:58:59.924+0000] {logging_mixin.py:188} INFO - [2025-07-08T13:58:59.924+0000] {dag.py:3036} INFO - Sync 1 DAGs
[2025-07-08T13:58:59.938+0000] {logging_mixin.py:188} INFO - [2025-07-08T13:58:59.938+0000] {dag.py:3823} INFO - Setting next_dagrun for send_email_alerts_dag to 2025-07-08 00:00:00+00:00, run_after=2025-07-09 00:00:00+00:00
[2025-07-08T13:58:59.954+0000] {processor.py:183} INFO - Processing /opt/airflow/dags/email_alert_demo.py took 0.061 seconds
[2025-07-08T13:59:30.581+0000] {processor.py:161} INFO - Started process (PID=14914) to work on /opt/airflow/dags/email_alert_demo.py
[2025-07-08T13:59:30.584+0000] {processor.py:830} INFO - Processing file /opt/airflow/dags/email_alert_demo.py for tasks to queue
[2025-07-08T13:59:30.585+0000] {logging_mixin.py:188} INFO - [2025-07-08T13:59:30.584+0000] {dagbag.py:538} INFO - Filling up the DagBag from /opt/airflow/dags/email_alert_demo.py
[2025-07-08T13:59:30.601+0000] {processor.py:840} INFO - DAG(s) 'send_email_alerts_dag' retrieved from /opt/airflow/dags/email_alert_demo.py
[2025-07-08T13:59:30.618+0000] {logging_mixin.py:188} INFO - [2025-07-08T13:59:30.618+0000] {dag.py:3036} INFO - Sync 1 DAGs
[2025-07-08T13:59:30.635+0000] {logging_mixin.py:188} INFO - [2025-07-08T13:59:30.634+0000] {dag.py:3823} INFO - Setting next_dagrun for send_email_alerts_dag to 2025-07-08 00:00:00+00:00, run_after=2025-07-09 00:00:00+00:00
[2025-07-08T13:59:30.650+0000] {processor.py:183} INFO - Processing /opt/airflow/dags/email_alert_demo.py took 0.074 seconds
[2025-07-08T14:00:01.219+0000] {processor.py:161} INFO - Started process (PID=14979) to work on /opt/airflow/dags/email_alert_demo.py
[2025-07-08T14:00:01.222+0000] {processor.py:830} INFO - Processing file /opt/airflow/dags/email_alert_demo.py for tasks to queue
[2025-07-08T14:00:01.223+0000] {logging_mixin.py:188} INFO - [2025-07-08T14:00:01.223+0000] {dagbag.py:538} INFO - Filling up the DagBag from /opt/airflow/dags/email_alert_demo.py
[2025-07-08T14:00:01.238+0000] {processor.py:840} INFO - DAG(s) 'send_email_alerts_dag' retrieved from /opt/airflow/dags/email_alert_demo.py
[2025-07-08T14:00:01.252+0000] {logging_mixin.py:188} INFO - [2025-07-08T14:00:01.252+0000] {dag.py:3036} INFO - Sync 1 DAGs
[2025-07-08T14:00:01.267+0000] {logging_mixin.py:188} INFO - [2025-07-08T14:00:01.266+0000] {dag.py:3823} INFO - Setting next_dagrun for send_email_alerts_dag to 2025-07-08 00:00:00+00:00, run_after=2025-07-09 00:00:00+00:00
[2025-07-08T14:00:01.281+0000] {processor.py:183} INFO - Processing /opt/airflow/dags/email_alert_demo.py took 0.064 seconds
[2025-07-08T14:00:31.905+0000] {processor.py:161} INFO - Started process (PID=15044) to work on /opt/airflow/dags/email_alert_demo.py
[2025-07-08T14:00:31.907+0000] {processor.py:830} INFO - Processing file /opt/airflow/dags/email_alert_demo.py for tasks to queue
[2025-07-08T14:00:31.909+0000] {logging_mixin.py:188} INFO - [2025-07-08T14:00:31.908+0000] {dagbag.py:538} INFO - Filling up the DagBag from /opt/airflow/dags/email_alert_demo.py
[2025-07-08T14:00:31.924+0000] {processor.py:840} INFO - DAG(s) 'send_email_alerts_dag' retrieved from /opt/airflow/dags/email_alert_demo.py
[2025-07-08T14:00:31.941+0000] {logging_mixin.py:188} INFO - [2025-07-08T14:00:31.940+0000] {dag.py:3036} INFO - Sync 1 DAGs
[2025-07-08T14:00:31.956+0000] {logging_mixin.py:188} INFO - [2025-07-08T14:00:31.955+0000] {dag.py:3823} INFO - Setting next_dagrun for send_email_alerts_dag to 2025-07-08 00:00:00+00:00, run_after=2025-07-09 00:00:00+00:00
[2025-07-08T14:00:31.967+0000] {processor.py:183} INFO - Processing /opt/airflow/dags/email_alert_demo.py took 0.065 seconds
[2025-07-08T14:01:02.635+0000] {processor.py:161} INFO - Started process (PID=15109) to work on /opt/airflow/dags/email_alert_demo.py
[2025-07-08T14:01:02.636+0000] {processor.py:830} INFO - Processing file /opt/airflow/dags/email_alert_demo.py for tasks to queue
[2025-07-08T14:01:02.637+0000] {logging_mixin.py:188} INFO - [2025-07-08T14:01:02.637+0000] {dagbag.py:538} INFO - Filling up the DagBag from /opt/airflow/dags/email_alert_demo.py
[2025-07-08T14:01:02.648+0000] {processor.py:840} INFO - DAG(s) 'send_email_alerts_dag' retrieved from /opt/airflow/dags/email_alert_demo.py
[2025-07-08T14:01:02.665+0000] {logging_mixin.py:188} INFO - [2025-07-08T14:01:02.665+0000] {dag.py:3036} INFO - Sync 1 DAGs
[2025-07-08T14:01:02.679+0000] {logging_mixin.py:188} INFO - [2025-07-08T14:01:02.679+0000] {dag.py:3823} INFO - Setting next_dagrun for send_email_alerts_dag to 2025-07-08 00:00:00+00:00, run_after=2025-07-09 00:00:00+00:00
[2025-07-08T14:01:02.692+0000] {processor.py:183} INFO - Processing /opt/airflow/dags/email_alert_demo.py took 0.060 seconds
[2025-07-08T14:01:33.344+0000] {processor.py:161} INFO - Started process (PID=15174) to work on /opt/airflow/dags/email_alert_demo.py
[2025-07-08T14:01:33.347+0000] {processor.py:830} INFO - Processing file /opt/airflow/dags/email_alert_demo.py for tasks to queue
[2025-07-08T14:01:33.349+0000] {logging_mixin.py:188} INFO - [2025-07-08T14:01:33.348+0000] {dagbag.py:538} INFO - Filling up the DagBag from /opt/airflow/dags/email_alert_demo.py
[2025-07-08T14:01:33.367+0000] {processor.py:840} INFO - DAG(s) 'send_email_alerts_dag' retrieved from /opt/airflow/dags/email_alert_demo.py
[2025-07-08T14:01:33.392+0000] {logging_mixin.py:188} INFO - [2025-07-08T14:01:33.392+0000] {dag.py:3036} INFO - Sync 1 DAGs
[2025-07-08T14:01:33.405+0000] {logging_mixin.py:188} INFO - [2025-07-08T14:01:33.405+0000] {dag.py:3823} INFO - Setting next_dagrun for send_email_alerts_dag to 2025-07-08 00:00:00+00:00, run_after=2025-07-09 00:00:00+00:00
[2025-07-08T14:01:33.417+0000] {processor.py:183} INFO - Processing /opt/airflow/dags/email_alert_demo.py took 0.077 seconds
[2025-07-08T14:02:04.032+0000] {processor.py:161} INFO - Started process (PID=15239) to work on /opt/airflow/dags/email_alert_demo.py
[2025-07-08T14:02:04.034+0000] {processor.py:830} INFO - Processing file /opt/airflow/dags/email_alert_demo.py for tasks to queue
[2025-07-08T14:02:04.035+0000] {logging_mixin.py:188} INFO - [2025-07-08T14:02:04.035+0000] {dagbag.py:538} INFO - Filling up the DagBag from /opt/airflow/dags/email_alert_demo.py
[2025-07-08T14:02:04.051+0000] {processor.py:840} INFO - DAG(s) 'send_email_alerts_dag' retrieved from /opt/airflow/dags/email_alert_demo.py
[2025-07-08T14:02:04.065+0000] {logging_mixin.py:188} INFO - [2025-07-08T14:02:04.065+0000] {dag.py:3036} INFO - Sync 1 DAGs
[2025-07-08T14:02:04.078+0000] {logging_mixin.py:188} INFO - [2025-07-08T14:02:04.078+0000] {dag.py:3823} INFO - Setting next_dagrun for send_email_alerts_dag to 2025-07-08 00:00:00+00:00, run_after=2025-07-09 00:00:00+00:00
[2025-07-08T14:02:04.091+0000] {processor.py:183} INFO - Processing /opt/airflow/dags/email_alert_demo.py took 0.063 seconds
[2025-07-08T14:02:34.729+0000] {processor.py:161} INFO - Started process (PID=15304) to work on /opt/airflow/dags/email_alert_demo.py
[2025-07-08T14:02:34.731+0000] {processor.py:830} INFO - Processing file /opt/airflow/dags/email_alert_demo.py for tasks to queue
[2025-07-08T14:02:34.733+0000] {logging_mixin.py:188} INFO - [2025-07-08T14:02:34.732+0000] {dagbag.py:538} INFO - Filling up the DagBag from /opt/airflow/dags/email_alert_demo.py
[2025-07-08T14:02:34.746+0000] {processor.py:840} INFO - DAG(s) 'send_email_alerts_dag' retrieved from /opt/airflow/dags/email_alert_demo.py
[2025-07-08T14:02:34.760+0000] {logging_mixin.py:188} INFO - [2025-07-08T14:02:34.760+0000] {dag.py:3036} INFO - Sync 1 DAGs
[2025-07-08T14:02:34.773+0000] {logging_mixin.py:188} INFO - [2025-07-08T14:02:34.773+0000] {dag.py:3823} INFO - Setting next_dagrun for send_email_alerts_dag to 2025-07-08 00:00:00+00:00, run_after=2025-07-09 00:00:00+00:00
[2025-07-08T14:02:34.786+0000] {processor.py:183} INFO - Processing /opt/airflow/dags/email_alert_demo.py took 0.061 seconds
[2025-07-08T14:03:05.463+0000] {processor.py:161} INFO - Started process (PID=15369) to work on /opt/airflow/dags/email_alert_demo.py
[2025-07-08T14:03:05.464+0000] {processor.py:830} INFO - Processing file /opt/airflow/dags/email_alert_demo.py for tasks to queue
[2025-07-08T14:03:05.466+0000] {logging_mixin.py:188} INFO - [2025-07-08T14:03:05.465+0000] {dagbag.py:538} INFO - Filling up the DagBag from /opt/airflow/dags/email_alert_demo.py
[2025-07-08T14:03:05.482+0000] {processor.py:840} INFO - DAG(s) 'send_email_alerts_dag' retrieved from /opt/airflow/dags/email_alert_demo.py
[2025-07-08T14:03:05.494+0000] {logging_mixin.py:188} INFO - [2025-07-08T14:03:05.494+0000] {dag.py:3036} INFO - Sync 1 DAGs
[2025-07-08T14:03:05.508+0000] {logging_mixin.py:188} INFO - [2025-07-08T14:03:05.508+0000] {dag.py:3823} INFO - Setting next_dagrun for send_email_alerts_dag to 2025-07-08 00:00:00+00:00, run_after=2025-07-09 00:00:00+00:00
[2025-07-08T14:03:05.520+0000] {processor.py:183} INFO - Processing /opt/airflow/dags/email_alert_demo.py took 0.061 seconds
[2025-07-08T14:03:36.140+0000] {processor.py:161} INFO - Started process (PID=15434) to work on /opt/airflow/dags/email_alert_demo.py
[2025-07-08T14:03:36.143+0000] {processor.py:830} INFO - Processing file /opt/airflow/dags/email_alert_demo.py for tasks to queue
[2025-07-08T14:03:36.145+0000] {logging_mixin.py:188} INFO - [2025-07-08T14:03:36.144+0000] {dagbag.py:538} INFO - Filling up the DagBag from /opt/airflow/dags/email_alert_demo.py
[2025-07-08T14:03:36.161+0000] {processor.py:840} INFO - DAG(s) 'send_email_alerts_dag' retrieved from /opt/airflow/dags/email_alert_demo.py
[2025-07-08T14:03:36.178+0000] {logging_mixin.py:188} INFO - [2025-07-08T14:03:36.177+0000] {dag.py:3036} INFO - Sync 1 DAGs
[2025-07-08T14:03:36.191+0000] {logging_mixin.py:188} INFO - [2025-07-08T14:03:36.191+0000] {dag.py:3823} INFO - Setting next_dagrun for send_email_alerts_dag to 2025-07-08 00:00:00+00:00, run_after=2025-07-09 00:00:00+00:00
[2025-07-08T14:03:36.205+0000] {processor.py:183} INFO - Processing /opt/airflow/dags/email_alert_demo.py took 0.067 seconds
[2025-07-08T14:04:06.796+0000] {processor.py:161} INFO - Started process (PID=15499) to work on /opt/airflow/dags/email_alert_demo.py
[2025-07-08T14:04:06.797+0000] {processor.py:830} INFO - Processing file /opt/airflow/dags/email_alert_demo.py for tasks to queue
[2025-07-08T14:04:06.797+0000] {logging_mixin.py:188} INFO - [2025-07-08T14:04:06.797+0000] {dagbag.py:538} INFO - Filling up the DagBag from /opt/airflow/dags/email_alert_demo.py
[2025-07-08T14:04:06.807+0000] {processor.py:840} INFO - DAG(s) 'send_email_alerts_dag' retrieved from /opt/airflow/dags/email_alert_demo.py
[2025-07-08T14:04:06.824+0000] {logging_mixin.py:188} INFO - [2025-07-08T14:04:06.824+0000] {dag.py:3036} INFO - Sync 1 DAGs
[2025-07-08T14:04:06.839+0000] {logging_mixin.py:188} INFO - [2025-07-08T14:04:06.838+0000] {dag.py:3823} INFO - Setting next_dagrun for send_email_alerts_dag to 2025-07-08 00:00:00+00:00, run_after=2025-07-09 00:00:00+00:00
[2025-07-08T14:04:06.851+0000] {processor.py:183} INFO - Processing /opt/airflow/dags/email_alert_demo.py took 0.057 seconds
[2025-07-08T14:04:37.447+0000] {processor.py:161} INFO - Started process (PID=15564) to work on /opt/airflow/dags/email_alert_demo.py
[2025-07-08T14:04:37.450+0000] {processor.py:830} INFO - Processing file /opt/airflow/dags/email_alert_demo.py for tasks to queue
[2025-07-08T14:04:37.451+0000] {logging_mixin.py:188} INFO - [2025-07-08T14:04:37.451+0000] {dagbag.py:538} INFO - Filling up the DagBag from /opt/airflow/dags/email_alert_demo.py
[2025-07-08T14:04:37.467+0000] {processor.py:840} INFO - DAG(s) 'send_email_alerts_dag' retrieved from /opt/airflow/dags/email_alert_demo.py
[2025-07-08T14:04:37.483+0000] {logging_mixin.py:188} INFO - [2025-07-08T14:04:37.482+0000] {dag.py:3036} INFO - Sync 1 DAGs
[2025-07-08T14:04:37.496+0000] {logging_mixin.py:188} INFO - [2025-07-08T14:04:37.496+0000] {dag.py:3823} INFO - Setting next_dagrun for send_email_alerts_dag to 2025-07-08 00:00:00+00:00, run_after=2025-07-09 00:00:00+00:00
[2025-07-08T14:04:37.510+0000] {processor.py:183} INFO - Processing /opt/airflow/dags/email_alert_demo.py took 0.067 seconds
[2025-07-08T14:05:08.093+0000] {processor.py:161} INFO - Started process (PID=15629) to work on /opt/airflow/dags/email_alert_demo.py
[2025-07-08T14:05:08.094+0000] {processor.py:830} INFO - Processing file /opt/airflow/dags/email_alert_demo.py for tasks to queue
[2025-07-08T14:05:08.095+0000] {logging_mixin.py:188} INFO - [2025-07-08T14:05:08.095+0000] {dagbag.py:538} INFO - Filling up the DagBag from /opt/airflow/dags/email_alert_demo.py
[2025-07-08T14:05:08.109+0000] {processor.py:840} INFO - DAG(s) 'send_email_alerts_dag' retrieved from /opt/airflow/dags/email_alert_demo.py
[2025-07-08T14:05:08.124+0000] {logging_mixin.py:188} INFO - [2025-07-08T14:05:08.124+0000] {dag.py:3036} INFO - Sync 1 DAGs
[2025-07-08T14:05:08.138+0000] {logging_mixin.py:188} INFO - [2025-07-08T14:05:08.138+0000] {dag.py:3823} INFO - Setting next_dagrun for send_email_alerts_dag to 2025-07-08 00:00:00+00:00, run_after=2025-07-09 00:00:00+00:00
[2025-07-08T14:05:08.149+0000] {processor.py:183} INFO - Processing /opt/airflow/dags/email_alert_demo.py took 0.061 seconds
[2025-07-08T14:05:38.779+0000] {processor.py:161} INFO - Started process (PID=15694) to work on /opt/airflow/dags/email_alert_demo.py
[2025-07-08T14:05:38.781+0000] {processor.py:830} INFO - Processing file /opt/airflow/dags/email_alert_demo.py for tasks to queue
[2025-07-08T14:05:38.782+0000] {logging_mixin.py:188} INFO - [2025-07-08T14:05:38.781+0000] {dagbag.py:538} INFO - Filling up the DagBag from /opt/airflow/dags/email_alert_demo.py
[2025-07-08T14:05:38.801+0000] {processor.py:840} INFO - DAG(s) 'send_email_alerts_dag' retrieved from /opt/airflow/dags/email_alert_demo.py
[2025-07-08T14:05:38.815+0000] {logging_mixin.py:188} INFO - [2025-07-08T14:05:38.814+0000] {dag.py:3036} INFO - Sync 1 DAGs
[2025-07-08T14:05:38.829+0000] {logging_mixin.py:188} INFO - [2025-07-08T14:05:38.829+0000] {dag.py:3823} INFO - Setting next_dagrun for send_email_alerts_dag to 2025-07-08 00:00:00+00:00, run_after=2025-07-09 00:00:00+00:00
[2025-07-08T14:05:38.842+0000] {processor.py:183} INFO - Processing /opt/airflow/dags/email_alert_demo.py took 0.068 seconds
[2025-07-08T14:06:09.530+0000] {processor.py:161} INFO - Started process (PID=15759) to work on /opt/airflow/dags/email_alert_demo.py
[2025-07-08T14:06:09.531+0000] {processor.py:830} INFO - Processing file /opt/airflow/dags/email_alert_demo.py for tasks to queue
[2025-07-08T14:06:09.533+0000] {logging_mixin.py:188} INFO - [2025-07-08T14:06:09.532+0000] {dagbag.py:538} INFO - Filling up the DagBag from /opt/airflow/dags/email_alert_demo.py
[2025-07-08T14:06:09.547+0000] {processor.py:840} INFO - DAG(s) 'send_email_alerts_dag' retrieved from /opt/airflow/dags/email_alert_demo.py
[2025-07-08T14:06:09.563+0000] {logging_mixin.py:188} INFO - [2025-07-08T14:06:09.563+0000] {dag.py:3036} INFO - Sync 1 DAGs
[2025-07-08T14:06:09.576+0000] {logging_mixin.py:188} INFO - [2025-07-08T14:06:09.576+0000] {dag.py:3823} INFO - Setting next_dagrun for send_email_alerts_dag to 2025-07-08 00:00:00+00:00, run_after=2025-07-09 00:00:00+00:00
[2025-07-08T14:06:09.586+0000] {processor.py:183} INFO - Processing /opt/airflow/dags/email_alert_demo.py took 0.060 seconds
[2025-07-08T14:06:40.240+0000] {processor.py:161} INFO - Started process (PID=15824) to work on /opt/airflow/dags/email_alert_demo.py
[2025-07-08T14:06:40.243+0000] {processor.py:830} INFO - Processing file /opt/airflow/dags/email_alert_demo.py for tasks to queue
[2025-07-08T14:06:40.245+0000] {logging_mixin.py:188} INFO - [2025-07-08T14:06:40.244+0000] {dagbag.py:538} INFO - Filling up the DagBag from /opt/airflow/dags/email_alert_demo.py
[2025-07-08T14:06:40.258+0000] {processor.py:840} INFO - DAG(s) 'send_email_alerts_dag' retrieved from /opt/airflow/dags/email_alert_demo.py
[2025-07-08T14:06:40.272+0000] {logging_mixin.py:188} INFO - [2025-07-08T14:06:40.272+0000] {dag.py:3036} INFO - Sync 1 DAGs
[2025-07-08T14:06:40.288+0000] {logging_mixin.py:188} INFO - [2025-07-08T14:06:40.287+0000] {dag.py:3823} INFO - Setting next_dagrun for send_email_alerts_dag to 2025-07-08 00:00:00+00:00, run_after=2025-07-09 00:00:00+00:00
[2025-07-08T14:06:40.302+0000] {processor.py:183} INFO - Processing /opt/airflow/dags/email_alert_demo.py took 0.066 seconds
[2025-07-08T14:07:10.967+0000] {processor.py:161} INFO - Started process (PID=15889) to work on /opt/airflow/dags/email_alert_demo.py
[2025-07-08T14:07:10.968+0000] {processor.py:830} INFO - Processing file /opt/airflow/dags/email_alert_demo.py for tasks to queue
[2025-07-08T14:07:10.968+0000] {logging_mixin.py:188} INFO - [2025-07-08T14:07:10.968+0000] {dagbag.py:538} INFO - Filling up the DagBag from /opt/airflow/dags/email_alert_demo.py
[2025-07-08T14:07:10.978+0000] {processor.py:840} INFO - DAG(s) 'send_email_alerts_dag' retrieved from /opt/airflow/dags/email_alert_demo.py
[2025-07-08T14:07:10.996+0000] {logging_mixin.py:188} INFO - [2025-07-08T14:07:10.996+0000] {dag.py:3036} INFO - Sync 1 DAGs
[2025-07-08T14:07:11.013+0000] {logging_mixin.py:188} INFO - [2025-07-08T14:07:11.013+0000] {dag.py:3823} INFO - Setting next_dagrun for send_email_alerts_dag to 2025-07-08 00:00:00+00:00, run_after=2025-07-09 00:00:00+00:00
[2025-07-08T14:07:11.027+0000] {processor.py:183} INFO - Processing /opt/airflow/dags/email_alert_demo.py took 0.063 seconds
[2025-07-08T14:07:41.595+0000] {processor.py:161} INFO - Started process (PID=15954) to work on /opt/airflow/dags/email_alert_demo.py
[2025-07-08T14:07:41.598+0000] {processor.py:830} INFO - Processing file /opt/airflow/dags/email_alert_demo.py for tasks to queue
[2025-07-08T14:07:41.599+0000] {logging_mixin.py:188} INFO - [2025-07-08T14:07:41.599+0000] {dagbag.py:538} INFO - Filling up the DagBag from /opt/airflow/dags/email_alert_demo.py
[2025-07-08T14:07:41.618+0000] {processor.py:840} INFO - DAG(s) 'send_email_alerts_dag' retrieved from /opt/airflow/dags/email_alert_demo.py
[2025-07-08T14:07:41.632+0000] {logging_mixin.py:188} INFO - [2025-07-08T14:07:41.632+0000] {dag.py:3036} INFO - Sync 1 DAGs
[2025-07-08T14:07:41.646+0000] {logging_mixin.py:188} INFO - [2025-07-08T14:07:41.645+0000] {dag.py:3823} INFO - Setting next_dagrun for send_email_alerts_dag to 2025-07-08 00:00:00+00:00, run_after=2025-07-09 00:00:00+00:00
[2025-07-08T14:07:41.658+0000] {processor.py:183} INFO - Processing /opt/airflow/dags/email_alert_demo.py took 0.068 seconds
[2025-07-08T14:08:12.284+0000] {processor.py:161} INFO - Started process (PID=16019) to work on /opt/airflow/dags/email_alert_demo.py
[2025-07-08T14:08:12.285+0000] {processor.py:830} INFO - Processing file /opt/airflow/dags/email_alert_demo.py for tasks to queue
[2025-07-08T14:08:12.286+0000] {logging_mixin.py:188} INFO - [2025-07-08T14:08:12.286+0000] {dagbag.py:538} INFO - Filling up the DagBag from /opt/airflow/dags/email_alert_demo.py
[2025-07-08T14:08:12.301+0000] {processor.py:840} INFO - DAG(s) 'send_email_alerts_dag' retrieved from /opt/airflow/dags/email_alert_demo.py
[2025-07-08T14:08:12.319+0000] {logging_mixin.py:188} INFO - [2025-07-08T14:08:12.319+0000] {dag.py:3036} INFO - Sync 1 DAGs
[2025-07-08T14:08:12.336+0000] {logging_mixin.py:188} INFO - [2025-07-08T14:08:12.336+0000] {dag.py:3823} INFO - Setting next_dagrun for send_email_alerts_dag to 2025-07-08 00:00:00+00:00, run_after=2025-07-09 00:00:00+00:00
[2025-07-08T14:08:12.348+0000] {processor.py:183} INFO - Processing /opt/airflow/dags/email_alert_demo.py took 0.068 seconds
[2025-07-08T14:08:42.997+0000] {processor.py:161} INFO - Started process (PID=16084) to work on /opt/airflow/dags/email_alert_demo.py
[2025-07-08T14:08:43.000+0000] {processor.py:830} INFO - Processing file /opt/airflow/dags/email_alert_demo.py for tasks to queue
[2025-07-08T14:08:43.002+0000] {logging_mixin.py:188} INFO - [2025-07-08T14:08:43.001+0000] {dagbag.py:538} INFO - Filling up the DagBag from /opt/airflow/dags/email_alert_demo.py
[2025-07-08T14:08:43.019+0000] {processor.py:840} INFO - DAG(s) 'send_email_alerts_dag' retrieved from /opt/airflow/dags/email_alert_demo.py
[2025-07-08T14:08:43.035+0000] {logging_mixin.py:188} INFO - [2025-07-08T14:08:43.035+0000] {dag.py:3036} INFO - Sync 1 DAGs
[2025-07-08T14:08:43.050+0000] {logging_mixin.py:188} INFO - [2025-07-08T14:08:43.050+0000] {dag.py:3823} INFO - Setting next_dagrun for send_email_alerts_dag to 2025-07-08 00:00:00+00:00, run_after=2025-07-09 00:00:00+00:00
[2025-07-08T14:08:43.062+0000] {processor.py:183} INFO - Processing /opt/airflow/dags/email_alert_demo.py took 0.070 seconds
[2025-07-08T14:09:13.729+0000] {processor.py:161} INFO - Started process (PID=16149) to work on /opt/airflow/dags/email_alert_demo.py
[2025-07-08T14:09:13.730+0000] {processor.py:830} INFO - Processing file /opt/airflow/dags/email_alert_demo.py for tasks to queue
[2025-07-08T14:09:13.732+0000] {logging_mixin.py:188} INFO - [2025-07-08T14:09:13.731+0000] {dagbag.py:538} INFO - Filling up the DagBag from /opt/airflow/dags/email_alert_demo.py
[2025-07-08T14:09:13.749+0000] {processor.py:840} INFO - DAG(s) 'send_email_alerts_dag' retrieved from /opt/airflow/dags/email_alert_demo.py
[2025-07-08T14:09:13.768+0000] {logging_mixin.py:188} INFO - [2025-07-08T14:09:13.768+0000] {dag.py:3036} INFO - Sync 1 DAGs
[2025-07-08T14:09:13.781+0000] {logging_mixin.py:188} INFO - [2025-07-08T14:09:13.781+0000] {dag.py:3823} INFO - Setting next_dagrun for send_email_alerts_dag to 2025-07-08 00:00:00+00:00, run_after=2025-07-09 00:00:00+00:00
[2025-07-08T14:09:13.796+0000] {processor.py:183} INFO - Processing /opt/airflow/dags/email_alert_demo.py took 0.072 seconds
[2025-07-08T14:09:44.417+0000] {processor.py:161} INFO - Started process (PID=16214) to work on /opt/airflow/dags/email_alert_demo.py
[2025-07-08T14:09:44.420+0000] {processor.py:830} INFO - Processing file /opt/airflow/dags/email_alert_demo.py for tasks to queue
[2025-07-08T14:09:44.420+0000] {logging_mixin.py:188} INFO - [2025-07-08T14:09:44.420+0000] {dagbag.py:538} INFO - Filling up the DagBag from /opt/airflow/dags/email_alert_demo.py
[2025-07-08T14:09:44.434+0000] {processor.py:840} INFO - DAG(s) 'send_email_alerts_dag' retrieved from /opt/airflow/dags/email_alert_demo.py
[2025-07-08T14:09:44.452+0000] {logging_mixin.py:188} INFO - [2025-07-08T14:09:44.452+0000] {dag.py:3036} INFO - Sync 1 DAGs
[2025-07-08T14:09:44.469+0000] {logging_mixin.py:188} INFO - [2025-07-08T14:09:44.469+0000] {dag.py:3823} INFO - Setting next_dagrun for send_email_alerts_dag to 2025-07-08 00:00:00+00:00, run_after=2025-07-09 00:00:00+00:00
[2025-07-08T14:09:44.482+0000] {processor.py:183} INFO - Processing /opt/airflow/dags/email_alert_demo.py took 0.069 seconds
[2025-07-08T14:10:15.036+0000] {processor.py:161} INFO - Started process (PID=16279) to work on /opt/airflow/dags/email_alert_demo.py
[2025-07-08T14:10:15.037+0000] {processor.py:830} INFO - Processing file /opt/airflow/dags/email_alert_demo.py for tasks to queue
[2025-07-08T14:10:15.039+0000] {logging_mixin.py:188} INFO - [2025-07-08T14:10:15.038+0000] {dagbag.py:538} INFO - Filling up the DagBag from /opt/airflow/dags/email_alert_demo.py
[2025-07-08T14:10:15.055+0000] {processor.py:840} INFO - DAG(s) 'send_email_alerts_dag' retrieved from /opt/airflow/dags/email_alert_demo.py
[2025-07-08T14:10:15.076+0000] {logging_mixin.py:188} INFO - [2025-07-08T14:10:15.076+0000] {dag.py:3036} INFO - Sync 1 DAGs
[2025-07-08T14:10:15.093+0000] {logging_mixin.py:188} INFO - [2025-07-08T14:10:15.093+0000] {dag.py:3823} INFO - Setting next_dagrun for send_email_alerts_dag to 2025-07-08 00:00:00+00:00, run_after=2025-07-09 00:00:00+00:00
[2025-07-08T14:10:15.104+0000] {processor.py:183} INFO - Processing /opt/airflow/dags/email_alert_demo.py took 0.074 seconds
[2025-07-08T14:10:45.742+0000] {processor.py:161} INFO - Started process (PID=16344) to work on /opt/airflow/dags/email_alert_demo.py
[2025-07-08T14:10:45.745+0000] {processor.py:830} INFO - Processing file /opt/airflow/dags/email_alert_demo.py for tasks to queue
[2025-07-08T14:10:45.746+0000] {logging_mixin.py:188} INFO - [2025-07-08T14:10:45.746+0000] {dagbag.py:538} INFO - Filling up the DagBag from /opt/airflow/dags/email_alert_demo.py
[2025-07-08T14:10:45.764+0000] {processor.py:840} INFO - DAG(s) 'send_email_alerts_dag' retrieved from /opt/airflow/dags/email_alert_demo.py
[2025-07-08T14:10:45.779+0000] {logging_mixin.py:188} INFO - [2025-07-08T14:10:45.778+0000] {dag.py:3036} INFO - Sync 1 DAGs
[2025-07-08T14:10:45.792+0000] {logging_mixin.py:188} INFO - [2025-07-08T14:10:45.792+0000] {dag.py:3823} INFO - Setting next_dagrun for send_email_alerts_dag to 2025-07-08 00:00:00+00:00, run_after=2025-07-09 00:00:00+00:00
[2025-07-08T14:10:45.808+0000] {processor.py:183} INFO - Processing /opt/airflow/dags/email_alert_demo.py took 0.070 seconds
[2025-07-08T14:11:16.474+0000] {processor.py:161} INFO - Started process (PID=16409) to work on /opt/airflow/dags/email_alert_demo.py
[2025-07-08T14:11:16.476+0000] {processor.py:830} INFO - Processing file /opt/airflow/dags/email_alert_demo.py for tasks to queue
[2025-07-08T14:11:16.477+0000] {logging_mixin.py:188} INFO - [2025-07-08T14:11:16.477+0000] {dagbag.py:538} INFO - Filling up the DagBag from /opt/airflow/dags/email_alert_demo.py
[2025-07-08T14:11:16.495+0000] {processor.py:840} INFO - DAG(s) 'send_email_alerts_dag' retrieved from /opt/airflow/dags/email_alert_demo.py
[2025-07-08T14:11:16.510+0000] {logging_mixin.py:188} INFO - [2025-07-08T14:11:16.510+0000] {dag.py:3036} INFO - Sync 1 DAGs
[2025-07-08T14:11:16.522+0000] {logging_mixin.py:188} INFO - [2025-07-08T14:11:16.522+0000] {dag.py:3823} INFO - Setting next_dagrun for send_email_alerts_dag to 2025-07-08 00:00:00+00:00, run_after=2025-07-09 00:00:00+00:00
[2025-07-08T14:11:16.534+0000] {processor.py:183} INFO - Processing /opt/airflow/dags/email_alert_demo.py took 0.064 seconds
[2025-07-08T14:11:47.119+0000] {processor.py:161} INFO - Started process (PID=16474) to work on /opt/airflow/dags/email_alert_demo.py
[2025-07-08T14:11:47.121+0000] {processor.py:830} INFO - Processing file /opt/airflow/dags/email_alert_demo.py for tasks to queue
[2025-07-08T14:11:47.122+0000] {logging_mixin.py:188} INFO - [2025-07-08T14:11:47.121+0000] {dagbag.py:538} INFO - Filling up the DagBag from /opt/airflow/dags/email_alert_demo.py
[2025-07-08T14:11:47.137+0000] {processor.py:840} INFO - DAG(s) 'send_email_alerts_dag' retrieved from /opt/airflow/dags/email_alert_demo.py
[2025-07-08T14:11:47.157+0000] {logging_mixin.py:188} INFO - [2025-07-08T14:11:47.157+0000] {dag.py:3036} INFO - Sync 1 DAGs
[2025-07-08T14:11:47.176+0000] {logging_mixin.py:188} INFO - [2025-07-08T14:11:47.175+0000] {dag.py:3823} INFO - Setting next_dagrun for send_email_alerts_dag to 2025-07-08 00:00:00+00:00, run_after=2025-07-09 00:00:00+00:00
[2025-07-08T14:11:47.190+0000] {processor.py:183} INFO - Processing /opt/airflow/dags/email_alert_demo.py took 0.075 seconds
[2025-07-08T14:33:02.066+0000] {processor.py:161} INFO - Started process (PID=16542) to work on /opt/airflow/dags/email_alert_demo.py
[2025-07-08T14:33:02.066+0000] {processor.py:830} INFO - Processing file /opt/airflow/dags/email_alert_demo.py for tasks to queue
[2025-07-08T14:33:02.067+0000] {logging_mixin.py:188} INFO - [2025-07-08T14:33:02.067+0000] {dagbag.py:538} INFO - Filling up the DagBag from /opt/airflow/dags/email_alert_demo.py
[2025-07-08T14:33:02.123+0000] {processor.py:840} INFO - DAG(s) 'send_email_alerts_dag' retrieved from /opt/airflow/dags/email_alert_demo.py
[2025-07-08T14:33:02.145+0000] {logging_mixin.py:188} INFO - [2025-07-08T14:33:02.145+0000] {dag.py:3036} INFO - Sync 1 DAGs
[2025-07-08T14:33:02.167+0000] {logging_mixin.py:188} INFO - [2025-07-08T14:33:02.167+0000] {dag.py:3823} INFO - Setting next_dagrun for send_email_alerts_dag to 2025-07-08 00:00:00+00:00, run_after=2025-07-09 00:00:00+00:00
[2025-07-08T14:33:02.183+0000] {processor.py:183} INFO - Processing /opt/airflow/dags/email_alert_demo.py took 0.120 seconds
[2025-07-08T14:33:32.955+0000] {processor.py:161} INFO - Started process (PID=16609) to work on /opt/airflow/dags/email_alert_demo.py
[2025-07-08T14:33:32.955+0000] {processor.py:830} INFO - Processing file /opt/airflow/dags/email_alert_demo.py for tasks to queue
[2025-07-08T14:33:32.956+0000] {logging_mixin.py:188} INFO - [2025-07-08T14:33:32.956+0000] {dagbag.py:538} INFO - Filling up the DagBag from /opt/airflow/dags/email_alert_demo.py
[2025-07-08T14:33:32.966+0000] {processor.py:840} INFO - DAG(s) 'send_email_alerts_dag' retrieved from /opt/airflow/dags/email_alert_demo.py
[2025-07-08T14:33:32.984+0000] {logging_mixin.py:188} INFO - [2025-07-08T14:33:32.984+0000] {dag.py:3036} INFO - Sync 1 DAGs
[2025-07-08T14:33:33.003+0000] {logging_mixin.py:188} INFO - [2025-07-08T14:33:33.003+0000] {dag.py:3823} INFO - Setting next_dagrun for send_email_alerts_dag to 2025-07-08 00:00:00+00:00, run_after=2025-07-09 00:00:00+00:00
[2025-07-08T14:33:33.016+0000] {processor.py:183} INFO - Processing /opt/airflow/dags/email_alert_demo.py took 0.064 seconds
