[2025-06-28T04:32:38.695+0000] {processor.py:161} INFO - Started process (PID=248) to work on /home/airflow/.local/lib/python3.8/site-packages/airflow/example_dags/example_nested_branch_dag.py
[2025-06-28T04:32:38.696+0000] {processor.py:830} INFO - Processing file /home/airflow/.local/lib/python3.8/site-packages/airflow/example_dags/example_nested_branch_dag.py for tasks to queue
[2025-06-28T04:32:38.698+0000] {logging_mixin.py:188} INFO - [2025-06-28T04:32:38.698+0000] {dagbag.py:538} INFO - Filling up the DagBag from /home/airflow/.local/lib/python3.8/site-packages/airflow/example_dags/example_nested_branch_dag.py
[2025-06-28T04:32:38.715+0000] {processor.py:840} INFO - DAG(s) 'example_nested_branch_dag' retrieved from /home/airflow/.local/lib/python3.8/site-packages/airflow/example_dags/example_nested_branch_dag.py
[2025-06-28T04:32:38.729+0000] {logging_mixin.py:188} INFO - [2025-06-28T04:32:38.728+0000] {dag.py:3036} INFO - Sync 1 DAGs
[2025-06-28T04:32:38.752+0000] {logging_mixin.py:188} INFO - [2025-06-28T04:32:38.751+0000] {dag.py:3823} INFO - Setting next_dagrun for example_nested_branch_dag to 2025-06-27 00:00:00+00:00, run_after=2025-06-28 00:00:00+00:00
[2025-06-28T04:32:38.772+0000] {processor.py:183} INFO - Processing /home/airflow/.local/lib/python3.8/site-packages/airflow/example_dags/example_nested_branch_dag.py took 0.081 seconds
[2025-06-28T04:33:09.667+0000] {processor.py:161} INFO - Started process (PID=498) to work on /home/airflow/.local/lib/python3.8/site-packages/airflow/example_dags/example_nested_branch_dag.py
[2025-06-28T04:33:09.667+0000] {processor.py:830} INFO - Processing file /home/airflow/.local/lib/python3.8/site-packages/airflow/example_dags/example_nested_branch_dag.py for tasks to queue
[2025-06-28T04:33:09.668+0000] {logging_mixin.py:188} INFO - [2025-06-28T04:33:09.668+0000] {dagbag.py:538} INFO - Filling up the DagBag from /home/airflow/.local/lib/python3.8/site-packages/airflow/example_dags/example_nested_branch_dag.py
[2025-06-28T04:33:09.675+0000] {processor.py:840} INFO - DAG(s) 'example_nested_branch_dag' retrieved from /home/airflow/.local/lib/python3.8/site-packages/airflow/example_dags/example_nested_branch_dag.py
[2025-06-28T04:33:09.736+0000] {logging_mixin.py:188} INFO - [2025-06-28T04:33:09.736+0000] {dag.py:3036} INFO - Sync 1 DAGs
[2025-06-28T04:33:09.752+0000] {logging_mixin.py:188} INFO - [2025-06-28T04:33:09.752+0000] {dag.py:3823} INFO - Setting next_dagrun for example_nested_branch_dag to 2025-06-27 00:00:00+00:00, run_after=2025-06-28 00:00:00+00:00
[2025-06-28T04:33:09.771+0000] {processor.py:183} INFO - Processing /home/airflow/.local/lib/python3.8/site-packages/airflow/example_dags/example_nested_branch_dag.py took 0.106 seconds
[2025-06-28T04:33:40.204+0000] {processor.py:161} INFO - Started process (PID=750) to work on /home/airflow/.local/lib/python3.8/site-packages/airflow/example_dags/example_nested_branch_dag.py
[2025-06-28T04:33:40.205+0000] {processor.py:830} INFO - Processing file /home/airflow/.local/lib/python3.8/site-packages/airflow/example_dags/example_nested_branch_dag.py for tasks to queue
[2025-06-28T04:33:40.206+0000] {logging_mixin.py:188} INFO - [2025-06-28T04:33:40.206+0000] {dagbag.py:538} INFO - Filling up the DagBag from /home/airflow/.local/lib/python3.8/site-packages/airflow/example_dags/example_nested_branch_dag.py
[2025-06-28T04:33:40.213+0000] {processor.py:840} INFO - DAG(s) 'example_nested_branch_dag' retrieved from /home/airflow/.local/lib/python3.8/site-packages/airflow/example_dags/example_nested_branch_dag.py
[2025-06-28T04:33:40.230+0000] {logging_mixin.py:188} INFO - [2025-06-28T04:33:40.230+0000] {dag.py:3036} INFO - Sync 1 DAGs
[2025-06-28T04:33:40.243+0000] {logging_mixin.py:188} INFO - [2025-06-28T04:33:40.243+0000] {dag.py:3823} INFO - Setting next_dagrun for example_nested_branch_dag to 2025-06-27 00:00:00+00:00, run_after=2025-06-28 00:00:00+00:00
[2025-06-28T04:33:40.256+0000] {processor.py:183} INFO - Processing /home/airflow/.local/lib/python3.8/site-packages/airflow/example_dags/example_nested_branch_dag.py took 0.054 seconds
[2025-06-28T04:34:10.713+0000] {processor.py:161} INFO - Started process (PID=998) to work on /home/airflow/.local/lib/python3.8/site-packages/airflow/example_dags/example_nested_branch_dag.py
[2025-06-28T04:34:10.715+0000] {processor.py:830} INFO - Processing file /home/airflow/.local/lib/python3.8/site-packages/airflow/example_dags/example_nested_branch_dag.py for tasks to queue
[2025-06-28T04:34:10.717+0000] {logging_mixin.py:188} INFO - [2025-06-28T04:34:10.717+0000] {dagbag.py:538} INFO - Filling up the DagBag from /home/airflow/.local/lib/python3.8/site-packages/airflow/example_dags/example_nested_branch_dag.py
[2025-06-28T04:34:10.726+0000] {processor.py:840} INFO - DAG(s) 'example_nested_branch_dag' retrieved from /home/airflow/.local/lib/python3.8/site-packages/airflow/example_dags/example_nested_branch_dag.py
[2025-06-28T04:34:10.744+0000] {logging_mixin.py:188} INFO - [2025-06-28T04:34:10.744+0000] {dag.py:3036} INFO - Sync 1 DAGs
[2025-06-28T04:34:10.765+0000] {logging_mixin.py:188} INFO - [2025-06-28T04:34:10.765+0000] {dag.py:3823} INFO - Setting next_dagrun for example_nested_branch_dag to 2025-06-27 00:00:00+00:00, run_after=2025-06-28 00:00:00+00:00
[2025-06-28T04:34:10.779+0000] {processor.py:183} INFO - Processing /home/airflow/.local/lib/python3.8/site-packages/airflow/example_dags/example_nested_branch_dag.py took 0.069 seconds
[2025-06-28T04:34:40.981+0000] {processor.py:161} INFO - Started process (PID=1248) to work on /home/airflow/.local/lib/python3.8/site-packages/airflow/example_dags/example_nested_branch_dag.py
[2025-06-28T04:34:40.981+0000] {processor.py:830} INFO - Processing file /home/airflow/.local/lib/python3.8/site-packages/airflow/example_dags/example_nested_branch_dag.py for tasks to queue
[2025-06-28T04:34:40.983+0000] {logging_mixin.py:188} INFO - [2025-06-28T04:34:40.982+0000] {dagbag.py:538} INFO - Filling up the DagBag from /home/airflow/.local/lib/python3.8/site-packages/airflow/example_dags/example_nested_branch_dag.py
[2025-06-28T04:34:40.989+0000] {processor.py:840} INFO - DAG(s) 'example_nested_branch_dag' retrieved from /home/airflow/.local/lib/python3.8/site-packages/airflow/example_dags/example_nested_branch_dag.py
[2025-06-28T04:34:41.005+0000] {logging_mixin.py:188} INFO - [2025-06-28T04:34:41.005+0000] {dag.py:3036} INFO - Sync 1 DAGs
[2025-06-28T04:34:41.021+0000] {logging_mixin.py:188} INFO - [2025-06-28T04:34:41.021+0000] {dag.py:3823} INFO - Setting next_dagrun for example_nested_branch_dag to 2025-06-27 00:00:00+00:00, run_after=2025-06-28 00:00:00+00:00
[2025-06-28T04:34:41.036+0000] {processor.py:183} INFO - Processing /home/airflow/.local/lib/python3.8/site-packages/airflow/example_dags/example_nested_branch_dag.py took 0.057 seconds
[2025-06-28T04:35:11.399+0000] {processor.py:161} INFO - Started process (PID=1498) to work on /home/airflow/.local/lib/python3.8/site-packages/airflow/example_dags/example_nested_branch_dag.py
[2025-06-28T04:35:11.400+0000] {processor.py:830} INFO - Processing file /home/airflow/.local/lib/python3.8/site-packages/airflow/example_dags/example_nested_branch_dag.py for tasks to queue
[2025-06-28T04:35:11.401+0000] {logging_mixin.py:188} INFO - [2025-06-28T04:35:11.401+0000] {dagbag.py:538} INFO - Filling up the DagBag from /home/airflow/.local/lib/python3.8/site-packages/airflow/example_dags/example_nested_branch_dag.py
[2025-06-28T04:35:11.408+0000] {processor.py:840} INFO - DAG(s) 'example_nested_branch_dag' retrieved from /home/airflow/.local/lib/python3.8/site-packages/airflow/example_dags/example_nested_branch_dag.py
[2025-06-28T04:35:11.420+0000] {logging_mixin.py:188} INFO - [2025-06-28T04:35:11.420+0000] {dag.py:3036} INFO - Sync 1 DAGs
[2025-06-28T04:35:11.436+0000] {logging_mixin.py:188} INFO - [2025-06-28T04:35:11.436+0000] {dag.py:3823} INFO - Setting next_dagrun for example_nested_branch_dag to 2025-06-27 00:00:00+00:00, run_after=2025-06-28 00:00:00+00:00
[2025-06-28T04:35:11.452+0000] {processor.py:183} INFO - Processing /home/airflow/.local/lib/python3.8/site-packages/airflow/example_dags/example_nested_branch_dag.py took 0.054 seconds
[2025-06-28T04:35:42.048+0000] {processor.py:161} INFO - Started process (PID=1748) to work on /home/airflow/.local/lib/python3.8/site-packages/airflow/example_dags/example_nested_branch_dag.py
[2025-06-28T04:35:42.048+0000] {processor.py:830} INFO - Processing file /home/airflow/.local/lib/python3.8/site-packages/airflow/example_dags/example_nested_branch_dag.py for tasks to queue
[2025-06-28T04:35:42.049+0000] {logging_mixin.py:188} INFO - [2025-06-28T04:35:42.049+0000] {dagbag.py:538} INFO - Filling up the DagBag from /home/airflow/.local/lib/python3.8/site-packages/airflow/example_dags/example_nested_branch_dag.py
[2025-06-28T04:35:42.056+0000] {processor.py:840} INFO - DAG(s) 'example_nested_branch_dag' retrieved from /home/airflow/.local/lib/python3.8/site-packages/airflow/example_dags/example_nested_branch_dag.py
[2025-06-28T04:35:42.069+0000] {logging_mixin.py:188} INFO - [2025-06-28T04:35:42.069+0000] {dag.py:3036} INFO - Sync 1 DAGs
[2025-06-28T04:35:42.083+0000] {logging_mixin.py:188} INFO - [2025-06-28T04:35:42.083+0000] {dag.py:3823} INFO - Setting next_dagrun for example_nested_branch_dag to 2025-06-27 00:00:00+00:00, run_after=2025-06-28 00:00:00+00:00
[2025-06-28T04:35:42.101+0000] {processor.py:183} INFO - Processing /home/airflow/.local/lib/python3.8/site-packages/airflow/example_dags/example_nested_branch_dag.py took 0.056 seconds
[2025-06-28T04:36:12.574+0000] {processor.py:161} INFO - Started process (PID=1998) to work on /home/airflow/.local/lib/python3.8/site-packages/airflow/example_dags/example_nested_branch_dag.py
[2025-06-28T04:36:12.574+0000] {processor.py:830} INFO - Processing file /home/airflow/.local/lib/python3.8/site-packages/airflow/example_dags/example_nested_branch_dag.py for tasks to queue
[2025-06-28T04:36:12.575+0000] {logging_mixin.py:188} INFO - [2025-06-28T04:36:12.575+0000] {dagbag.py:538} INFO - Filling up the DagBag from /home/airflow/.local/lib/python3.8/site-packages/airflow/example_dags/example_nested_branch_dag.py
[2025-06-28T04:36:12.580+0000] {processor.py:840} INFO - DAG(s) 'example_nested_branch_dag' retrieved from /home/airflow/.local/lib/python3.8/site-packages/airflow/example_dags/example_nested_branch_dag.py
[2025-06-28T04:36:12.596+0000] {logging_mixin.py:188} INFO - [2025-06-28T04:36:12.596+0000] {dag.py:3036} INFO - Sync 1 DAGs
[2025-06-28T04:36:12.611+0000] {logging_mixin.py:188} INFO - [2025-06-28T04:36:12.611+0000] {dag.py:3823} INFO - Setting next_dagrun for example_nested_branch_dag to 2025-06-27 00:00:00+00:00, run_after=2025-06-28 00:00:00+00:00
[2025-06-28T04:36:12.625+0000] {processor.py:183} INFO - Processing /home/airflow/.local/lib/python3.8/site-packages/airflow/example_dags/example_nested_branch_dag.py took 0.053 seconds
[2025-06-28T04:36:42.832+0000] {processor.py:161} INFO - Started process (PID=2248) to work on /home/airflow/.local/lib/python3.8/site-packages/airflow/example_dags/example_nested_branch_dag.py
[2025-06-28T04:36:42.833+0000] {processor.py:830} INFO - Processing file /home/airflow/.local/lib/python3.8/site-packages/airflow/example_dags/example_nested_branch_dag.py for tasks to queue
[2025-06-28T04:36:42.834+0000] {logging_mixin.py:188} INFO - [2025-06-28T04:36:42.834+0000] {dagbag.py:538} INFO - Filling up the DagBag from /home/airflow/.local/lib/python3.8/site-packages/airflow/example_dags/example_nested_branch_dag.py
[2025-06-28T04:36:42.839+0000] {processor.py:840} INFO - DAG(s) 'example_nested_branch_dag' retrieved from /home/airflow/.local/lib/python3.8/site-packages/airflow/example_dags/example_nested_branch_dag.py
[2025-06-28T04:36:42.852+0000] {logging_mixin.py:188} INFO - [2025-06-28T04:36:42.852+0000] {dag.py:3036} INFO - Sync 1 DAGs
[2025-06-28T04:36:42.866+0000] {logging_mixin.py:188} INFO - [2025-06-28T04:36:42.866+0000] {dag.py:3823} INFO - Setting next_dagrun for example_nested_branch_dag to 2025-06-27 00:00:00+00:00, run_after=2025-06-28 00:00:00+00:00
[2025-06-28T04:36:42.880+0000] {processor.py:183} INFO - Processing /home/airflow/.local/lib/python3.8/site-packages/airflow/example_dags/example_nested_branch_dag.py took 0.050 seconds
[2025-06-28T04:37:12.921+0000] {processor.py:161} INFO - Started process (PID=2498) to work on /home/airflow/.local/lib/python3.8/site-packages/airflow/example_dags/example_nested_branch_dag.py
[2025-06-28T04:37:12.921+0000] {processor.py:830} INFO - Processing file /home/airflow/.local/lib/python3.8/site-packages/airflow/example_dags/example_nested_branch_dag.py for tasks to queue
[2025-06-28T04:37:12.922+0000] {logging_mixin.py:188} INFO - [2025-06-28T04:37:12.922+0000] {dagbag.py:538} INFO - Filling up the DagBag from /home/airflow/.local/lib/python3.8/site-packages/airflow/example_dags/example_nested_branch_dag.py
[2025-06-28T04:37:12.927+0000] {processor.py:840} INFO - DAG(s) 'example_nested_branch_dag' retrieved from /home/airflow/.local/lib/python3.8/site-packages/airflow/example_dags/example_nested_branch_dag.py
[2025-06-28T04:37:12.942+0000] {logging_mixin.py:188} INFO - [2025-06-28T04:37:12.941+0000] {dag.py:3036} INFO - Sync 1 DAGs
[2025-06-28T04:37:12.958+0000] {logging_mixin.py:188} INFO - [2025-06-28T04:37:12.958+0000] {dag.py:3823} INFO - Setting next_dagrun for example_nested_branch_dag to 2025-06-27 00:00:00+00:00, run_after=2025-06-28 00:00:00+00:00
[2025-06-28T04:37:12.970+0000] {processor.py:183} INFO - Processing /home/airflow/.local/lib/python3.8/site-packages/airflow/example_dags/example_nested_branch_dag.py took 0.051 seconds
[2025-06-28T04:37:43.138+0000] {processor.py:161} INFO - Started process (PID=2748) to work on /home/airflow/.local/lib/python3.8/site-packages/airflow/example_dags/example_nested_branch_dag.py
[2025-06-28T04:37:43.139+0000] {processor.py:830} INFO - Processing file /home/airflow/.local/lib/python3.8/site-packages/airflow/example_dags/example_nested_branch_dag.py for tasks to queue
[2025-06-28T04:37:43.140+0000] {logging_mixin.py:188} INFO - [2025-06-28T04:37:43.140+0000] {dagbag.py:538} INFO - Filling up the DagBag from /home/airflow/.local/lib/python3.8/site-packages/airflow/example_dags/example_nested_branch_dag.py
[2025-06-28T04:37:43.149+0000] {processor.py:840} INFO - DAG(s) 'example_nested_branch_dag' retrieved from /home/airflow/.local/lib/python3.8/site-packages/airflow/example_dags/example_nested_branch_dag.py
[2025-06-28T04:37:43.171+0000] {logging_mixin.py:188} INFO - [2025-06-28T04:37:43.171+0000] {dag.py:3036} INFO - Sync 1 DAGs
[2025-06-28T04:37:43.191+0000] {logging_mixin.py:188} INFO - [2025-06-28T04:37:43.191+0000] {dag.py:3823} INFO - Setting next_dagrun for example_nested_branch_dag to 2025-06-27 00:00:00+00:00, run_after=2025-06-28 00:00:00+00:00
[2025-06-28T04:37:43.208+0000] {processor.py:183} INFO - Processing /home/airflow/.local/lib/python3.8/site-packages/airflow/example_dags/example_nested_branch_dag.py took 0.072 seconds
[2025-06-28T04:38:13.344+0000] {processor.py:161} INFO - Started process (PID=2998) to work on /home/airflow/.local/lib/python3.8/site-packages/airflow/example_dags/example_nested_branch_dag.py
[2025-06-28T04:38:13.345+0000] {processor.py:830} INFO - Processing file /home/airflow/.local/lib/python3.8/site-packages/airflow/example_dags/example_nested_branch_dag.py for tasks to queue
[2025-06-28T04:38:13.345+0000] {logging_mixin.py:188} INFO - [2025-06-28T04:38:13.345+0000] {dagbag.py:538} INFO - Filling up the DagBag from /home/airflow/.local/lib/python3.8/site-packages/airflow/example_dags/example_nested_branch_dag.py
[2025-06-28T04:38:13.352+0000] {processor.py:840} INFO - DAG(s) 'example_nested_branch_dag' retrieved from /home/airflow/.local/lib/python3.8/site-packages/airflow/example_dags/example_nested_branch_dag.py
[2025-06-28T04:38:13.369+0000] {logging_mixin.py:188} INFO - [2025-06-28T04:38:13.369+0000] {dag.py:3036} INFO - Sync 1 DAGs
[2025-06-28T04:38:13.394+0000] {logging_mixin.py:188} INFO - [2025-06-28T04:38:13.394+0000] {dag.py:3823} INFO - Setting next_dagrun for example_nested_branch_dag to 2025-06-27 00:00:00+00:00, run_after=2025-06-28 00:00:00+00:00
[2025-06-28T04:38:13.409+0000] {processor.py:183} INFO - Processing /home/airflow/.local/lib/python3.8/site-packages/airflow/example_dags/example_nested_branch_dag.py took 0.067 seconds
[2025-06-28T04:38:43.649+0000] {processor.py:161} INFO - Started process (PID=3248) to work on /home/airflow/.local/lib/python3.8/site-packages/airflow/example_dags/example_nested_branch_dag.py
[2025-06-28T04:38:43.649+0000] {processor.py:830} INFO - Processing file /home/airflow/.local/lib/python3.8/site-packages/airflow/example_dags/example_nested_branch_dag.py for tasks to queue
[2025-06-28T04:38:43.650+0000] {logging_mixin.py:188} INFO - [2025-06-28T04:38:43.650+0000] {dagbag.py:538} INFO - Filling up the DagBag from /home/airflow/.local/lib/python3.8/site-packages/airflow/example_dags/example_nested_branch_dag.py
[2025-06-28T04:38:43.655+0000] {processor.py:840} INFO - DAG(s) 'example_nested_branch_dag' retrieved from /home/airflow/.local/lib/python3.8/site-packages/airflow/example_dags/example_nested_branch_dag.py
[2025-06-28T04:38:43.669+0000] {logging_mixin.py:188} INFO - [2025-06-28T04:38:43.669+0000] {dag.py:3036} INFO - Sync 1 DAGs
[2025-06-28T04:38:43.683+0000] {logging_mixin.py:188} INFO - [2025-06-28T04:38:43.683+0000] {dag.py:3823} INFO - Setting next_dagrun for example_nested_branch_dag to 2025-06-27 00:00:00+00:00, run_after=2025-06-28 00:00:00+00:00
[2025-06-28T04:38:43.697+0000] {processor.py:183} INFO - Processing /home/airflow/.local/lib/python3.8/site-packages/airflow/example_dags/example_nested_branch_dag.py took 0.050 seconds
[2025-06-28T04:39:13.994+0000] {processor.py:161} INFO - Started process (PID=3498) to work on /home/airflow/.local/lib/python3.8/site-packages/airflow/example_dags/example_nested_branch_dag.py
[2025-06-28T04:39:13.994+0000] {processor.py:830} INFO - Processing file /home/airflow/.local/lib/python3.8/site-packages/airflow/example_dags/example_nested_branch_dag.py for tasks to queue
[2025-06-28T04:39:13.995+0000] {logging_mixin.py:188} INFO - [2025-06-28T04:39:13.995+0000] {dagbag.py:538} INFO - Filling up the DagBag from /home/airflow/.local/lib/python3.8/site-packages/airflow/example_dags/example_nested_branch_dag.py
[2025-06-28T04:39:14.001+0000] {processor.py:840} INFO - DAG(s) 'example_nested_branch_dag' retrieved from /home/airflow/.local/lib/python3.8/site-packages/airflow/example_dags/example_nested_branch_dag.py
[2025-06-28T04:39:14.017+0000] {logging_mixin.py:188} INFO - [2025-06-28T04:39:14.017+0000] {dag.py:3036} INFO - Sync 1 DAGs
[2025-06-28T04:39:14.034+0000] {logging_mixin.py:188} INFO - [2025-06-28T04:39:14.034+0000] {dag.py:3823} INFO - Setting next_dagrun for example_nested_branch_dag to 2025-06-27 00:00:00+00:00, run_after=2025-06-28 00:00:00+00:00
[2025-06-28T04:39:14.048+0000] {processor.py:183} INFO - Processing /home/airflow/.local/lib/python3.8/site-packages/airflow/example_dags/example_nested_branch_dag.py took 0.056 seconds
[2025-06-28T04:39:44.193+0000] {processor.py:161} INFO - Started process (PID=3748) to work on /home/airflow/.local/lib/python3.8/site-packages/airflow/example_dags/example_nested_branch_dag.py
[2025-06-28T04:39:44.193+0000] {processor.py:830} INFO - Processing file /home/airflow/.local/lib/python3.8/site-packages/airflow/example_dags/example_nested_branch_dag.py for tasks to queue
[2025-06-28T04:39:44.195+0000] {logging_mixin.py:188} INFO - [2025-06-28T04:39:44.194+0000] {dagbag.py:538} INFO - Filling up the DagBag from /home/airflow/.local/lib/python3.8/site-packages/airflow/example_dags/example_nested_branch_dag.py
[2025-06-28T04:39:44.200+0000] {processor.py:840} INFO - DAG(s) 'example_nested_branch_dag' retrieved from /home/airflow/.local/lib/python3.8/site-packages/airflow/example_dags/example_nested_branch_dag.py
[2025-06-28T04:39:44.213+0000] {logging_mixin.py:188} INFO - [2025-06-28T04:39:44.213+0000] {dag.py:3036} INFO - Sync 1 DAGs
[2025-06-28T04:39:44.229+0000] {logging_mixin.py:188} INFO - [2025-06-28T04:39:44.228+0000] {dag.py:3823} INFO - Setting next_dagrun for example_nested_branch_dag to 2025-06-27 00:00:00+00:00, run_after=2025-06-28 00:00:00+00:00
[2025-06-28T04:39:44.244+0000] {processor.py:183} INFO - Processing /home/airflow/.local/lib/python3.8/site-packages/airflow/example_dags/example_nested_branch_dag.py took 0.054 seconds
[2025-06-28T04:40:14.384+0000] {processor.py:161} INFO - Started process (PID=3998) to work on /home/airflow/.local/lib/python3.8/site-packages/airflow/example_dags/example_nested_branch_dag.py
[2025-06-28T04:40:14.385+0000] {processor.py:830} INFO - Processing file /home/airflow/.local/lib/python3.8/site-packages/airflow/example_dags/example_nested_branch_dag.py for tasks to queue
[2025-06-28T04:40:14.388+0000] {logging_mixin.py:188} INFO - [2025-06-28T04:40:14.388+0000] {dagbag.py:538} INFO - Filling up the DagBag from /home/airflow/.local/lib/python3.8/site-packages/airflow/example_dags/example_nested_branch_dag.py
[2025-06-28T04:40:14.397+0000] {processor.py:840} INFO - DAG(s) 'example_nested_branch_dag' retrieved from /home/airflow/.local/lib/python3.8/site-packages/airflow/example_dags/example_nested_branch_dag.py
[2025-06-28T04:40:14.411+0000] {logging_mixin.py:188} INFO - [2025-06-28T04:40:14.411+0000] {dag.py:3036} INFO - Sync 1 DAGs
[2025-06-28T04:40:14.428+0000] {logging_mixin.py:188} INFO - [2025-06-28T04:40:14.427+0000] {dag.py:3823} INFO - Setting next_dagrun for example_nested_branch_dag to 2025-06-27 00:00:00+00:00, run_after=2025-06-28 00:00:00+00:00
[2025-06-28T04:40:14.440+0000] {processor.py:183} INFO - Processing /home/airflow/.local/lib/python3.8/site-packages/airflow/example_dags/example_nested_branch_dag.py took 0.059 seconds
[2025-06-28T04:40:44.821+0000] {processor.py:161} INFO - Started process (PID=4248) to work on /home/airflow/.local/lib/python3.8/site-packages/airflow/example_dags/example_nested_branch_dag.py
[2025-06-28T04:40:44.822+0000] {processor.py:830} INFO - Processing file /home/airflow/.local/lib/python3.8/site-packages/airflow/example_dags/example_nested_branch_dag.py for tasks to queue
[2025-06-28T04:40:44.823+0000] {logging_mixin.py:188} INFO - [2025-06-28T04:40:44.823+0000] {dagbag.py:538} INFO - Filling up the DagBag from /home/airflow/.local/lib/python3.8/site-packages/airflow/example_dags/example_nested_branch_dag.py
[2025-06-28T04:40:44.831+0000] {processor.py:840} INFO - DAG(s) 'example_nested_branch_dag' retrieved from /home/airflow/.local/lib/python3.8/site-packages/airflow/example_dags/example_nested_branch_dag.py
[2025-06-28T04:40:44.846+0000] {logging_mixin.py:188} INFO - [2025-06-28T04:40:44.845+0000] {dag.py:3036} INFO - Sync 1 DAGs
[2025-06-28T04:40:44.869+0000] {logging_mixin.py:188} INFO - [2025-06-28T04:40:44.869+0000] {dag.py:3823} INFO - Setting next_dagrun for example_nested_branch_dag to 2025-06-27 00:00:00+00:00, run_after=2025-06-28 00:00:00+00:00
[2025-06-28T04:40:44.883+0000] {processor.py:183} INFO - Processing /home/airflow/.local/lib/python3.8/site-packages/airflow/example_dags/example_nested_branch_dag.py took 0.064 seconds
[2025-06-28T04:41:15.198+0000] {processor.py:161} INFO - Started process (PID=4498) to work on /home/airflow/.local/lib/python3.8/site-packages/airflow/example_dags/example_nested_branch_dag.py
[2025-06-28T04:41:15.199+0000] {processor.py:830} INFO - Processing file /home/airflow/.local/lib/python3.8/site-packages/airflow/example_dags/example_nested_branch_dag.py for tasks to queue
[2025-06-28T04:41:15.200+0000] {logging_mixin.py:188} INFO - [2025-06-28T04:41:15.200+0000] {dagbag.py:538} INFO - Filling up the DagBag from /home/airflow/.local/lib/python3.8/site-packages/airflow/example_dags/example_nested_branch_dag.py
[2025-06-28T04:41:15.205+0000] {processor.py:840} INFO - DAG(s) 'example_nested_branch_dag' retrieved from /home/airflow/.local/lib/python3.8/site-packages/airflow/example_dags/example_nested_branch_dag.py
[2025-06-28T04:41:15.218+0000] {logging_mixin.py:188} INFO - [2025-06-28T04:41:15.218+0000] {dag.py:3036} INFO - Sync 1 DAGs
[2025-06-28T04:41:15.235+0000] {logging_mixin.py:188} INFO - [2025-06-28T04:41:15.235+0000] {dag.py:3823} INFO - Setting next_dagrun for example_nested_branch_dag to 2025-06-27 00:00:00+00:00, run_after=2025-06-28 00:00:00+00:00
[2025-06-28T04:41:15.253+0000] {processor.py:183} INFO - Processing /home/airflow/.local/lib/python3.8/site-packages/airflow/example_dags/example_nested_branch_dag.py took 0.057 seconds
[2025-06-28T04:41:45.569+0000] {processor.py:161} INFO - Started process (PID=4748) to work on /home/airflow/.local/lib/python3.8/site-packages/airflow/example_dags/example_nested_branch_dag.py
[2025-06-28T04:41:45.569+0000] {processor.py:830} INFO - Processing file /home/airflow/.local/lib/python3.8/site-packages/airflow/example_dags/example_nested_branch_dag.py for tasks to queue
[2025-06-28T04:41:45.570+0000] {logging_mixin.py:188} INFO - [2025-06-28T04:41:45.570+0000] {dagbag.py:538} INFO - Filling up the DagBag from /home/airflow/.local/lib/python3.8/site-packages/airflow/example_dags/example_nested_branch_dag.py
[2025-06-28T04:41:45.575+0000] {processor.py:840} INFO - DAG(s) 'example_nested_branch_dag' retrieved from /home/airflow/.local/lib/python3.8/site-packages/airflow/example_dags/example_nested_branch_dag.py
[2025-06-28T04:41:45.589+0000] {logging_mixin.py:188} INFO - [2025-06-28T04:41:45.589+0000] {dag.py:3036} INFO - Sync 1 DAGs
[2025-06-28T04:41:45.607+0000] {logging_mixin.py:188} INFO - [2025-06-28T04:41:45.607+0000] {dag.py:3823} INFO - Setting next_dagrun for example_nested_branch_dag to 2025-06-27 00:00:00+00:00, run_after=2025-06-28 00:00:00+00:00
[2025-06-28T04:41:45.623+0000] {processor.py:183} INFO - Processing /home/airflow/.local/lib/python3.8/site-packages/airflow/example_dags/example_nested_branch_dag.py took 0.056 seconds
[2025-06-28T04:42:16.018+0000] {processor.py:161} INFO - Started process (PID=4998) to work on /home/airflow/.local/lib/python3.8/site-packages/airflow/example_dags/example_nested_branch_dag.py
[2025-06-28T04:42:16.019+0000] {processor.py:830} INFO - Processing file /home/airflow/.local/lib/python3.8/site-packages/airflow/example_dags/example_nested_branch_dag.py for tasks to queue
[2025-06-28T04:42:16.020+0000] {logging_mixin.py:188} INFO - [2025-06-28T04:42:16.020+0000] {dagbag.py:538} INFO - Filling up the DagBag from /home/airflow/.local/lib/python3.8/site-packages/airflow/example_dags/example_nested_branch_dag.py
[2025-06-28T04:42:16.028+0000] {processor.py:840} INFO - DAG(s) 'example_nested_branch_dag' retrieved from /home/airflow/.local/lib/python3.8/site-packages/airflow/example_dags/example_nested_branch_dag.py
[2025-06-28T04:42:16.047+0000] {logging_mixin.py:188} INFO - [2025-06-28T04:42:16.046+0000] {dag.py:3036} INFO - Sync 1 DAGs
[2025-06-28T04:42:16.061+0000] {logging_mixin.py:188} INFO - [2025-06-28T04:42:16.061+0000] {dag.py:3823} INFO - Setting next_dagrun for example_nested_branch_dag to 2025-06-27 00:00:00+00:00, run_after=2025-06-28 00:00:00+00:00
[2025-06-28T04:42:16.073+0000] {processor.py:183} INFO - Processing /home/airflow/.local/lib/python3.8/site-packages/airflow/example_dags/example_nested_branch_dag.py took 0.057 seconds
[2025-06-28T04:42:46.205+0000] {processor.py:161} INFO - Started process (PID=5248) to work on /home/airflow/.local/lib/python3.8/site-packages/airflow/example_dags/example_nested_branch_dag.py
[2025-06-28T04:42:46.205+0000] {processor.py:830} INFO - Processing file /home/airflow/.local/lib/python3.8/site-packages/airflow/example_dags/example_nested_branch_dag.py for tasks to queue
[2025-06-28T04:42:46.206+0000] {logging_mixin.py:188} INFO - [2025-06-28T04:42:46.206+0000] {dagbag.py:538} INFO - Filling up the DagBag from /home/airflow/.local/lib/python3.8/site-packages/airflow/example_dags/example_nested_branch_dag.py
[2025-06-28T04:42:46.212+0000] {processor.py:840} INFO - DAG(s) 'example_nested_branch_dag' retrieved from /home/airflow/.local/lib/python3.8/site-packages/airflow/example_dags/example_nested_branch_dag.py
[2025-06-28T04:42:46.228+0000] {logging_mixin.py:188} INFO - [2025-06-28T04:42:46.227+0000] {dag.py:3036} INFO - Sync 1 DAGs
[2025-06-28T04:42:46.242+0000] {logging_mixin.py:188} INFO - [2025-06-28T04:42:46.242+0000] {dag.py:3823} INFO - Setting next_dagrun for example_nested_branch_dag to 2025-06-27 00:00:00+00:00, run_after=2025-06-28 00:00:00+00:00
[2025-06-28T04:42:46.255+0000] {processor.py:183} INFO - Processing /home/airflow/.local/lib/python3.8/site-packages/airflow/example_dags/example_nested_branch_dag.py took 0.051 seconds
[2025-06-28T04:43:16.604+0000] {processor.py:161} INFO - Started process (PID=5500) to work on /home/airflow/.local/lib/python3.8/site-packages/airflow/example_dags/example_nested_branch_dag.py
[2025-06-28T04:43:16.604+0000] {processor.py:830} INFO - Processing file /home/airflow/.local/lib/python3.8/site-packages/airflow/example_dags/example_nested_branch_dag.py for tasks to queue
[2025-06-28T04:43:16.605+0000] {logging_mixin.py:188} INFO - [2025-06-28T04:43:16.605+0000] {dagbag.py:538} INFO - Filling up the DagBag from /home/airflow/.local/lib/python3.8/site-packages/airflow/example_dags/example_nested_branch_dag.py
[2025-06-28T04:43:16.612+0000] {processor.py:840} INFO - DAG(s) 'example_nested_branch_dag' retrieved from /home/airflow/.local/lib/python3.8/site-packages/airflow/example_dags/example_nested_branch_dag.py
[2025-06-28T04:43:16.624+0000] {logging_mixin.py:188} INFO - [2025-06-28T04:43:16.624+0000] {dag.py:3036} INFO - Sync 1 DAGs
[2025-06-28T04:43:16.638+0000] {logging_mixin.py:188} INFO - [2025-06-28T04:43:16.638+0000] {dag.py:3823} INFO - Setting next_dagrun for example_nested_branch_dag to 2025-06-27 00:00:00+00:00, run_after=2025-06-28 00:00:00+00:00
[2025-06-28T04:43:16.650+0000] {processor.py:183} INFO - Processing /home/airflow/.local/lib/python3.8/site-packages/airflow/example_dags/example_nested_branch_dag.py took 0.047 seconds
[2025-06-28T04:43:46.967+0000] {processor.py:161} INFO - Started process (PID=5750) to work on /home/airflow/.local/lib/python3.8/site-packages/airflow/example_dags/example_nested_branch_dag.py
[2025-06-28T04:43:46.968+0000] {processor.py:830} INFO - Processing file /home/airflow/.local/lib/python3.8/site-packages/airflow/example_dags/example_nested_branch_dag.py for tasks to queue
[2025-06-28T04:43:46.970+0000] {logging_mixin.py:188} INFO - [2025-06-28T04:43:46.970+0000] {dagbag.py:538} INFO - Filling up the DagBag from /home/airflow/.local/lib/python3.8/site-packages/airflow/example_dags/example_nested_branch_dag.py
[2025-06-28T04:43:46.980+0000] {processor.py:840} INFO - DAG(s) 'example_nested_branch_dag' retrieved from /home/airflow/.local/lib/python3.8/site-packages/airflow/example_dags/example_nested_branch_dag.py
[2025-06-28T04:43:47.002+0000] {logging_mixin.py:188} INFO - [2025-06-28T04:43:47.001+0000] {dag.py:3036} INFO - Sync 1 DAGs
[2025-06-28T04:43:47.023+0000] {logging_mixin.py:188} INFO - [2025-06-28T04:43:47.023+0000] {dag.py:3823} INFO - Setting next_dagrun for example_nested_branch_dag to 2025-06-27 00:00:00+00:00, run_after=2025-06-28 00:00:00+00:00
[2025-06-28T04:43:47.045+0000] {processor.py:183} INFO - Processing /home/airflow/.local/lib/python3.8/site-packages/airflow/example_dags/example_nested_branch_dag.py took 0.083 seconds
[2025-06-28T04:44:17.356+0000] {processor.py:161} INFO - Started process (PID=5998) to work on /home/airflow/.local/lib/python3.8/site-packages/airflow/example_dags/example_nested_branch_dag.py
[2025-06-28T04:44:17.357+0000] {processor.py:830} INFO - Processing file /home/airflow/.local/lib/python3.8/site-packages/airflow/example_dags/example_nested_branch_dag.py for tasks to queue
[2025-06-28T04:44:17.359+0000] {logging_mixin.py:188} INFO - [2025-06-28T04:44:17.359+0000] {dagbag.py:538} INFO - Filling up the DagBag from /home/airflow/.local/lib/python3.8/site-packages/airflow/example_dags/example_nested_branch_dag.py
[2025-06-28T04:44:17.366+0000] {processor.py:840} INFO - DAG(s) 'example_nested_branch_dag' retrieved from /home/airflow/.local/lib/python3.8/site-packages/airflow/example_dags/example_nested_branch_dag.py
[2025-06-28T04:44:17.380+0000] {logging_mixin.py:188} INFO - [2025-06-28T04:44:17.379+0000] {dag.py:3036} INFO - Sync 1 DAGs
[2025-06-28T04:44:17.401+0000] {logging_mixin.py:188} INFO - [2025-06-28T04:44:17.401+0000] {dag.py:3823} INFO - Setting next_dagrun for example_nested_branch_dag to 2025-06-27 00:00:00+00:00, run_after=2025-06-28 00:00:00+00:00
[2025-06-28T04:44:17.416+0000] {processor.py:183} INFO - Processing /home/airflow/.local/lib/python3.8/site-packages/airflow/example_dags/example_nested_branch_dag.py took 0.064 seconds
[2025-06-28T04:44:47.609+0000] {processor.py:161} INFO - Started process (PID=6248) to work on /home/airflow/.local/lib/python3.8/site-packages/airflow/example_dags/example_nested_branch_dag.py
[2025-06-28T04:44:47.609+0000] {processor.py:830} INFO - Processing file /home/airflow/.local/lib/python3.8/site-packages/airflow/example_dags/example_nested_branch_dag.py for tasks to queue
[2025-06-28T04:44:47.610+0000] {logging_mixin.py:188} INFO - [2025-06-28T04:44:47.610+0000] {dagbag.py:538} INFO - Filling up the DagBag from /home/airflow/.local/lib/python3.8/site-packages/airflow/example_dags/example_nested_branch_dag.py
[2025-06-28T04:44:47.615+0000] {processor.py:840} INFO - DAG(s) 'example_nested_branch_dag' retrieved from /home/airflow/.local/lib/python3.8/site-packages/airflow/example_dags/example_nested_branch_dag.py
[2025-06-28T04:44:47.628+0000] {logging_mixin.py:188} INFO - [2025-06-28T04:44:47.628+0000] {dag.py:3036} INFO - Sync 1 DAGs
[2025-06-28T04:44:47.643+0000] {logging_mixin.py:188} INFO - [2025-06-28T04:44:47.643+0000] {dag.py:3823} INFO - Setting next_dagrun for example_nested_branch_dag to 2025-06-27 00:00:00+00:00, run_after=2025-06-28 00:00:00+00:00
[2025-06-28T04:44:47.655+0000] {processor.py:183} INFO - Processing /home/airflow/.local/lib/python3.8/site-packages/airflow/example_dags/example_nested_branch_dag.py took 0.048 seconds
[2025-06-28T04:45:17.879+0000] {processor.py:161} INFO - Started process (PID=6500) to work on /home/airflow/.local/lib/python3.8/site-packages/airflow/example_dags/example_nested_branch_dag.py
[2025-06-28T04:45:17.880+0000] {processor.py:830} INFO - Processing file /home/airflow/.local/lib/python3.8/site-packages/airflow/example_dags/example_nested_branch_dag.py for tasks to queue
[2025-06-28T04:45:17.881+0000] {logging_mixin.py:188} INFO - [2025-06-28T04:45:17.881+0000] {dagbag.py:538} INFO - Filling up the DagBag from /home/airflow/.local/lib/python3.8/site-packages/airflow/example_dags/example_nested_branch_dag.py
[2025-06-28T04:45:17.893+0000] {processor.py:840} INFO - DAG(s) 'example_nested_branch_dag' retrieved from /home/airflow/.local/lib/python3.8/site-packages/airflow/example_dags/example_nested_branch_dag.py
[2025-06-28T04:45:17.912+0000] {logging_mixin.py:188} INFO - [2025-06-28T04:45:17.911+0000] {dag.py:3036} INFO - Sync 1 DAGs
[2025-06-28T04:45:17.931+0000] {logging_mixin.py:188} INFO - [2025-06-28T04:45:17.930+0000] {dag.py:3823} INFO - Setting next_dagrun for example_nested_branch_dag to 2025-06-27 00:00:00+00:00, run_after=2025-06-28 00:00:00+00:00
[2025-06-28T04:45:17.945+0000] {processor.py:183} INFO - Processing /home/airflow/.local/lib/python3.8/site-packages/airflow/example_dags/example_nested_branch_dag.py took 0.069 seconds
[2025-06-28T04:45:48.243+0000] {processor.py:161} INFO - Started process (PID=6748) to work on /home/airflow/.local/lib/python3.8/site-packages/airflow/example_dags/example_nested_branch_dag.py
[2025-06-28T04:45:48.243+0000] {processor.py:830} INFO - Processing file /home/airflow/.local/lib/python3.8/site-packages/airflow/example_dags/example_nested_branch_dag.py for tasks to queue
[2025-06-28T04:45:48.244+0000] {logging_mixin.py:188} INFO - [2025-06-28T04:45:48.244+0000] {dagbag.py:538} INFO - Filling up the DagBag from /home/airflow/.local/lib/python3.8/site-packages/airflow/example_dags/example_nested_branch_dag.py
[2025-06-28T04:45:48.252+0000] {processor.py:840} INFO - DAG(s) 'example_nested_branch_dag' retrieved from /home/airflow/.local/lib/python3.8/site-packages/airflow/example_dags/example_nested_branch_dag.py
[2025-06-28T04:45:48.270+0000] {logging_mixin.py:188} INFO - [2025-06-28T04:45:48.269+0000] {dag.py:3036} INFO - Sync 1 DAGs
[2025-06-28T04:45:48.285+0000] {logging_mixin.py:188} INFO - [2025-06-28T04:45:48.285+0000] {dag.py:3823} INFO - Setting next_dagrun for example_nested_branch_dag to 2025-06-27 00:00:00+00:00, run_after=2025-06-28 00:00:00+00:00
[2025-06-28T04:45:48.302+0000] {processor.py:183} INFO - Processing /home/airflow/.local/lib/python3.8/site-packages/airflow/example_dags/example_nested_branch_dag.py took 0.062 seconds
[2025-06-28T04:46:18.625+0000] {processor.py:161} INFO - Started process (PID=7000) to work on /home/airflow/.local/lib/python3.8/site-packages/airflow/example_dags/example_nested_branch_dag.py
[2025-06-28T04:46:18.627+0000] {processor.py:830} INFO - Processing file /home/airflow/.local/lib/python3.8/site-packages/airflow/example_dags/example_nested_branch_dag.py for tasks to queue
[2025-06-28T04:46:18.629+0000] {logging_mixin.py:188} INFO - [2025-06-28T04:46:18.628+0000] {dagbag.py:538} INFO - Filling up the DagBag from /home/airflow/.local/lib/python3.8/site-packages/airflow/example_dags/example_nested_branch_dag.py
[2025-06-28T04:46:18.635+0000] {processor.py:840} INFO - DAG(s) 'example_nested_branch_dag' retrieved from /home/airflow/.local/lib/python3.8/site-packages/airflow/example_dags/example_nested_branch_dag.py
[2025-06-28T04:46:18.649+0000] {logging_mixin.py:188} INFO - [2025-06-28T04:46:18.649+0000] {dag.py:3036} INFO - Sync 1 DAGs
[2025-06-28T04:46:18.665+0000] {logging_mixin.py:188} INFO - [2025-06-28T04:46:18.665+0000] {dag.py:3823} INFO - Setting next_dagrun for example_nested_branch_dag to 2025-06-27 00:00:00+00:00, run_after=2025-06-28 00:00:00+00:00
[2025-06-28T04:46:18.677+0000] {processor.py:183} INFO - Processing /home/airflow/.local/lib/python3.8/site-packages/airflow/example_dags/example_nested_branch_dag.py took 0.056 seconds
[2025-06-28T04:46:49.298+0000] {processor.py:161} INFO - Started process (PID=7250) to work on /home/airflow/.local/lib/python3.8/site-packages/airflow/example_dags/example_nested_branch_dag.py
[2025-06-28T04:46:49.299+0000] {processor.py:830} INFO - Processing file /home/airflow/.local/lib/python3.8/site-packages/airflow/example_dags/example_nested_branch_dag.py for tasks to queue
[2025-06-28T04:46:49.300+0000] {logging_mixin.py:188} INFO - [2025-06-28T04:46:49.300+0000] {dagbag.py:538} INFO - Filling up the DagBag from /home/airflow/.local/lib/python3.8/site-packages/airflow/example_dags/example_nested_branch_dag.py
[2025-06-28T04:46:49.309+0000] {processor.py:840} INFO - DAG(s) 'example_nested_branch_dag' retrieved from /home/airflow/.local/lib/python3.8/site-packages/airflow/example_dags/example_nested_branch_dag.py
[2025-06-28T04:46:49.327+0000] {logging_mixin.py:188} INFO - [2025-06-28T04:46:49.326+0000] {dag.py:3036} INFO - Sync 1 DAGs
[2025-06-28T04:46:49.341+0000] {logging_mixin.py:188} INFO - [2025-06-28T04:46:49.341+0000] {dag.py:3823} INFO - Setting next_dagrun for example_nested_branch_dag to 2025-06-27 00:00:00+00:00, run_after=2025-06-28 00:00:00+00:00
[2025-06-28T04:46:49.351+0000] {processor.py:183} INFO - Processing /home/airflow/.local/lib/python3.8/site-packages/airflow/example_dags/example_nested_branch_dag.py took 0.056 seconds
[2025-06-28T04:47:19.565+0000] {processor.py:161} INFO - Started process (PID=7498) to work on /home/airflow/.local/lib/python3.8/site-packages/airflow/example_dags/example_nested_branch_dag.py
[2025-06-28T04:47:19.566+0000] {processor.py:830} INFO - Processing file /home/airflow/.local/lib/python3.8/site-packages/airflow/example_dags/example_nested_branch_dag.py for tasks to queue
[2025-06-28T04:47:19.567+0000] {logging_mixin.py:188} INFO - [2025-06-28T04:47:19.567+0000] {dagbag.py:538} INFO - Filling up the DagBag from /home/airflow/.local/lib/python3.8/site-packages/airflow/example_dags/example_nested_branch_dag.py
[2025-06-28T04:47:19.574+0000] {processor.py:840} INFO - DAG(s) 'example_nested_branch_dag' retrieved from /home/airflow/.local/lib/python3.8/site-packages/airflow/example_dags/example_nested_branch_dag.py
[2025-06-28T04:47:19.587+0000] {logging_mixin.py:188} INFO - [2025-06-28T04:47:19.586+0000] {dag.py:3036} INFO - Sync 1 DAGs
[2025-06-28T04:47:19.600+0000] {logging_mixin.py:188} INFO - [2025-06-28T04:47:19.599+0000] {dag.py:3823} INFO - Setting next_dagrun for example_nested_branch_dag to 2025-06-27 00:00:00+00:00, run_after=2025-06-28 00:00:00+00:00
[2025-06-28T04:47:19.614+0000] {processor.py:183} INFO - Processing /home/airflow/.local/lib/python3.8/site-packages/airflow/example_dags/example_nested_branch_dag.py took 0.050 seconds
[2025-06-28T04:47:49.785+0000] {processor.py:161} INFO - Started process (PID=7748) to work on /home/airflow/.local/lib/python3.8/site-packages/airflow/example_dags/example_nested_branch_dag.py
[2025-06-28T04:47:49.786+0000] {processor.py:830} INFO - Processing file /home/airflow/.local/lib/python3.8/site-packages/airflow/example_dags/example_nested_branch_dag.py for tasks to queue
[2025-06-28T04:47:49.787+0000] {logging_mixin.py:188} INFO - [2025-06-28T04:47:49.787+0000] {dagbag.py:538} INFO - Filling up the DagBag from /home/airflow/.local/lib/python3.8/site-packages/airflow/example_dags/example_nested_branch_dag.py
[2025-06-28T04:47:49.794+0000] {processor.py:840} INFO - DAG(s) 'example_nested_branch_dag' retrieved from /home/airflow/.local/lib/python3.8/site-packages/airflow/example_dags/example_nested_branch_dag.py
[2025-06-28T04:47:49.814+0000] {logging_mixin.py:188} INFO - [2025-06-28T04:47:49.813+0000] {dag.py:3036} INFO - Sync 1 DAGs
[2025-06-28T04:47:49.832+0000] {logging_mixin.py:188} INFO - [2025-06-28T04:47:49.832+0000] {dag.py:3823} INFO - Setting next_dagrun for example_nested_branch_dag to 2025-06-27 00:00:00+00:00, run_after=2025-06-28 00:00:00+00:00
[2025-06-28T04:47:49.849+0000] {processor.py:183} INFO - Processing /home/airflow/.local/lib/python3.8/site-packages/airflow/example_dags/example_nested_branch_dag.py took 0.067 seconds
[2025-06-28T04:48:20.933+0000] {processor.py:161} INFO - Started process (PID=7998) to work on /home/airflow/.local/lib/python3.8/site-packages/airflow/example_dags/example_nested_branch_dag.py
[2025-06-28T04:48:20.933+0000] {processor.py:830} INFO - Processing file /home/airflow/.local/lib/python3.8/site-packages/airflow/example_dags/example_nested_branch_dag.py for tasks to queue
[2025-06-28T04:48:20.934+0000] {logging_mixin.py:188} INFO - [2025-06-28T04:48:20.934+0000] {dagbag.py:538} INFO - Filling up the DagBag from /home/airflow/.local/lib/python3.8/site-packages/airflow/example_dags/example_nested_branch_dag.py
[2025-06-28T04:48:20.939+0000] {processor.py:840} INFO - DAG(s) 'example_nested_branch_dag' retrieved from /home/airflow/.local/lib/python3.8/site-packages/airflow/example_dags/example_nested_branch_dag.py
[2025-06-28T04:48:20.951+0000] {logging_mixin.py:188} INFO - [2025-06-28T04:48:20.951+0000] {dag.py:3036} INFO - Sync 1 DAGs
[2025-06-28T04:48:20.965+0000] {logging_mixin.py:188} INFO - [2025-06-28T04:48:20.965+0000] {dag.py:3823} INFO - Setting next_dagrun for example_nested_branch_dag to 2025-06-27 00:00:00+00:00, run_after=2025-06-28 00:00:00+00:00
[2025-06-28T04:48:20.976+0000] {processor.py:183} INFO - Processing /home/airflow/.local/lib/python3.8/site-packages/airflow/example_dags/example_nested_branch_dag.py took 0.045 seconds
