[2025-06-28T04:32:39.822+0000] {processor.py:161} INFO - Started process (PID=348) to work on /home/airflow/.local/lib/python3.8/site-packages/airflow/example_dags/example_setup_teardown.py
[2025-06-28T04:32:39.823+0000] {processor.py:830} INFO - Processing file /home/airflow/.local/lib/python3.8/site-packages/airflow/example_dags/example_setup_teardown.py for tasks to queue
[2025-06-28T04:32:39.825+0000] {logging_mixin.py:188} INFO - [2025-06-28T04:32:39.825+0000] {dagbag.py:538} INFO - Filling up the DagBag from /home/airflow/.local/lib/python3.8/site-packages/airflow/example_dags/example_setup_teardown.py
[2025-06-28T04:32:39.835+0000] {processor.py:840} INFO - DAG(s) 'example_setup_teardown' retrieved from /home/airflow/.local/lib/python3.8/site-packages/airflow/example_dags/example_setup_teardown.py
[2025-06-28T04:32:39.847+0000] {logging_mixin.py:188} INFO - [2025-06-28T04:32:39.846+0000] {dag.py:3036} INFO - Sync 1 DAGs
[2025-06-28T04:32:39.871+0000] {logging_mixin.py:188} INFO - [2025-06-28T04:32:39.870+0000] {dag.py:3823} INFO - Setting next_dagrun for example_setup_teardown to 2025-06-27 00:00:00+00:00, run_after=2025-06-28 00:00:00+00:00
[2025-06-28T04:32:39.888+0000] {processor.py:183} INFO - Processing /home/airflow/.local/lib/python3.8/site-packages/airflow/example_dags/example_setup_teardown.py took 0.071 seconds
[2025-06-28T04:33:11.171+0000] {processor.py:161} INFO - Started process (PID=595) to work on /home/airflow/.local/lib/python3.8/site-packages/airflow/example_dags/example_setup_teardown.py
[2025-06-28T04:33:11.172+0000] {processor.py:830} INFO - Processing file /home/airflow/.local/lib/python3.8/site-packages/airflow/example_dags/example_setup_teardown.py for tasks to queue
[2025-06-28T04:33:11.175+0000] {logging_mixin.py:188} INFO - [2025-06-28T04:33:11.174+0000] {dagbag.py:538} INFO - Filling up the DagBag from /home/airflow/.local/lib/python3.8/site-packages/airflow/example_dags/example_setup_teardown.py
[2025-06-28T04:33:11.181+0000] {processor.py:840} INFO - DAG(s) 'example_setup_teardown' retrieved from /home/airflow/.local/lib/python3.8/site-packages/airflow/example_dags/example_setup_teardown.py
[2025-06-28T04:33:11.253+0000] {logging_mixin.py:188} INFO - [2025-06-28T04:33:11.253+0000] {dag.py:3036} INFO - Sync 1 DAGs
[2025-06-28T04:33:11.269+0000] {logging_mixin.py:188} INFO - [2025-06-28T04:33:11.269+0000] {dag.py:3823} INFO - Setting next_dagrun for example_setup_teardown to 2025-06-27 00:00:00+00:00, run_after=2025-06-28 00:00:00+00:00
[2025-06-28T04:33:11.282+0000] {processor.py:183} INFO - Processing /home/airflow/.local/lib/python3.8/site-packages/airflow/example_dags/example_setup_teardown.py took 0.115 seconds
[2025-06-28T04:33:41.350+0000] {processor.py:161} INFO - Started process (PID=845) to work on /home/airflow/.local/lib/python3.8/site-packages/airflow/example_dags/example_setup_teardown.py
[2025-06-28T04:33:41.351+0000] {processor.py:830} INFO - Processing file /home/airflow/.local/lib/python3.8/site-packages/airflow/example_dags/example_setup_teardown.py for tasks to queue
[2025-06-28T04:33:41.352+0000] {logging_mixin.py:188} INFO - [2025-06-28T04:33:41.351+0000] {dagbag.py:538} INFO - Filling up the DagBag from /home/airflow/.local/lib/python3.8/site-packages/airflow/example_dags/example_setup_teardown.py
[2025-06-28T04:33:41.355+0000] {processor.py:840} INFO - DAG(s) 'example_setup_teardown' retrieved from /home/airflow/.local/lib/python3.8/site-packages/airflow/example_dags/example_setup_teardown.py
[2025-06-28T04:33:41.367+0000] {logging_mixin.py:188} INFO - [2025-06-28T04:33:41.367+0000] {dag.py:3036} INFO - Sync 1 DAGs
[2025-06-28T04:33:41.383+0000] {logging_mixin.py:188} INFO - [2025-06-28T04:33:41.382+0000] {dag.py:3823} INFO - Setting next_dagrun for example_setup_teardown to 2025-06-27 00:00:00+00:00, run_after=2025-06-28 00:00:00+00:00
[2025-06-28T04:33:41.394+0000] {processor.py:183} INFO - Processing /home/airflow/.local/lib/python3.8/site-packages/airflow/example_dags/example_setup_teardown.py took 0.045 seconds
[2025-06-28T04:34:11.493+0000] {processor.py:161} INFO - Started process (PID=1093) to work on /home/airflow/.local/lib/python3.8/site-packages/airflow/example_dags/example_setup_teardown.py
[2025-06-28T04:34:11.493+0000] {processor.py:830} INFO - Processing file /home/airflow/.local/lib/python3.8/site-packages/airflow/example_dags/example_setup_teardown.py for tasks to queue
[2025-06-28T04:34:11.495+0000] {logging_mixin.py:188} INFO - [2025-06-28T04:34:11.495+0000] {dagbag.py:538} INFO - Filling up the DagBag from /home/airflow/.local/lib/python3.8/site-packages/airflow/example_dags/example_setup_teardown.py
[2025-06-28T04:34:11.501+0000] {processor.py:840} INFO - DAG(s) 'example_setup_teardown' retrieved from /home/airflow/.local/lib/python3.8/site-packages/airflow/example_dags/example_setup_teardown.py
[2025-06-28T04:34:11.517+0000] {logging_mixin.py:188} INFO - [2025-06-28T04:34:11.517+0000] {dag.py:3036} INFO - Sync 1 DAGs
[2025-06-28T04:34:11.530+0000] {logging_mixin.py:188} INFO - [2025-06-28T04:34:11.530+0000] {dag.py:3823} INFO - Setting next_dagrun for example_setup_teardown to 2025-06-27 00:00:00+00:00, run_after=2025-06-28 00:00:00+00:00
[2025-06-28T04:34:11.547+0000] {processor.py:183} INFO - Processing /home/airflow/.local/lib/python3.8/site-packages/airflow/example_dags/example_setup_teardown.py took 0.057 seconds
[2025-06-28T04:34:41.982+0000] {processor.py:161} INFO - Started process (PID=1343) to work on /home/airflow/.local/lib/python3.8/site-packages/airflow/example_dags/example_setup_teardown.py
[2025-06-28T04:34:41.983+0000] {processor.py:830} INFO - Processing file /home/airflow/.local/lib/python3.8/site-packages/airflow/example_dags/example_setup_teardown.py for tasks to queue
[2025-06-28T04:34:41.984+0000] {logging_mixin.py:188} INFO - [2025-06-28T04:34:41.984+0000] {dagbag.py:538} INFO - Filling up the DagBag from /home/airflow/.local/lib/python3.8/site-packages/airflow/example_dags/example_setup_teardown.py
[2025-06-28T04:34:41.989+0000] {processor.py:840} INFO - DAG(s) 'example_setup_teardown' retrieved from /home/airflow/.local/lib/python3.8/site-packages/airflow/example_dags/example_setup_teardown.py
[2025-06-28T04:34:42.004+0000] {logging_mixin.py:188} INFO - [2025-06-28T04:34:42.003+0000] {dag.py:3036} INFO - Sync 1 DAGs
[2025-06-28T04:34:42.016+0000] {logging_mixin.py:188} INFO - [2025-06-28T04:34:42.016+0000] {dag.py:3823} INFO - Setting next_dagrun for example_setup_teardown to 2025-06-27 00:00:00+00:00, run_after=2025-06-28 00:00:00+00:00
[2025-06-28T04:34:42.030+0000] {processor.py:183} INFO - Processing /home/airflow/.local/lib/python3.8/site-packages/airflow/example_dags/example_setup_teardown.py took 0.052 seconds
[2025-06-28T04:35:12.362+0000] {processor.py:161} INFO - Started process (PID=1593) to work on /home/airflow/.local/lib/python3.8/site-packages/airflow/example_dags/example_setup_teardown.py
[2025-06-28T04:35:12.362+0000] {processor.py:830} INFO - Processing file /home/airflow/.local/lib/python3.8/site-packages/airflow/example_dags/example_setup_teardown.py for tasks to queue
[2025-06-28T04:35:12.363+0000] {logging_mixin.py:188} INFO - [2025-06-28T04:35:12.363+0000] {dagbag.py:538} INFO - Filling up the DagBag from /home/airflow/.local/lib/python3.8/site-packages/airflow/example_dags/example_setup_teardown.py
[2025-06-28T04:35:12.367+0000] {processor.py:840} INFO - DAG(s) 'example_setup_teardown' retrieved from /home/airflow/.local/lib/python3.8/site-packages/airflow/example_dags/example_setup_teardown.py
[2025-06-28T04:35:12.380+0000] {logging_mixin.py:188} INFO - [2025-06-28T04:35:12.380+0000] {dag.py:3036} INFO - Sync 1 DAGs
[2025-06-28T04:35:12.392+0000] {logging_mixin.py:188} INFO - [2025-06-28T04:35:12.392+0000] {dag.py:3823} INFO - Setting next_dagrun for example_setup_teardown to 2025-06-27 00:00:00+00:00, run_after=2025-06-28 00:00:00+00:00
[2025-06-28T04:35:12.401+0000] {processor.py:183} INFO - Processing /home/airflow/.local/lib/python3.8/site-packages/airflow/example_dags/example_setup_teardown.py took 0.041 seconds
[2025-06-28T04:35:43.088+0000] {processor.py:161} INFO - Started process (PID=1845) to work on /home/airflow/.local/lib/python3.8/site-packages/airflow/example_dags/example_setup_teardown.py
[2025-06-28T04:35:43.090+0000] {processor.py:830} INFO - Processing file /home/airflow/.local/lib/python3.8/site-packages/airflow/example_dags/example_setup_teardown.py for tasks to queue
[2025-06-28T04:35:43.092+0000] {logging_mixin.py:188} INFO - [2025-06-28T04:35:43.092+0000] {dagbag.py:538} INFO - Filling up the DagBag from /home/airflow/.local/lib/python3.8/site-packages/airflow/example_dags/example_setup_teardown.py
[2025-06-28T04:35:43.099+0000] {processor.py:840} INFO - DAG(s) 'example_setup_teardown' retrieved from /home/airflow/.local/lib/python3.8/site-packages/airflow/example_dags/example_setup_teardown.py
[2025-06-28T04:35:43.116+0000] {logging_mixin.py:188} INFO - [2025-06-28T04:35:43.116+0000] {dag.py:3036} INFO - Sync 1 DAGs
[2025-06-28T04:35:43.135+0000] {logging_mixin.py:188} INFO - [2025-06-28T04:35:43.135+0000] {dag.py:3823} INFO - Setting next_dagrun for example_setup_teardown to 2025-06-27 00:00:00+00:00, run_after=2025-06-28 00:00:00+00:00
[2025-06-28T04:35:43.145+0000] {processor.py:183} INFO - Processing /home/airflow/.local/lib/python3.8/site-packages/airflow/example_dags/example_setup_teardown.py took 0.062 seconds
[2025-06-28T04:36:13.356+0000] {processor.py:161} INFO - Started process (PID=2093) to work on /home/airflow/.local/lib/python3.8/site-packages/airflow/example_dags/example_setup_teardown.py
[2025-06-28T04:36:13.357+0000] {processor.py:830} INFO - Processing file /home/airflow/.local/lib/python3.8/site-packages/airflow/example_dags/example_setup_teardown.py for tasks to queue
[2025-06-28T04:36:13.358+0000] {logging_mixin.py:188} INFO - [2025-06-28T04:36:13.357+0000] {dagbag.py:538} INFO - Filling up the DagBag from /home/airflow/.local/lib/python3.8/site-packages/airflow/example_dags/example_setup_teardown.py
[2025-06-28T04:36:13.361+0000] {processor.py:840} INFO - DAG(s) 'example_setup_teardown' retrieved from /home/airflow/.local/lib/python3.8/site-packages/airflow/example_dags/example_setup_teardown.py
[2025-06-28T04:36:13.374+0000] {logging_mixin.py:188} INFO - [2025-06-28T04:36:13.373+0000] {dag.py:3036} INFO - Sync 1 DAGs
[2025-06-28T04:36:13.386+0000] {logging_mixin.py:188} INFO - [2025-06-28T04:36:13.386+0000] {dag.py:3823} INFO - Setting next_dagrun for example_setup_teardown to 2025-06-27 00:00:00+00:00, run_after=2025-06-28 00:00:00+00:00
[2025-06-28T04:36:13.403+0000] {processor.py:183} INFO - Processing /home/airflow/.local/lib/python3.8/site-packages/airflow/example_dags/example_setup_teardown.py took 0.050 seconds
[2025-06-28T04:36:43.598+0000] {processor.py:161} INFO - Started process (PID=2343) to work on /home/airflow/.local/lib/python3.8/site-packages/airflow/example_dags/example_setup_teardown.py
[2025-06-28T04:36:43.599+0000] {processor.py:830} INFO - Processing file /home/airflow/.local/lib/python3.8/site-packages/airflow/example_dags/example_setup_teardown.py for tasks to queue
[2025-06-28T04:36:43.600+0000] {logging_mixin.py:188} INFO - [2025-06-28T04:36:43.600+0000] {dagbag.py:538} INFO - Filling up the DagBag from /home/airflow/.local/lib/python3.8/site-packages/airflow/example_dags/example_setup_teardown.py
[2025-06-28T04:36:43.604+0000] {processor.py:840} INFO - DAG(s) 'example_setup_teardown' retrieved from /home/airflow/.local/lib/python3.8/site-packages/airflow/example_dags/example_setup_teardown.py
[2025-06-28T04:36:43.616+0000] {logging_mixin.py:188} INFO - [2025-06-28T04:36:43.616+0000] {dag.py:3036} INFO - Sync 1 DAGs
[2025-06-28T04:36:43.628+0000] {logging_mixin.py:188} INFO - [2025-06-28T04:36:43.627+0000] {dag.py:3823} INFO - Setting next_dagrun for example_setup_teardown to 2025-06-27 00:00:00+00:00, run_after=2025-06-28 00:00:00+00:00
[2025-06-28T04:36:43.638+0000] {processor.py:183} INFO - Processing /home/airflow/.local/lib/python3.8/site-packages/airflow/example_dags/example_setup_teardown.py took 0.041 seconds
[2025-06-28T04:37:13.805+0000] {processor.py:161} INFO - Started process (PID=2595) to work on /home/airflow/.local/lib/python3.8/site-packages/airflow/example_dags/example_setup_teardown.py
[2025-06-28T04:37:13.805+0000] {processor.py:830} INFO - Processing file /home/airflow/.local/lib/python3.8/site-packages/airflow/example_dags/example_setup_teardown.py for tasks to queue
[2025-06-28T04:37:13.807+0000] {logging_mixin.py:188} INFO - [2025-06-28T04:37:13.806+0000] {dagbag.py:538} INFO - Filling up the DagBag from /home/airflow/.local/lib/python3.8/site-packages/airflow/example_dags/example_setup_teardown.py
[2025-06-28T04:37:13.813+0000] {processor.py:840} INFO - DAG(s) 'example_setup_teardown' retrieved from /home/airflow/.local/lib/python3.8/site-packages/airflow/example_dags/example_setup_teardown.py
[2025-06-28T04:37:13.831+0000] {logging_mixin.py:188} INFO - [2025-06-28T04:37:13.830+0000] {dag.py:3036} INFO - Sync 1 DAGs
[2025-06-28T04:37:13.842+0000] {logging_mixin.py:188} INFO - [2025-06-28T04:37:13.842+0000] {dag.py:3823} INFO - Setting next_dagrun for example_setup_teardown to 2025-06-27 00:00:00+00:00, run_after=2025-06-28 00:00:00+00:00
[2025-06-28T04:37:13.854+0000] {processor.py:183} INFO - Processing /home/airflow/.local/lib/python3.8/site-packages/airflow/example_dags/example_setup_teardown.py took 0.052 seconds
[2025-06-28T04:37:44.868+0000] {processor.py:161} INFO - Started process (PID=2845) to work on /home/airflow/.local/lib/python3.8/site-packages/airflow/example_dags/example_setup_teardown.py
[2025-06-28T04:37:44.871+0000] {processor.py:830} INFO - Processing file /home/airflow/.local/lib/python3.8/site-packages/airflow/example_dags/example_setup_teardown.py for tasks to queue
[2025-06-28T04:37:44.873+0000] {logging_mixin.py:188} INFO - [2025-06-28T04:37:44.872+0000] {dagbag.py:538} INFO - Filling up the DagBag from /home/airflow/.local/lib/python3.8/site-packages/airflow/example_dags/example_setup_teardown.py
[2025-06-28T04:37:44.880+0000] {processor.py:840} INFO - DAG(s) 'example_setup_teardown' retrieved from /home/airflow/.local/lib/python3.8/site-packages/airflow/example_dags/example_setup_teardown.py
[2025-06-28T04:37:44.900+0000] {logging_mixin.py:188} INFO - [2025-06-28T04:37:44.900+0000] {dag.py:3036} INFO - Sync 1 DAGs
[2025-06-28T04:37:44.912+0000] {logging_mixin.py:188} INFO - [2025-06-28T04:37:44.912+0000] {dag.py:3823} INFO - Setting next_dagrun for example_setup_teardown to 2025-06-27 00:00:00+00:00, run_after=2025-06-28 00:00:00+00:00
[2025-06-28T04:37:44.923+0000] {processor.py:183} INFO - Processing /home/airflow/.local/lib/python3.8/site-packages/airflow/example_dags/example_setup_teardown.py took 0.059 seconds
[2025-06-28T04:38:15.232+0000] {processor.py:161} INFO - Started process (PID=3098) to work on /home/airflow/.local/lib/python3.8/site-packages/airflow/example_dags/example_setup_teardown.py
[2025-06-28T04:38:15.233+0000] {processor.py:830} INFO - Processing file /home/airflow/.local/lib/python3.8/site-packages/airflow/example_dags/example_setup_teardown.py for tasks to queue
[2025-06-28T04:38:15.236+0000] {logging_mixin.py:188} INFO - [2025-06-28T04:38:15.235+0000] {dagbag.py:538} INFO - Filling up the DagBag from /home/airflow/.local/lib/python3.8/site-packages/airflow/example_dags/example_setup_teardown.py
[2025-06-28T04:38:15.243+0000] {processor.py:840} INFO - DAG(s) 'example_setup_teardown' retrieved from /home/airflow/.local/lib/python3.8/site-packages/airflow/example_dags/example_setup_teardown.py
[2025-06-28T04:38:15.261+0000] {logging_mixin.py:188} INFO - [2025-06-28T04:38:15.261+0000] {dag.py:3036} INFO - Sync 1 DAGs
[2025-06-28T04:38:15.276+0000] {logging_mixin.py:188} INFO - [2025-06-28T04:38:15.276+0000] {dag.py:3823} INFO - Setting next_dagrun for example_setup_teardown to 2025-06-27 00:00:00+00:00, run_after=2025-06-28 00:00:00+00:00
[2025-06-28T04:38:15.288+0000] {processor.py:183} INFO - Processing /home/airflow/.local/lib/python3.8/site-packages/airflow/example_dags/example_setup_teardown.py took 0.061 seconds
[2025-06-28T04:38:45.537+0000] {processor.py:161} INFO - Started process (PID=3348) to work on /home/airflow/.local/lib/python3.8/site-packages/airflow/example_dags/example_setup_teardown.py
[2025-06-28T04:38:45.537+0000] {processor.py:830} INFO - Processing file /home/airflow/.local/lib/python3.8/site-packages/airflow/example_dags/example_setup_teardown.py for tasks to queue
[2025-06-28T04:38:45.538+0000] {logging_mixin.py:188} INFO - [2025-06-28T04:38:45.538+0000] {dagbag.py:538} INFO - Filling up the DagBag from /home/airflow/.local/lib/python3.8/site-packages/airflow/example_dags/example_setup_teardown.py
[2025-06-28T04:38:45.543+0000] {processor.py:840} INFO - DAG(s) 'example_setup_teardown' retrieved from /home/airflow/.local/lib/python3.8/site-packages/airflow/example_dags/example_setup_teardown.py
[2025-06-28T04:38:45.559+0000] {logging_mixin.py:188} INFO - [2025-06-28T04:38:45.559+0000] {dag.py:3036} INFO - Sync 1 DAGs
[2025-06-28T04:38:45.573+0000] {logging_mixin.py:188} INFO - [2025-06-28T04:38:45.573+0000] {dag.py:3823} INFO - Setting next_dagrun for example_setup_teardown to 2025-06-27 00:00:00+00:00, run_after=2025-06-28 00:00:00+00:00
[2025-06-28T04:38:45.588+0000] {processor.py:183} INFO - Processing /home/airflow/.local/lib/python3.8/site-packages/airflow/example_dags/example_setup_teardown.py took 0.054 seconds
[2025-06-28T04:39:15.722+0000] {processor.py:161} INFO - Started process (PID=3598) to work on /home/airflow/.local/lib/python3.8/site-packages/airflow/example_dags/example_setup_teardown.py
[2025-06-28T04:39:15.723+0000] {processor.py:830} INFO - Processing file /home/airflow/.local/lib/python3.8/site-packages/airflow/example_dags/example_setup_teardown.py for tasks to queue
[2025-06-28T04:39:15.724+0000] {logging_mixin.py:188} INFO - [2025-06-28T04:39:15.724+0000] {dagbag.py:538} INFO - Filling up the DagBag from /home/airflow/.local/lib/python3.8/site-packages/airflow/example_dags/example_setup_teardown.py
[2025-06-28T04:39:15.729+0000] {processor.py:840} INFO - DAG(s) 'example_setup_teardown' retrieved from /home/airflow/.local/lib/python3.8/site-packages/airflow/example_dags/example_setup_teardown.py
[2025-06-28T04:39:15.749+0000] {logging_mixin.py:188} INFO - [2025-06-28T04:39:15.748+0000] {dag.py:3036} INFO - Sync 1 DAGs
[2025-06-28T04:39:15.765+0000] {logging_mixin.py:188} INFO - [2025-06-28T04:39:15.765+0000] {dag.py:3823} INFO - Setting next_dagrun for example_setup_teardown to 2025-06-27 00:00:00+00:00, run_after=2025-06-28 00:00:00+00:00
[2025-06-28T04:39:15.781+0000] {processor.py:183} INFO - Processing /home/airflow/.local/lib/python3.8/site-packages/airflow/example_dags/example_setup_teardown.py took 0.062 seconds
[2025-06-28T04:39:45.947+0000] {processor.py:161} INFO - Started process (PID=3848) to work on /home/airflow/.local/lib/python3.8/site-packages/airflow/example_dags/example_setup_teardown.py
[2025-06-28T04:39:45.948+0000] {processor.py:830} INFO - Processing file /home/airflow/.local/lib/python3.8/site-packages/airflow/example_dags/example_setup_teardown.py for tasks to queue
[2025-06-28T04:39:45.949+0000] {logging_mixin.py:188} INFO - [2025-06-28T04:39:45.949+0000] {dagbag.py:538} INFO - Filling up the DagBag from /home/airflow/.local/lib/python3.8/site-packages/airflow/example_dags/example_setup_teardown.py
[2025-06-28T04:39:45.954+0000] {processor.py:840} INFO - DAG(s) 'example_setup_teardown' retrieved from /home/airflow/.local/lib/python3.8/site-packages/airflow/example_dags/example_setup_teardown.py
[2025-06-28T04:39:45.966+0000] {logging_mixin.py:188} INFO - [2025-06-28T04:39:45.966+0000] {dag.py:3036} INFO - Sync 1 DAGs
[2025-06-28T04:39:45.981+0000] {logging_mixin.py:188} INFO - [2025-06-28T04:39:45.981+0000] {dag.py:3823} INFO - Setting next_dagrun for example_setup_teardown to 2025-06-27 00:00:00+00:00, run_after=2025-06-28 00:00:00+00:00
[2025-06-28T04:39:45.995+0000] {processor.py:183} INFO - Processing /home/airflow/.local/lib/python3.8/site-packages/airflow/example_dags/example_setup_teardown.py took 0.051 seconds
[2025-06-28T04:40:16.267+0000] {processor.py:161} INFO - Started process (PID=4098) to work on /home/airflow/.local/lib/python3.8/site-packages/airflow/example_dags/example_setup_teardown.py
[2025-06-28T04:40:16.268+0000] {processor.py:830} INFO - Processing file /home/airflow/.local/lib/python3.8/site-packages/airflow/example_dags/example_setup_teardown.py for tasks to queue
[2025-06-28T04:40:16.270+0000] {logging_mixin.py:188} INFO - [2025-06-28T04:40:16.269+0000] {dagbag.py:538} INFO - Filling up the DagBag from /home/airflow/.local/lib/python3.8/site-packages/airflow/example_dags/example_setup_teardown.py
[2025-06-28T04:40:16.276+0000] {processor.py:840} INFO - DAG(s) 'example_setup_teardown' retrieved from /home/airflow/.local/lib/python3.8/site-packages/airflow/example_dags/example_setup_teardown.py
[2025-06-28T04:40:16.290+0000] {logging_mixin.py:188} INFO - [2025-06-28T04:40:16.289+0000] {dag.py:3036} INFO - Sync 1 DAGs
[2025-06-28T04:40:16.305+0000] {logging_mixin.py:188} INFO - [2025-06-28T04:40:16.305+0000] {dag.py:3823} INFO - Setting next_dagrun for example_setup_teardown to 2025-06-27 00:00:00+00:00, run_after=2025-06-28 00:00:00+00:00
[2025-06-28T04:40:16.321+0000] {processor.py:183} INFO - Processing /home/airflow/.local/lib/python3.8/site-packages/airflow/example_dags/example_setup_teardown.py took 0.058 seconds
[2025-06-28T04:40:46.626+0000] {processor.py:161} INFO - Started process (PID=4348) to work on /home/airflow/.local/lib/python3.8/site-packages/airflow/example_dags/example_setup_teardown.py
[2025-06-28T04:40:46.627+0000] {processor.py:830} INFO - Processing file /home/airflow/.local/lib/python3.8/site-packages/airflow/example_dags/example_setup_teardown.py for tasks to queue
[2025-06-28T04:40:46.628+0000] {logging_mixin.py:188} INFO - [2025-06-28T04:40:46.628+0000] {dagbag.py:538} INFO - Filling up the DagBag from /home/airflow/.local/lib/python3.8/site-packages/airflow/example_dags/example_setup_teardown.py
[2025-06-28T04:40:46.633+0000] {processor.py:840} INFO - DAG(s) 'example_setup_teardown' retrieved from /home/airflow/.local/lib/python3.8/site-packages/airflow/example_dags/example_setup_teardown.py
[2025-06-28T04:40:46.648+0000] {logging_mixin.py:188} INFO - [2025-06-28T04:40:46.648+0000] {dag.py:3036} INFO - Sync 1 DAGs
[2025-06-28T04:40:46.661+0000] {logging_mixin.py:188} INFO - [2025-06-28T04:40:46.661+0000] {dag.py:3823} INFO - Setting next_dagrun for example_setup_teardown to 2025-06-27 00:00:00+00:00, run_after=2025-06-28 00:00:00+00:00
[2025-06-28T04:40:46.673+0000] {processor.py:183} INFO - Processing /home/airflow/.local/lib/python3.8/site-packages/airflow/example_dags/example_setup_teardown.py took 0.051 seconds
[2025-06-28T04:41:17.100+0000] {processor.py:161} INFO - Started process (PID=4598) to work on /home/airflow/.local/lib/python3.8/site-packages/airflow/example_dags/example_setup_teardown.py
[2025-06-28T04:41:17.101+0000] {processor.py:830} INFO - Processing file /home/airflow/.local/lib/python3.8/site-packages/airflow/example_dags/example_setup_teardown.py for tasks to queue
[2025-06-28T04:41:17.102+0000] {logging_mixin.py:188} INFO - [2025-06-28T04:41:17.102+0000] {dagbag.py:538} INFO - Filling up the DagBag from /home/airflow/.local/lib/python3.8/site-packages/airflow/example_dags/example_setup_teardown.py
[2025-06-28T04:41:17.107+0000] {processor.py:840} INFO - DAG(s) 'example_setup_teardown' retrieved from /home/airflow/.local/lib/python3.8/site-packages/airflow/example_dags/example_setup_teardown.py
[2025-06-28T04:41:17.121+0000] {logging_mixin.py:188} INFO - [2025-06-28T04:41:17.121+0000] {dag.py:3036} INFO - Sync 1 DAGs
[2025-06-28T04:41:17.138+0000] {logging_mixin.py:188} INFO - [2025-06-28T04:41:17.137+0000] {dag.py:3823} INFO - Setting next_dagrun for example_setup_teardown to 2025-06-27 00:00:00+00:00, run_after=2025-06-28 00:00:00+00:00
[2025-06-28T04:41:17.153+0000] {processor.py:183} INFO - Processing /home/airflow/.local/lib/python3.8/site-packages/airflow/example_dags/example_setup_teardown.py took 0.056 seconds
[2025-06-28T04:41:47.416+0000] {processor.py:161} INFO - Started process (PID=4848) to work on /home/airflow/.local/lib/python3.8/site-packages/airflow/example_dags/example_setup_teardown.py
[2025-06-28T04:41:47.418+0000] {processor.py:830} INFO - Processing file /home/airflow/.local/lib/python3.8/site-packages/airflow/example_dags/example_setup_teardown.py for tasks to queue
[2025-06-28T04:41:47.420+0000] {logging_mixin.py:188} INFO - [2025-06-28T04:41:47.420+0000] {dagbag.py:538} INFO - Filling up the DagBag from /home/airflow/.local/lib/python3.8/site-packages/airflow/example_dags/example_setup_teardown.py
[2025-06-28T04:41:47.425+0000] {processor.py:840} INFO - DAG(s) 'example_setup_teardown' retrieved from /home/airflow/.local/lib/python3.8/site-packages/airflow/example_dags/example_setup_teardown.py
[2025-06-28T04:41:47.439+0000] {logging_mixin.py:188} INFO - [2025-06-28T04:41:47.439+0000] {dag.py:3036} INFO - Sync 1 DAGs
[2025-06-28T04:41:47.452+0000] {logging_mixin.py:188} INFO - [2025-06-28T04:41:47.451+0000] {dag.py:3823} INFO - Setting next_dagrun for example_setup_teardown to 2025-06-27 00:00:00+00:00, run_after=2025-06-28 00:00:00+00:00
[2025-06-28T04:41:47.468+0000] {processor.py:183} INFO - Processing /home/airflow/.local/lib/python3.8/site-packages/airflow/example_dags/example_setup_teardown.py took 0.056 seconds
[2025-06-28T04:42:17.734+0000] {processor.py:161} INFO - Started process (PID=5098) to work on /home/airflow/.local/lib/python3.8/site-packages/airflow/example_dags/example_setup_teardown.py
[2025-06-28T04:42:17.735+0000] {processor.py:830} INFO - Processing file /home/airflow/.local/lib/python3.8/site-packages/airflow/example_dags/example_setup_teardown.py for tasks to queue
[2025-06-28T04:42:17.736+0000] {logging_mixin.py:188} INFO - [2025-06-28T04:42:17.736+0000] {dagbag.py:538} INFO - Filling up the DagBag from /home/airflow/.local/lib/python3.8/site-packages/airflow/example_dags/example_setup_teardown.py
[2025-06-28T04:42:17.740+0000] {processor.py:840} INFO - DAG(s) 'example_setup_teardown' retrieved from /home/airflow/.local/lib/python3.8/site-packages/airflow/example_dags/example_setup_teardown.py
[2025-06-28T04:42:17.755+0000] {logging_mixin.py:188} INFO - [2025-06-28T04:42:17.755+0000] {dag.py:3036} INFO - Sync 1 DAGs
[2025-06-28T04:42:17.769+0000] {logging_mixin.py:188} INFO - [2025-06-28T04:42:17.769+0000] {dag.py:3823} INFO - Setting next_dagrun for example_setup_teardown to 2025-06-27 00:00:00+00:00, run_after=2025-06-28 00:00:00+00:00
[2025-06-28T04:42:17.783+0000] {processor.py:183} INFO - Processing /home/airflow/.local/lib/python3.8/site-packages/airflow/example_dags/example_setup_teardown.py took 0.053 seconds
[2025-06-28T04:42:48.038+0000] {processor.py:161} INFO - Started process (PID=5348) to work on /home/airflow/.local/lib/python3.8/site-packages/airflow/example_dags/example_setup_teardown.py
[2025-06-28T04:42:48.039+0000] {processor.py:830} INFO - Processing file /home/airflow/.local/lib/python3.8/site-packages/airflow/example_dags/example_setup_teardown.py for tasks to queue
[2025-06-28T04:42:48.041+0000] {logging_mixin.py:188} INFO - [2025-06-28T04:42:48.041+0000] {dagbag.py:538} INFO - Filling up the DagBag from /home/airflow/.local/lib/python3.8/site-packages/airflow/example_dags/example_setup_teardown.py
[2025-06-28T04:42:48.048+0000] {processor.py:840} INFO - DAG(s) 'example_setup_teardown' retrieved from /home/airflow/.local/lib/python3.8/site-packages/airflow/example_dags/example_setup_teardown.py
[2025-06-28T04:42:48.060+0000] {logging_mixin.py:188} INFO - [2025-06-28T04:42:48.060+0000] {dag.py:3036} INFO - Sync 1 DAGs
[2025-06-28T04:42:48.075+0000] {logging_mixin.py:188} INFO - [2025-06-28T04:42:48.075+0000] {dag.py:3823} INFO - Setting next_dagrun for example_setup_teardown to 2025-06-27 00:00:00+00:00, run_after=2025-06-28 00:00:00+00:00
[2025-06-28T04:42:48.089+0000] {processor.py:183} INFO - Processing /home/airflow/.local/lib/python3.8/site-packages/airflow/example_dags/example_setup_teardown.py took 0.057 seconds
[2025-06-28T04:43:18.285+0000] {processor.py:161} INFO - Started process (PID=5598) to work on /home/airflow/.local/lib/python3.8/site-packages/airflow/example_dags/example_setup_teardown.py
[2025-06-28T04:43:18.286+0000] {processor.py:830} INFO - Processing file /home/airflow/.local/lib/python3.8/site-packages/airflow/example_dags/example_setup_teardown.py for tasks to queue
[2025-06-28T04:43:18.287+0000] {logging_mixin.py:188} INFO - [2025-06-28T04:43:18.287+0000] {dagbag.py:538} INFO - Filling up the DagBag from /home/airflow/.local/lib/python3.8/site-packages/airflow/example_dags/example_setup_teardown.py
[2025-06-28T04:43:18.291+0000] {processor.py:840} INFO - DAG(s) 'example_setup_teardown' retrieved from /home/airflow/.local/lib/python3.8/site-packages/airflow/example_dags/example_setup_teardown.py
[2025-06-28T04:43:18.310+0000] {logging_mixin.py:188} INFO - [2025-06-28T04:43:18.309+0000] {dag.py:3036} INFO - Sync 1 DAGs
[2025-06-28T04:43:18.329+0000] {logging_mixin.py:188} INFO - [2025-06-28T04:43:18.329+0000] {dag.py:3823} INFO - Setting next_dagrun for example_setup_teardown to 2025-06-27 00:00:00+00:00, run_after=2025-06-28 00:00:00+00:00
[2025-06-28T04:43:18.346+0000] {processor.py:183} INFO - Processing /home/airflow/.local/lib/python3.8/site-packages/airflow/example_dags/example_setup_teardown.py took 0.063 seconds
[2025-06-28T04:43:48.819+0000] {processor.py:161} INFO - Started process (PID=5848) to work on /home/airflow/.local/lib/python3.8/site-packages/airflow/example_dags/example_setup_teardown.py
[2025-06-28T04:43:48.819+0000] {processor.py:830} INFO - Processing file /home/airflow/.local/lib/python3.8/site-packages/airflow/example_dags/example_setup_teardown.py for tasks to queue
[2025-06-28T04:43:48.820+0000] {logging_mixin.py:188} INFO - [2025-06-28T04:43:48.820+0000] {dagbag.py:538} INFO - Filling up the DagBag from /home/airflow/.local/lib/python3.8/site-packages/airflow/example_dags/example_setup_teardown.py
[2025-06-28T04:43:48.824+0000] {processor.py:840} INFO - DAG(s) 'example_setup_teardown' retrieved from /home/airflow/.local/lib/python3.8/site-packages/airflow/example_dags/example_setup_teardown.py
[2025-06-28T04:43:48.844+0000] {logging_mixin.py:188} INFO - [2025-06-28T04:43:48.844+0000] {dag.py:3036} INFO - Sync 1 DAGs
[2025-06-28T04:43:48.857+0000] {logging_mixin.py:188} INFO - [2025-06-28T04:43:48.857+0000] {dag.py:3823} INFO - Setting next_dagrun for example_setup_teardown to 2025-06-27 00:00:00+00:00, run_after=2025-06-28 00:00:00+00:00
[2025-06-28T04:43:48.870+0000] {processor.py:183} INFO - Processing /home/airflow/.local/lib/python3.8/site-packages/airflow/example_dags/example_setup_teardown.py took 0.054 seconds
[2025-06-28T04:44:19.208+0000] {processor.py:161} INFO - Started process (PID=6098) to work on /home/airflow/.local/lib/python3.8/site-packages/airflow/example_dags/example_setup_teardown.py
[2025-06-28T04:44:19.209+0000] {processor.py:830} INFO - Processing file /home/airflow/.local/lib/python3.8/site-packages/airflow/example_dags/example_setup_teardown.py for tasks to queue
[2025-06-28T04:44:19.212+0000] {logging_mixin.py:188} INFO - [2025-06-28T04:44:19.211+0000] {dagbag.py:538} INFO - Filling up the DagBag from /home/airflow/.local/lib/python3.8/site-packages/airflow/example_dags/example_setup_teardown.py
[2025-06-28T04:44:19.217+0000] {processor.py:840} INFO - DAG(s) 'example_setup_teardown' retrieved from /home/airflow/.local/lib/python3.8/site-packages/airflow/example_dags/example_setup_teardown.py
[2025-06-28T04:44:19.233+0000] {logging_mixin.py:188} INFO - [2025-06-28T04:44:19.233+0000] {dag.py:3036} INFO - Sync 1 DAGs
[2025-06-28T04:44:19.249+0000] {logging_mixin.py:188} INFO - [2025-06-28T04:44:19.249+0000] {dag.py:3823} INFO - Setting next_dagrun for example_setup_teardown to 2025-06-27 00:00:00+00:00, run_after=2025-06-28 00:00:00+00:00
[2025-06-28T04:44:19.269+0000] {processor.py:183} INFO - Processing /home/airflow/.local/lib/python3.8/site-packages/airflow/example_dags/example_setup_teardown.py took 0.066 seconds
[2025-06-28T04:44:49.419+0000] {processor.py:161} INFO - Started process (PID=6348) to work on /home/airflow/.local/lib/python3.8/site-packages/airflow/example_dags/example_setup_teardown.py
[2025-06-28T04:44:49.420+0000] {processor.py:830} INFO - Processing file /home/airflow/.local/lib/python3.8/site-packages/airflow/example_dags/example_setup_teardown.py for tasks to queue
[2025-06-28T04:44:49.422+0000] {logging_mixin.py:188} INFO - [2025-06-28T04:44:49.422+0000] {dagbag.py:538} INFO - Filling up the DagBag from /home/airflow/.local/lib/python3.8/site-packages/airflow/example_dags/example_setup_teardown.py
[2025-06-28T04:44:49.430+0000] {processor.py:840} INFO - DAG(s) 'example_setup_teardown' retrieved from /home/airflow/.local/lib/python3.8/site-packages/airflow/example_dags/example_setup_teardown.py
[2025-06-28T04:44:49.447+0000] {logging_mixin.py:188} INFO - [2025-06-28T04:44:49.447+0000] {dag.py:3036} INFO - Sync 1 DAGs
[2025-06-28T04:44:49.465+0000] {logging_mixin.py:188} INFO - [2025-06-28T04:44:49.465+0000] {dag.py:3823} INFO - Setting next_dagrun for example_setup_teardown to 2025-06-27 00:00:00+00:00, run_after=2025-06-28 00:00:00+00:00
[2025-06-28T04:44:49.478+0000] {processor.py:183} INFO - Processing /home/airflow/.local/lib/python3.8/site-packages/airflow/example_dags/example_setup_teardown.py took 0.063 seconds
[2025-06-28T04:45:19.580+0000] {processor.py:161} INFO - Started process (PID=6598) to work on /home/airflow/.local/lib/python3.8/site-packages/airflow/example_dags/example_setup_teardown.py
[2025-06-28T04:45:19.581+0000] {processor.py:830} INFO - Processing file /home/airflow/.local/lib/python3.8/site-packages/airflow/example_dags/example_setup_teardown.py for tasks to queue
[2025-06-28T04:45:19.583+0000] {logging_mixin.py:188} INFO - [2025-06-28T04:45:19.582+0000] {dagbag.py:538} INFO - Filling up the DagBag from /home/airflow/.local/lib/python3.8/site-packages/airflow/example_dags/example_setup_teardown.py
[2025-06-28T04:45:19.588+0000] {processor.py:840} INFO - DAG(s) 'example_setup_teardown' retrieved from /home/airflow/.local/lib/python3.8/site-packages/airflow/example_dags/example_setup_teardown.py
[2025-06-28T04:45:19.603+0000] {logging_mixin.py:188} INFO - [2025-06-28T04:45:19.603+0000] {dag.py:3036} INFO - Sync 1 DAGs
[2025-06-28T04:45:19.617+0000] {logging_mixin.py:188} INFO - [2025-06-28T04:45:19.617+0000] {dag.py:3823} INFO - Setting next_dagrun for example_setup_teardown to 2025-06-27 00:00:00+00:00, run_after=2025-06-28 00:00:00+00:00
[2025-06-28T04:45:19.630+0000] {processor.py:183} INFO - Processing /home/airflow/.local/lib/python3.8/site-packages/airflow/example_dags/example_setup_teardown.py took 0.053 seconds
[2025-06-28T04:45:50.092+0000] {processor.py:161} INFO - Started process (PID=6848) to work on /home/airflow/.local/lib/python3.8/site-packages/airflow/example_dags/example_setup_teardown.py
[2025-06-28T04:45:50.094+0000] {processor.py:830} INFO - Processing file /home/airflow/.local/lib/python3.8/site-packages/airflow/example_dags/example_setup_teardown.py for tasks to queue
[2025-06-28T04:45:50.097+0000] {logging_mixin.py:188} INFO - [2025-06-28T04:45:50.097+0000] {dagbag.py:538} INFO - Filling up the DagBag from /home/airflow/.local/lib/python3.8/site-packages/airflow/example_dags/example_setup_teardown.py
[2025-06-28T04:45:50.105+0000] {processor.py:840} INFO - DAG(s) 'example_setup_teardown' retrieved from /home/airflow/.local/lib/python3.8/site-packages/airflow/example_dags/example_setup_teardown.py
[2025-06-28T04:45:50.119+0000] {logging_mixin.py:188} INFO - [2025-06-28T04:45:50.119+0000] {dag.py:3036} INFO - Sync 1 DAGs
[2025-06-28T04:45:50.134+0000] {logging_mixin.py:188} INFO - [2025-06-28T04:45:50.134+0000] {dag.py:3823} INFO - Setting next_dagrun for example_setup_teardown to 2025-06-27 00:00:00+00:00, run_after=2025-06-28 00:00:00+00:00
[2025-06-28T04:45:50.147+0000] {processor.py:183} INFO - Processing /home/airflow/.local/lib/python3.8/site-packages/airflow/example_dags/example_setup_teardown.py took 0.061 seconds
[2025-06-28T04:46:20.445+0000] {processor.py:161} INFO - Started process (PID=7098) to work on /home/airflow/.local/lib/python3.8/site-packages/airflow/example_dags/example_setup_teardown.py
[2025-06-28T04:46:20.446+0000] {processor.py:830} INFO - Processing file /home/airflow/.local/lib/python3.8/site-packages/airflow/example_dags/example_setup_teardown.py for tasks to queue
[2025-06-28T04:46:20.447+0000] {logging_mixin.py:188} INFO - [2025-06-28T04:46:20.447+0000] {dagbag.py:538} INFO - Filling up the DagBag from /home/airflow/.local/lib/python3.8/site-packages/airflow/example_dags/example_setup_teardown.py
[2025-06-28T04:46:20.451+0000] {processor.py:840} INFO - DAG(s) 'example_setup_teardown' retrieved from /home/airflow/.local/lib/python3.8/site-packages/airflow/example_dags/example_setup_teardown.py
[2025-06-28T04:46:20.465+0000] {logging_mixin.py:188} INFO - [2025-06-28T04:46:20.465+0000] {dag.py:3036} INFO - Sync 1 DAGs
[2025-06-28T04:46:20.481+0000] {logging_mixin.py:188} INFO - [2025-06-28T04:46:20.481+0000] {dag.py:3823} INFO - Setting next_dagrun for example_setup_teardown to 2025-06-27 00:00:00+00:00, run_after=2025-06-28 00:00:00+00:00
[2025-06-28T04:46:20.498+0000] {processor.py:183} INFO - Processing /home/airflow/.local/lib/python3.8/site-packages/airflow/example_dags/example_setup_teardown.py took 0.055 seconds
[2025-06-28T04:46:51.211+0000] {processor.py:161} INFO - Started process (PID=7348) to work on /home/airflow/.local/lib/python3.8/site-packages/airflow/example_dags/example_setup_teardown.py
[2025-06-28T04:46:51.212+0000] {processor.py:830} INFO - Processing file /home/airflow/.local/lib/python3.8/site-packages/airflow/example_dags/example_setup_teardown.py for tasks to queue
[2025-06-28T04:46:51.213+0000] {logging_mixin.py:188} INFO - [2025-06-28T04:46:51.213+0000] {dagbag.py:538} INFO - Filling up the DagBag from /home/airflow/.local/lib/python3.8/site-packages/airflow/example_dags/example_setup_teardown.py
[2025-06-28T04:46:51.216+0000] {processor.py:840} INFO - DAG(s) 'example_setup_teardown' retrieved from /home/airflow/.local/lib/python3.8/site-packages/airflow/example_dags/example_setup_teardown.py
[2025-06-28T04:46:51.230+0000] {logging_mixin.py:188} INFO - [2025-06-28T04:46:51.230+0000] {dag.py:3036} INFO - Sync 1 DAGs
[2025-06-28T04:46:51.243+0000] {logging_mixin.py:188} INFO - [2025-06-28T04:46:51.243+0000] {dag.py:3823} INFO - Setting next_dagrun for example_setup_teardown to 2025-06-27 00:00:00+00:00, run_after=2025-06-28 00:00:00+00:00
[2025-06-28T04:46:51.253+0000] {processor.py:183} INFO - Processing /home/airflow/.local/lib/python3.8/site-packages/airflow/example_dags/example_setup_teardown.py took 0.044 seconds
[2025-06-28T04:47:21.416+0000] {processor.py:161} INFO - Started process (PID=7598) to work on /home/airflow/.local/lib/python3.8/site-packages/airflow/example_dags/example_setup_teardown.py
[2025-06-28T04:47:21.417+0000] {processor.py:830} INFO - Processing file /home/airflow/.local/lib/python3.8/site-packages/airflow/example_dags/example_setup_teardown.py for tasks to queue
[2025-06-28T04:47:21.418+0000] {logging_mixin.py:188} INFO - [2025-06-28T04:47:21.418+0000] {dagbag.py:538} INFO - Filling up the DagBag from /home/airflow/.local/lib/python3.8/site-packages/airflow/example_dags/example_setup_teardown.py
[2025-06-28T04:47:21.422+0000] {processor.py:840} INFO - DAG(s) 'example_setup_teardown' retrieved from /home/airflow/.local/lib/python3.8/site-packages/airflow/example_dags/example_setup_teardown.py
[2025-06-28T04:47:21.439+0000] {logging_mixin.py:188} INFO - [2025-06-28T04:47:21.438+0000] {dag.py:3036} INFO - Sync 1 DAGs
[2025-06-28T04:47:21.454+0000] {logging_mixin.py:188} INFO - [2025-06-28T04:47:21.454+0000] {dag.py:3823} INFO - Setting next_dagrun for example_setup_teardown to 2025-06-27 00:00:00+00:00, run_after=2025-06-28 00:00:00+00:00
[2025-06-28T04:47:21.468+0000] {processor.py:183} INFO - Processing /home/airflow/.local/lib/python3.8/site-packages/airflow/example_dags/example_setup_teardown.py took 0.054 seconds
[2025-06-28T04:47:51.573+0000] {processor.py:161} INFO - Started process (PID=7848) to work on /home/airflow/.local/lib/python3.8/site-packages/airflow/example_dags/example_setup_teardown.py
[2025-06-28T04:47:51.575+0000] {processor.py:830} INFO - Processing file /home/airflow/.local/lib/python3.8/site-packages/airflow/example_dags/example_setup_teardown.py for tasks to queue
[2025-06-28T04:47:51.577+0000] {logging_mixin.py:188} INFO - [2025-06-28T04:47:51.577+0000] {dagbag.py:538} INFO - Filling up the DagBag from /home/airflow/.local/lib/python3.8/site-packages/airflow/example_dags/example_setup_teardown.py
[2025-06-28T04:47:51.584+0000] {processor.py:840} INFO - DAG(s) 'example_setup_teardown' retrieved from /home/airflow/.local/lib/python3.8/site-packages/airflow/example_dags/example_setup_teardown.py
[2025-06-28T04:47:51.599+0000] {logging_mixin.py:188} INFO - [2025-06-28T04:47:51.599+0000] {dag.py:3036} INFO - Sync 1 DAGs
[2025-06-28T04:47:51.612+0000] {logging_mixin.py:188} INFO - [2025-06-28T04:47:51.612+0000] {dag.py:3823} INFO - Setting next_dagrun for example_setup_teardown to 2025-06-27 00:00:00+00:00, run_after=2025-06-28 00:00:00+00:00
[2025-06-28T04:47:51.622+0000] {processor.py:183} INFO - Processing /home/airflow/.local/lib/python3.8/site-packages/airflow/example_dags/example_setup_teardown.py took 0.053 seconds
[2025-06-28T04:48:21.841+0000] {processor.py:161} INFO - Started process (PID=8100) to work on /home/airflow/.local/lib/python3.8/site-packages/airflow/example_dags/example_setup_teardown.py
[2025-06-28T04:48:21.841+0000] {processor.py:830} INFO - Processing file /home/airflow/.local/lib/python3.8/site-packages/airflow/example_dags/example_setup_teardown.py for tasks to queue
[2025-06-28T04:48:21.843+0000] {logging_mixin.py:188} INFO - [2025-06-28T04:48:21.842+0000] {dagbag.py:538} INFO - Filling up the DagBag from /home/airflow/.local/lib/python3.8/site-packages/airflow/example_dags/example_setup_teardown.py
[2025-06-28T04:48:21.854+0000] {processor.py:840} INFO - DAG(s) 'example_setup_teardown' retrieved from /home/airflow/.local/lib/python3.8/site-packages/airflow/example_dags/example_setup_teardown.py
[2025-06-28T04:48:21.873+0000] {logging_mixin.py:188} INFO - [2025-06-28T04:48:21.873+0000] {dag.py:3036} INFO - Sync 1 DAGs
[2025-06-28T04:48:21.888+0000] {logging_mixin.py:188} INFO - [2025-06-28T04:48:21.888+0000] {dag.py:3823} INFO - Setting next_dagrun for example_setup_teardown to 2025-06-27 00:00:00+00:00, run_after=2025-06-28 00:00:00+00:00
[2025-06-28T04:48:21.901+0000] {processor.py:183} INFO - Processing /home/airflow/.local/lib/python3.8/site-packages/airflow/example_dags/example_setup_teardown.py took 0.064 seconds
