[2025-06-28T04:32:38.069+0000] {processor.py:161} INFO - Started process (PID=203) to work on /home/airflow/.local/lib/python3.8/site-packages/airflow/example_dags/example_python_decorator.py
[2025-06-28T04:32:38.070+0000] {processor.py:830} INFO - Processing file /home/airflow/.local/lib/python3.8/site-packages/airflow/example_dags/example_python_decorator.py for tasks to queue
[2025-06-28T04:32:38.072+0000] {logging_mixin.py:188} INFO - [2025-06-28T04:32:38.071+0000] {dagbag.py:538} INFO - Filling up the DagBag from /home/airflow/.local/lib/python3.8/site-packages/airflow/example_dags/example_python_decorator.py
[2025-06-28T04:32:38.103+0000] {processor.py:840} INFO - DAG(s) 'example_python_decorator' retrieved from /home/airflow/.local/lib/python3.8/site-packages/airflow/example_dags/example_python_decorator.py
[2025-06-28T04:32:38.147+0000] {logging_mixin.py:188} INFO - [2025-06-28T04:32:38.146+0000] {dag.py:3036} INFO - Sync 1 DAGs
[2025-06-28T04:32:38.165+0000] {logging_mixin.py:188} INFO - [2025-06-28T04:32:38.164+0000] {dag.py:3823} INFO - Setting next_dagrun for example_python_decorator to None, run_after=None
[2025-06-28T04:32:38.189+0000] {processor.py:183} INFO - Processing /home/airflow/.local/lib/python3.8/site-packages/airflow/example_dags/example_python_decorator.py took 0.124 seconds
[2025-06-28T04:33:09.045+0000] {processor.py:161} INFO - Started process (PID=453) to work on /home/airflow/.local/lib/python3.8/site-packages/airflow/example_dags/example_python_decorator.py
[2025-06-28T04:33:09.045+0000] {processor.py:830} INFO - Processing file /home/airflow/.local/lib/python3.8/site-packages/airflow/example_dags/example_python_decorator.py for tasks to queue
[2025-06-28T04:33:09.046+0000] {logging_mixin.py:188} INFO - [2025-06-28T04:33:09.046+0000] {dagbag.py:538} INFO - Filling up the DagBag from /home/airflow/.local/lib/python3.8/site-packages/airflow/example_dags/example_python_decorator.py
[2025-06-28T04:33:09.053+0000] {processor.py:840} INFO - DAG(s) 'example_python_decorator' retrieved from /home/airflow/.local/lib/python3.8/site-packages/airflow/example_dags/example_python_decorator.py
[2025-06-28T04:33:09.115+0000] {logging_mixin.py:188} INFO - [2025-06-28T04:33:09.114+0000] {dag.py:3036} INFO - Sync 1 DAGs
[2025-06-28T04:33:09.120+0000] {logging_mixin.py:188} INFO - [2025-06-28T04:33:09.120+0000] {dag.py:3823} INFO - Setting next_dagrun for example_python_decorator to None, run_after=None
[2025-06-28T04:33:09.139+0000] {processor.py:183} INFO - Processing /home/airflow/.local/lib/python3.8/site-packages/airflow/example_dags/example_python_decorator.py took 0.096 seconds
[2025-06-28T04:33:39.785+0000] {processor.py:161} INFO - Started process (PID=703) to work on /home/airflow/.local/lib/python3.8/site-packages/airflow/example_dags/example_python_decorator.py
[2025-06-28T04:33:39.785+0000] {processor.py:830} INFO - Processing file /home/airflow/.local/lib/python3.8/site-packages/airflow/example_dags/example_python_decorator.py for tasks to queue
[2025-06-28T04:33:39.787+0000] {logging_mixin.py:188} INFO - [2025-06-28T04:33:39.786+0000] {dagbag.py:538} INFO - Filling up the DagBag from /home/airflow/.local/lib/python3.8/site-packages/airflow/example_dags/example_python_decorator.py
[2025-06-28T04:33:39.796+0000] {processor.py:840} INFO - DAG(s) 'example_python_decorator' retrieved from /home/airflow/.local/lib/python3.8/site-packages/airflow/example_dags/example_python_decorator.py
[2025-06-28T04:33:39.809+0000] {logging_mixin.py:188} INFO - [2025-06-28T04:33:39.808+0000] {dag.py:3036} INFO - Sync 1 DAGs
[2025-06-28T04:33:39.816+0000] {logging_mixin.py:188} INFO - [2025-06-28T04:33:39.816+0000] {dag.py:3823} INFO - Setting next_dagrun for example_python_decorator to None, run_after=None
[2025-06-28T04:33:39.828+0000] {processor.py:183} INFO - Processing /home/airflow/.local/lib/python3.8/site-packages/airflow/example_dags/example_python_decorator.py took 0.046 seconds
[2025-06-28T04:34:10.226+0000] {processor.py:161} INFO - Started process (PID=953) to work on /home/airflow/.local/lib/python3.8/site-packages/airflow/example_dags/example_python_decorator.py
[2025-06-28T04:34:10.227+0000] {processor.py:830} INFO - Processing file /home/airflow/.local/lib/python3.8/site-packages/airflow/example_dags/example_python_decorator.py for tasks to queue
[2025-06-28T04:34:10.228+0000] {logging_mixin.py:188} INFO - [2025-06-28T04:34:10.228+0000] {dagbag.py:538} INFO - Filling up the DagBag from /home/airflow/.local/lib/python3.8/site-packages/airflow/example_dags/example_python_decorator.py
[2025-06-28T04:34:10.235+0000] {processor.py:840} INFO - DAG(s) 'example_python_decorator' retrieved from /home/airflow/.local/lib/python3.8/site-packages/airflow/example_dags/example_python_decorator.py
[2025-06-28T04:34:10.247+0000] {logging_mixin.py:188} INFO - [2025-06-28T04:34:10.247+0000] {dag.py:3036} INFO - Sync 1 DAGs
[2025-06-28T04:34:10.254+0000] {logging_mixin.py:188} INFO - [2025-06-28T04:34:10.254+0000] {dag.py:3823} INFO - Setting next_dagrun for example_python_decorator to None, run_after=None
[2025-06-28T04:34:10.263+0000] {processor.py:183} INFO - Processing /home/airflow/.local/lib/python3.8/site-packages/airflow/example_dags/example_python_decorator.py took 0.038 seconds
[2025-06-28T04:34:40.619+0000] {processor.py:161} INFO - Started process (PID=1203) to work on /home/airflow/.local/lib/python3.8/site-packages/airflow/example_dags/example_python_decorator.py
[2025-06-28T04:34:40.620+0000] {processor.py:830} INFO - Processing file /home/airflow/.local/lib/python3.8/site-packages/airflow/example_dags/example_python_decorator.py for tasks to queue
[2025-06-28T04:34:40.621+0000] {logging_mixin.py:188} INFO - [2025-06-28T04:34:40.621+0000] {dagbag.py:538} INFO - Filling up the DagBag from /home/airflow/.local/lib/python3.8/site-packages/airflow/example_dags/example_python_decorator.py
[2025-06-28T04:34:40.628+0000] {processor.py:840} INFO - DAG(s) 'example_python_decorator' retrieved from /home/airflow/.local/lib/python3.8/site-packages/airflow/example_dags/example_python_decorator.py
[2025-06-28T04:34:40.643+0000] {logging_mixin.py:188} INFO - [2025-06-28T04:34:40.643+0000] {dag.py:3036} INFO - Sync 1 DAGs
[2025-06-28T04:34:40.650+0000] {logging_mixin.py:188} INFO - [2025-06-28T04:34:40.650+0000] {dag.py:3823} INFO - Setting next_dagrun for example_python_decorator to None, run_after=None
[2025-06-28T04:34:40.664+0000] {processor.py:183} INFO - Processing /home/airflow/.local/lib/python3.8/site-packages/airflow/example_dags/example_python_decorator.py took 0.047 seconds
[2025-06-28T04:35:11.017+0000] {processor.py:161} INFO - Started process (PID=1453) to work on /home/airflow/.local/lib/python3.8/site-packages/airflow/example_dags/example_python_decorator.py
[2025-06-28T04:35:11.017+0000] {processor.py:830} INFO - Processing file /home/airflow/.local/lib/python3.8/site-packages/airflow/example_dags/example_python_decorator.py for tasks to queue
[2025-06-28T04:35:11.018+0000] {logging_mixin.py:188} INFO - [2025-06-28T04:35:11.018+0000] {dagbag.py:538} INFO - Filling up the DagBag from /home/airflow/.local/lib/python3.8/site-packages/airflow/example_dags/example_python_decorator.py
[2025-06-28T04:35:11.025+0000] {processor.py:840} INFO - DAG(s) 'example_python_decorator' retrieved from /home/airflow/.local/lib/python3.8/site-packages/airflow/example_dags/example_python_decorator.py
[2025-06-28T04:35:11.041+0000] {logging_mixin.py:188} INFO - [2025-06-28T04:35:11.041+0000] {dag.py:3036} INFO - Sync 1 DAGs
[2025-06-28T04:35:11.048+0000] {logging_mixin.py:188} INFO - [2025-06-28T04:35:11.048+0000] {dag.py:3823} INFO - Setting next_dagrun for example_python_decorator to None, run_after=None
[2025-06-28T04:35:11.060+0000] {processor.py:183} INFO - Processing /home/airflow/.local/lib/python3.8/site-packages/airflow/example_dags/example_python_decorator.py took 0.045 seconds
[2025-06-28T04:35:41.547+0000] {processor.py:161} INFO - Started process (PID=1705) to work on /home/airflow/.local/lib/python3.8/site-packages/airflow/example_dags/example_python_decorator.py
[2025-06-28T04:35:41.550+0000] {processor.py:830} INFO - Processing file /home/airflow/.local/lib/python3.8/site-packages/airflow/example_dags/example_python_decorator.py for tasks to queue
[2025-06-28T04:35:41.553+0000] {logging_mixin.py:188} INFO - [2025-06-28T04:35:41.553+0000] {dagbag.py:538} INFO - Filling up the DagBag from /home/airflow/.local/lib/python3.8/site-packages/airflow/example_dags/example_python_decorator.py
[2025-06-28T04:35:41.571+0000] {processor.py:840} INFO - DAG(s) 'example_python_decorator' retrieved from /home/airflow/.local/lib/python3.8/site-packages/airflow/example_dags/example_python_decorator.py
[2025-06-28T04:35:41.589+0000] {logging_mixin.py:188} INFO - [2025-06-28T04:35:41.588+0000] {dag.py:3036} INFO - Sync 1 DAGs
[2025-06-28T04:35:41.597+0000] {logging_mixin.py:188} INFO - [2025-06-28T04:35:41.597+0000] {dag.py:3823} INFO - Setting next_dagrun for example_python_decorator to None, run_after=None
[2025-06-28T04:35:41.611+0000] {processor.py:183} INFO - Processing /home/airflow/.local/lib/python3.8/site-packages/airflow/example_dags/example_python_decorator.py took 0.068 seconds
[2025-06-28T04:36:12.149+0000] {processor.py:161} INFO - Started process (PID=1953) to work on /home/airflow/.local/lib/python3.8/site-packages/airflow/example_dags/example_python_decorator.py
[2025-06-28T04:36:12.150+0000] {processor.py:830} INFO - Processing file /home/airflow/.local/lib/python3.8/site-packages/airflow/example_dags/example_python_decorator.py for tasks to queue
[2025-06-28T04:36:12.151+0000] {logging_mixin.py:188} INFO - [2025-06-28T04:36:12.151+0000] {dagbag.py:538} INFO - Filling up the DagBag from /home/airflow/.local/lib/python3.8/site-packages/airflow/example_dags/example_python_decorator.py
[2025-06-28T04:36:12.159+0000] {processor.py:840} INFO - DAG(s) 'example_python_decorator' retrieved from /home/airflow/.local/lib/python3.8/site-packages/airflow/example_dags/example_python_decorator.py
[2025-06-28T04:36:12.174+0000] {logging_mixin.py:188} INFO - [2025-06-28T04:36:12.174+0000] {dag.py:3036} INFO - Sync 1 DAGs
[2025-06-28T04:36:12.181+0000] {logging_mixin.py:188} INFO - [2025-06-28T04:36:12.181+0000] {dag.py:3823} INFO - Setting next_dagrun for example_python_decorator to None, run_after=None
[2025-06-28T04:36:12.196+0000] {processor.py:183} INFO - Processing /home/airflow/.local/lib/python3.8/site-packages/airflow/example_dags/example_python_decorator.py took 0.049 seconds
[2025-06-28T04:36:42.440+0000] {processor.py:161} INFO - Started process (PID=2203) to work on /home/airflow/.local/lib/python3.8/site-packages/airflow/example_dags/example_python_decorator.py
[2025-06-28T04:36:42.440+0000] {processor.py:830} INFO - Processing file /home/airflow/.local/lib/python3.8/site-packages/airflow/example_dags/example_python_decorator.py for tasks to queue
[2025-06-28T04:36:42.442+0000] {logging_mixin.py:188} INFO - [2025-06-28T04:36:42.441+0000] {dagbag.py:538} INFO - Filling up the DagBag from /home/airflow/.local/lib/python3.8/site-packages/airflow/example_dags/example_python_decorator.py
[2025-06-28T04:36:42.450+0000] {processor.py:840} INFO - DAG(s) 'example_python_decorator' retrieved from /home/airflow/.local/lib/python3.8/site-packages/airflow/example_dags/example_python_decorator.py
[2025-06-28T04:36:42.468+0000] {logging_mixin.py:188} INFO - [2025-06-28T04:36:42.468+0000] {dag.py:3036} INFO - Sync 1 DAGs
[2025-06-28T04:36:42.479+0000] {logging_mixin.py:188} INFO - [2025-06-28T04:36:42.479+0000] {dag.py:3823} INFO - Setting next_dagrun for example_python_decorator to None, run_after=None
[2025-06-28T04:36:42.493+0000] {processor.py:183} INFO - Processing /home/airflow/.local/lib/python3.8/site-packages/airflow/example_dags/example_python_decorator.py took 0.055 seconds
[2025-06-28T04:37:12.546+0000] {processor.py:161} INFO - Started process (PID=2453) to work on /home/airflow/.local/lib/python3.8/site-packages/airflow/example_dags/example_python_decorator.py
[2025-06-28T04:37:12.547+0000] {processor.py:830} INFO - Processing file /home/airflow/.local/lib/python3.8/site-packages/airflow/example_dags/example_python_decorator.py for tasks to queue
[2025-06-28T04:37:12.548+0000] {logging_mixin.py:188} INFO - [2025-06-28T04:37:12.548+0000] {dagbag.py:538} INFO - Filling up the DagBag from /home/airflow/.local/lib/python3.8/site-packages/airflow/example_dags/example_python_decorator.py
[2025-06-28T04:37:12.554+0000] {processor.py:840} INFO - DAG(s) 'example_python_decorator' retrieved from /home/airflow/.local/lib/python3.8/site-packages/airflow/example_dags/example_python_decorator.py
[2025-06-28T04:37:12.567+0000] {logging_mixin.py:188} INFO - [2025-06-28T04:37:12.567+0000] {dag.py:3036} INFO - Sync 1 DAGs
[2025-06-28T04:37:12.574+0000] {logging_mixin.py:188} INFO - [2025-06-28T04:37:12.574+0000] {dag.py:3823} INFO - Setting next_dagrun for example_python_decorator to None, run_after=None
[2025-06-28T04:37:12.586+0000] {processor.py:183} INFO - Processing /home/airflow/.local/lib/python3.8/site-packages/airflow/example_dags/example_python_decorator.py took 0.042 seconds
[2025-06-28T04:37:42.781+0000] {processor.py:161} INFO - Started process (PID=2703) to work on /home/airflow/.local/lib/python3.8/site-packages/airflow/example_dags/example_python_decorator.py
[2025-06-28T04:37:42.782+0000] {processor.py:830} INFO - Processing file /home/airflow/.local/lib/python3.8/site-packages/airflow/example_dags/example_python_decorator.py for tasks to queue
[2025-06-28T04:37:42.783+0000] {logging_mixin.py:188} INFO - [2025-06-28T04:37:42.782+0000] {dagbag.py:538} INFO - Filling up the DagBag from /home/airflow/.local/lib/python3.8/site-packages/airflow/example_dags/example_python_decorator.py
[2025-06-28T04:37:42.789+0000] {processor.py:840} INFO - DAG(s) 'example_python_decorator' retrieved from /home/airflow/.local/lib/python3.8/site-packages/airflow/example_dags/example_python_decorator.py
[2025-06-28T04:37:42.801+0000] {logging_mixin.py:188} INFO - [2025-06-28T04:37:42.800+0000] {dag.py:3036} INFO - Sync 1 DAGs
[2025-06-28T04:37:42.807+0000] {logging_mixin.py:188} INFO - [2025-06-28T04:37:42.807+0000] {dag.py:3823} INFO - Setting next_dagrun for example_python_decorator to None, run_after=None
[2025-06-28T04:37:42.820+0000] {processor.py:183} INFO - Processing /home/airflow/.local/lib/python3.8/site-packages/airflow/example_dags/example_python_decorator.py took 0.040 seconds
[2025-06-28T04:38:12.861+0000] {processor.py:161} INFO - Started process (PID=2948) to work on /home/airflow/.local/lib/python3.8/site-packages/airflow/example_dags/example_python_decorator.py
[2025-06-28T04:38:12.862+0000] {processor.py:830} INFO - Processing file /home/airflow/.local/lib/python3.8/site-packages/airflow/example_dags/example_python_decorator.py for tasks to queue
[2025-06-28T04:38:12.863+0000] {logging_mixin.py:188} INFO - [2025-06-28T04:38:12.863+0000] {dagbag.py:538} INFO - Filling up the DagBag from /home/airflow/.local/lib/python3.8/site-packages/airflow/example_dags/example_python_decorator.py
[2025-06-28T04:38:12.871+0000] {processor.py:840} INFO - DAG(s) 'example_python_decorator' retrieved from /home/airflow/.local/lib/python3.8/site-packages/airflow/example_dags/example_python_decorator.py
[2025-06-28T04:38:12.886+0000] {logging_mixin.py:188} INFO - [2025-06-28T04:38:12.886+0000] {dag.py:3036} INFO - Sync 1 DAGs
[2025-06-28T04:38:12.893+0000] {logging_mixin.py:188} INFO - [2025-06-28T04:38:12.893+0000] {dag.py:3823} INFO - Setting next_dagrun for example_python_decorator to None, run_after=None
[2025-06-28T04:38:12.905+0000] {processor.py:183} INFO - Processing /home/airflow/.local/lib/python3.8/site-packages/airflow/example_dags/example_python_decorator.py took 0.047 seconds
[2025-06-28T04:38:43.178+0000] {processor.py:161} INFO - Started process (PID=3203) to work on /home/airflow/.local/lib/python3.8/site-packages/airflow/example_dags/example_python_decorator.py
[2025-06-28T04:38:43.179+0000] {processor.py:830} INFO - Processing file /home/airflow/.local/lib/python3.8/site-packages/airflow/example_dags/example_python_decorator.py for tasks to queue
[2025-06-28T04:38:43.180+0000] {logging_mixin.py:188} INFO - [2025-06-28T04:38:43.180+0000] {dagbag.py:538} INFO - Filling up the DagBag from /home/airflow/.local/lib/python3.8/site-packages/airflow/example_dags/example_python_decorator.py
[2025-06-28T04:38:43.187+0000] {processor.py:840} INFO - DAG(s) 'example_python_decorator' retrieved from /home/airflow/.local/lib/python3.8/site-packages/airflow/example_dags/example_python_decorator.py
[2025-06-28T04:38:43.201+0000] {logging_mixin.py:188} INFO - [2025-06-28T04:38:43.201+0000] {dag.py:3036} INFO - Sync 1 DAGs
[2025-06-28T04:38:43.208+0000] {logging_mixin.py:188} INFO - [2025-06-28T04:38:43.207+0000] {dag.py:3823} INFO - Setting next_dagrun for example_python_decorator to None, run_after=None
[2025-06-28T04:38:43.219+0000] {processor.py:183} INFO - Processing /home/airflow/.local/lib/python3.8/site-packages/airflow/example_dags/example_python_decorator.py took 0.045 seconds
[2025-06-28T04:39:13.632+0000] {processor.py:161} INFO - Started process (PID=3455) to work on /home/airflow/.local/lib/python3.8/site-packages/airflow/example_dags/example_python_decorator.py
[2025-06-28T04:39:13.634+0000] {processor.py:830} INFO - Processing file /home/airflow/.local/lib/python3.8/site-packages/airflow/example_dags/example_python_decorator.py for tasks to queue
[2025-06-28T04:39:13.635+0000] {logging_mixin.py:188} INFO - [2025-06-28T04:39:13.635+0000] {dagbag.py:538} INFO - Filling up the DagBag from /home/airflow/.local/lib/python3.8/site-packages/airflow/example_dags/example_python_decorator.py
[2025-06-28T04:39:13.648+0000] {processor.py:840} INFO - DAG(s) 'example_python_decorator' retrieved from /home/airflow/.local/lib/python3.8/site-packages/airflow/example_dags/example_python_decorator.py
[2025-06-28T04:39:13.667+0000] {logging_mixin.py:188} INFO - [2025-06-28T04:39:13.666+0000] {dag.py:3036} INFO - Sync 1 DAGs
[2025-06-28T04:39:13.678+0000] {logging_mixin.py:188} INFO - [2025-06-28T04:39:13.677+0000] {dag.py:3823} INFO - Setting next_dagrun for example_python_decorator to None, run_after=None
[2025-06-28T04:39:13.694+0000] {processor.py:183} INFO - Processing /home/airflow/.local/lib/python3.8/site-packages/airflow/example_dags/example_python_decorator.py took 0.068 seconds
[2025-06-28T04:39:43.768+0000] {processor.py:161} INFO - Started process (PID=3705) to work on /home/airflow/.local/lib/python3.8/site-packages/airflow/example_dags/example_python_decorator.py
[2025-06-28T04:39:43.769+0000] {processor.py:830} INFO - Processing file /home/airflow/.local/lib/python3.8/site-packages/airflow/example_dags/example_python_decorator.py for tasks to queue
[2025-06-28T04:39:43.770+0000] {logging_mixin.py:188} INFO - [2025-06-28T04:39:43.770+0000] {dagbag.py:538} INFO - Filling up the DagBag from /home/airflow/.local/lib/python3.8/site-packages/airflow/example_dags/example_python_decorator.py
[2025-06-28T04:39:43.777+0000] {processor.py:840} INFO - DAG(s) 'example_python_decorator' retrieved from /home/airflow/.local/lib/python3.8/site-packages/airflow/example_dags/example_python_decorator.py
[2025-06-28T04:39:43.795+0000] {logging_mixin.py:188} INFO - [2025-06-28T04:39:43.795+0000] {dag.py:3036} INFO - Sync 1 DAGs
[2025-06-28T04:39:43.802+0000] {logging_mixin.py:188} INFO - [2025-06-28T04:39:43.801+0000] {dag.py:3823} INFO - Setting next_dagrun for example_python_decorator to None, run_after=None
[2025-06-28T04:39:43.815+0000] {processor.py:183} INFO - Processing /home/airflow/.local/lib/python3.8/site-packages/airflow/example_dags/example_python_decorator.py took 0.050 seconds
[2025-06-28T04:40:13.934+0000] {processor.py:161} INFO - Started process (PID=3953) to work on /home/airflow/.local/lib/python3.8/site-packages/airflow/example_dags/example_python_decorator.py
[2025-06-28T04:40:13.935+0000] {processor.py:830} INFO - Processing file /home/airflow/.local/lib/python3.8/site-packages/airflow/example_dags/example_python_decorator.py for tasks to queue
[2025-06-28T04:40:13.936+0000] {logging_mixin.py:188} INFO - [2025-06-28T04:40:13.936+0000] {dagbag.py:538} INFO - Filling up the DagBag from /home/airflow/.local/lib/python3.8/site-packages/airflow/example_dags/example_python_decorator.py
[2025-06-28T04:40:13.943+0000] {processor.py:840} INFO - DAG(s) 'example_python_decorator' retrieved from /home/airflow/.local/lib/python3.8/site-packages/airflow/example_dags/example_python_decorator.py
[2025-06-28T04:40:13.958+0000] {logging_mixin.py:188} INFO - [2025-06-28T04:40:13.957+0000] {dag.py:3036} INFO - Sync 1 DAGs
[2025-06-28T04:40:13.965+0000] {logging_mixin.py:188} INFO - [2025-06-28T04:40:13.964+0000] {dag.py:3823} INFO - Setting next_dagrun for example_python_decorator to None, run_after=None
[2025-06-28T04:40:13.978+0000] {processor.py:183} INFO - Processing /home/airflow/.local/lib/python3.8/site-packages/airflow/example_dags/example_python_decorator.py took 0.046 seconds
[2025-06-28T04:40:44.403+0000] {processor.py:161} INFO - Started process (PID=4203) to work on /home/airflow/.local/lib/python3.8/site-packages/airflow/example_dags/example_python_decorator.py
[2025-06-28T04:40:44.403+0000] {processor.py:830} INFO - Processing file /home/airflow/.local/lib/python3.8/site-packages/airflow/example_dags/example_python_decorator.py for tasks to queue
[2025-06-28T04:40:44.404+0000] {logging_mixin.py:188} INFO - [2025-06-28T04:40:44.404+0000] {dagbag.py:538} INFO - Filling up the DagBag from /home/airflow/.local/lib/python3.8/site-packages/airflow/example_dags/example_python_decorator.py
[2025-06-28T04:40:44.412+0000] {processor.py:840} INFO - DAG(s) 'example_python_decorator' retrieved from /home/airflow/.local/lib/python3.8/site-packages/airflow/example_dags/example_python_decorator.py
[2025-06-28T04:40:44.425+0000] {logging_mixin.py:188} INFO - [2025-06-28T04:40:44.425+0000] {dag.py:3036} INFO - Sync 1 DAGs
[2025-06-28T04:40:44.433+0000] {logging_mixin.py:188} INFO - [2025-06-28T04:40:44.433+0000] {dag.py:3823} INFO - Setting next_dagrun for example_python_decorator to None, run_after=None
[2025-06-28T04:40:44.452+0000] {processor.py:183} INFO - Processing /home/airflow/.local/lib/python3.8/site-packages/airflow/example_dags/example_python_decorator.py took 0.051 seconds
[2025-06-28T04:41:14.749+0000] {processor.py:161} INFO - Started process (PID=4453) to work on /home/airflow/.local/lib/python3.8/site-packages/airflow/example_dags/example_python_decorator.py
[2025-06-28T04:41:14.749+0000] {processor.py:830} INFO - Processing file /home/airflow/.local/lib/python3.8/site-packages/airflow/example_dags/example_python_decorator.py for tasks to queue
[2025-06-28T04:41:14.751+0000] {logging_mixin.py:188} INFO - [2025-06-28T04:41:14.750+0000] {dagbag.py:538} INFO - Filling up the DagBag from /home/airflow/.local/lib/python3.8/site-packages/airflow/example_dags/example_python_decorator.py
[2025-06-28T04:41:14.757+0000] {processor.py:840} INFO - DAG(s) 'example_python_decorator' retrieved from /home/airflow/.local/lib/python3.8/site-packages/airflow/example_dags/example_python_decorator.py
[2025-06-28T04:41:14.773+0000] {logging_mixin.py:188} INFO - [2025-06-28T04:41:14.773+0000] {dag.py:3036} INFO - Sync 1 DAGs
[2025-06-28T04:41:14.783+0000] {logging_mixin.py:188} INFO - [2025-06-28T04:41:14.783+0000] {dag.py:3823} INFO - Setting next_dagrun for example_python_decorator to None, run_after=None
[2025-06-28T04:41:14.797+0000] {processor.py:183} INFO - Processing /home/airflow/.local/lib/python3.8/site-packages/airflow/example_dags/example_python_decorator.py took 0.050 seconds
[2025-06-28T04:41:45.194+0000] {processor.py:161} INFO - Started process (PID=4703) to work on /home/airflow/.local/lib/python3.8/site-packages/airflow/example_dags/example_python_decorator.py
[2025-06-28T04:41:45.194+0000] {processor.py:830} INFO - Processing file /home/airflow/.local/lib/python3.8/site-packages/airflow/example_dags/example_python_decorator.py for tasks to queue
[2025-06-28T04:41:45.195+0000] {logging_mixin.py:188} INFO - [2025-06-28T04:41:45.195+0000] {dagbag.py:538} INFO - Filling up the DagBag from /home/airflow/.local/lib/python3.8/site-packages/airflow/example_dags/example_python_decorator.py
[2025-06-28T04:41:45.203+0000] {processor.py:840} INFO - DAG(s) 'example_python_decorator' retrieved from /home/airflow/.local/lib/python3.8/site-packages/airflow/example_dags/example_python_decorator.py
[2025-06-28T04:41:45.218+0000] {logging_mixin.py:188} INFO - [2025-06-28T04:41:45.218+0000] {dag.py:3036} INFO - Sync 1 DAGs
[2025-06-28T04:41:45.225+0000] {logging_mixin.py:188} INFO - [2025-06-28T04:41:45.224+0000] {dag.py:3823} INFO - Setting next_dagrun for example_python_decorator to None, run_after=None
[2025-06-28T04:41:45.238+0000] {processor.py:183} INFO - Processing /home/airflow/.local/lib/python3.8/site-packages/airflow/example_dags/example_python_decorator.py took 0.046 seconds
[2025-06-28T04:42:15.499+0000] {processor.py:161} INFO - Started process (PID=4953) to work on /home/airflow/.local/lib/python3.8/site-packages/airflow/example_dags/example_python_decorator.py
[2025-06-28T04:42:15.499+0000] {processor.py:830} INFO - Processing file /home/airflow/.local/lib/python3.8/site-packages/airflow/example_dags/example_python_decorator.py for tasks to queue
[2025-06-28T04:42:15.501+0000] {logging_mixin.py:188} INFO - [2025-06-28T04:42:15.500+0000] {dagbag.py:538} INFO - Filling up the DagBag from /home/airflow/.local/lib/python3.8/site-packages/airflow/example_dags/example_python_decorator.py
[2025-06-28T04:42:15.512+0000] {processor.py:840} INFO - DAG(s) 'example_python_decorator' retrieved from /home/airflow/.local/lib/python3.8/site-packages/airflow/example_dags/example_python_decorator.py
[2025-06-28T04:42:15.526+0000] {logging_mixin.py:188} INFO - [2025-06-28T04:42:15.526+0000] {dag.py:3036} INFO - Sync 1 DAGs
[2025-06-28T04:42:15.534+0000] {logging_mixin.py:188} INFO - [2025-06-28T04:42:15.534+0000] {dag.py:3823} INFO - Setting next_dagrun for example_python_decorator to None, run_after=None
[2025-06-28T04:42:15.548+0000] {processor.py:183} INFO - Processing /home/airflow/.local/lib/python3.8/site-packages/airflow/example_dags/example_python_decorator.py took 0.052 seconds
[2025-06-28T04:42:45.816+0000] {processor.py:161} INFO - Started process (PID=5203) to work on /home/airflow/.local/lib/python3.8/site-packages/airflow/example_dags/example_python_decorator.py
[2025-06-28T04:42:45.817+0000] {processor.py:830} INFO - Processing file /home/airflow/.local/lib/python3.8/site-packages/airflow/example_dags/example_python_decorator.py for tasks to queue
[2025-06-28T04:42:45.818+0000] {logging_mixin.py:188} INFO - [2025-06-28T04:42:45.817+0000] {dagbag.py:538} INFO - Filling up the DagBag from /home/airflow/.local/lib/python3.8/site-packages/airflow/example_dags/example_python_decorator.py
[2025-06-28T04:42:45.824+0000] {processor.py:840} INFO - DAG(s) 'example_python_decorator' retrieved from /home/airflow/.local/lib/python3.8/site-packages/airflow/example_dags/example_python_decorator.py
[2025-06-28T04:42:45.839+0000] {logging_mixin.py:188} INFO - [2025-06-28T04:42:45.839+0000] {dag.py:3036} INFO - Sync 1 DAGs
[2025-06-28T04:42:45.848+0000] {logging_mixin.py:188} INFO - [2025-06-28T04:42:45.848+0000] {dag.py:3823} INFO - Setting next_dagrun for example_python_decorator to None, run_after=None
[2025-06-28T04:42:45.870+0000] {processor.py:183} INFO - Processing /home/airflow/.local/lib/python3.8/site-packages/airflow/example_dags/example_python_decorator.py took 0.056 seconds
[2025-06-28T04:43:16.156+0000] {processor.py:161} INFO - Started process (PID=5455) to work on /home/airflow/.local/lib/python3.8/site-packages/airflow/example_dags/example_python_decorator.py
[2025-06-28T04:43:16.157+0000] {processor.py:830} INFO - Processing file /home/airflow/.local/lib/python3.8/site-packages/airflow/example_dags/example_python_decorator.py for tasks to queue
[2025-06-28T04:43:16.158+0000] {logging_mixin.py:188} INFO - [2025-06-28T04:43:16.158+0000] {dagbag.py:538} INFO - Filling up the DagBag from /home/airflow/.local/lib/python3.8/site-packages/airflow/example_dags/example_python_decorator.py
[2025-06-28T04:43:16.168+0000] {processor.py:840} INFO - DAG(s) 'example_python_decorator' retrieved from /home/airflow/.local/lib/python3.8/site-packages/airflow/example_dags/example_python_decorator.py
[2025-06-28T04:43:16.183+0000] {logging_mixin.py:188} INFO - [2025-06-28T04:43:16.183+0000] {dag.py:3036} INFO - Sync 1 DAGs
[2025-06-28T04:43:16.190+0000] {logging_mixin.py:188} INFO - [2025-06-28T04:43:16.190+0000] {dag.py:3823} INFO - Setting next_dagrun for example_python_decorator to None, run_after=None
[2025-06-28T04:43:16.205+0000] {processor.py:183} INFO - Processing /home/airflow/.local/lib/python3.8/site-packages/airflow/example_dags/example_python_decorator.py took 0.051 seconds
[2025-06-28T04:43:46.507+0000] {processor.py:161} INFO - Started process (PID=5705) to work on /home/airflow/.local/lib/python3.8/site-packages/airflow/example_dags/example_python_decorator.py
[2025-06-28T04:43:46.508+0000] {processor.py:830} INFO - Processing file /home/airflow/.local/lib/python3.8/site-packages/airflow/example_dags/example_python_decorator.py for tasks to queue
[2025-06-28T04:43:46.509+0000] {logging_mixin.py:188} INFO - [2025-06-28T04:43:46.509+0000] {dagbag.py:538} INFO - Filling up the DagBag from /home/airflow/.local/lib/python3.8/site-packages/airflow/example_dags/example_python_decorator.py
[2025-06-28T04:43:46.520+0000] {processor.py:840} INFO - DAG(s) 'example_python_decorator' retrieved from /home/airflow/.local/lib/python3.8/site-packages/airflow/example_dags/example_python_decorator.py
[2025-06-28T04:43:46.537+0000] {logging_mixin.py:188} INFO - [2025-06-28T04:43:46.536+0000] {dag.py:3036} INFO - Sync 1 DAGs
[2025-06-28T04:43:46.544+0000] {logging_mixin.py:188} INFO - [2025-06-28T04:43:46.543+0000] {dag.py:3823} INFO - Setting next_dagrun for example_python_decorator to None, run_after=None
[2025-06-28T04:43:46.558+0000] {processor.py:183} INFO - Processing /home/airflow/.local/lib/python3.8/site-packages/airflow/example_dags/example_python_decorator.py took 0.054 seconds
[2025-06-28T04:44:16.888+0000] {processor.py:161} INFO - Started process (PID=5953) to work on /home/airflow/.local/lib/python3.8/site-packages/airflow/example_dags/example_python_decorator.py
[2025-06-28T04:44:16.888+0000] {processor.py:830} INFO - Processing file /home/airflow/.local/lib/python3.8/site-packages/airflow/example_dags/example_python_decorator.py for tasks to queue
[2025-06-28T04:44:16.889+0000] {logging_mixin.py:188} INFO - [2025-06-28T04:44:16.889+0000] {dagbag.py:538} INFO - Filling up the DagBag from /home/airflow/.local/lib/python3.8/site-packages/airflow/example_dags/example_python_decorator.py
[2025-06-28T04:44:16.897+0000] {processor.py:840} INFO - DAG(s) 'example_python_decorator' retrieved from /home/airflow/.local/lib/python3.8/site-packages/airflow/example_dags/example_python_decorator.py
[2025-06-28T04:44:16.913+0000] {logging_mixin.py:188} INFO - [2025-06-28T04:44:16.913+0000] {dag.py:3036} INFO - Sync 1 DAGs
[2025-06-28T04:44:16.920+0000] {logging_mixin.py:188} INFO - [2025-06-28T04:44:16.919+0000] {dag.py:3823} INFO - Setting next_dagrun for example_python_decorator to None, run_after=None
[2025-06-28T04:44:16.934+0000] {processor.py:183} INFO - Processing /home/airflow/.local/lib/python3.8/site-packages/airflow/example_dags/example_python_decorator.py took 0.049 seconds
[2025-06-28T04:44:47.220+0000] {processor.py:161} INFO - Started process (PID=6203) to work on /home/airflow/.local/lib/python3.8/site-packages/airflow/example_dags/example_python_decorator.py
[2025-06-28T04:44:47.221+0000] {processor.py:830} INFO - Processing file /home/airflow/.local/lib/python3.8/site-packages/airflow/example_dags/example_python_decorator.py for tasks to queue
[2025-06-28T04:44:47.222+0000] {logging_mixin.py:188} INFO - [2025-06-28T04:44:47.222+0000] {dagbag.py:538} INFO - Filling up the DagBag from /home/airflow/.local/lib/python3.8/site-packages/airflow/example_dags/example_python_decorator.py
[2025-06-28T04:44:47.231+0000] {processor.py:840} INFO - DAG(s) 'example_python_decorator' retrieved from /home/airflow/.local/lib/python3.8/site-packages/airflow/example_dags/example_python_decorator.py
[2025-06-28T04:44:47.245+0000] {logging_mixin.py:188} INFO - [2025-06-28T04:44:47.244+0000] {dag.py:3036} INFO - Sync 1 DAGs
[2025-06-28T04:44:47.252+0000] {logging_mixin.py:188} INFO - [2025-06-28T04:44:47.251+0000] {dag.py:3823} INFO - Setting next_dagrun for example_python_decorator to None, run_after=None
[2025-06-28T04:44:47.266+0000] {processor.py:183} INFO - Processing /home/airflow/.local/lib/python3.8/site-packages/airflow/example_dags/example_python_decorator.py took 0.047 seconds
[2025-06-28T04:45:17.420+0000] {processor.py:161} INFO - Started process (PID=6453) to work on /home/airflow/.local/lib/python3.8/site-packages/airflow/example_dags/example_python_decorator.py
[2025-06-28T04:45:17.420+0000] {processor.py:830} INFO - Processing file /home/airflow/.local/lib/python3.8/site-packages/airflow/example_dags/example_python_decorator.py for tasks to queue
[2025-06-28T04:45:17.422+0000] {logging_mixin.py:188} INFO - [2025-06-28T04:45:17.422+0000] {dagbag.py:538} INFO - Filling up the DagBag from /home/airflow/.local/lib/python3.8/site-packages/airflow/example_dags/example_python_decorator.py
[2025-06-28T04:45:17.430+0000] {processor.py:840} INFO - DAG(s) 'example_python_decorator' retrieved from /home/airflow/.local/lib/python3.8/site-packages/airflow/example_dags/example_python_decorator.py
[2025-06-28T04:45:17.443+0000] {logging_mixin.py:188} INFO - [2025-06-28T04:45:17.443+0000] {dag.py:3036} INFO - Sync 1 DAGs
[2025-06-28T04:45:17.450+0000] {logging_mixin.py:188} INFO - [2025-06-28T04:45:17.450+0000] {dag.py:3823} INFO - Setting next_dagrun for example_python_decorator to None, run_after=None
[2025-06-28T04:45:17.462+0000] {processor.py:183} INFO - Processing /home/airflow/.local/lib/python3.8/site-packages/airflow/example_dags/example_python_decorator.py took 0.044 seconds
[2025-06-28T04:45:47.713+0000] {processor.py:161} INFO - Started process (PID=6703) to work on /home/airflow/.local/lib/python3.8/site-packages/airflow/example_dags/example_python_decorator.py
[2025-06-28T04:45:47.713+0000] {processor.py:830} INFO - Processing file /home/airflow/.local/lib/python3.8/site-packages/airflow/example_dags/example_python_decorator.py for tasks to queue
[2025-06-28T04:45:47.714+0000] {logging_mixin.py:188} INFO - [2025-06-28T04:45:47.714+0000] {dagbag.py:538} INFO - Filling up the DagBag from /home/airflow/.local/lib/python3.8/site-packages/airflow/example_dags/example_python_decorator.py
[2025-06-28T04:45:47.724+0000] {processor.py:840} INFO - DAG(s) 'example_python_decorator' retrieved from /home/airflow/.local/lib/python3.8/site-packages/airflow/example_dags/example_python_decorator.py
[2025-06-28T04:45:47.739+0000] {logging_mixin.py:188} INFO - [2025-06-28T04:45:47.739+0000] {dag.py:3036} INFO - Sync 1 DAGs
[2025-06-28T04:45:47.746+0000] {logging_mixin.py:188} INFO - [2025-06-28T04:45:47.746+0000] {dag.py:3823} INFO - Setting next_dagrun for example_python_decorator to None, run_after=None
[2025-06-28T04:45:47.758+0000] {processor.py:183} INFO - Processing /home/airflow/.local/lib/python3.8/site-packages/airflow/example_dags/example_python_decorator.py took 0.047 seconds
[2025-06-28T04:46:18.095+0000] {processor.py:161} INFO - Started process (PID=6953) to work on /home/airflow/.local/lib/python3.8/site-packages/airflow/example_dags/example_python_decorator.py
[2025-06-28T04:46:18.097+0000] {processor.py:830} INFO - Processing file /home/airflow/.local/lib/python3.8/site-packages/airflow/example_dags/example_python_decorator.py for tasks to queue
[2025-06-28T04:46:18.098+0000] {logging_mixin.py:188} INFO - [2025-06-28T04:46:18.098+0000] {dagbag.py:538} INFO - Filling up the DagBag from /home/airflow/.local/lib/python3.8/site-packages/airflow/example_dags/example_python_decorator.py
[2025-06-28T04:46:18.106+0000] {processor.py:840} INFO - DAG(s) 'example_python_decorator' retrieved from /home/airflow/.local/lib/python3.8/site-packages/airflow/example_dags/example_python_decorator.py
[2025-06-28T04:46:18.121+0000] {logging_mixin.py:188} INFO - [2025-06-28T04:46:18.121+0000] {dag.py:3036} INFO - Sync 1 DAGs
[2025-06-28T04:46:18.129+0000] {logging_mixin.py:188} INFO - [2025-06-28T04:46:18.129+0000] {dag.py:3823} INFO - Setting next_dagrun for example_python_decorator to None, run_after=None
[2025-06-28T04:46:18.142+0000] {processor.py:183} INFO - Processing /home/airflow/.local/lib/python3.8/site-packages/airflow/example_dags/example_python_decorator.py took 0.050 seconds
[2025-06-28T04:46:48.554+0000] {processor.py:161} INFO - Started process (PID=7205) to work on /home/airflow/.local/lib/python3.8/site-packages/airflow/example_dags/example_python_decorator.py
[2025-06-28T04:46:48.555+0000] {processor.py:830} INFO - Processing file /home/airflow/.local/lib/python3.8/site-packages/airflow/example_dags/example_python_decorator.py for tasks to queue
[2025-06-28T04:46:48.557+0000] {logging_mixin.py:188} INFO - [2025-06-28T04:46:48.557+0000] {dagbag.py:538} INFO - Filling up the DagBag from /home/airflow/.local/lib/python3.8/site-packages/airflow/example_dags/example_python_decorator.py
[2025-06-28T04:46:48.588+0000] {processor.py:840} INFO - DAG(s) 'example_python_decorator' retrieved from /home/airflow/.local/lib/python3.8/site-packages/airflow/example_dags/example_python_decorator.py
[2025-06-28T04:46:48.651+0000] {logging_mixin.py:188} INFO - [2025-06-28T04:46:48.649+0000] {dag.py:3036} INFO - Sync 1 DAGs
[2025-06-28T04:46:48.675+0000] {logging_mixin.py:188} INFO - [2025-06-28T04:46:48.674+0000] {dag.py:3823} INFO - Setting next_dagrun for example_python_decorator to None, run_after=None
[2025-06-28T04:46:48.719+0000] {processor.py:183} INFO - Processing /home/airflow/.local/lib/python3.8/site-packages/airflow/example_dags/example_python_decorator.py took 0.168 seconds
[2025-06-28T04:47:19.153+0000] {processor.py:161} INFO - Started process (PID=7453) to work on /home/airflow/.local/lib/python3.8/site-packages/airflow/example_dags/example_python_decorator.py
[2025-06-28T04:47:19.153+0000] {processor.py:830} INFO - Processing file /home/airflow/.local/lib/python3.8/site-packages/airflow/example_dags/example_python_decorator.py for tasks to queue
[2025-06-28T04:47:19.155+0000] {logging_mixin.py:188} INFO - [2025-06-28T04:47:19.155+0000] {dagbag.py:538} INFO - Filling up the DagBag from /home/airflow/.local/lib/python3.8/site-packages/airflow/example_dags/example_python_decorator.py
[2025-06-28T04:47:19.162+0000] {processor.py:840} INFO - DAG(s) 'example_python_decorator' retrieved from /home/airflow/.local/lib/python3.8/site-packages/airflow/example_dags/example_python_decorator.py
[2025-06-28T04:47:19.174+0000] {logging_mixin.py:188} INFO - [2025-06-28T04:47:19.174+0000] {dag.py:3036} INFO - Sync 1 DAGs
[2025-06-28T04:47:19.181+0000] {logging_mixin.py:188} INFO - [2025-06-28T04:47:19.181+0000] {dag.py:3823} INFO - Setting next_dagrun for example_python_decorator to None, run_after=None
[2025-06-28T04:47:19.194+0000] {processor.py:183} INFO - Processing /home/airflow/.local/lib/python3.8/site-packages/airflow/example_dags/example_python_decorator.py took 0.044 seconds
[2025-06-28T04:47:49.415+0000] {processor.py:161} INFO - Started process (PID=7703) to work on /home/airflow/.local/lib/python3.8/site-packages/airflow/example_dags/example_python_decorator.py
[2025-06-28T04:47:49.416+0000] {processor.py:830} INFO - Processing file /home/airflow/.local/lib/python3.8/site-packages/airflow/example_dags/example_python_decorator.py for tasks to queue
[2025-06-28T04:47:49.417+0000] {logging_mixin.py:188} INFO - [2025-06-28T04:47:49.417+0000] {dagbag.py:538} INFO - Filling up the DagBag from /home/airflow/.local/lib/python3.8/site-packages/airflow/example_dags/example_python_decorator.py
[2025-06-28T04:47:49.424+0000] {processor.py:840} INFO - DAG(s) 'example_python_decorator' retrieved from /home/airflow/.local/lib/python3.8/site-packages/airflow/example_dags/example_python_decorator.py
[2025-06-28T04:47:49.442+0000] {logging_mixin.py:188} INFO - [2025-06-28T04:47:49.441+0000] {dag.py:3036} INFO - Sync 1 DAGs
[2025-06-28T04:47:49.448+0000] {logging_mixin.py:188} INFO - [2025-06-28T04:47:49.448+0000] {dag.py:3823} INFO - Setting next_dagrun for example_python_decorator to None, run_after=None
[2025-06-28T04:47:49.460+0000] {processor.py:183} INFO - Processing /home/airflow/.local/lib/python3.8/site-packages/airflow/example_dags/example_python_decorator.py took 0.048 seconds
[2025-06-28T04:48:20.523+0000] {processor.py:161} INFO - Started process (PID=7955) to work on /home/airflow/.local/lib/python3.8/site-packages/airflow/example_dags/example_python_decorator.py
[2025-06-28T04:48:20.523+0000] {processor.py:830} INFO - Processing file /home/airflow/.local/lib/python3.8/site-packages/airflow/example_dags/example_python_decorator.py for tasks to queue
[2025-06-28T04:48:20.525+0000] {logging_mixin.py:188} INFO - [2025-06-28T04:48:20.524+0000] {dagbag.py:538} INFO - Filling up the DagBag from /home/airflow/.local/lib/python3.8/site-packages/airflow/example_dags/example_python_decorator.py
[2025-06-28T04:48:20.535+0000] {processor.py:840} INFO - DAG(s) 'example_python_decorator' retrieved from /home/airflow/.local/lib/python3.8/site-packages/airflow/example_dags/example_python_decorator.py
[2025-06-28T04:48:20.546+0000] {logging_mixin.py:188} INFO - [2025-06-28T04:48:20.546+0000] {dag.py:3036} INFO - Sync 1 DAGs
[2025-06-28T04:48:20.553+0000] {logging_mixin.py:188} INFO - [2025-06-28T04:48:20.553+0000] {dag.py:3823} INFO - Setting next_dagrun for example_python_decorator to None, run_after=None
[2025-06-28T04:48:20.568+0000] {processor.py:183} INFO - Processing /home/airflow/.local/lib/python3.8/site-packages/airflow/example_dags/example_python_decorator.py took 0.047 seconds
