[2025-06-28T04:32:38.453+0000] {processor.py:161} INFO - Started process (PID=228) to work on /home/airflow/.local/lib/python3.8/site-packages/airflow/example_dags/example_task_group_decorator.py
[2025-06-28T04:32:38.454+0000] {processor.py:830} INFO - Processing file /home/airflow/.local/lib/python3.8/site-packages/airflow/example_dags/example_task_group_decorator.py for tasks to queue
[2025-06-28T04:32:38.455+0000] {logging_mixin.py:188} INFO - [2025-06-28T04:32:38.455+0000] {dagbag.py:538} INFO - Filling up the DagBag from /home/airflow/.local/lib/python3.8/site-packages/airflow/example_dags/example_task_group_decorator.py
[2025-06-28T04:32:38.469+0000] {processor.py:840} INFO - DAG(s) 'example_task_group_decorator' retrieved from /home/airflow/.local/lib/python3.8/site-packages/airflow/example_dags/example_task_group_decorator.py
[2025-06-28T04:32:38.479+0000] {logging_mixin.py:188} INFO - [2025-06-28T04:32:38.478+0000] {dag.py:3036} INFO - Sync 1 DAGs
[2025-06-28T04:32:38.504+0000] {logging_mixin.py:188} INFO - [2025-06-28T04:32:38.504+0000] {dag.py:3823} INFO - Setting next_dagrun for example_task_group_decorator to 2025-06-27 00:00:00+00:00, run_after=2025-06-28 00:00:00+00:00
[2025-06-28T04:32:38.522+0000] {processor.py:183} INFO - Processing /home/airflow/.local/lib/python3.8/site-packages/airflow/example_dags/example_task_group_decorator.py took 0.071 seconds
[2025-06-28T04:33:09.418+0000] {processor.py:161} INFO - Started process (PID=478) to work on /home/airflow/.local/lib/python3.8/site-packages/airflow/example_dags/example_task_group_decorator.py
[2025-06-28T04:33:09.418+0000] {processor.py:830} INFO - Processing file /home/airflow/.local/lib/python3.8/site-packages/airflow/example_dags/example_task_group_decorator.py for tasks to queue
[2025-06-28T04:33:09.420+0000] {logging_mixin.py:188} INFO - [2025-06-28T04:33:09.419+0000] {dagbag.py:538} INFO - Filling up the DagBag from /home/airflow/.local/lib/python3.8/site-packages/airflow/example_dags/example_task_group_decorator.py
[2025-06-28T04:33:09.430+0000] {processor.py:840} INFO - DAG(s) 'example_task_group_decorator' retrieved from /home/airflow/.local/lib/python3.8/site-packages/airflow/example_dags/example_task_group_decorator.py
[2025-06-28T04:33:09.494+0000] {logging_mixin.py:188} INFO - [2025-06-28T04:33:09.493+0000] {dag.py:3036} INFO - Sync 1 DAGs
[2025-06-28T04:33:09.506+0000] {logging_mixin.py:188} INFO - [2025-06-28T04:33:09.505+0000] {dag.py:3823} INFO - Setting next_dagrun for example_task_group_decorator to 2025-06-27 00:00:00+00:00, run_after=2025-06-28 00:00:00+00:00
[2025-06-28T04:33:09.523+0000] {processor.py:183} INFO - Processing /home/airflow/.local/lib/python3.8/site-packages/airflow/example_dags/example_task_group_decorator.py took 0.107 seconds
[2025-06-28T04:33:40.004+0000] {processor.py:161} INFO - Started process (PID=728) to work on /home/airflow/.local/lib/python3.8/site-packages/airflow/example_dags/example_task_group_decorator.py
[2025-06-28T04:33:40.005+0000] {processor.py:830} INFO - Processing file /home/airflow/.local/lib/python3.8/site-packages/airflow/example_dags/example_task_group_decorator.py for tasks to queue
[2025-06-28T04:33:40.005+0000] {logging_mixin.py:188} INFO - [2025-06-28T04:33:40.005+0000] {dagbag.py:538} INFO - Filling up the DagBag from /home/airflow/.local/lib/python3.8/site-packages/airflow/example_dags/example_task_group_decorator.py
[2025-06-28T04:33:40.014+0000] {processor.py:840} INFO - DAG(s) 'example_task_group_decorator' retrieved from /home/airflow/.local/lib/python3.8/site-packages/airflow/example_dags/example_task_group_decorator.py
[2025-06-28T04:33:40.030+0000] {logging_mixin.py:188} INFO - [2025-06-28T04:33:40.029+0000] {dag.py:3036} INFO - Sync 1 DAGs
[2025-06-28T04:33:40.046+0000] {logging_mixin.py:188} INFO - [2025-06-28T04:33:40.046+0000] {dag.py:3823} INFO - Setting next_dagrun for example_task_group_decorator to 2025-06-27 00:00:00+00:00, run_after=2025-06-28 00:00:00+00:00
[2025-06-28T04:33:40.058+0000] {processor.py:183} INFO - Processing /home/airflow/.local/lib/python3.8/site-packages/airflow/example_dags/example_task_group_decorator.py took 0.056 seconds
[2025-06-28T04:34:10.490+0000] {processor.py:161} INFO - Started process (PID=978) to work on /home/airflow/.local/lib/python3.8/site-packages/airflow/example_dags/example_task_group_decorator.py
[2025-06-28T04:34:10.491+0000] {processor.py:830} INFO - Processing file /home/airflow/.local/lib/python3.8/site-packages/airflow/example_dags/example_task_group_decorator.py for tasks to queue
[2025-06-28T04:34:10.492+0000] {logging_mixin.py:188} INFO - [2025-06-28T04:34:10.492+0000] {dagbag.py:538} INFO - Filling up the DagBag from /home/airflow/.local/lib/python3.8/site-packages/airflow/example_dags/example_task_group_decorator.py
[2025-06-28T04:34:10.500+0000] {processor.py:840} INFO - DAG(s) 'example_task_group_decorator' retrieved from /home/airflow/.local/lib/python3.8/site-packages/airflow/example_dags/example_task_group_decorator.py
[2025-06-28T04:34:10.523+0000] {logging_mixin.py:188} INFO - [2025-06-28T04:34:10.522+0000] {dag.py:3036} INFO - Sync 1 DAGs
[2025-06-28T04:34:10.540+0000] {logging_mixin.py:188} INFO - [2025-06-28T04:34:10.540+0000] {dag.py:3823} INFO - Setting next_dagrun for example_task_group_decorator to 2025-06-27 00:00:00+00:00, run_after=2025-06-28 00:00:00+00:00
[2025-06-28T04:34:10.556+0000] {processor.py:183} INFO - Processing /home/airflow/.local/lib/python3.8/site-packages/airflow/example_dags/example_task_group_decorator.py took 0.069 seconds
[2025-06-28T04:34:40.840+0000] {processor.py:161} INFO - Started process (PID=1228) to work on /home/airflow/.local/lib/python3.8/site-packages/airflow/example_dags/example_task_group_decorator.py
[2025-06-28T04:34:40.840+0000] {processor.py:830} INFO - Processing file /home/airflow/.local/lib/python3.8/site-packages/airflow/example_dags/example_task_group_decorator.py for tasks to queue
[2025-06-28T04:34:40.841+0000] {logging_mixin.py:188} INFO - [2025-06-28T04:34:40.841+0000] {dagbag.py:538} INFO - Filling up the DagBag from /home/airflow/.local/lib/python3.8/site-packages/airflow/example_dags/example_task_group_decorator.py
[2025-06-28T04:34:40.849+0000] {processor.py:840} INFO - DAG(s) 'example_task_group_decorator' retrieved from /home/airflow/.local/lib/python3.8/site-packages/airflow/example_dags/example_task_group_decorator.py
[2025-06-28T04:34:40.865+0000] {logging_mixin.py:188} INFO - [2025-06-28T04:34:40.864+0000] {dag.py:3036} INFO - Sync 1 DAGs
[2025-06-28T04:34:40.879+0000] {logging_mixin.py:188} INFO - [2025-06-28T04:34:40.879+0000] {dag.py:3823} INFO - Setting next_dagrun for example_task_group_decorator to 2025-06-27 00:00:00+00:00, run_after=2025-06-28 00:00:00+00:00
[2025-06-28T04:34:40.891+0000] {processor.py:183} INFO - Processing /home/airflow/.local/lib/python3.8/site-packages/airflow/example_dags/example_task_group_decorator.py took 0.053 seconds
[2025-06-28T04:35:11.248+0000] {processor.py:161} INFO - Started process (PID=1478) to work on /home/airflow/.local/lib/python3.8/site-packages/airflow/example_dags/example_task_group_decorator.py
[2025-06-28T04:35:11.249+0000] {processor.py:830} INFO - Processing file /home/airflow/.local/lib/python3.8/site-packages/airflow/example_dags/example_task_group_decorator.py for tasks to queue
[2025-06-28T04:35:11.251+0000] {logging_mixin.py:188} INFO - [2025-06-28T04:35:11.251+0000] {dagbag.py:538} INFO - Filling up the DagBag from /home/airflow/.local/lib/python3.8/site-packages/airflow/example_dags/example_task_group_decorator.py
[2025-06-28T04:35:11.260+0000] {processor.py:840} INFO - DAG(s) 'example_task_group_decorator' retrieved from /home/airflow/.local/lib/python3.8/site-packages/airflow/example_dags/example_task_group_decorator.py
[2025-06-28T04:35:11.276+0000] {logging_mixin.py:188} INFO - [2025-06-28T04:35:11.275+0000] {dag.py:3036} INFO - Sync 1 DAGs
[2025-06-28T04:35:11.294+0000] {logging_mixin.py:188} INFO - [2025-06-28T04:35:11.294+0000] {dag.py:3823} INFO - Setting next_dagrun for example_task_group_decorator to 2025-06-27 00:00:00+00:00, run_after=2025-06-28 00:00:00+00:00
[2025-06-28T04:35:11.310+0000] {processor.py:183} INFO - Processing /home/airflow/.local/lib/python3.8/site-packages/airflow/example_dags/example_task_group_decorator.py took 0.065 seconds
[2025-06-28T04:35:41.902+0000] {processor.py:161} INFO - Started process (PID=1730) to work on /home/airflow/.local/lib/python3.8/site-packages/airflow/example_dags/example_task_group_decorator.py
[2025-06-28T04:35:41.903+0000] {processor.py:830} INFO - Processing file /home/airflow/.local/lib/python3.8/site-packages/airflow/example_dags/example_task_group_decorator.py for tasks to queue
[2025-06-28T04:35:41.905+0000] {logging_mixin.py:188} INFO - [2025-06-28T04:35:41.904+0000] {dagbag.py:538} INFO - Filling up the DagBag from /home/airflow/.local/lib/python3.8/site-packages/airflow/example_dags/example_task_group_decorator.py
[2025-06-28T04:35:41.918+0000] {processor.py:840} INFO - DAG(s) 'example_task_group_decorator' retrieved from /home/airflow/.local/lib/python3.8/site-packages/airflow/example_dags/example_task_group_decorator.py
[2025-06-28T04:35:41.935+0000] {logging_mixin.py:188} INFO - [2025-06-28T04:35:41.935+0000] {dag.py:3036} INFO - Sync 1 DAGs
[2025-06-28T04:35:41.949+0000] {logging_mixin.py:188} INFO - [2025-06-28T04:35:41.948+0000] {dag.py:3823} INFO - Setting next_dagrun for example_task_group_decorator to 2025-06-27 00:00:00+00:00, run_after=2025-06-28 00:00:00+00:00
[2025-06-28T04:35:41.961+0000] {processor.py:183} INFO - Processing /home/airflow/.local/lib/python3.8/site-packages/airflow/example_dags/example_task_group_decorator.py took 0.062 seconds
[2025-06-28T04:36:12.436+0000] {processor.py:161} INFO - Started process (PID=1978) to work on /home/airflow/.local/lib/python3.8/site-packages/airflow/example_dags/example_task_group_decorator.py
[2025-06-28T04:36:12.436+0000] {processor.py:830} INFO - Processing file /home/airflow/.local/lib/python3.8/site-packages/airflow/example_dags/example_task_group_decorator.py for tasks to queue
[2025-06-28T04:36:12.437+0000] {logging_mixin.py:188} INFO - [2025-06-28T04:36:12.437+0000] {dagbag.py:538} INFO - Filling up the DagBag from /home/airflow/.local/lib/python3.8/site-packages/airflow/example_dags/example_task_group_decorator.py
[2025-06-28T04:36:12.445+0000] {processor.py:840} INFO - DAG(s) 'example_task_group_decorator' retrieved from /home/airflow/.local/lib/python3.8/site-packages/airflow/example_dags/example_task_group_decorator.py
[2025-06-28T04:36:12.463+0000] {logging_mixin.py:188} INFO - [2025-06-28T04:36:12.463+0000] {dag.py:3036} INFO - Sync 1 DAGs
[2025-06-28T04:36:12.479+0000] {logging_mixin.py:188} INFO - [2025-06-28T04:36:12.478+0000] {dag.py:3823} INFO - Setting next_dagrun for example_task_group_decorator to 2025-06-27 00:00:00+00:00, run_after=2025-06-28 00:00:00+00:00
[2025-06-28T04:36:12.492+0000] {processor.py:183} INFO - Processing /home/airflow/.local/lib/python3.8/site-packages/airflow/example_dags/example_task_group_decorator.py took 0.058 seconds
[2025-06-28T04:36:42.663+0000] {processor.py:161} INFO - Started process (PID=2228) to work on /home/airflow/.local/lib/python3.8/site-packages/airflow/example_dags/example_task_group_decorator.py
[2025-06-28T04:36:42.664+0000] {processor.py:830} INFO - Processing file /home/airflow/.local/lib/python3.8/site-packages/airflow/example_dags/example_task_group_decorator.py for tasks to queue
[2025-06-28T04:36:42.665+0000] {logging_mixin.py:188} INFO - [2025-06-28T04:36:42.665+0000] {dagbag.py:538} INFO - Filling up the DagBag from /home/airflow/.local/lib/python3.8/site-packages/airflow/example_dags/example_task_group_decorator.py
[2025-06-28T04:36:42.673+0000] {processor.py:840} INFO - DAG(s) 'example_task_group_decorator' retrieved from /home/airflow/.local/lib/python3.8/site-packages/airflow/example_dags/example_task_group_decorator.py
[2025-06-28T04:36:42.693+0000] {logging_mixin.py:188} INFO - [2025-06-28T04:36:42.693+0000] {dag.py:3036} INFO - Sync 1 DAGs
[2025-06-28T04:36:42.709+0000] {logging_mixin.py:188} INFO - [2025-06-28T04:36:42.709+0000] {dag.py:3823} INFO - Setting next_dagrun for example_task_group_decorator to 2025-06-27 00:00:00+00:00, run_after=2025-06-28 00:00:00+00:00
[2025-06-28T04:36:42.724+0000] {processor.py:183} INFO - Processing /home/airflow/.local/lib/python3.8/site-packages/airflow/example_dags/example_task_group_decorator.py took 0.064 seconds
[2025-06-28T04:37:12.794+0000] {processor.py:161} INFO - Started process (PID=2478) to work on /home/airflow/.local/lib/python3.8/site-packages/airflow/example_dags/example_task_group_decorator.py
[2025-06-28T04:37:12.794+0000] {processor.py:830} INFO - Processing file /home/airflow/.local/lib/python3.8/site-packages/airflow/example_dags/example_task_group_decorator.py for tasks to queue
[2025-06-28T04:37:12.795+0000] {logging_mixin.py:188} INFO - [2025-06-28T04:37:12.795+0000] {dagbag.py:538} INFO - Filling up the DagBag from /home/airflow/.local/lib/python3.8/site-packages/airflow/example_dags/example_task_group_decorator.py
[2025-06-28T04:37:12.802+0000] {processor.py:840} INFO - DAG(s) 'example_task_group_decorator' retrieved from /home/airflow/.local/lib/python3.8/site-packages/airflow/example_dags/example_task_group_decorator.py
[2025-06-28T04:37:12.817+0000] {logging_mixin.py:188} INFO - [2025-06-28T04:37:12.817+0000] {dag.py:3036} INFO - Sync 1 DAGs
[2025-06-28T04:37:12.832+0000] {logging_mixin.py:188} INFO - [2025-06-28T04:37:12.832+0000] {dag.py:3823} INFO - Setting next_dagrun for example_task_group_decorator to 2025-06-27 00:00:00+00:00, run_after=2025-06-28 00:00:00+00:00
[2025-06-28T04:37:12.843+0000] {processor.py:183} INFO - Processing /home/airflow/.local/lib/python3.8/site-packages/airflow/example_dags/example_task_group_decorator.py took 0.051 seconds
[2025-06-28T04:37:43.000+0000] {processor.py:161} INFO - Started process (PID=2728) to work on /home/airflow/.local/lib/python3.8/site-packages/airflow/example_dags/example_task_group_decorator.py
[2025-06-28T04:37:43.001+0000] {processor.py:830} INFO - Processing file /home/airflow/.local/lib/python3.8/site-packages/airflow/example_dags/example_task_group_decorator.py for tasks to queue
[2025-06-28T04:37:43.002+0000] {logging_mixin.py:188} INFO - [2025-06-28T04:37:43.002+0000] {dagbag.py:538} INFO - Filling up the DagBag from /home/airflow/.local/lib/python3.8/site-packages/airflow/example_dags/example_task_group_decorator.py
[2025-06-28T04:37:43.009+0000] {processor.py:840} INFO - DAG(s) 'example_task_group_decorator' retrieved from /home/airflow/.local/lib/python3.8/site-packages/airflow/example_dags/example_task_group_decorator.py
[2025-06-28T04:37:43.027+0000] {logging_mixin.py:188} INFO - [2025-06-28T04:37:43.026+0000] {dag.py:3036} INFO - Sync 1 DAGs
[2025-06-28T04:37:43.041+0000] {logging_mixin.py:188} INFO - [2025-06-28T04:37:43.041+0000] {dag.py:3823} INFO - Setting next_dagrun for example_task_group_decorator to 2025-06-27 00:00:00+00:00, run_after=2025-06-28 00:00:00+00:00
[2025-06-28T04:37:43.053+0000] {processor.py:183} INFO - Processing /home/airflow/.local/lib/python3.8/site-packages/airflow/example_dags/example_task_group_decorator.py took 0.054 seconds
[2025-06-28T04:38:13.152+0000] {processor.py:161} INFO - Started process (PID=2980) to work on /home/airflow/.local/lib/python3.8/site-packages/airflow/example_dags/example_task_group_decorator.py
[2025-06-28T04:38:13.153+0000] {processor.py:830} INFO - Processing file /home/airflow/.local/lib/python3.8/site-packages/airflow/example_dags/example_task_group_decorator.py for tasks to queue
[2025-06-28T04:38:13.154+0000] {logging_mixin.py:188} INFO - [2025-06-28T04:38:13.153+0000] {dagbag.py:538} INFO - Filling up the DagBag from /home/airflow/.local/lib/python3.8/site-packages/airflow/example_dags/example_task_group_decorator.py
[2025-06-28T04:38:13.164+0000] {processor.py:840} INFO - DAG(s) 'example_task_group_decorator' retrieved from /home/airflow/.local/lib/python3.8/site-packages/airflow/example_dags/example_task_group_decorator.py
[2025-06-28T04:38:13.186+0000] {logging_mixin.py:188} INFO - [2025-06-28T04:38:13.185+0000] {dag.py:3036} INFO - Sync 1 DAGs
[2025-06-28T04:38:13.200+0000] {logging_mixin.py:188} INFO - [2025-06-28T04:38:13.199+0000] {dag.py:3823} INFO - Setting next_dagrun for example_task_group_decorator to 2025-06-27 00:00:00+00:00, run_after=2025-06-28 00:00:00+00:00
[2025-06-28T04:38:13.210+0000] {processor.py:183} INFO - Processing /home/airflow/.local/lib/python3.8/site-packages/airflow/example_dags/example_task_group_decorator.py took 0.061 seconds
[2025-06-28T04:38:43.432+0000] {processor.py:161} INFO - Started process (PID=3228) to work on /home/airflow/.local/lib/python3.8/site-packages/airflow/example_dags/example_task_group_decorator.py
[2025-06-28T04:38:43.432+0000] {processor.py:830} INFO - Processing file /home/airflow/.local/lib/python3.8/site-packages/airflow/example_dags/example_task_group_decorator.py for tasks to queue
[2025-06-28T04:38:43.433+0000] {logging_mixin.py:188} INFO - [2025-06-28T04:38:43.433+0000] {dagbag.py:538} INFO - Filling up the DagBag from /home/airflow/.local/lib/python3.8/site-packages/airflow/example_dags/example_task_group_decorator.py
[2025-06-28T04:38:43.441+0000] {processor.py:840} INFO - DAG(s) 'example_task_group_decorator' retrieved from /home/airflow/.local/lib/python3.8/site-packages/airflow/example_dags/example_task_group_decorator.py
[2025-06-28T04:38:43.461+0000] {logging_mixin.py:188} INFO - [2025-06-28T04:38:43.460+0000] {dag.py:3036} INFO - Sync 1 DAGs
[2025-06-28T04:38:43.474+0000] {logging_mixin.py:188} INFO - [2025-06-28T04:38:43.474+0000] {dag.py:3823} INFO - Setting next_dagrun for example_task_group_decorator to 2025-06-27 00:00:00+00:00, run_after=2025-06-28 00:00:00+00:00
[2025-06-28T04:38:43.490+0000] {processor.py:183} INFO - Processing /home/airflow/.local/lib/python3.8/site-packages/airflow/example_dags/example_task_group_decorator.py took 0.060 seconds
[2025-06-28T04:39:13.797+0000] {processor.py:161} INFO - Started process (PID=3478) to work on /home/airflow/.local/lib/python3.8/site-packages/airflow/example_dags/example_task_group_decorator.py
[2025-06-28T04:39:13.798+0000] {processor.py:830} INFO - Processing file /home/airflow/.local/lib/python3.8/site-packages/airflow/example_dags/example_task_group_decorator.py for tasks to queue
[2025-06-28T04:39:13.799+0000] {logging_mixin.py:188} INFO - [2025-06-28T04:39:13.799+0000] {dagbag.py:538} INFO - Filling up the DagBag from /home/airflow/.local/lib/python3.8/site-packages/airflow/example_dags/example_task_group_decorator.py
[2025-06-28T04:39:13.807+0000] {processor.py:840} INFO - DAG(s) 'example_task_group_decorator' retrieved from /home/airflow/.local/lib/python3.8/site-packages/airflow/example_dags/example_task_group_decorator.py
[2025-06-28T04:39:13.824+0000] {logging_mixin.py:188} INFO - [2025-06-28T04:39:13.823+0000] {dag.py:3036} INFO - Sync 1 DAGs
[2025-06-28T04:39:13.837+0000] {logging_mixin.py:188} INFO - [2025-06-28T04:39:13.837+0000] {dag.py:3823} INFO - Setting next_dagrun for example_task_group_decorator to 2025-06-27 00:00:00+00:00, run_after=2025-06-28 00:00:00+00:00
[2025-06-28T04:39:13.850+0000] {processor.py:183} INFO - Processing /home/airflow/.local/lib/python3.8/site-packages/airflow/example_dags/example_task_group_decorator.py took 0.056 seconds
[2025-06-28T04:39:43.975+0000] {processor.py:161} INFO - Started process (PID=3728) to work on /home/airflow/.local/lib/python3.8/site-packages/airflow/example_dags/example_task_group_decorator.py
[2025-06-28T04:39:43.976+0000] {processor.py:830} INFO - Processing file /home/airflow/.local/lib/python3.8/site-packages/airflow/example_dags/example_task_group_decorator.py for tasks to queue
[2025-06-28T04:39:43.977+0000] {logging_mixin.py:188} INFO - [2025-06-28T04:39:43.977+0000] {dagbag.py:538} INFO - Filling up the DagBag from /home/airflow/.local/lib/python3.8/site-packages/airflow/example_dags/example_task_group_decorator.py
[2025-06-28T04:39:43.985+0000] {processor.py:840} INFO - DAG(s) 'example_task_group_decorator' retrieved from /home/airflow/.local/lib/python3.8/site-packages/airflow/example_dags/example_task_group_decorator.py
[2025-06-28T04:39:44.000+0000] {logging_mixin.py:188} INFO - [2025-06-28T04:39:43.999+0000] {dag.py:3036} INFO - Sync 1 DAGs
[2025-06-28T04:39:44.013+0000] {logging_mixin.py:188} INFO - [2025-06-28T04:39:44.013+0000] {dag.py:3823} INFO - Setting next_dagrun for example_task_group_decorator to 2025-06-27 00:00:00+00:00, run_after=2025-06-28 00:00:00+00:00
[2025-06-28T04:39:44.026+0000] {processor.py:183} INFO - Processing /home/airflow/.local/lib/python3.8/site-packages/airflow/example_dags/example_task_group_decorator.py took 0.053 seconds
[2025-06-28T04:40:14.158+0000] {processor.py:161} INFO - Started process (PID=3978) to work on /home/airflow/.local/lib/python3.8/site-packages/airflow/example_dags/example_task_group_decorator.py
[2025-06-28T04:40:14.159+0000] {processor.py:830} INFO - Processing file /home/airflow/.local/lib/python3.8/site-packages/airflow/example_dags/example_task_group_decorator.py for tasks to queue
[2025-06-28T04:40:14.160+0000] {logging_mixin.py:188} INFO - [2025-06-28T04:40:14.160+0000] {dagbag.py:538} INFO - Filling up the DagBag from /home/airflow/.local/lib/python3.8/site-packages/airflow/example_dags/example_task_group_decorator.py
[2025-06-28T04:40:14.168+0000] {processor.py:840} INFO - DAG(s) 'example_task_group_decorator' retrieved from /home/airflow/.local/lib/python3.8/site-packages/airflow/example_dags/example_task_group_decorator.py
[2025-06-28T04:40:14.183+0000] {logging_mixin.py:188} INFO - [2025-06-28T04:40:14.182+0000] {dag.py:3036} INFO - Sync 1 DAGs
[2025-06-28T04:40:14.197+0000] {logging_mixin.py:188} INFO - [2025-06-28T04:40:14.197+0000] {dag.py:3823} INFO - Setting next_dagrun for example_task_group_decorator to 2025-06-27 00:00:00+00:00, run_after=2025-06-28 00:00:00+00:00
[2025-06-28T04:40:14.212+0000] {processor.py:183} INFO - Processing /home/airflow/.local/lib/python3.8/site-packages/airflow/example_dags/example_task_group_decorator.py took 0.056 seconds
[2025-06-28T04:40:44.676+0000] {processor.py:161} INFO - Started process (PID=4228) to work on /home/airflow/.local/lib/python3.8/site-packages/airflow/example_dags/example_task_group_decorator.py
[2025-06-28T04:40:44.676+0000] {processor.py:830} INFO - Processing file /home/airflow/.local/lib/python3.8/site-packages/airflow/example_dags/example_task_group_decorator.py for tasks to queue
[2025-06-28T04:40:44.677+0000] {logging_mixin.py:188} INFO - [2025-06-28T04:40:44.677+0000] {dagbag.py:538} INFO - Filling up the DagBag from /home/airflow/.local/lib/python3.8/site-packages/airflow/example_dags/example_task_group_decorator.py
[2025-06-28T04:40:44.686+0000] {processor.py:840} INFO - DAG(s) 'example_task_group_decorator' retrieved from /home/airflow/.local/lib/python3.8/site-packages/airflow/example_dags/example_task_group_decorator.py
[2025-06-28T04:40:44.704+0000] {logging_mixin.py:188} INFO - [2025-06-28T04:40:44.703+0000] {dag.py:3036} INFO - Sync 1 DAGs
[2025-06-28T04:40:44.718+0000] {logging_mixin.py:188} INFO - [2025-06-28T04:40:44.718+0000] {dag.py:3823} INFO - Setting next_dagrun for example_task_group_decorator to 2025-06-27 00:00:00+00:00, run_after=2025-06-28 00:00:00+00:00
[2025-06-28T04:40:44.729+0000] {processor.py:183} INFO - Processing /home/airflow/.local/lib/python3.8/site-packages/airflow/example_dags/example_task_group_decorator.py took 0.055 seconds
[2025-06-28T04:41:15.023+0000] {processor.py:161} INFO - Started process (PID=4478) to work on /home/airflow/.local/lib/python3.8/site-packages/airflow/example_dags/example_task_group_decorator.py
[2025-06-28T04:41:15.023+0000] {processor.py:830} INFO - Processing file /home/airflow/.local/lib/python3.8/site-packages/airflow/example_dags/example_task_group_decorator.py for tasks to queue
[2025-06-28T04:41:15.025+0000] {logging_mixin.py:188} INFO - [2025-06-28T04:41:15.024+0000] {dagbag.py:538} INFO - Filling up the DagBag from /home/airflow/.local/lib/python3.8/site-packages/airflow/example_dags/example_task_group_decorator.py
[2025-06-28T04:41:15.034+0000] {processor.py:840} INFO - DAG(s) 'example_task_group_decorator' retrieved from /home/airflow/.local/lib/python3.8/site-packages/airflow/example_dags/example_task_group_decorator.py
[2025-06-28T04:41:15.050+0000] {logging_mixin.py:188} INFO - [2025-06-28T04:41:15.050+0000] {dag.py:3036} INFO - Sync 1 DAGs
[2025-06-28T04:41:15.063+0000] {logging_mixin.py:188} INFO - [2025-06-28T04:41:15.063+0000] {dag.py:3823} INFO - Setting next_dagrun for example_task_group_decorator to 2025-06-27 00:00:00+00:00, run_after=2025-06-28 00:00:00+00:00
[2025-06-28T04:41:15.079+0000] {processor.py:183} INFO - Processing /home/airflow/.local/lib/python3.8/site-packages/airflow/example_dags/example_task_group_decorator.py took 0.058 seconds
[2025-06-28T04:41:45.389+0000] {processor.py:161} INFO - Started process (PID=4728) to work on /home/airflow/.local/lib/python3.8/site-packages/airflow/example_dags/example_task_group_decorator.py
[2025-06-28T04:41:45.389+0000] {processor.py:830} INFO - Processing file /home/airflow/.local/lib/python3.8/site-packages/airflow/example_dags/example_task_group_decorator.py for tasks to queue
[2025-06-28T04:41:45.390+0000] {logging_mixin.py:188} INFO - [2025-06-28T04:41:45.390+0000] {dagbag.py:538} INFO - Filling up the DagBag from /home/airflow/.local/lib/python3.8/site-packages/airflow/example_dags/example_task_group_decorator.py
[2025-06-28T04:41:45.398+0000] {processor.py:840} INFO - DAG(s) 'example_task_group_decorator' retrieved from /home/airflow/.local/lib/python3.8/site-packages/airflow/example_dags/example_task_group_decorator.py
[2025-06-28T04:41:45.413+0000] {logging_mixin.py:188} INFO - [2025-06-28T04:41:45.412+0000] {dag.py:3036} INFO - Sync 1 DAGs
[2025-06-28T04:41:45.425+0000] {logging_mixin.py:188} INFO - [2025-06-28T04:41:45.425+0000] {dag.py:3823} INFO - Setting next_dagrun for example_task_group_decorator to 2025-06-27 00:00:00+00:00, run_after=2025-06-28 00:00:00+00:00
[2025-06-28T04:41:45.439+0000] {processor.py:183} INFO - Processing /home/airflow/.local/lib/python3.8/site-packages/airflow/example_dags/example_task_group_decorator.py took 0.052 seconds
[2025-06-28T04:42:15.881+0000] {processor.py:161} INFO - Started process (PID=4980) to work on /home/airflow/.local/lib/python3.8/site-packages/airflow/example_dags/example_task_group_decorator.py
[2025-06-28T04:42:15.881+0000] {processor.py:830} INFO - Processing file /home/airflow/.local/lib/python3.8/site-packages/airflow/example_dags/example_task_group_decorator.py for tasks to queue
[2025-06-28T04:42:15.882+0000] {logging_mixin.py:188} INFO - [2025-06-28T04:42:15.882+0000] {dagbag.py:538} INFO - Filling up the DagBag from /home/airflow/.local/lib/python3.8/site-packages/airflow/example_dags/example_task_group_decorator.py
[2025-06-28T04:42:15.890+0000] {processor.py:840} INFO - DAG(s) 'example_task_group_decorator' retrieved from /home/airflow/.local/lib/python3.8/site-packages/airflow/example_dags/example_task_group_decorator.py
[2025-06-28T04:42:15.905+0000] {logging_mixin.py:188} INFO - [2025-06-28T04:42:15.905+0000] {dag.py:3036} INFO - Sync 1 DAGs
[2025-06-28T04:42:15.919+0000] {logging_mixin.py:188} INFO - [2025-06-28T04:42:15.919+0000] {dag.py:3823} INFO - Setting next_dagrun for example_task_group_decorator to 2025-06-27 00:00:00+00:00, run_after=2025-06-28 00:00:00+00:00
[2025-06-28T04:42:15.932+0000] {processor.py:183} INFO - Processing /home/airflow/.local/lib/python3.8/site-packages/airflow/example_dags/example_task_group_decorator.py took 0.053 seconds
[2025-06-28T04:42:46.052+0000] {processor.py:161} INFO - Started process (PID=5228) to work on /home/airflow/.local/lib/python3.8/site-packages/airflow/example_dags/example_task_group_decorator.py
[2025-06-28T04:42:46.053+0000] {processor.py:830} INFO - Processing file /home/airflow/.local/lib/python3.8/site-packages/airflow/example_dags/example_task_group_decorator.py for tasks to queue
[2025-06-28T04:42:46.054+0000] {logging_mixin.py:188} INFO - [2025-06-28T04:42:46.054+0000] {dagbag.py:538} INFO - Filling up the DagBag from /home/airflow/.local/lib/python3.8/site-packages/airflow/example_dags/example_task_group_decorator.py
[2025-06-28T04:42:46.063+0000] {processor.py:840} INFO - DAG(s) 'example_task_group_decorator' retrieved from /home/airflow/.local/lib/python3.8/site-packages/airflow/example_dags/example_task_group_decorator.py
[2025-06-28T04:42:46.081+0000] {logging_mixin.py:188} INFO - [2025-06-28T04:42:46.080+0000] {dag.py:3036} INFO - Sync 1 DAGs
[2025-06-28T04:42:46.098+0000] {logging_mixin.py:188} INFO - [2025-06-28T04:42:46.098+0000] {dag.py:3823} INFO - Setting next_dagrun for example_task_group_decorator to 2025-06-27 00:00:00+00:00, run_after=2025-06-28 00:00:00+00:00
[2025-06-28T04:42:46.110+0000] {processor.py:183} INFO - Processing /home/airflow/.local/lib/python3.8/site-packages/airflow/example_dags/example_task_group_decorator.py took 0.061 seconds
[2025-06-28T04:43:16.375+0000] {processor.py:161} INFO - Started process (PID=5478) to work on /home/airflow/.local/lib/python3.8/site-packages/airflow/example_dags/example_task_group_decorator.py
[2025-06-28T04:43:16.376+0000] {processor.py:830} INFO - Processing file /home/airflow/.local/lib/python3.8/site-packages/airflow/example_dags/example_task_group_decorator.py for tasks to queue
[2025-06-28T04:43:16.377+0000] {logging_mixin.py:188} INFO - [2025-06-28T04:43:16.377+0000] {dagbag.py:538} INFO - Filling up the DagBag from /home/airflow/.local/lib/python3.8/site-packages/airflow/example_dags/example_task_group_decorator.py
[2025-06-28T04:43:16.389+0000] {processor.py:840} INFO - DAG(s) 'example_task_group_decorator' retrieved from /home/airflow/.local/lib/python3.8/site-packages/airflow/example_dags/example_task_group_decorator.py
[2025-06-28T04:43:16.407+0000] {logging_mixin.py:188} INFO - [2025-06-28T04:43:16.407+0000] {dag.py:3036} INFO - Sync 1 DAGs
[2025-06-28T04:43:16.419+0000] {logging_mixin.py:188} INFO - [2025-06-28T04:43:16.419+0000] {dag.py:3823} INFO - Setting next_dagrun for example_task_group_decorator to 2025-06-27 00:00:00+00:00, run_after=2025-06-28 00:00:00+00:00
[2025-06-28T04:43:16.432+0000] {processor.py:183} INFO - Processing /home/airflow/.local/lib/python3.8/site-packages/airflow/example_dags/example_task_group_decorator.py took 0.059 seconds
[2025-06-28T04:43:46.715+0000] {processor.py:161} INFO - Started process (PID=5728) to work on /home/airflow/.local/lib/python3.8/site-packages/airflow/example_dags/example_task_group_decorator.py
[2025-06-28T04:43:46.716+0000] {processor.py:830} INFO - Processing file /home/airflow/.local/lib/python3.8/site-packages/airflow/example_dags/example_task_group_decorator.py for tasks to queue
[2025-06-28T04:43:46.717+0000] {logging_mixin.py:188} INFO - [2025-06-28T04:43:46.717+0000] {dagbag.py:538} INFO - Filling up the DagBag from /home/airflow/.local/lib/python3.8/site-packages/airflow/example_dags/example_task_group_decorator.py
[2025-06-28T04:43:46.724+0000] {processor.py:840} INFO - DAG(s) 'example_task_group_decorator' retrieved from /home/airflow/.local/lib/python3.8/site-packages/airflow/example_dags/example_task_group_decorator.py
[2025-06-28T04:43:46.741+0000] {logging_mixin.py:188} INFO - [2025-06-28T04:43:46.740+0000] {dag.py:3036} INFO - Sync 1 DAGs
[2025-06-28T04:43:46.756+0000] {logging_mixin.py:188} INFO - [2025-06-28T04:43:46.756+0000] {dag.py:3823} INFO - Setting next_dagrun for example_task_group_decorator to 2025-06-27 00:00:00+00:00, run_after=2025-06-28 00:00:00+00:00
[2025-06-28T04:43:46.772+0000] {processor.py:183} INFO - Processing /home/airflow/.local/lib/python3.8/site-packages/airflow/example_dags/example_task_group_decorator.py took 0.058 seconds
[2025-06-28T04:44:17.086+0000] {processor.py:161} INFO - Started process (PID=5975) to work on /home/airflow/.local/lib/python3.8/site-packages/airflow/example_dags/example_task_group_decorator.py
[2025-06-28T04:44:17.087+0000] {processor.py:830} INFO - Processing file /home/airflow/.local/lib/python3.8/site-packages/airflow/example_dags/example_task_group_decorator.py for tasks to queue
[2025-06-28T04:44:17.089+0000] {logging_mixin.py:188} INFO - [2025-06-28T04:44:17.088+0000] {dagbag.py:538} INFO - Filling up the DagBag from /home/airflow/.local/lib/python3.8/site-packages/airflow/example_dags/example_task_group_decorator.py
[2025-06-28T04:44:17.103+0000] {processor.py:840} INFO - DAG(s) 'example_task_group_decorator' retrieved from /home/airflow/.local/lib/python3.8/site-packages/airflow/example_dags/example_task_group_decorator.py
[2025-06-28T04:44:17.121+0000] {logging_mixin.py:188} INFO - [2025-06-28T04:44:17.121+0000] {dag.py:3036} INFO - Sync 1 DAGs
[2025-06-28T04:44:17.136+0000] {logging_mixin.py:188} INFO - [2025-06-28T04:44:17.136+0000] {dag.py:3823} INFO - Setting next_dagrun for example_task_group_decorator to 2025-06-27 00:00:00+00:00, run_after=2025-06-28 00:00:00+00:00
[2025-06-28T04:44:17.150+0000] {processor.py:183} INFO - Processing /home/airflow/.local/lib/python3.8/site-packages/airflow/example_dags/example_task_group_decorator.py took 0.066 seconds
[2025-06-28T04:44:47.399+0000] {processor.py:161} INFO - Started process (PID=6228) to work on /home/airflow/.local/lib/python3.8/site-packages/airflow/example_dags/example_task_group_decorator.py
[2025-06-28T04:44:47.400+0000] {processor.py:830} INFO - Processing file /home/airflow/.local/lib/python3.8/site-packages/airflow/example_dags/example_task_group_decorator.py for tasks to queue
[2025-06-28T04:44:47.400+0000] {logging_mixin.py:188} INFO - [2025-06-28T04:44:47.400+0000] {dagbag.py:538} INFO - Filling up the DagBag from /home/airflow/.local/lib/python3.8/site-packages/airflow/example_dags/example_task_group_decorator.py
[2025-06-28T04:44:47.408+0000] {processor.py:840} INFO - DAG(s) 'example_task_group_decorator' retrieved from /home/airflow/.local/lib/python3.8/site-packages/airflow/example_dags/example_task_group_decorator.py
[2025-06-28T04:44:47.427+0000] {logging_mixin.py:188} INFO - [2025-06-28T04:44:47.427+0000] {dag.py:3036} INFO - Sync 1 DAGs
[2025-06-28T04:44:47.440+0000] {logging_mixin.py:188} INFO - [2025-06-28T04:44:47.440+0000] {dag.py:3823} INFO - Setting next_dagrun for example_task_group_decorator to 2025-06-27 00:00:00+00:00, run_after=2025-06-28 00:00:00+00:00
[2025-06-28T04:44:47.453+0000] {processor.py:183} INFO - Processing /home/airflow/.local/lib/python3.8/site-packages/airflow/example_dags/example_task_group_decorator.py took 0.056 seconds
[2025-06-28T04:45:17.559+0000] {processor.py:161} INFO - Started process (PID=6473) to work on /home/airflow/.local/lib/python3.8/site-packages/airflow/example_dags/example_task_group_decorator.py
[2025-06-28T04:45:17.560+0000] {processor.py:830} INFO - Processing file /home/airflow/.local/lib/python3.8/site-packages/airflow/example_dags/example_task_group_decorator.py for tasks to queue
[2025-06-28T04:45:17.561+0000] {logging_mixin.py:188} INFO - [2025-06-28T04:45:17.561+0000] {dagbag.py:538} INFO - Filling up the DagBag from /home/airflow/.local/lib/python3.8/site-packages/airflow/example_dags/example_task_group_decorator.py
[2025-06-28T04:45:17.574+0000] {processor.py:840} INFO - DAG(s) 'example_task_group_decorator' retrieved from /home/airflow/.local/lib/python3.8/site-packages/airflow/example_dags/example_task_group_decorator.py
[2025-06-28T04:45:17.595+0000] {logging_mixin.py:188} INFO - [2025-06-28T04:45:17.594+0000] {dag.py:3036} INFO - Sync 1 DAGs
[2025-06-28T04:45:17.608+0000] {logging_mixin.py:188} INFO - [2025-06-28T04:45:17.608+0000] {dag.py:3823} INFO - Setting next_dagrun for example_task_group_decorator to 2025-06-27 00:00:00+00:00, run_after=2025-06-28 00:00:00+00:00
[2025-06-28T04:45:17.619+0000] {processor.py:183} INFO - Processing /home/airflow/.local/lib/python3.8/site-packages/airflow/example_dags/example_task_group_decorator.py took 0.063 seconds
[2025-06-28T04:45:48.100+0000] {processor.py:161} INFO - Started process (PID=6730) to work on /home/airflow/.local/lib/python3.8/site-packages/airflow/example_dags/example_task_group_decorator.py
[2025-06-28T04:45:48.101+0000] {processor.py:830} INFO - Processing file /home/airflow/.local/lib/python3.8/site-packages/airflow/example_dags/example_task_group_decorator.py for tasks to queue
[2025-06-28T04:45:48.102+0000] {logging_mixin.py:188} INFO - [2025-06-28T04:45:48.102+0000] {dagbag.py:538} INFO - Filling up the DagBag from /home/airflow/.local/lib/python3.8/site-packages/airflow/example_dags/example_task_group_decorator.py
[2025-06-28T04:45:48.111+0000] {processor.py:840} INFO - DAG(s) 'example_task_group_decorator' retrieved from /home/airflow/.local/lib/python3.8/site-packages/airflow/example_dags/example_task_group_decorator.py
[2025-06-28T04:45:48.125+0000] {logging_mixin.py:188} INFO - [2025-06-28T04:45:48.125+0000] {dag.py:3036} INFO - Sync 1 DAGs
[2025-06-28T04:45:48.142+0000] {logging_mixin.py:188} INFO - [2025-06-28T04:45:48.142+0000] {dag.py:3823} INFO - Setting next_dagrun for example_task_group_decorator to 2025-06-27 00:00:00+00:00, run_after=2025-06-28 00:00:00+00:00
[2025-06-28T04:45:48.157+0000] {processor.py:183} INFO - Processing /home/airflow/.local/lib/python3.8/site-packages/airflow/example_dags/example_task_group_decorator.py took 0.059 seconds
[2025-06-28T04:46:18.395+0000] {processor.py:161} INFO - Started process (PID=6980) to work on /home/airflow/.local/lib/python3.8/site-packages/airflow/example_dags/example_task_group_decorator.py
[2025-06-28T04:46:18.395+0000] {processor.py:830} INFO - Processing file /home/airflow/.local/lib/python3.8/site-packages/airflow/example_dags/example_task_group_decorator.py for tasks to queue
[2025-06-28T04:46:18.396+0000] {logging_mixin.py:188} INFO - [2025-06-28T04:46:18.396+0000] {dagbag.py:538} INFO - Filling up the DagBag from /home/airflow/.local/lib/python3.8/site-packages/airflow/example_dags/example_task_group_decorator.py
[2025-06-28T04:46:18.404+0000] {processor.py:840} INFO - DAG(s) 'example_task_group_decorator' retrieved from /home/airflow/.local/lib/python3.8/site-packages/airflow/example_dags/example_task_group_decorator.py
[2025-06-28T04:46:18.424+0000] {logging_mixin.py:188} INFO - [2025-06-28T04:46:18.424+0000] {dag.py:3036} INFO - Sync 1 DAGs
[2025-06-28T04:46:18.441+0000] {logging_mixin.py:188} INFO - [2025-06-28T04:46:18.440+0000] {dag.py:3823} INFO - Setting next_dagrun for example_task_group_decorator to 2025-06-27 00:00:00+00:00, run_after=2025-06-28 00:00:00+00:00
[2025-06-28T04:46:18.457+0000] {processor.py:183} INFO - Processing /home/airflow/.local/lib/python3.8/site-packages/airflow/example_dags/example_task_group_decorator.py took 0.064 seconds
[2025-06-28T04:46:49.030+0000] {processor.py:161} INFO - Started process (PID=7230) to work on /home/airflow/.local/lib/python3.8/site-packages/airflow/example_dags/example_task_group_decorator.py
[2025-06-28T04:46:49.031+0000] {processor.py:830} INFO - Processing file /home/airflow/.local/lib/python3.8/site-packages/airflow/example_dags/example_task_group_decorator.py for tasks to queue
[2025-06-28T04:46:49.033+0000] {logging_mixin.py:188} INFO - [2025-06-28T04:46:49.032+0000] {dagbag.py:538} INFO - Filling up the DagBag from /home/airflow/.local/lib/python3.8/site-packages/airflow/example_dags/example_task_group_decorator.py
[2025-06-28T04:46:49.045+0000] {processor.py:840} INFO - DAG(s) 'example_task_group_decorator' retrieved from /home/airflow/.local/lib/python3.8/site-packages/airflow/example_dags/example_task_group_decorator.py
[2025-06-28T04:46:49.066+0000] {logging_mixin.py:188} INFO - [2025-06-28T04:46:49.066+0000] {dag.py:3036} INFO - Sync 1 DAGs
[2025-06-28T04:46:49.081+0000] {logging_mixin.py:188} INFO - [2025-06-28T04:46:49.081+0000] {dag.py:3823} INFO - Setting next_dagrun for example_task_group_decorator to 2025-06-27 00:00:00+00:00, run_after=2025-06-28 00:00:00+00:00
[2025-06-28T04:46:49.104+0000] {processor.py:183} INFO - Processing /home/airflow/.local/lib/python3.8/site-packages/airflow/example_dags/example_task_group_decorator.py took 0.076 seconds
[2025-06-28T04:47:19.425+0000] {processor.py:161} INFO - Started process (PID=7480) to work on /home/airflow/.local/lib/python3.8/site-packages/airflow/example_dags/example_task_group_decorator.py
[2025-06-28T04:47:19.425+0000] {processor.py:830} INFO - Processing file /home/airflow/.local/lib/python3.8/site-packages/airflow/example_dags/example_task_group_decorator.py for tasks to queue
[2025-06-28T04:47:19.426+0000] {logging_mixin.py:188} INFO - [2025-06-28T04:47:19.426+0000] {dagbag.py:538} INFO - Filling up the DagBag from /home/airflow/.local/lib/python3.8/site-packages/airflow/example_dags/example_task_group_decorator.py
[2025-06-28T04:47:19.435+0000] {processor.py:840} INFO - DAG(s) 'example_task_group_decorator' retrieved from /home/airflow/.local/lib/python3.8/site-packages/airflow/example_dags/example_task_group_decorator.py
[2025-06-28T04:47:19.455+0000] {logging_mixin.py:188} INFO - [2025-06-28T04:47:19.455+0000] {dag.py:3036} INFO - Sync 1 DAGs
[2025-06-28T04:47:19.468+0000] {logging_mixin.py:188} INFO - [2025-06-28T04:47:19.467+0000] {dag.py:3823} INFO - Setting next_dagrun for example_task_group_decorator to 2025-06-27 00:00:00+00:00, run_after=2025-06-28 00:00:00+00:00
[2025-06-28T04:47:19.482+0000] {processor.py:183} INFO - Processing /home/airflow/.local/lib/python3.8/site-packages/airflow/example_dags/example_task_group_decorator.py took 0.059 seconds
[2025-06-28T04:47:49.639+0000] {processor.py:161} INFO - Started process (PID=7728) to work on /home/airflow/.local/lib/python3.8/site-packages/airflow/example_dags/example_task_group_decorator.py
[2025-06-28T04:47:49.640+0000] {processor.py:830} INFO - Processing file /home/airflow/.local/lib/python3.8/site-packages/airflow/example_dags/example_task_group_decorator.py for tasks to queue
[2025-06-28T04:47:49.641+0000] {logging_mixin.py:188} INFO - [2025-06-28T04:47:49.641+0000] {dagbag.py:538} INFO - Filling up the DagBag from /home/airflow/.local/lib/python3.8/site-packages/airflow/example_dags/example_task_group_decorator.py
[2025-06-28T04:47:49.648+0000] {processor.py:840} INFO - DAG(s) 'example_task_group_decorator' retrieved from /home/airflow/.local/lib/python3.8/site-packages/airflow/example_dags/example_task_group_decorator.py
[2025-06-28T04:47:49.666+0000] {logging_mixin.py:188} INFO - [2025-06-28T04:47:49.665+0000] {dag.py:3036} INFO - Sync 1 DAGs
[2025-06-28T04:47:49.684+0000] {logging_mixin.py:188} INFO - [2025-06-28T04:47:49.683+0000] {dag.py:3823} INFO - Setting next_dagrun for example_task_group_decorator to 2025-06-27 00:00:00+00:00, run_after=2025-06-28 00:00:00+00:00
[2025-06-28T04:47:49.695+0000] {processor.py:183} INFO - Processing /home/airflow/.local/lib/python3.8/site-packages/airflow/example_dags/example_task_group_decorator.py took 0.057 seconds
[2025-06-28T04:48:20.785+0000] {processor.py:161} INFO - Started process (PID=7978) to work on /home/airflow/.local/lib/python3.8/site-packages/airflow/example_dags/example_task_group_decorator.py
[2025-06-28T04:48:20.786+0000] {processor.py:830} INFO - Processing file /home/airflow/.local/lib/python3.8/site-packages/airflow/example_dags/example_task_group_decorator.py for tasks to queue
[2025-06-28T04:48:20.787+0000] {logging_mixin.py:188} INFO - [2025-06-28T04:48:20.787+0000] {dagbag.py:538} INFO - Filling up the DagBag from /home/airflow/.local/lib/python3.8/site-packages/airflow/example_dags/example_task_group_decorator.py
[2025-06-28T04:48:20.795+0000] {processor.py:840} INFO - DAG(s) 'example_task_group_decorator' retrieved from /home/airflow/.local/lib/python3.8/site-packages/airflow/example_dags/example_task_group_decorator.py
[2025-06-28T04:48:20.809+0000] {logging_mixin.py:188} INFO - [2025-06-28T04:48:20.809+0000] {dag.py:3036} INFO - Sync 1 DAGs
[2025-06-28T04:48:20.823+0000] {logging_mixin.py:188} INFO - [2025-06-28T04:48:20.823+0000] {dag.py:3823} INFO - Setting next_dagrun for example_task_group_decorator to 2025-06-27 00:00:00+00:00, run_after=2025-06-28 00:00:00+00:00
[2025-06-28T04:48:20.836+0000] {processor.py:183} INFO - Processing /home/airflow/.local/lib/python3.8/site-packages/airflow/example_dags/example_task_group_decorator.py took 0.053 seconds
