[2025-06-28T04:32:39.982+0000] {processor.py:161} INFO - Started process (PID=360) to work on /home/airflow/.local/lib/python3.8/site-packages/airflow/example_dags/example_time_delta_sensor_async.py
[2025-06-28T04:32:39.983+0000] {processor.py:830} INFO - Processing file /home/airflow/.local/lib/python3.8/site-packages/airflow/example_dags/example_time_delta_sensor_async.py for tasks to queue
[2025-06-28T04:32:39.985+0000] {logging_mixin.py:188} INFO - [2025-06-28T04:32:39.984+0000] {dagbag.py:538} INFO - Filling up the DagBag from /home/airflow/.local/lib/python3.8/site-packages/airflow/example_dags/example_time_delta_sensor_async.py
[2025-06-28T04:32:39.990+0000] {processor.py:840} INFO - DAG(s) 'example_time_delta_sensor_async' retrieved from /home/airflow/.local/lib/python3.8/site-packages/airflow/example_dags/example_time_delta_sensor_async.py
[2025-06-28T04:32:40.004+0000] {logging_mixin.py:188} INFO - [2025-06-28T04:32:40.003+0000] {dag.py:3036} INFO - Sync 1 DAGs
[2025-06-28T04:32:40.019+0000] {logging_mixin.py:188} INFO - [2025-06-28T04:32:40.019+0000] {dag.py:3823} INFO - Setting next_dagrun for example_time_delta_sensor_async to None, run_after=None
[2025-06-28T04:32:40.039+0000] {processor.py:183} INFO - Processing /home/airflow/.local/lib/python3.8/site-packages/airflow/example_dags/example_time_delta_sensor_async.py took 0.061 seconds
[2025-06-28T04:33:11.453+0000] {processor.py:161} INFO - Started process (PID=610) to work on /home/airflow/.local/lib/python3.8/site-packages/airflow/example_dags/example_time_delta_sensor_async.py
[2025-06-28T04:33:11.453+0000] {processor.py:830} INFO - Processing file /home/airflow/.local/lib/python3.8/site-packages/airflow/example_dags/example_time_delta_sensor_async.py for tasks to queue
[2025-06-28T04:33:11.457+0000] {logging_mixin.py:188} INFO - [2025-06-28T04:33:11.456+0000] {dagbag.py:538} INFO - Filling up the DagBag from /home/airflow/.local/lib/python3.8/site-packages/airflow/example_dags/example_time_delta_sensor_async.py
[2025-06-28T04:33:11.460+0000] {processor.py:840} INFO - DAG(s) 'example_time_delta_sensor_async' retrieved from /home/airflow/.local/lib/python3.8/site-packages/airflow/example_dags/example_time_delta_sensor_async.py
[2025-06-28T04:33:11.531+0000] {logging_mixin.py:188} INFO - [2025-06-28T04:33:11.531+0000] {dag.py:3036} INFO - Sync 1 DAGs
[2025-06-28T04:33:11.537+0000] {logging_mixin.py:188} INFO - [2025-06-28T04:33:11.537+0000] {dag.py:3823} INFO - Setting next_dagrun for example_time_delta_sensor_async to None, run_after=None
[2025-06-28T04:33:11.552+0000] {processor.py:183} INFO - Processing /home/airflow/.local/lib/python3.8/site-packages/airflow/example_dags/example_time_delta_sensor_async.py took 0.102 seconds
[2025-06-28T04:33:42.434+0000] {processor.py:161} INFO - Started process (PID=858) to work on /home/airflow/.local/lib/python3.8/site-packages/airflow/example_dags/example_time_delta_sensor_async.py
[2025-06-28T04:33:42.435+0000] {processor.py:830} INFO - Processing file /home/airflow/.local/lib/python3.8/site-packages/airflow/example_dags/example_time_delta_sensor_async.py for tasks to queue
[2025-06-28T04:33:42.436+0000] {logging_mixin.py:188} INFO - [2025-06-28T04:33:42.436+0000] {dagbag.py:538} INFO - Filling up the DagBag from /home/airflow/.local/lib/python3.8/site-packages/airflow/example_dags/example_time_delta_sensor_async.py
[2025-06-28T04:33:42.439+0000] {processor.py:840} INFO - DAG(s) 'example_time_delta_sensor_async' retrieved from /home/airflow/.local/lib/python3.8/site-packages/airflow/example_dags/example_time_delta_sensor_async.py
[2025-06-28T04:33:42.452+0000] {logging_mixin.py:188} INFO - [2025-06-28T04:33:42.451+0000] {dag.py:3036} INFO - Sync 1 DAGs
[2025-06-28T04:33:42.459+0000] {logging_mixin.py:188} INFO - [2025-06-28T04:33:42.459+0000] {dag.py:3823} INFO - Setting next_dagrun for example_time_delta_sensor_async to None, run_after=None
[2025-06-28T04:33:42.476+0000] {processor.py:183} INFO - Processing /home/airflow/.local/lib/python3.8/site-packages/airflow/example_dags/example_time_delta_sensor_async.py took 0.044 seconds
[2025-06-28T04:34:12.665+0000] {processor.py:161} INFO - Started process (PID=1110) to work on /home/airflow/.local/lib/python3.8/site-packages/airflow/example_dags/example_time_delta_sensor_async.py
[2025-06-28T04:34:12.666+0000] {processor.py:830} INFO - Processing file /home/airflow/.local/lib/python3.8/site-packages/airflow/example_dags/example_time_delta_sensor_async.py for tasks to queue
[2025-06-28T04:34:12.667+0000] {logging_mixin.py:188} INFO - [2025-06-28T04:34:12.667+0000] {dagbag.py:538} INFO - Filling up the DagBag from /home/airflow/.local/lib/python3.8/site-packages/airflow/example_dags/example_time_delta_sensor_async.py
[2025-06-28T04:34:12.670+0000] {processor.py:840} INFO - DAG(s) 'example_time_delta_sensor_async' retrieved from /home/airflow/.local/lib/python3.8/site-packages/airflow/example_dags/example_time_delta_sensor_async.py
[2025-06-28T04:34:12.693+0000] {logging_mixin.py:188} INFO - [2025-06-28T04:34:12.692+0000] {dag.py:3036} INFO - Sync 1 DAGs
[2025-06-28T04:34:12.702+0000] {logging_mixin.py:188} INFO - [2025-06-28T04:34:12.702+0000] {dag.py:3823} INFO - Setting next_dagrun for example_time_delta_sensor_async to None, run_after=None
[2025-06-28T04:34:12.716+0000] {processor.py:183} INFO - Processing /home/airflow/.local/lib/python3.8/site-packages/airflow/example_dags/example_time_delta_sensor_async.py took 0.055 seconds
[2025-06-28T04:34:43.142+0000] {processor.py:161} INFO - Started process (PID=1360) to work on /home/airflow/.local/lib/python3.8/site-packages/airflow/example_dags/example_time_delta_sensor_async.py
[2025-06-28T04:34:43.143+0000] {processor.py:830} INFO - Processing file /home/airflow/.local/lib/python3.8/site-packages/airflow/example_dags/example_time_delta_sensor_async.py for tasks to queue
[2025-06-28T04:34:43.144+0000] {logging_mixin.py:188} INFO - [2025-06-28T04:34:43.144+0000] {dagbag.py:538} INFO - Filling up the DagBag from /home/airflow/.local/lib/python3.8/site-packages/airflow/example_dags/example_time_delta_sensor_async.py
[2025-06-28T04:34:43.147+0000] {processor.py:840} INFO - DAG(s) 'example_time_delta_sensor_async' retrieved from /home/airflow/.local/lib/python3.8/site-packages/airflow/example_dags/example_time_delta_sensor_async.py
[2025-06-28T04:34:43.164+0000] {logging_mixin.py:188} INFO - [2025-06-28T04:34:43.163+0000] {dag.py:3036} INFO - Sync 1 DAGs
[2025-06-28T04:34:43.171+0000] {logging_mixin.py:188} INFO - [2025-06-28T04:34:43.171+0000] {dag.py:3823} INFO - Setting next_dagrun for example_time_delta_sensor_async to None, run_after=None
[2025-06-28T04:34:43.181+0000] {processor.py:183} INFO - Processing /home/airflow/.local/lib/python3.8/site-packages/airflow/example_dags/example_time_delta_sensor_async.py took 0.041 seconds
[2025-06-28T04:35:13.624+0000] {processor.py:161} INFO - Started process (PID=1608) to work on /home/airflow/.local/lib/python3.8/site-packages/airflow/example_dags/example_time_delta_sensor_async.py
[2025-06-28T04:35:13.625+0000] {processor.py:830} INFO - Processing file /home/airflow/.local/lib/python3.8/site-packages/airflow/example_dags/example_time_delta_sensor_async.py for tasks to queue
[2025-06-28T04:35:13.626+0000] {logging_mixin.py:188} INFO - [2025-06-28T04:35:13.626+0000] {dagbag.py:538} INFO - Filling up the DagBag from /home/airflow/.local/lib/python3.8/site-packages/airflow/example_dags/example_time_delta_sensor_async.py
[2025-06-28T04:35:13.628+0000] {processor.py:840} INFO - DAG(s) 'example_time_delta_sensor_async' retrieved from /home/airflow/.local/lib/python3.8/site-packages/airflow/example_dags/example_time_delta_sensor_async.py
[2025-06-28T04:35:13.643+0000] {logging_mixin.py:188} INFO - [2025-06-28T04:35:13.642+0000] {dag.py:3036} INFO - Sync 1 DAGs
[2025-06-28T04:35:13.649+0000] {logging_mixin.py:188} INFO - [2025-06-28T04:35:13.649+0000] {dag.py:3823} INFO - Setting next_dagrun for example_time_delta_sensor_async to None, run_after=None
[2025-06-28T04:35:13.660+0000] {processor.py:183} INFO - Processing /home/airflow/.local/lib/python3.8/site-packages/airflow/example_dags/example_time_delta_sensor_async.py took 0.037 seconds
[2025-06-28T04:35:44.191+0000] {processor.py:161} INFO - Started process (PID=1860) to work on /home/airflow/.local/lib/python3.8/site-packages/airflow/example_dags/example_time_delta_sensor_async.py
[2025-06-28T04:35:44.191+0000] {processor.py:830} INFO - Processing file /home/airflow/.local/lib/python3.8/site-packages/airflow/example_dags/example_time_delta_sensor_async.py for tasks to queue
[2025-06-28T04:35:44.193+0000] {logging_mixin.py:188} INFO - [2025-06-28T04:35:44.192+0000] {dagbag.py:538} INFO - Filling up the DagBag from /home/airflow/.local/lib/python3.8/site-packages/airflow/example_dags/example_time_delta_sensor_async.py
[2025-06-28T04:35:44.195+0000] {processor.py:840} INFO - DAG(s) 'example_time_delta_sensor_async' retrieved from /home/airflow/.local/lib/python3.8/site-packages/airflow/example_dags/example_time_delta_sensor_async.py
[2025-06-28T04:35:44.211+0000] {logging_mixin.py:188} INFO - [2025-06-28T04:35:44.210+0000] {dag.py:3036} INFO - Sync 1 DAGs
[2025-06-28T04:35:44.218+0000] {logging_mixin.py:188} INFO - [2025-06-28T04:35:44.218+0000] {dag.py:3823} INFO - Setting next_dagrun for example_time_delta_sensor_async to None, run_after=None
[2025-06-28T04:35:44.236+0000] {processor.py:183} INFO - Processing /home/airflow/.local/lib/python3.8/site-packages/airflow/example_dags/example_time_delta_sensor_async.py took 0.048 seconds
[2025-06-28T04:36:14.454+0000] {processor.py:161} INFO - Started process (PID=2108) to work on /home/airflow/.local/lib/python3.8/site-packages/airflow/example_dags/example_time_delta_sensor_async.py
[2025-06-28T04:36:14.455+0000] {processor.py:830} INFO - Processing file /home/airflow/.local/lib/python3.8/site-packages/airflow/example_dags/example_time_delta_sensor_async.py for tasks to queue
[2025-06-28T04:36:14.457+0000] {logging_mixin.py:188} INFO - [2025-06-28T04:36:14.456+0000] {dagbag.py:538} INFO - Filling up the DagBag from /home/airflow/.local/lib/python3.8/site-packages/airflow/example_dags/example_time_delta_sensor_async.py
[2025-06-28T04:36:14.460+0000] {processor.py:840} INFO - DAG(s) 'example_time_delta_sensor_async' retrieved from /home/airflow/.local/lib/python3.8/site-packages/airflow/example_dags/example_time_delta_sensor_async.py
[2025-06-28T04:36:14.479+0000] {logging_mixin.py:188} INFO - [2025-06-28T04:36:14.478+0000] {dag.py:3036} INFO - Sync 1 DAGs
[2025-06-28T04:36:14.487+0000] {logging_mixin.py:188} INFO - [2025-06-28T04:36:14.487+0000] {dag.py:3823} INFO - Setting next_dagrun for example_time_delta_sensor_async to None, run_after=None
[2025-06-28T04:36:14.499+0000] {processor.py:183} INFO - Processing /home/airflow/.local/lib/python3.8/site-packages/airflow/example_dags/example_time_delta_sensor_async.py took 0.047 seconds
[2025-06-28T04:36:44.691+0000] {processor.py:161} INFO - Started process (PID=2358) to work on /home/airflow/.local/lib/python3.8/site-packages/airflow/example_dags/example_time_delta_sensor_async.py
[2025-06-28T04:36:44.692+0000] {processor.py:830} INFO - Processing file /home/airflow/.local/lib/python3.8/site-packages/airflow/example_dags/example_time_delta_sensor_async.py for tasks to queue
[2025-06-28T04:36:44.692+0000] {logging_mixin.py:188} INFO - [2025-06-28T04:36:44.692+0000] {dagbag.py:538} INFO - Filling up the DagBag from /home/airflow/.local/lib/python3.8/site-packages/airflow/example_dags/example_time_delta_sensor_async.py
[2025-06-28T04:36:44.695+0000] {processor.py:840} INFO - DAG(s) 'example_time_delta_sensor_async' retrieved from /home/airflow/.local/lib/python3.8/site-packages/airflow/example_dags/example_time_delta_sensor_async.py
[2025-06-28T04:36:44.707+0000] {logging_mixin.py:188} INFO - [2025-06-28T04:36:44.707+0000] {dag.py:3036} INFO - Sync 1 DAGs
[2025-06-28T04:36:44.714+0000] {logging_mixin.py:188} INFO - [2025-06-28T04:36:44.714+0000] {dag.py:3823} INFO - Setting next_dagrun for example_time_delta_sensor_async to None, run_after=None
[2025-06-28T04:36:44.725+0000] {processor.py:183} INFO - Processing /home/airflow/.local/lib/python3.8/site-packages/airflow/example_dags/example_time_delta_sensor_async.py took 0.036 seconds
[2025-06-28T04:37:14.912+0000] {processor.py:161} INFO - Started process (PID=2608) to work on /home/airflow/.local/lib/python3.8/site-packages/airflow/example_dags/example_time_delta_sensor_async.py
[2025-06-28T04:37:14.912+0000] {processor.py:830} INFO - Processing file /home/airflow/.local/lib/python3.8/site-packages/airflow/example_dags/example_time_delta_sensor_async.py for tasks to queue
[2025-06-28T04:37:14.914+0000] {logging_mixin.py:188} INFO - [2025-06-28T04:37:14.913+0000] {dagbag.py:538} INFO - Filling up the DagBag from /home/airflow/.local/lib/python3.8/site-packages/airflow/example_dags/example_time_delta_sensor_async.py
[2025-06-28T04:37:14.917+0000] {processor.py:840} INFO - DAG(s) 'example_time_delta_sensor_async' retrieved from /home/airflow/.local/lib/python3.8/site-packages/airflow/example_dags/example_time_delta_sensor_async.py
[2025-06-28T04:37:14.932+0000] {logging_mixin.py:188} INFO - [2025-06-28T04:37:14.932+0000] {dag.py:3036} INFO - Sync 1 DAGs
[2025-06-28T04:37:14.939+0000] {logging_mixin.py:188} INFO - [2025-06-28T04:37:14.939+0000] {dag.py:3823} INFO - Setting next_dagrun for example_time_delta_sensor_async to None, run_after=None
[2025-06-28T04:37:14.953+0000] {processor.py:183} INFO - Processing /home/airflow/.local/lib/python3.8/site-packages/airflow/example_dags/example_time_delta_sensor_async.py took 0.043 seconds
[2025-06-28T04:37:45.016+0000] {processor.py:161} INFO - Started process (PID=2858) to work on /home/airflow/.local/lib/python3.8/site-packages/airflow/example_dags/example_time_delta_sensor_async.py
[2025-06-28T04:37:45.016+0000] {processor.py:830} INFO - Processing file /home/airflow/.local/lib/python3.8/site-packages/airflow/example_dags/example_time_delta_sensor_async.py for tasks to queue
[2025-06-28T04:37:45.017+0000] {logging_mixin.py:188} INFO - [2025-06-28T04:37:45.017+0000] {dagbag.py:538} INFO - Filling up the DagBag from /home/airflow/.local/lib/python3.8/site-packages/airflow/example_dags/example_time_delta_sensor_async.py
[2025-06-28T04:37:45.021+0000] {processor.py:840} INFO - DAG(s) 'example_time_delta_sensor_async' retrieved from /home/airflow/.local/lib/python3.8/site-packages/airflow/example_dags/example_time_delta_sensor_async.py
[2025-06-28T04:37:45.033+0000] {logging_mixin.py:188} INFO - [2025-06-28T04:37:45.033+0000] {dag.py:3036} INFO - Sync 1 DAGs
[2025-06-28T04:37:45.040+0000] {logging_mixin.py:188} INFO - [2025-06-28T04:37:45.040+0000] {dag.py:3823} INFO - Setting next_dagrun for example_time_delta_sensor_async to None, run_after=None
[2025-06-28T04:37:45.053+0000] {processor.py:183} INFO - Processing /home/airflow/.local/lib/python3.8/site-packages/airflow/example_dags/example_time_delta_sensor_async.py took 0.039 seconds
[2025-06-28T04:38:15.367+0000] {processor.py:161} INFO - Started process (PID=3110) to work on /home/airflow/.local/lib/python3.8/site-packages/airflow/example_dags/example_time_delta_sensor_async.py
[2025-06-28T04:38:15.368+0000] {processor.py:830} INFO - Processing file /home/airflow/.local/lib/python3.8/site-packages/airflow/example_dags/example_time_delta_sensor_async.py for tasks to queue
[2025-06-28T04:38:15.370+0000] {logging_mixin.py:188} INFO - [2025-06-28T04:38:15.370+0000] {dagbag.py:538} INFO - Filling up the DagBag from /home/airflow/.local/lib/python3.8/site-packages/airflow/example_dags/example_time_delta_sensor_async.py
[2025-06-28T04:38:15.374+0000] {processor.py:840} INFO - DAG(s) 'example_time_delta_sensor_async' retrieved from /home/airflow/.local/lib/python3.8/site-packages/airflow/example_dags/example_time_delta_sensor_async.py
[2025-06-28T04:38:15.393+0000] {logging_mixin.py:188} INFO - [2025-06-28T04:38:15.393+0000] {dag.py:3036} INFO - Sync 1 DAGs
[2025-06-28T04:38:15.402+0000] {logging_mixin.py:188} INFO - [2025-06-28T04:38:15.402+0000] {dag.py:3823} INFO - Setting next_dagrun for example_time_delta_sensor_async to None, run_after=None
[2025-06-28T04:38:15.416+0000] {processor.py:183} INFO - Processing /home/airflow/.local/lib/python3.8/site-packages/airflow/example_dags/example_time_delta_sensor_async.py took 0.054 seconds
[2025-06-28T04:38:45.617+0000] {processor.py:161} INFO - Started process (PID=3358) to work on /home/airflow/.local/lib/python3.8/site-packages/airflow/example_dags/example_time_delta_sensor_async.py
[2025-06-28T04:38:45.617+0000] {processor.py:830} INFO - Processing file /home/airflow/.local/lib/python3.8/site-packages/airflow/example_dags/example_time_delta_sensor_async.py for tasks to queue
[2025-06-28T04:38:45.618+0000] {logging_mixin.py:188} INFO - [2025-06-28T04:38:45.618+0000] {dagbag.py:538} INFO - Filling up the DagBag from /home/airflow/.local/lib/python3.8/site-packages/airflow/example_dags/example_time_delta_sensor_async.py
[2025-06-28T04:38:45.621+0000] {processor.py:840} INFO - DAG(s) 'example_time_delta_sensor_async' retrieved from /home/airflow/.local/lib/python3.8/site-packages/airflow/example_dags/example_time_delta_sensor_async.py
[2025-06-28T04:38:45.634+0000] {logging_mixin.py:188} INFO - [2025-06-28T04:38:45.634+0000] {dag.py:3036} INFO - Sync 1 DAGs
[2025-06-28T04:38:45.640+0000] {logging_mixin.py:188} INFO - [2025-06-28T04:38:45.640+0000] {dag.py:3823} INFO - Setting next_dagrun for example_time_delta_sensor_async to None, run_after=None
[2025-06-28T04:38:45.653+0000] {processor.py:183} INFO - Processing /home/airflow/.local/lib/python3.8/site-packages/airflow/example_dags/example_time_delta_sensor_async.py took 0.038 seconds
[2025-06-28T04:39:15.855+0000] {processor.py:161} INFO - Started process (PID=3610) to work on /home/airflow/.local/lib/python3.8/site-packages/airflow/example_dags/example_time_delta_sensor_async.py
[2025-06-28T04:39:15.856+0000] {processor.py:830} INFO - Processing file /home/airflow/.local/lib/python3.8/site-packages/airflow/example_dags/example_time_delta_sensor_async.py for tasks to queue
[2025-06-28T04:39:15.857+0000] {logging_mixin.py:188} INFO - [2025-06-28T04:39:15.857+0000] {dagbag.py:538} INFO - Filling up the DagBag from /home/airflow/.local/lib/python3.8/site-packages/airflow/example_dags/example_time_delta_sensor_async.py
[2025-06-28T04:39:15.860+0000] {processor.py:840} INFO - DAG(s) 'example_time_delta_sensor_async' retrieved from /home/airflow/.local/lib/python3.8/site-packages/airflow/example_dags/example_time_delta_sensor_async.py
[2025-06-28T04:39:15.874+0000] {logging_mixin.py:188} INFO - [2025-06-28T04:39:15.874+0000] {dag.py:3036} INFO - Sync 1 DAGs
[2025-06-28T04:39:15.881+0000] {logging_mixin.py:188} INFO - [2025-06-28T04:39:15.881+0000] {dag.py:3823} INFO - Setting next_dagrun for example_time_delta_sensor_async to None, run_after=None
[2025-06-28T04:39:15.892+0000] {processor.py:183} INFO - Processing /home/airflow/.local/lib/python3.8/site-packages/airflow/example_dags/example_time_delta_sensor_async.py took 0.040 seconds
[2025-06-28T04:39:46.041+0000] {processor.py:161} INFO - Started process (PID=3858) to work on /home/airflow/.local/lib/python3.8/site-packages/airflow/example_dags/example_time_delta_sensor_async.py
[2025-06-28T04:39:46.042+0000] {processor.py:830} INFO - Processing file /home/airflow/.local/lib/python3.8/site-packages/airflow/example_dags/example_time_delta_sensor_async.py for tasks to queue
[2025-06-28T04:39:46.043+0000] {logging_mixin.py:188} INFO - [2025-06-28T04:39:46.043+0000] {dagbag.py:538} INFO - Filling up the DagBag from /home/airflow/.local/lib/python3.8/site-packages/airflow/example_dags/example_time_delta_sensor_async.py
[2025-06-28T04:39:46.045+0000] {processor.py:840} INFO - DAG(s) 'example_time_delta_sensor_async' retrieved from /home/airflow/.local/lib/python3.8/site-packages/airflow/example_dags/example_time_delta_sensor_async.py
[2025-06-28T04:39:46.061+0000] {logging_mixin.py:188} INFO - [2025-06-28T04:39:46.061+0000] {dag.py:3036} INFO - Sync 1 DAGs
[2025-06-28T04:39:46.071+0000] {logging_mixin.py:188} INFO - [2025-06-28T04:39:46.071+0000] {dag.py:3823} INFO - Setting next_dagrun for example_time_delta_sensor_async to None, run_after=None
[2025-06-28T04:39:46.087+0000] {processor.py:183} INFO - Processing /home/airflow/.local/lib/python3.8/site-packages/airflow/example_dags/example_time_delta_sensor_async.py took 0.048 seconds
[2025-06-28T04:40:16.357+0000] {processor.py:161} INFO - Started process (PID=4108) to work on /home/airflow/.local/lib/python3.8/site-packages/airflow/example_dags/example_time_delta_sensor_async.py
[2025-06-28T04:40:16.357+0000] {processor.py:830} INFO - Processing file /home/airflow/.local/lib/python3.8/site-packages/airflow/example_dags/example_time_delta_sensor_async.py for tasks to queue
[2025-06-28T04:40:16.358+0000] {logging_mixin.py:188} INFO - [2025-06-28T04:40:16.358+0000] {dagbag.py:538} INFO - Filling up the DagBag from /home/airflow/.local/lib/python3.8/site-packages/airflow/example_dags/example_time_delta_sensor_async.py
[2025-06-28T04:40:16.361+0000] {processor.py:840} INFO - DAG(s) 'example_time_delta_sensor_async' retrieved from /home/airflow/.local/lib/python3.8/site-packages/airflow/example_dags/example_time_delta_sensor_async.py
[2025-06-28T04:40:16.374+0000] {logging_mixin.py:188} INFO - [2025-06-28T04:40:16.374+0000] {dag.py:3036} INFO - Sync 1 DAGs
[2025-06-28T04:40:16.381+0000] {logging_mixin.py:188} INFO - [2025-06-28T04:40:16.381+0000] {dag.py:3823} INFO - Setting next_dagrun for example_time_delta_sensor_async to None, run_after=None
[2025-06-28T04:40:16.411+0000] {processor.py:183} INFO - Processing /home/airflow/.local/lib/python3.8/site-packages/airflow/example_dags/example_time_delta_sensor_async.py took 0.057 seconds
[2025-06-28T04:40:46.785+0000] {processor.py:161} INFO - Started process (PID=4360) to work on /home/airflow/.local/lib/python3.8/site-packages/airflow/example_dags/example_time_delta_sensor_async.py
[2025-06-28T04:40:46.786+0000] {processor.py:830} INFO - Processing file /home/airflow/.local/lib/python3.8/site-packages/airflow/example_dags/example_time_delta_sensor_async.py for tasks to queue
[2025-06-28T04:40:46.788+0000] {logging_mixin.py:188} INFO - [2025-06-28T04:40:46.788+0000] {dagbag.py:538} INFO - Filling up the DagBag from /home/airflow/.local/lib/python3.8/site-packages/airflow/example_dags/example_time_delta_sensor_async.py
[2025-06-28T04:40:46.792+0000] {processor.py:840} INFO - DAG(s) 'example_time_delta_sensor_async' retrieved from /home/airflow/.local/lib/python3.8/site-packages/airflow/example_dags/example_time_delta_sensor_async.py
[2025-06-28T04:40:46.805+0000] {logging_mixin.py:188} INFO - [2025-06-28T04:40:46.805+0000] {dag.py:3036} INFO - Sync 1 DAGs
[2025-06-28T04:40:46.812+0000] {logging_mixin.py:188} INFO - [2025-06-28T04:40:46.812+0000] {dag.py:3823} INFO - Setting next_dagrun for example_time_delta_sensor_async to None, run_after=None
[2025-06-28T04:40:46.828+0000] {processor.py:183} INFO - Processing /home/airflow/.local/lib/python3.8/site-packages/airflow/example_dags/example_time_delta_sensor_async.py took 0.049 seconds
[2025-06-28T04:41:17.235+0000] {processor.py:161} INFO - Started process (PID=4610) to work on /home/airflow/.local/lib/python3.8/site-packages/airflow/example_dags/example_time_delta_sensor_async.py
[2025-06-28T04:41:17.236+0000] {processor.py:830} INFO - Processing file /home/airflow/.local/lib/python3.8/site-packages/airflow/example_dags/example_time_delta_sensor_async.py for tasks to queue
[2025-06-28T04:41:17.237+0000] {logging_mixin.py:188} INFO - [2025-06-28T04:41:17.237+0000] {dagbag.py:538} INFO - Filling up the DagBag from /home/airflow/.local/lib/python3.8/site-packages/airflow/example_dags/example_time_delta_sensor_async.py
[2025-06-28T04:41:17.241+0000] {processor.py:840} INFO - DAG(s) 'example_time_delta_sensor_async' retrieved from /home/airflow/.local/lib/python3.8/site-packages/airflow/example_dags/example_time_delta_sensor_async.py
[2025-06-28T04:41:17.263+0000] {logging_mixin.py:188} INFO - [2025-06-28T04:41:17.262+0000] {dag.py:3036} INFO - Sync 1 DAGs
[2025-06-28T04:41:17.270+0000] {logging_mixin.py:188} INFO - [2025-06-28T04:41:17.270+0000] {dag.py:3823} INFO - Setting next_dagrun for example_time_delta_sensor_async to None, run_after=None
[2025-06-28T04:41:17.285+0000] {processor.py:183} INFO - Processing /home/airflow/.local/lib/python3.8/site-packages/airflow/example_dags/example_time_delta_sensor_async.py took 0.052 seconds
[2025-06-28T04:41:47.501+0000] {processor.py:161} INFO - Started process (PID=4858) to work on /home/airflow/.local/lib/python3.8/site-packages/airflow/example_dags/example_time_delta_sensor_async.py
[2025-06-28T04:41:47.501+0000] {processor.py:830} INFO - Processing file /home/airflow/.local/lib/python3.8/site-packages/airflow/example_dags/example_time_delta_sensor_async.py for tasks to queue
[2025-06-28T04:41:47.502+0000] {logging_mixin.py:188} INFO - [2025-06-28T04:41:47.502+0000] {dagbag.py:538} INFO - Filling up the DagBag from /home/airflow/.local/lib/python3.8/site-packages/airflow/example_dags/example_time_delta_sensor_async.py
[2025-06-28T04:41:47.505+0000] {processor.py:840} INFO - DAG(s) 'example_time_delta_sensor_async' retrieved from /home/airflow/.local/lib/python3.8/site-packages/airflow/example_dags/example_time_delta_sensor_async.py
[2025-06-28T04:41:47.522+0000] {logging_mixin.py:188} INFO - [2025-06-28T04:41:47.521+0000] {dag.py:3036} INFO - Sync 1 DAGs
[2025-06-28T04:41:47.530+0000] {logging_mixin.py:188} INFO - [2025-06-28T04:41:47.529+0000] {dag.py:3823} INFO - Setting next_dagrun for example_time_delta_sensor_async to None, run_after=None
[2025-06-28T04:41:47.542+0000] {processor.py:183} INFO - Processing /home/airflow/.local/lib/python3.8/site-packages/airflow/example_dags/example_time_delta_sensor_async.py took 0.043 seconds
[2025-06-28T04:42:17.878+0000] {processor.py:161} INFO - Started process (PID=5110) to work on /home/airflow/.local/lib/python3.8/site-packages/airflow/example_dags/example_time_delta_sensor_async.py
[2025-06-28T04:42:17.880+0000] {processor.py:830} INFO - Processing file /home/airflow/.local/lib/python3.8/site-packages/airflow/example_dags/example_time_delta_sensor_async.py for tasks to queue
[2025-06-28T04:42:17.883+0000] {logging_mixin.py:188} INFO - [2025-06-28T04:42:17.882+0000] {dagbag.py:538} INFO - Filling up the DagBag from /home/airflow/.local/lib/python3.8/site-packages/airflow/example_dags/example_time_delta_sensor_async.py
[2025-06-28T04:42:17.888+0000] {processor.py:840} INFO - DAG(s) 'example_time_delta_sensor_async' retrieved from /home/airflow/.local/lib/python3.8/site-packages/airflow/example_dags/example_time_delta_sensor_async.py
[2025-06-28T04:42:17.906+0000] {logging_mixin.py:188} INFO - [2025-06-28T04:42:17.906+0000] {dag.py:3036} INFO - Sync 1 DAGs
[2025-06-28T04:42:17.918+0000] {logging_mixin.py:188} INFO - [2025-06-28T04:42:17.917+0000] {dag.py:3823} INFO - Setting next_dagrun for example_time_delta_sensor_async to None, run_after=None
[2025-06-28T04:42:17.933+0000] {processor.py:183} INFO - Processing /home/airflow/.local/lib/python3.8/site-packages/airflow/example_dags/example_time_delta_sensor_async.py took 0.060 seconds
[2025-06-28T04:42:48.122+0000] {processor.py:161} INFO - Started process (PID=5358) to work on /home/airflow/.local/lib/python3.8/site-packages/airflow/example_dags/example_time_delta_sensor_async.py
[2025-06-28T04:42:48.122+0000] {processor.py:830} INFO - Processing file /home/airflow/.local/lib/python3.8/site-packages/airflow/example_dags/example_time_delta_sensor_async.py for tasks to queue
[2025-06-28T04:42:48.123+0000] {logging_mixin.py:188} INFO - [2025-06-28T04:42:48.123+0000] {dagbag.py:538} INFO - Filling up the DagBag from /home/airflow/.local/lib/python3.8/site-packages/airflow/example_dags/example_time_delta_sensor_async.py
[2025-06-28T04:42:48.126+0000] {processor.py:840} INFO - DAG(s) 'example_time_delta_sensor_async' retrieved from /home/airflow/.local/lib/python3.8/site-packages/airflow/example_dags/example_time_delta_sensor_async.py
[2025-06-28T04:42:48.138+0000] {logging_mixin.py:188} INFO - [2025-06-28T04:42:48.138+0000] {dag.py:3036} INFO - Sync 1 DAGs
[2025-06-28T04:42:48.146+0000] {logging_mixin.py:188} INFO - [2025-06-28T04:42:48.145+0000] {dag.py:3823} INFO - Setting next_dagrun for example_time_delta_sensor_async to None, run_after=None
[2025-06-28T04:42:48.157+0000] {processor.py:183} INFO - Processing /home/airflow/.local/lib/python3.8/site-packages/airflow/example_dags/example_time_delta_sensor_async.py took 0.038 seconds
[2025-06-28T04:43:18.443+0000] {processor.py:161} INFO - Started process (PID=5610) to work on /home/airflow/.local/lib/python3.8/site-packages/airflow/example_dags/example_time_delta_sensor_async.py
[2025-06-28T04:43:18.445+0000] {processor.py:830} INFO - Processing file /home/airflow/.local/lib/python3.8/site-packages/airflow/example_dags/example_time_delta_sensor_async.py for tasks to queue
[2025-06-28T04:43:18.448+0000] {logging_mixin.py:188} INFO - [2025-06-28T04:43:18.447+0000] {dagbag.py:538} INFO - Filling up the DagBag from /home/airflow/.local/lib/python3.8/site-packages/airflow/example_dags/example_time_delta_sensor_async.py
[2025-06-28T04:43:18.453+0000] {processor.py:840} INFO - DAG(s) 'example_time_delta_sensor_async' retrieved from /home/airflow/.local/lib/python3.8/site-packages/airflow/example_dags/example_time_delta_sensor_async.py
[2025-06-28T04:43:18.478+0000] {logging_mixin.py:188} INFO - [2025-06-28T04:43:18.478+0000] {dag.py:3036} INFO - Sync 1 DAGs
[2025-06-28T04:43:18.487+0000] {logging_mixin.py:188} INFO - [2025-06-28T04:43:18.487+0000] {dag.py:3823} INFO - Setting next_dagrun for example_time_delta_sensor_async to None, run_after=None
[2025-06-28T04:43:18.500+0000] {processor.py:183} INFO - Processing /home/airflow/.local/lib/python3.8/site-packages/airflow/example_dags/example_time_delta_sensor_async.py took 0.062 seconds
[2025-06-28T04:43:48.901+0000] {processor.py:161} INFO - Started process (PID=5858) to work on /home/airflow/.local/lib/python3.8/site-packages/airflow/example_dags/example_time_delta_sensor_async.py
[2025-06-28T04:43:48.902+0000] {processor.py:830} INFO - Processing file /home/airflow/.local/lib/python3.8/site-packages/airflow/example_dags/example_time_delta_sensor_async.py for tasks to queue
[2025-06-28T04:43:48.902+0000] {logging_mixin.py:188} INFO - [2025-06-28T04:43:48.902+0000] {dagbag.py:538} INFO - Filling up the DagBag from /home/airflow/.local/lib/python3.8/site-packages/airflow/example_dags/example_time_delta_sensor_async.py
[2025-06-28T04:43:48.905+0000] {processor.py:840} INFO - DAG(s) 'example_time_delta_sensor_async' retrieved from /home/airflow/.local/lib/python3.8/site-packages/airflow/example_dags/example_time_delta_sensor_async.py
[2025-06-28T04:43:48.917+0000] {logging_mixin.py:188} INFO - [2025-06-28T04:43:48.916+0000] {dag.py:3036} INFO - Sync 1 DAGs
[2025-06-28T04:43:48.923+0000] {logging_mixin.py:188} INFO - [2025-06-28T04:43:48.923+0000] {dag.py:3823} INFO - Setting next_dagrun for example_time_delta_sensor_async to None, run_after=None
[2025-06-28T04:43:48.936+0000] {processor.py:183} INFO - Processing /home/airflow/.local/lib/python3.8/site-packages/airflow/example_dags/example_time_delta_sensor_async.py took 0.036 seconds
[2025-06-28T04:44:19.301+0000] {processor.py:161} INFO - Started process (PID=6108) to work on /home/airflow/.local/lib/python3.8/site-packages/airflow/example_dags/example_time_delta_sensor_async.py
[2025-06-28T04:44:19.301+0000] {processor.py:830} INFO - Processing file /home/airflow/.local/lib/python3.8/site-packages/airflow/example_dags/example_time_delta_sensor_async.py for tasks to queue
[2025-06-28T04:44:19.302+0000] {logging_mixin.py:188} INFO - [2025-06-28T04:44:19.302+0000] {dagbag.py:538} INFO - Filling up the DagBag from /home/airflow/.local/lib/python3.8/site-packages/airflow/example_dags/example_time_delta_sensor_async.py
[2025-06-28T04:44:19.305+0000] {processor.py:840} INFO - DAG(s) 'example_time_delta_sensor_async' retrieved from /home/airflow/.local/lib/python3.8/site-packages/airflow/example_dags/example_time_delta_sensor_async.py
[2025-06-28T04:44:19.318+0000] {logging_mixin.py:188} INFO - [2025-06-28T04:44:19.318+0000] {dag.py:3036} INFO - Sync 1 DAGs
[2025-06-28T04:44:19.327+0000] {logging_mixin.py:188} INFO - [2025-06-28T04:44:19.327+0000] {dag.py:3823} INFO - Setting next_dagrun for example_time_delta_sensor_async to None, run_after=None
[2025-06-28T04:44:19.341+0000] {processor.py:183} INFO - Processing /home/airflow/.local/lib/python3.8/site-packages/airflow/example_dags/example_time_delta_sensor_async.py took 0.043 seconds
[2025-06-28T04:44:49.511+0000] {processor.py:161} INFO - Started process (PID=6358) to work on /home/airflow/.local/lib/python3.8/site-packages/airflow/example_dags/example_time_delta_sensor_async.py
[2025-06-28T04:44:49.512+0000] {processor.py:830} INFO - Processing file /home/airflow/.local/lib/python3.8/site-packages/airflow/example_dags/example_time_delta_sensor_async.py for tasks to queue
[2025-06-28T04:44:49.513+0000] {logging_mixin.py:188} INFO - [2025-06-28T04:44:49.512+0000] {dagbag.py:538} INFO - Filling up the DagBag from /home/airflow/.local/lib/python3.8/site-packages/airflow/example_dags/example_time_delta_sensor_async.py
[2025-06-28T04:44:49.515+0000] {processor.py:840} INFO - DAG(s) 'example_time_delta_sensor_async' retrieved from /home/airflow/.local/lib/python3.8/site-packages/airflow/example_dags/example_time_delta_sensor_async.py
[2025-06-28T04:44:49.531+0000] {logging_mixin.py:188} INFO - [2025-06-28T04:44:49.531+0000] {dag.py:3036} INFO - Sync 1 DAGs
[2025-06-28T04:44:49.538+0000] {logging_mixin.py:188} INFO - [2025-06-28T04:44:49.538+0000] {dag.py:3823} INFO - Setting next_dagrun for example_time_delta_sensor_async to None, run_after=None
[2025-06-28T04:44:49.550+0000] {processor.py:183} INFO - Processing /home/airflow/.local/lib/python3.8/site-packages/airflow/example_dags/example_time_delta_sensor_async.py took 0.041 seconds
[2025-06-28T04:45:19.669+0000] {processor.py:161} INFO - Started process (PID=6608) to work on /home/airflow/.local/lib/python3.8/site-packages/airflow/example_dags/example_time_delta_sensor_async.py
[2025-06-28T04:45:19.670+0000] {processor.py:830} INFO - Processing file /home/airflow/.local/lib/python3.8/site-packages/airflow/example_dags/example_time_delta_sensor_async.py for tasks to queue
[2025-06-28T04:45:19.671+0000] {logging_mixin.py:188} INFO - [2025-06-28T04:45:19.671+0000] {dagbag.py:538} INFO - Filling up the DagBag from /home/airflow/.local/lib/python3.8/site-packages/airflow/example_dags/example_time_delta_sensor_async.py
[2025-06-28T04:45:19.675+0000] {processor.py:840} INFO - DAG(s) 'example_time_delta_sensor_async' retrieved from /home/airflow/.local/lib/python3.8/site-packages/airflow/example_dags/example_time_delta_sensor_async.py
[2025-06-28T04:45:19.692+0000] {logging_mixin.py:188} INFO - [2025-06-28T04:45:19.692+0000] {dag.py:3036} INFO - Sync 1 DAGs
[2025-06-28T04:45:19.699+0000] {logging_mixin.py:188} INFO - [2025-06-28T04:45:19.699+0000] {dag.py:3823} INFO - Setting next_dagrun for example_time_delta_sensor_async to None, run_after=None
[2025-06-28T04:45:19.711+0000] {processor.py:183} INFO - Processing /home/airflow/.local/lib/python3.8/site-packages/airflow/example_dags/example_time_delta_sensor_async.py took 0.044 seconds
[2025-06-28T04:45:50.257+0000] {processor.py:161} INFO - Started process (PID=6860) to work on /home/airflow/.local/lib/python3.8/site-packages/airflow/example_dags/example_time_delta_sensor_async.py
[2025-06-28T04:45:50.259+0000] {processor.py:830} INFO - Processing file /home/airflow/.local/lib/python3.8/site-packages/airflow/example_dags/example_time_delta_sensor_async.py for tasks to queue
[2025-06-28T04:45:50.262+0000] {logging_mixin.py:188} INFO - [2025-06-28T04:45:50.261+0000] {dagbag.py:538} INFO - Filling up the DagBag from /home/airflow/.local/lib/python3.8/site-packages/airflow/example_dags/example_time_delta_sensor_async.py
[2025-06-28T04:45:50.267+0000] {processor.py:840} INFO - DAG(s) 'example_time_delta_sensor_async' retrieved from /home/airflow/.local/lib/python3.8/site-packages/airflow/example_dags/example_time_delta_sensor_async.py
[2025-06-28T04:45:50.283+0000] {logging_mixin.py:188} INFO - [2025-06-28T04:45:50.283+0000] {dag.py:3036} INFO - Sync 1 DAGs
[2025-06-28T04:45:50.290+0000] {logging_mixin.py:188} INFO - [2025-06-28T04:45:50.290+0000] {dag.py:3823} INFO - Setting next_dagrun for example_time_delta_sensor_async to None, run_after=None
[2025-06-28T04:45:50.305+0000] {processor.py:183} INFO - Processing /home/airflow/.local/lib/python3.8/site-packages/airflow/example_dags/example_time_delta_sensor_async.py took 0.053 seconds
[2025-06-28T04:46:20.580+0000] {processor.py:161} INFO - Started process (PID=7110) to work on /home/airflow/.local/lib/python3.8/site-packages/airflow/example_dags/example_time_delta_sensor_async.py
[2025-06-28T04:46:20.581+0000] {processor.py:830} INFO - Processing file /home/airflow/.local/lib/python3.8/site-packages/airflow/example_dags/example_time_delta_sensor_async.py for tasks to queue
[2025-06-28T04:46:20.582+0000] {logging_mixin.py:188} INFO - [2025-06-28T04:46:20.582+0000] {dagbag.py:538} INFO - Filling up the DagBag from /home/airflow/.local/lib/python3.8/site-packages/airflow/example_dags/example_time_delta_sensor_async.py
[2025-06-28T04:46:20.585+0000] {processor.py:840} INFO - DAG(s) 'example_time_delta_sensor_async' retrieved from /home/airflow/.local/lib/python3.8/site-packages/airflow/example_dags/example_time_delta_sensor_async.py
[2025-06-28T04:46:20.603+0000] {logging_mixin.py:188} INFO - [2025-06-28T04:46:20.602+0000] {dag.py:3036} INFO - Sync 1 DAGs
[2025-06-28T04:46:20.610+0000] {logging_mixin.py:188} INFO - [2025-06-28T04:46:20.610+0000] {dag.py:3823} INFO - Setting next_dagrun for example_time_delta_sensor_async to None, run_after=None
[2025-06-28T04:46:20.626+0000] {processor.py:183} INFO - Processing /home/airflow/.local/lib/python3.8/site-packages/airflow/example_dags/example_time_delta_sensor_async.py took 0.049 seconds
[2025-06-28T04:46:51.287+0000] {processor.py:161} INFO - Started process (PID=7358) to work on /home/airflow/.local/lib/python3.8/site-packages/airflow/example_dags/example_time_delta_sensor_async.py
[2025-06-28T04:46:51.288+0000] {processor.py:830} INFO - Processing file /home/airflow/.local/lib/python3.8/site-packages/airflow/example_dags/example_time_delta_sensor_async.py for tasks to queue
[2025-06-28T04:46:51.289+0000] {logging_mixin.py:188} INFO - [2025-06-28T04:46:51.289+0000] {dagbag.py:538} INFO - Filling up the DagBag from /home/airflow/.local/lib/python3.8/site-packages/airflow/example_dags/example_time_delta_sensor_async.py
[2025-06-28T04:46:51.292+0000] {processor.py:840} INFO - DAG(s) 'example_time_delta_sensor_async' retrieved from /home/airflow/.local/lib/python3.8/site-packages/airflow/example_dags/example_time_delta_sensor_async.py
[2025-06-28T04:46:51.303+0000] {logging_mixin.py:188} INFO - [2025-06-28T04:46:51.303+0000] {dag.py:3036} INFO - Sync 1 DAGs
[2025-06-28T04:46:51.310+0000] {logging_mixin.py:188} INFO - [2025-06-28T04:46:51.310+0000] {dag.py:3823} INFO - Setting next_dagrun for example_time_delta_sensor_async to None, run_after=None
[2025-06-28T04:46:51.319+0000] {processor.py:183} INFO - Processing /home/airflow/.local/lib/python3.8/site-packages/airflow/example_dags/example_time_delta_sensor_async.py took 0.034 seconds
[2025-06-28T04:47:21.575+0000] {processor.py:161} INFO - Started process (PID=7610) to work on /home/airflow/.local/lib/python3.8/site-packages/airflow/example_dags/example_time_delta_sensor_async.py
[2025-06-28T04:47:21.577+0000] {processor.py:830} INFO - Processing file /home/airflow/.local/lib/python3.8/site-packages/airflow/example_dags/example_time_delta_sensor_async.py for tasks to queue
[2025-06-28T04:47:21.578+0000] {logging_mixin.py:188} INFO - [2025-06-28T04:47:21.578+0000] {dagbag.py:538} INFO - Filling up the DagBag from /home/airflow/.local/lib/python3.8/site-packages/airflow/example_dags/example_time_delta_sensor_async.py
[2025-06-28T04:47:21.582+0000] {processor.py:840} INFO - DAG(s) 'example_time_delta_sensor_async' retrieved from /home/airflow/.local/lib/python3.8/site-packages/airflow/example_dags/example_time_delta_sensor_async.py
[2025-06-28T04:47:21.598+0000] {logging_mixin.py:188} INFO - [2025-06-28T04:47:21.598+0000] {dag.py:3036} INFO - Sync 1 DAGs
[2025-06-28T04:47:21.606+0000] {logging_mixin.py:188} INFO - [2025-06-28T04:47:21.606+0000] {dag.py:3823} INFO - Setting next_dagrun for example_time_delta_sensor_async to None, run_after=None
[2025-06-28T04:47:21.617+0000] {processor.py:183} INFO - Processing /home/airflow/.local/lib/python3.8/site-packages/airflow/example_dags/example_time_delta_sensor_async.py took 0.045 seconds
[2025-06-28T04:47:51.653+0000] {processor.py:161} INFO - Started process (PID=7858) to work on /home/airflow/.local/lib/python3.8/site-packages/airflow/example_dags/example_time_delta_sensor_async.py
[2025-06-28T04:47:51.653+0000] {processor.py:830} INFO - Processing file /home/airflow/.local/lib/python3.8/site-packages/airflow/example_dags/example_time_delta_sensor_async.py for tasks to queue
[2025-06-28T04:47:51.655+0000] {logging_mixin.py:188} INFO - [2025-06-28T04:47:51.654+0000] {dagbag.py:538} INFO - Filling up the DagBag from /home/airflow/.local/lib/python3.8/site-packages/airflow/example_dags/example_time_delta_sensor_async.py
[2025-06-28T04:47:51.658+0000] {processor.py:840} INFO - DAG(s) 'example_time_delta_sensor_async' retrieved from /home/airflow/.local/lib/python3.8/site-packages/airflow/example_dags/example_time_delta_sensor_async.py
[2025-06-28T04:47:51.675+0000] {logging_mixin.py:188} INFO - [2025-06-28T04:47:51.675+0000] {dag.py:3036} INFO - Sync 1 DAGs
[2025-06-28T04:47:51.685+0000] {logging_mixin.py:188} INFO - [2025-06-28T04:47:51.685+0000] {dag.py:3823} INFO - Setting next_dagrun for example_time_delta_sensor_async to None, run_after=None
[2025-06-28T04:47:51.698+0000] {processor.py:183} INFO - Processing /home/airflow/.local/lib/python3.8/site-packages/airflow/example_dags/example_time_delta_sensor_async.py took 0.048 seconds
[2025-06-28T04:48:21.918+0000] {processor.py:161} INFO - Started process (PID=8110) to work on /home/airflow/.local/lib/python3.8/site-packages/airflow/example_dags/example_time_delta_sensor_async.py
[2025-06-28T04:48:21.918+0000] {processor.py:830} INFO - Processing file /home/airflow/.local/lib/python3.8/site-packages/airflow/example_dags/example_time_delta_sensor_async.py for tasks to queue
[2025-06-28T04:48:21.919+0000] {logging_mixin.py:188} INFO - [2025-06-28T04:48:21.919+0000] {dagbag.py:538} INFO - Filling up the DagBag from /home/airflow/.local/lib/python3.8/site-packages/airflow/example_dags/example_time_delta_sensor_async.py
[2025-06-28T04:48:21.921+0000] {processor.py:840} INFO - DAG(s) 'example_time_delta_sensor_async' retrieved from /home/airflow/.local/lib/python3.8/site-packages/airflow/example_dags/example_time_delta_sensor_async.py
[2025-06-28T04:48:21.935+0000] {logging_mixin.py:188} INFO - [2025-06-28T04:48:21.935+0000] {dag.py:3036} INFO - Sync 1 DAGs
[2025-06-28T04:48:21.942+0000] {logging_mixin.py:188} INFO - [2025-06-28T04:48:21.942+0000] {dag.py:3823} INFO - Setting next_dagrun for example_time_delta_sensor_async to None, run_after=None
[2025-06-28T04:48:21.956+0000] {processor.py:183} INFO - Processing /home/airflow/.local/lib/python3.8/site-packages/airflow/example_dags/example_time_delta_sensor_async.py took 0.040 seconds
