[2025-06-28T04:32:38.802+0000] {processor.py:161} INFO - Started process (PID=258) to work on /home/airflow/.local/lib/python3.8/site-packages/airflow/example_dags/example_local_kubernetes_executor.py
[2025-06-28T04:32:38.803+0000] {processor.py:830} INFO - Processing file /home/airflow/.local/lib/python3.8/site-packages/airflow/example_dags/example_local_kubernetes_executor.py for tasks to queue
[2025-06-28T04:32:38.805+0000] {logging_mixin.py:188} INFO - [2025-06-28T04:32:38.805+0000] {dagbag.py:538} INFO - Filling up the DagBag from /home/airflow/.local/lib/python3.8/site-packages/airflow/example_dags/example_local_kubernetes_executor.py
[2025-06-28T04:32:38.818+0000] {processor.py:840} INFO - DAG(s) 'example_local_kubernetes_executor' retrieved from /home/airflow/.local/lib/python3.8/site-packages/airflow/example_dags/example_local_kubernetes_executor.py
[2025-06-28T04:32:38.832+0000] {logging_mixin.py:188} INFO - [2025-06-28T04:32:38.831+0000] {dag.py:3036} INFO - Sync 1 DAGs
[2025-06-28T04:32:38.851+0000] {logging_mixin.py:188} INFO - [2025-06-28T04:32:38.850+0000] {dag.py:3823} INFO - Setting next_dagrun for example_local_kubernetes_executor to None, run_after=None
[2025-06-28T04:32:38.874+0000] {processor.py:183} INFO - Processing /home/airflow/.local/lib/python3.8/site-packages/airflow/example_dags/example_local_kubernetes_executor.py took 0.075 seconds
[2025-06-28T04:33:09.918+0000] {processor.py:161} INFO - Started process (PID=510) to work on /home/airflow/.local/lib/python3.8/site-packages/airflow/example_dags/example_local_kubernetes_executor.py
[2025-06-28T04:33:09.920+0000] {processor.py:830} INFO - Processing file /home/airflow/.local/lib/python3.8/site-packages/airflow/example_dags/example_local_kubernetes_executor.py for tasks to queue
[2025-06-28T04:33:09.922+0000] {logging_mixin.py:188} INFO - [2025-06-28T04:33:09.922+0000] {dagbag.py:538} INFO - Filling up the DagBag from /home/airflow/.local/lib/python3.8/site-packages/airflow/example_dags/example_local_kubernetes_executor.py
[2025-06-28T04:33:09.930+0000] {processor.py:840} INFO - DAG(s) 'example_local_kubernetes_executor' retrieved from /home/airflow/.local/lib/python3.8/site-packages/airflow/example_dags/example_local_kubernetes_executor.py
[2025-06-28T04:33:10.014+0000] {logging_mixin.py:188} INFO - [2025-06-28T04:33:10.014+0000] {dag.py:3036} INFO - Sync 1 DAGs
[2025-06-28T04:33:10.020+0000] {logging_mixin.py:188} INFO - [2025-06-28T04:33:10.020+0000] {dag.py:3823} INFO - Setting next_dagrun for example_local_kubernetes_executor to None, run_after=None
[2025-06-28T04:33:10.041+0000] {processor.py:183} INFO - Processing /home/airflow/.local/lib/python3.8/site-packages/airflow/example_dags/example_local_kubernetes_executor.py took 0.125 seconds
[2025-06-28T04:33:40.276+0000] {processor.py:161} INFO - Started process (PID=760) to work on /home/airflow/.local/lib/python3.8/site-packages/airflow/example_dags/example_local_kubernetes_executor.py
[2025-06-28T04:33:40.277+0000] {processor.py:830} INFO - Processing file /home/airflow/.local/lib/python3.8/site-packages/airflow/example_dags/example_local_kubernetes_executor.py for tasks to queue
[2025-06-28T04:33:40.278+0000] {logging_mixin.py:188} INFO - [2025-06-28T04:33:40.278+0000] {dagbag.py:538} INFO - Filling up the DagBag from /home/airflow/.local/lib/python3.8/site-packages/airflow/example_dags/example_local_kubernetes_executor.py
[2025-06-28T04:33:40.282+0000] {processor.py:840} INFO - DAG(s) 'example_local_kubernetes_executor' retrieved from /home/airflow/.local/lib/python3.8/site-packages/airflow/example_dags/example_local_kubernetes_executor.py
[2025-06-28T04:33:40.300+0000] {logging_mixin.py:188} INFO - [2025-06-28T04:33:40.300+0000] {dag.py:3036} INFO - Sync 1 DAGs
[2025-06-28T04:33:40.306+0000] {logging_mixin.py:188} INFO - [2025-06-28T04:33:40.306+0000] {dag.py:3823} INFO - Setting next_dagrun for example_local_kubernetes_executor to None, run_after=None
[2025-06-28T04:33:40.317+0000] {processor.py:183} INFO - Processing /home/airflow/.local/lib/python3.8/site-packages/airflow/example_dags/example_local_kubernetes_executor.py took 0.043 seconds
[2025-06-28T04:34:10.805+0000] {processor.py:161} INFO - Started process (PID=1008) to work on /home/airflow/.local/lib/python3.8/site-packages/airflow/example_dags/example_local_kubernetes_executor.py
[2025-06-28T04:34:10.806+0000] {processor.py:830} INFO - Processing file /home/airflow/.local/lib/python3.8/site-packages/airflow/example_dags/example_local_kubernetes_executor.py for tasks to queue
[2025-06-28T04:34:10.808+0000] {logging_mixin.py:188} INFO - [2025-06-28T04:34:10.807+0000] {dagbag.py:538} INFO - Filling up the DagBag from /home/airflow/.local/lib/python3.8/site-packages/airflow/example_dags/example_local_kubernetes_executor.py
[2025-06-28T04:34:10.815+0000] {processor.py:840} INFO - DAG(s) 'example_local_kubernetes_executor' retrieved from /home/airflow/.local/lib/python3.8/site-packages/airflow/example_dags/example_local_kubernetes_executor.py
[2025-06-28T04:34:10.838+0000] {logging_mixin.py:188} INFO - [2025-06-28T04:34:10.838+0000] {dag.py:3036} INFO - Sync 1 DAGs
[2025-06-28T04:34:10.845+0000] {logging_mixin.py:188} INFO - [2025-06-28T04:34:10.845+0000] {dag.py:3823} INFO - Setting next_dagrun for example_local_kubernetes_executor to None, run_after=None
[2025-06-28T04:34:10.860+0000] {processor.py:183} INFO - Processing /home/airflow/.local/lib/python3.8/site-packages/airflow/example_dags/example_local_kubernetes_executor.py took 0.057 seconds
[2025-06-28T04:34:41.113+0000] {processor.py:161} INFO - Started process (PID=1260) to work on /home/airflow/.local/lib/python3.8/site-packages/airflow/example_dags/example_local_kubernetes_executor.py
[2025-06-28T04:34:41.113+0000] {processor.py:830} INFO - Processing file /home/airflow/.local/lib/python3.8/site-packages/airflow/example_dags/example_local_kubernetes_executor.py for tasks to queue
[2025-06-28T04:34:41.115+0000] {logging_mixin.py:188} INFO - [2025-06-28T04:34:41.114+0000] {dagbag.py:538} INFO - Filling up the DagBag from /home/airflow/.local/lib/python3.8/site-packages/airflow/example_dags/example_local_kubernetes_executor.py
[2025-06-28T04:34:41.121+0000] {processor.py:840} INFO - DAG(s) 'example_local_kubernetes_executor' retrieved from /home/airflow/.local/lib/python3.8/site-packages/airflow/example_dags/example_local_kubernetes_executor.py
[2025-06-28T04:34:41.147+0000] {logging_mixin.py:188} INFO - [2025-06-28T04:34:41.147+0000] {dag.py:3036} INFO - Sync 1 DAGs
[2025-06-28T04:34:41.155+0000] {logging_mixin.py:188} INFO - [2025-06-28T04:34:41.155+0000] {dag.py:3823} INFO - Setting next_dagrun for example_local_kubernetes_executor to None, run_after=None
[2025-06-28T04:34:41.171+0000] {processor.py:183} INFO - Processing /home/airflow/.local/lib/python3.8/site-packages/airflow/example_dags/example_local_kubernetes_executor.py took 0.061 seconds
[2025-06-28T04:35:11.561+0000] {processor.py:161} INFO - Started process (PID=1510) to work on /home/airflow/.local/lib/python3.8/site-packages/airflow/example_dags/example_local_kubernetes_executor.py
[2025-06-28T04:35:11.563+0000] {processor.py:830} INFO - Processing file /home/airflow/.local/lib/python3.8/site-packages/airflow/example_dags/example_local_kubernetes_executor.py for tasks to queue
[2025-06-28T04:35:11.564+0000] {logging_mixin.py:188} INFO - [2025-06-28T04:35:11.564+0000] {dagbag.py:538} INFO - Filling up the DagBag from /home/airflow/.local/lib/python3.8/site-packages/airflow/example_dags/example_local_kubernetes_executor.py
[2025-06-28T04:35:11.572+0000] {processor.py:840} INFO - DAG(s) 'example_local_kubernetes_executor' retrieved from /home/airflow/.local/lib/python3.8/site-packages/airflow/example_dags/example_local_kubernetes_executor.py
[2025-06-28T04:35:11.599+0000] {logging_mixin.py:188} INFO - [2025-06-28T04:35:11.599+0000] {dag.py:3036} INFO - Sync 1 DAGs
[2025-06-28T04:35:11.608+0000] {logging_mixin.py:188} INFO - [2025-06-28T04:35:11.608+0000] {dag.py:3823} INFO - Setting next_dagrun for example_local_kubernetes_executor to None, run_after=None
[2025-06-28T04:35:11.621+0000] {processor.py:183} INFO - Processing /home/airflow/.local/lib/python3.8/site-packages/airflow/example_dags/example_local_kubernetes_executor.py took 0.065 seconds
[2025-06-28T04:35:42.124+0000] {processor.py:161} INFO - Started process (PID=1758) to work on /home/airflow/.local/lib/python3.8/site-packages/airflow/example_dags/example_local_kubernetes_executor.py
[2025-06-28T04:35:42.125+0000] {processor.py:830} INFO - Processing file /home/airflow/.local/lib/python3.8/site-packages/airflow/example_dags/example_local_kubernetes_executor.py for tasks to queue
[2025-06-28T04:35:42.126+0000] {logging_mixin.py:188} INFO - [2025-06-28T04:35:42.126+0000] {dagbag.py:538} INFO - Filling up the DagBag from /home/airflow/.local/lib/python3.8/site-packages/airflow/example_dags/example_local_kubernetes_executor.py
[2025-06-28T04:35:42.130+0000] {processor.py:840} INFO - DAG(s) 'example_local_kubernetes_executor' retrieved from /home/airflow/.local/lib/python3.8/site-packages/airflow/example_dags/example_local_kubernetes_executor.py
[2025-06-28T04:35:42.162+0000] {logging_mixin.py:188} INFO - [2025-06-28T04:35:42.162+0000] {dag.py:3036} INFO - Sync 1 DAGs
[2025-06-28T04:35:42.169+0000] {logging_mixin.py:188} INFO - [2025-06-28T04:35:42.169+0000] {dag.py:3823} INFO - Setting next_dagrun for example_local_kubernetes_executor to None, run_after=None
[2025-06-28T04:35:42.182+0000] {processor.py:183} INFO - Processing /home/airflow/.local/lib/python3.8/site-packages/airflow/example_dags/example_local_kubernetes_executor.py took 0.060 seconds
[2025-06-28T04:36:12.644+0000] {processor.py:161} INFO - Started process (PID=2008) to work on /home/airflow/.local/lib/python3.8/site-packages/airflow/example_dags/example_local_kubernetes_executor.py
[2025-06-28T04:36:12.645+0000] {processor.py:830} INFO - Processing file /home/airflow/.local/lib/python3.8/site-packages/airflow/example_dags/example_local_kubernetes_executor.py for tasks to queue
[2025-06-28T04:36:12.646+0000] {logging_mixin.py:188} INFO - [2025-06-28T04:36:12.646+0000] {dagbag.py:538} INFO - Filling up the DagBag from /home/airflow/.local/lib/python3.8/site-packages/airflow/example_dags/example_local_kubernetes_executor.py
[2025-06-28T04:36:12.650+0000] {processor.py:840} INFO - DAG(s) 'example_local_kubernetes_executor' retrieved from /home/airflow/.local/lib/python3.8/site-packages/airflow/example_dags/example_local_kubernetes_executor.py
[2025-06-28T04:36:12.679+0000] {logging_mixin.py:188} INFO - [2025-06-28T04:36:12.678+0000] {dag.py:3036} INFO - Sync 1 DAGs
[2025-06-28T04:36:12.686+0000] {logging_mixin.py:188} INFO - [2025-06-28T04:36:12.686+0000] {dag.py:3823} INFO - Setting next_dagrun for example_local_kubernetes_executor to None, run_after=None
[2025-06-28T04:36:12.701+0000] {processor.py:183} INFO - Processing /home/airflow/.local/lib/python3.8/site-packages/airflow/example_dags/example_local_kubernetes_executor.py took 0.058 seconds
[2025-06-28T04:36:42.900+0000] {processor.py:161} INFO - Started process (PID=2258) to work on /home/airflow/.local/lib/python3.8/site-packages/airflow/example_dags/example_local_kubernetes_executor.py
[2025-06-28T04:36:42.901+0000] {processor.py:830} INFO - Processing file /home/airflow/.local/lib/python3.8/site-packages/airflow/example_dags/example_local_kubernetes_executor.py for tasks to queue
[2025-06-28T04:36:42.902+0000] {logging_mixin.py:188} INFO - [2025-06-28T04:36:42.902+0000] {dagbag.py:538} INFO - Filling up the DagBag from /home/airflow/.local/lib/python3.8/site-packages/airflow/example_dags/example_local_kubernetes_executor.py
[2025-06-28T04:36:42.908+0000] {processor.py:840} INFO - DAG(s) 'example_local_kubernetes_executor' retrieved from /home/airflow/.local/lib/python3.8/site-packages/airflow/example_dags/example_local_kubernetes_executor.py
[2025-06-28T04:36:42.930+0000] {logging_mixin.py:188} INFO - [2025-06-28T04:36:42.930+0000] {dag.py:3036} INFO - Sync 1 DAGs
[2025-06-28T04:36:42.938+0000] {logging_mixin.py:188} INFO - [2025-06-28T04:36:42.938+0000] {dag.py:3823} INFO - Setting next_dagrun for example_local_kubernetes_executor to None, run_after=None
[2025-06-28T04:36:42.950+0000] {processor.py:183} INFO - Processing /home/airflow/.local/lib/python3.8/site-packages/airflow/example_dags/example_local_kubernetes_executor.py took 0.052 seconds
[2025-06-28T04:37:12.988+0000] {processor.py:161} INFO - Started process (PID=2508) to work on /home/airflow/.local/lib/python3.8/site-packages/airflow/example_dags/example_local_kubernetes_executor.py
[2025-06-28T04:37:12.988+0000] {processor.py:830} INFO - Processing file /home/airflow/.local/lib/python3.8/site-packages/airflow/example_dags/example_local_kubernetes_executor.py for tasks to queue
[2025-06-28T04:37:12.989+0000] {logging_mixin.py:188} INFO - [2025-06-28T04:37:12.989+0000] {dagbag.py:538} INFO - Filling up the DagBag from /home/airflow/.local/lib/python3.8/site-packages/airflow/example_dags/example_local_kubernetes_executor.py
[2025-06-28T04:37:12.993+0000] {processor.py:840} INFO - DAG(s) 'example_local_kubernetes_executor' retrieved from /home/airflow/.local/lib/python3.8/site-packages/airflow/example_dags/example_local_kubernetes_executor.py
[2025-06-28T04:37:13.012+0000] {logging_mixin.py:188} INFO - [2025-06-28T04:37:13.012+0000] {dag.py:3036} INFO - Sync 1 DAGs
[2025-06-28T04:37:13.020+0000] {logging_mixin.py:188} INFO - [2025-06-28T04:37:13.020+0000] {dag.py:3823} INFO - Setting next_dagrun for example_local_kubernetes_executor to None, run_after=None
[2025-06-28T04:37:13.030+0000] {processor.py:183} INFO - Processing /home/airflow/.local/lib/python3.8/site-packages/airflow/example_dags/example_local_kubernetes_executor.py took 0.044 seconds
[2025-06-28T04:37:43.237+0000] {processor.py:161} INFO - Started process (PID=2758) to work on /home/airflow/.local/lib/python3.8/site-packages/airflow/example_dags/example_local_kubernetes_executor.py
[2025-06-28T04:37:43.238+0000] {processor.py:830} INFO - Processing file /home/airflow/.local/lib/python3.8/site-packages/airflow/example_dags/example_local_kubernetes_executor.py for tasks to queue
[2025-06-28T04:37:43.239+0000] {logging_mixin.py:188} INFO - [2025-06-28T04:37:43.239+0000] {dagbag.py:538} INFO - Filling up the DagBag from /home/airflow/.local/lib/python3.8/site-packages/airflow/example_dags/example_local_kubernetes_executor.py
[2025-06-28T04:37:43.248+0000] {processor.py:840} INFO - DAG(s) 'example_local_kubernetes_executor' retrieved from /home/airflow/.local/lib/python3.8/site-packages/airflow/example_dags/example_local_kubernetes_executor.py
[2025-06-28T04:37:43.276+0000] {logging_mixin.py:188} INFO - [2025-06-28T04:37:43.276+0000] {dag.py:3036} INFO - Sync 1 DAGs
[2025-06-28T04:37:43.284+0000] {logging_mixin.py:188} INFO - [2025-06-28T04:37:43.284+0000] {dag.py:3823} INFO - Setting next_dagrun for example_local_kubernetes_executor to None, run_after=None
[2025-06-28T04:37:43.296+0000] {processor.py:183} INFO - Processing /home/airflow/.local/lib/python3.8/site-packages/airflow/example_dags/example_local_kubernetes_executor.py took 0.062 seconds
[2025-06-28T04:38:13.497+0000] {processor.py:161} INFO - Started process (PID=3010) to work on /home/airflow/.local/lib/python3.8/site-packages/airflow/example_dags/example_local_kubernetes_executor.py
[2025-06-28T04:38:13.498+0000] {processor.py:830} INFO - Processing file /home/airflow/.local/lib/python3.8/site-packages/airflow/example_dags/example_local_kubernetes_executor.py for tasks to queue
[2025-06-28T04:38:13.500+0000] {logging_mixin.py:188} INFO - [2025-06-28T04:38:13.500+0000] {dagbag.py:538} INFO - Filling up the DagBag from /home/airflow/.local/lib/python3.8/site-packages/airflow/example_dags/example_local_kubernetes_executor.py
[2025-06-28T04:38:13.504+0000] {processor.py:840} INFO - DAG(s) 'example_local_kubernetes_executor' retrieved from /home/airflow/.local/lib/python3.8/site-packages/airflow/example_dags/example_local_kubernetes_executor.py
[2025-06-28T04:38:13.533+0000] {logging_mixin.py:188} INFO - [2025-06-28T04:38:13.533+0000] {dag.py:3036} INFO - Sync 1 DAGs
[2025-06-28T04:38:13.545+0000] {logging_mixin.py:188} INFO - [2025-06-28T04:38:13.544+0000] {dag.py:3823} INFO - Setting next_dagrun for example_local_kubernetes_executor to None, run_after=None
[2025-06-28T04:38:13.559+0000] {processor.py:183} INFO - Processing /home/airflow/.local/lib/python3.8/site-packages/airflow/example_dags/example_local_kubernetes_executor.py took 0.064 seconds
[2025-06-28T04:38:43.744+0000] {processor.py:161} INFO - Started process (PID=3258) to work on /home/airflow/.local/lib/python3.8/site-packages/airflow/example_dags/example_local_kubernetes_executor.py
[2025-06-28T04:38:43.745+0000] {processor.py:830} INFO - Processing file /home/airflow/.local/lib/python3.8/site-packages/airflow/example_dags/example_local_kubernetes_executor.py for tasks to queue
[2025-06-28T04:38:43.746+0000] {logging_mixin.py:188} INFO - [2025-06-28T04:38:43.746+0000] {dagbag.py:538} INFO - Filling up the DagBag from /home/airflow/.local/lib/python3.8/site-packages/airflow/example_dags/example_local_kubernetes_executor.py
[2025-06-28T04:38:43.750+0000] {processor.py:840} INFO - DAG(s) 'example_local_kubernetes_executor' retrieved from /home/airflow/.local/lib/python3.8/site-packages/airflow/example_dags/example_local_kubernetes_executor.py
[2025-06-28T04:38:43.769+0000] {logging_mixin.py:188} INFO - [2025-06-28T04:38:43.769+0000] {dag.py:3036} INFO - Sync 1 DAGs
[2025-06-28T04:38:43.777+0000] {logging_mixin.py:188} INFO - [2025-06-28T04:38:43.777+0000] {dag.py:3823} INFO - Setting next_dagrun for example_local_kubernetes_executor to None, run_after=None
[2025-06-28T04:38:43.796+0000] {processor.py:183} INFO - Processing /home/airflow/.local/lib/python3.8/site-packages/airflow/example_dags/example_local_kubernetes_executor.py took 0.055 seconds
[2025-06-28T04:39:14.069+0000] {processor.py:161} INFO - Started process (PID=3508) to work on /home/airflow/.local/lib/python3.8/site-packages/airflow/example_dags/example_local_kubernetes_executor.py
[2025-06-28T04:39:14.070+0000] {processor.py:830} INFO - Processing file /home/airflow/.local/lib/python3.8/site-packages/airflow/example_dags/example_local_kubernetes_executor.py for tasks to queue
[2025-06-28T04:39:14.071+0000] {logging_mixin.py:188} INFO - [2025-06-28T04:39:14.071+0000] {dagbag.py:538} INFO - Filling up the DagBag from /home/airflow/.local/lib/python3.8/site-packages/airflow/example_dags/example_local_kubernetes_executor.py
[2025-06-28T04:39:14.077+0000] {processor.py:840} INFO - DAG(s) 'example_local_kubernetes_executor' retrieved from /home/airflow/.local/lib/python3.8/site-packages/airflow/example_dags/example_local_kubernetes_executor.py
[2025-06-28T04:39:14.102+0000] {logging_mixin.py:188} INFO - [2025-06-28T04:39:14.101+0000] {dag.py:3036} INFO - Sync 1 DAGs
[2025-06-28T04:39:14.109+0000] {logging_mixin.py:188} INFO - [2025-06-28T04:39:14.109+0000] {dag.py:3823} INFO - Setting next_dagrun for example_local_kubernetes_executor to None, run_after=None
[2025-06-28T04:39:14.125+0000] {processor.py:183} INFO - Processing /home/airflow/.local/lib/python3.8/site-packages/airflow/example_dags/example_local_kubernetes_executor.py took 0.059 seconds
[2025-06-28T04:39:44.340+0000] {processor.py:161} INFO - Started process (PID=3760) to work on /home/airflow/.local/lib/python3.8/site-packages/airflow/example_dags/example_local_kubernetes_executor.py
[2025-06-28T04:39:44.341+0000] {processor.py:830} INFO - Processing file /home/airflow/.local/lib/python3.8/site-packages/airflow/example_dags/example_local_kubernetes_executor.py for tasks to queue
[2025-06-28T04:39:44.343+0000] {logging_mixin.py:188} INFO - [2025-06-28T04:39:44.343+0000] {dagbag.py:538} INFO - Filling up the DagBag from /home/airflow/.local/lib/python3.8/site-packages/airflow/example_dags/example_local_kubernetes_executor.py
[2025-06-28T04:39:44.348+0000] {processor.py:840} INFO - DAG(s) 'example_local_kubernetes_executor' retrieved from /home/airflow/.local/lib/python3.8/site-packages/airflow/example_dags/example_local_kubernetes_executor.py
[2025-06-28T04:39:44.371+0000] {logging_mixin.py:188} INFO - [2025-06-28T04:39:44.371+0000] {dag.py:3036} INFO - Sync 1 DAGs
[2025-06-28T04:39:44.379+0000] {logging_mixin.py:188} INFO - [2025-06-28T04:39:44.379+0000] {dag.py:3823} INFO - Setting next_dagrun for example_local_kubernetes_executor to None, run_after=None
[2025-06-28T04:39:44.395+0000] {processor.py:183} INFO - Processing /home/airflow/.local/lib/python3.8/site-packages/airflow/example_dags/example_local_kubernetes_executor.py took 0.059 seconds
[2025-06-28T04:40:14.541+0000] {processor.py:161} INFO - Started process (PID=4010) to work on /home/airflow/.local/lib/python3.8/site-packages/airflow/example_dags/example_local_kubernetes_executor.py
[2025-06-28T04:40:14.542+0000] {processor.py:830} INFO - Processing file /home/airflow/.local/lib/python3.8/site-packages/airflow/example_dags/example_local_kubernetes_executor.py for tasks to queue
[2025-06-28T04:40:14.543+0000] {logging_mixin.py:188} INFO - [2025-06-28T04:40:14.543+0000] {dagbag.py:538} INFO - Filling up the DagBag from /home/airflow/.local/lib/python3.8/site-packages/airflow/example_dags/example_local_kubernetes_executor.py
[2025-06-28T04:40:14.548+0000] {processor.py:840} INFO - DAG(s) 'example_local_kubernetes_executor' retrieved from /home/airflow/.local/lib/python3.8/site-packages/airflow/example_dags/example_local_kubernetes_executor.py
[2025-06-28T04:40:14.571+0000] {logging_mixin.py:188} INFO - [2025-06-28T04:40:14.571+0000] {dag.py:3036} INFO - Sync 1 DAGs
[2025-06-28T04:40:14.579+0000] {logging_mixin.py:188} INFO - [2025-06-28T04:40:14.578+0000] {dag.py:3823} INFO - Setting next_dagrun for example_local_kubernetes_executor to None, run_after=None
[2025-06-28T04:40:14.590+0000] {processor.py:183} INFO - Processing /home/airflow/.local/lib/python3.8/site-packages/airflow/example_dags/example_local_kubernetes_executor.py took 0.051 seconds
[2025-06-28T04:40:44.902+0000] {processor.py:161} INFO - Started process (PID=4258) to work on /home/airflow/.local/lib/python3.8/site-packages/airflow/example_dags/example_local_kubernetes_executor.py
[2025-06-28T04:40:44.902+0000] {processor.py:830} INFO - Processing file /home/airflow/.local/lib/python3.8/site-packages/airflow/example_dags/example_local_kubernetes_executor.py for tasks to queue
[2025-06-28T04:40:44.903+0000] {logging_mixin.py:188} INFO - [2025-06-28T04:40:44.903+0000] {dagbag.py:538} INFO - Filling up the DagBag from /home/airflow/.local/lib/python3.8/site-packages/airflow/example_dags/example_local_kubernetes_executor.py
[2025-06-28T04:40:44.907+0000] {processor.py:840} INFO - DAG(s) 'example_local_kubernetes_executor' retrieved from /home/airflow/.local/lib/python3.8/site-packages/airflow/example_dags/example_local_kubernetes_executor.py
[2025-06-28T04:40:44.928+0000] {logging_mixin.py:188} INFO - [2025-06-28T04:40:44.928+0000] {dag.py:3036} INFO - Sync 1 DAGs
[2025-06-28T04:40:44.936+0000] {logging_mixin.py:188} INFO - [2025-06-28T04:40:44.935+0000] {dag.py:3823} INFO - Setting next_dagrun for example_local_kubernetes_executor to None, run_after=None
[2025-06-28T04:40:44.949+0000] {processor.py:183} INFO - Processing /home/airflow/.local/lib/python3.8/site-packages/airflow/example_dags/example_local_kubernetes_executor.py took 0.049 seconds
[2025-06-28T04:41:15.271+0000] {processor.py:161} INFO - Started process (PID=4508) to work on /home/airflow/.local/lib/python3.8/site-packages/airflow/example_dags/example_local_kubernetes_executor.py
[2025-06-28T04:41:15.272+0000] {processor.py:830} INFO - Processing file /home/airflow/.local/lib/python3.8/site-packages/airflow/example_dags/example_local_kubernetes_executor.py for tasks to queue
[2025-06-28T04:41:15.272+0000] {logging_mixin.py:188} INFO - [2025-06-28T04:41:15.272+0000] {dagbag.py:538} INFO - Filling up the DagBag from /home/airflow/.local/lib/python3.8/site-packages/airflow/example_dags/example_local_kubernetes_executor.py
[2025-06-28T04:41:15.276+0000] {processor.py:840} INFO - DAG(s) 'example_local_kubernetes_executor' retrieved from /home/airflow/.local/lib/python3.8/site-packages/airflow/example_dags/example_local_kubernetes_executor.py
[2025-06-28T04:41:15.298+0000] {logging_mixin.py:188} INFO - [2025-06-28T04:41:15.297+0000] {dag.py:3036} INFO - Sync 1 DAGs
[2025-06-28T04:41:15.305+0000] {logging_mixin.py:188} INFO - [2025-06-28T04:41:15.304+0000] {dag.py:3823} INFO - Setting next_dagrun for example_local_kubernetes_executor to None, run_after=None
[2025-06-28T04:41:15.317+0000] {processor.py:183} INFO - Processing /home/airflow/.local/lib/python3.8/site-packages/airflow/example_dags/example_local_kubernetes_executor.py took 0.048 seconds
[2025-06-28T04:41:45.641+0000] {processor.py:161} INFO - Started process (PID=4758) to work on /home/airflow/.local/lib/python3.8/site-packages/airflow/example_dags/example_local_kubernetes_executor.py
[2025-06-28T04:41:45.641+0000] {processor.py:830} INFO - Processing file /home/airflow/.local/lib/python3.8/site-packages/airflow/example_dags/example_local_kubernetes_executor.py for tasks to queue
[2025-06-28T04:41:45.642+0000] {logging_mixin.py:188} INFO - [2025-06-28T04:41:45.642+0000] {dagbag.py:538} INFO - Filling up the DagBag from /home/airflow/.local/lib/python3.8/site-packages/airflow/example_dags/example_local_kubernetes_executor.py
[2025-06-28T04:41:45.648+0000] {processor.py:840} INFO - DAG(s) 'example_local_kubernetes_executor' retrieved from /home/airflow/.local/lib/python3.8/site-packages/airflow/example_dags/example_local_kubernetes_executor.py
[2025-06-28T04:41:45.666+0000] {logging_mixin.py:188} INFO - [2025-06-28T04:41:45.666+0000] {dag.py:3036} INFO - Sync 1 DAGs
[2025-06-28T04:41:45.674+0000] {logging_mixin.py:188} INFO - [2025-06-28T04:41:45.674+0000] {dag.py:3823} INFO - Setting next_dagrun for example_local_kubernetes_executor to None, run_after=None
[2025-06-28T04:41:45.688+0000] {processor.py:183} INFO - Processing /home/airflow/.local/lib/python3.8/site-packages/airflow/example_dags/example_local_kubernetes_executor.py took 0.049 seconds
[2025-06-28T04:42:16.095+0000] {processor.py:161} INFO - Started process (PID=5008) to work on /home/airflow/.local/lib/python3.8/site-packages/airflow/example_dags/example_local_kubernetes_executor.py
[2025-06-28T04:42:16.097+0000] {processor.py:830} INFO - Processing file /home/airflow/.local/lib/python3.8/site-packages/airflow/example_dags/example_local_kubernetes_executor.py for tasks to queue
[2025-06-28T04:42:16.098+0000] {logging_mixin.py:188} INFO - [2025-06-28T04:42:16.098+0000] {dagbag.py:538} INFO - Filling up the DagBag from /home/airflow/.local/lib/python3.8/site-packages/airflow/example_dags/example_local_kubernetes_executor.py
[2025-06-28T04:42:16.103+0000] {processor.py:840} INFO - DAG(s) 'example_local_kubernetes_executor' retrieved from /home/airflow/.local/lib/python3.8/site-packages/airflow/example_dags/example_local_kubernetes_executor.py
[2025-06-28T04:42:16.127+0000] {logging_mixin.py:188} INFO - [2025-06-28T04:42:16.127+0000] {dag.py:3036} INFO - Sync 1 DAGs
[2025-06-28T04:42:16.135+0000] {logging_mixin.py:188} INFO - [2025-06-28T04:42:16.135+0000] {dag.py:3823} INFO - Setting next_dagrun for example_local_kubernetes_executor to None, run_after=None
[2025-06-28T04:42:16.148+0000] {processor.py:183} INFO - Processing /home/airflow/.local/lib/python3.8/site-packages/airflow/example_dags/example_local_kubernetes_executor.py took 0.056 seconds
[2025-06-28T04:42:46.275+0000] {processor.py:161} INFO - Started process (PID=5258) to work on /home/airflow/.local/lib/python3.8/site-packages/airflow/example_dags/example_local_kubernetes_executor.py
[2025-06-28T04:42:46.275+0000] {processor.py:830} INFO - Processing file /home/airflow/.local/lib/python3.8/site-packages/airflow/example_dags/example_local_kubernetes_executor.py for tasks to queue
[2025-06-28T04:42:46.276+0000] {logging_mixin.py:188} INFO - [2025-06-28T04:42:46.276+0000] {dagbag.py:538} INFO - Filling up the DagBag from /home/airflow/.local/lib/python3.8/site-packages/airflow/example_dags/example_local_kubernetes_executor.py
[2025-06-28T04:42:46.280+0000] {processor.py:840} INFO - DAG(s) 'example_local_kubernetes_executor' retrieved from /home/airflow/.local/lib/python3.8/site-packages/airflow/example_dags/example_local_kubernetes_executor.py
[2025-06-28T04:42:46.302+0000] {logging_mixin.py:188} INFO - [2025-06-28T04:42:46.302+0000] {dag.py:3036} INFO - Sync 1 DAGs
[2025-06-28T04:42:46.310+0000] {logging_mixin.py:188} INFO - [2025-06-28T04:42:46.310+0000] {dag.py:3823} INFO - Setting next_dagrun for example_local_kubernetes_executor to None, run_after=None
[2025-06-28T04:42:46.322+0000] {processor.py:183} INFO - Processing /home/airflow/.local/lib/python3.8/site-packages/airflow/example_dags/example_local_kubernetes_executor.py took 0.049 seconds
[2025-06-28T04:43:16.670+0000] {processor.py:161} INFO - Started process (PID=5508) to work on /home/airflow/.local/lib/python3.8/site-packages/airflow/example_dags/example_local_kubernetes_executor.py
[2025-06-28T04:43:16.670+0000] {processor.py:830} INFO - Processing file /home/airflow/.local/lib/python3.8/site-packages/airflow/example_dags/example_local_kubernetes_executor.py for tasks to queue
[2025-06-28T04:43:16.671+0000] {logging_mixin.py:188} INFO - [2025-06-28T04:43:16.671+0000] {dagbag.py:538} INFO - Filling up the DagBag from /home/airflow/.local/lib/python3.8/site-packages/airflow/example_dags/example_local_kubernetes_executor.py
[2025-06-28T04:43:16.677+0000] {processor.py:840} INFO - DAG(s) 'example_local_kubernetes_executor' retrieved from /home/airflow/.local/lib/python3.8/site-packages/airflow/example_dags/example_local_kubernetes_executor.py
[2025-06-28T04:43:16.699+0000] {logging_mixin.py:188} INFO - [2025-06-28T04:43:16.698+0000] {dag.py:3036} INFO - Sync 1 DAGs
[2025-06-28T04:43:16.706+0000] {logging_mixin.py:188} INFO - [2025-06-28T04:43:16.705+0000] {dag.py:3823} INFO - Setting next_dagrun for example_local_kubernetes_executor to None, run_after=None
[2025-06-28T04:43:16.720+0000] {processor.py:183} INFO - Processing /home/airflow/.local/lib/python3.8/site-packages/airflow/example_dags/example_local_kubernetes_executor.py took 0.052 seconds
[2025-06-28T04:43:47.070+0000] {processor.py:161} INFO - Started process (PID=5758) to work on /home/airflow/.local/lib/python3.8/site-packages/airflow/example_dags/example_local_kubernetes_executor.py
[2025-06-28T04:43:47.071+0000] {processor.py:830} INFO - Processing file /home/airflow/.local/lib/python3.8/site-packages/airflow/example_dags/example_local_kubernetes_executor.py for tasks to queue
[2025-06-28T04:43:47.072+0000] {logging_mixin.py:188} INFO - [2025-06-28T04:43:47.071+0000] {dagbag.py:538} INFO - Filling up the DagBag from /home/airflow/.local/lib/python3.8/site-packages/airflow/example_dags/example_local_kubernetes_executor.py
[2025-06-28T04:43:47.076+0000] {processor.py:840} INFO - DAG(s) 'example_local_kubernetes_executor' retrieved from /home/airflow/.local/lib/python3.8/site-packages/airflow/example_dags/example_local_kubernetes_executor.py
[2025-06-28T04:43:47.096+0000] {logging_mixin.py:188} INFO - [2025-06-28T04:43:47.096+0000] {dag.py:3036} INFO - Sync 1 DAGs
[2025-06-28T04:43:47.104+0000] {logging_mixin.py:188} INFO - [2025-06-28T04:43:47.104+0000] {dag.py:3823} INFO - Setting next_dagrun for example_local_kubernetes_executor to None, run_after=None
[2025-06-28T04:43:47.116+0000] {processor.py:183} INFO - Processing /home/airflow/.local/lib/python3.8/site-packages/airflow/example_dags/example_local_kubernetes_executor.py took 0.047 seconds
[2025-06-28T04:44:17.511+0000] {processor.py:161} INFO - Started process (PID=6010) to work on /home/airflow/.local/lib/python3.8/site-packages/airflow/example_dags/example_local_kubernetes_executor.py
[2025-06-28T04:44:17.512+0000] {processor.py:830} INFO - Processing file /home/airflow/.local/lib/python3.8/site-packages/airflow/example_dags/example_local_kubernetes_executor.py for tasks to queue
[2025-06-28T04:44:17.514+0000] {logging_mixin.py:188} INFO - [2025-06-28T04:44:17.514+0000] {dagbag.py:538} INFO - Filling up the DagBag from /home/airflow/.local/lib/python3.8/site-packages/airflow/example_dags/example_local_kubernetes_executor.py
[2025-06-28T04:44:17.521+0000] {processor.py:840} INFO - DAG(s) 'example_local_kubernetes_executor' retrieved from /home/airflow/.local/lib/python3.8/site-packages/airflow/example_dags/example_local_kubernetes_executor.py
[2025-06-28T04:44:17.544+0000] {logging_mixin.py:188} INFO - [2025-06-28T04:44:17.544+0000] {dag.py:3036} INFO - Sync 1 DAGs
[2025-06-28T04:44:17.551+0000] {logging_mixin.py:188} INFO - [2025-06-28T04:44:17.551+0000] {dag.py:3823} INFO - Setting next_dagrun for example_local_kubernetes_executor to None, run_after=None
[2025-06-28T04:44:17.563+0000] {processor.py:183} INFO - Processing /home/airflow/.local/lib/python3.8/site-packages/airflow/example_dags/example_local_kubernetes_executor.py took 0.056 seconds
[2025-06-28T04:44:47.675+0000] {processor.py:161} INFO - Started process (PID=6258) to work on /home/airflow/.local/lib/python3.8/site-packages/airflow/example_dags/example_local_kubernetes_executor.py
[2025-06-28T04:44:47.676+0000] {processor.py:830} INFO - Processing file /home/airflow/.local/lib/python3.8/site-packages/airflow/example_dags/example_local_kubernetes_executor.py for tasks to queue
[2025-06-28T04:44:47.677+0000] {logging_mixin.py:188} INFO - [2025-06-28T04:44:47.677+0000] {dagbag.py:538} INFO - Filling up the DagBag from /home/airflow/.local/lib/python3.8/site-packages/airflow/example_dags/example_local_kubernetes_executor.py
[2025-06-28T04:44:47.683+0000] {processor.py:840} INFO - DAG(s) 'example_local_kubernetes_executor' retrieved from /home/airflow/.local/lib/python3.8/site-packages/airflow/example_dags/example_local_kubernetes_executor.py
[2025-06-28T04:44:47.708+0000] {logging_mixin.py:188} INFO - [2025-06-28T04:44:47.708+0000] {dag.py:3036} INFO - Sync 1 DAGs
[2025-06-28T04:44:47.718+0000] {logging_mixin.py:188} INFO - [2025-06-28T04:44:47.718+0000] {dag.py:3823} INFO - Setting next_dagrun for example_local_kubernetes_executor to None, run_after=None
[2025-06-28T04:44:47.735+0000] {processor.py:183} INFO - Processing /home/airflow/.local/lib/python3.8/site-packages/airflow/example_dags/example_local_kubernetes_executor.py took 0.063 seconds
[2025-06-28T04:45:17.953+0000] {processor.py:161} INFO - Started process (PID=6510) to work on /home/airflow/.local/lib/python3.8/site-packages/airflow/example_dags/example_local_kubernetes_executor.py
[2025-06-28T04:45:17.953+0000] {processor.py:830} INFO - Processing file /home/airflow/.local/lib/python3.8/site-packages/airflow/example_dags/example_local_kubernetes_executor.py for tasks to queue
[2025-06-28T04:45:17.955+0000] {logging_mixin.py:188} INFO - [2025-06-28T04:45:17.955+0000] {dagbag.py:538} INFO - Filling up the DagBag from /home/airflow/.local/lib/python3.8/site-packages/airflow/example_dags/example_local_kubernetes_executor.py
[2025-06-28T04:45:17.963+0000] {processor.py:840} INFO - DAG(s) 'example_local_kubernetes_executor' retrieved from /home/airflow/.local/lib/python3.8/site-packages/airflow/example_dags/example_local_kubernetes_executor.py
[2025-06-28T04:45:17.983+0000] {logging_mixin.py:188} INFO - [2025-06-28T04:45:17.982+0000] {dag.py:3036} INFO - Sync 1 DAGs
[2025-06-28T04:45:17.991+0000] {logging_mixin.py:188} INFO - [2025-06-28T04:45:17.991+0000] {dag.py:3823} INFO - Setting next_dagrun for example_local_kubernetes_executor to None, run_after=None
[2025-06-28T04:45:18.009+0000] {processor.py:183} INFO - Processing /home/airflow/.local/lib/python3.8/site-packages/airflow/example_dags/example_local_kubernetes_executor.py took 0.059 seconds
[2025-06-28T04:45:48.323+0000] {processor.py:161} INFO - Started process (PID=6758) to work on /home/airflow/.local/lib/python3.8/site-packages/airflow/example_dags/example_local_kubernetes_executor.py
[2025-06-28T04:45:48.324+0000] {processor.py:830} INFO - Processing file /home/airflow/.local/lib/python3.8/site-packages/airflow/example_dags/example_local_kubernetes_executor.py for tasks to queue
[2025-06-28T04:45:48.325+0000] {logging_mixin.py:188} INFO - [2025-06-28T04:45:48.325+0000] {dagbag.py:538} INFO - Filling up the DagBag from /home/airflow/.local/lib/python3.8/site-packages/airflow/example_dags/example_local_kubernetes_executor.py
[2025-06-28T04:45:48.329+0000] {processor.py:840} INFO - DAG(s) 'example_local_kubernetes_executor' retrieved from /home/airflow/.local/lib/python3.8/site-packages/airflow/example_dags/example_local_kubernetes_executor.py
[2025-06-28T04:45:48.349+0000] {logging_mixin.py:188} INFO - [2025-06-28T04:45:48.349+0000] {dag.py:3036} INFO - Sync 1 DAGs
[2025-06-28T04:45:48.362+0000] {logging_mixin.py:188} INFO - [2025-06-28T04:45:48.362+0000] {dag.py:3823} INFO - Setting next_dagrun for example_local_kubernetes_executor to None, run_after=None
[2025-06-28T04:45:48.375+0000] {processor.py:183} INFO - Processing /home/airflow/.local/lib/python3.8/site-packages/airflow/example_dags/example_local_kubernetes_executor.py took 0.055 seconds
[2025-06-28T04:46:18.693+0000] {processor.py:161} INFO - Started process (PID=7008) to work on /home/airflow/.local/lib/python3.8/site-packages/airflow/example_dags/example_local_kubernetes_executor.py
[2025-06-28T04:46:18.693+0000] {processor.py:830} INFO - Processing file /home/airflow/.local/lib/python3.8/site-packages/airflow/example_dags/example_local_kubernetes_executor.py for tasks to queue
[2025-06-28T04:46:18.694+0000] {logging_mixin.py:188} INFO - [2025-06-28T04:46:18.694+0000] {dagbag.py:538} INFO - Filling up the DagBag from /home/airflow/.local/lib/python3.8/site-packages/airflow/example_dags/example_local_kubernetes_executor.py
[2025-06-28T04:46:18.699+0000] {processor.py:840} INFO - DAG(s) 'example_local_kubernetes_executor' retrieved from /home/airflow/.local/lib/python3.8/site-packages/airflow/example_dags/example_local_kubernetes_executor.py
[2025-06-28T04:46:18.726+0000] {logging_mixin.py:188} INFO - [2025-06-28T04:46:18.726+0000] {dag.py:3036} INFO - Sync 1 DAGs
[2025-06-28T04:46:18.737+0000] {logging_mixin.py:188} INFO - [2025-06-28T04:46:18.737+0000] {dag.py:3823} INFO - Setting next_dagrun for example_local_kubernetes_executor to None, run_after=None
[2025-06-28T04:46:18.751+0000] {processor.py:183} INFO - Processing /home/airflow/.local/lib/python3.8/site-packages/airflow/example_dags/example_local_kubernetes_executor.py took 0.060 seconds
[2025-06-28T04:46:49.374+0000] {processor.py:161} INFO - Started process (PID=7260) to work on /home/airflow/.local/lib/python3.8/site-packages/airflow/example_dags/example_local_kubernetes_executor.py
[2025-06-28T04:46:49.375+0000] {processor.py:830} INFO - Processing file /home/airflow/.local/lib/python3.8/site-packages/airflow/example_dags/example_local_kubernetes_executor.py for tasks to queue
[2025-06-28T04:46:49.376+0000] {logging_mixin.py:188} INFO - [2025-06-28T04:46:49.376+0000] {dagbag.py:538} INFO - Filling up the DagBag from /home/airflow/.local/lib/python3.8/site-packages/airflow/example_dags/example_local_kubernetes_executor.py
[2025-06-28T04:46:49.382+0000] {processor.py:840} INFO - DAG(s) 'example_local_kubernetes_executor' retrieved from /home/airflow/.local/lib/python3.8/site-packages/airflow/example_dags/example_local_kubernetes_executor.py
[2025-06-28T04:46:49.413+0000] {logging_mixin.py:188} INFO - [2025-06-28T04:46:49.413+0000] {dag.py:3036} INFO - Sync 1 DAGs
[2025-06-28T04:46:49.425+0000] {logging_mixin.py:188} INFO - [2025-06-28T04:46:49.425+0000] {dag.py:3823} INFO - Setting next_dagrun for example_local_kubernetes_executor to None, run_after=None
[2025-06-28T04:46:49.439+0000] {processor.py:183} INFO - Processing /home/airflow/.local/lib/python3.8/site-packages/airflow/example_dags/example_local_kubernetes_executor.py took 0.068 seconds
[2025-06-28T04:47:19.636+0000] {processor.py:161} INFO - Started process (PID=7508) to work on /home/airflow/.local/lib/python3.8/site-packages/airflow/example_dags/example_local_kubernetes_executor.py
[2025-06-28T04:47:19.636+0000] {processor.py:830} INFO - Processing file /home/airflow/.local/lib/python3.8/site-packages/airflow/example_dags/example_local_kubernetes_executor.py for tasks to queue
[2025-06-28T04:47:19.638+0000] {logging_mixin.py:188} INFO - [2025-06-28T04:47:19.637+0000] {dagbag.py:538} INFO - Filling up the DagBag from /home/airflow/.local/lib/python3.8/site-packages/airflow/example_dags/example_local_kubernetes_executor.py
[2025-06-28T04:47:19.642+0000] {processor.py:840} INFO - DAG(s) 'example_local_kubernetes_executor' retrieved from /home/airflow/.local/lib/python3.8/site-packages/airflow/example_dags/example_local_kubernetes_executor.py
[2025-06-28T04:47:19.663+0000] {logging_mixin.py:188} INFO - [2025-06-28T04:47:19.663+0000] {dag.py:3036} INFO - Sync 1 DAGs
[2025-06-28T04:47:19.672+0000] {logging_mixin.py:188} INFO - [2025-06-28T04:47:19.671+0000] {dag.py:3823} INFO - Setting next_dagrun for example_local_kubernetes_executor to None, run_after=None
[2025-06-28T04:47:19.688+0000] {processor.py:183} INFO - Processing /home/airflow/.local/lib/python3.8/site-packages/airflow/example_dags/example_local_kubernetes_executor.py took 0.054 seconds
[2025-06-28T04:47:49.867+0000] {processor.py:161} INFO - Started process (PID=7758) to work on /home/airflow/.local/lib/python3.8/site-packages/airflow/example_dags/example_local_kubernetes_executor.py
[2025-06-28T04:47:49.868+0000] {processor.py:830} INFO - Processing file /home/airflow/.local/lib/python3.8/site-packages/airflow/example_dags/example_local_kubernetes_executor.py for tasks to queue
[2025-06-28T04:47:49.869+0000] {logging_mixin.py:188} INFO - [2025-06-28T04:47:49.869+0000] {dagbag.py:538} INFO - Filling up the DagBag from /home/airflow/.local/lib/python3.8/site-packages/airflow/example_dags/example_local_kubernetes_executor.py
[2025-06-28T04:47:49.875+0000] {processor.py:840} INFO - DAG(s) 'example_local_kubernetes_executor' retrieved from /home/airflow/.local/lib/python3.8/site-packages/airflow/example_dags/example_local_kubernetes_executor.py
[2025-06-28T04:47:49.898+0000] {logging_mixin.py:188} INFO - [2025-06-28T04:47:49.898+0000] {dag.py:3036} INFO - Sync 1 DAGs
[2025-06-28T04:47:49.905+0000] {logging_mixin.py:188} INFO - [2025-06-28T04:47:49.905+0000] {dag.py:3823} INFO - Setting next_dagrun for example_local_kubernetes_executor to None, run_after=None
[2025-06-28T04:47:49.918+0000] {processor.py:183} INFO - Processing /home/airflow/.local/lib/python3.8/site-packages/airflow/example_dags/example_local_kubernetes_executor.py took 0.052 seconds
[2025-06-28T04:48:20.996+0000] {processor.py:161} INFO - Started process (PID=8008) to work on /home/airflow/.local/lib/python3.8/site-packages/airflow/example_dags/example_local_kubernetes_executor.py
[2025-06-28T04:48:20.997+0000] {processor.py:830} INFO - Processing file /home/airflow/.local/lib/python3.8/site-packages/airflow/example_dags/example_local_kubernetes_executor.py for tasks to queue
[2025-06-28T04:48:20.998+0000] {logging_mixin.py:188} INFO - [2025-06-28T04:48:20.997+0000] {dagbag.py:538} INFO - Filling up the DagBag from /home/airflow/.local/lib/python3.8/site-packages/airflow/example_dags/example_local_kubernetes_executor.py
[2025-06-28T04:48:21.001+0000] {processor.py:840} INFO - DAG(s) 'example_local_kubernetes_executor' retrieved from /home/airflow/.local/lib/python3.8/site-packages/airflow/example_dags/example_local_kubernetes_executor.py
[2025-06-28T04:48:21.021+0000] {logging_mixin.py:188} INFO - [2025-06-28T04:48:21.021+0000] {dag.py:3036} INFO - Sync 1 DAGs
[2025-06-28T04:48:21.029+0000] {logging_mixin.py:188} INFO - [2025-06-28T04:48:21.028+0000] {dag.py:3823} INFO - Setting next_dagrun for example_local_kubernetes_executor to None, run_after=None
[2025-06-28T04:48:21.046+0000] {processor.py:183} INFO - Processing /home/airflow/.local/lib/python3.8/site-packages/airflow/example_dags/example_local_kubernetes_executor.py took 0.052 seconds
