[2025-06-28T04:32:39.176+0000] {processor.py:161} INFO - Started process (PID=298) to work on /home/airflow/.local/lib/python3.8/site-packages/airflow/example_dags/example_task_group.py
[2025-06-28T04:32:39.177+0000] {processor.py:830} INFO - Processing file /home/airflow/.local/lib/python3.8/site-packages/airflow/example_dags/example_task_group.py for tasks to queue
[2025-06-28T04:32:39.179+0000] {logging_mixin.py:188} INFO - [2025-06-28T04:32:39.179+0000] {dagbag.py:538} INFO - Filling up the DagBag from /home/airflow/.local/lib/python3.8/site-packages/airflow/example_dags/example_task_group.py
[2025-06-28T04:32:39.189+0000] {processor.py:840} INFO - DAG(s) 'example_task_group' retrieved from /home/airflow/.local/lib/python3.8/site-packages/airflow/example_dags/example_task_group.py
[2025-06-28T04:32:39.198+0000] {logging_mixin.py:188} INFO - [2025-06-28T04:32:39.198+0000] {dag.py:3036} INFO - Sync 1 DAGs
[2025-06-28T04:32:39.218+0000] {logging_mixin.py:188} INFO - [2025-06-28T04:32:39.218+0000] {dag.py:3823} INFO - Setting next_dagrun for example_task_group to 2025-06-27 00:00:00+00:00, run_after=2025-06-28 00:00:00+00:00
[2025-06-28T04:32:39.239+0000] {processor.py:183} INFO - Processing /home/airflow/.local/lib/python3.8/site-packages/airflow/example_dags/example_task_group.py took 0.066 seconds
[2025-06-28T04:33:10.452+0000] {processor.py:161} INFO - Started process (PID=550) to work on /home/airflow/.local/lib/python3.8/site-packages/airflow/example_dags/example_task_group.py
[2025-06-28T04:33:10.453+0000] {processor.py:830} INFO - Processing file /home/airflow/.local/lib/python3.8/site-packages/airflow/example_dags/example_task_group.py for tasks to queue
[2025-06-28T04:33:10.454+0000] {logging_mixin.py:188} INFO - [2025-06-28T04:33:10.454+0000] {dagbag.py:538} INFO - Filling up the DagBag from /home/airflow/.local/lib/python3.8/site-packages/airflow/example_dags/example_task_group.py
[2025-06-28T04:33:10.463+0000] {processor.py:840} INFO - DAG(s) 'example_task_group' retrieved from /home/airflow/.local/lib/python3.8/site-packages/airflow/example_dags/example_task_group.py
[2025-06-28T04:33:10.530+0000] {logging_mixin.py:188} INFO - [2025-06-28T04:33:10.530+0000] {dag.py:3036} INFO - Sync 1 DAGs
[2025-06-28T04:33:10.544+0000] {logging_mixin.py:188} INFO - [2025-06-28T04:33:10.544+0000] {dag.py:3823} INFO - Setting next_dagrun for example_task_group to 2025-06-27 00:00:00+00:00, run_after=2025-06-28 00:00:00+00:00
[2025-06-28T04:33:10.560+0000] {processor.py:183} INFO - Processing /home/airflow/.local/lib/python3.8/site-packages/airflow/example_dags/example_task_group.py took 0.110 seconds
[2025-06-28T04:33:40.701+0000] {processor.py:161} INFO - Started process (PID=800) to work on /home/airflow/.local/lib/python3.8/site-packages/airflow/example_dags/example_task_group.py
[2025-06-28T04:33:40.702+0000] {processor.py:830} INFO - Processing file /home/airflow/.local/lib/python3.8/site-packages/airflow/example_dags/example_task_group.py for tasks to queue
[2025-06-28T04:33:40.703+0000] {logging_mixin.py:188} INFO - [2025-06-28T04:33:40.703+0000] {dagbag.py:538} INFO - Filling up the DagBag from /home/airflow/.local/lib/python3.8/site-packages/airflow/example_dags/example_task_group.py
[2025-06-28T04:33:40.709+0000] {processor.py:840} INFO - DAG(s) 'example_task_group' retrieved from /home/airflow/.local/lib/python3.8/site-packages/airflow/example_dags/example_task_group.py
[2025-06-28T04:33:40.724+0000] {logging_mixin.py:188} INFO - [2025-06-28T04:33:40.724+0000] {dag.py:3036} INFO - Sync 1 DAGs
[2025-06-28T04:33:40.742+0000] {logging_mixin.py:188} INFO - [2025-06-28T04:33:40.742+0000] {dag.py:3823} INFO - Setting next_dagrun for example_task_group to 2025-06-27 00:00:00+00:00, run_after=2025-06-28 00:00:00+00:00
[2025-06-28T04:33:40.754+0000] {processor.py:183} INFO - Processing /home/airflow/.local/lib/python3.8/site-packages/airflow/example_dags/example_task_group.py took 0.055 seconds
[2025-06-28T04:34:11.135+0000] {processor.py:161} INFO - Started process (PID=1050) to work on /home/airflow/.local/lib/python3.8/site-packages/airflow/example_dags/example_task_group.py
[2025-06-28T04:34:11.135+0000] {processor.py:830} INFO - Processing file /home/airflow/.local/lib/python3.8/site-packages/airflow/example_dags/example_task_group.py for tasks to queue
[2025-06-28T04:34:11.137+0000] {logging_mixin.py:188} INFO - [2025-06-28T04:34:11.137+0000] {dagbag.py:538} INFO - Filling up the DagBag from /home/airflow/.local/lib/python3.8/site-packages/airflow/example_dags/example_task_group.py
[2025-06-28T04:34:11.141+0000] {processor.py:840} INFO - DAG(s) 'example_task_group' retrieved from /home/airflow/.local/lib/python3.8/site-packages/airflow/example_dags/example_task_group.py
[2025-06-28T04:34:11.156+0000] {logging_mixin.py:188} INFO - [2025-06-28T04:34:11.156+0000] {dag.py:3036} INFO - Sync 1 DAGs
[2025-06-28T04:34:11.171+0000] {logging_mixin.py:188} INFO - [2025-06-28T04:34:11.171+0000] {dag.py:3823} INFO - Setting next_dagrun for example_task_group to 2025-06-27 00:00:00+00:00, run_after=2025-06-28 00:00:00+00:00
[2025-06-28T04:34:11.186+0000] {processor.py:183} INFO - Processing /home/airflow/.local/lib/python3.8/site-packages/airflow/example_dags/example_task_group.py took 0.056 seconds
[2025-06-28T04:34:41.500+0000] {processor.py:161} INFO - Started process (PID=1300) to work on /home/airflow/.local/lib/python3.8/site-packages/airflow/example_dags/example_task_group.py
[2025-06-28T04:34:41.501+0000] {processor.py:830} INFO - Processing file /home/airflow/.local/lib/python3.8/site-packages/airflow/example_dags/example_task_group.py for tasks to queue
[2025-06-28T04:34:41.503+0000] {logging_mixin.py:188} INFO - [2025-06-28T04:34:41.502+0000] {dagbag.py:538} INFO - Filling up the DagBag from /home/airflow/.local/lib/python3.8/site-packages/airflow/example_dags/example_task_group.py
[2025-06-28T04:34:41.508+0000] {processor.py:840} INFO - DAG(s) 'example_task_group' retrieved from /home/airflow/.local/lib/python3.8/site-packages/airflow/example_dags/example_task_group.py
[2025-06-28T04:34:41.521+0000] {logging_mixin.py:188} INFO - [2025-06-28T04:34:41.521+0000] {dag.py:3036} INFO - Sync 1 DAGs
[2025-06-28T04:34:41.533+0000] {logging_mixin.py:188} INFO - [2025-06-28T04:34:41.533+0000] {dag.py:3823} INFO - Setting next_dagrun for example_task_group to 2025-06-27 00:00:00+00:00, run_after=2025-06-28 00:00:00+00:00
[2025-06-28T04:34:41.545+0000] {processor.py:183} INFO - Processing /home/airflow/.local/lib/python3.8/site-packages/airflow/example_dags/example_task_group.py took 0.049 seconds
[2025-06-28T04:35:11.936+0000] {processor.py:161} INFO - Started process (PID=1550) to work on /home/airflow/.local/lib/python3.8/site-packages/airflow/example_dags/example_task_group.py
[2025-06-28T04:35:11.938+0000] {processor.py:830} INFO - Processing file /home/airflow/.local/lib/python3.8/site-packages/airflow/example_dags/example_task_group.py for tasks to queue
[2025-06-28T04:35:11.940+0000] {logging_mixin.py:188} INFO - [2025-06-28T04:35:11.940+0000] {dagbag.py:538} INFO - Filling up the DagBag from /home/airflow/.local/lib/python3.8/site-packages/airflow/example_dags/example_task_group.py
[2025-06-28T04:35:11.949+0000] {processor.py:840} INFO - DAG(s) 'example_task_group' retrieved from /home/airflow/.local/lib/python3.8/site-packages/airflow/example_dags/example_task_group.py
[2025-06-28T04:35:11.966+0000] {logging_mixin.py:188} INFO - [2025-06-28T04:35:11.965+0000] {dag.py:3036} INFO - Sync 1 DAGs
[2025-06-28T04:35:11.979+0000] {logging_mixin.py:188} INFO - [2025-06-28T04:35:11.979+0000] {dag.py:3823} INFO - Setting next_dagrun for example_task_group to 2025-06-27 00:00:00+00:00, run_after=2025-06-28 00:00:00+00:00
[2025-06-28T04:35:11.990+0000] {processor.py:183} INFO - Processing /home/airflow/.local/lib/python3.8/site-packages/airflow/example_dags/example_task_group.py took 0.057 seconds
[2025-06-28T04:35:42.590+0000] {processor.py:161} INFO - Started process (PID=1800) to work on /home/airflow/.local/lib/python3.8/site-packages/airflow/example_dags/example_task_group.py
[2025-06-28T04:35:42.591+0000] {processor.py:830} INFO - Processing file /home/airflow/.local/lib/python3.8/site-packages/airflow/example_dags/example_task_group.py for tasks to queue
[2025-06-28T04:35:42.593+0000] {logging_mixin.py:188} INFO - [2025-06-28T04:35:42.592+0000] {dagbag.py:538} INFO - Filling up the DagBag from /home/airflow/.local/lib/python3.8/site-packages/airflow/example_dags/example_task_group.py
[2025-06-28T04:35:42.599+0000] {processor.py:840} INFO - DAG(s) 'example_task_group' retrieved from /home/airflow/.local/lib/python3.8/site-packages/airflow/example_dags/example_task_group.py
[2025-06-28T04:35:42.614+0000] {logging_mixin.py:188} INFO - [2025-06-28T04:35:42.614+0000] {dag.py:3036} INFO - Sync 1 DAGs
[2025-06-28T04:35:42.632+0000] {logging_mixin.py:188} INFO - [2025-06-28T04:35:42.632+0000] {dag.py:3823} INFO - Setting next_dagrun for example_task_group to 2025-06-27 00:00:00+00:00, run_after=2025-06-28 00:00:00+00:00
[2025-06-28T04:35:42.646+0000] {processor.py:183} INFO - Processing /home/airflow/.local/lib/python3.8/site-packages/airflow/example_dags/example_task_group.py took 0.061 seconds
[2025-06-28T04:36:12.994+0000] {processor.py:161} INFO - Started process (PID=2050) to work on /home/airflow/.local/lib/python3.8/site-packages/airflow/example_dags/example_task_group.py
[2025-06-28T04:36:12.996+0000] {processor.py:830} INFO - Processing file /home/airflow/.local/lib/python3.8/site-packages/airflow/example_dags/example_task_group.py for tasks to queue
[2025-06-28T04:36:12.997+0000] {logging_mixin.py:188} INFO - [2025-06-28T04:36:12.997+0000] {dagbag.py:538} INFO - Filling up the DagBag from /home/airflow/.local/lib/python3.8/site-packages/airflow/example_dags/example_task_group.py
[2025-06-28T04:36:13.003+0000] {processor.py:840} INFO - DAG(s) 'example_task_group' retrieved from /home/airflow/.local/lib/python3.8/site-packages/airflow/example_dags/example_task_group.py
[2025-06-28T04:36:13.022+0000] {logging_mixin.py:188} INFO - [2025-06-28T04:36:13.021+0000] {dag.py:3036} INFO - Sync 1 DAGs
[2025-06-28T04:36:13.034+0000] {logging_mixin.py:188} INFO - [2025-06-28T04:36:13.033+0000] {dag.py:3823} INFO - Setting next_dagrun for example_task_group to 2025-06-27 00:00:00+00:00, run_after=2025-06-28 00:00:00+00:00
[2025-06-28T04:36:13.048+0000] {processor.py:183} INFO - Processing /home/airflow/.local/lib/python3.8/site-packages/airflow/example_dags/example_task_group.py took 0.056 seconds
[2025-06-28T04:36:43.270+0000] {processor.py:161} INFO - Started process (PID=2300) to work on /home/airflow/.local/lib/python3.8/site-packages/airflow/example_dags/example_task_group.py
[2025-06-28T04:36:43.271+0000] {processor.py:830} INFO - Processing file /home/airflow/.local/lib/python3.8/site-packages/airflow/example_dags/example_task_group.py for tasks to queue
[2025-06-28T04:36:43.272+0000] {logging_mixin.py:188} INFO - [2025-06-28T04:36:43.272+0000] {dagbag.py:538} INFO - Filling up the DagBag from /home/airflow/.local/lib/python3.8/site-packages/airflow/example_dags/example_task_group.py
[2025-06-28T04:36:43.276+0000] {processor.py:840} INFO - DAG(s) 'example_task_group' retrieved from /home/airflow/.local/lib/python3.8/site-packages/airflow/example_dags/example_task_group.py
[2025-06-28T04:36:43.289+0000] {logging_mixin.py:188} INFO - [2025-06-28T04:36:43.289+0000] {dag.py:3036} INFO - Sync 1 DAGs
[2025-06-28T04:36:43.302+0000] {logging_mixin.py:188} INFO - [2025-06-28T04:36:43.302+0000] {dag.py:3823} INFO - Setting next_dagrun for example_task_group to 2025-06-27 00:00:00+00:00, run_after=2025-06-28 00:00:00+00:00
[2025-06-28T04:36:43.317+0000] {processor.py:183} INFO - Processing /home/airflow/.local/lib/python3.8/site-packages/airflow/example_dags/example_task_group.py took 0.049 seconds
[2025-06-28T04:37:13.353+0000] {processor.py:161} INFO - Started process (PID=2550) to work on /home/airflow/.local/lib/python3.8/site-packages/airflow/example_dags/example_task_group.py
[2025-06-28T04:37:13.353+0000] {processor.py:830} INFO - Processing file /home/airflow/.local/lib/python3.8/site-packages/airflow/example_dags/example_task_group.py for tasks to queue
[2025-06-28T04:37:13.354+0000] {logging_mixin.py:188} INFO - [2025-06-28T04:37:13.354+0000] {dagbag.py:538} INFO - Filling up the DagBag from /home/airflow/.local/lib/python3.8/site-packages/airflow/example_dags/example_task_group.py
[2025-06-28T04:37:13.359+0000] {processor.py:840} INFO - DAG(s) 'example_task_group' retrieved from /home/airflow/.local/lib/python3.8/site-packages/airflow/example_dags/example_task_group.py
[2025-06-28T04:37:13.375+0000] {logging_mixin.py:188} INFO - [2025-06-28T04:37:13.375+0000] {dag.py:3036} INFO - Sync 1 DAGs
[2025-06-28T04:37:13.392+0000] {logging_mixin.py:188} INFO - [2025-06-28T04:37:13.392+0000] {dag.py:3823} INFO - Setting next_dagrun for example_task_group to 2025-06-27 00:00:00+00:00, run_after=2025-06-28 00:00:00+00:00
[2025-06-28T04:37:13.402+0000] {processor.py:183} INFO - Processing /home/airflow/.local/lib/python3.8/site-packages/airflow/example_dags/example_task_group.py took 0.052 seconds
[2025-06-28T04:37:43.529+0000] {processor.py:161} INFO - Started process (PID=2798) to work on /home/airflow/.local/lib/python3.8/site-packages/airflow/example_dags/example_task_group.py
[2025-06-28T04:37:43.530+0000] {processor.py:830} INFO - Processing file /home/airflow/.local/lib/python3.8/site-packages/airflow/example_dags/example_task_group.py for tasks to queue
[2025-06-28T04:37:43.531+0000] {logging_mixin.py:188} INFO - [2025-06-28T04:37:43.530+0000] {dagbag.py:538} INFO - Filling up the DagBag from /home/airflow/.local/lib/python3.8/site-packages/airflow/example_dags/example_task_group.py
[2025-06-28T04:37:43.534+0000] {processor.py:840} INFO - DAG(s) 'example_task_group' retrieved from /home/airflow/.local/lib/python3.8/site-packages/airflow/example_dags/example_task_group.py
[2025-06-28T04:37:43.551+0000] {logging_mixin.py:188} INFO - [2025-06-28T04:37:43.551+0000] {dag.py:3036} INFO - Sync 1 DAGs
[2025-06-28T04:37:43.566+0000] {logging_mixin.py:188} INFO - [2025-06-28T04:37:43.566+0000] {dag.py:3823} INFO - Setting next_dagrun for example_task_group to 2025-06-27 00:00:00+00:00, run_after=2025-06-28 00:00:00+00:00
[2025-06-28T04:37:43.581+0000] {processor.py:183} INFO - Processing /home/airflow/.local/lib/python3.8/site-packages/airflow/example_dags/example_task_group.py took 0.054 seconds
[2025-06-28T04:38:13.863+0000] {processor.py:161} INFO - Started process (PID=3050) to work on /home/airflow/.local/lib/python3.8/site-packages/airflow/example_dags/example_task_group.py
[2025-06-28T04:38:13.864+0000] {processor.py:830} INFO - Processing file /home/airflow/.local/lib/python3.8/site-packages/airflow/example_dags/example_task_group.py for tasks to queue
[2025-06-28T04:38:13.865+0000] {logging_mixin.py:188} INFO - [2025-06-28T04:38:13.865+0000] {dagbag.py:538} INFO - Filling up the DagBag from /home/airflow/.local/lib/python3.8/site-packages/airflow/example_dags/example_task_group.py
[2025-06-28T04:38:13.869+0000] {processor.py:840} INFO - DAG(s) 'example_task_group' retrieved from /home/airflow/.local/lib/python3.8/site-packages/airflow/example_dags/example_task_group.py
[2025-06-28T04:38:13.882+0000] {logging_mixin.py:188} INFO - [2025-06-28T04:38:13.882+0000] {dag.py:3036} INFO - Sync 1 DAGs
[2025-06-28T04:38:13.899+0000] {logging_mixin.py:188} INFO - [2025-06-28T04:38:13.898+0000] {dag.py:3823} INFO - Setting next_dagrun for example_task_group to 2025-06-27 00:00:00+00:00, run_after=2025-06-28 00:00:00+00:00
[2025-06-28T04:38:13.914+0000] {processor.py:183} INFO - Processing /home/airflow/.local/lib/python3.8/site-packages/airflow/example_dags/example_task_group.py took 0.052 seconds
[2025-06-28T04:38:44.133+0000] {processor.py:161} INFO - Started process (PID=3300) to work on /home/airflow/.local/lib/python3.8/site-packages/airflow/example_dags/example_task_group.py
[2025-06-28T04:38:44.134+0000] {processor.py:830} INFO - Processing file /home/airflow/.local/lib/python3.8/site-packages/airflow/example_dags/example_task_group.py for tasks to queue
[2025-06-28T04:38:44.135+0000] {logging_mixin.py:188} INFO - [2025-06-28T04:38:44.135+0000] {dagbag.py:538} INFO - Filling up the DagBag from /home/airflow/.local/lib/python3.8/site-packages/airflow/example_dags/example_task_group.py
[2025-06-28T04:38:44.139+0000] {processor.py:840} INFO - DAG(s) 'example_task_group' retrieved from /home/airflow/.local/lib/python3.8/site-packages/airflow/example_dags/example_task_group.py
[2025-06-28T04:38:44.156+0000] {logging_mixin.py:188} INFO - [2025-06-28T04:38:44.156+0000] {dag.py:3036} INFO - Sync 1 DAGs
[2025-06-28T04:38:44.177+0000] {logging_mixin.py:188} INFO - [2025-06-28T04:38:44.176+0000] {dag.py:3823} INFO - Setting next_dagrun for example_task_group to 2025-06-27 00:00:00+00:00, run_after=2025-06-28 00:00:00+00:00
[2025-06-28T04:38:44.201+0000] {processor.py:183} INFO - Processing /home/airflow/.local/lib/python3.8/site-packages/airflow/example_dags/example_task_group.py took 0.070 seconds
[2025-06-28T04:39:14.384+0000] {processor.py:161} INFO - Started process (PID=3548) to work on /home/airflow/.local/lib/python3.8/site-packages/airflow/example_dags/example_task_group.py
[2025-06-28T04:39:14.386+0000] {processor.py:830} INFO - Processing file /home/airflow/.local/lib/python3.8/site-packages/airflow/example_dags/example_task_group.py for tasks to queue
[2025-06-28T04:39:14.386+0000] {logging_mixin.py:188} INFO - [2025-06-28T04:39:14.386+0000] {dagbag.py:538} INFO - Filling up the DagBag from /home/airflow/.local/lib/python3.8/site-packages/airflow/example_dags/example_task_group.py
[2025-06-28T04:39:14.391+0000] {processor.py:840} INFO - DAG(s) 'example_task_group' retrieved from /home/airflow/.local/lib/python3.8/site-packages/airflow/example_dags/example_task_group.py
[2025-06-28T04:39:14.405+0000] {logging_mixin.py:188} INFO - [2025-06-28T04:39:14.405+0000] {dag.py:3036} INFO - Sync 1 DAGs
[2025-06-28T04:39:14.419+0000] {logging_mixin.py:188} INFO - [2025-06-28T04:39:14.419+0000] {dag.py:3823} INFO - Setting next_dagrun for example_task_group to 2025-06-27 00:00:00+00:00, run_after=2025-06-28 00:00:00+00:00
[2025-06-28T04:39:14.432+0000] {processor.py:183} INFO - Processing /home/airflow/.local/lib/python3.8/site-packages/airflow/example_dags/example_task_group.py took 0.050 seconds
[2025-06-28T04:39:44.628+0000] {processor.py:161} INFO - Started process (PID=3800) to work on /home/airflow/.local/lib/python3.8/site-packages/airflow/example_dags/example_task_group.py
[2025-06-28T04:39:44.629+0000] {processor.py:830} INFO - Processing file /home/airflow/.local/lib/python3.8/site-packages/airflow/example_dags/example_task_group.py for tasks to queue
[2025-06-28T04:39:44.630+0000] {logging_mixin.py:188} INFO - [2025-06-28T04:39:44.630+0000] {dagbag.py:538} INFO - Filling up the DagBag from /home/airflow/.local/lib/python3.8/site-packages/airflow/example_dags/example_task_group.py
[2025-06-28T04:39:44.634+0000] {processor.py:840} INFO - DAG(s) 'example_task_group' retrieved from /home/airflow/.local/lib/python3.8/site-packages/airflow/example_dags/example_task_group.py
[2025-06-28T04:39:44.647+0000] {logging_mixin.py:188} INFO - [2025-06-28T04:39:44.647+0000] {dag.py:3036} INFO - Sync 1 DAGs
[2025-06-28T04:39:44.660+0000] {logging_mixin.py:188} INFO - [2025-06-28T04:39:44.660+0000] {dag.py:3823} INFO - Setting next_dagrun for example_task_group to 2025-06-27 00:00:00+00:00, run_after=2025-06-28 00:00:00+00:00
[2025-06-28T04:39:44.673+0000] {processor.py:183} INFO - Processing /home/airflow/.local/lib/python3.8/site-packages/airflow/example_dags/example_task_group.py took 0.046 seconds
[2025-06-28T04:40:14.868+0000] {processor.py:161} INFO - Started process (PID=4050) to work on /home/airflow/.local/lib/python3.8/site-packages/airflow/example_dags/example_task_group.py
[2025-06-28T04:40:14.869+0000] {processor.py:830} INFO - Processing file /home/airflow/.local/lib/python3.8/site-packages/airflow/example_dags/example_task_group.py for tasks to queue
[2025-06-28T04:40:14.870+0000] {logging_mixin.py:188} INFO - [2025-06-28T04:40:14.870+0000] {dagbag.py:538} INFO - Filling up the DagBag from /home/airflow/.local/lib/python3.8/site-packages/airflow/example_dags/example_task_group.py
[2025-06-28T04:40:14.876+0000] {processor.py:840} INFO - DAG(s) 'example_task_group' retrieved from /home/airflow/.local/lib/python3.8/site-packages/airflow/example_dags/example_task_group.py
[2025-06-28T04:40:14.894+0000] {logging_mixin.py:188} INFO - [2025-06-28T04:40:14.894+0000] {dag.py:3036} INFO - Sync 1 DAGs
[2025-06-28T04:40:14.907+0000] {logging_mixin.py:188} INFO - [2025-06-28T04:40:14.907+0000] {dag.py:3823} INFO - Setting next_dagrun for example_task_group to 2025-06-27 00:00:00+00:00, run_after=2025-06-28 00:00:00+00:00
[2025-06-28T04:40:14.921+0000] {processor.py:183} INFO - Processing /home/airflow/.local/lib/python3.8/site-packages/airflow/example_dags/example_task_group.py took 0.056 seconds
[2025-06-28T04:40:45.250+0000] {processor.py:161} INFO - Started process (PID=4300) to work on /home/airflow/.local/lib/python3.8/site-packages/airflow/example_dags/example_task_group.py
[2025-06-28T04:40:45.252+0000] {processor.py:830} INFO - Processing file /home/airflow/.local/lib/python3.8/site-packages/airflow/example_dags/example_task_group.py for tasks to queue
[2025-06-28T04:40:45.254+0000] {logging_mixin.py:188} INFO - [2025-06-28T04:40:45.254+0000] {dagbag.py:538} INFO - Filling up the DagBag from /home/airflow/.local/lib/python3.8/site-packages/airflow/example_dags/example_task_group.py
[2025-06-28T04:40:45.262+0000] {processor.py:840} INFO - DAG(s) 'example_task_group' retrieved from /home/airflow/.local/lib/python3.8/site-packages/airflow/example_dags/example_task_group.py
[2025-06-28T04:40:45.277+0000] {logging_mixin.py:188} INFO - [2025-06-28T04:40:45.277+0000] {dag.py:3036} INFO - Sync 1 DAGs
[2025-06-28T04:40:45.291+0000] {logging_mixin.py:188} INFO - [2025-06-28T04:40:45.291+0000] {dag.py:3823} INFO - Setting next_dagrun for example_task_group to 2025-06-27 00:00:00+00:00, run_after=2025-06-28 00:00:00+00:00
[2025-06-28T04:40:45.304+0000] {processor.py:183} INFO - Processing /home/airflow/.local/lib/python3.8/site-packages/airflow/example_dags/example_task_group.py took 0.060 seconds
[2025-06-28T04:41:15.680+0000] {processor.py:161} INFO - Started process (PID=4550) to work on /home/airflow/.local/lib/python3.8/site-packages/airflow/example_dags/example_task_group.py
[2025-06-28T04:41:15.681+0000] {processor.py:830} INFO - Processing file /home/airflow/.local/lib/python3.8/site-packages/airflow/example_dags/example_task_group.py for tasks to queue
[2025-06-28T04:41:15.682+0000] {logging_mixin.py:188} INFO - [2025-06-28T04:41:15.682+0000] {dagbag.py:538} INFO - Filling up the DagBag from /home/airflow/.local/lib/python3.8/site-packages/airflow/example_dags/example_task_group.py
[2025-06-28T04:41:15.686+0000] {processor.py:840} INFO - DAG(s) 'example_task_group' retrieved from /home/airflow/.local/lib/python3.8/site-packages/airflow/example_dags/example_task_group.py
[2025-06-28T04:41:15.703+0000] {logging_mixin.py:188} INFO - [2025-06-28T04:41:15.702+0000] {dag.py:3036} INFO - Sync 1 DAGs
[2025-06-28T04:41:15.719+0000] {logging_mixin.py:188} INFO - [2025-06-28T04:41:15.718+0000] {dag.py:3823} INFO - Setting next_dagrun for example_task_group to 2025-06-27 00:00:00+00:00, run_after=2025-06-28 00:00:00+00:00
[2025-06-28T04:41:15.735+0000] {processor.py:183} INFO - Processing /home/airflow/.local/lib/python3.8/site-packages/airflow/example_dags/example_task_group.py took 0.058 seconds
[2025-06-28T04:41:46.058+0000] {processor.py:161} INFO - Started process (PID=4800) to work on /home/airflow/.local/lib/python3.8/site-packages/airflow/example_dags/example_task_group.py
[2025-06-28T04:41:46.059+0000] {processor.py:830} INFO - Processing file /home/airflow/.local/lib/python3.8/site-packages/airflow/example_dags/example_task_group.py for tasks to queue
[2025-06-28T04:41:46.060+0000] {logging_mixin.py:188} INFO - [2025-06-28T04:41:46.059+0000] {dagbag.py:538} INFO - Filling up the DagBag from /home/airflow/.local/lib/python3.8/site-packages/airflow/example_dags/example_task_group.py
[2025-06-28T04:41:46.064+0000] {processor.py:840} INFO - DAG(s) 'example_task_group' retrieved from /home/airflow/.local/lib/python3.8/site-packages/airflow/example_dags/example_task_group.py
[2025-06-28T04:41:46.078+0000] {logging_mixin.py:188} INFO - [2025-06-28T04:41:46.078+0000] {dag.py:3036} INFO - Sync 1 DAGs
[2025-06-28T04:41:46.092+0000] {logging_mixin.py:188} INFO - [2025-06-28T04:41:46.092+0000] {dag.py:3823} INFO - Setting next_dagrun for example_task_group to 2025-06-27 00:00:00+00:00, run_after=2025-06-28 00:00:00+00:00
[2025-06-28T04:41:46.106+0000] {processor.py:183} INFO - Processing /home/airflow/.local/lib/python3.8/site-packages/airflow/example_dags/example_task_group.py took 0.050 seconds
[2025-06-28T04:42:16.384+0000] {processor.py:161} INFO - Started process (PID=5048) to work on /home/airflow/.local/lib/python3.8/site-packages/airflow/example_dags/example_task_group.py
[2025-06-28T04:42:16.384+0000] {processor.py:830} INFO - Processing file /home/airflow/.local/lib/python3.8/site-packages/airflow/example_dags/example_task_group.py for tasks to queue
[2025-06-28T04:42:16.385+0000] {logging_mixin.py:188} INFO - [2025-06-28T04:42:16.385+0000] {dagbag.py:538} INFO - Filling up the DagBag from /home/airflow/.local/lib/python3.8/site-packages/airflow/example_dags/example_task_group.py
[2025-06-28T04:42:16.389+0000] {processor.py:840} INFO - DAG(s) 'example_task_group' retrieved from /home/airflow/.local/lib/python3.8/site-packages/airflow/example_dags/example_task_group.py
[2025-06-28T04:42:16.405+0000] {logging_mixin.py:188} INFO - [2025-06-28T04:42:16.405+0000] {dag.py:3036} INFO - Sync 1 DAGs
[2025-06-28T04:42:16.421+0000] {logging_mixin.py:188} INFO - [2025-06-28T04:42:16.421+0000] {dag.py:3823} INFO - Setting next_dagrun for example_task_group to 2025-06-27 00:00:00+00:00, run_after=2025-06-28 00:00:00+00:00
[2025-06-28T04:42:16.437+0000] {processor.py:183} INFO - Processing /home/airflow/.local/lib/python3.8/site-packages/airflow/example_dags/example_task_group.py took 0.055 seconds
[2025-06-28T04:42:46.660+0000] {processor.py:161} INFO - Started process (PID=5300) to work on /home/airflow/.local/lib/python3.8/site-packages/airflow/example_dags/example_task_group.py
[2025-06-28T04:42:46.661+0000] {processor.py:830} INFO - Processing file /home/airflow/.local/lib/python3.8/site-packages/airflow/example_dags/example_task_group.py for tasks to queue
[2025-06-28T04:42:46.662+0000] {logging_mixin.py:188} INFO - [2025-06-28T04:42:46.662+0000] {dagbag.py:538} INFO - Filling up the DagBag from /home/airflow/.local/lib/python3.8/site-packages/airflow/example_dags/example_task_group.py
[2025-06-28T04:42:46.670+0000] {processor.py:840} INFO - DAG(s) 'example_task_group' retrieved from /home/airflow/.local/lib/python3.8/site-packages/airflow/example_dags/example_task_group.py
[2025-06-28T04:42:46.693+0000] {logging_mixin.py:188} INFO - [2025-06-28T04:42:46.693+0000] {dag.py:3036} INFO - Sync 1 DAGs
[2025-06-28T04:42:46.707+0000] {logging_mixin.py:188} INFO - [2025-06-28T04:42:46.706+0000] {dag.py:3823} INFO - Setting next_dagrun for example_task_group to 2025-06-27 00:00:00+00:00, run_after=2025-06-28 00:00:00+00:00
[2025-06-28T04:42:46.719+0000] {processor.py:183} INFO - Processing /home/airflow/.local/lib/python3.8/site-packages/airflow/example_dags/example_task_group.py took 0.061 seconds
[2025-06-28T04:43:16.952+0000] {processor.py:161} INFO - Started process (PID=5548) to work on /home/airflow/.local/lib/python3.8/site-packages/airflow/example_dags/example_task_group.py
[2025-06-28T04:43:16.952+0000] {processor.py:830} INFO - Processing file /home/airflow/.local/lib/python3.8/site-packages/airflow/example_dags/example_task_group.py for tasks to queue
[2025-06-28T04:43:16.953+0000] {logging_mixin.py:188} INFO - [2025-06-28T04:43:16.953+0000] {dagbag.py:538} INFO - Filling up the DagBag from /home/airflow/.local/lib/python3.8/site-packages/airflow/example_dags/example_task_group.py
[2025-06-28T04:43:16.958+0000] {processor.py:840} INFO - DAG(s) 'example_task_group' retrieved from /home/airflow/.local/lib/python3.8/site-packages/airflow/example_dags/example_task_group.py
[2025-06-28T04:43:16.972+0000] {logging_mixin.py:188} INFO - [2025-06-28T04:43:16.972+0000] {dag.py:3036} INFO - Sync 1 DAGs
[2025-06-28T04:43:16.988+0000] {logging_mixin.py:188} INFO - [2025-06-28T04:43:16.987+0000] {dag.py:3823} INFO - Setting next_dagrun for example_task_group to 2025-06-27 00:00:00+00:00, run_after=2025-06-28 00:00:00+00:00
[2025-06-28T04:43:17.004+0000] {processor.py:183} INFO - Processing /home/airflow/.local/lib/python3.8/site-packages/airflow/example_dags/example_task_group.py took 0.054 seconds
[2025-06-28T04:43:47.436+0000] {processor.py:161} INFO - Started process (PID=5798) to work on /home/airflow/.local/lib/python3.8/site-packages/airflow/example_dags/example_task_group.py
[2025-06-28T04:43:47.437+0000] {processor.py:830} INFO - Processing file /home/airflow/.local/lib/python3.8/site-packages/airflow/example_dags/example_task_group.py for tasks to queue
[2025-06-28T04:43:47.438+0000] {logging_mixin.py:188} INFO - [2025-06-28T04:43:47.438+0000] {dagbag.py:538} INFO - Filling up the DagBag from /home/airflow/.local/lib/python3.8/site-packages/airflow/example_dags/example_task_group.py
[2025-06-28T04:43:47.443+0000] {processor.py:840} INFO - DAG(s) 'example_task_group' retrieved from /home/airflow/.local/lib/python3.8/site-packages/airflow/example_dags/example_task_group.py
[2025-06-28T04:43:47.462+0000] {logging_mixin.py:188} INFO - [2025-06-28T04:43:47.462+0000] {dag.py:3036} INFO - Sync 1 DAGs
[2025-06-28T04:43:47.483+0000] {logging_mixin.py:188} INFO - [2025-06-28T04:43:47.482+0000] {dag.py:3823} INFO - Setting next_dagrun for example_task_group to 2025-06-27 00:00:00+00:00, run_after=2025-06-28 00:00:00+00:00
[2025-06-28T04:43:47.496+0000] {processor.py:183} INFO - Processing /home/airflow/.local/lib/python3.8/site-packages/airflow/example_dags/example_task_group.py took 0.062 seconds
[2025-06-28T04:44:17.777+0000] {processor.py:161} INFO - Started process (PID=6048) to work on /home/airflow/.local/lib/python3.8/site-packages/airflow/example_dags/example_task_group.py
[2025-06-28T04:44:17.778+0000] {processor.py:830} INFO - Processing file /home/airflow/.local/lib/python3.8/site-packages/airflow/example_dags/example_task_group.py for tasks to queue
[2025-06-28T04:44:17.779+0000] {logging_mixin.py:188} INFO - [2025-06-28T04:44:17.779+0000] {dagbag.py:538} INFO - Filling up the DagBag from /home/airflow/.local/lib/python3.8/site-packages/airflow/example_dags/example_task_group.py
[2025-06-28T04:44:17.783+0000] {processor.py:840} INFO - DAG(s) 'example_task_group' retrieved from /home/airflow/.local/lib/python3.8/site-packages/airflow/example_dags/example_task_group.py
[2025-06-28T04:44:17.800+0000] {logging_mixin.py:188} INFO - [2025-06-28T04:44:17.800+0000] {dag.py:3036} INFO - Sync 1 DAGs
[2025-06-28T04:44:17.814+0000] {logging_mixin.py:188} INFO - [2025-06-28T04:44:17.814+0000] {dag.py:3823} INFO - Setting next_dagrun for example_task_group to 2025-06-27 00:00:00+00:00, run_after=2025-06-28 00:00:00+00:00
[2025-06-28T04:44:17.829+0000] {processor.py:183} INFO - Processing /home/airflow/.local/lib/python3.8/site-packages/airflow/example_dags/example_task_group.py took 0.055 seconds
[2025-06-28T04:44:48.033+0000] {processor.py:161} INFO - Started process (PID=6298) to work on /home/airflow/.local/lib/python3.8/site-packages/airflow/example_dags/example_task_group.py
[2025-06-28T04:44:48.033+0000] {processor.py:830} INFO - Processing file /home/airflow/.local/lib/python3.8/site-packages/airflow/example_dags/example_task_group.py for tasks to queue
[2025-06-28T04:44:48.034+0000] {logging_mixin.py:188} INFO - [2025-06-28T04:44:48.034+0000] {dagbag.py:538} INFO - Filling up the DagBag from /home/airflow/.local/lib/python3.8/site-packages/airflow/example_dags/example_task_group.py
[2025-06-28T04:44:48.039+0000] {processor.py:840} INFO - DAG(s) 'example_task_group' retrieved from /home/airflow/.local/lib/python3.8/site-packages/airflow/example_dags/example_task_group.py
[2025-06-28T04:44:48.052+0000] {logging_mixin.py:188} INFO - [2025-06-28T04:44:48.052+0000] {dag.py:3036} INFO - Sync 1 DAGs
[2025-06-28T04:44:48.066+0000] {logging_mixin.py:188} INFO - [2025-06-28T04:44:48.066+0000] {dag.py:3823} INFO - Setting next_dagrun for example_task_group to 2025-06-27 00:00:00+00:00, run_after=2025-06-28 00:00:00+00:00
[2025-06-28T04:44:48.082+0000] {processor.py:183} INFO - Processing /home/airflow/.local/lib/python3.8/site-packages/airflow/example_dags/example_task_group.py took 0.051 seconds
[2025-06-28T04:45:18.236+0000] {processor.py:161} INFO - Started process (PID=6548) to work on /home/airflow/.local/lib/python3.8/site-packages/airflow/example_dags/example_task_group.py
[2025-06-28T04:45:18.236+0000] {processor.py:830} INFO - Processing file /home/airflow/.local/lib/python3.8/site-packages/airflow/example_dags/example_task_group.py for tasks to queue
[2025-06-28T04:45:18.237+0000] {logging_mixin.py:188} INFO - [2025-06-28T04:45:18.237+0000] {dagbag.py:538} INFO - Filling up the DagBag from /home/airflow/.local/lib/python3.8/site-packages/airflow/example_dags/example_task_group.py
[2025-06-28T04:45:18.242+0000] {processor.py:840} INFO - DAG(s) 'example_task_group' retrieved from /home/airflow/.local/lib/python3.8/site-packages/airflow/example_dags/example_task_group.py
[2025-06-28T04:45:18.259+0000] {logging_mixin.py:188} INFO - [2025-06-28T04:45:18.259+0000] {dag.py:3036} INFO - Sync 1 DAGs
[2025-06-28T04:45:18.274+0000] {logging_mixin.py:188} INFO - [2025-06-28T04:45:18.273+0000] {dag.py:3823} INFO - Setting next_dagrun for example_task_group to 2025-06-27 00:00:00+00:00, run_after=2025-06-28 00:00:00+00:00
[2025-06-28T04:45:18.285+0000] {processor.py:183} INFO - Processing /home/airflow/.local/lib/python3.8/site-packages/airflow/example_dags/example_task_group.py took 0.051 seconds
[2025-06-28T04:45:48.608+0000] {processor.py:161} INFO - Started process (PID=6798) to work on /home/airflow/.local/lib/python3.8/site-packages/airflow/example_dags/example_task_group.py
[2025-06-28T04:45:48.609+0000] {processor.py:830} INFO - Processing file /home/airflow/.local/lib/python3.8/site-packages/airflow/example_dags/example_task_group.py for tasks to queue
[2025-06-28T04:45:48.610+0000] {logging_mixin.py:188} INFO - [2025-06-28T04:45:48.610+0000] {dagbag.py:538} INFO - Filling up the DagBag from /home/airflow/.local/lib/python3.8/site-packages/airflow/example_dags/example_task_group.py
[2025-06-28T04:45:48.614+0000] {processor.py:840} INFO - DAG(s) 'example_task_group' retrieved from /home/airflow/.local/lib/python3.8/site-packages/airflow/example_dags/example_task_group.py
[2025-06-28T04:45:48.627+0000] {logging_mixin.py:188} INFO - [2025-06-28T04:45:48.627+0000] {dag.py:3036} INFO - Sync 1 DAGs
[2025-06-28T04:45:48.643+0000] {logging_mixin.py:188} INFO - [2025-06-28T04:45:48.643+0000] {dag.py:3823} INFO - Setting next_dagrun for example_task_group to 2025-06-27 00:00:00+00:00, run_after=2025-06-28 00:00:00+00:00
[2025-06-28T04:45:48.653+0000] {processor.py:183} INFO - Processing /home/airflow/.local/lib/python3.8/site-packages/airflow/example_dags/example_task_group.py took 0.046 seconds
[2025-06-28T04:46:19.061+0000] {processor.py:161} INFO - Started process (PID=7048) to work on /home/airflow/.local/lib/python3.8/site-packages/airflow/example_dags/example_task_group.py
[2025-06-28T04:46:19.061+0000] {processor.py:830} INFO - Processing file /home/airflow/.local/lib/python3.8/site-packages/airflow/example_dags/example_task_group.py for tasks to queue
[2025-06-28T04:46:19.062+0000] {logging_mixin.py:188} INFO - [2025-06-28T04:46:19.062+0000] {dagbag.py:538} INFO - Filling up the DagBag from /home/airflow/.local/lib/python3.8/site-packages/airflow/example_dags/example_task_group.py
[2025-06-28T04:46:19.066+0000] {processor.py:840} INFO - DAG(s) 'example_task_group' retrieved from /home/airflow/.local/lib/python3.8/site-packages/airflow/example_dags/example_task_group.py
[2025-06-28T04:46:19.084+0000] {logging_mixin.py:188} INFO - [2025-06-28T04:46:19.084+0000] {dag.py:3036} INFO - Sync 1 DAGs
[2025-06-28T04:46:19.101+0000] {logging_mixin.py:188} INFO - [2025-06-28T04:46:19.100+0000] {dag.py:3823} INFO - Setting next_dagrun for example_task_group to 2025-06-27 00:00:00+00:00, run_after=2025-06-28 00:00:00+00:00
[2025-06-28T04:46:19.111+0000] {processor.py:183} INFO - Processing /home/airflow/.local/lib/python3.8/site-packages/airflow/example_dags/example_task_group.py took 0.053 seconds
[2025-06-28T04:46:49.756+0000] {processor.py:161} INFO - Started process (PID=7300) to work on /home/airflow/.local/lib/python3.8/site-packages/airflow/example_dags/example_task_group.py
[2025-06-28T04:46:49.757+0000] {processor.py:830} INFO - Processing file /home/airflow/.local/lib/python3.8/site-packages/airflow/example_dags/example_task_group.py for tasks to queue
[2025-06-28T04:46:49.759+0000] {logging_mixin.py:188} INFO - [2025-06-28T04:46:49.759+0000] {dagbag.py:538} INFO - Filling up the DagBag from /home/airflow/.local/lib/python3.8/site-packages/airflow/example_dags/example_task_group.py
[2025-06-28T04:46:49.763+0000] {processor.py:840} INFO - DAG(s) 'example_task_group' retrieved from /home/airflow/.local/lib/python3.8/site-packages/airflow/example_dags/example_task_group.py
[2025-06-28T04:46:49.777+0000] {logging_mixin.py:188} INFO - [2025-06-28T04:46:49.777+0000] {dag.py:3036} INFO - Sync 1 DAGs
[2025-06-28T04:46:49.792+0000] {logging_mixin.py:188} INFO - [2025-06-28T04:46:49.792+0000] {dag.py:3823} INFO - Setting next_dagrun for example_task_group to 2025-06-27 00:00:00+00:00, run_after=2025-06-28 00:00:00+00:00
[2025-06-28T04:46:49.806+0000] {processor.py:183} INFO - Processing /home/airflow/.local/lib/python3.8/site-packages/airflow/example_dags/example_task_group.py took 0.053 seconds
[2025-06-28T04:47:20.031+0000] {processor.py:161} INFO - Started process (PID=7550) to work on /home/airflow/.local/lib/python3.8/site-packages/airflow/example_dags/example_task_group.py
[2025-06-28T04:47:20.033+0000] {processor.py:830} INFO - Processing file /home/airflow/.local/lib/python3.8/site-packages/airflow/example_dags/example_task_group.py for tasks to queue
[2025-06-28T04:47:20.034+0000] {logging_mixin.py:188} INFO - [2025-06-28T04:47:20.034+0000] {dagbag.py:538} INFO - Filling up the DagBag from /home/airflow/.local/lib/python3.8/site-packages/airflow/example_dags/example_task_group.py
[2025-06-28T04:47:20.041+0000] {processor.py:840} INFO - DAG(s) 'example_task_group' retrieved from /home/airflow/.local/lib/python3.8/site-packages/airflow/example_dags/example_task_group.py
[2025-06-28T04:47:20.055+0000] {logging_mixin.py:188} INFO - [2025-06-28T04:47:20.055+0000] {dag.py:3036} INFO - Sync 1 DAGs
[2025-06-28T04:47:20.066+0000] {logging_mixin.py:188} INFO - [2025-06-28T04:47:20.066+0000] {dag.py:3823} INFO - Setting next_dagrun for example_task_group to 2025-06-27 00:00:00+00:00, run_after=2025-06-28 00:00:00+00:00
[2025-06-28T04:47:20.084+0000] {processor.py:183} INFO - Processing /home/airflow/.local/lib/python3.8/site-packages/airflow/example_dags/example_task_group.py took 0.056 seconds
[2025-06-28T04:47:50.204+0000] {processor.py:161} INFO - Started process (PID=7800) to work on /home/airflow/.local/lib/python3.8/site-packages/airflow/example_dags/example_task_group.py
[2025-06-28T04:47:50.205+0000] {processor.py:830} INFO - Processing file /home/airflow/.local/lib/python3.8/site-packages/airflow/example_dags/example_task_group.py for tasks to queue
[2025-06-28T04:47:50.206+0000] {logging_mixin.py:188} INFO - [2025-06-28T04:47:50.205+0000] {dagbag.py:538} INFO - Filling up the DagBag from /home/airflow/.local/lib/python3.8/site-packages/airflow/example_dags/example_task_group.py
[2025-06-28T04:47:50.211+0000] {processor.py:840} INFO - DAG(s) 'example_task_group' retrieved from /home/airflow/.local/lib/python3.8/site-packages/airflow/example_dags/example_task_group.py
[2025-06-28T04:47:50.231+0000] {logging_mixin.py:188} INFO - [2025-06-28T04:47:50.230+0000] {dag.py:3036} INFO - Sync 1 DAGs
[2025-06-28T04:47:50.245+0000] {logging_mixin.py:188} INFO - [2025-06-28T04:47:50.245+0000] {dag.py:3823} INFO - Setting next_dagrun for example_task_group to 2025-06-27 00:00:00+00:00, run_after=2025-06-28 00:00:00+00:00
[2025-06-28T04:47:50.257+0000] {processor.py:183} INFO - Processing /home/airflow/.local/lib/python3.8/site-packages/airflow/example_dags/example_task_group.py took 0.055 seconds
[2025-06-28T04:48:21.378+0000] {processor.py:161} INFO - Started process (PID=8048) to work on /home/airflow/.local/lib/python3.8/site-packages/airflow/example_dags/example_task_group.py
[2025-06-28T04:48:21.378+0000] {processor.py:830} INFO - Processing file /home/airflow/.local/lib/python3.8/site-packages/airflow/example_dags/example_task_group.py for tasks to queue
[2025-06-28T04:48:21.379+0000] {logging_mixin.py:188} INFO - [2025-06-28T04:48:21.379+0000] {dagbag.py:538} INFO - Filling up the DagBag from /home/airflow/.local/lib/python3.8/site-packages/airflow/example_dags/example_task_group.py
[2025-06-28T04:48:21.384+0000] {processor.py:840} INFO - DAG(s) 'example_task_group' retrieved from /home/airflow/.local/lib/python3.8/site-packages/airflow/example_dags/example_task_group.py
[2025-06-28T04:48:21.396+0000] {logging_mixin.py:188} INFO - [2025-06-28T04:48:21.396+0000] {dag.py:3036} INFO - Sync 1 DAGs
[2025-06-28T04:48:21.409+0000] {logging_mixin.py:188} INFO - [2025-06-28T04:48:21.409+0000] {dag.py:3823} INFO - Setting next_dagrun for example_task_group to 2025-06-27 00:00:00+00:00, run_after=2025-06-28 00:00:00+00:00
[2025-06-28T04:48:21.420+0000] {processor.py:183} INFO - Processing /home/airflow/.local/lib/python3.8/site-packages/airflow/example_dags/example_task_group.py took 0.044 seconds
