[2025-06-28T04:32:39.464+0000] {processor.py:161} INFO - Started process (PID=323) to work on /home/airflow/.local/lib/python3.8/site-packages/airflow/example_dags/example_branch_python_dop_operator_3.py
[2025-06-28T04:32:39.466+0000] {processor.py:830} INFO - Processing file /home/airflow/.local/lib/python3.8/site-packages/airflow/example_dags/example_branch_python_dop_operator_3.py for tasks to queue
[2025-06-28T04:32:39.469+0000] {logging_mixin.py:188} INFO - [2025-06-28T04:32:39.468+0000] {dagbag.py:538} INFO - Filling up the DagBag from /home/airflow/.local/lib/python3.8/site-packages/airflow/example_dags/example_branch_python_dop_operator_3.py
[2025-06-28T04:32:39.483+0000] {processor.py:840} INFO - DAG(s) 'example_branch_dop_operator_v3' retrieved from /home/airflow/.local/lib/python3.8/site-packages/airflow/example_dags/example_branch_python_dop_operator_3.py
[2025-06-28T04:32:39.500+0000] {logging_mixin.py:188} INFO - [2025-06-28T04:32:39.499+0000] {dag.py:3036} INFO - Sync 1 DAGs
[2025-06-28T04:32:39.539+0000] {logging_mixin.py:188} INFO - [2025-06-28T04:32:39.539+0000] {dag.py:3823} INFO - Setting next_dagrun for example_branch_dop_operator_v3 to 2025-06-28 04:31:00+00:00, run_after=2025-06-28 04:32:00+00:00
[2025-06-28T04:32:39.561+0000] {processor.py:183} INFO - Processing /home/airflow/.local/lib/python3.8/site-packages/airflow/example_dags/example_branch_python_dop_operator_3.py took 0.101 seconds
[2025-06-28T04:33:10.761+0000] {processor.py:161} INFO - Started process (PID=573) to work on /home/airflow/.local/lib/python3.8/site-packages/airflow/example_dags/example_branch_python_dop_operator_3.py
[2025-06-28T04:33:10.762+0000] {processor.py:830} INFO - Processing file /home/airflow/.local/lib/python3.8/site-packages/airflow/example_dags/example_branch_python_dop_operator_3.py for tasks to queue
[2025-06-28T04:33:10.764+0000] {logging_mixin.py:188} INFO - [2025-06-28T04:33:10.763+0000] {dagbag.py:538} INFO - Filling up the DagBag from /home/airflow/.local/lib/python3.8/site-packages/airflow/example_dags/example_branch_python_dop_operator_3.py
[2025-06-28T04:33:10.771+0000] {processor.py:840} INFO - DAG(s) 'example_branch_dop_operator_v3' retrieved from /home/airflow/.local/lib/python3.8/site-packages/airflow/example_dags/example_branch_python_dop_operator_3.py
[2025-06-28T04:33:10.839+0000] {logging_mixin.py:188} INFO - [2025-06-28T04:33:10.838+0000] {dag.py:3036} INFO - Sync 1 DAGs
[2025-06-28T04:33:10.860+0000] {logging_mixin.py:188} INFO - [2025-06-28T04:33:10.860+0000] {dag.py:3823} INFO - Setting next_dagrun for example_branch_dop_operator_v3 to 2025-06-28 04:32:00+00:00, run_after=2025-06-28 04:33:00+00:00
[2025-06-28T04:33:10.876+0000] {processor.py:183} INFO - Processing /home/airflow/.local/lib/python3.8/site-packages/airflow/example_dags/example_branch_python_dop_operator_3.py took 0.119 seconds
[2025-06-28T04:33:40.898+0000] {processor.py:161} INFO - Started process (PID=820) to work on /home/airflow/.local/lib/python3.8/site-packages/airflow/example_dags/example_branch_python_dop_operator_3.py
[2025-06-28T04:33:40.899+0000] {processor.py:830} INFO - Processing file /home/airflow/.local/lib/python3.8/site-packages/airflow/example_dags/example_branch_python_dop_operator_3.py for tasks to queue
[2025-06-28T04:33:40.900+0000] {logging_mixin.py:188} INFO - [2025-06-28T04:33:40.899+0000] {dagbag.py:538} INFO - Filling up the DagBag from /home/airflow/.local/lib/python3.8/site-packages/airflow/example_dags/example_branch_python_dop_operator_3.py
[2025-06-28T04:33:40.904+0000] {processor.py:840} INFO - DAG(s) 'example_branch_dop_operator_v3' retrieved from /home/airflow/.local/lib/python3.8/site-packages/airflow/example_dags/example_branch_python_dop_operator_3.py
[2025-06-28T04:33:40.918+0000] {logging_mixin.py:188} INFO - [2025-06-28T04:33:40.918+0000] {dag.py:3036} INFO - Sync 1 DAGs
[2025-06-28T04:33:40.938+0000] {logging_mixin.py:188} INFO - [2025-06-28T04:33:40.938+0000] {dag.py:3823} INFO - Setting next_dagrun for example_branch_dop_operator_v3 to 2025-06-28 04:32:00+00:00, run_after=2025-06-28 04:33:00+00:00
[2025-06-28T04:33:40.952+0000] {processor.py:183} INFO - Processing /home/airflow/.local/lib/python3.8/site-packages/airflow/example_dags/example_branch_python_dop_operator_3.py took 0.057 seconds
[2025-06-28T04:34:11.338+0000] {processor.py:161} INFO - Started process (PID=1073) to work on /home/airflow/.local/lib/python3.8/site-packages/airflow/example_dags/example_branch_python_dop_operator_3.py
[2025-06-28T04:34:11.339+0000] {processor.py:830} INFO - Processing file /home/airflow/.local/lib/python3.8/site-packages/airflow/example_dags/example_branch_python_dop_operator_3.py for tasks to queue
[2025-06-28T04:34:11.340+0000] {logging_mixin.py:188} INFO - [2025-06-28T04:34:11.340+0000] {dagbag.py:538} INFO - Filling up the DagBag from /home/airflow/.local/lib/python3.8/site-packages/airflow/example_dags/example_branch_python_dop_operator_3.py
[2025-06-28T04:34:11.345+0000] {processor.py:840} INFO - DAG(s) 'example_branch_dop_operator_v3' retrieved from /home/airflow/.local/lib/python3.8/site-packages/airflow/example_dags/example_branch_python_dop_operator_3.py
[2025-06-28T04:34:11.358+0000] {logging_mixin.py:188} INFO - [2025-06-28T04:34:11.358+0000] {dag.py:3036} INFO - Sync 1 DAGs
[2025-06-28T04:34:11.374+0000] {logging_mixin.py:188} INFO - [2025-06-28T04:34:11.374+0000] {dag.py:3823} INFO - Setting next_dagrun for example_branch_dop_operator_v3 to 2025-06-28 04:33:00+00:00, run_after=2025-06-28 04:34:00+00:00
[2025-06-28T04:34:11.387+0000] {processor.py:183} INFO - Processing /home/airflow/.local/lib/python3.8/site-packages/airflow/example_dags/example_branch_python_dop_operator_3.py took 0.051 seconds
[2025-06-28T04:34:41.751+0000] {processor.py:161} INFO - Started process (PID=1320) to work on /home/airflow/.local/lib/python3.8/site-packages/airflow/example_dags/example_branch_python_dop_operator_3.py
[2025-06-28T04:34:41.752+0000] {processor.py:830} INFO - Processing file /home/airflow/.local/lib/python3.8/site-packages/airflow/example_dags/example_branch_python_dop_operator_3.py for tasks to queue
[2025-06-28T04:34:41.754+0000] {logging_mixin.py:188} INFO - [2025-06-28T04:34:41.754+0000] {dagbag.py:538} INFO - Filling up the DagBag from /home/airflow/.local/lib/python3.8/site-packages/airflow/example_dags/example_branch_python_dop_operator_3.py
[2025-06-28T04:34:41.763+0000] {processor.py:840} INFO - DAG(s) 'example_branch_dop_operator_v3' retrieved from /home/airflow/.local/lib/python3.8/site-packages/airflow/example_dags/example_branch_python_dop_operator_3.py
[2025-06-28T04:34:41.780+0000] {logging_mixin.py:188} INFO - [2025-06-28T04:34:41.780+0000] {dag.py:3036} INFO - Sync 1 DAGs
[2025-06-28T04:34:41.794+0000] {logging_mixin.py:188} INFO - [2025-06-28T04:34:41.794+0000] {dag.py:3823} INFO - Setting next_dagrun for example_branch_dop_operator_v3 to 2025-06-28 04:33:00+00:00, run_after=2025-06-28 04:34:00+00:00
[2025-06-28T04:34:41.806+0000] {processor.py:183} INFO - Processing /home/airflow/.local/lib/python3.8/site-packages/airflow/example_dags/example_branch_python_dop_operator_3.py took 0.058 seconds
[2025-06-28T04:35:12.190+0000] {processor.py:161} INFO - Started process (PID=1573) to work on /home/airflow/.local/lib/python3.8/site-packages/airflow/example_dags/example_branch_python_dop_operator_3.py
[2025-06-28T04:35:12.191+0000] {processor.py:830} INFO - Processing file /home/airflow/.local/lib/python3.8/site-packages/airflow/example_dags/example_branch_python_dop_operator_3.py for tasks to queue
[2025-06-28T04:35:12.192+0000] {logging_mixin.py:188} INFO - [2025-06-28T04:35:12.192+0000] {dagbag.py:538} INFO - Filling up the DagBag from /home/airflow/.local/lib/python3.8/site-packages/airflow/example_dags/example_branch_python_dop_operator_3.py
[2025-06-28T04:35:12.197+0000] {processor.py:840} INFO - DAG(s) 'example_branch_dop_operator_v3' retrieved from /home/airflow/.local/lib/python3.8/site-packages/airflow/example_dags/example_branch_python_dop_operator_3.py
[2025-06-28T04:35:12.215+0000] {logging_mixin.py:188} INFO - [2025-06-28T04:35:12.215+0000] {dag.py:3036} INFO - Sync 1 DAGs
[2025-06-28T04:35:12.232+0000] {logging_mixin.py:188} INFO - [2025-06-28T04:35:12.232+0000] {dag.py:3823} INFO - Setting next_dagrun for example_branch_dop_operator_v3 to 2025-06-28 04:34:00+00:00, run_after=2025-06-28 04:35:00+00:00
[2025-06-28T04:35:12.246+0000] {processor.py:183} INFO - Processing /home/airflow/.local/lib/python3.8/site-packages/airflow/example_dags/example_branch_python_dop_operator_3.py took 0.058 seconds
[2025-06-28T04:35:42.844+0000] {processor.py:161} INFO - Started process (PID=1825) to work on /home/airflow/.local/lib/python3.8/site-packages/airflow/example_dags/example_branch_python_dop_operator_3.py
[2025-06-28T04:35:42.845+0000] {processor.py:830} INFO - Processing file /home/airflow/.local/lib/python3.8/site-packages/airflow/example_dags/example_branch_python_dop_operator_3.py for tasks to queue
[2025-06-28T04:35:42.846+0000] {logging_mixin.py:188} INFO - [2025-06-28T04:35:42.845+0000] {dagbag.py:538} INFO - Filling up the DagBag from /home/airflow/.local/lib/python3.8/site-packages/airflow/example_dags/example_branch_python_dop_operator_3.py
[2025-06-28T04:35:42.850+0000] {processor.py:840} INFO - DAG(s) 'example_branch_dop_operator_v3' retrieved from /home/airflow/.local/lib/python3.8/site-packages/airflow/example_dags/example_branch_python_dop_operator_3.py
[2025-06-28T04:35:42.866+0000] {logging_mixin.py:188} INFO - [2025-06-28T04:35:42.866+0000] {dag.py:3036} INFO - Sync 1 DAGs
[2025-06-28T04:35:42.892+0000] {logging_mixin.py:188} INFO - [2025-06-28T04:35:42.891+0000] {dag.py:3823} INFO - Setting next_dagrun for example_branch_dop_operator_v3 to 2025-06-28 04:34:00+00:00, run_after=2025-06-28 04:35:00+00:00
[2025-06-28T04:35:42.906+0000] {processor.py:183} INFO - Processing /home/airflow/.local/lib/python3.8/site-packages/airflow/example_dags/example_branch_python_dop_operator_3.py took 0.064 seconds
[2025-06-28T04:36:13.211+0000] {processor.py:161} INFO - Started process (PID=2073) to work on /home/airflow/.local/lib/python3.8/site-packages/airflow/example_dags/example_branch_python_dop_operator_3.py
[2025-06-28T04:36:13.212+0000] {processor.py:830} INFO - Processing file /home/airflow/.local/lib/python3.8/site-packages/airflow/example_dags/example_branch_python_dop_operator_3.py for tasks to queue
[2025-06-28T04:36:13.213+0000] {logging_mixin.py:188} INFO - [2025-06-28T04:36:13.213+0000] {dagbag.py:538} INFO - Filling up the DagBag from /home/airflow/.local/lib/python3.8/site-packages/airflow/example_dags/example_branch_python_dop_operator_3.py
[2025-06-28T04:36:13.217+0000] {processor.py:840} INFO - DAG(s) 'example_branch_dop_operator_v3' retrieved from /home/airflow/.local/lib/python3.8/site-packages/airflow/example_dags/example_branch_python_dop_operator_3.py
[2025-06-28T04:36:13.238+0000] {logging_mixin.py:188} INFO - [2025-06-28T04:36:13.237+0000] {dag.py:3036} INFO - Sync 1 DAGs
[2025-06-28T04:36:13.258+0000] {logging_mixin.py:188} INFO - [2025-06-28T04:36:13.258+0000] {dag.py:3823} INFO - Setting next_dagrun for example_branch_dop_operator_v3 to 2025-06-28 04:35:00+00:00, run_after=2025-06-28 04:36:00+00:00
[2025-06-28T04:36:13.273+0000] {processor.py:183} INFO - Processing /home/airflow/.local/lib/python3.8/site-packages/airflow/example_dags/example_branch_python_dop_operator_3.py took 0.064 seconds
[2025-06-28T04:36:43.462+0000] {processor.py:161} INFO - Started process (PID=2323) to work on /home/airflow/.local/lib/python3.8/site-packages/airflow/example_dags/example_branch_python_dop_operator_3.py
[2025-06-28T04:36:43.463+0000] {processor.py:830} INFO - Processing file /home/airflow/.local/lib/python3.8/site-packages/airflow/example_dags/example_branch_python_dop_operator_3.py for tasks to queue
[2025-06-28T04:36:43.464+0000] {logging_mixin.py:188} INFO - [2025-06-28T04:36:43.464+0000] {dagbag.py:538} INFO - Filling up the DagBag from /home/airflow/.local/lib/python3.8/site-packages/airflow/example_dags/example_branch_python_dop_operator_3.py
[2025-06-28T04:36:43.468+0000] {processor.py:840} INFO - DAG(s) 'example_branch_dop_operator_v3' retrieved from /home/airflow/.local/lib/python3.8/site-packages/airflow/example_dags/example_branch_python_dop_operator_3.py
[2025-06-28T04:36:43.481+0000] {logging_mixin.py:188} INFO - [2025-06-28T04:36:43.481+0000] {dag.py:3036} INFO - Sync 1 DAGs
[2025-06-28T04:36:43.498+0000] {logging_mixin.py:188} INFO - [2025-06-28T04:36:43.498+0000] {dag.py:3823} INFO - Setting next_dagrun for example_branch_dop_operator_v3 to 2025-06-28 04:35:00+00:00, run_after=2025-06-28 04:36:00+00:00
[2025-06-28T04:36:43.508+0000] {processor.py:183} INFO - Processing /home/airflow/.local/lib/python3.8/site-packages/airflow/example_dags/example_branch_python_dop_operator_3.py took 0.049 seconds
[2025-06-28T04:37:13.616+0000] {processor.py:161} INFO - Started process (PID=2575) to work on /home/airflow/.local/lib/python3.8/site-packages/airflow/example_dags/example_branch_python_dop_operator_3.py
[2025-06-28T04:37:13.617+0000] {processor.py:830} INFO - Processing file /home/airflow/.local/lib/python3.8/site-packages/airflow/example_dags/example_branch_python_dop_operator_3.py for tasks to queue
[2025-06-28T04:37:13.618+0000] {logging_mixin.py:188} INFO - [2025-06-28T04:37:13.618+0000] {dagbag.py:538} INFO - Filling up the DagBag from /home/airflow/.local/lib/python3.8/site-packages/airflow/example_dags/example_branch_python_dop_operator_3.py
[2025-06-28T04:37:13.625+0000] {processor.py:840} INFO - DAG(s) 'example_branch_dop_operator_v3' retrieved from /home/airflow/.local/lib/python3.8/site-packages/airflow/example_dags/example_branch_python_dop_operator_3.py
[2025-06-28T04:37:13.641+0000] {logging_mixin.py:188} INFO - [2025-06-28T04:37:13.641+0000] {dag.py:3036} INFO - Sync 1 DAGs
[2025-06-28T04:37:13.659+0000] {logging_mixin.py:188} INFO - [2025-06-28T04:37:13.658+0000] {dag.py:3823} INFO - Setting next_dagrun for example_branch_dop_operator_v3 to 2025-06-28 04:36:00+00:00, run_after=2025-06-28 04:37:00+00:00
[2025-06-28T04:37:13.671+0000] {processor.py:183} INFO - Processing /home/airflow/.local/lib/python3.8/site-packages/airflow/example_dags/example_branch_python_dop_operator_3.py took 0.058 seconds
[2025-06-28T04:37:43.712+0000] {processor.py:161} INFO - Started process (PID=2823) to work on /home/airflow/.local/lib/python3.8/site-packages/airflow/example_dags/example_branch_python_dop_operator_3.py
[2025-06-28T04:37:43.713+0000] {processor.py:830} INFO - Processing file /home/airflow/.local/lib/python3.8/site-packages/airflow/example_dags/example_branch_python_dop_operator_3.py for tasks to queue
[2025-06-28T04:37:43.714+0000] {logging_mixin.py:188} INFO - [2025-06-28T04:37:43.713+0000] {dagbag.py:538} INFO - Filling up the DagBag from /home/airflow/.local/lib/python3.8/site-packages/airflow/example_dags/example_branch_python_dop_operator_3.py
[2025-06-28T04:37:43.718+0000] {processor.py:840} INFO - DAG(s) 'example_branch_dop_operator_v3' retrieved from /home/airflow/.local/lib/python3.8/site-packages/airflow/example_dags/example_branch_python_dop_operator_3.py
[2025-06-28T04:37:43.732+0000] {logging_mixin.py:188} INFO - [2025-06-28T04:37:43.731+0000] {dag.py:3036} INFO - Sync 1 DAGs
[2025-06-28T04:37:43.748+0000] {logging_mixin.py:188} INFO - [2025-06-28T04:37:43.747+0000] {dag.py:3823} INFO - Setting next_dagrun for example_branch_dop_operator_v3 to 2025-06-28 04:36:00+00:00, run_after=2025-06-28 04:37:00+00:00
[2025-06-28T04:37:43.759+0000] {processor.py:183} INFO - Processing /home/airflow/.local/lib/python3.8/site-packages/airflow/example_dags/example_branch_python_dop_operator_3.py took 0.049 seconds
[2025-06-28T04:38:14.065+0000] {processor.py:161} INFO - Started process (PID=3075) to work on /home/airflow/.local/lib/python3.8/site-packages/airflow/example_dags/example_branch_python_dop_operator_3.py
[2025-06-28T04:38:14.065+0000] {processor.py:830} INFO - Processing file /home/airflow/.local/lib/python3.8/site-packages/airflow/example_dags/example_branch_python_dop_operator_3.py for tasks to queue
[2025-06-28T04:38:14.066+0000] {logging_mixin.py:188} INFO - [2025-06-28T04:38:14.066+0000] {dagbag.py:538} INFO - Filling up the DagBag from /home/airflow/.local/lib/python3.8/site-packages/airflow/example_dags/example_branch_python_dop_operator_3.py
[2025-06-28T04:38:14.071+0000] {processor.py:840} INFO - DAG(s) 'example_branch_dop_operator_v3' retrieved from /home/airflow/.local/lib/python3.8/site-packages/airflow/example_dags/example_branch_python_dop_operator_3.py
[2025-06-28T04:38:14.088+0000] {logging_mixin.py:188} INFO - [2025-06-28T04:38:14.088+0000] {dag.py:3036} INFO - Sync 1 DAGs
[2025-06-28T04:38:14.104+0000] {logging_mixin.py:188} INFO - [2025-06-28T04:38:14.104+0000] {dag.py:3823} INFO - Setting next_dagrun for example_branch_dop_operator_v3 to 2025-06-28 04:37:00+00:00, run_after=2025-06-28 04:38:00+00:00
[2025-06-28T04:38:14.116+0000] {processor.py:183} INFO - Processing /home/airflow/.local/lib/python3.8/site-packages/airflow/example_dags/example_branch_python_dop_operator_3.py took 0.053 seconds
[2025-06-28T04:38:44.403+0000] {processor.py:161} INFO - Started process (PID=3328) to work on /home/airflow/.local/lib/python3.8/site-packages/airflow/example_dags/example_branch_python_dop_operator_3.py
[2025-06-28T04:38:44.403+0000] {processor.py:830} INFO - Processing file /home/airflow/.local/lib/python3.8/site-packages/airflow/example_dags/example_branch_python_dop_operator_3.py for tasks to queue
[2025-06-28T04:38:44.404+0000] {logging_mixin.py:188} INFO - [2025-06-28T04:38:44.404+0000] {dagbag.py:538} INFO - Filling up the DagBag from /home/airflow/.local/lib/python3.8/site-packages/airflow/example_dags/example_branch_python_dop_operator_3.py
[2025-06-28T04:38:44.408+0000] {processor.py:840} INFO - DAG(s) 'example_branch_dop_operator_v3' retrieved from /home/airflow/.local/lib/python3.8/site-packages/airflow/example_dags/example_branch_python_dop_operator_3.py
[2025-06-28T04:38:44.425+0000] {logging_mixin.py:188} INFO - [2025-06-28T04:38:44.425+0000] {dag.py:3036} INFO - Sync 1 DAGs
[2025-06-28T04:38:44.442+0000] {logging_mixin.py:188} INFO - [2025-06-28T04:38:44.442+0000] {dag.py:3823} INFO - Setting next_dagrun for example_branch_dop_operator_v3 to 2025-06-28 04:37:00+00:00, run_after=2025-06-28 04:38:00+00:00
[2025-06-28T04:38:44.455+0000] {processor.py:183} INFO - Processing /home/airflow/.local/lib/python3.8/site-packages/airflow/example_dags/example_branch_python_dop_operator_3.py took 0.055 seconds
[2025-06-28T04:39:14.556+0000] {processor.py:161} INFO - Started process (PID=3573) to work on /home/airflow/.local/lib/python3.8/site-packages/airflow/example_dags/example_branch_python_dop_operator_3.py
[2025-06-28T04:39:14.556+0000] {processor.py:830} INFO - Processing file /home/airflow/.local/lib/python3.8/site-packages/airflow/example_dags/example_branch_python_dop_operator_3.py for tasks to queue
[2025-06-28T04:39:14.557+0000] {logging_mixin.py:188} INFO - [2025-06-28T04:39:14.557+0000] {dagbag.py:538} INFO - Filling up the DagBag from /home/airflow/.local/lib/python3.8/site-packages/airflow/example_dags/example_branch_python_dop_operator_3.py
[2025-06-28T04:39:14.562+0000] {processor.py:840} INFO - DAG(s) 'example_branch_dop_operator_v3' retrieved from /home/airflow/.local/lib/python3.8/site-packages/airflow/example_dags/example_branch_python_dop_operator_3.py
[2025-06-28T04:39:14.576+0000] {logging_mixin.py:188} INFO - [2025-06-28T04:39:14.576+0000] {dag.py:3036} INFO - Sync 1 DAGs
[2025-06-28T04:39:14.591+0000] {logging_mixin.py:188} INFO - [2025-06-28T04:39:14.591+0000] {dag.py:3823} INFO - Setting next_dagrun for example_branch_dop_operator_v3 to 2025-06-28 04:38:00+00:00, run_after=2025-06-28 04:39:00+00:00
[2025-06-28T04:39:14.605+0000] {processor.py:183} INFO - Processing /home/airflow/.local/lib/python3.8/site-packages/airflow/example_dags/example_branch_python_dop_operator_3.py took 0.051 seconds
[2025-06-28T04:39:44.791+0000] {processor.py:161} INFO - Started process (PID=3823) to work on /home/airflow/.local/lib/python3.8/site-packages/airflow/example_dags/example_branch_python_dop_operator_3.py
[2025-06-28T04:39:44.792+0000] {processor.py:830} INFO - Processing file /home/airflow/.local/lib/python3.8/site-packages/airflow/example_dags/example_branch_python_dop_operator_3.py for tasks to queue
[2025-06-28T04:39:44.793+0000] {logging_mixin.py:188} INFO - [2025-06-28T04:39:44.793+0000] {dagbag.py:538} INFO - Filling up the DagBag from /home/airflow/.local/lib/python3.8/site-packages/airflow/example_dags/example_branch_python_dop_operator_3.py
[2025-06-28T04:39:44.800+0000] {processor.py:840} INFO - DAG(s) 'example_branch_dop_operator_v3' retrieved from /home/airflow/.local/lib/python3.8/site-packages/airflow/example_dags/example_branch_python_dop_operator_3.py
[2025-06-28T04:39:44.813+0000] {logging_mixin.py:188} INFO - [2025-06-28T04:39:44.812+0000] {dag.py:3036} INFO - Sync 1 DAGs
[2025-06-28T04:39:44.829+0000] {logging_mixin.py:188} INFO - [2025-06-28T04:39:44.829+0000] {dag.py:3823} INFO - Setting next_dagrun for example_branch_dop_operator_v3 to 2025-06-28 04:38:00+00:00, run_after=2025-06-28 04:39:00+00:00
[2025-06-28T04:39:44.842+0000] {processor.py:183} INFO - Processing /home/airflow/.local/lib/python3.8/site-packages/airflow/example_dags/example_branch_python_dop_operator_3.py took 0.054 seconds
[2025-06-28T04:40:15.069+0000] {processor.py:161} INFO - Started process (PID=4073) to work on /home/airflow/.local/lib/python3.8/site-packages/airflow/example_dags/example_branch_python_dop_operator_3.py
[2025-06-28T04:40:15.069+0000] {processor.py:830} INFO - Processing file /home/airflow/.local/lib/python3.8/site-packages/airflow/example_dags/example_branch_python_dop_operator_3.py for tasks to queue
[2025-06-28T04:40:15.070+0000] {logging_mixin.py:188} INFO - [2025-06-28T04:40:15.070+0000] {dagbag.py:538} INFO - Filling up the DagBag from /home/airflow/.local/lib/python3.8/site-packages/airflow/example_dags/example_branch_python_dop_operator_3.py
[2025-06-28T04:40:15.075+0000] {processor.py:840} INFO - DAG(s) 'example_branch_dop_operator_v3' retrieved from /home/airflow/.local/lib/python3.8/site-packages/airflow/example_dags/example_branch_python_dop_operator_3.py
[2025-06-28T04:40:15.092+0000] {logging_mixin.py:188} INFO - [2025-06-28T04:40:15.092+0000] {dag.py:3036} INFO - Sync 1 DAGs
[2025-06-28T04:40:15.110+0000] {logging_mixin.py:188} INFO - [2025-06-28T04:40:15.110+0000] {dag.py:3823} INFO - Setting next_dagrun for example_branch_dop_operator_v3 to 2025-06-28 04:39:00+00:00, run_after=2025-06-28 04:40:00+00:00
[2025-06-28T04:40:15.126+0000] {processor.py:183} INFO - Processing /home/airflow/.local/lib/python3.8/site-packages/airflow/example_dags/example_branch_python_dop_operator_3.py took 0.060 seconds
[2025-06-28T04:40:45.444+0000] {processor.py:161} INFO - Started process (PID=4323) to work on /home/airflow/.local/lib/python3.8/site-packages/airflow/example_dags/example_branch_python_dop_operator_3.py
[2025-06-28T04:40:45.444+0000] {processor.py:830} INFO - Processing file /home/airflow/.local/lib/python3.8/site-packages/airflow/example_dags/example_branch_python_dop_operator_3.py for tasks to queue
[2025-06-28T04:40:45.445+0000] {logging_mixin.py:188} INFO - [2025-06-28T04:40:45.445+0000] {dagbag.py:538} INFO - Filling up the DagBag from /home/airflow/.local/lib/python3.8/site-packages/airflow/example_dags/example_branch_python_dop_operator_3.py
[2025-06-28T04:40:45.452+0000] {processor.py:840} INFO - DAG(s) 'example_branch_dop_operator_v3' retrieved from /home/airflow/.local/lib/python3.8/site-packages/airflow/example_dags/example_branch_python_dop_operator_3.py
[2025-06-28T04:40:45.469+0000] {logging_mixin.py:188} INFO - [2025-06-28T04:40:45.469+0000] {dag.py:3036} INFO - Sync 1 DAGs
[2025-06-28T04:40:45.490+0000] {logging_mixin.py:188} INFO - [2025-06-28T04:40:45.489+0000] {dag.py:3823} INFO - Setting next_dagrun for example_branch_dop_operator_v3 to 2025-06-28 04:39:00+00:00, run_after=2025-06-28 04:40:00+00:00
[2025-06-28T04:40:45.504+0000] {processor.py:183} INFO - Processing /home/airflow/.local/lib/python3.8/site-packages/airflow/example_dags/example_branch_python_dop_operator_3.py took 0.063 seconds
[2025-06-28T04:41:15.909+0000] {processor.py:161} INFO - Started process (PID=4573) to work on /home/airflow/.local/lib/python3.8/site-packages/airflow/example_dags/example_branch_python_dop_operator_3.py
[2025-06-28T04:41:15.910+0000] {processor.py:830} INFO - Processing file /home/airflow/.local/lib/python3.8/site-packages/airflow/example_dags/example_branch_python_dop_operator_3.py for tasks to queue
[2025-06-28T04:41:15.911+0000] {logging_mixin.py:188} INFO - [2025-06-28T04:41:15.911+0000] {dagbag.py:538} INFO - Filling up the DagBag from /home/airflow/.local/lib/python3.8/site-packages/airflow/example_dags/example_branch_python_dop_operator_3.py
[2025-06-28T04:41:15.919+0000] {processor.py:840} INFO - DAG(s) 'example_branch_dop_operator_v3' retrieved from /home/airflow/.local/lib/python3.8/site-packages/airflow/example_dags/example_branch_python_dop_operator_3.py
[2025-06-28T04:41:15.934+0000] {logging_mixin.py:188} INFO - [2025-06-28T04:41:15.934+0000] {dag.py:3036} INFO - Sync 1 DAGs
[2025-06-28T04:41:15.958+0000] {logging_mixin.py:188} INFO - [2025-06-28T04:41:15.957+0000] {dag.py:3823} INFO - Setting next_dagrun for example_branch_dop_operator_v3 to 2025-06-28 04:40:00+00:00, run_after=2025-06-28 04:41:00+00:00
[2025-06-28T04:41:15.972+0000] {processor.py:183} INFO - Processing /home/airflow/.local/lib/python3.8/site-packages/airflow/example_dags/example_branch_python_dop_operator_3.py took 0.065 seconds
[2025-06-28T04:41:46.247+0000] {processor.py:161} INFO - Started process (PID=4823) to work on /home/airflow/.local/lib/python3.8/site-packages/airflow/example_dags/example_branch_python_dop_operator_3.py
[2025-06-28T04:41:46.247+0000] {processor.py:830} INFO - Processing file /home/airflow/.local/lib/python3.8/site-packages/airflow/example_dags/example_branch_python_dop_operator_3.py for tasks to queue
[2025-06-28T04:41:46.249+0000] {logging_mixin.py:188} INFO - [2025-06-28T04:41:46.248+0000] {dagbag.py:538} INFO - Filling up the DagBag from /home/airflow/.local/lib/python3.8/site-packages/airflow/example_dags/example_branch_python_dop_operator_3.py
[2025-06-28T04:41:46.256+0000] {processor.py:840} INFO - DAG(s) 'example_branch_dop_operator_v3' retrieved from /home/airflow/.local/lib/python3.8/site-packages/airflow/example_dags/example_branch_python_dop_operator_3.py
[2025-06-28T04:41:46.269+0000] {logging_mixin.py:188} INFO - [2025-06-28T04:41:46.269+0000] {dag.py:3036} INFO - Sync 1 DAGs
[2025-06-28T04:41:46.285+0000] {logging_mixin.py:188} INFO - [2025-06-28T04:41:46.285+0000] {dag.py:3823} INFO - Setting next_dagrun for example_branch_dop_operator_v3 to 2025-06-28 04:40:00+00:00, run_after=2025-06-28 04:41:00+00:00
[2025-06-28T04:41:46.298+0000] {processor.py:183} INFO - Processing /home/airflow/.local/lib/python3.8/site-packages/airflow/example_dags/example_branch_python_dop_operator_3.py took 0.055 seconds
[2025-06-28T04:42:16.540+0000] {processor.py:161} INFO - Started process (PID=5073) to work on /home/airflow/.local/lib/python3.8/site-packages/airflow/example_dags/example_branch_python_dop_operator_3.py
[2025-06-28T04:42:16.541+0000] {processor.py:830} INFO - Processing file /home/airflow/.local/lib/python3.8/site-packages/airflow/example_dags/example_branch_python_dop_operator_3.py for tasks to queue
[2025-06-28T04:42:16.542+0000] {logging_mixin.py:188} INFO - [2025-06-28T04:42:16.542+0000] {dagbag.py:538} INFO - Filling up the DagBag from /home/airflow/.local/lib/python3.8/site-packages/airflow/example_dags/example_branch_python_dop_operator_3.py
[2025-06-28T04:42:16.552+0000] {processor.py:840} INFO - DAG(s) 'example_branch_dop_operator_v3' retrieved from /home/airflow/.local/lib/python3.8/site-packages/airflow/example_dags/example_branch_python_dop_operator_3.py
[2025-06-28T04:42:16.568+0000] {logging_mixin.py:188} INFO - [2025-06-28T04:42:16.567+0000] {dag.py:3036} INFO - Sync 1 DAGs
[2025-06-28T04:42:16.591+0000] {logging_mixin.py:188} INFO - [2025-06-28T04:42:16.591+0000] {dag.py:3823} INFO - Setting next_dagrun for example_branch_dop_operator_v3 to 2025-06-28 04:41:00+00:00, run_after=2025-06-28 04:42:00+00:00
[2025-06-28T04:42:16.605+0000] {processor.py:183} INFO - Processing /home/airflow/.local/lib/python3.8/site-packages/airflow/example_dags/example_branch_python_dop_operator_3.py took 0.067 seconds
[2025-06-28T04:42:46.857+0000] {processor.py:161} INFO - Started process (PID=5323) to work on /home/airflow/.local/lib/python3.8/site-packages/airflow/example_dags/example_branch_python_dop_operator_3.py
[2025-06-28T04:42:46.857+0000] {processor.py:830} INFO - Processing file /home/airflow/.local/lib/python3.8/site-packages/airflow/example_dags/example_branch_python_dop_operator_3.py for tasks to queue
[2025-06-28T04:42:46.858+0000] {logging_mixin.py:188} INFO - [2025-06-28T04:42:46.858+0000] {dagbag.py:538} INFO - Filling up the DagBag from /home/airflow/.local/lib/python3.8/site-packages/airflow/example_dags/example_branch_python_dop_operator_3.py
[2025-06-28T04:42:46.864+0000] {processor.py:840} INFO - DAG(s) 'example_branch_dop_operator_v3' retrieved from /home/airflow/.local/lib/python3.8/site-packages/airflow/example_dags/example_branch_python_dop_operator_3.py
[2025-06-28T04:42:46.876+0000] {logging_mixin.py:188} INFO - [2025-06-28T04:42:46.875+0000] {dag.py:3036} INFO - Sync 1 DAGs
[2025-06-28T04:42:46.896+0000] {logging_mixin.py:188} INFO - [2025-06-28T04:42:46.896+0000] {dag.py:3823} INFO - Setting next_dagrun for example_branch_dop_operator_v3 to 2025-06-28 04:41:00+00:00, run_after=2025-06-28 04:42:00+00:00
[2025-06-28T04:42:46.908+0000] {processor.py:183} INFO - Processing /home/airflow/.local/lib/python3.8/site-packages/airflow/example_dags/example_branch_python_dop_operator_3.py took 0.052 seconds
[2025-06-28T04:43:17.104+0000] {processor.py:161} INFO - Started process (PID=5573) to work on /home/airflow/.local/lib/python3.8/site-packages/airflow/example_dags/example_branch_python_dop_operator_3.py
[2025-06-28T04:43:17.105+0000] {processor.py:830} INFO - Processing file /home/airflow/.local/lib/python3.8/site-packages/airflow/example_dags/example_branch_python_dop_operator_3.py for tasks to queue
[2025-06-28T04:43:17.107+0000] {logging_mixin.py:188} INFO - [2025-06-28T04:43:17.106+0000] {dagbag.py:538} INFO - Filling up the DagBag from /home/airflow/.local/lib/python3.8/site-packages/airflow/example_dags/example_branch_python_dop_operator_3.py
[2025-06-28T04:43:17.115+0000] {processor.py:840} INFO - DAG(s) 'example_branch_dop_operator_v3' retrieved from /home/airflow/.local/lib/python3.8/site-packages/airflow/example_dags/example_branch_python_dop_operator_3.py
[2025-06-28T04:43:17.128+0000] {logging_mixin.py:188} INFO - [2025-06-28T04:43:17.128+0000] {dag.py:3036} INFO - Sync 1 DAGs
[2025-06-28T04:43:17.143+0000] {logging_mixin.py:188} INFO - [2025-06-28T04:43:17.143+0000] {dag.py:3823} INFO - Setting next_dagrun for example_branch_dop_operator_v3 to 2025-06-28 04:42:00+00:00, run_after=2025-06-28 04:43:00+00:00
[2025-06-28T04:43:17.155+0000] {processor.py:183} INFO - Processing /home/airflow/.local/lib/python3.8/site-packages/airflow/example_dags/example_branch_python_dop_operator_3.py took 0.053 seconds
[2025-06-28T04:43:47.603+0000] {processor.py:161} INFO - Started process (PID=5823) to work on /home/airflow/.local/lib/python3.8/site-packages/airflow/example_dags/example_branch_python_dop_operator_3.py
[2025-06-28T04:43:47.603+0000] {processor.py:830} INFO - Processing file /home/airflow/.local/lib/python3.8/site-packages/airflow/example_dags/example_branch_python_dop_operator_3.py for tasks to queue
[2025-06-28T04:43:47.604+0000] {logging_mixin.py:188} INFO - [2025-06-28T04:43:47.604+0000] {dagbag.py:538} INFO - Filling up the DagBag from /home/airflow/.local/lib/python3.8/site-packages/airflow/example_dags/example_branch_python_dop_operator_3.py
[2025-06-28T04:43:47.609+0000] {processor.py:840} INFO - DAG(s) 'example_branch_dop_operator_v3' retrieved from /home/airflow/.local/lib/python3.8/site-packages/airflow/example_dags/example_branch_python_dop_operator_3.py
[2025-06-28T04:43:47.620+0000] {logging_mixin.py:188} INFO - [2025-06-28T04:43:47.620+0000] {dag.py:3036} INFO - Sync 1 DAGs
[2025-06-28T04:43:47.641+0000] {logging_mixin.py:188} INFO - [2025-06-28T04:43:47.640+0000] {dag.py:3823} INFO - Setting next_dagrun for example_branch_dop_operator_v3 to 2025-06-28 04:42:00+00:00, run_after=2025-06-28 04:43:00+00:00
[2025-06-28T04:43:47.654+0000] {processor.py:183} INFO - Processing /home/airflow/.local/lib/python3.8/site-packages/airflow/example_dags/example_branch_python_dop_operator_3.py took 0.053 seconds
[2025-06-28T04:44:17.943+0000] {processor.py:161} INFO - Started process (PID=6073) to work on /home/airflow/.local/lib/python3.8/site-packages/airflow/example_dags/example_branch_python_dop_operator_3.py
[2025-06-28T04:44:17.944+0000] {processor.py:830} INFO - Processing file /home/airflow/.local/lib/python3.8/site-packages/airflow/example_dags/example_branch_python_dop_operator_3.py for tasks to queue
[2025-06-28T04:44:17.945+0000] {logging_mixin.py:188} INFO - [2025-06-28T04:44:17.945+0000] {dagbag.py:538} INFO - Filling up the DagBag from /home/airflow/.local/lib/python3.8/site-packages/airflow/example_dags/example_branch_python_dop_operator_3.py
[2025-06-28T04:44:17.949+0000] {processor.py:840} INFO - DAG(s) 'example_branch_dop_operator_v3' retrieved from /home/airflow/.local/lib/python3.8/site-packages/airflow/example_dags/example_branch_python_dop_operator_3.py
[2025-06-28T04:44:17.963+0000] {logging_mixin.py:188} INFO - [2025-06-28T04:44:17.963+0000] {dag.py:3036} INFO - Sync 1 DAGs
[2025-06-28T04:44:17.982+0000] {logging_mixin.py:188} INFO - [2025-06-28T04:44:17.982+0000] {dag.py:3823} INFO - Setting next_dagrun for example_branch_dop_operator_v3 to 2025-06-28 04:43:00+00:00, run_after=2025-06-28 04:44:00+00:00
[2025-06-28T04:44:17.997+0000] {processor.py:183} INFO - Processing /home/airflow/.local/lib/python3.8/site-packages/airflow/example_dags/example_branch_python_dop_operator_3.py took 0.056 seconds
[2025-06-28T04:44:48.238+0000] {processor.py:161} INFO - Started process (PID=6323) to work on /home/airflow/.local/lib/python3.8/site-packages/airflow/example_dags/example_branch_python_dop_operator_3.py
[2025-06-28T04:44:48.239+0000] {processor.py:830} INFO - Processing file /home/airflow/.local/lib/python3.8/site-packages/airflow/example_dags/example_branch_python_dop_operator_3.py for tasks to queue
[2025-06-28T04:44:48.241+0000] {logging_mixin.py:188} INFO - [2025-06-28T04:44:48.240+0000] {dagbag.py:538} INFO - Filling up the DagBag from /home/airflow/.local/lib/python3.8/site-packages/airflow/example_dags/example_branch_python_dop_operator_3.py
[2025-06-28T04:44:48.248+0000] {processor.py:840} INFO - DAG(s) 'example_branch_dop_operator_v3' retrieved from /home/airflow/.local/lib/python3.8/site-packages/airflow/example_dags/example_branch_python_dop_operator_3.py
[2025-06-28T04:44:48.262+0000] {logging_mixin.py:188} INFO - [2025-06-28T04:44:48.262+0000] {dag.py:3036} INFO - Sync 1 DAGs
[2025-06-28T04:44:48.277+0000] {logging_mixin.py:188} INFO - [2025-06-28T04:44:48.277+0000] {dag.py:3823} INFO - Setting next_dagrun for example_branch_dop_operator_v3 to 2025-06-28 04:43:00+00:00, run_after=2025-06-28 04:44:00+00:00
[2025-06-28T04:44:48.290+0000] {processor.py:183} INFO - Processing /home/airflow/.local/lib/python3.8/site-packages/airflow/example_dags/example_branch_python_dop_operator_3.py took 0.054 seconds
[2025-06-28T04:45:18.405+0000] {processor.py:161} INFO - Started process (PID=6573) to work on /home/airflow/.local/lib/python3.8/site-packages/airflow/example_dags/example_branch_python_dop_operator_3.py
[2025-06-28T04:45:18.406+0000] {processor.py:830} INFO - Processing file /home/airflow/.local/lib/python3.8/site-packages/airflow/example_dags/example_branch_python_dop_operator_3.py for tasks to queue
[2025-06-28T04:45:18.407+0000] {logging_mixin.py:188} INFO - [2025-06-28T04:45:18.407+0000] {dagbag.py:538} INFO - Filling up the DagBag from /home/airflow/.local/lib/python3.8/site-packages/airflow/example_dags/example_branch_python_dop_operator_3.py
[2025-06-28T04:45:18.415+0000] {processor.py:840} INFO - DAG(s) 'example_branch_dop_operator_v3' retrieved from /home/airflow/.local/lib/python3.8/site-packages/airflow/example_dags/example_branch_python_dop_operator_3.py
[2025-06-28T04:45:18.430+0000] {logging_mixin.py:188} INFO - [2025-06-28T04:45:18.429+0000] {dag.py:3036} INFO - Sync 1 DAGs
[2025-06-28T04:45:18.444+0000] {logging_mixin.py:188} INFO - [2025-06-28T04:45:18.444+0000] {dag.py:3823} INFO - Setting next_dagrun for example_branch_dop_operator_v3 to 2025-06-28 04:44:00+00:00, run_after=2025-06-28 04:45:00+00:00
[2025-06-28T04:45:18.456+0000] {processor.py:183} INFO - Processing /home/airflow/.local/lib/python3.8/site-packages/airflow/example_dags/example_branch_python_dop_operator_3.py took 0.054 seconds
[2025-06-28T04:45:48.914+0000] {processor.py:161} INFO - Started process (PID=6825) to work on /home/airflow/.local/lib/python3.8/site-packages/airflow/example_dags/example_branch_python_dop_operator_3.py
[2025-06-28T04:45:48.915+0000] {processor.py:830} INFO - Processing file /home/airflow/.local/lib/python3.8/site-packages/airflow/example_dags/example_branch_python_dop_operator_3.py for tasks to queue
[2025-06-28T04:45:48.916+0000] {logging_mixin.py:188} INFO - [2025-06-28T04:45:48.916+0000] {dagbag.py:538} INFO - Filling up the DagBag from /home/airflow/.local/lib/python3.8/site-packages/airflow/example_dags/example_branch_python_dop_operator_3.py
[2025-06-28T04:45:48.923+0000] {processor.py:840} INFO - DAG(s) 'example_branch_dop_operator_v3' retrieved from /home/airflow/.local/lib/python3.8/site-packages/airflow/example_dags/example_branch_python_dop_operator_3.py
[2025-06-28T04:45:48.942+0000] {logging_mixin.py:188} INFO - [2025-06-28T04:45:48.941+0000] {dag.py:3036} INFO - Sync 1 DAGs
[2025-06-28T04:45:48.965+0000] {logging_mixin.py:188} INFO - [2025-06-28T04:45:48.965+0000] {dag.py:3823} INFO - Setting next_dagrun for example_branch_dop_operator_v3 to 2025-06-28 04:44:00+00:00, run_after=2025-06-28 04:45:00+00:00
[2025-06-28T04:45:48.978+0000] {processor.py:183} INFO - Processing /home/airflow/.local/lib/python3.8/site-packages/airflow/example_dags/example_branch_python_dop_operator_3.py took 0.067 seconds
[2025-06-28T04:46:19.210+0000] {processor.py:161} INFO - Started process (PID=7073) to work on /home/airflow/.local/lib/python3.8/site-packages/airflow/example_dags/example_branch_python_dop_operator_3.py
[2025-06-28T04:46:19.210+0000] {processor.py:830} INFO - Processing file /home/airflow/.local/lib/python3.8/site-packages/airflow/example_dags/example_branch_python_dop_operator_3.py for tasks to queue
[2025-06-28T04:46:19.211+0000] {logging_mixin.py:188} INFO - [2025-06-28T04:46:19.211+0000] {dagbag.py:538} INFO - Filling up the DagBag from /home/airflow/.local/lib/python3.8/site-packages/airflow/example_dags/example_branch_python_dop_operator_3.py
[2025-06-28T04:46:19.216+0000] {processor.py:840} INFO - DAG(s) 'example_branch_dop_operator_v3' retrieved from /home/airflow/.local/lib/python3.8/site-packages/airflow/example_dags/example_branch_python_dop_operator_3.py
[2025-06-28T04:46:19.230+0000] {logging_mixin.py:188} INFO - [2025-06-28T04:46:19.230+0000] {dag.py:3036} INFO - Sync 1 DAGs
[2025-06-28T04:46:19.246+0000] {logging_mixin.py:188} INFO - [2025-06-28T04:46:19.246+0000] {dag.py:3823} INFO - Setting next_dagrun for example_branch_dop_operator_v3 to 2025-06-28 04:45:00+00:00, run_after=2025-06-28 04:46:00+00:00
[2025-06-28T04:46:19.260+0000] {processor.py:183} INFO - Processing /home/airflow/.local/lib/python3.8/site-packages/airflow/example_dags/example_branch_python_dop_operator_3.py took 0.052 seconds
[2025-06-28T04:46:49.986+0000] {processor.py:161} INFO - Started process (PID=7323) to work on /home/airflow/.local/lib/python3.8/site-packages/airflow/example_dags/example_branch_python_dop_operator_3.py
[2025-06-28T04:46:49.987+0000] {processor.py:830} INFO - Processing file /home/airflow/.local/lib/python3.8/site-packages/airflow/example_dags/example_branch_python_dop_operator_3.py for tasks to queue
[2025-06-28T04:46:49.989+0000] {logging_mixin.py:188} INFO - [2025-06-28T04:46:49.989+0000] {dagbag.py:538} INFO - Filling up the DagBag from /home/airflow/.local/lib/python3.8/site-packages/airflow/example_dags/example_branch_python_dop_operator_3.py
[2025-06-28T04:46:49.996+0000] {processor.py:840} INFO - DAG(s) 'example_branch_dop_operator_v3' retrieved from /home/airflow/.local/lib/python3.8/site-packages/airflow/example_dags/example_branch_python_dop_operator_3.py
[2025-06-28T04:46:50.009+0000] {logging_mixin.py:188} INFO - [2025-06-28T04:46:50.009+0000] {dag.py:3036} INFO - Sync 1 DAGs
[2025-06-28T04:46:50.030+0000] {logging_mixin.py:188} INFO - [2025-06-28T04:46:50.030+0000] {dag.py:3823} INFO - Setting next_dagrun for example_branch_dop_operator_v3 to 2025-06-28 04:45:00+00:00, run_after=2025-06-28 04:46:00+00:00
[2025-06-28T04:46:50.046+0000] {processor.py:183} INFO - Processing /home/airflow/.local/lib/python3.8/site-packages/airflow/example_dags/example_branch_python_dop_operator_3.py took 0.064 seconds
[2025-06-28T04:47:20.245+0000] {processor.py:161} INFO - Started process (PID=7573) to work on /home/airflow/.local/lib/python3.8/site-packages/airflow/example_dags/example_branch_python_dop_operator_3.py
[2025-06-28T04:47:20.245+0000] {processor.py:830} INFO - Processing file /home/airflow/.local/lib/python3.8/site-packages/airflow/example_dags/example_branch_python_dop_operator_3.py for tasks to queue
[2025-06-28T04:47:20.247+0000] {logging_mixin.py:188} INFO - [2025-06-28T04:47:20.246+0000] {dagbag.py:538} INFO - Filling up the DagBag from /home/airflow/.local/lib/python3.8/site-packages/airflow/example_dags/example_branch_python_dop_operator_3.py
[2025-06-28T04:47:20.254+0000] {processor.py:840} INFO - DAG(s) 'example_branch_dop_operator_v3' retrieved from /home/airflow/.local/lib/python3.8/site-packages/airflow/example_dags/example_branch_python_dop_operator_3.py
[2025-06-28T04:47:20.266+0000] {logging_mixin.py:188} INFO - [2025-06-28T04:47:20.265+0000] {dag.py:3036} INFO - Sync 1 DAGs
[2025-06-28T04:47:20.283+0000] {logging_mixin.py:188} INFO - [2025-06-28T04:47:20.283+0000] {dag.py:3823} INFO - Setting next_dagrun for example_branch_dop_operator_v3 to 2025-06-28 04:46:00+00:00, run_after=2025-06-28 04:47:00+00:00
[2025-06-28T04:47:20.299+0000] {processor.py:183} INFO - Processing /home/airflow/.local/lib/python3.8/site-packages/airflow/example_dags/example_branch_python_dop_operator_3.py took 0.057 seconds
[2025-06-28T04:47:50.404+0000] {processor.py:161} INFO - Started process (PID=7823) to work on /home/airflow/.local/lib/python3.8/site-packages/airflow/example_dags/example_branch_python_dop_operator_3.py
[2025-06-28T04:47:50.405+0000] {processor.py:830} INFO - Processing file /home/airflow/.local/lib/python3.8/site-packages/airflow/example_dags/example_branch_python_dop_operator_3.py for tasks to queue
[2025-06-28T04:47:50.406+0000] {logging_mixin.py:188} INFO - [2025-06-28T04:47:50.406+0000] {dagbag.py:538} INFO - Filling up the DagBag from /home/airflow/.local/lib/python3.8/site-packages/airflow/example_dags/example_branch_python_dop_operator_3.py
[2025-06-28T04:47:50.411+0000] {processor.py:840} INFO - DAG(s) 'example_branch_dop_operator_v3' retrieved from /home/airflow/.local/lib/python3.8/site-packages/airflow/example_dags/example_branch_python_dop_operator_3.py
[2025-06-28T04:47:50.426+0000] {logging_mixin.py:188} INFO - [2025-06-28T04:47:50.426+0000] {dag.py:3036} INFO - Sync 1 DAGs
[2025-06-28T04:47:50.443+0000] {logging_mixin.py:188} INFO - [2025-06-28T04:47:50.443+0000] {dag.py:3823} INFO - Setting next_dagrun for example_branch_dop_operator_v3 to 2025-06-28 04:46:00+00:00, run_after=2025-06-28 04:47:00+00:00
[2025-06-28T04:47:50.457+0000] {processor.py:183} INFO - Processing /home/airflow/.local/lib/python3.8/site-packages/airflow/example_dags/example_branch_python_dop_operator_3.py took 0.055 seconds
[2025-06-28T04:48:21.631+0000] {processor.py:161} INFO - Started process (PID=8073) to work on /home/airflow/.local/lib/python3.8/site-packages/airflow/example_dags/example_branch_python_dop_operator_3.py
[2025-06-28T04:48:21.631+0000] {processor.py:830} INFO - Processing file /home/airflow/.local/lib/python3.8/site-packages/airflow/example_dags/example_branch_python_dop_operator_3.py for tasks to queue
[2025-06-28T04:48:21.632+0000] {logging_mixin.py:188} INFO - [2025-06-28T04:48:21.632+0000] {dagbag.py:538} INFO - Filling up the DagBag from /home/airflow/.local/lib/python3.8/site-packages/airflow/example_dags/example_branch_python_dop_operator_3.py
[2025-06-28T04:48:21.637+0000] {processor.py:840} INFO - DAG(s) 'example_branch_dop_operator_v3' retrieved from /home/airflow/.local/lib/python3.8/site-packages/airflow/example_dags/example_branch_python_dop_operator_3.py
[2025-06-28T04:48:21.653+0000] {logging_mixin.py:188} INFO - [2025-06-28T04:48:21.652+0000] {dag.py:3036} INFO - Sync 1 DAGs
[2025-06-28T04:48:21.669+0000] {logging_mixin.py:188} INFO - [2025-06-28T04:48:21.669+0000] {dag.py:3823} INFO - Setting next_dagrun for example_branch_dop_operator_v3 to 2025-06-28 04:47:00+00:00, run_after=2025-06-28 04:48:00+00:00
[2025-06-28T04:48:21.682+0000] {processor.py:183} INFO - Processing /home/airflow/.local/lib/python3.8/site-packages/airflow/example_dags/example_branch_python_dop_operator_3.py took 0.053 seconds
