[2025-06-28T04:32:38.945+0000] {processor.py:161} INFO - Started process (PID=273) to work on /home/airflow/.local/lib/python3.8/site-packages/airflow/example_dags/example_xcomargs.py
[2025-06-28T04:32:38.946+0000] {processor.py:830} INFO - Processing file /home/airflow/.local/lib/python3.8/site-packages/airflow/example_dags/example_xcomargs.py for tasks to queue
[2025-06-28T04:32:38.948+0000] {logging_mixin.py:188} INFO - [2025-06-28T04:32:38.947+0000] {dagbag.py:538} INFO - Filling up the DagBag from /home/airflow/.local/lib/python3.8/site-packages/airflow/example_dags/example_xcomargs.py
[2025-06-28T04:32:38.956+0000] {processor.py:840} INFO - DAG(s) 'example_xcom_args', 'example_xcom_args_with_operators' retrieved from /home/airflow/.local/lib/python3.8/site-packages/airflow/example_dags/example_xcomargs.py
[2025-06-28T04:32:38.970+0000] {logging_mixin.py:188} INFO - [2025-06-28T04:32:38.970+0000] {dag.py:3036} INFO - Sync 2 DAGs
[2025-06-28T04:32:38.988+0000] {logging_mixin.py:188} INFO - [2025-06-28T04:32:38.988+0000] {dag.py:3823} INFO - Setting next_dagrun for example_xcom_args to None, run_after=None
[2025-06-28T04:32:38.993+0000] {logging_mixin.py:188} INFO - [2025-06-28T04:32:38.993+0000] {dag.py:3823} INFO - Setting next_dagrun for example_xcom_args_with_operators to None, run_after=None
[2025-06-28T04:32:39.013+0000] {processor.py:183} INFO - Processing /home/airflow/.local/lib/python3.8/site-packages/airflow/example_dags/example_xcomargs.py took 0.070 seconds
[2025-06-28T04:33:10.065+0000] {processor.py:161} INFO - Started process (PID=523) to work on /home/airflow/.local/lib/python3.8/site-packages/airflow/example_dags/example_xcomargs.py
[2025-06-28T04:33:10.066+0000] {processor.py:830} INFO - Processing file /home/airflow/.local/lib/python3.8/site-packages/airflow/example_dags/example_xcomargs.py for tasks to queue
[2025-06-28T04:33:10.067+0000] {logging_mixin.py:188} INFO - [2025-06-28T04:33:10.067+0000] {dagbag.py:538} INFO - Filling up the DagBag from /home/airflow/.local/lib/python3.8/site-packages/airflow/example_dags/example_xcomargs.py
[2025-06-28T04:33:10.074+0000] {processor.py:840} INFO - DAG(s) 'example_xcom_args_with_operators', 'example_xcom_args' retrieved from /home/airflow/.local/lib/python3.8/site-packages/airflow/example_dags/example_xcomargs.py
[2025-06-28T04:33:10.149+0000] {logging_mixin.py:188} INFO - [2025-06-28T04:33:10.149+0000] {dag.py:3036} INFO - Sync 2 DAGs
[2025-06-28T04:33:10.159+0000] {logging_mixin.py:188} INFO - [2025-06-28T04:33:10.159+0000] {dag.py:3823} INFO - Setting next_dagrun for example_xcom_args to None, run_after=None
[2025-06-28T04:33:10.161+0000] {logging_mixin.py:188} INFO - [2025-06-28T04:33:10.161+0000] {dag.py:3823} INFO - Setting next_dagrun for example_xcom_args_with_operators to None, run_after=None
[2025-06-28T04:33:10.180+0000] {processor.py:183} INFO - Processing /home/airflow/.local/lib/python3.8/site-packages/airflow/example_dags/example_xcomargs.py took 0.117 seconds
[2025-06-28T04:33:40.421+0000] {processor.py:161} INFO - Started process (PID=773) to work on /home/airflow/.local/lib/python3.8/site-packages/airflow/example_dags/example_xcomargs.py
[2025-06-28T04:33:40.421+0000] {processor.py:830} INFO - Processing file /home/airflow/.local/lib/python3.8/site-packages/airflow/example_dags/example_xcomargs.py for tasks to queue
[2025-06-28T04:33:40.423+0000] {logging_mixin.py:188} INFO - [2025-06-28T04:33:40.422+0000] {dagbag.py:538} INFO - Filling up the DagBag from /home/airflow/.local/lib/python3.8/site-packages/airflow/example_dags/example_xcomargs.py
[2025-06-28T04:33:40.430+0000] {processor.py:840} INFO - DAG(s) 'example_xcom_args_with_operators', 'example_xcom_args' retrieved from /home/airflow/.local/lib/python3.8/site-packages/airflow/example_dags/example_xcomargs.py
[2025-06-28T04:33:40.447+0000] {logging_mixin.py:188} INFO - [2025-06-28T04:33:40.446+0000] {dag.py:3036} INFO - Sync 2 DAGs
[2025-06-28T04:33:40.453+0000] {logging_mixin.py:188} INFO - [2025-06-28T04:33:40.453+0000] {dag.py:3823} INFO - Setting next_dagrun for example_xcom_args to None, run_after=None
[2025-06-28T04:33:40.456+0000] {logging_mixin.py:188} INFO - [2025-06-28T04:33:40.456+0000] {dag.py:3823} INFO - Setting next_dagrun for example_xcom_args_with_operators to None, run_after=None
[2025-06-28T04:33:40.467+0000] {processor.py:183} INFO - Processing /home/airflow/.local/lib/python3.8/site-packages/airflow/example_dags/example_xcomargs.py took 0.049 seconds
[2025-06-28T04:34:10.924+0000] {processor.py:161} INFO - Started process (PID=1023) to work on /home/airflow/.local/lib/python3.8/site-packages/airflow/example_dags/example_xcomargs.py
[2025-06-28T04:34:10.925+0000] {processor.py:830} INFO - Processing file /home/airflow/.local/lib/python3.8/site-packages/airflow/example_dags/example_xcomargs.py for tasks to queue
[2025-06-28T04:34:10.926+0000] {logging_mixin.py:188} INFO - [2025-06-28T04:34:10.926+0000] {dagbag.py:538} INFO - Filling up the DagBag from /home/airflow/.local/lib/python3.8/site-packages/airflow/example_dags/example_xcomargs.py
[2025-06-28T04:34:10.934+0000] {processor.py:840} INFO - DAG(s) 'example_xcom_args', 'example_xcom_args_with_operators' retrieved from /home/airflow/.local/lib/python3.8/site-packages/airflow/example_dags/example_xcomargs.py
[2025-06-28T04:34:10.955+0000] {logging_mixin.py:188} INFO - [2025-06-28T04:34:10.954+0000] {dag.py:3036} INFO - Sync 2 DAGs
[2025-06-28T04:34:10.963+0000] {logging_mixin.py:188} INFO - [2025-06-28T04:34:10.963+0000] {dag.py:3823} INFO - Setting next_dagrun for example_xcom_args to None, run_after=None
[2025-06-28T04:34:10.969+0000] {logging_mixin.py:188} INFO - [2025-06-28T04:34:10.969+0000] {dag.py:3823} INFO - Setting next_dagrun for example_xcom_args_with_operators to None, run_after=None
[2025-06-28T04:34:10.980+0000] {processor.py:183} INFO - Processing /home/airflow/.local/lib/python3.8/site-packages/airflow/example_dags/example_xcomargs.py took 0.058 seconds
[2025-06-28T04:34:41.259+0000] {processor.py:161} INFO - Started process (PID=1275) to work on /home/airflow/.local/lib/python3.8/site-packages/airflow/example_dags/example_xcomargs.py
[2025-06-28T04:34:41.261+0000] {processor.py:830} INFO - Processing file /home/airflow/.local/lib/python3.8/site-packages/airflow/example_dags/example_xcomargs.py for tasks to queue
[2025-06-28T04:34:41.262+0000] {logging_mixin.py:188} INFO - [2025-06-28T04:34:41.262+0000] {dagbag.py:538} INFO - Filling up the DagBag from /home/airflow/.local/lib/python3.8/site-packages/airflow/example_dags/example_xcomargs.py
[2025-06-28T04:34:41.271+0000] {processor.py:840} INFO - DAG(s) 'example_xcom_args', 'example_xcom_args_with_operators' retrieved from /home/airflow/.local/lib/python3.8/site-packages/airflow/example_dags/example_xcomargs.py
[2025-06-28T04:34:41.297+0000] {logging_mixin.py:188} INFO - [2025-06-28T04:34:41.296+0000] {dag.py:3036} INFO - Sync 2 DAGs
[2025-06-28T04:34:41.306+0000] {logging_mixin.py:188} INFO - [2025-06-28T04:34:41.305+0000] {dag.py:3823} INFO - Setting next_dagrun for example_xcom_args to None, run_after=None
[2025-06-28T04:34:41.308+0000] {logging_mixin.py:188} INFO - [2025-06-28T04:34:41.308+0000] {dag.py:3823} INFO - Setting next_dagrun for example_xcom_args_with_operators to None, run_after=None
[2025-06-28T04:34:41.323+0000] {processor.py:183} INFO - Processing /home/airflow/.local/lib/python3.8/site-packages/airflow/example_dags/example_xcomargs.py took 0.066 seconds
[2025-06-28T04:35:11.657+0000] {processor.py:161} INFO - Started process (PID=1523) to work on /home/airflow/.local/lib/python3.8/site-packages/airflow/example_dags/example_xcomargs.py
[2025-06-28T04:35:11.657+0000] {processor.py:830} INFO - Processing file /home/airflow/.local/lib/python3.8/site-packages/airflow/example_dags/example_xcomargs.py for tasks to queue
[2025-06-28T04:35:11.658+0000] {logging_mixin.py:188} INFO - [2025-06-28T04:35:11.658+0000] {dagbag.py:538} INFO - Filling up the DagBag from /home/airflow/.local/lib/python3.8/site-packages/airflow/example_dags/example_xcomargs.py
[2025-06-28T04:35:11.663+0000] {processor.py:840} INFO - DAG(s) 'example_xcom_args', 'example_xcom_args_with_operators' retrieved from /home/airflow/.local/lib/python3.8/site-packages/airflow/example_dags/example_xcomargs.py
[2025-06-28T04:35:11.679+0000] {logging_mixin.py:188} INFO - [2025-06-28T04:35:11.679+0000] {dag.py:3036} INFO - Sync 2 DAGs
[2025-06-28T04:35:11.688+0000] {logging_mixin.py:188} INFO - [2025-06-28T04:35:11.687+0000] {dag.py:3823} INFO - Setting next_dagrun for example_xcom_args to None, run_after=None
[2025-06-28T04:35:11.690+0000] {logging_mixin.py:188} INFO - [2025-06-28T04:35:11.690+0000] {dag.py:3823} INFO - Setting next_dagrun for example_xcom_args_with_operators to None, run_after=None
[2025-06-28T04:35:11.699+0000] {processor.py:183} INFO - Processing /home/airflow/.local/lib/python3.8/site-packages/airflow/example_dags/example_xcomargs.py took 0.044 seconds
[2025-06-28T04:35:42.255+0000] {processor.py:161} INFO - Started process (PID=1775) to work on /home/airflow/.local/lib/python3.8/site-packages/airflow/example_dags/example_xcomargs.py
[2025-06-28T04:35:42.256+0000] {processor.py:830} INFO - Processing file /home/airflow/.local/lib/python3.8/site-packages/airflow/example_dags/example_xcomargs.py for tasks to queue
[2025-06-28T04:35:42.257+0000] {logging_mixin.py:188} INFO - [2025-06-28T04:35:42.257+0000] {dagbag.py:538} INFO - Filling up the DagBag from /home/airflow/.local/lib/python3.8/site-packages/airflow/example_dags/example_xcomargs.py
[2025-06-28T04:35:42.262+0000] {processor.py:840} INFO - DAG(s) 'example_xcom_args', 'example_xcom_args_with_operators' retrieved from /home/airflow/.local/lib/python3.8/site-packages/airflow/example_dags/example_xcomargs.py
[2025-06-28T04:35:42.284+0000] {logging_mixin.py:188} INFO - [2025-06-28T04:35:42.284+0000] {dag.py:3036} INFO - Sync 2 DAGs
[2025-06-28T04:35:42.292+0000] {logging_mixin.py:188} INFO - [2025-06-28T04:35:42.292+0000] {dag.py:3823} INFO - Setting next_dagrun for example_xcom_args to None, run_after=None
[2025-06-28T04:35:42.295+0000] {logging_mixin.py:188} INFO - [2025-06-28T04:35:42.294+0000] {dag.py:3823} INFO - Setting next_dagrun for example_xcom_args_with_operators to None, run_after=None
[2025-06-28T04:35:42.311+0000] {processor.py:183} INFO - Processing /home/airflow/.local/lib/python3.8/site-packages/airflow/example_dags/example_xcomargs.py took 0.060 seconds
[2025-06-28T04:36:12.771+0000] {processor.py:161} INFO - Started process (PID=2025) to work on /home/airflow/.local/lib/python3.8/site-packages/airflow/example_dags/example_xcomargs.py
[2025-06-28T04:36:12.771+0000] {processor.py:830} INFO - Processing file /home/airflow/.local/lib/python3.8/site-packages/airflow/example_dags/example_xcomargs.py for tasks to queue
[2025-06-28T04:36:12.772+0000] {logging_mixin.py:188} INFO - [2025-06-28T04:36:12.772+0000] {dagbag.py:538} INFO - Filling up the DagBag from /home/airflow/.local/lib/python3.8/site-packages/airflow/example_dags/example_xcomargs.py
[2025-06-28T04:36:12.778+0000] {processor.py:840} INFO - DAG(s) 'example_xcom_args', 'example_xcom_args_with_operators' retrieved from /home/airflow/.local/lib/python3.8/site-packages/airflow/example_dags/example_xcomargs.py
[2025-06-28T04:36:12.796+0000] {logging_mixin.py:188} INFO - [2025-06-28T04:36:12.796+0000] {dag.py:3036} INFO - Sync 2 DAGs
[2025-06-28T04:36:12.804+0000] {logging_mixin.py:188} INFO - [2025-06-28T04:36:12.804+0000] {dag.py:3823} INFO - Setting next_dagrun for example_xcom_args to None, run_after=None
[2025-06-28T04:36:12.806+0000] {logging_mixin.py:188} INFO - [2025-06-28T04:36:12.806+0000] {dag.py:3823} INFO - Setting next_dagrun for example_xcom_args_with_operators to None, run_after=None
[2025-06-28T04:36:12.816+0000] {processor.py:183} INFO - Processing /home/airflow/.local/lib/python3.8/site-packages/airflow/example_dags/example_xcomargs.py took 0.047 seconds
[2025-06-28T04:36:43.023+0000] {processor.py:161} INFO - Started process (PID=2275) to work on /home/airflow/.local/lib/python3.8/site-packages/airflow/example_dags/example_xcomargs.py
[2025-06-28T04:36:43.024+0000] {processor.py:830} INFO - Processing file /home/airflow/.local/lib/python3.8/site-packages/airflow/example_dags/example_xcomargs.py for tasks to queue
[2025-06-28T04:36:43.025+0000] {logging_mixin.py:188} INFO - [2025-06-28T04:36:43.025+0000] {dagbag.py:538} INFO - Filling up the DagBag from /home/airflow/.local/lib/python3.8/site-packages/airflow/example_dags/example_xcomargs.py
[2025-06-28T04:36:43.031+0000] {processor.py:840} INFO - DAG(s) 'example_xcom_args_with_operators', 'example_xcom_args' retrieved from /home/airflow/.local/lib/python3.8/site-packages/airflow/example_dags/example_xcomargs.py
[2025-06-28T04:36:43.047+0000] {logging_mixin.py:188} INFO - [2025-06-28T04:36:43.047+0000] {dag.py:3036} INFO - Sync 2 DAGs
[2025-06-28T04:36:43.053+0000] {logging_mixin.py:188} INFO - [2025-06-28T04:36:43.053+0000] {dag.py:3823} INFO - Setting next_dagrun for example_xcom_args to None, run_after=None
[2025-06-28T04:36:43.055+0000] {logging_mixin.py:188} INFO - [2025-06-28T04:36:43.055+0000] {dag.py:3823} INFO - Setting next_dagrun for example_xcom_args_with_operators to None, run_after=None
[2025-06-28T04:36:43.064+0000] {processor.py:183} INFO - Processing /home/airflow/.local/lib/python3.8/site-packages/airflow/example_dags/example_xcomargs.py took 0.042 seconds
[2025-06-28T04:37:13.096+0000] {processor.py:161} INFO - Started process (PID=2523) to work on /home/airflow/.local/lib/python3.8/site-packages/airflow/example_dags/example_xcomargs.py
[2025-06-28T04:37:13.097+0000] {processor.py:830} INFO - Processing file /home/airflow/.local/lib/python3.8/site-packages/airflow/example_dags/example_xcomargs.py for tasks to queue
[2025-06-28T04:37:13.098+0000] {logging_mixin.py:188} INFO - [2025-06-28T04:37:13.098+0000] {dagbag.py:538} INFO - Filling up the DagBag from /home/airflow/.local/lib/python3.8/site-packages/airflow/example_dags/example_xcomargs.py
[2025-06-28T04:37:13.102+0000] {processor.py:840} INFO - DAG(s) 'example_xcom_args_with_operators', 'example_xcom_args' retrieved from /home/airflow/.local/lib/python3.8/site-packages/airflow/example_dags/example_xcomargs.py
[2025-06-28T04:37:13.118+0000] {logging_mixin.py:188} INFO - [2025-06-28T04:37:13.118+0000] {dag.py:3036} INFO - Sync 2 DAGs
[2025-06-28T04:37:13.125+0000] {logging_mixin.py:188} INFO - [2025-06-28T04:37:13.125+0000] {dag.py:3823} INFO - Setting next_dagrun for example_xcom_args to None, run_after=None
[2025-06-28T04:37:13.127+0000] {logging_mixin.py:188} INFO - [2025-06-28T04:37:13.127+0000] {dag.py:3823} INFO - Setting next_dagrun for example_xcom_args_with_operators to None, run_after=None
[2025-06-28T04:37:13.138+0000] {processor.py:183} INFO - Processing /home/airflow/.local/lib/python3.8/site-packages/airflow/example_dags/example_xcomargs.py took 0.043 seconds
[2025-06-28T04:37:43.363+0000] {processor.py:161} INFO - Started process (PID=2774) to work on /home/airflow/.local/lib/python3.8/site-packages/airflow/example_dags/example_xcomargs.py
[2025-06-28T04:37:43.363+0000] {processor.py:830} INFO - Processing file /home/airflow/.local/lib/python3.8/site-packages/airflow/example_dags/example_xcomargs.py for tasks to queue
[2025-06-28T04:37:43.365+0000] {logging_mixin.py:188} INFO - [2025-06-28T04:37:43.364+0000] {dagbag.py:538} INFO - Filling up the DagBag from /home/airflow/.local/lib/python3.8/site-packages/airflow/example_dags/example_xcomargs.py
[2025-06-28T04:37:43.372+0000] {processor.py:840} INFO - DAG(s) 'example_xcom_args', 'example_xcom_args_with_operators' retrieved from /home/airflow/.local/lib/python3.8/site-packages/airflow/example_dags/example_xcomargs.py
[2025-06-28T04:37:43.387+0000] {logging_mixin.py:188} INFO - [2025-06-28T04:37:43.387+0000] {dag.py:3036} INFO - Sync 2 DAGs
[2025-06-28T04:37:43.398+0000] {logging_mixin.py:188} INFO - [2025-06-28T04:37:43.398+0000] {dag.py:3823} INFO - Setting next_dagrun for example_xcom_args to None, run_after=None
[2025-06-28T04:37:43.401+0000] {logging_mixin.py:188} INFO - [2025-06-28T04:37:43.400+0000] {dag.py:3823} INFO - Setting next_dagrun for example_xcom_args_with_operators to None, run_after=None
[2025-06-28T04:37:43.415+0000] {processor.py:183} INFO - Processing /home/airflow/.local/lib/python3.8/site-packages/airflow/example_dags/example_xcomargs.py took 0.055 seconds
[2025-06-28T04:38:13.644+0000] {processor.py:161} INFO - Started process (PID=3025) to work on /home/airflow/.local/lib/python3.8/site-packages/airflow/example_dags/example_xcomargs.py
[2025-06-28T04:38:13.644+0000] {processor.py:830} INFO - Processing file /home/airflow/.local/lib/python3.8/site-packages/airflow/example_dags/example_xcomargs.py for tasks to queue
[2025-06-28T04:38:13.646+0000] {logging_mixin.py:188} INFO - [2025-06-28T04:38:13.646+0000] {dagbag.py:538} INFO - Filling up the DagBag from /home/airflow/.local/lib/python3.8/site-packages/airflow/example_dags/example_xcomargs.py
[2025-06-28T04:38:13.655+0000] {processor.py:840} INFO - DAG(s) 'example_xcom_args', 'example_xcom_args_with_operators' retrieved from /home/airflow/.local/lib/python3.8/site-packages/airflow/example_dags/example_xcomargs.py
[2025-06-28T04:38:13.676+0000] {logging_mixin.py:188} INFO - [2025-06-28T04:38:13.676+0000] {dag.py:3036} INFO - Sync 2 DAGs
[2025-06-28T04:38:13.688+0000] {logging_mixin.py:188} INFO - [2025-06-28T04:38:13.688+0000] {dag.py:3823} INFO - Setting next_dagrun for example_xcom_args to None, run_after=None
[2025-06-28T04:38:13.690+0000] {logging_mixin.py:188} INFO - [2025-06-28T04:38:13.690+0000] {dag.py:3823} INFO - Setting next_dagrun for example_xcom_args_with_operators to None, run_after=None
[2025-06-28T04:38:13.703+0000] {processor.py:183} INFO - Processing /home/airflow/.local/lib/python3.8/site-packages/airflow/example_dags/example_xcomargs.py took 0.062 seconds
[2025-06-28T04:38:43.881+0000] {processor.py:161} INFO - Started process (PID=3275) to work on /home/airflow/.local/lib/python3.8/site-packages/airflow/example_dags/example_xcomargs.py
[2025-06-28T04:38:43.882+0000] {processor.py:830} INFO - Processing file /home/airflow/.local/lib/python3.8/site-packages/airflow/example_dags/example_xcomargs.py for tasks to queue
[2025-06-28T04:38:43.884+0000] {logging_mixin.py:188} INFO - [2025-06-28T04:38:43.884+0000] {dagbag.py:538} INFO - Filling up the DagBag from /home/airflow/.local/lib/python3.8/site-packages/airflow/example_dags/example_xcomargs.py
[2025-06-28T04:38:43.890+0000] {processor.py:840} INFO - DAG(s) 'example_xcom_args_with_operators', 'example_xcom_args' retrieved from /home/airflow/.local/lib/python3.8/site-packages/airflow/example_dags/example_xcomargs.py
[2025-06-28T04:38:43.914+0000] {logging_mixin.py:188} INFO - [2025-06-28T04:38:43.914+0000] {dag.py:3036} INFO - Sync 2 DAGs
[2025-06-28T04:38:43.926+0000] {logging_mixin.py:188} INFO - [2025-06-28T04:38:43.925+0000] {dag.py:3823} INFO - Setting next_dagrun for example_xcom_args to None, run_after=None
[2025-06-28T04:38:43.930+0000] {logging_mixin.py:188} INFO - [2025-06-28T04:38:43.930+0000] {dag.py:3823} INFO - Setting next_dagrun for example_xcom_args_with_operators to None, run_after=None
[2025-06-28T04:38:43.953+0000] {processor.py:183} INFO - Processing /home/airflow/.local/lib/python3.8/site-packages/airflow/example_dags/example_xcomargs.py took 0.076 seconds
[2025-06-28T04:39:14.209+0000] {processor.py:161} INFO - Started process (PID=3523) to work on /home/airflow/.local/lib/python3.8/site-packages/airflow/example_dags/example_xcomargs.py
[2025-06-28T04:39:14.210+0000] {processor.py:830} INFO - Processing file /home/airflow/.local/lib/python3.8/site-packages/airflow/example_dags/example_xcomargs.py for tasks to queue
[2025-06-28T04:39:14.211+0000] {logging_mixin.py:188} INFO - [2025-06-28T04:39:14.211+0000] {dagbag.py:538} INFO - Filling up the DagBag from /home/airflow/.local/lib/python3.8/site-packages/airflow/example_dags/example_xcomargs.py
[2025-06-28T04:39:14.215+0000] {processor.py:840} INFO - DAG(s) 'example_xcom_args', 'example_xcom_args_with_operators' retrieved from /home/airflow/.local/lib/python3.8/site-packages/airflow/example_dags/example_xcomargs.py
[2025-06-28T04:39:14.240+0000] {logging_mixin.py:188} INFO - [2025-06-28T04:39:14.239+0000] {dag.py:3036} INFO - Sync 2 DAGs
[2025-06-28T04:39:14.248+0000] {logging_mixin.py:188} INFO - [2025-06-28T04:39:14.248+0000] {dag.py:3823} INFO - Setting next_dagrun for example_xcom_args to None, run_after=None
[2025-06-28T04:39:14.250+0000] {logging_mixin.py:188} INFO - [2025-06-28T04:39:14.250+0000] {dag.py:3823} INFO - Setting next_dagrun for example_xcom_args_with_operators to None, run_after=None
[2025-06-28T04:39:14.261+0000] {processor.py:183} INFO - Processing /home/airflow/.local/lib/python3.8/site-packages/airflow/example_dags/example_xcomargs.py took 0.054 seconds
[2025-06-28T04:39:44.420+0000] {processor.py:161} INFO - Started process (PID=3773) to work on /home/airflow/.local/lib/python3.8/site-packages/airflow/example_dags/example_xcomargs.py
[2025-06-28T04:39:44.421+0000] {processor.py:830} INFO - Processing file /home/airflow/.local/lib/python3.8/site-packages/airflow/example_dags/example_xcomargs.py for tasks to queue
[2025-06-28T04:39:44.422+0000] {logging_mixin.py:188} INFO - [2025-06-28T04:39:44.422+0000] {dagbag.py:538} INFO - Filling up the DagBag from /home/airflow/.local/lib/python3.8/site-packages/airflow/example_dags/example_xcomargs.py
[2025-06-28T04:39:44.428+0000] {processor.py:840} INFO - DAG(s) 'example_xcom_args_with_operators', 'example_xcom_args' retrieved from /home/airflow/.local/lib/python3.8/site-packages/airflow/example_dags/example_xcomargs.py
[2025-06-28T04:39:44.445+0000] {logging_mixin.py:188} INFO - [2025-06-28T04:39:44.444+0000] {dag.py:3036} INFO - Sync 2 DAGs
[2025-06-28T04:39:44.452+0000] {logging_mixin.py:188} INFO - [2025-06-28T04:39:44.452+0000] {dag.py:3823} INFO - Setting next_dagrun for example_xcom_args to None, run_after=None
[2025-06-28T04:39:44.457+0000] {logging_mixin.py:188} INFO - [2025-06-28T04:39:44.456+0000] {dag.py:3823} INFO - Setting next_dagrun for example_xcom_args_with_operators to None, run_after=None
[2025-06-28T04:39:44.468+0000] {processor.py:183} INFO - Processing /home/airflow/.local/lib/python3.8/site-packages/airflow/example_dags/example_xcomargs.py took 0.050 seconds
[2025-06-28T04:40:14.618+0000] {processor.py:161} INFO - Started process (PID=4023) to work on /home/airflow/.local/lib/python3.8/site-packages/airflow/example_dags/example_xcomargs.py
[2025-06-28T04:40:14.618+0000] {processor.py:830} INFO - Processing file /home/airflow/.local/lib/python3.8/site-packages/airflow/example_dags/example_xcomargs.py for tasks to queue
[2025-06-28T04:40:14.619+0000] {logging_mixin.py:188} INFO - [2025-06-28T04:40:14.619+0000] {dagbag.py:538} INFO - Filling up the DagBag from /home/airflow/.local/lib/python3.8/site-packages/airflow/example_dags/example_xcomargs.py
[2025-06-28T04:40:14.624+0000] {processor.py:840} INFO - DAG(s) 'example_xcom_args', 'example_xcom_args_with_operators' retrieved from /home/airflow/.local/lib/python3.8/site-packages/airflow/example_dags/example_xcomargs.py
[2025-06-28T04:40:14.641+0000] {logging_mixin.py:188} INFO - [2025-06-28T04:40:14.640+0000] {dag.py:3036} INFO - Sync 2 DAGs
[2025-06-28T04:40:14.647+0000] {logging_mixin.py:188} INFO - [2025-06-28T04:40:14.647+0000] {dag.py:3823} INFO - Setting next_dagrun for example_xcom_args to None, run_after=None
[2025-06-28T04:40:14.649+0000] {logging_mixin.py:188} INFO - [2025-06-28T04:40:14.649+0000] {dag.py:3823} INFO - Setting next_dagrun for example_xcom_args_with_operators to None, run_after=None
[2025-06-28T04:40:14.659+0000] {processor.py:183} INFO - Processing /home/airflow/.local/lib/python3.8/site-packages/airflow/example_dags/example_xcomargs.py took 0.043 seconds
[2025-06-28T04:40:45.022+0000] {processor.py:161} INFO - Started process (PID=4275) to work on /home/airflow/.local/lib/python3.8/site-packages/airflow/example_dags/example_xcomargs.py
[2025-06-28T04:40:45.023+0000] {processor.py:830} INFO - Processing file /home/airflow/.local/lib/python3.8/site-packages/airflow/example_dags/example_xcomargs.py for tasks to queue
[2025-06-28T04:40:45.024+0000] {logging_mixin.py:188} INFO - [2025-06-28T04:40:45.023+0000] {dagbag.py:538} INFO - Filling up the DagBag from /home/airflow/.local/lib/python3.8/site-packages/airflow/example_dags/example_xcomargs.py
[2025-06-28T04:40:45.028+0000] {processor.py:840} INFO - DAG(s) 'example_xcom_args_with_operators', 'example_xcom_args' retrieved from /home/airflow/.local/lib/python3.8/site-packages/airflow/example_dags/example_xcomargs.py
[2025-06-28T04:40:45.048+0000] {logging_mixin.py:188} INFO - [2025-06-28T04:40:45.047+0000] {dag.py:3036} INFO - Sync 2 DAGs
[2025-06-28T04:40:45.055+0000] {logging_mixin.py:188} INFO - [2025-06-28T04:40:45.055+0000] {dag.py:3823} INFO - Setting next_dagrun for example_xcom_args to None, run_after=None
[2025-06-28T04:40:45.058+0000] {logging_mixin.py:188} INFO - [2025-06-28T04:40:45.058+0000] {dag.py:3823} INFO - Setting next_dagrun for example_xcom_args_with_operators to None, run_after=None
[2025-06-28T04:40:45.070+0000] {processor.py:183} INFO - Processing /home/airflow/.local/lib/python3.8/site-packages/airflow/example_dags/example_xcomargs.py took 0.050 seconds
[2025-06-28T04:41:15.401+0000] {processor.py:161} INFO - Started process (PID=4523) to work on /home/airflow/.local/lib/python3.8/site-packages/airflow/example_dags/example_xcomargs.py
[2025-06-28T04:41:15.402+0000] {processor.py:830} INFO - Processing file /home/airflow/.local/lib/python3.8/site-packages/airflow/example_dags/example_xcomargs.py for tasks to queue
[2025-06-28T04:41:15.403+0000] {logging_mixin.py:188} INFO - [2025-06-28T04:41:15.403+0000] {dagbag.py:538} INFO - Filling up the DagBag from /home/airflow/.local/lib/python3.8/site-packages/airflow/example_dags/example_xcomargs.py
[2025-06-28T04:41:15.408+0000] {processor.py:840} INFO - DAG(s) 'example_xcom_args', 'example_xcom_args_with_operators' retrieved from /home/airflow/.local/lib/python3.8/site-packages/airflow/example_dags/example_xcomargs.py
[2025-06-28T04:41:15.423+0000] {logging_mixin.py:188} INFO - [2025-06-28T04:41:15.423+0000] {dag.py:3036} INFO - Sync 2 DAGs
[2025-06-28T04:41:15.431+0000] {logging_mixin.py:188} INFO - [2025-06-28T04:41:15.431+0000] {dag.py:3823} INFO - Setting next_dagrun for example_xcom_args to None, run_after=None
[2025-06-28T04:41:15.434+0000] {logging_mixin.py:188} INFO - [2025-06-28T04:41:15.434+0000] {dag.py:3823} INFO - Setting next_dagrun for example_xcom_args_with_operators to None, run_after=None
[2025-06-28T04:41:15.444+0000] {processor.py:183} INFO - Processing /home/airflow/.local/lib/python3.8/site-packages/airflow/example_dags/example_xcomargs.py took 0.045 seconds
[2025-06-28T04:41:45.765+0000] {processor.py:161} INFO - Started process (PID=4775) to work on /home/airflow/.local/lib/python3.8/site-packages/airflow/example_dags/example_xcomargs.py
[2025-06-28T04:41:45.766+0000] {processor.py:830} INFO - Processing file /home/airflow/.local/lib/python3.8/site-packages/airflow/example_dags/example_xcomargs.py for tasks to queue
[2025-06-28T04:41:45.767+0000] {logging_mixin.py:188} INFO - [2025-06-28T04:41:45.767+0000] {dagbag.py:538} INFO - Filling up the DagBag from /home/airflow/.local/lib/python3.8/site-packages/airflow/example_dags/example_xcomargs.py
[2025-06-28T04:41:45.773+0000] {processor.py:840} INFO - DAG(s) 'example_xcom_args', 'example_xcom_args_with_operators' retrieved from /home/airflow/.local/lib/python3.8/site-packages/airflow/example_dags/example_xcomargs.py
[2025-06-28T04:41:45.796+0000] {logging_mixin.py:188} INFO - [2025-06-28T04:41:45.796+0000] {dag.py:3036} INFO - Sync 2 DAGs
[2025-06-28T04:41:45.808+0000] {logging_mixin.py:188} INFO - [2025-06-28T04:41:45.808+0000] {dag.py:3823} INFO - Setting next_dagrun for example_xcom_args to None, run_after=None
[2025-06-28T04:41:45.813+0000] {logging_mixin.py:188} INFO - [2025-06-28T04:41:45.812+0000] {dag.py:3823} INFO - Setting next_dagrun for example_xcom_args_with_operators to None, run_after=None
[2025-06-28T04:41:45.827+0000] {processor.py:183} INFO - Processing /home/airflow/.local/lib/python3.8/site-packages/airflow/example_dags/example_xcomargs.py took 0.064 seconds
[2025-06-28T04:42:16.208+0000] {processor.py:161} INFO - Started process (PID=5023) to work on /home/airflow/.local/lib/python3.8/site-packages/airflow/example_dags/example_xcomargs.py
[2025-06-28T04:42:16.209+0000] {processor.py:830} INFO - Processing file /home/airflow/.local/lib/python3.8/site-packages/airflow/example_dags/example_xcomargs.py for tasks to queue
[2025-06-28T04:42:16.210+0000] {logging_mixin.py:188} INFO - [2025-06-28T04:42:16.210+0000] {dagbag.py:538} INFO - Filling up the DagBag from /home/airflow/.local/lib/python3.8/site-packages/airflow/example_dags/example_xcomargs.py
[2025-06-28T04:42:16.214+0000] {processor.py:840} INFO - DAG(s) 'example_xcom_args_with_operators', 'example_xcom_args' retrieved from /home/airflow/.local/lib/python3.8/site-packages/airflow/example_dags/example_xcomargs.py
[2025-06-28T04:42:16.229+0000] {logging_mixin.py:188} INFO - [2025-06-28T04:42:16.229+0000] {dag.py:3036} INFO - Sync 2 DAGs
[2025-06-28T04:42:16.238+0000] {logging_mixin.py:188} INFO - [2025-06-28T04:42:16.238+0000] {dag.py:3823} INFO - Setting next_dagrun for example_xcom_args to None, run_after=None
[2025-06-28T04:42:16.240+0000] {logging_mixin.py:188} INFO - [2025-06-28T04:42:16.240+0000] {dag.py:3823} INFO - Setting next_dagrun for example_xcom_args_with_operators to None, run_after=None
[2025-06-28T04:42:16.254+0000] {processor.py:183} INFO - Processing /home/airflow/.local/lib/python3.8/site-packages/airflow/example_dags/example_xcomargs.py took 0.048 seconds
[2025-06-28T04:42:46.401+0000] {processor.py:161} INFO - Started process (PID=5273) to work on /home/airflow/.local/lib/python3.8/site-packages/airflow/example_dags/example_xcomargs.py
[2025-06-28T04:42:46.401+0000] {processor.py:830} INFO - Processing file /home/airflow/.local/lib/python3.8/site-packages/airflow/example_dags/example_xcomargs.py for tasks to queue
[2025-06-28T04:42:46.402+0000] {logging_mixin.py:188} INFO - [2025-06-28T04:42:46.402+0000] {dagbag.py:538} INFO - Filling up the DagBag from /home/airflow/.local/lib/python3.8/site-packages/airflow/example_dags/example_xcomargs.py
[2025-06-28T04:42:46.406+0000] {processor.py:840} INFO - DAG(s) 'example_xcom_args', 'example_xcom_args_with_operators' retrieved from /home/airflow/.local/lib/python3.8/site-packages/airflow/example_dags/example_xcomargs.py
[2025-06-28T04:42:46.421+0000] {logging_mixin.py:188} INFO - [2025-06-28T04:42:46.420+0000] {dag.py:3036} INFO - Sync 2 DAGs
[2025-06-28T04:42:46.429+0000] {logging_mixin.py:188} INFO - [2025-06-28T04:42:46.429+0000] {dag.py:3823} INFO - Setting next_dagrun for example_xcom_args to None, run_after=None
[2025-06-28T04:42:46.432+0000] {logging_mixin.py:188} INFO - [2025-06-28T04:42:46.432+0000] {dag.py:3823} INFO - Setting next_dagrun for example_xcom_args_with_operators to None, run_after=None
[2025-06-28T04:42:46.445+0000] {processor.py:183} INFO - Processing /home/airflow/.local/lib/python3.8/site-packages/airflow/example_dags/example_xcomargs.py took 0.046 seconds
[2025-06-28T04:43:16.760+0000] {processor.py:161} INFO - Started process (PID=5523) to work on /home/airflow/.local/lib/python3.8/site-packages/airflow/example_dags/example_xcomargs.py
[2025-06-28T04:43:16.760+0000] {processor.py:830} INFO - Processing file /home/airflow/.local/lib/python3.8/site-packages/airflow/example_dags/example_xcomargs.py for tasks to queue
[2025-06-28T04:43:16.761+0000] {logging_mixin.py:188} INFO - [2025-06-28T04:43:16.761+0000] {dagbag.py:538} INFO - Filling up the DagBag from /home/airflow/.local/lib/python3.8/site-packages/airflow/example_dags/example_xcomargs.py
[2025-06-28T04:43:16.766+0000] {processor.py:840} INFO - DAG(s) 'example_xcom_args', 'example_xcom_args_with_operators' retrieved from /home/airflow/.local/lib/python3.8/site-packages/airflow/example_dags/example_xcomargs.py
[2025-06-28T04:43:16.784+0000] {logging_mixin.py:188} INFO - [2025-06-28T04:43:16.784+0000] {dag.py:3036} INFO - Sync 2 DAGs
[2025-06-28T04:43:16.792+0000] {logging_mixin.py:188} INFO - [2025-06-28T04:43:16.792+0000] {dag.py:3823} INFO - Setting next_dagrun for example_xcom_args to None, run_after=None
[2025-06-28T04:43:16.795+0000] {logging_mixin.py:188} INFO - [2025-06-28T04:43:16.795+0000] {dag.py:3823} INFO - Setting next_dagrun for example_xcom_args_with_operators to None, run_after=None
[2025-06-28T04:43:16.807+0000] {processor.py:183} INFO - Processing /home/airflow/.local/lib/python3.8/site-packages/airflow/example_dags/example_xcomargs.py took 0.050 seconds
[2025-06-28T04:43:47.230+0000] {processor.py:161} INFO - Started process (PID=5773) to work on /home/airflow/.local/lib/python3.8/site-packages/airflow/example_dags/example_xcomargs.py
[2025-06-28T04:43:47.231+0000] {processor.py:830} INFO - Processing file /home/airflow/.local/lib/python3.8/site-packages/airflow/example_dags/example_xcomargs.py for tasks to queue
[2025-06-28T04:43:47.233+0000] {logging_mixin.py:188} INFO - [2025-06-28T04:43:47.232+0000] {dagbag.py:538} INFO - Filling up the DagBag from /home/airflow/.local/lib/python3.8/site-packages/airflow/example_dags/example_xcomargs.py
[2025-06-28T04:43:47.243+0000] {processor.py:840} INFO - DAG(s) 'example_xcom_args_with_operators', 'example_xcom_args' retrieved from /home/airflow/.local/lib/python3.8/site-packages/airflow/example_dags/example_xcomargs.py
[2025-06-28T04:43:47.266+0000] {logging_mixin.py:188} INFO - [2025-06-28T04:43:47.266+0000] {dag.py:3036} INFO - Sync 2 DAGs
[2025-06-28T04:43:47.273+0000] {logging_mixin.py:188} INFO - [2025-06-28T04:43:47.273+0000] {dag.py:3823} INFO - Setting next_dagrun for example_xcom_args to None, run_after=None
[2025-06-28T04:43:47.276+0000] {logging_mixin.py:188} INFO - [2025-06-28T04:43:47.276+0000] {dag.py:3823} INFO - Setting next_dagrun for example_xcom_args_with_operators to None, run_after=None
[2025-06-28T04:43:47.287+0000] {processor.py:183} INFO - Processing /home/airflow/.local/lib/python3.8/site-packages/airflow/example_dags/example_xcomargs.py took 0.059 seconds
[2025-06-28T04:44:17.590+0000] {processor.py:161} INFO - Started process (PID=6023) to work on /home/airflow/.local/lib/python3.8/site-packages/airflow/example_dags/example_xcomargs.py
[2025-06-28T04:44:17.591+0000] {processor.py:830} INFO - Processing file /home/airflow/.local/lib/python3.8/site-packages/airflow/example_dags/example_xcomargs.py for tasks to queue
[2025-06-28T04:44:17.592+0000] {logging_mixin.py:188} INFO - [2025-06-28T04:44:17.592+0000] {dagbag.py:538} INFO - Filling up the DagBag from /home/airflow/.local/lib/python3.8/site-packages/airflow/example_dags/example_xcomargs.py
[2025-06-28T04:44:17.597+0000] {processor.py:840} INFO - DAG(s) 'example_xcom_args', 'example_xcom_args_with_operators' retrieved from /home/airflow/.local/lib/python3.8/site-packages/airflow/example_dags/example_xcomargs.py
[2025-06-28T04:44:17.615+0000] {logging_mixin.py:188} INFO - [2025-06-28T04:44:17.615+0000] {dag.py:3036} INFO - Sync 2 DAGs
[2025-06-28T04:44:17.623+0000] {logging_mixin.py:188} INFO - [2025-06-28T04:44:17.622+0000] {dag.py:3823} INFO - Setting next_dagrun for example_xcom_args to None, run_after=None
[2025-06-28T04:44:17.626+0000] {logging_mixin.py:188} INFO - [2025-06-28T04:44:17.625+0000] {dag.py:3823} INFO - Setting next_dagrun for example_xcom_args_with_operators to None, run_after=None
[2025-06-28T04:44:17.637+0000] {processor.py:183} INFO - Processing /home/airflow/.local/lib/python3.8/site-packages/airflow/example_dags/example_xcomargs.py took 0.048 seconds
[2025-06-28T04:44:47.824+0000] {processor.py:161} INFO - Started process (PID=6275) to work on /home/airflow/.local/lib/python3.8/site-packages/airflow/example_dags/example_xcomargs.py
[2025-06-28T04:44:47.825+0000] {processor.py:830} INFO - Processing file /home/airflow/.local/lib/python3.8/site-packages/airflow/example_dags/example_xcomargs.py for tasks to queue
[2025-06-28T04:44:47.827+0000] {logging_mixin.py:188} INFO - [2025-06-28T04:44:47.827+0000] {dagbag.py:538} INFO - Filling up the DagBag from /home/airflow/.local/lib/python3.8/site-packages/airflow/example_dags/example_xcomargs.py
[2025-06-28T04:44:47.833+0000] {processor.py:840} INFO - DAG(s) 'example_xcom_args', 'example_xcom_args_with_operators' retrieved from /home/airflow/.local/lib/python3.8/site-packages/airflow/example_dags/example_xcomargs.py
[2025-06-28T04:44:47.849+0000] {logging_mixin.py:188} INFO - [2025-06-28T04:44:47.849+0000] {dag.py:3036} INFO - Sync 2 DAGs
[2025-06-28T04:44:47.856+0000] {logging_mixin.py:188} INFO - [2025-06-28T04:44:47.856+0000] {dag.py:3823} INFO - Setting next_dagrun for example_xcom_args to None, run_after=None
[2025-06-28T04:44:47.860+0000] {logging_mixin.py:188} INFO - [2025-06-28T04:44:47.859+0000] {dag.py:3823} INFO - Setting next_dagrun for example_xcom_args_with_operators to None, run_after=None
[2025-06-28T04:44:47.870+0000] {processor.py:183} INFO - Processing /home/airflow/.local/lib/python3.8/site-packages/airflow/example_dags/example_xcomargs.py took 0.050 seconds
[2025-06-28T04:45:18.041+0000] {processor.py:161} INFO - Started process (PID=6523) to work on /home/airflow/.local/lib/python3.8/site-packages/airflow/example_dags/example_xcomargs.py
[2025-06-28T04:45:18.042+0000] {processor.py:830} INFO - Processing file /home/airflow/.local/lib/python3.8/site-packages/airflow/example_dags/example_xcomargs.py for tasks to queue
[2025-06-28T04:45:18.043+0000] {logging_mixin.py:188} INFO - [2025-06-28T04:45:18.043+0000] {dagbag.py:538} INFO - Filling up the DagBag from /home/airflow/.local/lib/python3.8/site-packages/airflow/example_dags/example_xcomargs.py
[2025-06-28T04:45:18.048+0000] {processor.py:840} INFO - DAG(s) 'example_xcom_args', 'example_xcom_args_with_operators' retrieved from /home/airflow/.local/lib/python3.8/site-packages/airflow/example_dags/example_xcomargs.py
[2025-06-28T04:45:18.065+0000] {logging_mixin.py:188} INFO - [2025-06-28T04:45:18.065+0000] {dag.py:3036} INFO - Sync 2 DAGs
[2025-06-28T04:45:18.072+0000] {logging_mixin.py:188} INFO - [2025-06-28T04:45:18.072+0000] {dag.py:3823} INFO - Setting next_dagrun for example_xcom_args to None, run_after=None
[2025-06-28T04:45:18.075+0000] {logging_mixin.py:188} INFO - [2025-06-28T04:45:18.075+0000] {dag.py:3823} INFO - Setting next_dagrun for example_xcom_args_with_operators to None, run_after=None
[2025-06-28T04:45:18.088+0000] {processor.py:183} INFO - Processing /home/airflow/.local/lib/python3.8/site-packages/airflow/example_dags/example_xcomargs.py took 0.049 seconds
[2025-06-28T04:45:48.440+0000] {processor.py:161} INFO - Started process (PID=6773) to work on /home/airflow/.local/lib/python3.8/site-packages/airflow/example_dags/example_xcomargs.py
[2025-06-28T04:45:48.441+0000] {processor.py:830} INFO - Processing file /home/airflow/.local/lib/python3.8/site-packages/airflow/example_dags/example_xcomargs.py for tasks to queue
[2025-06-28T04:45:48.442+0000] {logging_mixin.py:188} INFO - [2025-06-28T04:45:48.442+0000] {dagbag.py:538} INFO - Filling up the DagBag from /home/airflow/.local/lib/python3.8/site-packages/airflow/example_dags/example_xcomargs.py
[2025-06-28T04:45:48.450+0000] {processor.py:840} INFO - DAG(s) 'example_xcom_args_with_operators', 'example_xcom_args' retrieved from /home/airflow/.local/lib/python3.8/site-packages/airflow/example_dags/example_xcomargs.py
[2025-06-28T04:45:48.468+0000] {logging_mixin.py:188} INFO - [2025-06-28T04:45:48.468+0000] {dag.py:3036} INFO - Sync 2 DAGs
[2025-06-28T04:45:48.479+0000] {logging_mixin.py:188} INFO - [2025-06-28T04:45:48.479+0000] {dag.py:3823} INFO - Setting next_dagrun for example_xcom_args to None, run_after=None
[2025-06-28T04:45:48.482+0000] {logging_mixin.py:188} INFO - [2025-06-28T04:45:48.482+0000] {dag.py:3823} INFO - Setting next_dagrun for example_xcom_args_with_operators to None, run_after=None
[2025-06-28T04:45:48.494+0000] {processor.py:183} INFO - Processing /home/airflow/.local/lib/python3.8/site-packages/airflow/example_dags/example_xcomargs.py took 0.058 seconds
[2025-06-28T04:46:18.786+0000] {processor.py:161} INFO - Started process (PID=7023) to work on /home/airflow/.local/lib/python3.8/site-packages/airflow/example_dags/example_xcomargs.py
[2025-06-28T04:46:18.787+0000] {processor.py:830} INFO - Processing file /home/airflow/.local/lib/python3.8/site-packages/airflow/example_dags/example_xcomargs.py for tasks to queue
[2025-06-28T04:46:18.789+0000] {logging_mixin.py:188} INFO - [2025-06-28T04:46:18.788+0000] {dagbag.py:538} INFO - Filling up the DagBag from /home/airflow/.local/lib/python3.8/site-packages/airflow/example_dags/example_xcomargs.py
[2025-06-28T04:46:18.796+0000] {processor.py:840} INFO - DAG(s) 'example_xcom_args', 'example_xcom_args_with_operators' retrieved from /home/airflow/.local/lib/python3.8/site-packages/airflow/example_dags/example_xcomargs.py
[2025-06-28T04:46:18.813+0000] {logging_mixin.py:188} INFO - [2025-06-28T04:46:18.813+0000] {dag.py:3036} INFO - Sync 2 DAGs
[2025-06-28T04:46:18.820+0000] {logging_mixin.py:188} INFO - [2025-06-28T04:46:18.820+0000] {dag.py:3823} INFO - Setting next_dagrun for example_xcom_args to None, run_after=None
[2025-06-28T04:46:18.824+0000] {logging_mixin.py:188} INFO - [2025-06-28T04:46:18.824+0000] {dag.py:3823} INFO - Setting next_dagrun for example_xcom_args_with_operators to None, run_after=None
[2025-06-28T04:46:18.836+0000] {processor.py:183} INFO - Processing /home/airflow/.local/lib/python3.8/site-packages/airflow/example_dags/example_xcomargs.py took 0.052 seconds
[2025-06-28T04:46:49.527+0000] {processor.py:161} INFO - Started process (PID=7275) to work on /home/airflow/.local/lib/python3.8/site-packages/airflow/example_dags/example_xcomargs.py
[2025-06-28T04:46:49.528+0000] {processor.py:830} INFO - Processing file /home/airflow/.local/lib/python3.8/site-packages/airflow/example_dags/example_xcomargs.py for tasks to queue
[2025-06-28T04:46:49.529+0000] {logging_mixin.py:188} INFO - [2025-06-28T04:46:49.529+0000] {dagbag.py:538} INFO - Filling up the DagBag from /home/airflow/.local/lib/python3.8/site-packages/airflow/example_dags/example_xcomargs.py
[2025-06-28T04:46:49.537+0000] {processor.py:840} INFO - DAG(s) 'example_xcom_args', 'example_xcom_args_with_operators' retrieved from /home/airflow/.local/lib/python3.8/site-packages/airflow/example_dags/example_xcomargs.py
[2025-06-28T04:46:49.555+0000] {logging_mixin.py:188} INFO - [2025-06-28T04:46:49.555+0000] {dag.py:3036} INFO - Sync 2 DAGs
[2025-06-28T04:46:49.565+0000] {logging_mixin.py:188} INFO - [2025-06-28T04:46:49.564+0000] {dag.py:3823} INFO - Setting next_dagrun for example_xcom_args to None, run_after=None
[2025-06-28T04:46:49.568+0000] {logging_mixin.py:188} INFO - [2025-06-28T04:46:49.568+0000] {dag.py:3823} INFO - Setting next_dagrun for example_xcom_args_with_operators to None, run_after=None
[2025-06-28T04:46:49.584+0000] {processor.py:183} INFO - Processing /home/airflow/.local/lib/python3.8/site-packages/airflow/example_dags/example_xcomargs.py took 0.059 seconds
[2025-06-28T04:47:19.769+0000] {processor.py:161} INFO - Started process (PID=7525) to work on /home/airflow/.local/lib/python3.8/site-packages/airflow/example_dags/example_xcomargs.py
[2025-06-28T04:47:19.770+0000] {processor.py:830} INFO - Processing file /home/airflow/.local/lib/python3.8/site-packages/airflow/example_dags/example_xcomargs.py for tasks to queue
[2025-06-28T04:47:19.771+0000] {logging_mixin.py:188} INFO - [2025-06-28T04:47:19.771+0000] {dagbag.py:538} INFO - Filling up the DagBag from /home/airflow/.local/lib/python3.8/site-packages/airflow/example_dags/example_xcomargs.py
[2025-06-28T04:47:19.777+0000] {processor.py:840} INFO - DAG(s) 'example_xcom_args_with_operators', 'example_xcom_args' retrieved from /home/airflow/.local/lib/python3.8/site-packages/airflow/example_dags/example_xcomargs.py
[2025-06-28T04:47:19.789+0000] {logging_mixin.py:188} INFO - [2025-06-28T04:47:19.789+0000] {dag.py:3036} INFO - Sync 2 DAGs
[2025-06-28T04:47:19.796+0000] {logging_mixin.py:188} INFO - [2025-06-28T04:47:19.796+0000] {dag.py:3823} INFO - Setting next_dagrun for example_xcom_args to None, run_after=None
[2025-06-28T04:47:19.798+0000] {logging_mixin.py:188} INFO - [2025-06-28T04:47:19.798+0000] {dag.py:3823} INFO - Setting next_dagrun for example_xcom_args_with_operators to None, run_after=None
[2025-06-28T04:47:19.810+0000] {processor.py:183} INFO - Processing /home/airflow/.local/lib/python3.8/site-packages/airflow/example_dags/example_xcomargs.py took 0.043 seconds
[2025-06-28T04:47:49.994+0000] {processor.py:161} INFO - Started process (PID=7775) to work on /home/airflow/.local/lib/python3.8/site-packages/airflow/example_dags/example_xcomargs.py
[2025-06-28T04:47:49.995+0000] {processor.py:830} INFO - Processing file /home/airflow/.local/lib/python3.8/site-packages/airflow/example_dags/example_xcomargs.py for tasks to queue
[2025-06-28T04:47:49.996+0000] {logging_mixin.py:188} INFO - [2025-06-28T04:47:49.996+0000] {dagbag.py:538} INFO - Filling up the DagBag from /home/airflow/.local/lib/python3.8/site-packages/airflow/example_dags/example_xcomargs.py
[2025-06-28T04:47:50.000+0000] {processor.py:840} INFO - DAG(s) 'example_xcom_args_with_operators', 'example_xcom_args' retrieved from /home/airflow/.local/lib/python3.8/site-packages/airflow/example_dags/example_xcomargs.py
[2025-06-28T04:47:50.017+0000] {logging_mixin.py:188} INFO - [2025-06-28T04:47:50.016+0000] {dag.py:3036} INFO - Sync 2 DAGs
[2025-06-28T04:47:50.024+0000] {logging_mixin.py:188} INFO - [2025-06-28T04:47:50.024+0000] {dag.py:3823} INFO - Setting next_dagrun for example_xcom_args to None, run_after=None
[2025-06-28T04:47:50.026+0000] {logging_mixin.py:188} INFO - [2025-06-28T04:47:50.026+0000] {dag.py:3823} INFO - Setting next_dagrun for example_xcom_args_with_operators to None, run_after=None
[2025-06-28T04:47:50.040+0000] {processor.py:183} INFO - Processing /home/airflow/.local/lib/python3.8/site-packages/airflow/example_dags/example_xcomargs.py took 0.047 seconds
[2025-06-28T04:48:21.146+0000] {processor.py:161} INFO - Started process (PID=8025) to work on /home/airflow/.local/lib/python3.8/site-packages/airflow/example_dags/example_xcomargs.py
[2025-06-28T04:48:21.147+0000] {processor.py:830} INFO - Processing file /home/airflow/.local/lib/python3.8/site-packages/airflow/example_dags/example_xcomargs.py for tasks to queue
[2025-06-28T04:48:21.149+0000] {logging_mixin.py:188} INFO - [2025-06-28T04:48:21.149+0000] {dagbag.py:538} INFO - Filling up the DagBag from /home/airflow/.local/lib/python3.8/site-packages/airflow/example_dags/example_xcomargs.py
[2025-06-28T04:48:21.158+0000] {processor.py:840} INFO - DAG(s) 'example_xcom_args_with_operators', 'example_xcom_args' retrieved from /home/airflow/.local/lib/python3.8/site-packages/airflow/example_dags/example_xcomargs.py
[2025-06-28T04:48:21.180+0000] {logging_mixin.py:188} INFO - [2025-06-28T04:48:21.180+0000] {dag.py:3036} INFO - Sync 2 DAGs
[2025-06-28T04:48:21.188+0000] {logging_mixin.py:188} INFO - [2025-06-28T04:48:21.188+0000] {dag.py:3823} INFO - Setting next_dagrun for example_xcom_args to None, run_after=None
[2025-06-28T04:48:21.190+0000] {logging_mixin.py:188} INFO - [2025-06-28T04:48:21.190+0000] {dag.py:3823} INFO - Setting next_dagrun for example_xcom_args_with_operators to None, run_after=None
[2025-06-28T04:48:21.202+0000] {processor.py:183} INFO - Processing /home/airflow/.local/lib/python3.8/site-packages/airflow/example_dags/example_xcomargs.py took 0.058 seconds
