[2025-06-28T04:32:38.996+0000] {processor.py:161} INFO - Started process (PID=278) to work on /home/airflow/.local/lib/python3.8/site-packages/airflow/example_dags/example_skip_dag.py
[2025-06-28T04:32:38.996+0000] {processor.py:830} INFO - Processing file /home/airflow/.local/lib/python3.8/site-packages/airflow/example_dags/example_skip_dag.py for tasks to queue
[2025-06-28T04:32:38.998+0000] {logging_mixin.py:188} INFO - [2025-06-28T04:32:38.998+0000] {dagbag.py:538} INFO - Filling up the DagBag from /home/airflow/.local/lib/python3.8/site-packages/airflow/example_dags/example_skip_dag.py
[2025-06-28T04:32:39.005+0000] {processor.py:840} INFO - DAG(s) 'example_skip_dag' retrieved from /home/airflow/.local/lib/python3.8/site-packages/airflow/example_dags/example_skip_dag.py
[2025-06-28T04:32:39.018+0000] {logging_mixin.py:188} INFO - [2025-06-28T04:32:39.017+0000] {dag.py:3036} INFO - Sync 1 DAGs
[2025-06-28T04:32:39.043+0000] {logging_mixin.py:188} INFO - [2025-06-28T04:32:39.043+0000] {dag.py:3823} INFO - Setting next_dagrun for example_skip_dag to 2025-06-27 00:00:00+00:00, run_after=2025-06-28 00:00:00+00:00
[2025-06-28T04:32:39.060+0000] {processor.py:183} INFO - Processing /home/airflow/.local/lib/python3.8/site-packages/airflow/example_dags/example_skip_dag.py took 0.068 seconds
[2025-06-28T04:33:10.177+0000] {processor.py:161} INFO - Started process (PID=528) to work on /home/airflow/.local/lib/python3.8/site-packages/airflow/example_dags/example_skip_dag.py
[2025-06-28T04:33:10.178+0000] {processor.py:830} INFO - Processing file /home/airflow/.local/lib/python3.8/site-packages/airflow/example_dags/example_skip_dag.py for tasks to queue
[2025-06-28T04:33:10.180+0000] {logging_mixin.py:188} INFO - [2025-06-28T04:33:10.180+0000] {dagbag.py:538} INFO - Filling up the DagBag from /home/airflow/.local/lib/python3.8/site-packages/airflow/example_dags/example_skip_dag.py
[2025-06-28T04:33:10.185+0000] {processor.py:840} INFO - DAG(s) 'example_skip_dag' retrieved from /home/airflow/.local/lib/python3.8/site-packages/airflow/example_dags/example_skip_dag.py
[2025-06-28T04:33:10.263+0000] {logging_mixin.py:188} INFO - [2025-06-28T04:33:10.262+0000] {dag.py:3036} INFO - Sync 1 DAGs
[2025-06-28T04:33:10.276+0000] {logging_mixin.py:188} INFO - [2025-06-28T04:33:10.276+0000] {dag.py:3823} INFO - Setting next_dagrun for example_skip_dag to 2025-06-27 00:00:00+00:00, run_after=2025-06-28 00:00:00+00:00
[2025-06-28T04:33:10.291+0000] {processor.py:183} INFO - Processing /home/airflow/.local/lib/python3.8/site-packages/airflow/example_dags/example_skip_dag.py took 0.120 seconds
[2025-06-28T04:33:40.485+0000] {processor.py:161} INFO - Started process (PID=780) to work on /home/airflow/.local/lib/python3.8/site-packages/airflow/example_dags/example_skip_dag.py
[2025-06-28T04:33:40.486+0000] {processor.py:830} INFO - Processing file /home/airflow/.local/lib/python3.8/site-packages/airflow/example_dags/example_skip_dag.py for tasks to queue
[2025-06-28T04:33:40.487+0000] {logging_mixin.py:188} INFO - [2025-06-28T04:33:40.487+0000] {dagbag.py:538} INFO - Filling up the DagBag from /home/airflow/.local/lib/python3.8/site-packages/airflow/example_dags/example_skip_dag.py
[2025-06-28T04:33:40.491+0000] {processor.py:840} INFO - DAG(s) 'example_skip_dag' retrieved from /home/airflow/.local/lib/python3.8/site-packages/airflow/example_dags/example_skip_dag.py
[2025-06-28T04:33:40.506+0000] {logging_mixin.py:188} INFO - [2025-06-28T04:33:40.506+0000] {dag.py:3036} INFO - Sync 1 DAGs
[2025-06-28T04:33:40.520+0000] {logging_mixin.py:188} INFO - [2025-06-28T04:33:40.520+0000] {dag.py:3823} INFO - Setting next_dagrun for example_skip_dag to 2025-06-27 00:00:00+00:00, run_after=2025-06-28 00:00:00+00:00
[2025-06-28T04:33:40.532+0000] {processor.py:183} INFO - Processing /home/airflow/.local/lib/python3.8/site-packages/airflow/example_dags/example_skip_dag.py took 0.050 seconds
[2025-06-28T04:34:10.960+0000] {processor.py:161} INFO - Started process (PID=1028) to work on /home/airflow/.local/lib/python3.8/site-packages/airflow/example_dags/example_skip_dag.py
[2025-06-28T04:34:10.961+0000] {processor.py:830} INFO - Processing file /home/airflow/.local/lib/python3.8/site-packages/airflow/example_dags/example_skip_dag.py for tasks to queue
[2025-06-28T04:34:10.962+0000] {logging_mixin.py:188} INFO - [2025-06-28T04:34:10.962+0000] {dagbag.py:538} INFO - Filling up the DagBag from /home/airflow/.local/lib/python3.8/site-packages/airflow/example_dags/example_skip_dag.py
[2025-06-28T04:34:10.970+0000] {processor.py:840} INFO - DAG(s) 'example_skip_dag' retrieved from /home/airflow/.local/lib/python3.8/site-packages/airflow/example_dags/example_skip_dag.py
[2025-06-28T04:34:10.988+0000] {logging_mixin.py:188} INFO - [2025-06-28T04:34:10.987+0000] {dag.py:3036} INFO - Sync 1 DAGs
[2025-06-28T04:34:11.005+0000] {logging_mixin.py:188} INFO - [2025-06-28T04:34:11.005+0000] {dag.py:3823} INFO - Setting next_dagrun for example_skip_dag to 2025-06-27 00:00:00+00:00, run_after=2025-06-28 00:00:00+00:00
[2025-06-28T04:34:11.022+0000] {processor.py:183} INFO - Processing /home/airflow/.local/lib/python3.8/site-packages/airflow/example_dags/example_skip_dag.py took 0.064 seconds
[2025-06-28T04:34:41.265+0000] {processor.py:161} INFO - Started process (PID=1278) to work on /home/airflow/.local/lib/python3.8/site-packages/airflow/example_dags/example_skip_dag.py
[2025-06-28T04:34:41.267+0000] {processor.py:830} INFO - Processing file /home/airflow/.local/lib/python3.8/site-packages/airflow/example_dags/example_skip_dag.py for tasks to queue
[2025-06-28T04:34:41.269+0000] {logging_mixin.py:188} INFO - [2025-06-28T04:34:41.269+0000] {dagbag.py:538} INFO - Filling up the DagBag from /home/airflow/.local/lib/python3.8/site-packages/airflow/example_dags/example_skip_dag.py
[2025-06-28T04:34:41.275+0000] {processor.py:840} INFO - DAG(s) 'example_skip_dag' retrieved from /home/airflow/.local/lib/python3.8/site-packages/airflow/example_dags/example_skip_dag.py
[2025-06-28T04:34:41.298+0000] {logging_mixin.py:188} INFO - [2025-06-28T04:34:41.297+0000] {dag.py:3036} INFO - Sync 1 DAGs
[2025-06-28T04:34:41.312+0000] {logging_mixin.py:188} INFO - [2025-06-28T04:34:41.312+0000] {dag.py:3823} INFO - Setting next_dagrun for example_skip_dag to 2025-06-27 00:00:00+00:00, run_after=2025-06-28 00:00:00+00:00
[2025-06-28T04:34:41.326+0000] {processor.py:183} INFO - Processing /home/airflow/.local/lib/python3.8/site-packages/airflow/example_dags/example_skip_dag.py took 0.065 seconds
[2025-06-28T04:35:11.711+0000] {processor.py:161} INFO - Started process (PID=1530) to work on /home/airflow/.local/lib/python3.8/site-packages/airflow/example_dags/example_skip_dag.py
[2025-06-28T04:35:11.712+0000] {processor.py:830} INFO - Processing file /home/airflow/.local/lib/python3.8/site-packages/airflow/example_dags/example_skip_dag.py for tasks to queue
[2025-06-28T04:35:11.712+0000] {logging_mixin.py:188} INFO - [2025-06-28T04:35:11.712+0000] {dagbag.py:538} INFO - Filling up the DagBag from /home/airflow/.local/lib/python3.8/site-packages/airflow/example_dags/example_skip_dag.py
[2025-06-28T04:35:11.716+0000] {processor.py:840} INFO - DAG(s) 'example_skip_dag' retrieved from /home/airflow/.local/lib/python3.8/site-packages/airflow/example_dags/example_skip_dag.py
[2025-06-28T04:35:11.728+0000] {logging_mixin.py:188} INFO - [2025-06-28T04:35:11.727+0000] {dag.py:3036} INFO - Sync 1 DAGs
[2025-06-28T04:35:11.739+0000] {logging_mixin.py:188} INFO - [2025-06-28T04:35:11.739+0000] {dag.py:3823} INFO - Setting next_dagrun for example_skip_dag to 2025-06-27 00:00:00+00:00, run_after=2025-06-28 00:00:00+00:00
[2025-06-28T04:35:11.749+0000] {processor.py:183} INFO - Processing /home/airflow/.local/lib/python3.8/site-packages/airflow/example_dags/example_skip_dag.py took 0.039 seconds
[2025-06-28T04:35:42.340+0000] {processor.py:161} INFO - Started process (PID=1780) to work on /home/airflow/.local/lib/python3.8/site-packages/airflow/example_dags/example_skip_dag.py
[2025-06-28T04:35:42.342+0000] {processor.py:830} INFO - Processing file /home/airflow/.local/lib/python3.8/site-packages/airflow/example_dags/example_skip_dag.py for tasks to queue
[2025-06-28T04:35:42.344+0000] {logging_mixin.py:188} INFO - [2025-06-28T04:35:42.344+0000] {dagbag.py:538} INFO - Filling up the DagBag from /home/airflow/.local/lib/python3.8/site-packages/airflow/example_dags/example_skip_dag.py
[2025-06-28T04:35:42.351+0000] {processor.py:840} INFO - DAG(s) 'example_skip_dag' retrieved from /home/airflow/.local/lib/python3.8/site-packages/airflow/example_dags/example_skip_dag.py
[2025-06-28T04:35:42.369+0000] {logging_mixin.py:188} INFO - [2025-06-28T04:35:42.369+0000] {dag.py:3036} INFO - Sync 1 DAGs
[2025-06-28T04:35:42.382+0000] {logging_mixin.py:188} INFO - [2025-06-28T04:35:42.382+0000] {dag.py:3823} INFO - Setting next_dagrun for example_skip_dag to 2025-06-27 00:00:00+00:00, run_after=2025-06-28 00:00:00+00:00
[2025-06-28T04:35:42.401+0000] {processor.py:183} INFO - Processing /home/airflow/.local/lib/python3.8/site-packages/airflow/example_dags/example_skip_dag.py took 0.064 seconds
[2025-06-28T04:36:12.784+0000] {processor.py:161} INFO - Started process (PID=2028) to work on /home/airflow/.local/lib/python3.8/site-packages/airflow/example_dags/example_skip_dag.py
[2025-06-28T04:36:12.784+0000] {processor.py:830} INFO - Processing file /home/airflow/.local/lib/python3.8/site-packages/airflow/example_dags/example_skip_dag.py for tasks to queue
[2025-06-28T04:36:12.785+0000] {logging_mixin.py:188} INFO - [2025-06-28T04:36:12.785+0000] {dagbag.py:538} INFO - Filling up the DagBag from /home/airflow/.local/lib/python3.8/site-packages/airflow/example_dags/example_skip_dag.py
[2025-06-28T04:36:12.792+0000] {processor.py:840} INFO - DAG(s) 'example_skip_dag' retrieved from /home/airflow/.local/lib/python3.8/site-packages/airflow/example_dags/example_skip_dag.py
[2025-06-28T04:36:12.808+0000] {logging_mixin.py:188} INFO - [2025-06-28T04:36:12.808+0000] {dag.py:3036} INFO - Sync 1 DAGs
[2025-06-28T04:36:12.821+0000] {logging_mixin.py:188} INFO - [2025-06-28T04:36:12.821+0000] {dag.py:3823} INFO - Setting next_dagrun for example_skip_dag to 2025-06-27 00:00:00+00:00, run_after=2025-06-28 00:00:00+00:00
[2025-06-28T04:36:12.833+0000] {processor.py:183} INFO - Processing /home/airflow/.local/lib/python3.8/site-packages/airflow/example_dags/example_skip_dag.py took 0.051 seconds
[2025-06-28T04:36:43.079+0000] {processor.py:161} INFO - Started process (PID=2280) to work on /home/airflow/.local/lib/python3.8/site-packages/airflow/example_dags/example_skip_dag.py
[2025-06-28T04:36:43.079+0000] {processor.py:830} INFO - Processing file /home/airflow/.local/lib/python3.8/site-packages/airflow/example_dags/example_skip_dag.py for tasks to queue
[2025-06-28T04:36:43.080+0000] {logging_mixin.py:188} INFO - [2025-06-28T04:36:43.080+0000] {dagbag.py:538} INFO - Filling up the DagBag from /home/airflow/.local/lib/python3.8/site-packages/airflow/example_dags/example_skip_dag.py
[2025-06-28T04:36:43.083+0000] {processor.py:840} INFO - DAG(s) 'example_skip_dag' retrieved from /home/airflow/.local/lib/python3.8/site-packages/airflow/example_dags/example_skip_dag.py
[2025-06-28T04:36:43.098+0000] {logging_mixin.py:188} INFO - [2025-06-28T04:36:43.097+0000] {dag.py:3036} INFO - Sync 1 DAGs
[2025-06-28T04:36:43.112+0000] {logging_mixin.py:188} INFO - [2025-06-28T04:36:43.112+0000] {dag.py:3823} INFO - Setting next_dagrun for example_skip_dag to 2025-06-27 00:00:00+00:00, run_after=2025-06-28 00:00:00+00:00
[2025-06-28T04:36:43.125+0000] {processor.py:183} INFO - Processing /home/airflow/.local/lib/python3.8/site-packages/airflow/example_dags/example_skip_dag.py took 0.048 seconds
[2025-06-28T04:37:13.163+0000] {processor.py:161} INFO - Started process (PID=2530) to work on /home/airflow/.local/lib/python3.8/site-packages/airflow/example_dags/example_skip_dag.py
[2025-06-28T04:37:13.165+0000] {processor.py:830} INFO - Processing file /home/airflow/.local/lib/python3.8/site-packages/airflow/example_dags/example_skip_dag.py for tasks to queue
[2025-06-28T04:37:13.166+0000] {logging_mixin.py:188} INFO - [2025-06-28T04:37:13.166+0000] {dagbag.py:538} INFO - Filling up the DagBag from /home/airflow/.local/lib/python3.8/site-packages/airflow/example_dags/example_skip_dag.py
[2025-06-28T04:37:13.171+0000] {processor.py:840} INFO - DAG(s) 'example_skip_dag' retrieved from /home/airflow/.local/lib/python3.8/site-packages/airflow/example_dags/example_skip_dag.py
[2025-06-28T04:37:13.187+0000] {logging_mixin.py:188} INFO - [2025-06-28T04:37:13.186+0000] {dag.py:3036} INFO - Sync 1 DAGs
[2025-06-28T04:37:13.199+0000] {logging_mixin.py:188} INFO - [2025-06-28T04:37:13.199+0000] {dag.py:3823} INFO - Setting next_dagrun for example_skip_dag to 2025-06-27 00:00:00+00:00, run_after=2025-06-28 00:00:00+00:00
[2025-06-28T04:37:13.211+0000] {processor.py:183} INFO - Processing /home/airflow/.local/lib/python3.8/site-packages/airflow/example_dags/example_skip_dag.py took 0.050 seconds
[2025-06-28T04:37:43.379+0000] {processor.py:161} INFO - Started process (PID=2778) to work on /home/airflow/.local/lib/python3.8/site-packages/airflow/example_dags/example_skip_dag.py
[2025-06-28T04:37:43.379+0000] {processor.py:830} INFO - Processing file /home/airflow/.local/lib/python3.8/site-packages/airflow/example_dags/example_skip_dag.py for tasks to queue
[2025-06-28T04:37:43.380+0000] {logging_mixin.py:188} INFO - [2025-06-28T04:37:43.380+0000] {dagbag.py:538} INFO - Filling up the DagBag from /home/airflow/.local/lib/python3.8/site-packages/airflow/example_dags/example_skip_dag.py
[2025-06-28T04:37:43.384+0000] {processor.py:840} INFO - DAG(s) 'example_skip_dag' retrieved from /home/airflow/.local/lib/python3.8/site-packages/airflow/example_dags/example_skip_dag.py
[2025-06-28T04:37:43.400+0000] {logging_mixin.py:188} INFO - [2025-06-28T04:37:43.400+0000] {dag.py:3036} INFO - Sync 1 DAGs
[2025-06-28T04:37:43.417+0000] {logging_mixin.py:188} INFO - [2025-06-28T04:37:43.417+0000] {dag.py:3823} INFO - Setting next_dagrun for example_skip_dag to 2025-06-27 00:00:00+00:00, run_after=2025-06-28 00:00:00+00:00
[2025-06-28T04:37:43.430+0000] {processor.py:183} INFO - Processing /home/airflow/.local/lib/python3.8/site-packages/airflow/example_dags/example_skip_dag.py took 0.054 seconds
[2025-06-28T04:38:13.648+0000] {processor.py:161} INFO - Started process (PID=3028) to work on /home/airflow/.local/lib/python3.8/site-packages/airflow/example_dags/example_skip_dag.py
[2025-06-28T04:38:13.648+0000] {processor.py:830} INFO - Processing file /home/airflow/.local/lib/python3.8/site-packages/airflow/example_dags/example_skip_dag.py for tasks to queue
[2025-06-28T04:38:13.650+0000] {logging_mixin.py:188} INFO - [2025-06-28T04:38:13.650+0000] {dagbag.py:538} INFO - Filling up the DagBag from /home/airflow/.local/lib/python3.8/site-packages/airflow/example_dags/example_skip_dag.py
[2025-06-28T04:38:13.654+0000] {processor.py:840} INFO - DAG(s) 'example_skip_dag' retrieved from /home/airflow/.local/lib/python3.8/site-packages/airflow/example_dags/example_skip_dag.py
[2025-06-28T04:38:13.667+0000] {logging_mixin.py:188} INFO - [2025-06-28T04:38:13.667+0000] {dag.py:3036} INFO - Sync 1 DAGs
[2025-06-28T04:38:13.684+0000] {logging_mixin.py:188} INFO - [2025-06-28T04:38:13.684+0000] {dag.py:3823} INFO - Setting next_dagrun for example_skip_dag to 2025-06-27 00:00:00+00:00, run_after=2025-06-28 00:00:00+00:00
[2025-06-28T04:38:13.702+0000] {processor.py:183} INFO - Processing /home/airflow/.local/lib/python3.8/site-packages/airflow/example_dags/example_skip_dag.py took 0.057 seconds
[2025-06-28T04:38:43.976+0000] {processor.py:161} INFO - Started process (PID=3280) to work on /home/airflow/.local/lib/python3.8/site-packages/airflow/example_dags/example_skip_dag.py
[2025-06-28T04:38:43.977+0000] {processor.py:830} INFO - Processing file /home/airflow/.local/lib/python3.8/site-packages/airflow/example_dags/example_skip_dag.py for tasks to queue
[2025-06-28T04:38:43.978+0000] {logging_mixin.py:188} INFO - [2025-06-28T04:38:43.978+0000] {dagbag.py:538} INFO - Filling up the DagBag from /home/airflow/.local/lib/python3.8/site-packages/airflow/example_dags/example_skip_dag.py
[2025-06-28T04:38:43.983+0000] {processor.py:840} INFO - DAG(s) 'example_skip_dag' retrieved from /home/airflow/.local/lib/python3.8/site-packages/airflow/example_dags/example_skip_dag.py
[2025-06-28T04:38:44.002+0000] {logging_mixin.py:188} INFO - [2025-06-28T04:38:44.001+0000] {dag.py:3036} INFO - Sync 1 DAGs
[2025-06-28T04:38:44.019+0000] {logging_mixin.py:188} INFO - [2025-06-28T04:38:44.019+0000] {dag.py:3823} INFO - Setting next_dagrun for example_skip_dag to 2025-06-27 00:00:00+00:00, run_after=2025-06-28 00:00:00+00:00
[2025-06-28T04:38:44.033+0000] {processor.py:183} INFO - Processing /home/airflow/.local/lib/python3.8/site-packages/airflow/example_dags/example_skip_dag.py took 0.060 seconds
[2025-06-28T04:39:14.233+0000] {processor.py:161} INFO - Started process (PID=3528) to work on /home/airflow/.local/lib/python3.8/site-packages/airflow/example_dags/example_skip_dag.py
[2025-06-28T04:39:14.233+0000] {processor.py:830} INFO - Processing file /home/airflow/.local/lib/python3.8/site-packages/airflow/example_dags/example_skip_dag.py for tasks to queue
[2025-06-28T04:39:14.234+0000] {logging_mixin.py:188} INFO - [2025-06-28T04:39:14.234+0000] {dagbag.py:538} INFO - Filling up the DagBag from /home/airflow/.local/lib/python3.8/site-packages/airflow/example_dags/example_skip_dag.py
[2025-06-28T04:39:14.239+0000] {processor.py:840} INFO - DAG(s) 'example_skip_dag' retrieved from /home/airflow/.local/lib/python3.8/site-packages/airflow/example_dags/example_skip_dag.py
[2025-06-28T04:39:14.254+0000] {logging_mixin.py:188} INFO - [2025-06-28T04:39:14.254+0000] {dag.py:3036} INFO - Sync 1 DAGs
[2025-06-28T04:39:14.266+0000] {logging_mixin.py:188} INFO - [2025-06-28T04:39:14.266+0000] {dag.py:3823} INFO - Setting next_dagrun for example_skip_dag to 2025-06-27 00:00:00+00:00, run_after=2025-06-28 00:00:00+00:00
[2025-06-28T04:39:14.280+0000] {processor.py:183} INFO - Processing /home/airflow/.local/lib/python3.8/site-packages/airflow/example_dags/example_skip_dag.py took 0.049 seconds
[2025-06-28T04:39:44.477+0000] {processor.py:161} INFO - Started process (PID=3778) to work on /home/airflow/.local/lib/python3.8/site-packages/airflow/example_dags/example_skip_dag.py
[2025-06-28T04:39:44.478+0000] {processor.py:830} INFO - Processing file /home/airflow/.local/lib/python3.8/site-packages/airflow/example_dags/example_skip_dag.py for tasks to queue
[2025-06-28T04:39:44.480+0000] {logging_mixin.py:188} INFO - [2025-06-28T04:39:44.479+0000] {dagbag.py:538} INFO - Filling up the DagBag from /home/airflow/.local/lib/python3.8/site-packages/airflow/example_dags/example_skip_dag.py
[2025-06-28T04:39:44.487+0000] {processor.py:840} INFO - DAG(s) 'example_skip_dag' retrieved from /home/airflow/.local/lib/python3.8/site-packages/airflow/example_dags/example_skip_dag.py
[2025-06-28T04:39:44.506+0000] {logging_mixin.py:188} INFO - [2025-06-28T04:39:44.505+0000] {dag.py:3036} INFO - Sync 1 DAGs
[2025-06-28T04:39:44.519+0000] {logging_mixin.py:188} INFO - [2025-06-28T04:39:44.519+0000] {dag.py:3823} INFO - Setting next_dagrun for example_skip_dag to 2025-06-27 00:00:00+00:00, run_after=2025-06-28 00:00:00+00:00
[2025-06-28T04:39:44.533+0000] {processor.py:183} INFO - Processing /home/airflow/.local/lib/python3.8/site-packages/airflow/example_dags/example_skip_dag.py took 0.059 seconds
[2025-06-28T04:40:14.670+0000] {processor.py:161} INFO - Started process (PID=4030) to work on /home/airflow/.local/lib/python3.8/site-packages/airflow/example_dags/example_skip_dag.py
[2025-06-28T04:40:14.671+0000] {processor.py:830} INFO - Processing file /home/airflow/.local/lib/python3.8/site-packages/airflow/example_dags/example_skip_dag.py for tasks to queue
[2025-06-28T04:40:14.672+0000] {logging_mixin.py:188} INFO - [2025-06-28T04:40:14.672+0000] {dagbag.py:538} INFO - Filling up the DagBag from /home/airflow/.local/lib/python3.8/site-packages/airflow/example_dags/example_skip_dag.py
[2025-06-28T04:40:14.675+0000] {processor.py:840} INFO - DAG(s) 'example_skip_dag' retrieved from /home/airflow/.local/lib/python3.8/site-packages/airflow/example_dags/example_skip_dag.py
[2025-06-28T04:40:14.688+0000] {logging_mixin.py:188} INFO - [2025-06-28T04:40:14.688+0000] {dag.py:3036} INFO - Sync 1 DAGs
[2025-06-28T04:40:14.699+0000] {logging_mixin.py:188} INFO - [2025-06-28T04:40:14.699+0000] {dag.py:3823} INFO - Setting next_dagrun for example_skip_dag to 2025-06-27 00:00:00+00:00, run_after=2025-06-28 00:00:00+00:00
[2025-06-28T04:40:14.708+0000] {processor.py:183} INFO - Processing /home/airflow/.local/lib/python3.8/site-packages/airflow/example_dags/example_skip_dag.py took 0.040 seconds
[2025-06-28T04:40:45.035+0000] {processor.py:161} INFO - Started process (PID=4278) to work on /home/airflow/.local/lib/python3.8/site-packages/airflow/example_dags/example_skip_dag.py
[2025-06-28T04:40:45.036+0000] {processor.py:830} INFO - Processing file /home/airflow/.local/lib/python3.8/site-packages/airflow/example_dags/example_skip_dag.py for tasks to queue
[2025-06-28T04:40:45.037+0000] {logging_mixin.py:188} INFO - [2025-06-28T04:40:45.037+0000] {dagbag.py:538} INFO - Filling up the DagBag from /home/airflow/.local/lib/python3.8/site-packages/airflow/example_dags/example_skip_dag.py
[2025-06-28T04:40:45.043+0000] {processor.py:840} INFO - DAG(s) 'example_skip_dag' retrieved from /home/airflow/.local/lib/python3.8/site-packages/airflow/example_dags/example_skip_dag.py
[2025-06-28T04:40:45.059+0000] {logging_mixin.py:188} INFO - [2025-06-28T04:40:45.059+0000] {dag.py:3036} INFO - Sync 1 DAGs
[2025-06-28T04:40:45.073+0000] {logging_mixin.py:188} INFO - [2025-06-28T04:40:45.073+0000] {dag.py:3823} INFO - Setting next_dagrun for example_skip_dag to 2025-06-27 00:00:00+00:00, run_after=2025-06-28 00:00:00+00:00
[2025-06-28T04:40:45.089+0000] {processor.py:183} INFO - Processing /home/airflow/.local/lib/python3.8/site-packages/airflow/example_dags/example_skip_dag.py took 0.056 seconds
[2025-06-28T04:41:15.463+0000] {processor.py:161} INFO - Started process (PID=4530) to work on /home/airflow/.local/lib/python3.8/site-packages/airflow/example_dags/example_skip_dag.py
[2025-06-28T04:41:15.463+0000] {processor.py:830} INFO - Processing file /home/airflow/.local/lib/python3.8/site-packages/airflow/example_dags/example_skip_dag.py for tasks to queue
[2025-06-28T04:41:15.465+0000] {logging_mixin.py:188} INFO - [2025-06-28T04:41:15.465+0000] {dagbag.py:538} INFO - Filling up the DagBag from /home/airflow/.local/lib/python3.8/site-packages/airflow/example_dags/example_skip_dag.py
[2025-06-28T04:41:15.470+0000] {processor.py:840} INFO - DAG(s) 'example_skip_dag' retrieved from /home/airflow/.local/lib/python3.8/site-packages/airflow/example_dags/example_skip_dag.py
[2025-06-28T04:41:15.483+0000] {logging_mixin.py:188} INFO - [2025-06-28T04:41:15.483+0000] {dag.py:3036} INFO - Sync 1 DAGs
[2025-06-28T04:41:15.495+0000] {logging_mixin.py:188} INFO - [2025-06-28T04:41:15.494+0000] {dag.py:3823} INFO - Setting next_dagrun for example_skip_dag to 2025-06-27 00:00:00+00:00, run_after=2025-06-28 00:00:00+00:00
[2025-06-28T04:41:15.506+0000] {processor.py:183} INFO - Processing /home/airflow/.local/lib/python3.8/site-packages/airflow/example_dags/example_skip_dag.py took 0.046 seconds
[2025-06-28T04:41:45.851+0000] {processor.py:161} INFO - Started process (PID=4780) to work on /home/airflow/.local/lib/python3.8/site-packages/airflow/example_dags/example_skip_dag.py
[2025-06-28T04:41:45.852+0000] {processor.py:830} INFO - Processing file /home/airflow/.local/lib/python3.8/site-packages/airflow/example_dags/example_skip_dag.py for tasks to queue
[2025-06-28T04:41:45.853+0000] {logging_mixin.py:188} INFO - [2025-06-28T04:41:45.853+0000] {dagbag.py:538} INFO - Filling up the DagBag from /home/airflow/.local/lib/python3.8/site-packages/airflow/example_dags/example_skip_dag.py
[2025-06-28T04:41:45.857+0000] {processor.py:840} INFO - DAG(s) 'example_skip_dag' retrieved from /home/airflow/.local/lib/python3.8/site-packages/airflow/example_dags/example_skip_dag.py
[2025-06-28T04:41:45.870+0000] {logging_mixin.py:188} INFO - [2025-06-28T04:41:45.870+0000] {dag.py:3036} INFO - Sync 1 DAGs
[2025-06-28T04:41:45.887+0000] {logging_mixin.py:188} INFO - [2025-06-28T04:41:45.887+0000] {dag.py:3823} INFO - Setting next_dagrun for example_skip_dag to 2025-06-27 00:00:00+00:00, run_after=2025-06-28 00:00:00+00:00
[2025-06-28T04:41:45.903+0000] {processor.py:183} INFO - Processing /home/airflow/.local/lib/python3.8/site-packages/airflow/example_dags/example_skip_dag.py took 0.056 seconds
[2025-06-28T04:42:16.236+0000] {processor.py:161} INFO - Started process (PID=5028) to work on /home/airflow/.local/lib/python3.8/site-packages/airflow/example_dags/example_skip_dag.py
[2025-06-28T04:42:16.237+0000] {processor.py:830} INFO - Processing file /home/airflow/.local/lib/python3.8/site-packages/airflow/example_dags/example_skip_dag.py for tasks to queue
[2025-06-28T04:42:16.238+0000] {logging_mixin.py:188} INFO - [2025-06-28T04:42:16.238+0000] {dagbag.py:538} INFO - Filling up the DagBag from /home/airflow/.local/lib/python3.8/site-packages/airflow/example_dags/example_skip_dag.py
[2025-06-28T04:42:16.242+0000] {processor.py:840} INFO - DAG(s) 'example_skip_dag' retrieved from /home/airflow/.local/lib/python3.8/site-packages/airflow/example_dags/example_skip_dag.py
[2025-06-28T04:42:16.258+0000] {logging_mixin.py:188} INFO - [2025-06-28T04:42:16.258+0000] {dag.py:3036} INFO - Sync 1 DAGs
[2025-06-28T04:42:16.272+0000] {logging_mixin.py:188} INFO - [2025-06-28T04:42:16.272+0000] {dag.py:3823} INFO - Setting next_dagrun for example_skip_dag to 2025-06-27 00:00:00+00:00, run_after=2025-06-28 00:00:00+00:00
[2025-06-28T04:42:16.287+0000] {processor.py:183} INFO - Processing /home/airflow/.local/lib/python3.8/site-packages/airflow/example_dags/example_skip_dag.py took 0.054 seconds
[2025-06-28T04:42:46.461+0000] {processor.py:161} INFO - Started process (PID=5280) to work on /home/airflow/.local/lib/python3.8/site-packages/airflow/example_dags/example_skip_dag.py
[2025-06-28T04:42:46.462+0000] {processor.py:830} INFO - Processing file /home/airflow/.local/lib/python3.8/site-packages/airflow/example_dags/example_skip_dag.py for tasks to queue
[2025-06-28T04:42:46.464+0000] {logging_mixin.py:188} INFO - [2025-06-28T04:42:46.463+0000] {dagbag.py:538} INFO - Filling up the DagBag from /home/airflow/.local/lib/python3.8/site-packages/airflow/example_dags/example_skip_dag.py
[2025-06-28T04:42:46.467+0000] {processor.py:840} INFO - DAG(s) 'example_skip_dag' retrieved from /home/airflow/.local/lib/python3.8/site-packages/airflow/example_dags/example_skip_dag.py
[2025-06-28T04:42:46.479+0000] {logging_mixin.py:188} INFO - [2025-06-28T04:42:46.479+0000] {dag.py:3036} INFO - Sync 1 DAGs
[2025-06-28T04:42:46.490+0000] {logging_mixin.py:188} INFO - [2025-06-28T04:42:46.490+0000] {dag.py:3823} INFO - Setting next_dagrun for example_skip_dag to 2025-06-27 00:00:00+00:00, run_after=2025-06-28 00:00:00+00:00
[2025-06-28T04:42:46.504+0000] {processor.py:183} INFO - Processing /home/airflow/.local/lib/python3.8/site-packages/airflow/example_dags/example_skip_dag.py took 0.045 seconds
[2025-06-28T04:43:16.807+0000] {processor.py:161} INFO - Started process (PID=5528) to work on /home/airflow/.local/lib/python3.8/site-packages/airflow/example_dags/example_skip_dag.py
[2025-06-28T04:43:16.807+0000] {processor.py:830} INFO - Processing file /home/airflow/.local/lib/python3.8/site-packages/airflow/example_dags/example_skip_dag.py for tasks to queue
[2025-06-28T04:43:16.809+0000] {logging_mixin.py:188} INFO - [2025-06-28T04:43:16.808+0000] {dagbag.py:538} INFO - Filling up the DagBag from /home/airflow/.local/lib/python3.8/site-packages/airflow/example_dags/example_skip_dag.py
[2025-06-28T04:43:16.813+0000] {processor.py:840} INFO - DAG(s) 'example_skip_dag' retrieved from /home/airflow/.local/lib/python3.8/site-packages/airflow/example_dags/example_skip_dag.py
[2025-06-28T04:43:16.827+0000] {logging_mixin.py:188} INFO - [2025-06-28T04:43:16.826+0000] {dag.py:3036} INFO - Sync 1 DAGs
[2025-06-28T04:43:16.841+0000] {logging_mixin.py:188} INFO - [2025-06-28T04:43:16.841+0000] {dag.py:3823} INFO - Setting next_dagrun for example_skip_dag to 2025-06-27 00:00:00+00:00, run_after=2025-06-28 00:00:00+00:00
[2025-06-28T04:43:16.853+0000] {processor.py:183} INFO - Processing /home/airflow/.local/lib/python3.8/site-packages/airflow/example_dags/example_skip_dag.py took 0.048 seconds
[2025-06-28T04:43:47.292+0000] {processor.py:161} INFO - Started process (PID=5778) to work on /home/airflow/.local/lib/python3.8/site-packages/airflow/example_dags/example_skip_dag.py
[2025-06-28T04:43:47.293+0000] {processor.py:830} INFO - Processing file /home/airflow/.local/lib/python3.8/site-packages/airflow/example_dags/example_skip_dag.py for tasks to queue
[2025-06-28T04:43:47.295+0000] {logging_mixin.py:188} INFO - [2025-06-28T04:43:47.294+0000] {dagbag.py:538} INFO - Filling up the DagBag from /home/airflow/.local/lib/python3.8/site-packages/airflow/example_dags/example_skip_dag.py
[2025-06-28T04:43:47.298+0000] {processor.py:840} INFO - DAG(s) 'example_skip_dag' retrieved from /home/airflow/.local/lib/python3.8/site-packages/airflow/example_dags/example_skip_dag.py
[2025-06-28T04:43:47.312+0000] {logging_mixin.py:188} INFO - [2025-06-28T04:43:47.312+0000] {dag.py:3036} INFO - Sync 1 DAGs
[2025-06-28T04:43:47.327+0000] {logging_mixin.py:188} INFO - [2025-06-28T04:43:47.327+0000] {dag.py:3823} INFO - Setting next_dagrun for example_skip_dag to 2025-06-27 00:00:00+00:00, run_after=2025-06-28 00:00:00+00:00
[2025-06-28T04:43:47.343+0000] {processor.py:183} INFO - Processing /home/airflow/.local/lib/python3.8/site-packages/airflow/example_dags/example_skip_dag.py took 0.055 seconds
[2025-06-28T04:44:17.642+0000] {processor.py:161} INFO - Started process (PID=6028) to work on /home/airflow/.local/lib/python3.8/site-packages/airflow/example_dags/example_skip_dag.py
[2025-06-28T04:44:17.643+0000] {processor.py:830} INFO - Processing file /home/airflow/.local/lib/python3.8/site-packages/airflow/example_dags/example_skip_dag.py for tasks to queue
[2025-06-28T04:44:17.644+0000] {logging_mixin.py:188} INFO - [2025-06-28T04:44:17.644+0000] {dagbag.py:538} INFO - Filling up the DagBag from /home/airflow/.local/lib/python3.8/site-packages/airflow/example_dags/example_skip_dag.py
[2025-06-28T04:44:17.649+0000] {processor.py:840} INFO - DAG(s) 'example_skip_dag' retrieved from /home/airflow/.local/lib/python3.8/site-packages/airflow/example_dags/example_skip_dag.py
[2025-06-28T04:44:17.664+0000] {logging_mixin.py:188} INFO - [2025-06-28T04:44:17.663+0000] {dag.py:3036} INFO - Sync 1 DAGs
[2025-06-28T04:44:17.678+0000] {logging_mixin.py:188} INFO - [2025-06-28T04:44:17.678+0000] {dag.py:3823} INFO - Setting next_dagrun for example_skip_dag to 2025-06-27 00:00:00+00:00, run_after=2025-06-28 00:00:00+00:00
[2025-06-28T04:44:17.689+0000] {processor.py:183} INFO - Processing /home/airflow/.local/lib/python3.8/site-packages/airflow/example_dags/example_skip_dag.py took 0.051 seconds
[2025-06-28T04:44:47.889+0000] {processor.py:161} INFO - Started process (PID=6280) to work on /home/airflow/.local/lib/python3.8/site-packages/airflow/example_dags/example_skip_dag.py
[2025-06-28T04:44:47.889+0000] {processor.py:830} INFO - Processing file /home/airflow/.local/lib/python3.8/site-packages/airflow/example_dags/example_skip_dag.py for tasks to queue
[2025-06-28T04:44:47.891+0000] {logging_mixin.py:188} INFO - [2025-06-28T04:44:47.891+0000] {dagbag.py:538} INFO - Filling up the DagBag from /home/airflow/.local/lib/python3.8/site-packages/airflow/example_dags/example_skip_dag.py
[2025-06-28T04:44:47.895+0000] {processor.py:840} INFO - DAG(s) 'example_skip_dag' retrieved from /home/airflow/.local/lib/python3.8/site-packages/airflow/example_dags/example_skip_dag.py
[2025-06-28T04:44:47.913+0000] {logging_mixin.py:188} INFO - [2025-06-28T04:44:47.912+0000] {dag.py:3036} INFO - Sync 1 DAGs
[2025-06-28T04:44:47.926+0000] {logging_mixin.py:188} INFO - [2025-06-28T04:44:47.925+0000] {dag.py:3823} INFO - Setting next_dagrun for example_skip_dag to 2025-06-27 00:00:00+00:00, run_after=2025-06-28 00:00:00+00:00
[2025-06-28T04:44:47.940+0000] {processor.py:183} INFO - Processing /home/airflow/.local/lib/python3.8/site-packages/airflow/example_dags/example_skip_dag.py took 0.054 seconds
[2025-06-28T04:45:18.090+0000] {processor.py:161} INFO - Started process (PID=6528) to work on /home/airflow/.local/lib/python3.8/site-packages/airflow/example_dags/example_skip_dag.py
[2025-06-28T04:45:18.091+0000] {processor.py:830} INFO - Processing file /home/airflow/.local/lib/python3.8/site-packages/airflow/example_dags/example_skip_dag.py for tasks to queue
[2025-06-28T04:45:18.093+0000] {logging_mixin.py:188} INFO - [2025-06-28T04:45:18.093+0000] {dagbag.py:538} INFO - Filling up the DagBag from /home/airflow/.local/lib/python3.8/site-packages/airflow/example_dags/example_skip_dag.py
[2025-06-28T04:45:18.097+0000] {processor.py:840} INFO - DAG(s) 'example_skip_dag' retrieved from /home/airflow/.local/lib/python3.8/site-packages/airflow/example_dags/example_skip_dag.py
[2025-06-28T04:45:18.110+0000] {logging_mixin.py:188} INFO - [2025-06-28T04:45:18.110+0000] {dag.py:3036} INFO - Sync 1 DAGs
[2025-06-28T04:45:18.123+0000] {logging_mixin.py:188} INFO - [2025-06-28T04:45:18.123+0000] {dag.py:3823} INFO - Setting next_dagrun for example_skip_dag to 2025-06-27 00:00:00+00:00, run_after=2025-06-28 00:00:00+00:00
[2025-06-28T04:45:18.132+0000] {processor.py:183} INFO - Processing /home/airflow/.local/lib/python3.8/site-packages/airflow/example_dags/example_skip_dag.py took 0.045 seconds
[2025-06-28T04:45:48.455+0000] {processor.py:161} INFO - Started process (PID=6778) to work on /home/airflow/.local/lib/python3.8/site-packages/airflow/example_dags/example_skip_dag.py
[2025-06-28T04:45:48.456+0000] {processor.py:830} INFO - Processing file /home/airflow/.local/lib/python3.8/site-packages/airflow/example_dags/example_skip_dag.py for tasks to queue
[2025-06-28T04:45:48.458+0000] {logging_mixin.py:188} INFO - [2025-06-28T04:45:48.458+0000] {dagbag.py:538} INFO - Filling up the DagBag from /home/airflow/.local/lib/python3.8/site-packages/airflow/example_dags/example_skip_dag.py
[2025-06-28T04:45:48.463+0000] {processor.py:840} INFO - DAG(s) 'example_skip_dag' retrieved from /home/airflow/.local/lib/python3.8/site-packages/airflow/example_dags/example_skip_dag.py
[2025-06-28T04:45:48.476+0000] {logging_mixin.py:188} INFO - [2025-06-28T04:45:48.476+0000] {dag.py:3036} INFO - Sync 1 DAGs
[2025-06-28T04:45:48.492+0000] {logging_mixin.py:188} INFO - [2025-06-28T04:45:48.491+0000] {dag.py:3823} INFO - Setting next_dagrun for example_skip_dag to 2025-06-27 00:00:00+00:00, run_after=2025-06-28 00:00:00+00:00
[2025-06-28T04:45:48.508+0000] {processor.py:183} INFO - Processing /home/airflow/.local/lib/python3.8/site-packages/airflow/example_dags/example_skip_dag.py took 0.056 seconds
[2025-06-28T04:46:18.834+0000] {processor.py:161} INFO - Started process (PID=7028) to work on /home/airflow/.local/lib/python3.8/site-packages/airflow/example_dags/example_skip_dag.py
[2025-06-28T04:46:18.835+0000] {processor.py:830} INFO - Processing file /home/airflow/.local/lib/python3.8/site-packages/airflow/example_dags/example_skip_dag.py for tasks to queue
[2025-06-28T04:46:18.836+0000] {logging_mixin.py:188} INFO - [2025-06-28T04:46:18.836+0000] {dagbag.py:538} INFO - Filling up the DagBag from /home/airflow/.local/lib/python3.8/site-packages/airflow/example_dags/example_skip_dag.py
[2025-06-28T04:46:18.840+0000] {processor.py:840} INFO - DAG(s) 'example_skip_dag' retrieved from /home/airflow/.local/lib/python3.8/site-packages/airflow/example_dags/example_skip_dag.py
[2025-06-28T04:46:18.858+0000] {logging_mixin.py:188} INFO - [2025-06-28T04:46:18.857+0000] {dag.py:3036} INFO - Sync 1 DAGs
[2025-06-28T04:46:18.873+0000] {logging_mixin.py:188} INFO - [2025-06-28T04:46:18.873+0000] {dag.py:3823} INFO - Setting next_dagrun for example_skip_dag to 2025-06-27 00:00:00+00:00, run_after=2025-06-28 00:00:00+00:00
[2025-06-28T04:46:18.885+0000] {processor.py:183} INFO - Processing /home/airflow/.local/lib/python3.8/site-packages/airflow/example_dags/example_skip_dag.py took 0.053 seconds
[2025-06-28T04:46:49.538+0000] {processor.py:161} INFO - Started process (PID=7278) to work on /home/airflow/.local/lib/python3.8/site-packages/airflow/example_dags/example_skip_dag.py
[2025-06-28T04:46:49.539+0000] {processor.py:830} INFO - Processing file /home/airflow/.local/lib/python3.8/site-packages/airflow/example_dags/example_skip_dag.py for tasks to queue
[2025-06-28T04:46:49.540+0000] {logging_mixin.py:188} INFO - [2025-06-28T04:46:49.540+0000] {dagbag.py:538} INFO - Filling up the DagBag from /home/airflow/.local/lib/python3.8/site-packages/airflow/example_dags/example_skip_dag.py
[2025-06-28T04:46:49.544+0000] {processor.py:840} INFO - DAG(s) 'example_skip_dag' retrieved from /home/airflow/.local/lib/python3.8/site-packages/airflow/example_dags/example_skip_dag.py
[2025-06-28T04:46:49.557+0000] {logging_mixin.py:188} INFO - [2025-06-28T04:46:49.556+0000] {dag.py:3036} INFO - Sync 1 DAGs
[2025-06-28T04:46:49.574+0000] {logging_mixin.py:188} INFO - [2025-06-28T04:46:49.573+0000] {dag.py:3823} INFO - Setting next_dagrun for example_skip_dag to 2025-06-27 00:00:00+00:00, run_after=2025-06-28 00:00:00+00:00
[2025-06-28T04:46:49.586+0000] {processor.py:183} INFO - Processing /home/airflow/.local/lib/python3.8/site-packages/airflow/example_dags/example_skip_dag.py took 0.051 seconds
[2025-06-28T04:47:19.828+0000] {processor.py:161} INFO - Started process (PID=7530) to work on /home/airflow/.local/lib/python3.8/site-packages/airflow/example_dags/example_skip_dag.py
[2025-06-28T04:47:19.829+0000] {processor.py:830} INFO - Processing file /home/airflow/.local/lib/python3.8/site-packages/airflow/example_dags/example_skip_dag.py for tasks to queue
[2025-06-28T04:47:19.830+0000] {logging_mixin.py:188} INFO - [2025-06-28T04:47:19.829+0000] {dagbag.py:538} INFO - Filling up the DagBag from /home/airflow/.local/lib/python3.8/site-packages/airflow/example_dags/example_skip_dag.py
[2025-06-28T04:47:19.833+0000] {processor.py:840} INFO - DAG(s) 'example_skip_dag' retrieved from /home/airflow/.local/lib/python3.8/site-packages/airflow/example_dags/example_skip_dag.py
[2025-06-28T04:47:19.846+0000] {logging_mixin.py:188} INFO - [2025-06-28T04:47:19.845+0000] {dag.py:3036} INFO - Sync 1 DAGs
[2025-06-28T04:47:19.858+0000] {logging_mixin.py:188} INFO - [2025-06-28T04:47:19.858+0000] {dag.py:3823} INFO - Setting next_dagrun for example_skip_dag to 2025-06-27 00:00:00+00:00, run_after=2025-06-28 00:00:00+00:00
[2025-06-28T04:47:19.869+0000] {processor.py:183} INFO - Processing /home/airflow/.local/lib/python3.8/site-packages/airflow/example_dags/example_skip_dag.py took 0.043 seconds
[2025-06-28T04:47:50.061+0000] {processor.py:161} INFO - Started process (PID=7780) to work on /home/airflow/.local/lib/python3.8/site-packages/airflow/example_dags/example_skip_dag.py
[2025-06-28T04:47:50.062+0000] {processor.py:830} INFO - Processing file /home/airflow/.local/lib/python3.8/site-packages/airflow/example_dags/example_skip_dag.py for tasks to queue
[2025-06-28T04:47:50.064+0000] {logging_mixin.py:188} INFO - [2025-06-28T04:47:50.064+0000] {dagbag.py:538} INFO - Filling up the DagBag from /home/airflow/.local/lib/python3.8/site-packages/airflow/example_dags/example_skip_dag.py
[2025-06-28T04:47:50.068+0000] {processor.py:840} INFO - DAG(s) 'example_skip_dag' retrieved from /home/airflow/.local/lib/python3.8/site-packages/airflow/example_dags/example_skip_dag.py
[2025-06-28T04:47:50.082+0000] {logging_mixin.py:188} INFO - [2025-06-28T04:47:50.082+0000] {dag.py:3036} INFO - Sync 1 DAGs
[2025-06-28T04:47:50.095+0000] {logging_mixin.py:188} INFO - [2025-06-28T04:47:50.095+0000] {dag.py:3823} INFO - Setting next_dagrun for example_skip_dag to 2025-06-27 00:00:00+00:00, run_after=2025-06-28 00:00:00+00:00
[2025-06-28T04:47:50.109+0000] {processor.py:183} INFO - Processing /home/airflow/.local/lib/python3.8/site-packages/airflow/example_dags/example_skip_dag.py took 0.050 seconds
[2025-06-28T04:48:21.221+0000] {processor.py:161} INFO - Started process (PID=8030) to work on /home/airflow/.local/lib/python3.8/site-packages/airflow/example_dags/example_skip_dag.py
[2025-06-28T04:48:21.222+0000] {processor.py:830} INFO - Processing file /home/airflow/.local/lib/python3.8/site-packages/airflow/example_dags/example_skip_dag.py for tasks to queue
[2025-06-28T04:48:21.223+0000] {logging_mixin.py:188} INFO - [2025-06-28T04:48:21.223+0000] {dagbag.py:538} INFO - Filling up the DagBag from /home/airflow/.local/lib/python3.8/site-packages/airflow/example_dags/example_skip_dag.py
[2025-06-28T04:48:21.227+0000] {processor.py:840} INFO - DAG(s) 'example_skip_dag' retrieved from /home/airflow/.local/lib/python3.8/site-packages/airflow/example_dags/example_skip_dag.py
[2025-06-28T04:48:21.245+0000] {logging_mixin.py:188} INFO - [2025-06-28T04:48:21.244+0000] {dag.py:3036} INFO - Sync 1 DAGs
[2025-06-28T04:48:21.264+0000] {logging_mixin.py:188} INFO - [2025-06-28T04:48:21.264+0000] {dag.py:3823} INFO - Setting next_dagrun for example_skip_dag to 2025-06-27 00:00:00+00:00, run_after=2025-06-28 00:00:00+00:00
[2025-06-28T04:48:21.277+0000] {processor.py:183} INFO - Processing /home/airflow/.local/lib/python3.8/site-packages/airflow/example_dags/example_skip_dag.py took 0.060 seconds
