[2025-06-28T04:32:39.600+0000] {processor.py:161} INFO - Started process (PID=330) to work on /home/airflow/.local/lib/python3.8/site-packages/airflow/example_dags/example_external_task_marker_dag.py
[2025-06-28T04:32:39.601+0000] {processor.py:830} INFO - Processing file /home/airflow/.local/lib/python3.8/site-packages/airflow/example_dags/example_external_task_marker_dag.py for tasks to queue
[2025-06-28T04:32:39.604+0000] {logging_mixin.py:188} INFO - [2025-06-28T04:32:39.603+0000] {dagbag.py:538} INFO - Filling up the DagBag from /home/airflow/.local/lib/python3.8/site-packages/airflow/example_dags/example_external_task_marker_dag.py
[2025-06-28T04:32:39.613+0000] {processor.py:840} INFO - DAG(s) 'example_external_task_marker_parent', 'example_external_task_marker_child' retrieved from /home/airflow/.local/lib/python3.8/site-packages/airflow/example_dags/example_external_task_marker_dag.py
[2025-06-28T04:32:39.632+0000] {logging_mixin.py:188} INFO - [2025-06-28T04:32:39.632+0000] {dag.py:3036} INFO - Sync 2 DAGs
[2025-06-28T04:32:39.651+0000] {logging_mixin.py:188} INFO - [2025-06-28T04:32:39.651+0000] {dag.py:3823} INFO - Setting next_dagrun for example_external_task_marker_child to None, run_after=None
[2025-06-28T04:32:39.657+0000] {logging_mixin.py:188} INFO - [2025-06-28T04:32:39.656+0000] {dag.py:3823} INFO - Setting next_dagrun for example_external_task_marker_parent to None, run_after=None
[2025-06-28T04:32:39.680+0000] {processor.py:183} INFO - Processing /home/airflow/.local/lib/python3.8/site-packages/airflow/example_dags/example_external_task_marker_dag.py took 0.084 seconds
[2025-06-28T04:33:10.899+0000] {processor.py:161} INFO - Started process (PID=580) to work on /home/airflow/.local/lib/python3.8/site-packages/airflow/example_dags/example_external_task_marker_dag.py
[2025-06-28T04:33:10.900+0000] {processor.py:830} INFO - Processing file /home/airflow/.local/lib/python3.8/site-packages/airflow/example_dags/example_external_task_marker_dag.py for tasks to queue
[2025-06-28T04:33:10.903+0000] {logging_mixin.py:188} INFO - [2025-06-28T04:33:10.903+0000] {dagbag.py:538} INFO - Filling up the DagBag from /home/airflow/.local/lib/python3.8/site-packages/airflow/example_dags/example_external_task_marker_dag.py
[2025-06-28T04:33:10.912+0000] {processor.py:840} INFO - DAG(s) 'example_external_task_marker_parent', 'example_external_task_marker_child' retrieved from /home/airflow/.local/lib/python3.8/site-packages/airflow/example_dags/example_external_task_marker_dag.py
[2025-06-28T04:33:11.002+0000] {logging_mixin.py:188} INFO - [2025-06-28T04:33:11.001+0000] {dag.py:3036} INFO - Sync 2 DAGs
[2025-06-28T04:33:11.010+0000] {logging_mixin.py:188} INFO - [2025-06-28T04:33:11.010+0000] {dag.py:3823} INFO - Setting next_dagrun for example_external_task_marker_child to None, run_after=None
[2025-06-28T04:33:11.012+0000] {logging_mixin.py:188} INFO - [2025-06-28T04:33:11.012+0000] {dag.py:3823} INFO - Setting next_dagrun for example_external_task_marker_parent to None, run_after=None
[2025-06-28T04:33:11.028+0000] {processor.py:183} INFO - Processing /home/airflow/.local/lib/python3.8/site-packages/airflow/example_dags/example_external_task_marker_dag.py took 0.133 seconds
[2025-06-28T04:33:41.103+0000] {processor.py:161} INFO - Started process (PID=830) to work on /home/airflow/.local/lib/python3.8/site-packages/airflow/example_dags/example_external_task_marker_dag.py
[2025-06-28T04:33:41.105+0000] {processor.py:830} INFO - Processing file /home/airflow/.local/lib/python3.8/site-packages/airflow/example_dags/example_external_task_marker_dag.py for tasks to queue
[2025-06-28T04:33:41.106+0000] {logging_mixin.py:188} INFO - [2025-06-28T04:33:41.106+0000] {dagbag.py:538} INFO - Filling up the DagBag from /home/airflow/.local/lib/python3.8/site-packages/airflow/example_dags/example_external_task_marker_dag.py
[2025-06-28T04:33:41.111+0000] {processor.py:840} INFO - DAG(s) 'example_external_task_marker_child', 'example_external_task_marker_parent' retrieved from /home/airflow/.local/lib/python3.8/site-packages/airflow/example_dags/example_external_task_marker_dag.py
[2025-06-28T04:33:41.126+0000] {logging_mixin.py:188} INFO - [2025-06-28T04:33:41.126+0000] {dag.py:3036} INFO - Sync 2 DAGs
[2025-06-28T04:33:41.135+0000] {logging_mixin.py:188} INFO - [2025-06-28T04:33:41.135+0000] {dag.py:3823} INFO - Setting next_dagrun for example_external_task_marker_child to None, run_after=None
[2025-06-28T04:33:41.137+0000] {logging_mixin.py:188} INFO - [2025-06-28T04:33:41.137+0000] {dag.py:3823} INFO - Setting next_dagrun for example_external_task_marker_parent to None, run_after=None
[2025-06-28T04:33:41.149+0000] {processor.py:183} INFO - Processing /home/airflow/.local/lib/python3.8/site-packages/airflow/example_dags/example_external_task_marker_dag.py took 0.049 seconds
[2025-06-28T04:34:11.404+0000] {processor.py:161} INFO - Started process (PID=1078) to work on /home/airflow/.local/lib/python3.8/site-packages/airflow/example_dags/example_external_task_marker_dag.py
[2025-06-28T04:34:11.405+0000] {processor.py:830} INFO - Processing file /home/airflow/.local/lib/python3.8/site-packages/airflow/example_dags/example_external_task_marker_dag.py for tasks to queue
[2025-06-28T04:34:11.406+0000] {logging_mixin.py:188} INFO - [2025-06-28T04:34:11.406+0000] {dagbag.py:538} INFO - Filling up the DagBag from /home/airflow/.local/lib/python3.8/site-packages/airflow/example_dags/example_external_task_marker_dag.py
[2025-06-28T04:34:11.409+0000] {processor.py:840} INFO - DAG(s) 'example_external_task_marker_parent', 'example_external_task_marker_child' retrieved from /home/airflow/.local/lib/python3.8/site-packages/airflow/example_dags/example_external_task_marker_dag.py
[2025-06-28T04:34:11.428+0000] {logging_mixin.py:188} INFO - [2025-06-28T04:34:11.428+0000] {dag.py:3036} INFO - Sync 2 DAGs
[2025-06-28T04:34:11.438+0000] {logging_mixin.py:188} INFO - [2025-06-28T04:34:11.438+0000] {dag.py:3823} INFO - Setting next_dagrun for example_external_task_marker_child to None, run_after=None
[2025-06-28T04:34:11.441+0000] {logging_mixin.py:188} INFO - [2025-06-28T04:34:11.441+0000] {dag.py:3823} INFO - Setting next_dagrun for example_external_task_marker_parent to None, run_after=None
[2025-06-28T04:34:11.454+0000] {processor.py:183} INFO - Processing /home/airflow/.local/lib/python3.8/site-packages/airflow/example_dags/example_external_task_marker_dag.py took 0.051 seconds
[2025-06-28T04:34:41.829+0000] {processor.py:161} INFO - Started process (PID=1328) to work on /home/airflow/.local/lib/python3.8/site-packages/airflow/example_dags/example_external_task_marker_dag.py
[2025-06-28T04:34:41.830+0000] {processor.py:830} INFO - Processing file /home/airflow/.local/lib/python3.8/site-packages/airflow/example_dags/example_external_task_marker_dag.py for tasks to queue
[2025-06-28T04:34:41.831+0000] {logging_mixin.py:188} INFO - [2025-06-28T04:34:41.831+0000] {dagbag.py:538} INFO - Filling up the DagBag from /home/airflow/.local/lib/python3.8/site-packages/airflow/example_dags/example_external_task_marker_dag.py
[2025-06-28T04:34:41.836+0000] {processor.py:840} INFO - DAG(s) 'example_external_task_marker_child', 'example_external_task_marker_parent' retrieved from /home/airflow/.local/lib/python3.8/site-packages/airflow/example_dags/example_external_task_marker_dag.py
[2025-06-28T04:34:41.852+0000] {logging_mixin.py:188} INFO - [2025-06-28T04:34:41.852+0000] {dag.py:3036} INFO - Sync 2 DAGs
[2025-06-28T04:34:41.859+0000] {logging_mixin.py:188} INFO - [2025-06-28T04:34:41.859+0000] {dag.py:3823} INFO - Setting next_dagrun for example_external_task_marker_child to None, run_after=None
[2025-06-28T04:34:41.862+0000] {logging_mixin.py:188} INFO - [2025-06-28T04:34:41.861+0000] {dag.py:3823} INFO - Setting next_dagrun for example_external_task_marker_parent to None, run_after=None
[2025-06-28T04:34:41.874+0000] {processor.py:183} INFO - Processing /home/airflow/.local/lib/python3.8/site-packages/airflow/example_dags/example_external_task_marker_dag.py took 0.046 seconds
[2025-06-28T04:35:12.268+0000] {processor.py:161} INFO - Started process (PID=1580) to work on /home/airflow/.local/lib/python3.8/site-packages/airflow/example_dags/example_external_task_marker_dag.py
[2025-06-28T04:35:12.270+0000] {processor.py:830} INFO - Processing file /home/airflow/.local/lib/python3.8/site-packages/airflow/example_dags/example_external_task_marker_dag.py for tasks to queue
[2025-06-28T04:35:12.272+0000] {logging_mixin.py:188} INFO - [2025-06-28T04:35:12.272+0000] {dagbag.py:538} INFO - Filling up the DagBag from /home/airflow/.local/lib/python3.8/site-packages/airflow/example_dags/example_external_task_marker_dag.py
[2025-06-28T04:35:12.276+0000] {processor.py:840} INFO - DAG(s) 'example_external_task_marker_child', 'example_external_task_marker_parent' retrieved from /home/airflow/.local/lib/python3.8/site-packages/airflow/example_dags/example_external_task_marker_dag.py
[2025-06-28T04:35:12.295+0000] {logging_mixin.py:188} INFO - [2025-06-28T04:35:12.295+0000] {dag.py:3036} INFO - Sync 2 DAGs
[2025-06-28T04:35:12.303+0000] {logging_mixin.py:188} INFO - [2025-06-28T04:35:12.303+0000] {dag.py:3823} INFO - Setting next_dagrun for example_external_task_marker_child to None, run_after=None
[2025-06-28T04:35:12.306+0000] {logging_mixin.py:188} INFO - [2025-06-28T04:35:12.305+0000] {dag.py:3823} INFO - Setting next_dagrun for example_external_task_marker_parent to None, run_after=None
[2025-06-28T04:35:12.317+0000] {processor.py:183} INFO - Processing /home/airflow/.local/lib/python3.8/site-packages/airflow/example_dags/example_external_task_marker_dag.py took 0.052 seconds
[2025-06-28T04:35:42.933+0000] {processor.py:161} INFO - Started process (PID=1830) to work on /home/airflow/.local/lib/python3.8/site-packages/airflow/example_dags/example_external_task_marker_dag.py
[2025-06-28T04:35:42.934+0000] {processor.py:830} INFO - Processing file /home/airflow/.local/lib/python3.8/site-packages/airflow/example_dags/example_external_task_marker_dag.py for tasks to queue
[2025-06-28T04:35:42.937+0000] {logging_mixin.py:188} INFO - [2025-06-28T04:35:42.936+0000] {dagbag.py:538} INFO - Filling up the DagBag from /home/airflow/.local/lib/python3.8/site-packages/airflow/example_dags/example_external_task_marker_dag.py
[2025-06-28T04:35:42.945+0000] {processor.py:840} INFO - DAG(s) 'example_external_task_marker_child', 'example_external_task_marker_parent' retrieved from /home/airflow/.local/lib/python3.8/site-packages/airflow/example_dags/example_external_task_marker_dag.py
[2025-06-28T04:35:42.964+0000] {logging_mixin.py:188} INFO - [2025-06-28T04:35:42.963+0000] {dag.py:3036} INFO - Sync 2 DAGs
[2025-06-28T04:35:42.971+0000] {logging_mixin.py:188} INFO - [2025-06-28T04:35:42.971+0000] {dag.py:3823} INFO - Setting next_dagrun for example_external_task_marker_child to None, run_after=None
[2025-06-28T04:35:42.975+0000] {logging_mixin.py:188} INFO - [2025-06-28T04:35:42.974+0000] {dag.py:3823} INFO - Setting next_dagrun for example_external_task_marker_parent to None, run_after=None
[2025-06-28T04:35:42.988+0000] {processor.py:183} INFO - Processing /home/airflow/.local/lib/python3.8/site-packages/airflow/example_dags/example_external_task_marker_dag.py took 0.060 seconds
[2025-06-28T04:36:13.240+0000] {processor.py:161} INFO - Started process (PID=2078) to work on /home/airflow/.local/lib/python3.8/site-packages/airflow/example_dags/example_external_task_marker_dag.py
[2025-06-28T04:36:13.241+0000] {processor.py:830} INFO - Processing file /home/airflow/.local/lib/python3.8/site-packages/airflow/example_dags/example_external_task_marker_dag.py for tasks to queue
[2025-06-28T04:36:13.242+0000] {logging_mixin.py:188} INFO - [2025-06-28T04:36:13.242+0000] {dagbag.py:538} INFO - Filling up the DagBag from /home/airflow/.local/lib/python3.8/site-packages/airflow/example_dags/example_external_task_marker_dag.py
[2025-06-28T04:36:13.245+0000] {processor.py:840} INFO - DAG(s) 'example_external_task_marker_parent', 'example_external_task_marker_child' retrieved from /home/airflow/.local/lib/python3.8/site-packages/airflow/example_dags/example_external_task_marker_dag.py
[2025-06-28T04:36:13.260+0000] {logging_mixin.py:188} INFO - [2025-06-28T04:36:13.259+0000] {dag.py:3036} INFO - Sync 2 DAGs
[2025-06-28T04:36:13.266+0000] {logging_mixin.py:188} INFO - [2025-06-28T04:36:13.266+0000] {dag.py:3823} INFO - Setting next_dagrun for example_external_task_marker_child to None, run_after=None
[2025-06-28T04:36:13.268+0000] {logging_mixin.py:188} INFO - [2025-06-28T04:36:13.268+0000] {dag.py:3823} INFO - Setting next_dagrun for example_external_task_marker_parent to None, run_after=None
[2025-06-28T04:36:13.278+0000] {processor.py:183} INFO - Processing /home/airflow/.local/lib/python3.8/site-packages/airflow/example_dags/example_external_task_marker_dag.py took 0.039 seconds
[2025-06-28T04:36:43.489+0000] {processor.py:161} INFO - Started process (PID=2328) to work on /home/airflow/.local/lib/python3.8/site-packages/airflow/example_dags/example_external_task_marker_dag.py
[2025-06-28T04:36:43.489+0000] {processor.py:830} INFO - Processing file /home/airflow/.local/lib/python3.8/site-packages/airflow/example_dags/example_external_task_marker_dag.py for tasks to queue
[2025-06-28T04:36:43.491+0000] {logging_mixin.py:188} INFO - [2025-06-28T04:36:43.490+0000] {dagbag.py:538} INFO - Filling up the DagBag from /home/airflow/.local/lib/python3.8/site-packages/airflow/example_dags/example_external_task_marker_dag.py
[2025-06-28T04:36:43.494+0000] {processor.py:840} INFO - DAG(s) 'example_external_task_marker_child', 'example_external_task_marker_parent' retrieved from /home/airflow/.local/lib/python3.8/site-packages/airflow/example_dags/example_external_task_marker_dag.py
[2025-06-28T04:36:43.513+0000] {logging_mixin.py:188} INFO - [2025-06-28T04:36:43.512+0000] {dag.py:3036} INFO - Sync 2 DAGs
[2025-06-28T04:36:43.521+0000] {logging_mixin.py:188} INFO - [2025-06-28T04:36:43.520+0000] {dag.py:3823} INFO - Setting next_dagrun for example_external_task_marker_child to None, run_after=None
[2025-06-28T04:36:43.523+0000] {logging_mixin.py:188} INFO - [2025-06-28T04:36:43.523+0000] {dag.py:3823} INFO - Setting next_dagrun for example_external_task_marker_parent to None, run_after=None
[2025-06-28T04:36:43.537+0000] {processor.py:183} INFO - Processing /home/airflow/.local/lib/python3.8/site-packages/airflow/example_dags/example_external_task_marker_dag.py took 0.050 seconds
[2025-06-28T04:37:13.621+0000] {processor.py:161} INFO - Started process (PID=2578) to work on /home/airflow/.local/lib/python3.8/site-packages/airflow/example_dags/example_external_task_marker_dag.py
[2025-06-28T04:37:13.622+0000] {processor.py:830} INFO - Processing file /home/airflow/.local/lib/python3.8/site-packages/airflow/example_dags/example_external_task_marker_dag.py for tasks to queue
[2025-06-28T04:37:13.623+0000] {logging_mixin.py:188} INFO - [2025-06-28T04:37:13.623+0000] {dagbag.py:538} INFO - Filling up the DagBag from /home/airflow/.local/lib/python3.8/site-packages/airflow/example_dags/example_external_task_marker_dag.py
[2025-06-28T04:37:13.627+0000] {processor.py:840} INFO - DAG(s) 'example_external_task_marker_parent', 'example_external_task_marker_child' retrieved from /home/airflow/.local/lib/python3.8/site-packages/airflow/example_dags/example_external_task_marker_dag.py
[2025-06-28T04:37:13.646+0000] {logging_mixin.py:188} INFO - [2025-06-28T04:37:13.646+0000] {dag.py:3036} INFO - Sync 2 DAGs
[2025-06-28T04:37:13.654+0000] {logging_mixin.py:188} INFO - [2025-06-28T04:37:13.654+0000] {dag.py:3823} INFO - Setting next_dagrun for example_external_task_marker_child to None, run_after=None
[2025-06-28T04:37:13.657+0000] {logging_mixin.py:188} INFO - [2025-06-28T04:37:13.657+0000] {dag.py:3823} INFO - Setting next_dagrun for example_external_task_marker_parent to None, run_after=None
[2025-06-28T04:37:13.668+0000] {processor.py:183} INFO - Processing /home/airflow/.local/lib/python3.8/site-packages/airflow/example_dags/example_external_task_marker_dag.py took 0.051 seconds
[2025-06-28T04:37:43.751+0000] {processor.py:161} INFO - Started process (PID=2828) to work on /home/airflow/.local/lib/python3.8/site-packages/airflow/example_dags/example_external_task_marker_dag.py
[2025-06-28T04:37:43.751+0000] {processor.py:830} INFO - Processing file /home/airflow/.local/lib/python3.8/site-packages/airflow/example_dags/example_external_task_marker_dag.py for tasks to queue
[2025-06-28T04:37:43.752+0000] {logging_mixin.py:188} INFO - [2025-06-28T04:37:43.752+0000] {dagbag.py:538} INFO - Filling up the DagBag from /home/airflow/.local/lib/python3.8/site-packages/airflow/example_dags/example_external_task_marker_dag.py
[2025-06-28T04:37:43.756+0000] {processor.py:840} INFO - DAG(s) 'example_external_task_marker_child', 'example_external_task_marker_parent' retrieved from /home/airflow/.local/lib/python3.8/site-packages/airflow/example_dags/example_external_task_marker_dag.py
[2025-06-28T04:37:43.769+0000] {logging_mixin.py:188} INFO - [2025-06-28T04:37:43.769+0000] {dag.py:3036} INFO - Sync 2 DAGs
[2025-06-28T04:37:43.777+0000] {logging_mixin.py:188} INFO - [2025-06-28T04:37:43.777+0000] {dag.py:3823} INFO - Setting next_dagrun for example_external_task_marker_child to None, run_after=None
[2025-06-28T04:37:43.780+0000] {logging_mixin.py:188} INFO - [2025-06-28T04:37:43.780+0000] {dag.py:3823} INFO - Setting next_dagrun for example_external_task_marker_parent to None, run_after=None
[2025-06-28T04:37:43.791+0000] {processor.py:183} INFO - Processing /home/airflow/.local/lib/python3.8/site-packages/airflow/example_dags/example_external_task_marker_dag.py took 0.042 seconds
[2025-06-28T04:38:14.068+0000] {processor.py:161} INFO - Started process (PID=3078) to work on /home/airflow/.local/lib/python3.8/site-packages/airflow/example_dags/example_external_task_marker_dag.py
[2025-06-28T04:38:14.069+0000] {processor.py:830} INFO - Processing file /home/airflow/.local/lib/python3.8/site-packages/airflow/example_dags/example_external_task_marker_dag.py for tasks to queue
[2025-06-28T04:38:14.070+0000] {logging_mixin.py:188} INFO - [2025-06-28T04:38:14.070+0000] {dagbag.py:538} INFO - Filling up the DagBag from /home/airflow/.local/lib/python3.8/site-packages/airflow/example_dags/example_external_task_marker_dag.py
[2025-06-28T04:38:14.073+0000] {processor.py:840} INFO - DAG(s) 'example_external_task_marker_child', 'example_external_task_marker_parent' retrieved from /home/airflow/.local/lib/python3.8/site-packages/airflow/example_dags/example_external_task_marker_dag.py
[2025-06-28T04:38:14.091+0000] {logging_mixin.py:188} INFO - [2025-06-28T04:38:14.091+0000] {dag.py:3036} INFO - Sync 2 DAGs
[2025-06-28T04:38:14.099+0000] {logging_mixin.py:188} INFO - [2025-06-28T04:38:14.099+0000] {dag.py:3823} INFO - Setting next_dagrun for example_external_task_marker_child to None, run_after=None
[2025-06-28T04:38:14.101+0000] {logging_mixin.py:188} INFO - [2025-06-28T04:38:14.101+0000] {dag.py:3823} INFO - Setting next_dagrun for example_external_task_marker_parent to None, run_after=None
[2025-06-28T04:38:14.112+0000] {processor.py:183} INFO - Processing /home/airflow/.local/lib/python3.8/site-packages/airflow/example_dags/example_external_task_marker_dag.py took 0.046 seconds
[2025-06-28T04:38:44.369+0000] {processor.py:161} INFO - Started process (PID=3323) to work on /home/airflow/.local/lib/python3.8/site-packages/airflow/example_dags/example_external_task_marker_dag.py
[2025-06-28T04:38:44.369+0000] {processor.py:830} INFO - Processing file /home/airflow/.local/lib/python3.8/site-packages/airflow/example_dags/example_external_task_marker_dag.py for tasks to queue
[2025-06-28T04:38:44.370+0000] {logging_mixin.py:188} INFO - [2025-06-28T04:38:44.370+0000] {dagbag.py:538} INFO - Filling up the DagBag from /home/airflow/.local/lib/python3.8/site-packages/airflow/example_dags/example_external_task_marker_dag.py
[2025-06-28T04:38:44.373+0000] {processor.py:840} INFO - DAG(s) 'example_external_task_marker_child', 'example_external_task_marker_parent' retrieved from /home/airflow/.local/lib/python3.8/site-packages/airflow/example_dags/example_external_task_marker_dag.py
[2025-06-28T04:38:44.392+0000] {logging_mixin.py:188} INFO - [2025-06-28T04:38:44.392+0000] {dag.py:3036} INFO - Sync 2 DAGs
[2025-06-28T04:38:44.401+0000] {logging_mixin.py:188} INFO - [2025-06-28T04:38:44.400+0000] {dag.py:3823} INFO - Setting next_dagrun for example_external_task_marker_child to None, run_after=None
[2025-06-28T04:38:44.403+0000] {logging_mixin.py:188} INFO - [2025-06-28T04:38:44.403+0000] {dag.py:3823} INFO - Setting next_dagrun for example_external_task_marker_parent to None, run_after=None
[2025-06-28T04:38:44.417+0000] {processor.py:183} INFO - Processing /home/airflow/.local/lib/python3.8/site-packages/airflow/example_dags/example_external_task_marker_dag.py took 0.050 seconds
[2025-06-28T04:39:14.608+0000] {processor.py:161} INFO - Started process (PID=3578) to work on /home/airflow/.local/lib/python3.8/site-packages/airflow/example_dags/example_external_task_marker_dag.py
[2025-06-28T04:39:14.608+0000] {processor.py:830} INFO - Processing file /home/airflow/.local/lib/python3.8/site-packages/airflow/example_dags/example_external_task_marker_dag.py for tasks to queue
[2025-06-28T04:39:14.609+0000] {logging_mixin.py:188} INFO - [2025-06-28T04:39:14.609+0000] {dagbag.py:538} INFO - Filling up the DagBag from /home/airflow/.local/lib/python3.8/site-packages/airflow/example_dags/example_external_task_marker_dag.py
[2025-06-28T04:39:14.612+0000] {processor.py:840} INFO - DAG(s) 'example_external_task_marker_parent', 'example_external_task_marker_child' retrieved from /home/airflow/.local/lib/python3.8/site-packages/airflow/example_dags/example_external_task_marker_dag.py
[2025-06-28T04:39:14.631+0000] {logging_mixin.py:188} INFO - [2025-06-28T04:39:14.630+0000] {dag.py:3036} INFO - Sync 2 DAGs
[2025-06-28T04:39:14.638+0000] {logging_mixin.py:188} INFO - [2025-06-28T04:39:14.638+0000] {dag.py:3823} INFO - Setting next_dagrun for example_external_task_marker_child to None, run_after=None
[2025-06-28T04:39:14.641+0000] {logging_mixin.py:188} INFO - [2025-06-28T04:39:14.641+0000] {dag.py:3823} INFO - Setting next_dagrun for example_external_task_marker_parent to None, run_after=None
[2025-06-28T04:39:14.655+0000] {processor.py:183} INFO - Processing /home/airflow/.local/lib/python3.8/site-packages/airflow/example_dags/example_external_task_marker_dag.py took 0.049 seconds
[2025-06-28T04:39:44.853+0000] {processor.py:161} INFO - Started process (PID=3830) to work on /home/airflow/.local/lib/python3.8/site-packages/airflow/example_dags/example_external_task_marker_dag.py
[2025-06-28T04:39:44.854+0000] {processor.py:830} INFO - Processing file /home/airflow/.local/lib/python3.8/site-packages/airflow/example_dags/example_external_task_marker_dag.py for tasks to queue
[2025-06-28T04:39:44.855+0000] {logging_mixin.py:188} INFO - [2025-06-28T04:39:44.855+0000] {dagbag.py:538} INFO - Filling up the DagBag from /home/airflow/.local/lib/python3.8/site-packages/airflow/example_dags/example_external_task_marker_dag.py
[2025-06-28T04:39:44.859+0000] {processor.py:840} INFO - DAG(s) 'example_external_task_marker_parent', 'example_external_task_marker_child' retrieved from /home/airflow/.local/lib/python3.8/site-packages/airflow/example_dags/example_external_task_marker_dag.py
[2025-06-28T04:39:44.872+0000] {logging_mixin.py:188} INFO - [2025-06-28T04:39:44.871+0000] {dag.py:3036} INFO - Sync 2 DAGs
[2025-06-28T04:39:44.878+0000] {logging_mixin.py:188} INFO - [2025-06-28T04:39:44.878+0000] {dag.py:3823} INFO - Setting next_dagrun for example_external_task_marker_child to None, run_after=None
[2025-06-28T04:39:44.880+0000] {logging_mixin.py:188} INFO - [2025-06-28T04:39:44.880+0000] {dag.py:3823} INFO - Setting next_dagrun for example_external_task_marker_parent to None, run_after=None
[2025-06-28T04:39:44.891+0000] {processor.py:183} INFO - Processing /home/airflow/.local/lib/python3.8/site-packages/airflow/example_dags/example_external_task_marker_dag.py took 0.040 seconds
[2025-06-28T04:40:15.145+0000] {processor.py:161} INFO - Started process (PID=4078) to work on /home/airflow/.local/lib/python3.8/site-packages/airflow/example_dags/example_external_task_marker_dag.py
[2025-06-28T04:40:15.145+0000] {processor.py:830} INFO - Processing file /home/airflow/.local/lib/python3.8/site-packages/airflow/example_dags/example_external_task_marker_dag.py for tasks to queue
[2025-06-28T04:40:15.146+0000] {logging_mixin.py:188} INFO - [2025-06-28T04:40:15.146+0000] {dagbag.py:538} INFO - Filling up the DagBag from /home/airflow/.local/lib/python3.8/site-packages/airflow/example_dags/example_external_task_marker_dag.py
[2025-06-28T04:40:15.149+0000] {processor.py:840} INFO - DAG(s) 'example_external_task_marker_parent', 'example_external_task_marker_child' retrieved from /home/airflow/.local/lib/python3.8/site-packages/airflow/example_dags/example_external_task_marker_dag.py
[2025-06-28T04:40:15.165+0000] {logging_mixin.py:188} INFO - [2025-06-28T04:40:15.165+0000] {dag.py:3036} INFO - Sync 2 DAGs
[2025-06-28T04:40:15.173+0000] {logging_mixin.py:188} INFO - [2025-06-28T04:40:15.173+0000] {dag.py:3823} INFO - Setting next_dagrun for example_external_task_marker_child to None, run_after=None
[2025-06-28T04:40:15.176+0000] {logging_mixin.py:188} INFO - [2025-06-28T04:40:15.176+0000] {dag.py:3823} INFO - Setting next_dagrun for example_external_task_marker_parent to None, run_after=None
[2025-06-28T04:40:15.190+0000] {processor.py:183} INFO - Processing /home/airflow/.local/lib/python3.8/site-packages/airflow/example_dags/example_external_task_marker_dag.py took 0.047 seconds
[2025-06-28T04:40:45.461+0000] {processor.py:161} INFO - Started process (PID=4328) to work on /home/airflow/.local/lib/python3.8/site-packages/airflow/example_dags/example_external_task_marker_dag.py
[2025-06-28T04:40:45.462+0000] {processor.py:830} INFO - Processing file /home/airflow/.local/lib/python3.8/site-packages/airflow/example_dags/example_external_task_marker_dag.py for tasks to queue
[2025-06-28T04:40:45.463+0000] {logging_mixin.py:188} INFO - [2025-06-28T04:40:45.463+0000] {dagbag.py:538} INFO - Filling up the DagBag from /home/airflow/.local/lib/python3.8/site-packages/airflow/example_dags/example_external_task_marker_dag.py
[2025-06-28T04:40:45.467+0000] {processor.py:840} INFO - DAG(s) 'example_external_task_marker_parent', 'example_external_task_marker_child' retrieved from /home/airflow/.local/lib/python3.8/site-packages/airflow/example_dags/example_external_task_marker_dag.py
[2025-06-28T04:40:45.483+0000] {logging_mixin.py:188} INFO - [2025-06-28T04:40:45.483+0000] {dag.py:3036} INFO - Sync 2 DAGs
[2025-06-28T04:40:45.492+0000] {logging_mixin.py:188} INFO - [2025-06-28T04:40:45.492+0000] {dag.py:3823} INFO - Setting next_dagrun for example_external_task_marker_child to None, run_after=None
[2025-06-28T04:40:45.494+0000] {logging_mixin.py:188} INFO - [2025-06-28T04:40:45.494+0000] {dag.py:3823} INFO - Setting next_dagrun for example_external_task_marker_parent to None, run_after=None
[2025-06-28T04:40:45.505+0000] {processor.py:183} INFO - Processing /home/airflow/.local/lib/python3.8/site-packages/airflow/example_dags/example_external_task_marker_dag.py took 0.046 seconds
[2025-06-28T04:41:15.925+0000] {processor.py:161} INFO - Started process (PID=4578) to work on /home/airflow/.local/lib/python3.8/site-packages/airflow/example_dags/example_external_task_marker_dag.py
[2025-06-28T04:41:15.926+0000] {processor.py:830} INFO - Processing file /home/airflow/.local/lib/python3.8/site-packages/airflow/example_dags/example_external_task_marker_dag.py for tasks to queue
[2025-06-28T04:41:15.927+0000] {logging_mixin.py:188} INFO - [2025-06-28T04:41:15.927+0000] {dagbag.py:538} INFO - Filling up the DagBag from /home/airflow/.local/lib/python3.8/site-packages/airflow/example_dags/example_external_task_marker_dag.py
[2025-06-28T04:41:15.930+0000] {processor.py:840} INFO - DAG(s) 'example_external_task_marker_child', 'example_external_task_marker_parent' retrieved from /home/airflow/.local/lib/python3.8/site-packages/airflow/example_dags/example_external_task_marker_dag.py
[2025-06-28T04:41:15.945+0000] {logging_mixin.py:188} INFO - [2025-06-28T04:41:15.944+0000] {dag.py:3036} INFO - Sync 2 DAGs
[2025-06-28T04:41:15.952+0000] {logging_mixin.py:188} INFO - [2025-06-28T04:41:15.952+0000] {dag.py:3823} INFO - Setting next_dagrun for example_external_task_marker_child to None, run_after=None
[2025-06-28T04:41:15.954+0000] {logging_mixin.py:188} INFO - [2025-06-28T04:41:15.954+0000] {dag.py:3823} INFO - Setting next_dagrun for example_external_task_marker_parent to None, run_after=None
[2025-06-28T04:41:15.967+0000] {processor.py:183} INFO - Processing /home/airflow/.local/lib/python3.8/site-packages/airflow/example_dags/example_external_task_marker_dag.py took 0.043 seconds
[2025-06-28T04:41:46.284+0000] {processor.py:161} INFO - Started process (PID=4828) to work on /home/airflow/.local/lib/python3.8/site-packages/airflow/example_dags/example_external_task_marker_dag.py
[2025-06-28T04:41:46.285+0000] {processor.py:830} INFO - Processing file /home/airflow/.local/lib/python3.8/site-packages/airflow/example_dags/example_external_task_marker_dag.py for tasks to queue
[2025-06-28T04:41:46.286+0000] {logging_mixin.py:188} INFO - [2025-06-28T04:41:46.285+0000] {dagbag.py:538} INFO - Filling up the DagBag from /home/airflow/.local/lib/python3.8/site-packages/airflow/example_dags/example_external_task_marker_dag.py
[2025-06-28T04:41:46.289+0000] {processor.py:840} INFO - DAG(s) 'example_external_task_marker_child', 'example_external_task_marker_parent' retrieved from /home/airflow/.local/lib/python3.8/site-packages/airflow/example_dags/example_external_task_marker_dag.py
[2025-06-28T04:41:46.308+0000] {logging_mixin.py:188} INFO - [2025-06-28T04:41:46.308+0000] {dag.py:3036} INFO - Sync 2 DAGs
[2025-06-28T04:41:46.319+0000] {logging_mixin.py:188} INFO - [2025-06-28T04:41:46.319+0000] {dag.py:3823} INFO - Setting next_dagrun for example_external_task_marker_child to None, run_after=None
[2025-06-28T04:41:46.321+0000] {logging_mixin.py:188} INFO - [2025-06-28T04:41:46.321+0000] {dag.py:3823} INFO - Setting next_dagrun for example_external_task_marker_parent to None, run_after=None
[2025-06-28T04:41:46.335+0000] {processor.py:183} INFO - Processing /home/airflow/.local/lib/python3.8/site-packages/airflow/example_dags/example_external_task_marker_dag.py took 0.053 seconds
[2025-06-28T04:42:16.608+0000] {processor.py:161} INFO - Started process (PID=5078) to work on /home/airflow/.local/lib/python3.8/site-packages/airflow/example_dags/example_external_task_marker_dag.py
[2025-06-28T04:42:16.608+0000] {processor.py:830} INFO - Processing file /home/airflow/.local/lib/python3.8/site-packages/airflow/example_dags/example_external_task_marker_dag.py for tasks to queue
[2025-06-28T04:42:16.609+0000] {logging_mixin.py:188} INFO - [2025-06-28T04:42:16.609+0000] {dagbag.py:538} INFO - Filling up the DagBag from /home/airflow/.local/lib/python3.8/site-packages/airflow/example_dags/example_external_task_marker_dag.py
[2025-06-28T04:42:16.613+0000] {processor.py:840} INFO - DAG(s) 'example_external_task_marker_parent', 'example_external_task_marker_child' retrieved from /home/airflow/.local/lib/python3.8/site-packages/airflow/example_dags/example_external_task_marker_dag.py
[2025-06-28T04:42:16.627+0000] {logging_mixin.py:188} INFO - [2025-06-28T04:42:16.627+0000] {dag.py:3036} INFO - Sync 2 DAGs
[2025-06-28T04:42:16.637+0000] {logging_mixin.py:188} INFO - [2025-06-28T04:42:16.636+0000] {dag.py:3823} INFO - Setting next_dagrun for example_external_task_marker_child to None, run_after=None
[2025-06-28T04:42:16.640+0000] {logging_mixin.py:188} INFO - [2025-06-28T04:42:16.640+0000] {dag.py:3823} INFO - Setting next_dagrun for example_external_task_marker_parent to None, run_after=None
[2025-06-28T04:42:16.652+0000] {processor.py:183} INFO - Processing /home/airflow/.local/lib/python3.8/site-packages/airflow/example_dags/example_external_task_marker_dag.py took 0.046 seconds
[2025-06-28T04:42:46.926+0000] {processor.py:161} INFO - Started process (PID=5329) to work on /home/airflow/.local/lib/python3.8/site-packages/airflow/example_dags/example_external_task_marker_dag.py
[2025-06-28T04:42:46.927+0000] {processor.py:830} INFO - Processing file /home/airflow/.local/lib/python3.8/site-packages/airflow/example_dags/example_external_task_marker_dag.py for tasks to queue
[2025-06-28T04:42:46.928+0000] {logging_mixin.py:188} INFO - [2025-06-28T04:42:46.928+0000] {dagbag.py:538} INFO - Filling up the DagBag from /home/airflow/.local/lib/python3.8/site-packages/airflow/example_dags/example_external_task_marker_dag.py
[2025-06-28T04:42:46.931+0000] {processor.py:840} INFO - DAG(s) 'example_external_task_marker_child', 'example_external_task_marker_parent' retrieved from /home/airflow/.local/lib/python3.8/site-packages/airflow/example_dags/example_external_task_marker_dag.py
[2025-06-28T04:42:46.949+0000] {logging_mixin.py:188} INFO - [2025-06-28T04:42:46.949+0000] {dag.py:3036} INFO - Sync 2 DAGs
[2025-06-28T04:42:46.957+0000] {logging_mixin.py:188} INFO - [2025-06-28T04:42:46.957+0000] {dag.py:3823} INFO - Setting next_dagrun for example_external_task_marker_child to None, run_after=None
[2025-06-28T04:42:46.960+0000] {logging_mixin.py:188} INFO - [2025-06-28T04:42:46.960+0000] {dag.py:3823} INFO - Setting next_dagrun for example_external_task_marker_parent to None, run_after=None
[2025-06-28T04:42:46.977+0000] {processor.py:183} INFO - Processing /home/airflow/.local/lib/python3.8/site-packages/airflow/example_dags/example_external_task_marker_dag.py took 0.053 seconds
[2025-06-28T04:43:17.167+0000] {processor.py:161} INFO - Started process (PID=5580) to work on /home/airflow/.local/lib/python3.8/site-packages/airflow/example_dags/example_external_task_marker_dag.py
[2025-06-28T04:43:17.168+0000] {processor.py:830} INFO - Processing file /home/airflow/.local/lib/python3.8/site-packages/airflow/example_dags/example_external_task_marker_dag.py for tasks to queue
[2025-06-28T04:43:17.169+0000] {logging_mixin.py:188} INFO - [2025-06-28T04:43:17.168+0000] {dagbag.py:538} INFO - Filling up the DagBag from /home/airflow/.local/lib/python3.8/site-packages/airflow/example_dags/example_external_task_marker_dag.py
[2025-06-28T04:43:17.172+0000] {processor.py:840} INFO - DAG(s) 'example_external_task_marker_child', 'example_external_task_marker_parent' retrieved from /home/airflow/.local/lib/python3.8/site-packages/airflow/example_dags/example_external_task_marker_dag.py
[2025-06-28T04:43:17.188+0000] {logging_mixin.py:188} INFO - [2025-06-28T04:43:17.188+0000] {dag.py:3036} INFO - Sync 2 DAGs
[2025-06-28T04:43:17.196+0000] {logging_mixin.py:188} INFO - [2025-06-28T04:43:17.196+0000] {dag.py:3823} INFO - Setting next_dagrun for example_external_task_marker_child to None, run_after=None
[2025-06-28T04:43:17.198+0000] {logging_mixin.py:188} INFO - [2025-06-28T04:43:17.198+0000] {dag.py:3823} INFO - Setting next_dagrun for example_external_task_marker_parent to None, run_after=None
[2025-06-28T04:43:17.209+0000] {processor.py:183} INFO - Processing /home/airflow/.local/lib/python3.8/site-packages/airflow/example_dags/example_external_task_marker_dag.py took 0.045 seconds
[2025-06-28T04:43:47.673+0000] {processor.py:161} INFO - Started process (PID=5830) to work on /home/airflow/.local/lib/python3.8/site-packages/airflow/example_dags/example_external_task_marker_dag.py
[2025-06-28T04:43:47.674+0000] {processor.py:830} INFO - Processing file /home/airflow/.local/lib/python3.8/site-packages/airflow/example_dags/example_external_task_marker_dag.py for tasks to queue
[2025-06-28T04:43:47.675+0000] {logging_mixin.py:188} INFO - [2025-06-28T04:43:47.674+0000] {dagbag.py:538} INFO - Filling up the DagBag from /home/airflow/.local/lib/python3.8/site-packages/airflow/example_dags/example_external_task_marker_dag.py
[2025-06-28T04:43:47.678+0000] {processor.py:840} INFO - DAG(s) 'example_external_task_marker_child', 'example_external_task_marker_parent' retrieved from /home/airflow/.local/lib/python3.8/site-packages/airflow/example_dags/example_external_task_marker_dag.py
[2025-06-28T04:43:47.690+0000] {logging_mixin.py:188} INFO - [2025-06-28T04:43:47.690+0000] {dag.py:3036} INFO - Sync 2 DAGs
[2025-06-28T04:43:47.697+0000] {logging_mixin.py:188} INFO - [2025-06-28T04:43:47.697+0000] {dag.py:3823} INFO - Setting next_dagrun for example_external_task_marker_child to None, run_after=None
[2025-06-28T04:43:47.699+0000] {logging_mixin.py:188} INFO - [2025-06-28T04:43:47.699+0000] {dag.py:3823} INFO - Setting next_dagrun for example_external_task_marker_parent to None, run_after=None
[2025-06-28T04:43:47.710+0000] {processor.py:183} INFO - Processing /home/airflow/.local/lib/python3.8/site-packages/airflow/example_dags/example_external_task_marker_dag.py took 0.039 seconds
[2025-06-28T04:44:18.013+0000] {processor.py:161} INFO - Started process (PID=6080) to work on /home/airflow/.local/lib/python3.8/site-packages/airflow/example_dags/example_external_task_marker_dag.py
[2025-06-28T04:44:18.014+0000] {processor.py:830} INFO - Processing file /home/airflow/.local/lib/python3.8/site-packages/airflow/example_dags/example_external_task_marker_dag.py for tasks to queue
[2025-06-28T04:44:18.015+0000] {logging_mixin.py:188} INFO - [2025-06-28T04:44:18.015+0000] {dagbag.py:538} INFO - Filling up the DagBag from /home/airflow/.local/lib/python3.8/site-packages/airflow/example_dags/example_external_task_marker_dag.py
[2025-06-28T04:44:18.020+0000] {processor.py:840} INFO - DAG(s) 'example_external_task_marker_child', 'example_external_task_marker_parent' retrieved from /home/airflow/.local/lib/python3.8/site-packages/airflow/example_dags/example_external_task_marker_dag.py
[2025-06-28T04:44:18.044+0000] {logging_mixin.py:188} INFO - [2025-06-28T04:44:18.044+0000] {dag.py:3036} INFO - Sync 2 DAGs
[2025-06-28T04:44:18.053+0000] {logging_mixin.py:188} INFO - [2025-06-28T04:44:18.053+0000] {dag.py:3823} INFO - Setting next_dagrun for example_external_task_marker_child to None, run_after=None
[2025-06-28T04:44:18.057+0000] {logging_mixin.py:188} INFO - [2025-06-28T04:44:18.056+0000] {dag.py:3823} INFO - Setting next_dagrun for example_external_task_marker_parent to None, run_after=None
[2025-06-28T04:44:18.080+0000] {processor.py:183} INFO - Processing /home/airflow/.local/lib/python3.8/site-packages/airflow/example_dags/example_external_task_marker_dag.py took 0.071 seconds
[2025-06-28T04:44:48.273+0000] {processor.py:161} INFO - Started process (PID=6328) to work on /home/airflow/.local/lib/python3.8/site-packages/airflow/example_dags/example_external_task_marker_dag.py
[2025-06-28T04:44:48.274+0000] {processor.py:830} INFO - Processing file /home/airflow/.local/lib/python3.8/site-packages/airflow/example_dags/example_external_task_marker_dag.py for tasks to queue
[2025-06-28T04:44:48.275+0000] {logging_mixin.py:188} INFO - [2025-06-28T04:44:48.275+0000] {dagbag.py:538} INFO - Filling up the DagBag from /home/airflow/.local/lib/python3.8/site-packages/airflow/example_dags/example_external_task_marker_dag.py
[2025-06-28T04:44:48.279+0000] {processor.py:840} INFO - DAG(s) 'example_external_task_marker_child', 'example_external_task_marker_parent' retrieved from /home/airflow/.local/lib/python3.8/site-packages/airflow/example_dags/example_external_task_marker_dag.py
[2025-06-28T04:44:48.296+0000] {logging_mixin.py:188} INFO - [2025-06-28T04:44:48.296+0000] {dag.py:3036} INFO - Sync 2 DAGs
[2025-06-28T04:44:48.304+0000] {logging_mixin.py:188} INFO - [2025-06-28T04:44:48.303+0000] {dag.py:3823} INFO - Setting next_dagrun for example_external_task_marker_child to None, run_after=None
[2025-06-28T04:44:48.306+0000] {logging_mixin.py:188} INFO - [2025-06-28T04:44:48.306+0000] {dag.py:3823} INFO - Setting next_dagrun for example_external_task_marker_parent to None, run_after=None
[2025-06-28T04:44:48.319+0000] {processor.py:183} INFO - Processing /home/airflow/.local/lib/python3.8/site-packages/airflow/example_dags/example_external_task_marker_dag.py took 0.049 seconds
[2025-06-28T04:45:18.463+0000] {processor.py:161} INFO - Started process (PID=6578) to work on /home/airflow/.local/lib/python3.8/site-packages/airflow/example_dags/example_external_task_marker_dag.py
[2025-06-28T04:45:18.464+0000] {processor.py:830} INFO - Processing file /home/airflow/.local/lib/python3.8/site-packages/airflow/example_dags/example_external_task_marker_dag.py for tasks to queue
[2025-06-28T04:45:18.465+0000] {logging_mixin.py:188} INFO - [2025-06-28T04:45:18.464+0000] {dagbag.py:538} INFO - Filling up the DagBag from /home/airflow/.local/lib/python3.8/site-packages/airflow/example_dags/example_external_task_marker_dag.py
[2025-06-28T04:45:18.468+0000] {processor.py:840} INFO - DAG(s) 'example_external_task_marker_child', 'example_external_task_marker_parent' retrieved from /home/airflow/.local/lib/python3.8/site-packages/airflow/example_dags/example_external_task_marker_dag.py
[2025-06-28T04:45:18.488+0000] {logging_mixin.py:188} INFO - [2025-06-28T04:45:18.488+0000] {dag.py:3036} INFO - Sync 2 DAGs
[2025-06-28T04:45:18.497+0000] {logging_mixin.py:188} INFO - [2025-06-28T04:45:18.497+0000] {dag.py:3823} INFO - Setting next_dagrun for example_external_task_marker_child to None, run_after=None
[2025-06-28T04:45:18.500+0000] {logging_mixin.py:188} INFO - [2025-06-28T04:45:18.500+0000] {dag.py:3823} INFO - Setting next_dagrun for example_external_task_marker_parent to None, run_after=None
[2025-06-28T04:45:18.513+0000] {processor.py:183} INFO - Processing /home/airflow/.local/lib/python3.8/site-packages/airflow/example_dags/example_external_task_marker_dag.py took 0.051 seconds
[2025-06-28T04:45:48.916+0000] {processor.py:161} INFO - Started process (PID=6828) to work on /home/airflow/.local/lib/python3.8/site-packages/airflow/example_dags/example_external_task_marker_dag.py
[2025-06-28T04:45:48.917+0000] {processor.py:830} INFO - Processing file /home/airflow/.local/lib/python3.8/site-packages/airflow/example_dags/example_external_task_marker_dag.py for tasks to queue
[2025-06-28T04:45:48.918+0000] {logging_mixin.py:188} INFO - [2025-06-28T04:45:48.918+0000] {dagbag.py:538} INFO - Filling up the DagBag from /home/airflow/.local/lib/python3.8/site-packages/airflow/example_dags/example_external_task_marker_dag.py
[2025-06-28T04:45:48.923+0000] {processor.py:840} INFO - DAG(s) 'example_external_task_marker_parent', 'example_external_task_marker_child' retrieved from /home/airflow/.local/lib/python3.8/site-packages/airflow/example_dags/example_external_task_marker_dag.py
[2025-06-28T04:45:48.947+0000] {logging_mixin.py:188} INFO - [2025-06-28T04:45:48.947+0000] {dag.py:3036} INFO - Sync 2 DAGs
[2025-06-28T04:45:48.958+0000] {logging_mixin.py:188} INFO - [2025-06-28T04:45:48.958+0000] {dag.py:3823} INFO - Setting next_dagrun for example_external_task_marker_child to None, run_after=None
[2025-06-28T04:45:48.961+0000] {logging_mixin.py:188} INFO - [2025-06-28T04:45:48.961+0000] {dag.py:3823} INFO - Setting next_dagrun for example_external_task_marker_parent to None, run_after=None
[2025-06-28T04:45:48.974+0000] {processor.py:183} INFO - Processing /home/airflow/.local/lib/python3.8/site-packages/airflow/example_dags/example_external_task_marker_dag.py took 0.060 seconds
[2025-06-28T04:46:19.283+0000] {processor.py:161} INFO - Started process (PID=7080) to work on /home/airflow/.local/lib/python3.8/site-packages/airflow/example_dags/example_external_task_marker_dag.py
[2025-06-28T04:46:19.284+0000] {processor.py:830} INFO - Processing file /home/airflow/.local/lib/python3.8/site-packages/airflow/example_dags/example_external_task_marker_dag.py for tasks to queue
[2025-06-28T04:46:19.285+0000] {logging_mixin.py:188} INFO - [2025-06-28T04:46:19.285+0000] {dagbag.py:538} INFO - Filling up the DagBag from /home/airflow/.local/lib/python3.8/site-packages/airflow/example_dags/example_external_task_marker_dag.py
[2025-06-28T04:46:19.290+0000] {processor.py:840} INFO - DAG(s) 'example_external_task_marker_parent', 'example_external_task_marker_child' retrieved from /home/airflow/.local/lib/python3.8/site-packages/airflow/example_dags/example_external_task_marker_dag.py
[2025-06-28T04:46:19.304+0000] {logging_mixin.py:188} INFO - [2025-06-28T04:46:19.304+0000] {dag.py:3036} INFO - Sync 2 DAGs
[2025-06-28T04:46:19.311+0000] {logging_mixin.py:188} INFO - [2025-06-28T04:46:19.311+0000] {dag.py:3823} INFO - Setting next_dagrun for example_external_task_marker_child to None, run_after=None
[2025-06-28T04:46:19.313+0000] {logging_mixin.py:188} INFO - [2025-06-28T04:46:19.313+0000] {dag.py:3823} INFO - Setting next_dagrun for example_external_task_marker_parent to None, run_after=None
[2025-06-28T04:46:19.325+0000] {processor.py:183} INFO - Processing /home/airflow/.local/lib/python3.8/site-packages/airflow/example_dags/example_external_task_marker_dag.py took 0.045 seconds
[2025-06-28T04:46:50.065+0000] {processor.py:161} INFO - Started process (PID=7330) to work on /home/airflow/.local/lib/python3.8/site-packages/airflow/example_dags/example_external_task_marker_dag.py
[2025-06-28T04:46:50.065+0000] {processor.py:830} INFO - Processing file /home/airflow/.local/lib/python3.8/site-packages/airflow/example_dags/example_external_task_marker_dag.py for tasks to queue
[2025-06-28T04:46:50.066+0000] {logging_mixin.py:188} INFO - [2025-06-28T04:46:50.066+0000] {dagbag.py:538} INFO - Filling up the DagBag from /home/airflow/.local/lib/python3.8/site-packages/airflow/example_dags/example_external_task_marker_dag.py
[2025-06-28T04:46:50.070+0000] {processor.py:840} INFO - DAG(s) 'example_external_task_marker_parent', 'example_external_task_marker_child' retrieved from /home/airflow/.local/lib/python3.8/site-packages/airflow/example_dags/example_external_task_marker_dag.py
[2025-06-28T04:46:50.085+0000] {logging_mixin.py:188} INFO - [2025-06-28T04:46:50.084+0000] {dag.py:3036} INFO - Sync 2 DAGs
[2025-06-28T04:46:50.092+0000] {logging_mixin.py:188} INFO - [2025-06-28T04:46:50.092+0000] {dag.py:3823} INFO - Setting next_dagrun for example_external_task_marker_child to None, run_after=None
[2025-06-28T04:46:50.094+0000] {logging_mixin.py:188} INFO - [2025-06-28T04:46:50.094+0000] {dag.py:3823} INFO - Setting next_dagrun for example_external_task_marker_parent to None, run_after=None
[2025-06-28T04:46:50.103+0000] {processor.py:183} INFO - Processing /home/airflow/.local/lib/python3.8/site-packages/airflow/example_dags/example_external_task_marker_dag.py took 0.041 seconds
[2025-06-28T04:47:20.285+0000] {processor.py:161} INFO - Started process (PID=7578) to work on /home/airflow/.local/lib/python3.8/site-packages/airflow/example_dags/example_external_task_marker_dag.py
[2025-06-28T04:47:20.286+0000] {processor.py:830} INFO - Processing file /home/airflow/.local/lib/python3.8/site-packages/airflow/example_dags/example_external_task_marker_dag.py for tasks to queue
[2025-06-28T04:47:20.287+0000] {logging_mixin.py:188} INFO - [2025-06-28T04:47:20.287+0000] {dagbag.py:538} INFO - Filling up the DagBag from /home/airflow/.local/lib/python3.8/site-packages/airflow/example_dags/example_external_task_marker_dag.py
[2025-06-28T04:47:20.291+0000] {processor.py:840} INFO - DAG(s) 'example_external_task_marker_child', 'example_external_task_marker_parent' retrieved from /home/airflow/.local/lib/python3.8/site-packages/airflow/example_dags/example_external_task_marker_dag.py
[2025-06-28T04:47:20.307+0000] {logging_mixin.py:188} INFO - [2025-06-28T04:47:20.306+0000] {dag.py:3036} INFO - Sync 2 DAGs
[2025-06-28T04:47:20.315+0000] {logging_mixin.py:188} INFO - [2025-06-28T04:47:20.314+0000] {dag.py:3823} INFO - Setting next_dagrun for example_external_task_marker_child to None, run_after=None
[2025-06-28T04:47:20.317+0000] {logging_mixin.py:188} INFO - [2025-06-28T04:47:20.317+0000] {dag.py:3823} INFO - Setting next_dagrun for example_external_task_marker_parent to None, run_after=None
[2025-06-28T04:47:20.330+0000] {processor.py:183} INFO - Processing /home/airflow/.local/lib/python3.8/site-packages/airflow/example_dags/example_external_task_marker_dag.py took 0.048 seconds
[2025-06-28T04:47:50.452+0000] {processor.py:161} INFO - Started process (PID=7828) to work on /home/airflow/.local/lib/python3.8/site-packages/airflow/example_dags/example_external_task_marker_dag.py
[2025-06-28T04:47:50.452+0000] {processor.py:830} INFO - Processing file /home/airflow/.local/lib/python3.8/site-packages/airflow/example_dags/example_external_task_marker_dag.py for tasks to queue
[2025-06-28T04:47:50.453+0000] {logging_mixin.py:188} INFO - [2025-06-28T04:47:50.453+0000] {dagbag.py:538} INFO - Filling up the DagBag from /home/airflow/.local/lib/python3.8/site-packages/airflow/example_dags/example_external_task_marker_dag.py
[2025-06-28T04:47:50.457+0000] {processor.py:840} INFO - DAG(s) 'example_external_task_marker_child', 'example_external_task_marker_parent' retrieved from /home/airflow/.local/lib/python3.8/site-packages/airflow/example_dags/example_external_task_marker_dag.py
[2025-06-28T04:47:50.475+0000] {logging_mixin.py:188} INFO - [2025-06-28T04:47:50.475+0000] {dag.py:3036} INFO - Sync 2 DAGs
[2025-06-28T04:47:50.485+0000] {logging_mixin.py:188} INFO - [2025-06-28T04:47:50.485+0000] {dag.py:3823} INFO - Setting next_dagrun for example_external_task_marker_child to None, run_after=None
[2025-06-28T04:47:50.488+0000] {logging_mixin.py:188} INFO - [2025-06-28T04:47:50.488+0000] {dag.py:3823} INFO - Setting next_dagrun for example_external_task_marker_parent to None, run_after=None
[2025-06-28T04:47:50.498+0000] {processor.py:183} INFO - Processing /home/airflow/.local/lib/python3.8/site-packages/airflow/example_dags/example_external_task_marker_dag.py took 0.048 seconds
[2025-06-28T04:48:21.651+0000] {processor.py:161} INFO - Started process (PID=8078) to work on /home/airflow/.local/lib/python3.8/site-packages/airflow/example_dags/example_external_task_marker_dag.py
[2025-06-28T04:48:21.651+0000] {processor.py:830} INFO - Processing file /home/airflow/.local/lib/python3.8/site-packages/airflow/example_dags/example_external_task_marker_dag.py for tasks to queue
[2025-06-28T04:48:21.652+0000] {logging_mixin.py:188} INFO - [2025-06-28T04:48:21.652+0000] {dagbag.py:538} INFO - Filling up the DagBag from /home/airflow/.local/lib/python3.8/site-packages/airflow/example_dags/example_external_task_marker_dag.py
[2025-06-28T04:48:21.656+0000] {processor.py:840} INFO - DAG(s) 'example_external_task_marker_child', 'example_external_task_marker_parent' retrieved from /home/airflow/.local/lib/python3.8/site-packages/airflow/example_dags/example_external_task_marker_dag.py
[2025-06-28T04:48:21.672+0000] {logging_mixin.py:188} INFO - [2025-06-28T04:48:21.671+0000] {dag.py:3036} INFO - Sync 2 DAGs
[2025-06-28T04:48:21.679+0000] {logging_mixin.py:188} INFO - [2025-06-28T04:48:21.679+0000] {dag.py:3823} INFO - Setting next_dagrun for example_external_task_marker_child to None, run_after=None
[2025-06-28T04:48:21.681+0000] {logging_mixin.py:188} INFO - [2025-06-28T04:48:21.681+0000] {dag.py:3823} INFO - Setting next_dagrun for example_external_task_marker_parent to None, run_after=None
[2025-06-28T04:48:21.694+0000] {processor.py:183} INFO - Processing /home/airflow/.local/lib/python3.8/site-packages/airflow/example_dags/example_external_task_marker_dag.py took 0.045 seconds
