[2025-06-28T04:32:39.046+0000] {processor.py:161} INFO - Started process (PID=283) to work on /home/airflow/.local/lib/python3.8/site-packages/airflow/example_dags/example_branch_day_of_week_operator.py
[2025-06-28T04:32:39.047+0000] {processor.py:830} INFO - Processing file /home/airflow/.local/lib/python3.8/site-packages/airflow/example_dags/example_branch_day_of_week_operator.py for tasks to queue
[2025-06-28T04:32:39.049+0000] {logging_mixin.py:188} INFO - [2025-06-28T04:32:39.049+0000] {dagbag.py:538} INFO - Filling up the DagBag from /home/airflow/.local/lib/python3.8/site-packages/airflow/example_dags/example_branch_day_of_week_operator.py
[2025-06-28T04:32:39.057+0000] {processor.py:840} INFO - DAG(s) 'example_weekday_branch_operator' retrieved from /home/airflow/.local/lib/python3.8/site-packages/airflow/example_dags/example_branch_day_of_week_operator.py
[2025-06-28T04:32:39.069+0000] {logging_mixin.py:188} INFO - [2025-06-28T04:32:39.068+0000] {dag.py:3036} INFO - Sync 1 DAGs
[2025-06-28T04:32:39.094+0000] {logging_mixin.py:188} INFO - [2025-06-28T04:32:39.093+0000] {dag.py:3823} INFO - Setting next_dagrun for example_weekday_branch_operator to 2025-06-27 00:00:00+00:00, run_after=2025-06-28 00:00:00+00:00
[2025-06-28T04:32:39.111+0000] {processor.py:183} INFO - Processing /home/airflow/.local/lib/python3.8/site-packages/airflow/example_dags/example_branch_day_of_week_operator.py took 0.068 seconds
[2025-06-28T04:33:10.202+0000] {processor.py:161} INFO - Started process (PID=533) to work on /home/airflow/.local/lib/python3.8/site-packages/airflow/example_dags/example_branch_day_of_week_operator.py
[2025-06-28T04:33:10.202+0000] {processor.py:830} INFO - Processing file /home/airflow/.local/lib/python3.8/site-packages/airflow/example_dags/example_branch_day_of_week_operator.py for tasks to queue
[2025-06-28T04:33:10.204+0000] {logging_mixin.py:188} INFO - [2025-06-28T04:33:10.204+0000] {dagbag.py:538} INFO - Filling up the DagBag from /home/airflow/.local/lib/python3.8/site-packages/airflow/example_dags/example_branch_day_of_week_operator.py
[2025-06-28T04:33:10.214+0000] {processor.py:840} INFO - DAG(s) 'example_weekday_branch_operator' retrieved from /home/airflow/.local/lib/python3.8/site-packages/airflow/example_dags/example_branch_day_of_week_operator.py
[2025-06-28T04:33:10.284+0000] {logging_mixin.py:188} INFO - [2025-06-28T04:33:10.284+0000] {dag.py:3036} INFO - Sync 1 DAGs
[2025-06-28T04:33:10.302+0000] {logging_mixin.py:188} INFO - [2025-06-28T04:33:10.302+0000] {dag.py:3823} INFO - Setting next_dagrun for example_weekday_branch_operator to 2025-06-27 00:00:00+00:00, run_after=2025-06-28 00:00:00+00:00
[2025-06-28T04:33:10.320+0000] {processor.py:183} INFO - Processing /home/airflow/.local/lib/python3.8/site-packages/airflow/example_dags/example_branch_day_of_week_operator.py took 0.121 seconds
[2025-06-28T04:33:40.552+0000] {processor.py:161} INFO - Started process (PID=785) to work on /home/airflow/.local/lib/python3.8/site-packages/airflow/example_dags/example_branch_day_of_week_operator.py
[2025-06-28T04:33:40.553+0000] {processor.py:830} INFO - Processing file /home/airflow/.local/lib/python3.8/site-packages/airflow/example_dags/example_branch_day_of_week_operator.py for tasks to queue
[2025-06-28T04:33:40.554+0000] {logging_mixin.py:188} INFO - [2025-06-28T04:33:40.554+0000] {dagbag.py:538} INFO - Filling up the DagBag from /home/airflow/.local/lib/python3.8/site-packages/airflow/example_dags/example_branch_day_of_week_operator.py
[2025-06-28T04:33:40.562+0000] {processor.py:840} INFO - DAG(s) 'example_weekday_branch_operator' retrieved from /home/airflow/.local/lib/python3.8/site-packages/airflow/example_dags/example_branch_day_of_week_operator.py
[2025-06-28T04:33:40.580+0000] {logging_mixin.py:188} INFO - [2025-06-28T04:33:40.580+0000] {dag.py:3036} INFO - Sync 1 DAGs
[2025-06-28T04:33:40.593+0000] {logging_mixin.py:188} INFO - [2025-06-28T04:33:40.593+0000] {dag.py:3823} INFO - Setting next_dagrun for example_weekday_branch_operator to 2025-06-27 00:00:00+00:00, run_after=2025-06-28 00:00:00+00:00
[2025-06-28T04:33:40.605+0000] {processor.py:183} INFO - Processing /home/airflow/.local/lib/python3.8/site-packages/airflow/example_dags/example_branch_day_of_week_operator.py took 0.055 seconds
[2025-06-28T04:34:10.999+0000] {processor.py:161} INFO - Started process (PID=1033) to work on /home/airflow/.local/lib/python3.8/site-packages/airflow/example_dags/example_branch_day_of_week_operator.py
[2025-06-28T04:34:11.000+0000] {processor.py:830} INFO - Processing file /home/airflow/.local/lib/python3.8/site-packages/airflow/example_dags/example_branch_day_of_week_operator.py for tasks to queue
[2025-06-28T04:34:11.002+0000] {logging_mixin.py:188} INFO - [2025-06-28T04:34:11.001+0000] {dagbag.py:538} INFO - Filling up the DagBag from /home/airflow/.local/lib/python3.8/site-packages/airflow/example_dags/example_branch_day_of_week_operator.py
[2025-06-28T04:34:11.006+0000] {processor.py:840} INFO - DAG(s) 'example_weekday_branch_operator' retrieved from /home/airflow/.local/lib/python3.8/site-packages/airflow/example_dags/example_branch_day_of_week_operator.py
[2025-06-28T04:34:11.022+0000] {logging_mixin.py:188} INFO - [2025-06-28T04:34:11.022+0000] {dag.py:3036} INFO - Sync 1 DAGs
[2025-06-28T04:34:11.040+0000] {logging_mixin.py:188} INFO - [2025-06-28T04:34:11.040+0000] {dag.py:3823} INFO - Setting next_dagrun for example_weekday_branch_operator to 2025-06-27 00:00:00+00:00, run_after=2025-06-28 00:00:00+00:00
[2025-06-28T04:34:11.058+0000] {processor.py:183} INFO - Processing /home/airflow/.local/lib/python3.8/site-packages/airflow/example_dags/example_branch_day_of_week_operator.py took 0.061 seconds
[2025-06-28T04:34:41.348+0000] {processor.py:161} INFO - Started process (PID=1285) to work on /home/airflow/.local/lib/python3.8/site-packages/airflow/example_dags/example_branch_day_of_week_operator.py
[2025-06-28T04:34:41.349+0000] {processor.py:830} INFO - Processing file /home/airflow/.local/lib/python3.8/site-packages/airflow/example_dags/example_branch_day_of_week_operator.py for tasks to queue
[2025-06-28T04:34:41.350+0000] {logging_mixin.py:188} INFO - [2025-06-28T04:34:41.350+0000] {dagbag.py:538} INFO - Filling up the DagBag from /home/airflow/.local/lib/python3.8/site-packages/airflow/example_dags/example_branch_day_of_week_operator.py
[2025-06-28T04:34:41.355+0000] {processor.py:840} INFO - DAG(s) 'example_weekday_branch_operator' retrieved from /home/airflow/.local/lib/python3.8/site-packages/airflow/example_dags/example_branch_day_of_week_operator.py
[2025-06-28T04:34:41.368+0000] {logging_mixin.py:188} INFO - [2025-06-28T04:34:41.367+0000] {dag.py:3036} INFO - Sync 1 DAGs
[2025-06-28T04:34:41.379+0000] {logging_mixin.py:188} INFO - [2025-06-28T04:34:41.379+0000] {dag.py:3823} INFO - Setting next_dagrun for example_weekday_branch_operator to 2025-06-27 00:00:00+00:00, run_after=2025-06-28 00:00:00+00:00
[2025-06-28T04:34:41.392+0000] {processor.py:183} INFO - Processing /home/airflow/.local/lib/python3.8/site-packages/airflow/example_dags/example_branch_day_of_week_operator.py took 0.046 seconds
[2025-06-28T04:35:11.768+0000] {processor.py:161} INFO - Started process (PID=1535) to work on /home/airflow/.local/lib/python3.8/site-packages/airflow/example_dags/example_branch_day_of_week_operator.py
[2025-06-28T04:35:11.768+0000] {processor.py:830} INFO - Processing file /home/airflow/.local/lib/python3.8/site-packages/airflow/example_dags/example_branch_day_of_week_operator.py for tasks to queue
[2025-06-28T04:35:11.770+0000] {logging_mixin.py:188} INFO - [2025-06-28T04:35:11.770+0000] {dagbag.py:538} INFO - Filling up the DagBag from /home/airflow/.local/lib/python3.8/site-packages/airflow/example_dags/example_branch_day_of_week_operator.py
[2025-06-28T04:35:11.778+0000] {processor.py:840} INFO - DAG(s) 'example_weekday_branch_operator' retrieved from /home/airflow/.local/lib/python3.8/site-packages/airflow/example_dags/example_branch_day_of_week_operator.py
[2025-06-28T04:35:11.796+0000] {logging_mixin.py:188} INFO - [2025-06-28T04:35:11.795+0000] {dag.py:3036} INFO - Sync 1 DAGs
[2025-06-28T04:35:11.815+0000] {logging_mixin.py:188} INFO - [2025-06-28T04:35:11.815+0000] {dag.py:3823} INFO - Setting next_dagrun for example_weekday_branch_operator to 2025-06-27 00:00:00+00:00, run_after=2025-06-28 00:00:00+00:00
[2025-06-28T04:35:11.834+0000] {processor.py:183} INFO - Processing /home/airflow/.local/lib/python3.8/site-packages/airflow/example_dags/example_branch_day_of_week_operator.py took 0.069 seconds
[2025-06-28T04:35:42.347+0000] {processor.py:161} INFO - Started process (PID=1783) to work on /home/airflow/.local/lib/python3.8/site-packages/airflow/example_dags/example_branch_day_of_week_operator.py
[2025-06-28T04:35:42.348+0000] {processor.py:830} INFO - Processing file /home/airflow/.local/lib/python3.8/site-packages/airflow/example_dags/example_branch_day_of_week_operator.py for tasks to queue
[2025-06-28T04:35:42.349+0000] {logging_mixin.py:188} INFO - [2025-06-28T04:35:42.349+0000] {dagbag.py:538} INFO - Filling up the DagBag from /home/airflow/.local/lib/python3.8/site-packages/airflow/example_dags/example_branch_day_of_week_operator.py
[2025-06-28T04:35:42.355+0000] {processor.py:840} INFO - DAG(s) 'example_weekday_branch_operator' retrieved from /home/airflow/.local/lib/python3.8/site-packages/airflow/example_dags/example_branch_day_of_week_operator.py
[2025-06-28T04:35:42.374+0000] {logging_mixin.py:188} INFO - [2025-06-28T04:35:42.373+0000] {dag.py:3036} INFO - Sync 1 DAGs
[2025-06-28T04:35:42.392+0000] {logging_mixin.py:188} INFO - [2025-06-28T04:35:42.392+0000] {dag.py:3823} INFO - Setting next_dagrun for example_weekday_branch_operator to 2025-06-27 00:00:00+00:00, run_after=2025-06-28 00:00:00+00:00
[2025-06-28T04:35:42.408+0000] {processor.py:183} INFO - Processing /home/airflow/.local/lib/python3.8/site-packages/airflow/example_dags/example_branch_day_of_week_operator.py took 0.063 seconds
[2025-06-28T04:36:12.835+0000] {processor.py:161} INFO - Started process (PID=2033) to work on /home/airflow/.local/lib/python3.8/site-packages/airflow/example_dags/example_branch_day_of_week_operator.py
[2025-06-28T04:36:12.836+0000] {processor.py:830} INFO - Processing file /home/airflow/.local/lib/python3.8/site-packages/airflow/example_dags/example_branch_day_of_week_operator.py for tasks to queue
[2025-06-28T04:36:12.837+0000] {logging_mixin.py:188} INFO - [2025-06-28T04:36:12.837+0000] {dagbag.py:538} INFO - Filling up the DagBag from /home/airflow/.local/lib/python3.8/site-packages/airflow/example_dags/example_branch_day_of_week_operator.py
[2025-06-28T04:36:12.843+0000] {processor.py:840} INFO - DAG(s) 'example_weekday_branch_operator' retrieved from /home/airflow/.local/lib/python3.8/site-packages/airflow/example_dags/example_branch_day_of_week_operator.py
[2025-06-28T04:36:12.862+0000] {logging_mixin.py:188} INFO - [2025-06-28T04:36:12.862+0000] {dag.py:3036} INFO - Sync 1 DAGs
[2025-06-28T04:36:12.882+0000] {logging_mixin.py:188} INFO - [2025-06-28T04:36:12.882+0000] {dag.py:3823} INFO - Setting next_dagrun for example_weekday_branch_operator to 2025-06-27 00:00:00+00:00, run_after=2025-06-28 00:00:00+00:00
[2025-06-28T04:36:12.897+0000] {processor.py:183} INFO - Processing /home/airflow/.local/lib/python3.8/site-packages/airflow/example_dags/example_branch_day_of_week_operator.py took 0.064 seconds
[2025-06-28T04:36:43.147+0000] {processor.py:161} INFO - Started process (PID=2285) to work on /home/airflow/.local/lib/python3.8/site-packages/airflow/example_dags/example_branch_day_of_week_operator.py
[2025-06-28T04:36:43.148+0000] {processor.py:830} INFO - Processing file /home/airflow/.local/lib/python3.8/site-packages/airflow/example_dags/example_branch_day_of_week_operator.py for tasks to queue
[2025-06-28T04:36:43.149+0000] {logging_mixin.py:188} INFO - [2025-06-28T04:36:43.149+0000] {dagbag.py:538} INFO - Filling up the DagBag from /home/airflow/.local/lib/python3.8/site-packages/airflow/example_dags/example_branch_day_of_week_operator.py
[2025-06-28T04:36:43.153+0000] {processor.py:840} INFO - DAG(s) 'example_weekday_branch_operator' retrieved from /home/airflow/.local/lib/python3.8/site-packages/airflow/example_dags/example_branch_day_of_week_operator.py
[2025-06-28T04:36:43.170+0000] {logging_mixin.py:188} INFO - [2025-06-28T04:36:43.169+0000] {dag.py:3036} INFO - Sync 1 DAGs
[2025-06-28T04:36:43.183+0000] {logging_mixin.py:188} INFO - [2025-06-28T04:36:43.183+0000] {dag.py:3823} INFO - Setting next_dagrun for example_weekday_branch_operator to 2025-06-27 00:00:00+00:00, run_after=2025-06-28 00:00:00+00:00
[2025-06-28T04:36:43.196+0000] {processor.py:183} INFO - Processing /home/airflow/.local/lib/python3.8/site-packages/airflow/example_dags/example_branch_day_of_week_operator.py took 0.051 seconds
[2025-06-28T04:37:13.233+0000] {processor.py:161} INFO - Started process (PID=2535) to work on /home/airflow/.local/lib/python3.8/site-packages/airflow/example_dags/example_branch_day_of_week_operator.py
[2025-06-28T04:37:13.234+0000] {processor.py:830} INFO - Processing file /home/airflow/.local/lib/python3.8/site-packages/airflow/example_dags/example_branch_day_of_week_operator.py for tasks to queue
[2025-06-28T04:37:13.235+0000] {logging_mixin.py:188} INFO - [2025-06-28T04:37:13.235+0000] {dagbag.py:538} INFO - Filling up the DagBag from /home/airflow/.local/lib/python3.8/site-packages/airflow/example_dags/example_branch_day_of_week_operator.py
[2025-06-28T04:37:13.239+0000] {processor.py:840} INFO - DAG(s) 'example_weekday_branch_operator' retrieved from /home/airflow/.local/lib/python3.8/site-packages/airflow/example_dags/example_branch_day_of_week_operator.py
[2025-06-28T04:37:13.254+0000] {logging_mixin.py:188} INFO - [2025-06-28T04:37:13.254+0000] {dag.py:3036} INFO - Sync 1 DAGs
[2025-06-28T04:37:13.271+0000] {logging_mixin.py:188} INFO - [2025-06-28T04:37:13.270+0000] {dag.py:3823} INFO - Setting next_dagrun for example_weekday_branch_operator to 2025-06-27 00:00:00+00:00, run_after=2025-06-28 00:00:00+00:00
[2025-06-28T04:37:13.283+0000] {processor.py:183} INFO - Processing /home/airflow/.local/lib/python3.8/site-packages/airflow/example_dags/example_branch_day_of_week_operator.py took 0.052 seconds
[2025-06-28T04:37:43.436+0000] {processor.py:161} INFO - Started process (PID=2783) to work on /home/airflow/.local/lib/python3.8/site-packages/airflow/example_dags/example_branch_day_of_week_operator.py
[2025-06-28T04:37:43.437+0000] {processor.py:830} INFO - Processing file /home/airflow/.local/lib/python3.8/site-packages/airflow/example_dags/example_branch_day_of_week_operator.py for tasks to queue
[2025-06-28T04:37:43.439+0000] {logging_mixin.py:188} INFO - [2025-06-28T04:37:43.438+0000] {dagbag.py:538} INFO - Filling up the DagBag from /home/airflow/.local/lib/python3.8/site-packages/airflow/example_dags/example_branch_day_of_week_operator.py
[2025-06-28T04:37:43.444+0000] {processor.py:840} INFO - DAG(s) 'example_weekday_branch_operator' retrieved from /home/airflow/.local/lib/python3.8/site-packages/airflow/example_dags/example_branch_day_of_week_operator.py
[2025-06-28T04:37:43.457+0000] {logging_mixin.py:188} INFO - [2025-06-28T04:37:43.457+0000] {dag.py:3036} INFO - Sync 1 DAGs
[2025-06-28T04:37:43.475+0000] {logging_mixin.py:188} INFO - [2025-06-28T04:37:43.475+0000] {dag.py:3823} INFO - Setting next_dagrun for example_weekday_branch_operator to 2025-06-27 00:00:00+00:00, run_after=2025-06-28 00:00:00+00:00
[2025-06-28T04:37:43.492+0000] {processor.py:183} INFO - Processing /home/airflow/.local/lib/python3.8/site-packages/airflow/example_dags/example_branch_day_of_week_operator.py took 0.059 seconds
[2025-06-28T04:38:13.722+0000] {processor.py:161} INFO - Started process (PID=3035) to work on /home/airflow/.local/lib/python3.8/site-packages/airflow/example_dags/example_branch_day_of_week_operator.py
[2025-06-28T04:38:13.723+0000] {processor.py:830} INFO - Processing file /home/airflow/.local/lib/python3.8/site-packages/airflow/example_dags/example_branch_day_of_week_operator.py for tasks to queue
[2025-06-28T04:38:13.724+0000] {logging_mixin.py:188} INFO - [2025-06-28T04:38:13.724+0000] {dagbag.py:538} INFO - Filling up the DagBag from /home/airflow/.local/lib/python3.8/site-packages/airflow/example_dags/example_branch_day_of_week_operator.py
[2025-06-28T04:38:13.730+0000] {processor.py:840} INFO - DAG(s) 'example_weekday_branch_operator' retrieved from /home/airflow/.local/lib/python3.8/site-packages/airflow/example_dags/example_branch_day_of_week_operator.py
[2025-06-28T04:38:13.749+0000] {logging_mixin.py:188} INFO - [2025-06-28T04:38:13.749+0000] {dag.py:3036} INFO - Sync 1 DAGs
[2025-06-28T04:38:13.763+0000] {logging_mixin.py:188} INFO - [2025-06-28T04:38:13.763+0000] {dag.py:3823} INFO - Setting next_dagrun for example_weekday_branch_operator to 2025-06-27 00:00:00+00:00, run_after=2025-06-28 00:00:00+00:00
[2025-06-28T04:38:13.774+0000] {processor.py:183} INFO - Processing /home/airflow/.local/lib/python3.8/site-packages/airflow/example_dags/example_branch_day_of_week_operator.py took 0.054 seconds
[2025-06-28T04:38:43.982+0000] {processor.py:161} INFO - Started process (PID=3283) to work on /home/airflow/.local/lib/python3.8/site-packages/airflow/example_dags/example_branch_day_of_week_operator.py
[2025-06-28T04:38:43.983+0000] {processor.py:830} INFO - Processing file /home/airflow/.local/lib/python3.8/site-packages/airflow/example_dags/example_branch_day_of_week_operator.py for tasks to queue
[2025-06-28T04:38:43.984+0000] {logging_mixin.py:188} INFO - [2025-06-28T04:38:43.984+0000] {dagbag.py:538} INFO - Filling up the DagBag from /home/airflow/.local/lib/python3.8/site-packages/airflow/example_dags/example_branch_day_of_week_operator.py
[2025-06-28T04:38:43.988+0000] {processor.py:840} INFO - DAG(s) 'example_weekday_branch_operator' retrieved from /home/airflow/.local/lib/python3.8/site-packages/airflow/example_dags/example_branch_day_of_week_operator.py
[2025-06-28T04:38:44.011+0000] {logging_mixin.py:188} INFO - [2025-06-28T04:38:44.010+0000] {dag.py:3036} INFO - Sync 1 DAGs
[2025-06-28T04:38:44.027+0000] {logging_mixin.py:188} INFO - [2025-06-28T04:38:44.027+0000] {dag.py:3823} INFO - Setting next_dagrun for example_weekday_branch_operator to 2025-06-27 00:00:00+00:00, run_after=2025-06-28 00:00:00+00:00
[2025-06-28T04:38:44.044+0000] {processor.py:183} INFO - Processing /home/airflow/.local/lib/python3.8/site-packages/airflow/example_dags/example_branch_day_of_week_operator.py took 0.065 seconds
[2025-06-28T04:39:14.283+0000] {processor.py:161} INFO - Started process (PID=3533) to work on /home/airflow/.local/lib/python3.8/site-packages/airflow/example_dags/example_branch_day_of_week_operator.py
[2025-06-28T04:39:14.283+0000] {processor.py:830} INFO - Processing file /home/airflow/.local/lib/python3.8/site-packages/airflow/example_dags/example_branch_day_of_week_operator.py for tasks to queue
[2025-06-28T04:39:14.284+0000] {logging_mixin.py:188} INFO - [2025-06-28T04:39:14.284+0000] {dagbag.py:538} INFO - Filling up the DagBag from /home/airflow/.local/lib/python3.8/site-packages/airflow/example_dags/example_branch_day_of_week_operator.py
[2025-06-28T04:39:14.291+0000] {processor.py:840} INFO - DAG(s) 'example_weekday_branch_operator' retrieved from /home/airflow/.local/lib/python3.8/site-packages/airflow/example_dags/example_branch_day_of_week_operator.py
[2025-06-28T04:39:14.305+0000] {logging_mixin.py:188} INFO - [2025-06-28T04:39:14.304+0000] {dag.py:3036} INFO - Sync 1 DAGs
[2025-06-28T04:39:14.321+0000] {logging_mixin.py:188} INFO - [2025-06-28T04:39:14.321+0000] {dag.py:3823} INFO - Setting next_dagrun for example_weekday_branch_operator to 2025-06-27 00:00:00+00:00, run_after=2025-06-28 00:00:00+00:00
[2025-06-28T04:39:14.334+0000] {processor.py:183} INFO - Processing /home/airflow/.local/lib/python3.8/site-packages/airflow/example_dags/example_branch_day_of_week_operator.py took 0.054 seconds
[2025-06-28T04:39:44.498+0000] {processor.py:161} INFO - Started process (PID=3783) to work on /home/airflow/.local/lib/python3.8/site-packages/airflow/example_dags/example_branch_day_of_week_operator.py
[2025-06-28T04:39:44.499+0000] {processor.py:830} INFO - Processing file /home/airflow/.local/lib/python3.8/site-packages/airflow/example_dags/example_branch_day_of_week_operator.py for tasks to queue
[2025-06-28T04:39:44.501+0000] {logging_mixin.py:188} INFO - [2025-06-28T04:39:44.500+0000] {dagbag.py:538} INFO - Filling up the DagBag from /home/airflow/.local/lib/python3.8/site-packages/airflow/example_dags/example_branch_day_of_week_operator.py
[2025-06-28T04:39:44.509+0000] {processor.py:840} INFO - DAG(s) 'example_weekday_branch_operator' retrieved from /home/airflow/.local/lib/python3.8/site-packages/airflow/example_dags/example_branch_day_of_week_operator.py
[2025-06-28T04:39:44.523+0000] {logging_mixin.py:188} INFO - [2025-06-28T04:39:44.523+0000] {dag.py:3036} INFO - Sync 1 DAGs
[2025-06-28T04:39:44.539+0000] {logging_mixin.py:188} INFO - [2025-06-28T04:39:44.539+0000] {dag.py:3823} INFO - Setting next_dagrun for example_weekday_branch_operator to 2025-06-27 00:00:00+00:00, run_after=2025-06-28 00:00:00+00:00
[2025-06-28T04:39:44.554+0000] {processor.py:183} INFO - Processing /home/airflow/.local/lib/python3.8/site-packages/airflow/example_dags/example_branch_day_of_week_operator.py took 0.059 seconds
[2025-06-28T04:40:14.725+0000] {processor.py:161} INFO - Started process (PID=4035) to work on /home/airflow/.local/lib/python3.8/site-packages/airflow/example_dags/example_branch_day_of_week_operator.py
[2025-06-28T04:40:14.725+0000] {processor.py:830} INFO - Processing file /home/airflow/.local/lib/python3.8/site-packages/airflow/example_dags/example_branch_day_of_week_operator.py for tasks to queue
[2025-06-28T04:40:14.726+0000] {logging_mixin.py:188} INFO - [2025-06-28T04:40:14.726+0000] {dagbag.py:538} INFO - Filling up the DagBag from /home/airflow/.local/lib/python3.8/site-packages/airflow/example_dags/example_branch_day_of_week_operator.py
[2025-06-28T04:40:14.730+0000] {processor.py:840} INFO - DAG(s) 'example_weekday_branch_operator' retrieved from /home/airflow/.local/lib/python3.8/site-packages/airflow/example_dags/example_branch_day_of_week_operator.py
[2025-06-28T04:40:14.741+0000] {logging_mixin.py:188} INFO - [2025-06-28T04:40:14.741+0000] {dag.py:3036} INFO - Sync 1 DAGs
[2025-06-28T04:40:14.758+0000] {logging_mixin.py:188} INFO - [2025-06-28T04:40:14.758+0000] {dag.py:3823} INFO - Setting next_dagrun for example_weekday_branch_operator to 2025-06-27 00:00:00+00:00, run_after=2025-06-28 00:00:00+00:00
[2025-06-28T04:40:14.770+0000] {processor.py:183} INFO - Processing /home/airflow/.local/lib/python3.8/site-packages/airflow/example_dags/example_branch_day_of_week_operator.py took 0.047 seconds
[2025-06-28T04:40:45.092+0000] {processor.py:161} INFO - Started process (PID=4283) to work on /home/airflow/.local/lib/python3.8/site-packages/airflow/example_dags/example_branch_day_of_week_operator.py
[2025-06-28T04:40:45.093+0000] {processor.py:830} INFO - Processing file /home/airflow/.local/lib/python3.8/site-packages/airflow/example_dags/example_branch_day_of_week_operator.py for tasks to queue
[2025-06-28T04:40:45.093+0000] {logging_mixin.py:188} INFO - [2025-06-28T04:40:45.093+0000] {dagbag.py:538} INFO - Filling up the DagBag from /home/airflow/.local/lib/python3.8/site-packages/airflow/example_dags/example_branch_day_of_week_operator.py
[2025-06-28T04:40:45.098+0000] {processor.py:840} INFO - DAG(s) 'example_weekday_branch_operator' retrieved from /home/airflow/.local/lib/python3.8/site-packages/airflow/example_dags/example_branch_day_of_week_operator.py
[2025-06-28T04:40:45.112+0000] {logging_mixin.py:188} INFO - [2025-06-28T04:40:45.112+0000] {dag.py:3036} INFO - Sync 1 DAGs
[2025-06-28T04:40:45.128+0000] {logging_mixin.py:188} INFO - [2025-06-28T04:40:45.127+0000] {dag.py:3823} INFO - Setting next_dagrun for example_weekday_branch_operator to 2025-06-27 00:00:00+00:00, run_after=2025-06-28 00:00:00+00:00
[2025-06-28T04:40:45.144+0000] {processor.py:183} INFO - Processing /home/airflow/.local/lib/python3.8/site-packages/airflow/example_dags/example_branch_day_of_week_operator.py took 0.054 seconds
[2025-06-28T04:41:15.526+0000] {processor.py:161} INFO - Started process (PID=4535) to work on /home/airflow/.local/lib/python3.8/site-packages/airflow/example_dags/example_branch_day_of_week_operator.py
[2025-06-28T04:41:15.527+0000] {processor.py:830} INFO - Processing file /home/airflow/.local/lib/python3.8/site-packages/airflow/example_dags/example_branch_day_of_week_operator.py for tasks to queue
[2025-06-28T04:41:15.530+0000] {logging_mixin.py:188} INFO - [2025-06-28T04:41:15.529+0000] {dagbag.py:538} INFO - Filling up the DagBag from /home/airflow/.local/lib/python3.8/site-packages/airflow/example_dags/example_branch_day_of_week_operator.py
[2025-06-28T04:41:15.538+0000] {processor.py:840} INFO - DAG(s) 'example_weekday_branch_operator' retrieved from /home/airflow/.local/lib/python3.8/site-packages/airflow/example_dags/example_branch_day_of_week_operator.py
[2025-06-28T04:41:15.557+0000] {logging_mixin.py:188} INFO - [2025-06-28T04:41:15.557+0000] {dag.py:3036} INFO - Sync 1 DAGs
[2025-06-28T04:41:15.571+0000] {logging_mixin.py:188} INFO - [2025-06-28T04:41:15.571+0000] {dag.py:3823} INFO - Setting next_dagrun for example_weekday_branch_operator to 2025-06-27 00:00:00+00:00, run_after=2025-06-28 00:00:00+00:00
[2025-06-28T04:41:15.585+0000] {processor.py:183} INFO - Processing /home/airflow/.local/lib/python3.8/site-packages/airflow/example_dags/example_branch_day_of_week_operator.py took 0.062 seconds
[2025-06-28T04:41:45.853+0000] {processor.py:161} INFO - Started process (PID=4783) to work on /home/airflow/.local/lib/python3.8/site-packages/airflow/example_dags/example_branch_day_of_week_operator.py
[2025-06-28T04:41:45.854+0000] {processor.py:830} INFO - Processing file /home/airflow/.local/lib/python3.8/site-packages/airflow/example_dags/example_branch_day_of_week_operator.py for tasks to queue
[2025-06-28T04:41:45.854+0000] {logging_mixin.py:188} INFO - [2025-06-28T04:41:45.854+0000] {dagbag.py:538} INFO - Filling up the DagBag from /home/airflow/.local/lib/python3.8/site-packages/airflow/example_dags/example_branch_day_of_week_operator.py
[2025-06-28T04:41:45.858+0000] {processor.py:840} INFO - DAG(s) 'example_weekday_branch_operator' retrieved from /home/airflow/.local/lib/python3.8/site-packages/airflow/example_dags/example_branch_day_of_week_operator.py
[2025-06-28T04:41:45.875+0000] {logging_mixin.py:188} INFO - [2025-06-28T04:41:45.875+0000] {dag.py:3036} INFO - Sync 1 DAGs
[2025-06-28T04:41:45.891+0000] {logging_mixin.py:188} INFO - [2025-06-28T04:41:45.891+0000] {dag.py:3823} INFO - Setting next_dagrun for example_weekday_branch_operator to 2025-06-27 00:00:00+00:00, run_after=2025-06-28 00:00:00+00:00
[2025-06-28T04:41:45.904+0000] {processor.py:183} INFO - Processing /home/airflow/.local/lib/python3.8/site-packages/airflow/example_dags/example_branch_day_of_week_operator.py took 0.052 seconds
[2025-06-28T04:42:16.274+0000] {processor.py:161} INFO - Started process (PID=5033) to work on /home/airflow/.local/lib/python3.8/site-packages/airflow/example_dags/example_branch_day_of_week_operator.py
[2025-06-28T04:42:16.274+0000] {processor.py:830} INFO - Processing file /home/airflow/.local/lib/python3.8/site-packages/airflow/example_dags/example_branch_day_of_week_operator.py for tasks to queue
[2025-06-28T04:42:16.276+0000] {logging_mixin.py:188} INFO - [2025-06-28T04:42:16.276+0000] {dagbag.py:538} INFO - Filling up the DagBag from /home/airflow/.local/lib/python3.8/site-packages/airflow/example_dags/example_branch_day_of_week_operator.py
[2025-06-28T04:42:16.284+0000] {processor.py:840} INFO - DAG(s) 'example_weekday_branch_operator' retrieved from /home/airflow/.local/lib/python3.8/site-packages/airflow/example_dags/example_branch_day_of_week_operator.py
[2025-06-28T04:42:16.300+0000] {logging_mixin.py:188} INFO - [2025-06-28T04:42:16.299+0000] {dag.py:3036} INFO - Sync 1 DAGs
[2025-06-28T04:42:16.315+0000] {logging_mixin.py:188} INFO - [2025-06-28T04:42:16.315+0000] {dag.py:3823} INFO - Setting next_dagrun for example_weekday_branch_operator to 2025-06-27 00:00:00+00:00, run_after=2025-06-28 00:00:00+00:00
[2025-06-28T04:42:16.329+0000] {processor.py:183} INFO - Processing /home/airflow/.local/lib/python3.8/site-packages/airflow/example_dags/example_branch_day_of_week_operator.py took 0.058 seconds
[2025-06-28T04:42:46.523+0000] {processor.py:161} INFO - Started process (PID=5285) to work on /home/airflow/.local/lib/python3.8/site-packages/airflow/example_dags/example_branch_day_of_week_operator.py
[2025-06-28T04:42:46.524+0000] {processor.py:830} INFO - Processing file /home/airflow/.local/lib/python3.8/site-packages/airflow/example_dags/example_branch_day_of_week_operator.py for tasks to queue
[2025-06-28T04:42:46.525+0000] {logging_mixin.py:188} INFO - [2025-06-28T04:42:46.525+0000] {dagbag.py:538} INFO - Filling up the DagBag from /home/airflow/.local/lib/python3.8/site-packages/airflow/example_dags/example_branch_day_of_week_operator.py
[2025-06-28T04:42:46.530+0000] {processor.py:840} INFO - DAG(s) 'example_weekday_branch_operator' retrieved from /home/airflow/.local/lib/python3.8/site-packages/airflow/example_dags/example_branch_day_of_week_operator.py
[2025-06-28T04:42:46.545+0000] {logging_mixin.py:188} INFO - [2025-06-28T04:42:46.544+0000] {dag.py:3036} INFO - Sync 1 DAGs
[2025-06-28T04:42:46.558+0000] {logging_mixin.py:188} INFO - [2025-06-28T04:42:46.558+0000] {dag.py:3823} INFO - Setting next_dagrun for example_weekday_branch_operator to 2025-06-27 00:00:00+00:00, run_after=2025-06-28 00:00:00+00:00
[2025-06-28T04:42:46.572+0000] {processor.py:183} INFO - Processing /home/airflow/.local/lib/python3.8/site-packages/airflow/example_dags/example_branch_day_of_week_operator.py took 0.052 seconds
[2025-06-28T04:43:16.829+0000] {processor.py:161} INFO - Started process (PID=5533) to work on /home/airflow/.local/lib/python3.8/site-packages/airflow/example_dags/example_branch_day_of_week_operator.py
[2025-06-28T04:43:16.830+0000] {processor.py:830} INFO - Processing file /home/airflow/.local/lib/python3.8/site-packages/airflow/example_dags/example_branch_day_of_week_operator.py for tasks to queue
[2025-06-28T04:43:16.831+0000] {logging_mixin.py:188} INFO - [2025-06-28T04:43:16.831+0000] {dagbag.py:538} INFO - Filling up the DagBag from /home/airflow/.local/lib/python3.8/site-packages/airflow/example_dags/example_branch_day_of_week_operator.py
[2025-06-28T04:43:16.835+0000] {processor.py:840} INFO - DAG(s) 'example_weekday_branch_operator' retrieved from /home/airflow/.local/lib/python3.8/site-packages/airflow/example_dags/example_branch_day_of_week_operator.py
[2025-06-28T04:43:16.850+0000] {logging_mixin.py:188} INFO - [2025-06-28T04:43:16.850+0000] {dag.py:3036} INFO - Sync 1 DAGs
[2025-06-28T04:43:16.864+0000] {logging_mixin.py:188} INFO - [2025-06-28T04:43:16.864+0000] {dag.py:3823} INFO - Setting next_dagrun for example_weekday_branch_operator to 2025-06-27 00:00:00+00:00, run_after=2025-06-28 00:00:00+00:00
[2025-06-28T04:43:16.879+0000] {processor.py:183} INFO - Processing /home/airflow/.local/lib/python3.8/site-packages/airflow/example_dags/example_branch_day_of_week_operator.py took 0.052 seconds
[2025-06-28T04:43:47.308+0000] {processor.py:161} INFO - Started process (PID=5783) to work on /home/airflow/.local/lib/python3.8/site-packages/airflow/example_dags/example_branch_day_of_week_operator.py
[2025-06-28T04:43:47.309+0000] {processor.py:830} INFO - Processing file /home/airflow/.local/lib/python3.8/site-packages/airflow/example_dags/example_branch_day_of_week_operator.py for tasks to queue
[2025-06-28T04:43:47.310+0000] {logging_mixin.py:188} INFO - [2025-06-28T04:43:47.310+0000] {dagbag.py:538} INFO - Filling up the DagBag from /home/airflow/.local/lib/python3.8/site-packages/airflow/example_dags/example_branch_day_of_week_operator.py
[2025-06-28T04:43:47.314+0000] {processor.py:840} INFO - DAG(s) 'example_weekday_branch_operator' retrieved from /home/airflow/.local/lib/python3.8/site-packages/airflow/example_dags/example_branch_day_of_week_operator.py
[2025-06-28T04:43:47.331+0000] {logging_mixin.py:188} INFO - [2025-06-28T04:43:47.330+0000] {dag.py:3036} INFO - Sync 1 DAGs
[2025-06-28T04:43:47.351+0000] {logging_mixin.py:188} INFO - [2025-06-28T04:43:47.350+0000] {dag.py:3823} INFO - Setting next_dagrun for example_weekday_branch_operator to 2025-06-27 00:00:00+00:00, run_after=2025-06-28 00:00:00+00:00
[2025-06-28T04:43:47.366+0000] {processor.py:183} INFO - Processing /home/airflow/.local/lib/python3.8/site-packages/airflow/example_dags/example_branch_day_of_week_operator.py took 0.060 seconds
[2025-06-28T04:44:17.656+0000] {processor.py:161} INFO - Started process (PID=6033) to work on /home/airflow/.local/lib/python3.8/site-packages/airflow/example_dags/example_branch_day_of_week_operator.py
[2025-06-28T04:44:17.656+0000] {processor.py:830} INFO - Processing file /home/airflow/.local/lib/python3.8/site-packages/airflow/example_dags/example_branch_day_of_week_operator.py for tasks to queue
[2025-06-28T04:44:17.657+0000] {logging_mixin.py:188} INFO - [2025-06-28T04:44:17.657+0000] {dagbag.py:538} INFO - Filling up the DagBag from /home/airflow/.local/lib/python3.8/site-packages/airflow/example_dags/example_branch_day_of_week_operator.py
[2025-06-28T04:44:17.662+0000] {processor.py:840} INFO - DAG(s) 'example_weekday_branch_operator' retrieved from /home/airflow/.local/lib/python3.8/site-packages/airflow/example_dags/example_branch_day_of_week_operator.py
[2025-06-28T04:44:17.677+0000] {logging_mixin.py:188} INFO - [2025-06-28T04:44:17.677+0000] {dag.py:3036} INFO - Sync 1 DAGs
[2025-06-28T04:44:17.694+0000] {logging_mixin.py:188} INFO - [2025-06-28T04:44:17.694+0000] {dag.py:3823} INFO - Setting next_dagrun for example_weekday_branch_operator to 2025-06-27 00:00:00+00:00, run_after=2025-06-28 00:00:00+00:00
[2025-06-28T04:44:17.710+0000] {processor.py:183} INFO - Processing /home/airflow/.local/lib/python3.8/site-packages/airflow/example_dags/example_branch_day_of_week_operator.py took 0.057 seconds
[2025-06-28T04:44:47.892+0000] {processor.py:161} INFO - Started process (PID=6283) to work on /home/airflow/.local/lib/python3.8/site-packages/airflow/example_dags/example_branch_day_of_week_operator.py
[2025-06-28T04:44:47.892+0000] {processor.py:830} INFO - Processing file /home/airflow/.local/lib/python3.8/site-packages/airflow/example_dags/example_branch_day_of_week_operator.py for tasks to queue
[2025-06-28T04:44:47.894+0000] {logging_mixin.py:188} INFO - [2025-06-28T04:44:47.893+0000] {dagbag.py:538} INFO - Filling up the DagBag from /home/airflow/.local/lib/python3.8/site-packages/airflow/example_dags/example_branch_day_of_week_operator.py
[2025-06-28T04:44:47.898+0000] {processor.py:840} INFO - DAG(s) 'example_weekday_branch_operator' retrieved from /home/airflow/.local/lib/python3.8/site-packages/airflow/example_dags/example_branch_day_of_week_operator.py
[2025-06-28T04:44:47.910+0000] {logging_mixin.py:188} INFO - [2025-06-28T04:44:47.910+0000] {dag.py:3036} INFO - Sync 1 DAGs
[2025-06-28T04:44:47.923+0000] {logging_mixin.py:188} INFO - [2025-06-28T04:44:47.923+0000] {dag.py:3823} INFO - Setting next_dagrun for example_weekday_branch_operator to 2025-06-27 00:00:00+00:00, run_after=2025-06-28 00:00:00+00:00
[2025-06-28T04:44:47.937+0000] {processor.py:183} INFO - Processing /home/airflow/.local/lib/python3.8/site-packages/airflow/example_dags/example_branch_day_of_week_operator.py took 0.048 seconds
[2025-06-28T04:45:18.113+0000] {processor.py:161} INFO - Started process (PID=6533) to work on /home/airflow/.local/lib/python3.8/site-packages/airflow/example_dags/example_branch_day_of_week_operator.py
[2025-06-28T04:45:18.113+0000] {processor.py:830} INFO - Processing file /home/airflow/.local/lib/python3.8/site-packages/airflow/example_dags/example_branch_day_of_week_operator.py for tasks to queue
[2025-06-28T04:45:18.114+0000] {logging_mixin.py:188} INFO - [2025-06-28T04:45:18.114+0000] {dagbag.py:538} INFO - Filling up the DagBag from /home/airflow/.local/lib/python3.8/site-packages/airflow/example_dags/example_branch_day_of_week_operator.py
[2025-06-28T04:45:18.119+0000] {processor.py:840} INFO - DAG(s) 'example_weekday_branch_operator' retrieved from /home/airflow/.local/lib/python3.8/site-packages/airflow/example_dags/example_branch_day_of_week_operator.py
[2025-06-28T04:45:18.136+0000] {logging_mixin.py:188} INFO - [2025-06-28T04:45:18.135+0000] {dag.py:3036} INFO - Sync 1 DAGs
[2025-06-28T04:45:18.150+0000] {logging_mixin.py:188} INFO - [2025-06-28T04:45:18.150+0000] {dag.py:3823} INFO - Setting next_dagrun for example_weekday_branch_operator to 2025-06-27 00:00:00+00:00, run_after=2025-06-28 00:00:00+00:00
[2025-06-28T04:45:18.167+0000] {processor.py:183} INFO - Processing /home/airflow/.local/lib/python3.8/site-packages/airflow/example_dags/example_branch_day_of_week_operator.py took 0.056 seconds
[2025-06-28T04:45:48.517+0000] {processor.py:161} INFO - Started process (PID=6785) to work on /home/airflow/.local/lib/python3.8/site-packages/airflow/example_dags/example_branch_day_of_week_operator.py
[2025-06-28T04:45:48.517+0000] {processor.py:830} INFO - Processing file /home/airflow/.local/lib/python3.8/site-packages/airflow/example_dags/example_branch_day_of_week_operator.py for tasks to queue
[2025-06-28T04:45:48.519+0000] {logging_mixin.py:188} INFO - [2025-06-28T04:45:48.518+0000] {dagbag.py:538} INFO - Filling up the DagBag from /home/airflow/.local/lib/python3.8/site-packages/airflow/example_dags/example_branch_day_of_week_operator.py
[2025-06-28T04:45:48.525+0000] {processor.py:840} INFO - DAG(s) 'example_weekday_branch_operator' retrieved from /home/airflow/.local/lib/python3.8/site-packages/airflow/example_dags/example_branch_day_of_week_operator.py
[2025-06-28T04:45:48.542+0000] {logging_mixin.py:188} INFO - [2025-06-28T04:45:48.541+0000] {dag.py:3036} INFO - Sync 1 DAGs
[2025-06-28T04:45:48.555+0000] {logging_mixin.py:188} INFO - [2025-06-28T04:45:48.555+0000] {dag.py:3823} INFO - Setting next_dagrun for example_weekday_branch_operator to 2025-06-27 00:00:00+00:00, run_after=2025-06-28 00:00:00+00:00
[2025-06-28T04:45:48.568+0000] {processor.py:183} INFO - Processing /home/airflow/.local/lib/python3.8/site-packages/airflow/example_dags/example_branch_day_of_week_operator.py took 0.053 seconds
[2025-06-28T04:46:18.857+0000] {processor.py:161} INFO - Started process (PID=7033) to work on /home/airflow/.local/lib/python3.8/site-packages/airflow/example_dags/example_branch_day_of_week_operator.py
[2025-06-28T04:46:18.858+0000] {processor.py:830} INFO - Processing file /home/airflow/.local/lib/python3.8/site-packages/airflow/example_dags/example_branch_day_of_week_operator.py for tasks to queue
[2025-06-28T04:46:18.859+0000] {logging_mixin.py:188} INFO - [2025-06-28T04:46:18.859+0000] {dagbag.py:538} INFO - Filling up the DagBag from /home/airflow/.local/lib/python3.8/site-packages/airflow/example_dags/example_branch_day_of_week_operator.py
[2025-06-28T04:46:18.864+0000] {processor.py:840} INFO - DAG(s) 'example_weekday_branch_operator' retrieved from /home/airflow/.local/lib/python3.8/site-packages/airflow/example_dags/example_branch_day_of_week_operator.py
[2025-06-28T04:46:18.882+0000] {logging_mixin.py:188} INFO - [2025-06-28T04:46:18.882+0000] {dag.py:3036} INFO - Sync 1 DAGs
[2025-06-28T04:46:18.900+0000] {logging_mixin.py:188} INFO - [2025-06-28T04:46:18.900+0000] {dag.py:3823} INFO - Setting next_dagrun for example_weekday_branch_operator to 2025-06-27 00:00:00+00:00, run_after=2025-06-28 00:00:00+00:00
[2025-06-28T04:46:18.915+0000] {processor.py:183} INFO - Processing /home/airflow/.local/lib/python3.8/site-packages/airflow/example_dags/example_branch_day_of_week_operator.py took 0.061 seconds
[2025-06-28T04:46:49.607+0000] {processor.py:161} INFO - Started process (PID=7285) to work on /home/airflow/.local/lib/python3.8/site-packages/airflow/example_dags/example_branch_day_of_week_operator.py
[2025-06-28T04:46:49.608+0000] {processor.py:830} INFO - Processing file /home/airflow/.local/lib/python3.8/site-packages/airflow/example_dags/example_branch_day_of_week_operator.py for tasks to queue
[2025-06-28T04:46:49.609+0000] {logging_mixin.py:188} INFO - [2025-06-28T04:46:49.609+0000] {dagbag.py:538} INFO - Filling up the DagBag from /home/airflow/.local/lib/python3.8/site-packages/airflow/example_dags/example_branch_day_of_week_operator.py
[2025-06-28T04:46:49.614+0000] {processor.py:840} INFO - DAG(s) 'example_weekday_branch_operator' retrieved from /home/airflow/.local/lib/python3.8/site-packages/airflow/example_dags/example_branch_day_of_week_operator.py
[2025-06-28T04:46:49.630+0000] {logging_mixin.py:188} INFO - [2025-06-28T04:46:49.630+0000] {dag.py:3036} INFO - Sync 1 DAGs
[2025-06-28T04:46:49.647+0000] {logging_mixin.py:188} INFO - [2025-06-28T04:46:49.647+0000] {dag.py:3823} INFO - Setting next_dagrun for example_weekday_branch_operator to 2025-06-27 00:00:00+00:00, run_after=2025-06-28 00:00:00+00:00
[2025-06-28T04:46:49.663+0000] {processor.py:183} INFO - Processing /home/airflow/.local/lib/python3.8/site-packages/airflow/example_dags/example_branch_day_of_week_operator.py took 0.059 seconds
[2025-06-28T04:47:19.891+0000] {processor.py:161} INFO - Started process (PID=7535) to work on /home/airflow/.local/lib/python3.8/site-packages/airflow/example_dags/example_branch_day_of_week_operator.py
[2025-06-28T04:47:19.891+0000] {processor.py:830} INFO - Processing file /home/airflow/.local/lib/python3.8/site-packages/airflow/example_dags/example_branch_day_of_week_operator.py for tasks to queue
[2025-06-28T04:47:19.892+0000] {logging_mixin.py:188} INFO - [2025-06-28T04:47:19.892+0000] {dagbag.py:538} INFO - Filling up the DagBag from /home/airflow/.local/lib/python3.8/site-packages/airflow/example_dags/example_branch_day_of_week_operator.py
[2025-06-28T04:47:19.896+0000] {processor.py:840} INFO - DAG(s) 'example_weekday_branch_operator' retrieved from /home/airflow/.local/lib/python3.8/site-packages/airflow/example_dags/example_branch_day_of_week_operator.py
[2025-06-28T04:47:19.911+0000] {logging_mixin.py:188} INFO - [2025-06-28T04:47:19.911+0000] {dag.py:3036} INFO - Sync 1 DAGs
[2025-06-28T04:47:19.925+0000] {logging_mixin.py:188} INFO - [2025-06-28T04:47:19.925+0000] {dag.py:3823} INFO - Setting next_dagrun for example_weekday_branch_operator to 2025-06-27 00:00:00+00:00, run_after=2025-06-28 00:00:00+00:00
[2025-06-28T04:47:19.942+0000] {processor.py:183} INFO - Processing /home/airflow/.local/lib/python3.8/site-packages/airflow/example_dags/example_branch_day_of_week_operator.py took 0.053 seconds
[2025-06-28T04:47:50.067+0000] {processor.py:161} INFO - Started process (PID=7783) to work on /home/airflow/.local/lib/python3.8/site-packages/airflow/example_dags/example_branch_day_of_week_operator.py
[2025-06-28T04:47:50.068+0000] {processor.py:830} INFO - Processing file /home/airflow/.local/lib/python3.8/site-packages/airflow/example_dags/example_branch_day_of_week_operator.py for tasks to queue
[2025-06-28T04:47:50.069+0000] {logging_mixin.py:188} INFO - [2025-06-28T04:47:50.069+0000] {dagbag.py:538} INFO - Filling up the DagBag from /home/airflow/.local/lib/python3.8/site-packages/airflow/example_dags/example_branch_day_of_week_operator.py
[2025-06-28T04:47:50.077+0000] {processor.py:840} INFO - DAG(s) 'example_weekday_branch_operator' retrieved from /home/airflow/.local/lib/python3.8/site-packages/airflow/example_dags/example_branch_day_of_week_operator.py
[2025-06-28T04:47:50.091+0000] {logging_mixin.py:188} INFO - [2025-06-28T04:47:50.090+0000] {dag.py:3036} INFO - Sync 1 DAGs
[2025-06-28T04:47:50.106+0000] {logging_mixin.py:188} INFO - [2025-06-28T04:47:50.105+0000] {dag.py:3823} INFO - Setting next_dagrun for example_weekday_branch_operator to 2025-06-27 00:00:00+00:00, run_after=2025-06-28 00:00:00+00:00
[2025-06-28T04:47:50.122+0000] {processor.py:183} INFO - Processing /home/airflow/.local/lib/python3.8/site-packages/airflow/example_dags/example_branch_day_of_week_operator.py took 0.058 seconds
[2025-06-28T04:48:21.224+0000] {processor.py:161} INFO - Started process (PID=8033) to work on /home/airflow/.local/lib/python3.8/site-packages/airflow/example_dags/example_branch_day_of_week_operator.py
[2025-06-28T04:48:21.224+0000] {processor.py:830} INFO - Processing file /home/airflow/.local/lib/python3.8/site-packages/airflow/example_dags/example_branch_day_of_week_operator.py for tasks to queue
[2025-06-28T04:48:21.225+0000] {logging_mixin.py:188} INFO - [2025-06-28T04:48:21.225+0000] {dagbag.py:538} INFO - Filling up the DagBag from /home/airflow/.local/lib/python3.8/site-packages/airflow/example_dags/example_branch_day_of_week_operator.py
[2025-06-28T04:48:21.229+0000] {processor.py:840} INFO - DAG(s) 'example_weekday_branch_operator' retrieved from /home/airflow/.local/lib/python3.8/site-packages/airflow/example_dags/example_branch_day_of_week_operator.py
[2025-06-28T04:48:21.241+0000] {logging_mixin.py:188} INFO - [2025-06-28T04:48:21.241+0000] {dag.py:3036} INFO - Sync 1 DAGs
[2025-06-28T04:48:21.259+0000] {logging_mixin.py:188} INFO - [2025-06-28T04:48:21.259+0000] {dag.py:3823} INFO - Setting next_dagrun for example_weekday_branch_operator to 2025-06-27 00:00:00+00:00, run_after=2025-06-28 00:00:00+00:00
[2025-06-28T04:48:21.274+0000] {processor.py:183} INFO - Processing /home/airflow/.local/lib/python3.8/site-packages/airflow/example_dags/example_branch_day_of_week_operator.py took 0.052 seconds
