[2025-06-28T04:32:39.454+0000] {processor.py:161} INFO - Started process (PID=320) to work on /home/airflow/.local/lib/python3.8/site-packages/airflow/example_dags/example_subdag_operator.py
[2025-06-28T04:32:39.455+0000] {processor.py:830} INFO - Processing file /home/airflow/.local/lib/python3.8/site-packages/airflow/example_dags/example_subdag_operator.py for tasks to queue
[2025-06-28T04:32:39.458+0000] {logging_mixin.py:188} INFO - [2025-06-28T04:32:39.457+0000] {dagbag.py:538} INFO - Filling up the DagBag from /home/airflow/.local/lib/python3.8/site-packages/airflow/example_dags/example_subdag_operator.py
[2025-06-28T04:32:39.492+0000] {processor.py:840} INFO - DAG(s) 'example_subdag_operator.section-1', 'example_subdag_operator.section-2', 'example_subdag_operator' retrieved from /home/airflow/.local/lib/python3.8/site-packages/airflow/example_dags/example_subdag_operator.py
[2025-06-28T04:32:39.496+0000] {logging_mixin.py:188} INFO - [2025-06-28T04:32:39.496+0000] {dag.py:3036} INFO - Sync 3 DAGs
[2025-06-28T04:32:39.521+0000] {logging_mixin.py:188} INFO - [2025-06-28T04:32:39.521+0000] {dag.py:3823} INFO - Setting next_dagrun for example_subdag_operator to 2022-01-01 00:00:00+00:00, run_after=2022-01-01 00:00:00+00:00
[2025-06-28T04:32:39.527+0000] {logging_mixin.py:188} INFO - [2025-06-28T04:32:39.526+0000] {dag.py:3823} INFO - Setting next_dagrun for example_subdag_operator.section-1 to None, run_after=None
[2025-06-28T04:32:39.529+0000] {logging_mixin.py:188} INFO - [2025-06-28T04:32:39.529+0000] {dag.py:3823} INFO - Setting next_dagrun for example_subdag_operator.section-2 to None, run_after=None
[2025-06-28T04:32:39.538+0000] {logging_mixin.py:188} INFO - [2025-06-28T04:32:39.538+0000] {dag.py:3036} INFO - Sync 2 DAGs
[2025-06-28T04:32:39.546+0000] {logging_mixin.py:188} INFO - [2025-06-28T04:32:39.545+0000] {dag.py:3823} INFO - Setting next_dagrun for example_subdag_operator.section-1 to None, run_after=None
[2025-06-28T04:32:39.546+0000] {logging_mixin.py:188} INFO - [2025-06-28T04:32:39.546+0000] {dag.py:3823} INFO - Setting next_dagrun for example_subdag_operator.section-2 to None, run_after=None
[2025-06-28T04:32:39.561+0000] {processor.py:183} INFO - Processing /home/airflow/.local/lib/python3.8/site-packages/airflow/example_dags/example_subdag_operator.py took 0.111 seconds
[2025-06-28T04:33:10.742+0000] {processor.py:161} INFO - Started process (PID=570) to work on /home/airflow/.local/lib/python3.8/site-packages/airflow/example_dags/example_subdag_operator.py
[2025-06-28T04:33:10.743+0000] {processor.py:830} INFO - Processing file /home/airflow/.local/lib/python3.8/site-packages/airflow/example_dags/example_subdag_operator.py for tasks to queue
[2025-06-28T04:33:10.744+0000] {logging_mixin.py:188} INFO - [2025-06-28T04:33:10.744+0000] {dagbag.py:538} INFO - Filling up the DagBag from /home/airflow/.local/lib/python3.8/site-packages/airflow/example_dags/example_subdag_operator.py
[2025-06-28T04:33:10.765+0000] {processor.py:840} INFO - DAG(s) 'example_subdag_operator.section-1', 'example_subdag_operator.section-2', 'example_subdag_operator' retrieved from /home/airflow/.local/lib/python3.8/site-packages/airflow/example_dags/example_subdag_operator.py
[2025-06-28T04:33:10.832+0000] {logging_mixin.py:188} INFO - [2025-06-28T04:33:10.831+0000] {dag.py:3036} INFO - Sync 3 DAGs
[2025-06-28T04:33:10.851+0000] {logging_mixin.py:188} INFO - [2025-06-28T04:33:10.851+0000] {dag.py:3823} INFO - Setting next_dagrun for example_subdag_operator to 2022-01-01 00:00:00+00:00, run_after=2022-01-01 00:00:00+00:00
[2025-06-28T04:33:10.854+0000] {logging_mixin.py:188} INFO - [2025-06-28T04:33:10.854+0000] {dag.py:3823} INFO - Setting next_dagrun for example_subdag_operator.section-1 to None, run_after=None
[2025-06-28T04:33:10.857+0000] {logging_mixin.py:188} INFO - [2025-06-28T04:33:10.857+0000] {dag.py:3823} INFO - Setting next_dagrun for example_subdag_operator.section-2 to None, run_after=None
[2025-06-28T04:33:10.866+0000] {logging_mixin.py:188} INFO - [2025-06-28T04:33:10.865+0000] {dag.py:3036} INFO - Sync 2 DAGs
[2025-06-28T04:33:10.870+0000] {logging_mixin.py:188} INFO - [2025-06-28T04:33:10.870+0000] {dag.py:3823} INFO - Setting next_dagrun for example_subdag_operator.section-1 to None, run_after=None
[2025-06-28T04:33:10.870+0000] {logging_mixin.py:188} INFO - [2025-06-28T04:33:10.870+0000] {dag.py:3823} INFO - Setting next_dagrun for example_subdag_operator.section-2 to None, run_after=None
[2025-06-28T04:33:10.881+0000] {processor.py:183} INFO - Processing /home/airflow/.local/lib/python3.8/site-packages/airflow/example_dags/example_subdag_operator.py took 0.143 seconds
[2025-06-28T04:33:40.974+0000] {processor.py:161} INFO - Started process (PID=825) to work on /home/airflow/.local/lib/python3.8/site-packages/airflow/example_dags/example_subdag_operator.py
[2025-06-28T04:33:40.976+0000] {processor.py:830} INFO - Processing file /home/airflow/.local/lib/python3.8/site-packages/airflow/example_dags/example_subdag_operator.py for tasks to queue
[2025-06-28T04:33:40.979+0000] {logging_mixin.py:188} INFO - [2025-06-28T04:33:40.978+0000] {dagbag.py:538} INFO - Filling up the DagBag from /home/airflow/.local/lib/python3.8/site-packages/airflow/example_dags/example_subdag_operator.py
[2025-06-28T04:33:40.996+0000] {processor.py:840} INFO - DAG(s) 'example_subdag_operator.section-1', 'example_subdag_operator.section-2', 'example_subdag_operator' retrieved from /home/airflow/.local/lib/python3.8/site-packages/airflow/example_dags/example_subdag_operator.py
[2025-06-28T04:33:41.008+0000] {logging_mixin.py:188} INFO - [2025-06-28T04:33:41.007+0000] {dag.py:3036} INFO - Sync 3 DAGs
[2025-06-28T04:33:41.034+0000] {logging_mixin.py:188} INFO - [2025-06-28T04:33:41.034+0000] {dag.py:3823} INFO - Setting next_dagrun for example_subdag_operator to 2022-01-01 00:00:00+00:00, run_after=2022-01-01 00:00:00+00:00
[2025-06-28T04:33:41.036+0000] {logging_mixin.py:188} INFO - [2025-06-28T04:33:41.036+0000] {dag.py:3823} INFO - Setting next_dagrun for example_subdag_operator.section-1 to None, run_after=None
[2025-06-28T04:33:41.038+0000] {logging_mixin.py:188} INFO - [2025-06-28T04:33:41.038+0000] {dag.py:3823} INFO - Setting next_dagrun for example_subdag_operator.section-2 to None, run_after=None
[2025-06-28T04:33:41.046+0000] {logging_mixin.py:188} INFO - [2025-06-28T04:33:41.046+0000] {dag.py:3036} INFO - Sync 2 DAGs
[2025-06-28T04:33:41.052+0000] {logging_mixin.py:188} INFO - [2025-06-28T04:33:41.052+0000] {dag.py:3823} INFO - Setting next_dagrun for example_subdag_operator.section-1 to None, run_after=None
[2025-06-28T04:33:41.053+0000] {logging_mixin.py:188} INFO - [2025-06-28T04:33:41.053+0000] {dag.py:3823} INFO - Setting next_dagrun for example_subdag_operator.section-2 to None, run_after=None
[2025-06-28T04:33:41.070+0000] {processor.py:183} INFO - Processing /home/airflow/.local/lib/python3.8/site-packages/airflow/example_dags/example_subdag_operator.py took 0.098 seconds
[2025-06-28T04:34:11.334+0000] {processor.py:161} INFO - Started process (PID=1070) to work on /home/airflow/.local/lib/python3.8/site-packages/airflow/example_dags/example_subdag_operator.py
[2025-06-28T04:34:11.335+0000] {processor.py:830} INFO - Processing file /home/airflow/.local/lib/python3.8/site-packages/airflow/example_dags/example_subdag_operator.py for tasks to queue
[2025-06-28T04:34:11.336+0000] {logging_mixin.py:188} INFO - [2025-06-28T04:34:11.336+0000] {dagbag.py:538} INFO - Filling up the DagBag from /home/airflow/.local/lib/python3.8/site-packages/airflow/example_dags/example_subdag_operator.py
[2025-06-28T04:34:11.354+0000] {processor.py:840} INFO - DAG(s) 'example_subdag_operator.section-1', 'example_subdag_operator.section-2', 'example_subdag_operator' retrieved from /home/airflow/.local/lib/python3.8/site-packages/airflow/example_dags/example_subdag_operator.py
[2025-06-28T04:34:11.364+0000] {logging_mixin.py:188} INFO - [2025-06-28T04:34:11.364+0000] {dag.py:3036} INFO - Sync 3 DAGs
[2025-06-28T04:34:11.377+0000] {logging_mixin.py:188} INFO - [2025-06-28T04:34:11.377+0000] {dag.py:3823} INFO - Setting next_dagrun for example_subdag_operator to 2022-01-01 00:00:00+00:00, run_after=2022-01-01 00:00:00+00:00
[2025-06-28T04:34:11.380+0000] {logging_mixin.py:188} INFO - [2025-06-28T04:34:11.380+0000] {dag.py:3823} INFO - Setting next_dagrun for example_subdag_operator.section-1 to None, run_after=None
[2025-06-28T04:34:11.381+0000] {logging_mixin.py:188} INFO - [2025-06-28T04:34:11.381+0000] {dag.py:3823} INFO - Setting next_dagrun for example_subdag_operator.section-2 to None, run_after=None
[2025-06-28T04:34:11.386+0000] {logging_mixin.py:188} INFO - [2025-06-28T04:34:11.386+0000] {dag.py:3036} INFO - Sync 2 DAGs
[2025-06-28T04:34:11.390+0000] {logging_mixin.py:188} INFO - [2025-06-28T04:34:11.390+0000] {dag.py:3823} INFO - Setting next_dagrun for example_subdag_operator.section-1 to None, run_after=None
[2025-06-28T04:34:11.391+0000] {logging_mixin.py:188} INFO - [2025-06-28T04:34:11.391+0000] {dag.py:3823} INFO - Setting next_dagrun for example_subdag_operator.section-2 to None, run_after=None
[2025-06-28T04:34:11.401+0000] {processor.py:183} INFO - Processing /home/airflow/.local/lib/python3.8/site-packages/airflow/example_dags/example_subdag_operator.py took 0.069 seconds
[2025-06-28T04:34:41.825+0000] {processor.py:161} INFO - Started process (PID=1325) to work on /home/airflow/.local/lib/python3.8/site-packages/airflow/example_dags/example_subdag_operator.py
[2025-06-28T04:34:41.826+0000] {processor.py:830} INFO - Processing file /home/airflow/.local/lib/python3.8/site-packages/airflow/example_dags/example_subdag_operator.py for tasks to queue
[2025-06-28T04:34:41.827+0000] {logging_mixin.py:188} INFO - [2025-06-28T04:34:41.827+0000] {dagbag.py:538} INFO - Filling up the DagBag from /home/airflow/.local/lib/python3.8/site-packages/airflow/example_dags/example_subdag_operator.py
[2025-06-28T04:34:41.842+0000] {processor.py:840} INFO - DAG(s) 'example_subdag_operator.section-1', 'example_subdag_operator.section-2', 'example_subdag_operator' retrieved from /home/airflow/.local/lib/python3.8/site-packages/airflow/example_dags/example_subdag_operator.py
[2025-06-28T04:34:41.850+0000] {logging_mixin.py:188} INFO - [2025-06-28T04:34:41.850+0000] {dag.py:3036} INFO - Sync 3 DAGs
[2025-06-28T04:34:41.863+0000] {logging_mixin.py:188} INFO - [2025-06-28T04:34:41.862+0000] {dag.py:3823} INFO - Setting next_dagrun for example_subdag_operator to 2022-01-01 00:00:00+00:00, run_after=2022-01-01 00:00:00+00:00
[2025-06-28T04:34:41.865+0000] {logging_mixin.py:188} INFO - [2025-06-28T04:34:41.865+0000] {dag.py:3823} INFO - Setting next_dagrun for example_subdag_operator.section-1 to None, run_after=None
[2025-06-28T04:34:41.866+0000] {logging_mixin.py:188} INFO - [2025-06-28T04:34:41.866+0000] {dag.py:3823} INFO - Setting next_dagrun for example_subdag_operator.section-2 to None, run_after=None
[2025-06-28T04:34:41.871+0000] {logging_mixin.py:188} INFO - [2025-06-28T04:34:41.870+0000] {dag.py:3036} INFO - Sync 2 DAGs
[2025-06-28T04:34:41.874+0000] {logging_mixin.py:188} INFO - [2025-06-28T04:34:41.873+0000] {dag.py:3823} INFO - Setting next_dagrun for example_subdag_operator.section-1 to None, run_after=None
[2025-06-28T04:34:41.874+0000] {logging_mixin.py:188} INFO - [2025-06-28T04:34:41.874+0000] {dag.py:3823} INFO - Setting next_dagrun for example_subdag_operator.section-2 to None, run_after=None
[2025-06-28T04:34:41.879+0000] {processor.py:183} INFO - Processing /home/airflow/.local/lib/python3.8/site-packages/airflow/example_dags/example_subdag_operator.py took 0.057 seconds
[2025-06-28T04:35:12.186+0000] {processor.py:161} INFO - Started process (PID=1570) to work on /home/airflow/.local/lib/python3.8/site-packages/airflow/example_dags/example_subdag_operator.py
[2025-06-28T04:35:12.188+0000] {processor.py:830} INFO - Processing file /home/airflow/.local/lib/python3.8/site-packages/airflow/example_dags/example_subdag_operator.py for tasks to queue
[2025-06-28T04:35:12.189+0000] {logging_mixin.py:188} INFO - [2025-06-28T04:35:12.189+0000] {dagbag.py:538} INFO - Filling up the DagBag from /home/airflow/.local/lib/python3.8/site-packages/airflow/example_dags/example_subdag_operator.py
[2025-06-28T04:35:12.208+0000] {processor.py:840} INFO - DAG(s) 'example_subdag_operator.section-1', 'example_subdag_operator.section-2', 'example_subdag_operator' retrieved from /home/airflow/.local/lib/python3.8/site-packages/airflow/example_dags/example_subdag_operator.py
[2025-06-28T04:35:12.217+0000] {logging_mixin.py:188} INFO - [2025-06-28T04:35:12.217+0000] {dag.py:3036} INFO - Sync 3 DAGs
[2025-06-28T04:35:12.231+0000] {logging_mixin.py:188} INFO - [2025-06-28T04:35:12.231+0000] {dag.py:3823} INFO - Setting next_dagrun for example_subdag_operator to 2022-01-01 00:00:00+00:00, run_after=2022-01-01 00:00:00+00:00
[2025-06-28T04:35:12.233+0000] {logging_mixin.py:188} INFO - [2025-06-28T04:35:12.233+0000] {dag.py:3823} INFO - Setting next_dagrun for example_subdag_operator.section-1 to None, run_after=None
[2025-06-28T04:35:12.234+0000] {logging_mixin.py:188} INFO - [2025-06-28T04:35:12.234+0000] {dag.py:3823} INFO - Setting next_dagrun for example_subdag_operator.section-2 to None, run_after=None
[2025-06-28T04:35:12.239+0000] {logging_mixin.py:188} INFO - [2025-06-28T04:35:12.239+0000] {dag.py:3036} INFO - Sync 2 DAGs
[2025-06-28T04:35:12.243+0000] {logging_mixin.py:188} INFO - [2025-06-28T04:35:12.243+0000] {dag.py:3823} INFO - Setting next_dagrun for example_subdag_operator.section-1 to None, run_after=None
[2025-06-28T04:35:12.243+0000] {logging_mixin.py:188} INFO - [2025-06-28T04:35:12.243+0000] {dag.py:3823} INFO - Setting next_dagrun for example_subdag_operator.section-2 to None, run_after=None
[2025-06-28T04:35:12.253+0000] {processor.py:183} INFO - Processing /home/airflow/.local/lib/python3.8/site-packages/airflow/example_dags/example_subdag_operator.py took 0.072 seconds
[2025-06-28T04:35:42.776+0000] {processor.py:161} INFO - Started process (PID=1818) to work on /home/airflow/.local/lib/python3.8/site-packages/airflow/example_dags/example_subdag_operator.py
[2025-06-28T04:35:42.776+0000] {processor.py:830} INFO - Processing file /home/airflow/.local/lib/python3.8/site-packages/airflow/example_dags/example_subdag_operator.py for tasks to queue
[2025-06-28T04:35:42.777+0000] {logging_mixin.py:188} INFO - [2025-06-28T04:35:42.777+0000] {dagbag.py:538} INFO - Filling up the DagBag from /home/airflow/.local/lib/python3.8/site-packages/airflow/example_dags/example_subdag_operator.py
[2025-06-28T04:35:42.793+0000] {processor.py:840} INFO - DAG(s) 'example_subdag_operator.section-1', 'example_subdag_operator.section-2', 'example_subdag_operator' retrieved from /home/airflow/.local/lib/python3.8/site-packages/airflow/example_dags/example_subdag_operator.py
[2025-06-28T04:35:42.801+0000] {logging_mixin.py:188} INFO - [2025-06-28T04:35:42.801+0000] {dag.py:3036} INFO - Sync 3 DAGs
[2025-06-28T04:35:42.814+0000] {logging_mixin.py:188} INFO - [2025-06-28T04:35:42.814+0000] {dag.py:3823} INFO - Setting next_dagrun for example_subdag_operator to 2022-01-01 00:00:00+00:00, run_after=2022-01-01 00:00:00+00:00
[2025-06-28T04:35:42.816+0000] {logging_mixin.py:188} INFO - [2025-06-28T04:35:42.816+0000] {dag.py:3823} INFO - Setting next_dagrun for example_subdag_operator.section-1 to None, run_after=None
[2025-06-28T04:35:42.817+0000] {logging_mixin.py:188} INFO - [2025-06-28T04:35:42.817+0000] {dag.py:3823} INFO - Setting next_dagrun for example_subdag_operator.section-2 to None, run_after=None
[2025-06-28T04:35:42.822+0000] {logging_mixin.py:188} INFO - [2025-06-28T04:35:42.822+0000] {dag.py:3036} INFO - Sync 2 DAGs
[2025-06-28T04:35:42.826+0000] {logging_mixin.py:188} INFO - [2025-06-28T04:35:42.826+0000] {dag.py:3823} INFO - Setting next_dagrun for example_subdag_operator.section-1 to None, run_after=None
[2025-06-28T04:35:42.827+0000] {logging_mixin.py:188} INFO - [2025-06-28T04:35:42.826+0000] {dag.py:3823} INFO - Setting next_dagrun for example_subdag_operator.section-2 to None, run_after=None
[2025-06-28T04:35:42.833+0000] {processor.py:183} INFO - Processing /home/airflow/.local/lib/python3.8/site-packages/airflow/example_dags/example_subdag_operator.py took 0.060 seconds
[2025-06-28T04:36:13.150+0000] {processor.py:161} INFO - Started process (PID=2068) to work on /home/airflow/.local/lib/python3.8/site-packages/airflow/example_dags/example_subdag_operator.py
[2025-06-28T04:36:13.150+0000] {processor.py:830} INFO - Processing file /home/airflow/.local/lib/python3.8/site-packages/airflow/example_dags/example_subdag_operator.py for tasks to queue
[2025-06-28T04:36:13.152+0000] {logging_mixin.py:188} INFO - [2025-06-28T04:36:13.151+0000] {dagbag.py:538} INFO - Filling up the DagBag from /home/airflow/.local/lib/python3.8/site-packages/airflow/example_dags/example_subdag_operator.py
[2025-06-28T04:36:13.173+0000] {processor.py:840} INFO - DAG(s) 'example_subdag_operator.section-1', 'example_subdag_operator.section-2', 'example_subdag_operator' retrieved from /home/airflow/.local/lib/python3.8/site-packages/airflow/example_dags/example_subdag_operator.py
[2025-06-28T04:36:13.184+0000] {logging_mixin.py:188} INFO - [2025-06-28T04:36:13.184+0000] {dag.py:3036} INFO - Sync 3 DAGs
[2025-06-28T04:36:13.197+0000] {logging_mixin.py:188} INFO - [2025-06-28T04:36:13.197+0000] {dag.py:3823} INFO - Setting next_dagrun for example_subdag_operator to 2022-01-01 00:00:00+00:00, run_after=2022-01-01 00:00:00+00:00
[2025-06-28T04:36:13.200+0000] {logging_mixin.py:188} INFO - [2025-06-28T04:36:13.200+0000] {dag.py:3823} INFO - Setting next_dagrun for example_subdag_operator.section-1 to None, run_after=None
[2025-06-28T04:36:13.201+0000] {logging_mixin.py:188} INFO - [2025-06-28T04:36:13.201+0000] {dag.py:3823} INFO - Setting next_dagrun for example_subdag_operator.section-2 to None, run_after=None
[2025-06-28T04:36:13.205+0000] {logging_mixin.py:188} INFO - [2025-06-28T04:36:13.205+0000] {dag.py:3036} INFO - Sync 2 DAGs
[2025-06-28T04:36:13.210+0000] {logging_mixin.py:188} INFO - [2025-06-28T04:36:13.210+0000] {dag.py:3823} INFO - Setting next_dagrun for example_subdag_operator.section-1 to None, run_after=None
[2025-06-28T04:36:13.210+0000] {logging_mixin.py:188} INFO - [2025-06-28T04:36:13.210+0000] {dag.py:3823} INFO - Setting next_dagrun for example_subdag_operator.section-2 to None, run_after=None
[2025-06-28T04:36:13.218+0000] {processor.py:183} INFO - Processing /home/airflow/.local/lib/python3.8/site-packages/airflow/example_dags/example_subdag_operator.py took 0.071 seconds
[2025-06-28T04:36:43.408+0000] {processor.py:161} INFO - Started process (PID=2318) to work on /home/airflow/.local/lib/python3.8/site-packages/airflow/example_dags/example_subdag_operator.py
[2025-06-28T04:36:43.409+0000] {processor.py:830} INFO - Processing file /home/airflow/.local/lib/python3.8/site-packages/airflow/example_dags/example_subdag_operator.py for tasks to queue
[2025-06-28T04:36:43.410+0000] {logging_mixin.py:188} INFO - [2025-06-28T04:36:43.410+0000] {dagbag.py:538} INFO - Filling up the DagBag from /home/airflow/.local/lib/python3.8/site-packages/airflow/example_dags/example_subdag_operator.py
[2025-06-28T04:36:43.424+0000] {processor.py:840} INFO - DAG(s) 'example_subdag_operator.section-1', 'example_subdag_operator.section-2', 'example_subdag_operator' retrieved from /home/airflow/.local/lib/python3.8/site-packages/airflow/example_dags/example_subdag_operator.py
[2025-06-28T04:36:43.433+0000] {logging_mixin.py:188} INFO - [2025-06-28T04:36:43.433+0000] {dag.py:3036} INFO - Sync 3 DAGs
[2025-06-28T04:36:43.448+0000] {logging_mixin.py:188} INFO - [2025-06-28T04:36:43.448+0000] {dag.py:3823} INFO - Setting next_dagrun for example_subdag_operator to 2022-01-01 00:00:00+00:00, run_after=2022-01-01 00:00:00+00:00
[2025-06-28T04:36:43.452+0000] {logging_mixin.py:188} INFO - [2025-06-28T04:36:43.452+0000] {dag.py:3823} INFO - Setting next_dagrun for example_subdag_operator.section-1 to None, run_after=None
[2025-06-28T04:36:43.453+0000] {logging_mixin.py:188} INFO - [2025-06-28T04:36:43.453+0000] {dag.py:3823} INFO - Setting next_dagrun for example_subdag_operator.section-2 to None, run_after=None
[2025-06-28T04:36:43.458+0000] {logging_mixin.py:188} INFO - [2025-06-28T04:36:43.458+0000] {dag.py:3036} INFO - Sync 2 DAGs
[2025-06-28T04:36:43.461+0000] {logging_mixin.py:188} INFO - [2025-06-28T04:36:43.461+0000] {dag.py:3823} INFO - Setting next_dagrun for example_subdag_operator.section-1 to None, run_after=None
[2025-06-28T04:36:43.462+0000] {logging_mixin.py:188} INFO - [2025-06-28T04:36:43.461+0000] {dag.py:3823} INFO - Setting next_dagrun for example_subdag_operator.section-2 to None, run_after=None
[2025-06-28T04:36:43.470+0000] {processor.py:183} INFO - Processing /home/airflow/.local/lib/python3.8/site-packages/airflow/example_dags/example_subdag_operator.py took 0.064 seconds
[2025-06-28T04:37:13.516+0000] {processor.py:161} INFO - Started process (PID=2570) to work on /home/airflow/.local/lib/python3.8/site-packages/airflow/example_dags/example_subdag_operator.py
[2025-06-28T04:37:13.517+0000] {processor.py:830} INFO - Processing file /home/airflow/.local/lib/python3.8/site-packages/airflow/example_dags/example_subdag_operator.py for tasks to queue
[2025-06-28T04:37:13.518+0000] {logging_mixin.py:188} INFO - [2025-06-28T04:37:13.518+0000] {dagbag.py:538} INFO - Filling up the DagBag from /home/airflow/.local/lib/python3.8/site-packages/airflow/example_dags/example_subdag_operator.py
[2025-06-28T04:37:13.540+0000] {processor.py:840} INFO - DAG(s) 'example_subdag_operator.section-1', 'example_subdag_operator.section-2', 'example_subdag_operator' retrieved from /home/airflow/.local/lib/python3.8/site-packages/airflow/example_dags/example_subdag_operator.py
[2025-06-28T04:37:13.554+0000] {logging_mixin.py:188} INFO - [2025-06-28T04:37:13.554+0000] {dag.py:3036} INFO - Sync 3 DAGs
[2025-06-28T04:37:13.567+0000] {logging_mixin.py:188} INFO - [2025-06-28T04:37:13.567+0000] {dag.py:3823} INFO - Setting next_dagrun for example_subdag_operator to 2022-01-01 00:00:00+00:00, run_after=2022-01-01 00:00:00+00:00
[2025-06-28T04:37:13.569+0000] {logging_mixin.py:188} INFO - [2025-06-28T04:37:13.569+0000] {dag.py:3823} INFO - Setting next_dagrun for example_subdag_operator.section-1 to None, run_after=None
[2025-06-28T04:37:13.570+0000] {logging_mixin.py:188} INFO - [2025-06-28T04:37:13.570+0000] {dag.py:3823} INFO - Setting next_dagrun for example_subdag_operator.section-2 to None, run_after=None
[2025-06-28T04:37:13.574+0000] {logging_mixin.py:188} INFO - [2025-06-28T04:37:13.574+0000] {dag.py:3036} INFO - Sync 2 DAGs
[2025-06-28T04:37:13.578+0000] {logging_mixin.py:188} INFO - [2025-06-28T04:37:13.577+0000] {dag.py:3823} INFO - Setting next_dagrun for example_subdag_operator.section-1 to None, run_after=None
[2025-06-28T04:37:13.578+0000] {logging_mixin.py:188} INFO - [2025-06-28T04:37:13.578+0000] {dag.py:3823} INFO - Setting next_dagrun for example_subdag_operator.section-2 to None, run_after=None
[2025-06-28T04:37:13.588+0000] {processor.py:183} INFO - Processing /home/airflow/.local/lib/python3.8/site-packages/airflow/example_dags/example_subdag_operator.py took 0.074 seconds
[2025-06-28T04:37:43.669+0000] {processor.py:161} INFO - Started process (PID=2818) to work on /home/airflow/.local/lib/python3.8/site-packages/airflow/example_dags/example_subdag_operator.py
[2025-06-28T04:37:43.670+0000] {processor.py:830} INFO - Processing file /home/airflow/.local/lib/python3.8/site-packages/airflow/example_dags/example_subdag_operator.py for tasks to queue
[2025-06-28T04:37:43.671+0000] {logging_mixin.py:188} INFO - [2025-06-28T04:37:43.671+0000] {dagbag.py:538} INFO - Filling up the DagBag from /home/airflow/.local/lib/python3.8/site-packages/airflow/example_dags/example_subdag_operator.py
[2025-06-28T04:37:43.691+0000] {processor.py:840} INFO - DAG(s) 'example_subdag_operator.section-1', 'example_subdag_operator.section-2', 'example_subdag_operator' retrieved from /home/airflow/.local/lib/python3.8/site-packages/airflow/example_dags/example_subdag_operator.py
[2025-06-28T04:37:43.703+0000] {logging_mixin.py:188} INFO - [2025-06-28T04:37:43.702+0000] {dag.py:3036} INFO - Sync 3 DAGs
[2025-06-28T04:37:43.716+0000] {logging_mixin.py:188} INFO - [2025-06-28T04:37:43.716+0000] {dag.py:3823} INFO - Setting next_dagrun for example_subdag_operator to 2022-01-01 00:00:00+00:00, run_after=2022-01-01 00:00:00+00:00
[2025-06-28T04:37:43.718+0000] {logging_mixin.py:188} INFO - [2025-06-28T04:37:43.718+0000] {dag.py:3823} INFO - Setting next_dagrun for example_subdag_operator.section-1 to None, run_after=None
[2025-06-28T04:37:43.719+0000] {logging_mixin.py:188} INFO - [2025-06-28T04:37:43.719+0000] {dag.py:3823} INFO - Setting next_dagrun for example_subdag_operator.section-2 to None, run_after=None
[2025-06-28T04:37:43.724+0000] {logging_mixin.py:188} INFO - [2025-06-28T04:37:43.723+0000] {dag.py:3036} INFO - Sync 2 DAGs
[2025-06-28T04:37:43.726+0000] {logging_mixin.py:188} INFO - [2025-06-28T04:37:43.726+0000] {dag.py:3823} INFO - Setting next_dagrun for example_subdag_operator.section-1 to None, run_after=None
[2025-06-28T04:37:43.727+0000] {logging_mixin.py:188} INFO - [2025-06-28T04:37:43.727+0000] {dag.py:3823} INFO - Setting next_dagrun for example_subdag_operator.section-2 to None, run_after=None
[2025-06-28T04:37:43.733+0000] {processor.py:183} INFO - Processing /home/airflow/.local/lib/python3.8/site-packages/airflow/example_dags/example_subdag_operator.py took 0.067 seconds
[2025-06-28T04:38:13.998+0000] {processor.py:161} INFO - Started process (PID=3070) to work on /home/airflow/.local/lib/python3.8/site-packages/airflow/example_dags/example_subdag_operator.py
[2025-06-28T04:38:13.999+0000] {processor.py:830} INFO - Processing file /home/airflow/.local/lib/python3.8/site-packages/airflow/example_dags/example_subdag_operator.py for tasks to queue
[2025-06-28T04:38:14.000+0000] {logging_mixin.py:188} INFO - [2025-06-28T04:38:14.000+0000] {dagbag.py:538} INFO - Filling up the DagBag from /home/airflow/.local/lib/python3.8/site-packages/airflow/example_dags/example_subdag_operator.py
[2025-06-28T04:38:14.013+0000] {processor.py:840} INFO - DAG(s) 'example_subdag_operator.section-1', 'example_subdag_operator.section-2', 'example_subdag_operator' retrieved from /home/airflow/.local/lib/python3.8/site-packages/airflow/example_dags/example_subdag_operator.py
[2025-06-28T04:38:14.022+0000] {logging_mixin.py:188} INFO - [2025-06-28T04:38:14.022+0000] {dag.py:3036} INFO - Sync 3 DAGs
[2025-06-28T04:38:14.034+0000] {logging_mixin.py:188} INFO - [2025-06-28T04:38:14.033+0000] {dag.py:3823} INFO - Setting next_dagrun for example_subdag_operator to 2022-01-01 00:00:00+00:00, run_after=2022-01-01 00:00:00+00:00
[2025-06-28T04:38:14.036+0000] {logging_mixin.py:188} INFO - [2025-06-28T04:38:14.035+0000] {dag.py:3823} INFO - Setting next_dagrun for example_subdag_operator.section-1 to None, run_after=None
[2025-06-28T04:38:14.036+0000] {logging_mixin.py:188} INFO - [2025-06-28T04:38:14.036+0000] {dag.py:3823} INFO - Setting next_dagrun for example_subdag_operator.section-2 to None, run_after=None
[2025-06-28T04:38:14.039+0000] {logging_mixin.py:188} INFO - [2025-06-28T04:38:14.039+0000] {dag.py:3036} INFO - Sync 2 DAGs
[2025-06-28T04:38:14.042+0000] {logging_mixin.py:188} INFO - [2025-06-28T04:38:14.042+0000] {dag.py:3823} INFO - Setting next_dagrun for example_subdag_operator.section-1 to None, run_after=None
[2025-06-28T04:38:14.042+0000] {logging_mixin.py:188} INFO - [2025-06-28T04:38:14.042+0000] {dag.py:3823} INFO - Setting next_dagrun for example_subdag_operator.section-2 to None, run_after=None
[2025-06-28T04:38:14.048+0000] {processor.py:183} INFO - Processing /home/airflow/.local/lib/python3.8/site-packages/airflow/example_dags/example_subdag_operator.py took 0.051 seconds
[2025-06-28T04:38:44.317+0000] {processor.py:161} INFO - Started process (PID=3318) to work on /home/airflow/.local/lib/python3.8/site-packages/airflow/example_dags/example_subdag_operator.py
[2025-06-28T04:38:44.318+0000] {processor.py:830} INFO - Processing file /home/airflow/.local/lib/python3.8/site-packages/airflow/example_dags/example_subdag_operator.py for tasks to queue
[2025-06-28T04:38:44.319+0000] {logging_mixin.py:188} INFO - [2025-06-28T04:38:44.318+0000] {dagbag.py:538} INFO - Filling up the DagBag from /home/airflow/.local/lib/python3.8/site-packages/airflow/example_dags/example_subdag_operator.py
[2025-06-28T04:38:44.335+0000] {processor.py:840} INFO - DAG(s) 'example_subdag_operator.section-1', 'example_subdag_operator.section-2', 'example_subdag_operator' retrieved from /home/airflow/.local/lib/python3.8/site-packages/airflow/example_dags/example_subdag_operator.py
[2025-06-28T04:38:44.348+0000] {logging_mixin.py:188} INFO - [2025-06-28T04:38:44.347+0000] {dag.py:3036} INFO - Sync 3 DAGs
[2025-06-28T04:38:44.361+0000] {logging_mixin.py:188} INFO - [2025-06-28T04:38:44.361+0000] {dag.py:3823} INFO - Setting next_dagrun for example_subdag_operator to 2022-01-01 00:00:00+00:00, run_after=2022-01-01 00:00:00+00:00
[2025-06-28T04:38:44.364+0000] {logging_mixin.py:188} INFO - [2025-06-28T04:38:44.364+0000] {dag.py:3823} INFO - Setting next_dagrun for example_subdag_operator.section-1 to None, run_after=None
[2025-06-28T04:38:44.366+0000] {logging_mixin.py:188} INFO - [2025-06-28T04:38:44.365+0000] {dag.py:3823} INFO - Setting next_dagrun for example_subdag_operator.section-2 to None, run_after=None
[2025-06-28T04:38:44.370+0000] {logging_mixin.py:188} INFO - [2025-06-28T04:38:44.370+0000] {dag.py:3036} INFO - Sync 2 DAGs
[2025-06-28T04:38:44.374+0000] {logging_mixin.py:188} INFO - [2025-06-28T04:38:44.374+0000] {dag.py:3823} INFO - Setting next_dagrun for example_subdag_operator.section-1 to None, run_after=None
[2025-06-28T04:38:44.374+0000] {logging_mixin.py:188} INFO - [2025-06-28T04:38:44.374+0000] {dag.py:3823} INFO - Setting next_dagrun for example_subdag_operator.section-2 to None, run_after=None
[2025-06-28T04:38:44.384+0000] {processor.py:183} INFO - Processing /home/airflow/.local/lib/python3.8/site-packages/airflow/example_dags/example_subdag_operator.py took 0.068 seconds
[2025-06-28T04:39:14.520+0000] {processor.py:161} INFO - Started process (PID=3568) to work on /home/airflow/.local/lib/python3.8/site-packages/airflow/example_dags/example_subdag_operator.py
[2025-06-28T04:39:14.521+0000] {processor.py:830} INFO - Processing file /home/airflow/.local/lib/python3.8/site-packages/airflow/example_dags/example_subdag_operator.py for tasks to queue
[2025-06-28T04:39:14.522+0000] {logging_mixin.py:188} INFO - [2025-06-28T04:39:14.522+0000] {dagbag.py:538} INFO - Filling up the DagBag from /home/airflow/.local/lib/python3.8/site-packages/airflow/example_dags/example_subdag_operator.py
[2025-06-28T04:39:14.539+0000] {processor.py:840} INFO - DAG(s) 'example_subdag_operator.section-1', 'example_subdag_operator.section-2', 'example_subdag_operator' retrieved from /home/airflow/.local/lib/python3.8/site-packages/airflow/example_dags/example_subdag_operator.py
[2025-06-28T04:39:14.554+0000] {logging_mixin.py:188} INFO - [2025-06-28T04:39:14.553+0000] {dag.py:3036} INFO - Sync 3 DAGs
[2025-06-28T04:39:14.570+0000] {logging_mixin.py:188} INFO - [2025-06-28T04:39:14.570+0000] {dag.py:3823} INFO - Setting next_dagrun for example_subdag_operator to 2022-01-01 00:00:00+00:00, run_after=2022-01-01 00:00:00+00:00
[2025-06-28T04:39:14.573+0000] {logging_mixin.py:188} INFO - [2025-06-28T04:39:14.572+0000] {dag.py:3823} INFO - Setting next_dagrun for example_subdag_operator.section-1 to None, run_after=None
[2025-06-28T04:39:14.574+0000] {logging_mixin.py:188} INFO - [2025-06-28T04:39:14.573+0000] {dag.py:3823} INFO - Setting next_dagrun for example_subdag_operator.section-2 to None, run_after=None
[2025-06-28T04:39:14.578+0000] {logging_mixin.py:188} INFO - [2025-06-28T04:39:14.578+0000] {dag.py:3036} INFO - Sync 2 DAGs
[2025-06-28T04:39:14.583+0000] {logging_mixin.py:188} INFO - [2025-06-28T04:39:14.582+0000] {dag.py:3823} INFO - Setting next_dagrun for example_subdag_operator.section-1 to None, run_after=None
[2025-06-28T04:39:14.583+0000] {logging_mixin.py:188} INFO - [2025-06-28T04:39:14.583+0000] {dag.py:3823} INFO - Setting next_dagrun for example_subdag_operator.section-2 to None, run_after=None
[2025-06-28T04:39:14.590+0000] {processor.py:183} INFO - Processing /home/airflow/.local/lib/python3.8/site-packages/airflow/example_dags/example_subdag_operator.py took 0.072 seconds
[2025-06-28T04:39:44.769+0000] {processor.py:161} INFO - Started process (PID=3818) to work on /home/airflow/.local/lib/python3.8/site-packages/airflow/example_dags/example_subdag_operator.py
[2025-06-28T04:39:44.770+0000] {processor.py:830} INFO - Processing file /home/airflow/.local/lib/python3.8/site-packages/airflow/example_dags/example_subdag_operator.py for tasks to queue
[2025-06-28T04:39:44.771+0000] {logging_mixin.py:188} INFO - [2025-06-28T04:39:44.771+0000] {dagbag.py:538} INFO - Filling up the DagBag from /home/airflow/.local/lib/python3.8/site-packages/airflow/example_dags/example_subdag_operator.py
[2025-06-28T04:39:44.788+0000] {processor.py:840} INFO - DAG(s) 'example_subdag_operator.section-1', 'example_subdag_operator.section-2', 'example_subdag_operator' retrieved from /home/airflow/.local/lib/python3.8/site-packages/airflow/example_dags/example_subdag_operator.py
[2025-06-28T04:39:44.798+0000] {logging_mixin.py:188} INFO - [2025-06-28T04:39:44.798+0000] {dag.py:3036} INFO - Sync 3 DAGs
[2025-06-28T04:39:44.812+0000] {logging_mixin.py:188} INFO - [2025-06-28T04:39:44.811+0000] {dag.py:3823} INFO - Setting next_dagrun for example_subdag_operator to 2022-01-01 00:00:00+00:00, run_after=2022-01-01 00:00:00+00:00
[2025-06-28T04:39:44.814+0000] {logging_mixin.py:188} INFO - [2025-06-28T04:39:44.814+0000] {dag.py:3823} INFO - Setting next_dagrun for example_subdag_operator.section-1 to None, run_after=None
[2025-06-28T04:39:44.815+0000] {logging_mixin.py:188} INFO - [2025-06-28T04:39:44.814+0000] {dag.py:3823} INFO - Setting next_dagrun for example_subdag_operator.section-2 to None, run_after=None
[2025-06-28T04:39:44.819+0000] {logging_mixin.py:188} INFO - [2025-06-28T04:39:44.819+0000] {dag.py:3036} INFO - Sync 2 DAGs
[2025-06-28T04:39:44.825+0000] {logging_mixin.py:188} INFO - [2025-06-28T04:39:44.825+0000] {dag.py:3823} INFO - Setting next_dagrun for example_subdag_operator.section-1 to None, run_after=None
[2025-06-28T04:39:44.825+0000] {logging_mixin.py:188} INFO - [2025-06-28T04:39:44.825+0000] {dag.py:3823} INFO - Setting next_dagrun for example_subdag_operator.section-2 to None, run_after=None
[2025-06-28T04:39:44.834+0000] {processor.py:183} INFO - Processing /home/airflow/.local/lib/python3.8/site-packages/airflow/example_dags/example_subdag_operator.py took 0.068 seconds
[2025-06-28T04:40:15.065+0000] {processor.py:161} INFO - Started process (PID=4070) to work on /home/airflow/.local/lib/python3.8/site-packages/airflow/example_dags/example_subdag_operator.py
[2025-06-28T04:40:15.067+0000] {processor.py:830} INFO - Processing file /home/airflow/.local/lib/python3.8/site-packages/airflow/example_dags/example_subdag_operator.py for tasks to queue
[2025-06-28T04:40:15.069+0000] {logging_mixin.py:188} INFO - [2025-06-28T04:40:15.068+0000] {dagbag.py:538} INFO - Filling up the DagBag from /home/airflow/.local/lib/python3.8/site-packages/airflow/example_dags/example_subdag_operator.py
[2025-06-28T04:40:15.089+0000] {processor.py:840} INFO - DAG(s) 'example_subdag_operator.section-1', 'example_subdag_operator.section-2', 'example_subdag_operator' retrieved from /home/airflow/.local/lib/python3.8/site-packages/airflow/example_dags/example_subdag_operator.py
[2025-06-28T04:40:15.100+0000] {logging_mixin.py:188} INFO - [2025-06-28T04:40:15.100+0000] {dag.py:3036} INFO - Sync 3 DAGs
[2025-06-28T04:40:15.119+0000] {logging_mixin.py:188} INFO - [2025-06-28T04:40:15.119+0000] {dag.py:3823} INFO - Setting next_dagrun for example_subdag_operator to 2022-01-01 00:00:00+00:00, run_after=2022-01-01 00:00:00+00:00
[2025-06-28T04:40:15.124+0000] {logging_mixin.py:188} INFO - [2025-06-28T04:40:15.124+0000] {dag.py:3823} INFO - Setting next_dagrun for example_subdag_operator.section-1 to None, run_after=None
[2025-06-28T04:40:15.125+0000] {logging_mixin.py:188} INFO - [2025-06-28T04:40:15.125+0000] {dag.py:3823} INFO - Setting next_dagrun for example_subdag_operator.section-2 to None, run_after=None
[2025-06-28T04:40:15.132+0000] {logging_mixin.py:188} INFO - [2025-06-28T04:40:15.131+0000] {dag.py:3036} INFO - Sync 2 DAGs
[2025-06-28T04:40:15.137+0000] {logging_mixin.py:188} INFO - [2025-06-28T04:40:15.136+0000] {dag.py:3823} INFO - Setting next_dagrun for example_subdag_operator.section-1 to None, run_after=None
[2025-06-28T04:40:15.137+0000] {logging_mixin.py:188} INFO - [2025-06-28T04:40:15.137+0000] {dag.py:3823} INFO - Setting next_dagrun for example_subdag_operator.section-2 to None, run_after=None
[2025-06-28T04:40:15.145+0000] {processor.py:183} INFO - Processing /home/airflow/.local/lib/python3.8/site-packages/airflow/example_dags/example_subdag_operator.py took 0.084 seconds
[2025-06-28T04:40:45.380+0000] {processor.py:161} INFO - Started process (PID=4318) to work on /home/airflow/.local/lib/python3.8/site-packages/airflow/example_dags/example_subdag_operator.py
[2025-06-28T04:40:45.381+0000] {processor.py:830} INFO - Processing file /home/airflow/.local/lib/python3.8/site-packages/airflow/example_dags/example_subdag_operator.py for tasks to queue
[2025-06-28T04:40:45.382+0000] {logging_mixin.py:188} INFO - [2025-06-28T04:40:45.382+0000] {dagbag.py:538} INFO - Filling up the DagBag from /home/airflow/.local/lib/python3.8/site-packages/airflow/example_dags/example_subdag_operator.py
[2025-06-28T04:40:45.396+0000] {processor.py:840} INFO - DAG(s) 'example_subdag_operator.section-1', 'example_subdag_operator.section-2', 'example_subdag_operator' retrieved from /home/airflow/.local/lib/python3.8/site-packages/airflow/example_dags/example_subdag_operator.py
[2025-06-28T04:40:45.405+0000] {logging_mixin.py:188} INFO - [2025-06-28T04:40:45.405+0000] {dag.py:3036} INFO - Sync 3 DAGs
[2025-06-28T04:40:45.418+0000] {logging_mixin.py:188} INFO - [2025-06-28T04:40:45.418+0000] {dag.py:3823} INFO - Setting next_dagrun for example_subdag_operator to 2022-01-01 00:00:00+00:00, run_after=2022-01-01 00:00:00+00:00
[2025-06-28T04:40:45.420+0000] {logging_mixin.py:188} INFO - [2025-06-28T04:40:45.420+0000] {dag.py:3823} INFO - Setting next_dagrun for example_subdag_operator.section-1 to None, run_after=None
[2025-06-28T04:40:45.421+0000] {logging_mixin.py:188} INFO - [2025-06-28T04:40:45.421+0000] {dag.py:3823} INFO - Setting next_dagrun for example_subdag_operator.section-2 to None, run_after=None
[2025-06-28T04:40:45.425+0000] {logging_mixin.py:188} INFO - [2025-06-28T04:40:45.425+0000] {dag.py:3036} INFO - Sync 2 DAGs
[2025-06-28T04:40:45.429+0000] {logging_mixin.py:188} INFO - [2025-06-28T04:40:45.429+0000] {dag.py:3823} INFO - Setting next_dagrun for example_subdag_operator.section-1 to None, run_after=None
[2025-06-28T04:40:45.429+0000] {logging_mixin.py:188} INFO - [2025-06-28T04:40:45.429+0000] {dag.py:3823} INFO - Setting next_dagrun for example_subdag_operator.section-2 to None, run_after=None
[2025-06-28T04:40:45.438+0000] {processor.py:183} INFO - Processing /home/airflow/.local/lib/python3.8/site-packages/airflow/example_dags/example_subdag_operator.py took 0.060 seconds
[2025-06-28T04:41:15.838+0000] {processor.py:161} INFO - Started process (PID=4568) to work on /home/airflow/.local/lib/python3.8/site-packages/airflow/example_dags/example_subdag_operator.py
[2025-06-28T04:41:15.839+0000] {processor.py:830} INFO - Processing file /home/airflow/.local/lib/python3.8/site-packages/airflow/example_dags/example_subdag_operator.py for tasks to queue
[2025-06-28T04:41:15.841+0000] {logging_mixin.py:188} INFO - [2025-06-28T04:41:15.840+0000] {dagbag.py:538} INFO - Filling up the DagBag from /home/airflow/.local/lib/python3.8/site-packages/airflow/example_dags/example_subdag_operator.py
[2025-06-28T04:41:15.863+0000] {processor.py:840} INFO - DAG(s) 'example_subdag_operator.section-1', 'example_subdag_operator.section-2', 'example_subdag_operator' retrieved from /home/airflow/.local/lib/python3.8/site-packages/airflow/example_dags/example_subdag_operator.py
[2025-06-28T04:41:15.873+0000] {logging_mixin.py:188} INFO - [2025-06-28T04:41:15.873+0000] {dag.py:3036} INFO - Sync 3 DAGs
[2025-06-28T04:41:15.887+0000] {logging_mixin.py:188} INFO - [2025-06-28T04:41:15.887+0000] {dag.py:3823} INFO - Setting next_dagrun for example_subdag_operator to 2022-01-01 00:00:00+00:00, run_after=2022-01-01 00:00:00+00:00
[2025-06-28T04:41:15.889+0000] {logging_mixin.py:188} INFO - [2025-06-28T04:41:15.889+0000] {dag.py:3823} INFO - Setting next_dagrun for example_subdag_operator.section-1 to None, run_after=None
[2025-06-28T04:41:15.890+0000] {logging_mixin.py:188} INFO - [2025-06-28T04:41:15.890+0000] {dag.py:3823} INFO - Setting next_dagrun for example_subdag_operator.section-2 to None, run_after=None
[2025-06-28T04:41:15.894+0000] {logging_mixin.py:188} INFO - [2025-06-28T04:41:15.894+0000] {dag.py:3036} INFO - Sync 2 DAGs
[2025-06-28T04:41:15.898+0000] {logging_mixin.py:188} INFO - [2025-06-28T04:41:15.898+0000] {dag.py:3823} INFO - Setting next_dagrun for example_subdag_operator.section-1 to None, run_after=None
[2025-06-28T04:41:15.898+0000] {logging_mixin.py:188} INFO - [2025-06-28T04:41:15.898+0000] {dag.py:3823} INFO - Setting next_dagrun for example_subdag_operator.section-2 to None, run_after=None
[2025-06-28T04:41:15.906+0000] {processor.py:183} INFO - Processing /home/airflow/.local/lib/python3.8/site-packages/airflow/example_dags/example_subdag_operator.py took 0.071 seconds
[2025-06-28T04:41:46.193+0000] {processor.py:161} INFO - Started process (PID=4818) to work on /home/airflow/.local/lib/python3.8/site-packages/airflow/example_dags/example_subdag_operator.py
[2025-06-28T04:41:46.194+0000] {processor.py:830} INFO - Processing file /home/airflow/.local/lib/python3.8/site-packages/airflow/example_dags/example_subdag_operator.py for tasks to queue
[2025-06-28T04:41:46.195+0000] {logging_mixin.py:188} INFO - [2025-06-28T04:41:46.195+0000] {dagbag.py:538} INFO - Filling up the DagBag from /home/airflow/.local/lib/python3.8/site-packages/airflow/example_dags/example_subdag_operator.py
[2025-06-28T04:41:46.209+0000] {processor.py:840} INFO - DAG(s) 'example_subdag_operator.section-1', 'example_subdag_operator.section-2', 'example_subdag_operator' retrieved from /home/airflow/.local/lib/python3.8/site-packages/airflow/example_dags/example_subdag_operator.py
[2025-06-28T04:41:46.219+0000] {logging_mixin.py:188} INFO - [2025-06-28T04:41:46.219+0000] {dag.py:3036} INFO - Sync 3 DAGs
[2025-06-28T04:41:46.239+0000] {logging_mixin.py:188} INFO - [2025-06-28T04:41:46.239+0000] {dag.py:3823} INFO - Setting next_dagrun for example_subdag_operator to 2022-01-01 00:00:00+00:00, run_after=2022-01-01 00:00:00+00:00
[2025-06-28T04:41:46.243+0000] {logging_mixin.py:188} INFO - [2025-06-28T04:41:46.243+0000] {dag.py:3823} INFO - Setting next_dagrun for example_subdag_operator.section-1 to None, run_after=None
[2025-06-28T04:41:46.244+0000] {logging_mixin.py:188} INFO - [2025-06-28T04:41:46.244+0000] {dag.py:3823} INFO - Setting next_dagrun for example_subdag_operator.section-2 to None, run_after=None
[2025-06-28T04:41:46.251+0000] {logging_mixin.py:188} INFO - [2025-06-28T04:41:46.251+0000] {dag.py:3036} INFO - Sync 2 DAGs
[2025-06-28T04:41:46.256+0000] {logging_mixin.py:188} INFO - [2025-06-28T04:41:46.256+0000] {dag.py:3823} INFO - Setting next_dagrun for example_subdag_operator.section-1 to None, run_after=None
[2025-06-28T04:41:46.257+0000] {logging_mixin.py:188} INFO - [2025-06-28T04:41:46.256+0000] {dag.py:3823} INFO - Setting next_dagrun for example_subdag_operator.section-2 to None, run_after=None
[2025-06-28T04:41:46.266+0000] {processor.py:183} INFO - Processing /home/airflow/.local/lib/python3.8/site-packages/airflow/example_dags/example_subdag_operator.py took 0.075 seconds
[2025-06-28T04:42:16.523+0000] {processor.py:161} INFO - Started process (PID=5068) to work on /home/airflow/.local/lib/python3.8/site-packages/airflow/example_dags/example_subdag_operator.py
[2025-06-28T04:42:16.524+0000] {processor.py:830} INFO - Processing file /home/airflow/.local/lib/python3.8/site-packages/airflow/example_dags/example_subdag_operator.py for tasks to queue
[2025-06-28T04:42:16.525+0000] {logging_mixin.py:188} INFO - [2025-06-28T04:42:16.525+0000] {dagbag.py:538} INFO - Filling up the DagBag from /home/airflow/.local/lib/python3.8/site-packages/airflow/example_dags/example_subdag_operator.py
[2025-06-28T04:42:16.542+0000] {processor.py:840} INFO - DAG(s) 'example_subdag_operator.section-1', 'example_subdag_operator.section-2', 'example_subdag_operator' retrieved from /home/airflow/.local/lib/python3.8/site-packages/airflow/example_dags/example_subdag_operator.py
[2025-06-28T04:42:16.555+0000] {logging_mixin.py:188} INFO - [2025-06-28T04:42:16.555+0000] {dag.py:3036} INFO - Sync 3 DAGs
[2025-06-28T04:42:16.569+0000] {logging_mixin.py:188} INFO - [2025-06-28T04:42:16.569+0000] {dag.py:3823} INFO - Setting next_dagrun for example_subdag_operator to 2022-01-01 00:00:00+00:00, run_after=2022-01-01 00:00:00+00:00
[2025-06-28T04:42:16.571+0000] {logging_mixin.py:188} INFO - [2025-06-28T04:42:16.571+0000] {dag.py:3823} INFO - Setting next_dagrun for example_subdag_operator.section-1 to None, run_after=None
[2025-06-28T04:42:16.572+0000] {logging_mixin.py:188} INFO - [2025-06-28T04:42:16.571+0000] {dag.py:3823} INFO - Setting next_dagrun for example_subdag_operator.section-2 to None, run_after=None
[2025-06-28T04:42:16.576+0000] {logging_mixin.py:188} INFO - [2025-06-28T04:42:16.575+0000] {dag.py:3036} INFO - Sync 2 DAGs
[2025-06-28T04:42:16.579+0000] {logging_mixin.py:188} INFO - [2025-06-28T04:42:16.579+0000] {dag.py:3823} INFO - Setting next_dagrun for example_subdag_operator.section-1 to None, run_after=None
[2025-06-28T04:42:16.579+0000] {logging_mixin.py:188} INFO - [2025-06-28T04:42:16.579+0000] {dag.py:3823} INFO - Setting next_dagrun for example_subdag_operator.section-2 to None, run_after=None
[2025-06-28T04:42:16.588+0000] {processor.py:183} INFO - Processing /home/airflow/.local/lib/python3.8/site-packages/airflow/example_dags/example_subdag_operator.py took 0.067 seconds
[2025-06-28T04:42:46.853+0000] {processor.py:161} INFO - Started process (PID=5320) to work on /home/airflow/.local/lib/python3.8/site-packages/airflow/example_dags/example_subdag_operator.py
[2025-06-28T04:42:46.854+0000] {processor.py:830} INFO - Processing file /home/airflow/.local/lib/python3.8/site-packages/airflow/example_dags/example_subdag_operator.py for tasks to queue
[2025-06-28T04:42:46.855+0000] {logging_mixin.py:188} INFO - [2025-06-28T04:42:46.855+0000] {dagbag.py:538} INFO - Filling up the DagBag from /home/airflow/.local/lib/python3.8/site-packages/airflow/example_dags/example_subdag_operator.py
[2025-06-28T04:42:46.870+0000] {processor.py:840} INFO - DAG(s) 'example_subdag_operator.section-1', 'example_subdag_operator.section-2', 'example_subdag_operator' retrieved from /home/airflow/.local/lib/python3.8/site-packages/airflow/example_dags/example_subdag_operator.py
[2025-06-28T04:42:46.880+0000] {logging_mixin.py:188} INFO - [2025-06-28T04:42:46.880+0000] {dag.py:3036} INFO - Sync 3 DAGs
[2025-06-28T04:42:46.893+0000] {logging_mixin.py:188} INFO - [2025-06-28T04:42:46.893+0000] {dag.py:3823} INFO - Setting next_dagrun for example_subdag_operator to 2022-01-01 00:00:00+00:00, run_after=2022-01-01 00:00:00+00:00
[2025-06-28T04:42:46.896+0000] {logging_mixin.py:188} INFO - [2025-06-28T04:42:46.896+0000] {dag.py:3823} INFO - Setting next_dagrun for example_subdag_operator.section-1 to None, run_after=None
[2025-06-28T04:42:46.897+0000] {logging_mixin.py:188} INFO - [2025-06-28T04:42:46.897+0000] {dag.py:3823} INFO - Setting next_dagrun for example_subdag_operator.section-2 to None, run_after=None
[2025-06-28T04:42:46.903+0000] {logging_mixin.py:188} INFO - [2025-06-28T04:42:46.903+0000] {dag.py:3036} INFO - Sync 2 DAGs
[2025-06-28T04:42:46.908+0000] {logging_mixin.py:188} INFO - [2025-06-28T04:42:46.907+0000] {dag.py:3823} INFO - Setting next_dagrun for example_subdag_operator.section-1 to None, run_after=None
[2025-06-28T04:42:46.908+0000] {logging_mixin.py:188} INFO - [2025-06-28T04:42:46.908+0000] {dag.py:3823} INFO - Setting next_dagrun for example_subdag_operator.section-2 to None, run_after=None
[2025-06-28T04:42:46.920+0000] {processor.py:183} INFO - Processing /home/airflow/.local/lib/python3.8/site-packages/airflow/example_dags/example_subdag_operator.py took 0.068 seconds
[2025-06-28T04:43:17.086+0000] {processor.py:161} INFO - Started process (PID=5568) to work on /home/airflow/.local/lib/python3.8/site-packages/airflow/example_dags/example_subdag_operator.py
[2025-06-28T04:43:17.087+0000] {processor.py:830} INFO - Processing file /home/airflow/.local/lib/python3.8/site-packages/airflow/example_dags/example_subdag_operator.py for tasks to queue
[2025-06-28T04:43:17.088+0000] {logging_mixin.py:188} INFO - [2025-06-28T04:43:17.088+0000] {dagbag.py:538} INFO - Filling up the DagBag from /home/airflow/.local/lib/python3.8/site-packages/airflow/example_dags/example_subdag_operator.py
[2025-06-28T04:43:17.103+0000] {processor.py:840} INFO - DAG(s) 'example_subdag_operator.section-1', 'example_subdag_operator.section-2', 'example_subdag_operator' retrieved from /home/airflow/.local/lib/python3.8/site-packages/airflow/example_dags/example_subdag_operator.py
[2025-06-28T04:43:17.113+0000] {logging_mixin.py:188} INFO - [2025-06-28T04:43:17.112+0000] {dag.py:3036} INFO - Sync 3 DAGs
[2025-06-28T04:43:17.125+0000] {logging_mixin.py:188} INFO - [2025-06-28T04:43:17.125+0000] {dag.py:3823} INFO - Setting next_dagrun for example_subdag_operator to 2022-01-01 00:00:00+00:00, run_after=2022-01-01 00:00:00+00:00
[2025-06-28T04:43:17.128+0000] {logging_mixin.py:188} INFO - [2025-06-28T04:43:17.128+0000] {dag.py:3823} INFO - Setting next_dagrun for example_subdag_operator.section-1 to None, run_after=None
[2025-06-28T04:43:17.129+0000] {logging_mixin.py:188} INFO - [2025-06-28T04:43:17.129+0000] {dag.py:3823} INFO - Setting next_dagrun for example_subdag_operator.section-2 to None, run_after=None
[2025-06-28T04:43:17.133+0000] {logging_mixin.py:188} INFO - [2025-06-28T04:43:17.133+0000] {dag.py:3036} INFO - Sync 2 DAGs
[2025-06-28T04:43:17.137+0000] {logging_mixin.py:188} INFO - [2025-06-28T04:43:17.137+0000] {dag.py:3823} INFO - Setting next_dagrun for example_subdag_operator.section-1 to None, run_after=None
[2025-06-28T04:43:17.137+0000] {logging_mixin.py:188} INFO - [2025-06-28T04:43:17.137+0000] {dag.py:3823} INFO - Setting next_dagrun for example_subdag_operator.section-2 to None, run_after=None
[2025-06-28T04:43:17.145+0000] {processor.py:183} INFO - Processing /home/airflow/.local/lib/python3.8/site-packages/airflow/example_dags/example_subdag_operator.py took 0.061 seconds
[2025-06-28T04:43:47.588+0000] {processor.py:161} INFO - Started process (PID=5818) to work on /home/airflow/.local/lib/python3.8/site-packages/airflow/example_dags/example_subdag_operator.py
[2025-06-28T04:43:47.589+0000] {processor.py:830} INFO - Processing file /home/airflow/.local/lib/python3.8/site-packages/airflow/example_dags/example_subdag_operator.py for tasks to queue
[2025-06-28T04:43:47.591+0000] {logging_mixin.py:188} INFO - [2025-06-28T04:43:47.591+0000] {dagbag.py:538} INFO - Filling up the DagBag from /home/airflow/.local/lib/python3.8/site-packages/airflow/example_dags/example_subdag_operator.py
[2025-06-28T04:43:47.609+0000] {processor.py:840} INFO - DAG(s) 'example_subdag_operator.section-1', 'example_subdag_operator.section-2', 'example_subdag_operator' retrieved from /home/airflow/.local/lib/python3.8/site-packages/airflow/example_dags/example_subdag_operator.py
[2025-06-28T04:43:47.620+0000] {logging_mixin.py:188} INFO - [2025-06-28T04:43:47.619+0000] {dag.py:3036} INFO - Sync 3 DAGs
[2025-06-28T04:43:47.634+0000] {logging_mixin.py:188} INFO - [2025-06-28T04:43:47.634+0000] {dag.py:3823} INFO - Setting next_dagrun for example_subdag_operator to 2022-01-01 00:00:00+00:00, run_after=2022-01-01 00:00:00+00:00
[2025-06-28T04:43:47.637+0000] {logging_mixin.py:188} INFO - [2025-06-28T04:43:47.637+0000] {dag.py:3823} INFO - Setting next_dagrun for example_subdag_operator.section-1 to None, run_after=None
[2025-06-28T04:43:47.638+0000] {logging_mixin.py:188} INFO - [2025-06-28T04:43:47.637+0000] {dag.py:3823} INFO - Setting next_dagrun for example_subdag_operator.section-2 to None, run_after=None
[2025-06-28T04:43:47.644+0000] {logging_mixin.py:188} INFO - [2025-06-28T04:43:47.643+0000] {dag.py:3036} INFO - Sync 2 DAGs
[2025-06-28T04:43:47.647+0000] {logging_mixin.py:188} INFO - [2025-06-28T04:43:47.646+0000] {dag.py:3823} INFO - Setting next_dagrun for example_subdag_operator.section-1 to None, run_after=None
[2025-06-28T04:43:47.647+0000] {logging_mixin.py:188} INFO - [2025-06-28T04:43:47.647+0000] {dag.py:3823} INFO - Setting next_dagrun for example_subdag_operator.section-2 to None, run_after=None
[2025-06-28T04:43:47.654+0000] {processor.py:183} INFO - Processing /home/airflow/.local/lib/python3.8/site-packages/airflow/example_dags/example_subdag_operator.py took 0.068 seconds
[2025-06-28T04:44:17.927+0000] {processor.py:161} INFO - Started process (PID=6068) to work on /home/airflow/.local/lib/python3.8/site-packages/airflow/example_dags/example_subdag_operator.py
[2025-06-28T04:44:17.927+0000] {processor.py:830} INFO - Processing file /home/airflow/.local/lib/python3.8/site-packages/airflow/example_dags/example_subdag_operator.py for tasks to queue
[2025-06-28T04:44:17.928+0000] {logging_mixin.py:188} INFO - [2025-06-28T04:44:17.928+0000] {dagbag.py:538} INFO - Filling up the DagBag from /home/airflow/.local/lib/python3.8/site-packages/airflow/example_dags/example_subdag_operator.py
[2025-06-28T04:44:17.945+0000] {processor.py:840} INFO - DAG(s) 'example_subdag_operator.section-1', 'example_subdag_operator.section-2', 'example_subdag_operator' retrieved from /home/airflow/.local/lib/python3.8/site-packages/airflow/example_dags/example_subdag_operator.py
[2025-06-28T04:44:17.958+0000] {logging_mixin.py:188} INFO - [2025-06-28T04:44:17.958+0000] {dag.py:3036} INFO - Sync 3 DAGs
[2025-06-28T04:44:17.972+0000] {logging_mixin.py:188} INFO - [2025-06-28T04:44:17.972+0000] {dag.py:3823} INFO - Setting next_dagrun for example_subdag_operator to 2022-01-01 00:00:00+00:00, run_after=2022-01-01 00:00:00+00:00
[2025-06-28T04:44:17.975+0000] {logging_mixin.py:188} INFO - [2025-06-28T04:44:17.975+0000] {dag.py:3823} INFO - Setting next_dagrun for example_subdag_operator.section-1 to None, run_after=None
[2025-06-28T04:44:17.976+0000] {logging_mixin.py:188} INFO - [2025-06-28T04:44:17.976+0000] {dag.py:3823} INFO - Setting next_dagrun for example_subdag_operator.section-2 to None, run_after=None
[2025-06-28T04:44:17.980+0000] {logging_mixin.py:188} INFO - [2025-06-28T04:44:17.980+0000] {dag.py:3036} INFO - Sync 2 DAGs
[2025-06-28T04:44:17.984+0000] {logging_mixin.py:188} INFO - [2025-06-28T04:44:17.983+0000] {dag.py:3823} INFO - Setting next_dagrun for example_subdag_operator.section-1 to None, run_after=None
[2025-06-28T04:44:17.984+0000] {logging_mixin.py:188} INFO - [2025-06-28T04:44:17.984+0000] {dag.py:3823} INFO - Setting next_dagrun for example_subdag_operator.section-2 to None, run_after=None
[2025-06-28T04:44:17.990+0000] {processor.py:183} INFO - Processing /home/airflow/.local/lib/python3.8/site-packages/airflow/example_dags/example_subdag_operator.py took 0.067 seconds
[2025-06-28T04:44:48.189+0000] {processor.py:161} INFO - Started process (PID=6318) to work on /home/airflow/.local/lib/python3.8/site-packages/airflow/example_dags/example_subdag_operator.py
[2025-06-28T04:44:48.190+0000] {processor.py:830} INFO - Processing file /home/airflow/.local/lib/python3.8/site-packages/airflow/example_dags/example_subdag_operator.py for tasks to queue
[2025-06-28T04:44:48.191+0000] {logging_mixin.py:188} INFO - [2025-06-28T04:44:48.191+0000] {dagbag.py:538} INFO - Filling up the DagBag from /home/airflow/.local/lib/python3.8/site-packages/airflow/example_dags/example_subdag_operator.py
[2025-06-28T04:44:48.209+0000] {processor.py:840} INFO - DAG(s) 'example_subdag_operator.section-1', 'example_subdag_operator.section-2', 'example_subdag_operator' retrieved from /home/airflow/.local/lib/python3.8/site-packages/airflow/example_dags/example_subdag_operator.py
[2025-06-28T04:44:48.220+0000] {logging_mixin.py:188} INFO - [2025-06-28T04:44:48.219+0000] {dag.py:3036} INFO - Sync 3 DAGs
[2025-06-28T04:44:48.235+0000] {logging_mixin.py:188} INFO - [2025-06-28T04:44:48.235+0000] {dag.py:3823} INFO - Setting next_dagrun for example_subdag_operator to 2022-01-01 00:00:00+00:00, run_after=2022-01-01 00:00:00+00:00
[2025-06-28T04:44:48.237+0000] {logging_mixin.py:188} INFO - [2025-06-28T04:44:48.237+0000] {dag.py:3823} INFO - Setting next_dagrun for example_subdag_operator.section-1 to None, run_after=None
[2025-06-28T04:44:48.238+0000] {logging_mixin.py:188} INFO - [2025-06-28T04:44:48.238+0000] {dag.py:3823} INFO - Setting next_dagrun for example_subdag_operator.section-2 to None, run_after=None
[2025-06-28T04:44:48.243+0000] {logging_mixin.py:188} INFO - [2025-06-28T04:44:48.243+0000] {dag.py:3036} INFO - Sync 2 DAGs
[2025-06-28T04:44:48.246+0000] {logging_mixin.py:188} INFO - [2025-06-28T04:44:48.246+0000] {dag.py:3823} INFO - Setting next_dagrun for example_subdag_operator.section-1 to None, run_after=None
[2025-06-28T04:44:48.246+0000] {logging_mixin.py:188} INFO - [2025-06-28T04:44:48.246+0000] {dag.py:3823} INFO - Setting next_dagrun for example_subdag_operator.section-2 to None, run_after=None
[2025-06-28T04:44:48.253+0000] {processor.py:183} INFO - Processing /home/airflow/.local/lib/python3.8/site-packages/airflow/example_dags/example_subdag_operator.py took 0.066 seconds
[2025-06-28T04:45:18.378+0000] {processor.py:161} INFO - Started process (PID=6568) to work on /home/airflow/.local/lib/python3.8/site-packages/airflow/example_dags/example_subdag_operator.py
[2025-06-28T04:45:18.378+0000] {processor.py:830} INFO - Processing file /home/airflow/.local/lib/python3.8/site-packages/airflow/example_dags/example_subdag_operator.py for tasks to queue
[2025-06-28T04:45:18.379+0000] {logging_mixin.py:188} INFO - [2025-06-28T04:45:18.379+0000] {dagbag.py:538} INFO - Filling up the DagBag from /home/airflow/.local/lib/python3.8/site-packages/airflow/example_dags/example_subdag_operator.py
[2025-06-28T04:45:18.395+0000] {processor.py:840} INFO - DAG(s) 'example_subdag_operator.section-1', 'example_subdag_operator.section-2', 'example_subdag_operator' retrieved from /home/airflow/.local/lib/python3.8/site-packages/airflow/example_dags/example_subdag_operator.py
[2025-06-28T04:45:18.404+0000] {logging_mixin.py:188} INFO - [2025-06-28T04:45:18.404+0000] {dag.py:3036} INFO - Sync 3 DAGs
[2025-06-28T04:45:18.418+0000] {logging_mixin.py:188} INFO - [2025-06-28T04:45:18.418+0000] {dag.py:3823} INFO - Setting next_dagrun for example_subdag_operator to 2022-01-01 00:00:00+00:00, run_after=2022-01-01 00:00:00+00:00
[2025-06-28T04:45:18.421+0000] {logging_mixin.py:188} INFO - [2025-06-28T04:45:18.420+0000] {dag.py:3823} INFO - Setting next_dagrun for example_subdag_operator.section-1 to None, run_after=None
[2025-06-28T04:45:18.421+0000] {logging_mixin.py:188} INFO - [2025-06-28T04:45:18.421+0000] {dag.py:3823} INFO - Setting next_dagrun for example_subdag_operator.section-2 to None, run_after=None
[2025-06-28T04:45:18.428+0000] {logging_mixin.py:188} INFO - [2025-06-28T04:45:18.428+0000] {dag.py:3036} INFO - Sync 2 DAGs
[2025-06-28T04:45:18.432+0000] {logging_mixin.py:188} INFO - [2025-06-28T04:45:18.432+0000] {dag.py:3823} INFO - Setting next_dagrun for example_subdag_operator.section-1 to None, run_after=None
[2025-06-28T04:45:18.433+0000] {logging_mixin.py:188} INFO - [2025-06-28T04:45:18.433+0000] {dag.py:3823} INFO - Setting next_dagrun for example_subdag_operator.section-2 to None, run_after=None
[2025-06-28T04:45:18.442+0000] {processor.py:183} INFO - Processing /home/airflow/.local/lib/python3.8/site-packages/airflow/example_dags/example_subdag_operator.py took 0.066 seconds
[2025-06-28T04:45:48.813+0000] {processor.py:161} INFO - Started process (PID=6820) to work on /home/airflow/.local/lib/python3.8/site-packages/airflow/example_dags/example_subdag_operator.py
[2025-06-28T04:45:48.813+0000] {processor.py:830} INFO - Processing file /home/airflow/.local/lib/python3.8/site-packages/airflow/example_dags/example_subdag_operator.py for tasks to queue
[2025-06-28T04:45:48.814+0000] {logging_mixin.py:188} INFO - [2025-06-28T04:45:48.814+0000] {dagbag.py:538} INFO - Filling up the DagBag from /home/airflow/.local/lib/python3.8/site-packages/airflow/example_dags/example_subdag_operator.py
[2025-06-28T04:45:48.835+0000] {processor.py:840} INFO - DAG(s) 'example_subdag_operator.section-1', 'example_subdag_operator.section-2', 'example_subdag_operator' retrieved from /home/airflow/.local/lib/python3.8/site-packages/airflow/example_dags/example_subdag_operator.py
[2025-06-28T04:45:48.845+0000] {logging_mixin.py:188} INFO - [2025-06-28T04:45:48.845+0000] {dag.py:3036} INFO - Sync 3 DAGs
[2025-06-28T04:45:48.856+0000] {logging_mixin.py:188} INFO - [2025-06-28T04:45:48.856+0000] {dag.py:3823} INFO - Setting next_dagrun for example_subdag_operator to 2022-01-01 00:00:00+00:00, run_after=2022-01-01 00:00:00+00:00
[2025-06-28T04:45:48.858+0000] {logging_mixin.py:188} INFO - [2025-06-28T04:45:48.858+0000] {dag.py:3823} INFO - Setting next_dagrun for example_subdag_operator.section-1 to None, run_after=None
[2025-06-28T04:45:48.859+0000] {logging_mixin.py:188} INFO - [2025-06-28T04:45:48.859+0000] {dag.py:3823} INFO - Setting next_dagrun for example_subdag_operator.section-2 to None, run_after=None
[2025-06-28T04:45:48.865+0000] {logging_mixin.py:188} INFO - [2025-06-28T04:45:48.865+0000] {dag.py:3036} INFO - Sync 2 DAGs
[2025-06-28T04:45:48.869+0000] {logging_mixin.py:188} INFO - [2025-06-28T04:45:48.869+0000] {dag.py:3823} INFO - Setting next_dagrun for example_subdag_operator.section-1 to None, run_after=None
[2025-06-28T04:45:48.869+0000] {logging_mixin.py:188} INFO - [2025-06-28T04:45:48.869+0000] {dag.py:3823} INFO - Setting next_dagrun for example_subdag_operator.section-2 to None, run_after=None
[2025-06-28T04:45:48.884+0000] {processor.py:183} INFO - Processing /home/airflow/.local/lib/python3.8/site-packages/airflow/example_dags/example_subdag_operator.py took 0.073 seconds
[2025-06-28T04:46:19.193+0000] {processor.py:161} INFO - Started process (PID=7068) to work on /home/airflow/.local/lib/python3.8/site-packages/airflow/example_dags/example_subdag_operator.py
[2025-06-28T04:46:19.194+0000] {processor.py:830} INFO - Processing file /home/airflow/.local/lib/python3.8/site-packages/airflow/example_dags/example_subdag_operator.py for tasks to queue
[2025-06-28T04:46:19.195+0000] {logging_mixin.py:188} INFO - [2025-06-28T04:46:19.195+0000] {dagbag.py:538} INFO - Filling up the DagBag from /home/airflow/.local/lib/python3.8/site-packages/airflow/example_dags/example_subdag_operator.py
[2025-06-28T04:46:19.211+0000] {processor.py:840} INFO - DAG(s) 'example_subdag_operator.section-1', 'example_subdag_operator.section-2', 'example_subdag_operator' retrieved from /home/airflow/.local/lib/python3.8/site-packages/airflow/example_dags/example_subdag_operator.py
[2025-06-28T04:46:19.221+0000] {logging_mixin.py:188} INFO - [2025-06-28T04:46:19.220+0000] {dag.py:3036} INFO - Sync 3 DAGs
[2025-06-28T04:46:19.236+0000] {logging_mixin.py:188} INFO - [2025-06-28T04:46:19.236+0000] {dag.py:3823} INFO - Setting next_dagrun for example_subdag_operator to 2022-01-01 00:00:00+00:00, run_after=2022-01-01 00:00:00+00:00
[2025-06-28T04:46:19.239+0000] {logging_mixin.py:188} INFO - [2025-06-28T04:46:19.239+0000] {dag.py:3823} INFO - Setting next_dagrun for example_subdag_operator.section-1 to None, run_after=None
[2025-06-28T04:46:19.240+0000] {logging_mixin.py:188} INFO - [2025-06-28T04:46:19.240+0000] {dag.py:3823} INFO - Setting next_dagrun for example_subdag_operator.section-2 to None, run_after=None
[2025-06-28T04:46:19.245+0000] {logging_mixin.py:188} INFO - [2025-06-28T04:46:19.245+0000] {dag.py:3036} INFO - Sync 2 DAGs
[2025-06-28T04:46:19.249+0000] {logging_mixin.py:188} INFO - [2025-06-28T04:46:19.249+0000] {dag.py:3823} INFO - Setting next_dagrun for example_subdag_operator.section-1 to None, run_after=None
[2025-06-28T04:46:19.249+0000] {logging_mixin.py:188} INFO - [2025-06-28T04:46:19.249+0000] {dag.py:3823} INFO - Setting next_dagrun for example_subdag_operator.section-2 to None, run_after=None
[2025-06-28T04:46:19.260+0000] {processor.py:183} INFO - Processing /home/airflow/.local/lib/python3.8/site-packages/airflow/example_dags/example_subdag_operator.py took 0.069 seconds
[2025-06-28T04:46:49.979+0000] {processor.py:161} INFO - Started process (PID=7320) to work on /home/airflow/.local/lib/python3.8/site-packages/airflow/example_dags/example_subdag_operator.py
[2025-06-28T04:46:49.981+0000] {processor.py:830} INFO - Processing file /home/airflow/.local/lib/python3.8/site-packages/airflow/example_dags/example_subdag_operator.py for tasks to queue
[2025-06-28T04:46:49.982+0000] {logging_mixin.py:188} INFO - [2025-06-28T04:46:49.982+0000] {dagbag.py:538} INFO - Filling up the DagBag from /home/airflow/.local/lib/python3.8/site-packages/airflow/example_dags/example_subdag_operator.py
[2025-06-28T04:46:50.004+0000] {processor.py:840} INFO - DAG(s) 'example_subdag_operator.section-1', 'example_subdag_operator.section-2', 'example_subdag_operator' retrieved from /home/airflow/.local/lib/python3.8/site-packages/airflow/example_dags/example_subdag_operator.py
[2025-06-28T04:46:50.014+0000] {logging_mixin.py:188} INFO - [2025-06-28T04:46:50.014+0000] {dag.py:3036} INFO - Sync 3 DAGs
[2025-06-28T04:46:50.028+0000] {logging_mixin.py:188} INFO - [2025-06-28T04:46:50.028+0000] {dag.py:3823} INFO - Setting next_dagrun for example_subdag_operator to 2022-01-01 00:00:00+00:00, run_after=2022-01-01 00:00:00+00:00
[2025-06-28T04:46:50.030+0000] {logging_mixin.py:188} INFO - [2025-06-28T04:46:50.030+0000] {dag.py:3823} INFO - Setting next_dagrun for example_subdag_operator.section-1 to None, run_after=None
[2025-06-28T04:46:50.031+0000] {logging_mixin.py:188} INFO - [2025-06-28T04:46:50.031+0000] {dag.py:3823} INFO - Setting next_dagrun for example_subdag_operator.section-2 to None, run_after=None
[2025-06-28T04:46:50.036+0000] {logging_mixin.py:188} INFO - [2025-06-28T04:46:50.036+0000] {dag.py:3036} INFO - Sync 2 DAGs
[2025-06-28T04:46:50.040+0000] {logging_mixin.py:188} INFO - [2025-06-28T04:46:50.040+0000] {dag.py:3823} INFO - Setting next_dagrun for example_subdag_operator.section-1 to None, run_after=None
[2025-06-28T04:46:50.040+0000] {logging_mixin.py:188} INFO - [2025-06-28T04:46:50.040+0000] {dag.py:3823} INFO - Setting next_dagrun for example_subdag_operator.section-2 to None, run_after=None
[2025-06-28T04:46:50.049+0000] {processor.py:183} INFO - Processing /home/airflow/.local/lib/python3.8/site-packages/airflow/example_dags/example_subdag_operator.py took 0.075 seconds
[2025-06-28T04:47:20.200+0000] {processor.py:161} INFO - Started process (PID=7568) to work on /home/airflow/.local/lib/python3.8/site-packages/airflow/example_dags/example_subdag_operator.py
[2025-06-28T04:47:20.201+0000] {processor.py:830} INFO - Processing file /home/airflow/.local/lib/python3.8/site-packages/airflow/example_dags/example_subdag_operator.py for tasks to queue
[2025-06-28T04:47:20.202+0000] {logging_mixin.py:188} INFO - [2025-06-28T04:47:20.202+0000] {dagbag.py:538} INFO - Filling up the DagBag from /home/airflow/.local/lib/python3.8/site-packages/airflow/example_dags/example_subdag_operator.py
[2025-06-28T04:47:20.217+0000] {processor.py:840} INFO - DAG(s) 'example_subdag_operator.section-1', 'example_subdag_operator.section-2', 'example_subdag_operator' retrieved from /home/airflow/.local/lib/python3.8/site-packages/airflow/example_dags/example_subdag_operator.py
[2025-06-28T04:47:20.226+0000] {logging_mixin.py:188} INFO - [2025-06-28T04:47:20.225+0000] {dag.py:3036} INFO - Sync 3 DAGs
[2025-06-28T04:47:20.242+0000] {logging_mixin.py:188} INFO - [2025-06-28T04:47:20.242+0000] {dag.py:3823} INFO - Setting next_dagrun for example_subdag_operator to 2022-01-01 00:00:00+00:00, run_after=2022-01-01 00:00:00+00:00
[2025-06-28T04:47:20.245+0000] {logging_mixin.py:188} INFO - [2025-06-28T04:47:20.245+0000] {dag.py:3823} INFO - Setting next_dagrun for example_subdag_operator.section-1 to None, run_after=None
[2025-06-28T04:47:20.246+0000] {logging_mixin.py:188} INFO - [2025-06-28T04:47:20.245+0000] {dag.py:3823} INFO - Setting next_dagrun for example_subdag_operator.section-2 to None, run_after=None
[2025-06-28T04:47:20.250+0000] {logging_mixin.py:188} INFO - [2025-06-28T04:47:20.250+0000] {dag.py:3036} INFO - Sync 2 DAGs
[2025-06-28T04:47:20.254+0000] {logging_mixin.py:188} INFO - [2025-06-28T04:47:20.254+0000] {dag.py:3823} INFO - Setting next_dagrun for example_subdag_operator.section-1 to None, run_after=None
[2025-06-28T04:47:20.254+0000] {logging_mixin.py:188} INFO - [2025-06-28T04:47:20.254+0000] {dag.py:3823} INFO - Setting next_dagrun for example_subdag_operator.section-2 to None, run_after=None
[2025-06-28T04:47:20.262+0000] {processor.py:183} INFO - Processing /home/airflow/.local/lib/python3.8/site-packages/airflow/example_dags/example_subdag_operator.py took 0.064 seconds
[2025-06-28T04:47:50.360+0000] {processor.py:161} INFO - Started process (PID=7818) to work on /home/airflow/.local/lib/python3.8/site-packages/airflow/example_dags/example_subdag_operator.py
[2025-06-28T04:47:50.360+0000] {processor.py:830} INFO - Processing file /home/airflow/.local/lib/python3.8/site-packages/airflow/example_dags/example_subdag_operator.py for tasks to queue
[2025-06-28T04:47:50.361+0000] {logging_mixin.py:188} INFO - [2025-06-28T04:47:50.361+0000] {dagbag.py:538} INFO - Filling up the DagBag from /home/airflow/.local/lib/python3.8/site-packages/airflow/example_dags/example_subdag_operator.py
[2025-06-28T04:47:50.380+0000] {processor.py:840} INFO - DAG(s) 'example_subdag_operator.section-1', 'example_subdag_operator.section-2', 'example_subdag_operator' retrieved from /home/airflow/.local/lib/python3.8/site-packages/airflow/example_dags/example_subdag_operator.py
[2025-06-28T04:47:50.392+0000] {logging_mixin.py:188} INFO - [2025-06-28T04:47:50.392+0000] {dag.py:3036} INFO - Sync 3 DAGs
[2025-06-28T04:47:50.408+0000] {logging_mixin.py:188} INFO - [2025-06-28T04:47:50.408+0000] {dag.py:3823} INFO - Setting next_dagrun for example_subdag_operator to 2022-01-01 00:00:00+00:00, run_after=2022-01-01 00:00:00+00:00
[2025-06-28T04:47:50.412+0000] {logging_mixin.py:188} INFO - [2025-06-28T04:47:50.411+0000] {dag.py:3823} INFO - Setting next_dagrun for example_subdag_operator.section-1 to None, run_after=None
[2025-06-28T04:47:50.413+0000] {logging_mixin.py:188} INFO - [2025-06-28T04:47:50.413+0000] {dag.py:3823} INFO - Setting next_dagrun for example_subdag_operator.section-2 to None, run_after=None
[2025-06-28T04:47:50.418+0000] {logging_mixin.py:188} INFO - [2025-06-28T04:47:50.417+0000] {dag.py:3036} INFO - Sync 2 DAGs
[2025-06-28T04:47:50.421+0000] {logging_mixin.py:188} INFO - [2025-06-28T04:47:50.421+0000] {dag.py:3823} INFO - Setting next_dagrun for example_subdag_operator.section-1 to None, run_after=None
[2025-06-28T04:47:50.422+0000] {logging_mixin.py:188} INFO - [2025-06-28T04:47:50.421+0000] {dag.py:3823} INFO - Setting next_dagrun for example_subdag_operator.section-2 to None, run_after=None
[2025-06-28T04:47:50.430+0000] {processor.py:183} INFO - Processing /home/airflow/.local/lib/python3.8/site-packages/airflow/example_dags/example_subdag_operator.py took 0.072 seconds
[2025-06-28T04:48:21.563+0000] {processor.py:161} INFO - Started process (PID=8068) to work on /home/airflow/.local/lib/python3.8/site-packages/airflow/example_dags/example_subdag_operator.py
[2025-06-28T04:48:21.564+0000] {processor.py:830} INFO - Processing file /home/airflow/.local/lib/python3.8/site-packages/airflow/example_dags/example_subdag_operator.py for tasks to queue
[2025-06-28T04:48:21.565+0000] {logging_mixin.py:188} INFO - [2025-06-28T04:48:21.565+0000] {dagbag.py:538} INFO - Filling up the DagBag from /home/airflow/.local/lib/python3.8/site-packages/airflow/example_dags/example_subdag_operator.py
[2025-06-28T04:48:21.579+0000] {processor.py:840} INFO - DAG(s) 'example_subdag_operator.section-1', 'example_subdag_operator.section-2', 'example_subdag_operator' retrieved from /home/airflow/.local/lib/python3.8/site-packages/airflow/example_dags/example_subdag_operator.py
[2025-06-28T04:48:21.588+0000] {logging_mixin.py:188} INFO - [2025-06-28T04:48:21.588+0000] {dag.py:3036} INFO - Sync 3 DAGs
[2025-06-28T04:48:21.612+0000] {logging_mixin.py:188} INFO - [2025-06-28T04:48:21.612+0000] {dag.py:3823} INFO - Setting next_dagrun for example_subdag_operator to 2022-01-01 00:00:00+00:00, run_after=2022-01-01 00:00:00+00:00
[2025-06-28T04:48:21.615+0000] {logging_mixin.py:188} INFO - [2025-06-28T04:48:21.615+0000] {dag.py:3823} INFO - Setting next_dagrun for example_subdag_operator.section-1 to None, run_after=None
[2025-06-28T04:48:21.616+0000] {logging_mixin.py:188} INFO - [2025-06-28T04:48:21.616+0000] {dag.py:3823} INFO - Setting next_dagrun for example_subdag_operator.section-2 to None, run_after=None
[2025-06-28T04:48:21.620+0000] {logging_mixin.py:188} INFO - [2025-06-28T04:48:21.620+0000] {dag.py:3036} INFO - Sync 2 DAGs
[2025-06-28T04:48:21.624+0000] {logging_mixin.py:188} INFO - [2025-06-28T04:48:21.624+0000] {dag.py:3823} INFO - Setting next_dagrun for example_subdag_operator.section-1 to None, run_after=None
[2025-06-28T04:48:21.624+0000] {logging_mixin.py:188} INFO - [2025-06-28T04:48:21.624+0000] {dag.py:3823} INFO - Setting next_dagrun for example_subdag_operator.section-2 to None, run_after=None
[2025-06-28T04:48:21.634+0000] {processor.py:183} INFO - Processing /home/airflow/.local/lib/python3.8/site-packages/airflow/example_dags/example_subdag_operator.py took 0.073 seconds
