[2025-06-28T04:32:40.066+0000] {processor.py:161} INFO - Started process (PID=370) to work on /home/airflow/.local/lib/python3.8/site-packages/airflow/example_dags/example_sla_dag.py
[2025-06-28T04:32:40.067+0000] {processor.py:830} INFO - Processing file /home/airflow/.local/lib/python3.8/site-packages/airflow/example_dags/example_sla_dag.py for tasks to queue
[2025-06-28T04:32:40.069+0000] {logging_mixin.py:188} INFO - [2025-06-28T04:32:40.068+0000] {dagbag.py:538} INFO - Filling up the DagBag from /home/airflow/.local/lib/python3.8/site-packages/airflow/example_dags/example_sla_dag.py
[2025-06-28T04:32:40.080+0000] {processor.py:840} INFO - DAG(s) 'example_sla_dag' retrieved from /home/airflow/.local/lib/python3.8/site-packages/airflow/example_dags/example_sla_dag.py
[2025-06-28T04:32:40.093+0000] {logging_mixin.py:188} INFO - [2025-06-28T04:32:40.092+0000] {dag.py:3036} INFO - Sync 1 DAGs
[2025-06-28T04:32:40.114+0000] {logging_mixin.py:188} INFO - [2025-06-28T04:32:40.114+0000] {dag.py:3823} INFO - Setting next_dagrun for example_sla_dag to 2025-06-28 04:30:00+00:00, run_after=2025-06-28 04:32:00+00:00
[2025-06-28T04:32:40.128+0000] {processor.py:183} INFO - Processing /home/airflow/.local/lib/python3.8/site-packages/airflow/example_dags/example_sla_dag.py took 0.065 seconds
[2025-06-28T04:33:11.580+0000] {processor.py:161} INFO - Started process (PID=618) to work on /home/airflow/.local/lib/python3.8/site-packages/airflow/example_dags/example_sla_dag.py
[2025-06-28T04:33:11.580+0000] {processor.py:830} INFO - Processing file /home/airflow/.local/lib/python3.8/site-packages/airflow/example_dags/example_sla_dag.py for tasks to queue
[2025-06-28T04:33:11.581+0000] {logging_mixin.py:188} INFO - [2025-06-28T04:33:11.581+0000] {dagbag.py:538} INFO - Filling up the DagBag from /home/airflow/.local/lib/python3.8/site-packages/airflow/example_dags/example_sla_dag.py
[2025-06-28T04:33:11.586+0000] {processor.py:840} INFO - DAG(s) 'example_sla_dag' retrieved from /home/airflow/.local/lib/python3.8/site-packages/airflow/example_dags/example_sla_dag.py
[2025-06-28T04:33:11.669+0000] {logging_mixin.py:188} INFO - [2025-06-28T04:33:11.668+0000] {dag.py:3036} INFO - Sync 1 DAGs
[2025-06-28T04:33:11.690+0000] {logging_mixin.py:188} INFO - [2025-06-28T04:33:11.690+0000] {dag.py:3823} INFO - Setting next_dagrun for example_sla_dag to 2025-06-28 04:30:00+00:00, run_after=2025-06-28 04:32:00+00:00
[2025-06-28T04:33:11.712+0000] {processor.py:183} INFO - Processing /home/airflow/.local/lib/python3.8/site-packages/airflow/example_dags/example_sla_dag.py took 0.135 seconds
[2025-06-28T04:33:42.495+0000] {processor.py:161} INFO - Started process (PID=868) to work on /home/airflow/.local/lib/python3.8/site-packages/airflow/example_dags/example_sla_dag.py
[2025-06-28T04:33:42.495+0000] {processor.py:830} INFO - Processing file /home/airflow/.local/lib/python3.8/site-packages/airflow/example_dags/example_sla_dag.py for tasks to queue
[2025-06-28T04:33:42.496+0000] {logging_mixin.py:188} INFO - [2025-06-28T04:33:42.496+0000] {dagbag.py:538} INFO - Filling up the DagBag from /home/airflow/.local/lib/python3.8/site-packages/airflow/example_dags/example_sla_dag.py
[2025-06-28T04:33:42.502+0000] {processor.py:840} INFO - DAG(s) 'example_sla_dag' retrieved from /home/airflow/.local/lib/python3.8/site-packages/airflow/example_dags/example_sla_dag.py
[2025-06-28T04:33:42.514+0000] {logging_mixin.py:188} INFO - [2025-06-28T04:33:42.513+0000] {dag.py:3036} INFO - Sync 1 DAGs
[2025-06-28T04:33:42.530+0000] {logging_mixin.py:188} INFO - [2025-06-28T04:33:42.530+0000] {dag.py:3823} INFO - Setting next_dagrun for example_sla_dag to 2025-06-28 04:30:00+00:00, run_after=2025-06-28 04:32:00+00:00
[2025-06-28T04:33:42.542+0000] {processor.py:183} INFO - Processing /home/airflow/.local/lib/python3.8/site-packages/airflow/example_dags/example_sla_dag.py took 0.049 seconds
[2025-06-28T04:34:12.754+0000] {processor.py:161} INFO - Started process (PID=1118) to work on /home/airflow/.local/lib/python3.8/site-packages/airflow/example_dags/example_sla_dag.py
[2025-06-28T04:34:12.755+0000] {processor.py:830} INFO - Processing file /home/airflow/.local/lib/python3.8/site-packages/airflow/example_dags/example_sla_dag.py for tasks to queue
[2025-06-28T04:34:12.758+0000] {logging_mixin.py:188} INFO - [2025-06-28T04:34:12.757+0000] {dagbag.py:538} INFO - Filling up the DagBag from /home/airflow/.local/lib/python3.8/site-packages/airflow/example_dags/example_sla_dag.py
[2025-06-28T04:34:12.767+0000] {processor.py:840} INFO - DAG(s) 'example_sla_dag' retrieved from /home/airflow/.local/lib/python3.8/site-packages/airflow/example_dags/example_sla_dag.py
[2025-06-28T04:34:12.780+0000] {logging_mixin.py:188} INFO - [2025-06-28T04:34:12.780+0000] {dag.py:3036} INFO - Sync 1 DAGs
[2025-06-28T04:34:12.793+0000] {logging_mixin.py:188} INFO - [2025-06-28T04:34:12.793+0000] {dag.py:3823} INFO - Setting next_dagrun for example_sla_dag to 2025-06-28 04:32:00+00:00, run_after=2025-06-28 04:34:00+00:00
[2025-06-28T04:34:12.808+0000] {processor.py:183} INFO - Processing /home/airflow/.local/lib/python3.8/site-packages/airflow/example_dags/example_sla_dag.py took 0.059 seconds
[2025-06-28T04:34:43.211+0000] {processor.py:161} INFO - Started process (PID=1368) to work on /home/airflow/.local/lib/python3.8/site-packages/airflow/example_dags/example_sla_dag.py
[2025-06-28T04:34:43.212+0000] {processor.py:830} INFO - Processing file /home/airflow/.local/lib/python3.8/site-packages/airflow/example_dags/example_sla_dag.py for tasks to queue
[2025-06-28T04:34:43.213+0000] {logging_mixin.py:188} INFO - [2025-06-28T04:34:43.213+0000] {dagbag.py:538} INFO - Filling up the DagBag from /home/airflow/.local/lib/python3.8/site-packages/airflow/example_dags/example_sla_dag.py
[2025-06-28T04:34:43.219+0000] {processor.py:840} INFO - DAG(s) 'example_sla_dag' retrieved from /home/airflow/.local/lib/python3.8/site-packages/airflow/example_dags/example_sla_dag.py
[2025-06-28T04:34:43.233+0000] {logging_mixin.py:188} INFO - [2025-06-28T04:34:43.233+0000] {dag.py:3036} INFO - Sync 1 DAGs
[2025-06-28T04:34:43.248+0000] {logging_mixin.py:188} INFO - [2025-06-28T04:34:43.248+0000] {dag.py:3823} INFO - Setting next_dagrun for example_sla_dag to 2025-06-28 04:32:00+00:00, run_after=2025-06-28 04:34:00+00:00
[2025-06-28T04:34:43.263+0000] {processor.py:183} INFO - Processing /home/airflow/.local/lib/python3.8/site-packages/airflow/example_dags/example_sla_dag.py took 0.055 seconds
[2025-06-28T04:35:13.679+0000] {processor.py:161} INFO - Started process (PID=1618) to work on /home/airflow/.local/lib/python3.8/site-packages/airflow/example_dags/example_sla_dag.py
[2025-06-28T04:35:13.680+0000] {processor.py:830} INFO - Processing file /home/airflow/.local/lib/python3.8/site-packages/airflow/example_dags/example_sla_dag.py for tasks to queue
[2025-06-28T04:35:13.681+0000] {logging_mixin.py:188} INFO - [2025-06-28T04:35:13.681+0000] {dagbag.py:538} INFO - Filling up the DagBag from /home/airflow/.local/lib/python3.8/site-packages/airflow/example_dags/example_sla_dag.py
[2025-06-28T04:35:13.688+0000] {processor.py:840} INFO - DAG(s) 'example_sla_dag' retrieved from /home/airflow/.local/lib/python3.8/site-packages/airflow/example_dags/example_sla_dag.py
[2025-06-28T04:35:13.701+0000] {logging_mixin.py:188} INFO - [2025-06-28T04:35:13.701+0000] {dag.py:3036} INFO - Sync 1 DAGs
[2025-06-28T04:35:13.717+0000] {logging_mixin.py:188} INFO - [2025-06-28T04:35:13.717+0000] {dag.py:3823} INFO - Setting next_dagrun for example_sla_dag to 2025-06-28 04:32:00+00:00, run_after=2025-06-28 04:34:00+00:00
[2025-06-28T04:35:13.731+0000] {processor.py:183} INFO - Processing /home/airflow/.local/lib/python3.8/site-packages/airflow/example_dags/example_sla_dag.py took 0.054 seconds
[2025-06-28T04:35:44.257+0000] {processor.py:161} INFO - Started process (PID=1868) to work on /home/airflow/.local/lib/python3.8/site-packages/airflow/example_dags/example_sla_dag.py
[2025-06-28T04:35:44.258+0000] {processor.py:830} INFO - Processing file /home/airflow/.local/lib/python3.8/site-packages/airflow/example_dags/example_sla_dag.py for tasks to queue
[2025-06-28T04:35:44.259+0000] {logging_mixin.py:188} INFO - [2025-06-28T04:35:44.259+0000] {dagbag.py:538} INFO - Filling up the DagBag from /home/airflow/.local/lib/python3.8/site-packages/airflow/example_dags/example_sla_dag.py
[2025-06-28T04:35:44.264+0000] {processor.py:840} INFO - DAG(s) 'example_sla_dag' retrieved from /home/airflow/.local/lib/python3.8/site-packages/airflow/example_dags/example_sla_dag.py
[2025-06-28T04:35:44.279+0000] {logging_mixin.py:188} INFO - [2025-06-28T04:35:44.279+0000] {dag.py:3036} INFO - Sync 1 DAGs
[2025-06-28T04:35:44.296+0000] {logging_mixin.py:188} INFO - [2025-06-28T04:35:44.295+0000] {dag.py:3823} INFO - Setting next_dagrun for example_sla_dag to 2025-06-28 04:32:00+00:00, run_after=2025-06-28 04:34:00+00:00
[2025-06-28T04:35:44.310+0000] {processor.py:183} INFO - Processing /home/airflow/.local/lib/python3.8/site-packages/airflow/example_dags/example_sla_dag.py took 0.055 seconds
[2025-06-28T04:36:14.524+0000] {processor.py:161} INFO - Started process (PID=2118) to work on /home/airflow/.local/lib/python3.8/site-packages/airflow/example_dags/example_sla_dag.py
[2025-06-28T04:36:14.525+0000] {processor.py:830} INFO - Processing file /home/airflow/.local/lib/python3.8/site-packages/airflow/example_dags/example_sla_dag.py for tasks to queue
[2025-06-28T04:36:14.526+0000] {logging_mixin.py:188} INFO - [2025-06-28T04:36:14.526+0000] {dagbag.py:538} INFO - Filling up the DagBag from /home/airflow/.local/lib/python3.8/site-packages/airflow/example_dags/example_sla_dag.py
[2025-06-28T04:36:14.533+0000] {processor.py:840} INFO - DAG(s) 'example_sla_dag' retrieved from /home/airflow/.local/lib/python3.8/site-packages/airflow/example_dags/example_sla_dag.py
[2025-06-28T04:36:14.547+0000] {logging_mixin.py:188} INFO - [2025-06-28T04:36:14.547+0000] {dag.py:3036} INFO - Sync 1 DAGs
[2025-06-28T04:36:14.563+0000] {logging_mixin.py:188} INFO - [2025-06-28T04:36:14.563+0000] {dag.py:3823} INFO - Setting next_dagrun for example_sla_dag to 2025-06-28 04:34:00+00:00, run_after=2025-06-28 04:36:00+00:00
[2025-06-28T04:36:14.576+0000] {processor.py:183} INFO - Processing /home/airflow/.local/lib/python3.8/site-packages/airflow/example_dags/example_sla_dag.py took 0.056 seconds
[2025-06-28T04:36:44.744+0000] {processor.py:161} INFO - Started process (PID=2368) to work on /home/airflow/.local/lib/python3.8/site-packages/airflow/example_dags/example_sla_dag.py
[2025-06-28T04:36:44.744+0000] {processor.py:830} INFO - Processing file /home/airflow/.local/lib/python3.8/site-packages/airflow/example_dags/example_sla_dag.py for tasks to queue
[2025-06-28T04:36:44.745+0000] {logging_mixin.py:188} INFO - [2025-06-28T04:36:44.745+0000] {dagbag.py:538} INFO - Filling up the DagBag from /home/airflow/.local/lib/python3.8/site-packages/airflow/example_dags/example_sla_dag.py
[2025-06-28T04:36:44.749+0000] {processor.py:840} INFO - DAG(s) 'example_sla_dag' retrieved from /home/airflow/.local/lib/python3.8/site-packages/airflow/example_dags/example_sla_dag.py
[2025-06-28T04:36:44.762+0000] {logging_mixin.py:188} INFO - [2025-06-28T04:36:44.762+0000] {dag.py:3036} INFO - Sync 1 DAGs
[2025-06-28T04:36:44.777+0000] {logging_mixin.py:188} INFO - [2025-06-28T04:36:44.776+0000] {dag.py:3823} INFO - Setting next_dagrun for example_sla_dag to 2025-06-28 04:34:00+00:00, run_after=2025-06-28 04:36:00+00:00
[2025-06-28T04:36:44.789+0000] {processor.py:183} INFO - Processing /home/airflow/.local/lib/python3.8/site-packages/airflow/example_dags/example_sla_dag.py took 0.047 seconds
[2025-06-28T04:37:14.972+0000] {processor.py:161} INFO - Started process (PID=2618) to work on /home/airflow/.local/lib/python3.8/site-packages/airflow/example_dags/example_sla_dag.py
[2025-06-28T04:37:14.973+0000] {processor.py:830} INFO - Processing file /home/airflow/.local/lib/python3.8/site-packages/airflow/example_dags/example_sla_dag.py for tasks to queue
[2025-06-28T04:37:14.974+0000] {logging_mixin.py:188} INFO - [2025-06-28T04:37:14.974+0000] {dagbag.py:538} INFO - Filling up the DagBag from /home/airflow/.local/lib/python3.8/site-packages/airflow/example_dags/example_sla_dag.py
[2025-06-28T04:37:14.983+0000] {processor.py:840} INFO - DAG(s) 'example_sla_dag' retrieved from /home/airflow/.local/lib/python3.8/site-packages/airflow/example_dags/example_sla_dag.py
[2025-06-28T04:37:14.997+0000] {logging_mixin.py:188} INFO - [2025-06-28T04:37:14.996+0000] {dag.py:3036} INFO - Sync 1 DAGs
[2025-06-28T04:37:15.020+0000] {logging_mixin.py:188} INFO - [2025-06-28T04:37:15.020+0000] {dag.py:3823} INFO - Setting next_dagrun for example_sla_dag to 2025-06-28 04:34:00+00:00, run_after=2025-06-28 04:36:00+00:00
[2025-06-28T04:37:15.036+0000] {processor.py:183} INFO - Processing /home/airflow/.local/lib/python3.8/site-packages/airflow/example_dags/example_sla_dag.py took 0.066 seconds
[2025-06-28T04:37:45.071+0000] {processor.py:161} INFO - Started process (PID=2868) to work on /home/airflow/.local/lib/python3.8/site-packages/airflow/example_dags/example_sla_dag.py
[2025-06-28T04:37:45.071+0000] {processor.py:830} INFO - Processing file /home/airflow/.local/lib/python3.8/site-packages/airflow/example_dags/example_sla_dag.py for tasks to queue
[2025-06-28T04:37:45.072+0000] {logging_mixin.py:188} INFO - [2025-06-28T04:37:45.072+0000] {dagbag.py:538} INFO - Filling up the DagBag from /home/airflow/.local/lib/python3.8/site-packages/airflow/example_dags/example_sla_dag.py
[2025-06-28T04:37:45.077+0000] {processor.py:840} INFO - DAG(s) 'example_sla_dag' retrieved from /home/airflow/.local/lib/python3.8/site-packages/airflow/example_dags/example_sla_dag.py
[2025-06-28T04:37:45.091+0000] {logging_mixin.py:188} INFO - [2025-06-28T04:37:45.090+0000] {dag.py:3036} INFO - Sync 1 DAGs
[2025-06-28T04:37:45.107+0000] {logging_mixin.py:188} INFO - [2025-06-28T04:37:45.107+0000] {dag.py:3823} INFO - Setting next_dagrun for example_sla_dag to 2025-06-28 04:34:00+00:00, run_after=2025-06-28 04:36:00+00:00
[2025-06-28T04:37:45.119+0000] {processor.py:183} INFO - Processing /home/airflow/.local/lib/python3.8/site-packages/airflow/example_dags/example_sla_dag.py took 0.049 seconds
[2025-06-28T04:38:15.439+0000] {processor.py:161} INFO - Started process (PID=3120) to work on /home/airflow/.local/lib/python3.8/site-packages/airflow/example_dags/example_sla_dag.py
[2025-06-28T04:38:15.440+0000] {processor.py:830} INFO - Processing file /home/airflow/.local/lib/python3.8/site-packages/airflow/example_dags/example_sla_dag.py for tasks to queue
[2025-06-28T04:38:15.441+0000] {logging_mixin.py:188} INFO - [2025-06-28T04:38:15.441+0000] {dagbag.py:538} INFO - Filling up the DagBag from /home/airflow/.local/lib/python3.8/site-packages/airflow/example_dags/example_sla_dag.py
[2025-06-28T04:38:15.447+0000] {processor.py:840} INFO - DAG(s) 'example_sla_dag' retrieved from /home/airflow/.local/lib/python3.8/site-packages/airflow/example_dags/example_sla_dag.py
[2025-06-28T04:38:15.462+0000] {logging_mixin.py:188} INFO - [2025-06-28T04:38:15.462+0000] {dag.py:3036} INFO - Sync 1 DAGs
[2025-06-28T04:38:15.476+0000] {logging_mixin.py:188} INFO - [2025-06-28T04:38:15.476+0000] {dag.py:3823} INFO - Setting next_dagrun for example_sla_dag to 2025-06-28 04:36:00+00:00, run_after=2025-06-28 04:38:00+00:00
[2025-06-28T04:38:15.489+0000] {processor.py:183} INFO - Processing /home/airflow/.local/lib/python3.8/site-packages/airflow/example_dags/example_sla_dag.py took 0.053 seconds
[2025-06-28T04:38:45.727+0000] {processor.py:161} INFO - Started process (PID=3370) to work on /home/airflow/.local/lib/python3.8/site-packages/airflow/example_dags/example_sla_dag.py
[2025-06-28T04:38:45.727+0000] {processor.py:830} INFO - Processing file /home/airflow/.local/lib/python3.8/site-packages/airflow/example_dags/example_sla_dag.py for tasks to queue
[2025-06-28T04:38:45.729+0000] {logging_mixin.py:188} INFO - [2025-06-28T04:38:45.729+0000] {dagbag.py:538} INFO - Filling up the DagBag from /home/airflow/.local/lib/python3.8/site-packages/airflow/example_dags/example_sla_dag.py
[2025-06-28T04:38:45.735+0000] {processor.py:840} INFO - DAG(s) 'example_sla_dag' retrieved from /home/airflow/.local/lib/python3.8/site-packages/airflow/example_dags/example_sla_dag.py
[2025-06-28T04:38:45.747+0000] {logging_mixin.py:188} INFO - [2025-06-28T04:38:45.746+0000] {dag.py:3036} INFO - Sync 1 DAGs
[2025-06-28T04:38:45.759+0000] {logging_mixin.py:188} INFO - [2025-06-28T04:38:45.759+0000] {dag.py:3823} INFO - Setting next_dagrun for example_sla_dag to 2025-06-28 04:36:00+00:00, run_after=2025-06-28 04:38:00+00:00
[2025-06-28T04:38:45.771+0000] {processor.py:183} INFO - Processing /home/airflow/.local/lib/python3.8/site-packages/airflow/example_dags/example_sla_dag.py took 0.047 seconds
[2025-06-28T04:39:15.916+0000] {processor.py:161} INFO - Started process (PID=3618) to work on /home/airflow/.local/lib/python3.8/site-packages/airflow/example_dags/example_sla_dag.py
[2025-06-28T04:39:15.917+0000] {processor.py:830} INFO - Processing file /home/airflow/.local/lib/python3.8/site-packages/airflow/example_dags/example_sla_dag.py for tasks to queue
[2025-06-28T04:39:15.918+0000] {logging_mixin.py:188} INFO - [2025-06-28T04:39:15.917+0000] {dagbag.py:538} INFO - Filling up the DagBag from /home/airflow/.local/lib/python3.8/site-packages/airflow/example_dags/example_sla_dag.py
[2025-06-28T04:39:15.922+0000] {processor.py:840} INFO - DAG(s) 'example_sla_dag' retrieved from /home/airflow/.local/lib/python3.8/site-packages/airflow/example_dags/example_sla_dag.py
[2025-06-28T04:39:15.934+0000] {logging_mixin.py:188} INFO - [2025-06-28T04:39:15.933+0000] {dag.py:3036} INFO - Sync 1 DAGs
[2025-06-28T04:39:15.948+0000] {logging_mixin.py:188} INFO - [2025-06-28T04:39:15.948+0000] {dag.py:3823} INFO - Setting next_dagrun for example_sla_dag to 2025-06-28 04:36:00+00:00, run_after=2025-06-28 04:38:00+00:00
[2025-06-28T04:39:15.962+0000] {processor.py:183} INFO - Processing /home/airflow/.local/lib/python3.8/site-packages/airflow/example_dags/example_sla_dag.py took 0.048 seconds
[2025-06-28T04:39:46.105+0000] {processor.py:161} INFO - Started process (PID=3868) to work on /home/airflow/.local/lib/python3.8/site-packages/airflow/example_dags/example_sla_dag.py
[2025-06-28T04:39:46.106+0000] {processor.py:830} INFO - Processing file /home/airflow/.local/lib/python3.8/site-packages/airflow/example_dags/example_sla_dag.py for tasks to queue
[2025-06-28T04:39:46.107+0000] {logging_mixin.py:188} INFO - [2025-06-28T04:39:46.106+0000] {dagbag.py:538} INFO - Filling up the DagBag from /home/airflow/.local/lib/python3.8/site-packages/airflow/example_dags/example_sla_dag.py
[2025-06-28T04:39:46.111+0000] {processor.py:840} INFO - DAG(s) 'example_sla_dag' retrieved from /home/airflow/.local/lib/python3.8/site-packages/airflow/example_dags/example_sla_dag.py
[2025-06-28T04:39:46.126+0000] {logging_mixin.py:188} INFO - [2025-06-28T04:39:46.126+0000] {dag.py:3036} INFO - Sync 1 DAGs
[2025-06-28T04:39:46.141+0000] {logging_mixin.py:188} INFO - [2025-06-28T04:39:46.140+0000] {dag.py:3823} INFO - Setting next_dagrun for example_sla_dag to 2025-06-28 04:36:00+00:00, run_after=2025-06-28 04:38:00+00:00
[2025-06-28T04:39:46.156+0000] {processor.py:183} INFO - Processing /home/airflow/.local/lib/python3.8/site-packages/airflow/example_dags/example_sla_dag.py took 0.053 seconds
[2025-06-28T04:40:16.538+0000] {processor.py:161} INFO - Started process (PID=4120) to work on /home/airflow/.local/lib/python3.8/site-packages/airflow/example_dags/example_sla_dag.py
[2025-06-28T04:40:16.539+0000] {processor.py:830} INFO - Processing file /home/airflow/.local/lib/python3.8/site-packages/airflow/example_dags/example_sla_dag.py for tasks to queue
[2025-06-28T04:40:16.540+0000] {logging_mixin.py:188} INFO - [2025-06-28T04:40:16.539+0000] {dagbag.py:538} INFO - Filling up the DagBag from /home/airflow/.local/lib/python3.8/site-packages/airflow/example_dags/example_sla_dag.py
[2025-06-28T04:40:16.544+0000] {processor.py:840} INFO - DAG(s) 'example_sla_dag' retrieved from /home/airflow/.local/lib/python3.8/site-packages/airflow/example_dags/example_sla_dag.py
[2025-06-28T04:40:16.559+0000] {logging_mixin.py:188} INFO - [2025-06-28T04:40:16.559+0000] {dag.py:3036} INFO - Sync 1 DAGs
[2025-06-28T04:40:16.574+0000] {logging_mixin.py:188} INFO - [2025-06-28T04:40:16.574+0000] {dag.py:3823} INFO - Setting next_dagrun for example_sla_dag to 2025-06-28 04:38:00+00:00, run_after=2025-06-28 04:40:00+00:00
[2025-06-28T04:40:16.587+0000] {processor.py:183} INFO - Processing /home/airflow/.local/lib/python3.8/site-packages/airflow/example_dags/example_sla_dag.py took 0.051 seconds
[2025-06-28T04:40:46.854+0000] {processor.py:161} INFO - Started process (PID=4370) to work on /home/airflow/.local/lib/python3.8/site-packages/airflow/example_dags/example_sla_dag.py
[2025-06-28T04:40:46.855+0000] {processor.py:830} INFO - Processing file /home/airflow/.local/lib/python3.8/site-packages/airflow/example_dags/example_sla_dag.py for tasks to queue
[2025-06-28T04:40:46.856+0000] {logging_mixin.py:188} INFO - [2025-06-28T04:40:46.856+0000] {dagbag.py:538} INFO - Filling up the DagBag from /home/airflow/.local/lib/python3.8/site-packages/airflow/example_dags/example_sla_dag.py
[2025-06-28T04:40:46.861+0000] {processor.py:840} INFO - DAG(s) 'example_sla_dag' retrieved from /home/airflow/.local/lib/python3.8/site-packages/airflow/example_dags/example_sla_dag.py
[2025-06-28T04:40:46.876+0000] {logging_mixin.py:188} INFO - [2025-06-28T04:40:46.875+0000] {dag.py:3036} INFO - Sync 1 DAGs
[2025-06-28T04:40:46.896+0000] {logging_mixin.py:188} INFO - [2025-06-28T04:40:46.896+0000] {dag.py:3823} INFO - Setting next_dagrun for example_sla_dag to 2025-06-28 04:38:00+00:00, run_after=2025-06-28 04:40:00+00:00
[2025-06-28T04:40:46.909+0000] {processor.py:183} INFO - Processing /home/airflow/.local/lib/python3.8/site-packages/airflow/example_dags/example_sla_dag.py took 0.058 seconds
[2025-06-28T04:41:17.302+0000] {processor.py:161} INFO - Started process (PID=4620) to work on /home/airflow/.local/lib/python3.8/site-packages/airflow/example_dags/example_sla_dag.py
[2025-06-28T04:41:17.302+0000] {processor.py:830} INFO - Processing file /home/airflow/.local/lib/python3.8/site-packages/airflow/example_dags/example_sla_dag.py for tasks to queue
[2025-06-28T04:41:17.303+0000] {logging_mixin.py:188} INFO - [2025-06-28T04:41:17.303+0000] {dagbag.py:538} INFO - Filling up the DagBag from /home/airflow/.local/lib/python3.8/site-packages/airflow/example_dags/example_sla_dag.py
[2025-06-28T04:41:17.308+0000] {processor.py:840} INFO - DAG(s) 'example_sla_dag' retrieved from /home/airflow/.local/lib/python3.8/site-packages/airflow/example_dags/example_sla_dag.py
[2025-06-28T04:41:17.324+0000] {logging_mixin.py:188} INFO - [2025-06-28T04:41:17.324+0000] {dag.py:3036} INFO - Sync 1 DAGs
[2025-06-28T04:41:17.343+0000] {logging_mixin.py:188} INFO - [2025-06-28T04:41:17.343+0000] {dag.py:3823} INFO - Setting next_dagrun for example_sla_dag to 2025-06-28 04:38:00+00:00, run_after=2025-06-28 04:40:00+00:00
[2025-06-28T04:41:17.356+0000] {processor.py:183} INFO - Processing /home/airflow/.local/lib/python3.8/site-packages/airflow/example_dags/example_sla_dag.py took 0.056 seconds
[2025-06-28T04:41:47.627+0000] {processor.py:161} INFO - Started process (PID=4870) to work on /home/airflow/.local/lib/python3.8/site-packages/airflow/example_dags/example_sla_dag.py
[2025-06-28T04:41:47.629+0000] {processor.py:830} INFO - Processing file /home/airflow/.local/lib/python3.8/site-packages/airflow/example_dags/example_sla_dag.py for tasks to queue
[2025-06-28T04:41:47.631+0000] {logging_mixin.py:188} INFO - [2025-06-28T04:41:47.630+0000] {dagbag.py:538} INFO - Filling up the DagBag from /home/airflow/.local/lib/python3.8/site-packages/airflow/example_dags/example_sla_dag.py
[2025-06-28T04:41:47.636+0000] {processor.py:840} INFO - DAG(s) 'example_sla_dag' retrieved from /home/airflow/.local/lib/python3.8/site-packages/airflow/example_dags/example_sla_dag.py
[2025-06-28T04:41:47.652+0000] {logging_mixin.py:188} INFO - [2025-06-28T04:41:47.652+0000] {dag.py:3036} INFO - Sync 1 DAGs
[2025-06-28T04:41:47.671+0000] {logging_mixin.py:188} INFO - [2025-06-28T04:41:47.671+0000] {dag.py:3823} INFO - Setting next_dagrun for example_sla_dag to 2025-06-28 04:38:00+00:00, run_after=2025-06-28 04:40:00+00:00
[2025-06-28T04:41:47.685+0000] {processor.py:183} INFO - Processing /home/airflow/.local/lib/python3.8/site-packages/airflow/example_dags/example_sla_dag.py took 0.061 seconds
[2025-06-28T04:42:17.947+0000] {processor.py:161} INFO - Started process (PID=5120) to work on /home/airflow/.local/lib/python3.8/site-packages/airflow/example_dags/example_sla_dag.py
[2025-06-28T04:42:17.948+0000] {processor.py:830} INFO - Processing file /home/airflow/.local/lib/python3.8/site-packages/airflow/example_dags/example_sla_dag.py for tasks to queue
[2025-06-28T04:42:17.949+0000] {logging_mixin.py:188} INFO - [2025-06-28T04:42:17.949+0000] {dagbag.py:538} INFO - Filling up the DagBag from /home/airflow/.local/lib/python3.8/site-packages/airflow/example_dags/example_sla_dag.py
[2025-06-28T04:42:17.953+0000] {processor.py:840} INFO - DAG(s) 'example_sla_dag' retrieved from /home/airflow/.local/lib/python3.8/site-packages/airflow/example_dags/example_sla_dag.py
[2025-06-28T04:42:17.966+0000] {logging_mixin.py:188} INFO - [2025-06-28T04:42:17.966+0000] {dag.py:3036} INFO - Sync 1 DAGs
[2025-06-28T04:42:17.983+0000] {logging_mixin.py:188} INFO - [2025-06-28T04:42:17.983+0000] {dag.py:3823} INFO - Setting next_dagrun for example_sla_dag to 2025-06-28 04:40:00+00:00, run_after=2025-06-28 04:42:00+00:00
[2025-06-28T04:42:18.005+0000] {processor.py:183} INFO - Processing /home/airflow/.local/lib/python3.8/site-packages/airflow/example_dags/example_sla_dag.py took 0.059 seconds
[2025-06-28T04:42:48.232+0000] {processor.py:161} INFO - Started process (PID=5370) to work on /home/airflow/.local/lib/python3.8/site-packages/airflow/example_dags/example_sla_dag.py
[2025-06-28T04:42:48.233+0000] {processor.py:830} INFO - Processing file /home/airflow/.local/lib/python3.8/site-packages/airflow/example_dags/example_sla_dag.py for tasks to queue
[2025-06-28T04:42:48.235+0000] {logging_mixin.py:188} INFO - [2025-06-28T04:42:48.235+0000] {dagbag.py:538} INFO - Filling up the DagBag from /home/airflow/.local/lib/python3.8/site-packages/airflow/example_dags/example_sla_dag.py
[2025-06-28T04:42:48.244+0000] {processor.py:840} INFO - DAG(s) 'example_sla_dag' retrieved from /home/airflow/.local/lib/python3.8/site-packages/airflow/example_dags/example_sla_dag.py
[2025-06-28T04:42:48.256+0000] {logging_mixin.py:188} INFO - [2025-06-28T04:42:48.256+0000] {dag.py:3036} INFO - Sync 1 DAGs
[2025-06-28T04:42:48.272+0000] {logging_mixin.py:188} INFO - [2025-06-28T04:42:48.272+0000] {dag.py:3823} INFO - Setting next_dagrun for example_sla_dag to 2025-06-28 04:40:00+00:00, run_after=2025-06-28 04:42:00+00:00
[2025-06-28T04:42:48.286+0000] {processor.py:183} INFO - Processing /home/airflow/.local/lib/python3.8/site-packages/airflow/example_dags/example_sla_dag.py took 0.057 seconds
[2025-06-28T04:43:18.521+0000] {processor.py:161} INFO - Started process (PID=5618) to work on /home/airflow/.local/lib/python3.8/site-packages/airflow/example_dags/example_sla_dag.py
[2025-06-28T04:43:18.522+0000] {processor.py:830} INFO - Processing file /home/airflow/.local/lib/python3.8/site-packages/airflow/example_dags/example_sla_dag.py for tasks to queue
[2025-06-28T04:43:18.523+0000] {logging_mixin.py:188} INFO - [2025-06-28T04:43:18.523+0000] {dagbag.py:538} INFO - Filling up the DagBag from /home/airflow/.local/lib/python3.8/site-packages/airflow/example_dags/example_sla_dag.py
[2025-06-28T04:43:18.531+0000] {processor.py:840} INFO - DAG(s) 'example_sla_dag' retrieved from /home/airflow/.local/lib/python3.8/site-packages/airflow/example_dags/example_sla_dag.py
[2025-06-28T04:43:18.553+0000] {logging_mixin.py:188} INFO - [2025-06-28T04:43:18.553+0000] {dag.py:3036} INFO - Sync 1 DAGs
[2025-06-28T04:43:18.572+0000] {logging_mixin.py:188} INFO - [2025-06-28T04:43:18.572+0000] {dag.py:3823} INFO - Setting next_dagrun for example_sla_dag to 2025-06-28 04:40:00+00:00, run_after=2025-06-28 04:42:00+00:00
[2025-06-28T04:43:18.585+0000] {processor.py:183} INFO - Processing /home/airflow/.local/lib/python3.8/site-packages/airflow/example_dags/example_sla_dag.py took 0.067 seconds
[2025-06-28T04:43:49.024+0000] {processor.py:161} INFO - Started process (PID=5870) to work on /home/airflow/.local/lib/python3.8/site-packages/airflow/example_dags/example_sla_dag.py
[2025-06-28T04:43:49.026+0000] {processor.py:830} INFO - Processing file /home/airflow/.local/lib/python3.8/site-packages/airflow/example_dags/example_sla_dag.py for tasks to queue
[2025-06-28T04:43:49.029+0000] {logging_mixin.py:188} INFO - [2025-06-28T04:43:49.029+0000] {dagbag.py:538} INFO - Filling up the DagBag from /home/airflow/.local/lib/python3.8/site-packages/airflow/example_dags/example_sla_dag.py
[2025-06-28T04:43:49.039+0000] {processor.py:840} INFO - DAG(s) 'example_sla_dag' retrieved from /home/airflow/.local/lib/python3.8/site-packages/airflow/example_dags/example_sla_dag.py
[2025-06-28T04:43:49.051+0000] {logging_mixin.py:188} INFO - [2025-06-28T04:43:49.051+0000] {dag.py:3036} INFO - Sync 1 DAGs
[2025-06-28T04:43:49.066+0000] {logging_mixin.py:188} INFO - [2025-06-28T04:43:49.066+0000] {dag.py:3823} INFO - Setting next_dagrun for example_sla_dag to 2025-06-28 04:40:00+00:00, run_after=2025-06-28 04:42:00+00:00
[2025-06-28T04:43:49.079+0000] {processor.py:183} INFO - Processing /home/airflow/.local/lib/python3.8/site-packages/airflow/example_dags/example_sla_dag.py took 0.060 seconds
[2025-06-28T04:44:19.475+0000] {processor.py:161} INFO - Started process (PID=6120) to work on /home/airflow/.local/lib/python3.8/site-packages/airflow/example_dags/example_sla_dag.py
[2025-06-28T04:44:19.477+0000] {processor.py:830} INFO - Processing file /home/airflow/.local/lib/python3.8/site-packages/airflow/example_dags/example_sla_dag.py for tasks to queue
[2025-06-28T04:44:19.479+0000] {logging_mixin.py:188} INFO - [2025-06-28T04:44:19.479+0000] {dagbag.py:538} INFO - Filling up the DagBag from /home/airflow/.local/lib/python3.8/site-packages/airflow/example_dags/example_sla_dag.py
[2025-06-28T04:44:19.486+0000] {processor.py:840} INFO - DAG(s) 'example_sla_dag' retrieved from /home/airflow/.local/lib/python3.8/site-packages/airflow/example_dags/example_sla_dag.py
[2025-06-28T04:44:19.502+0000] {logging_mixin.py:188} INFO - [2025-06-28T04:44:19.502+0000] {dag.py:3036} INFO - Sync 1 DAGs
[2025-06-28T04:44:19.517+0000] {logging_mixin.py:188} INFO - [2025-06-28T04:44:19.516+0000] {dag.py:3823} INFO - Setting next_dagrun for example_sla_dag to 2025-06-28 04:42:00+00:00, run_after=2025-06-28 04:44:00+00:00
[2025-06-28T04:44:19.530+0000] {processor.py:183} INFO - Processing /home/airflow/.local/lib/python3.8/site-packages/airflow/example_dags/example_sla_dag.py took 0.060 seconds
[2025-06-28T04:44:49.631+0000] {processor.py:161} INFO - Started process (PID=6370) to work on /home/airflow/.local/lib/python3.8/site-packages/airflow/example_dags/example_sla_dag.py
[2025-06-28T04:44:49.632+0000] {processor.py:830} INFO - Processing file /home/airflow/.local/lib/python3.8/site-packages/airflow/example_dags/example_sla_dag.py for tasks to queue
[2025-06-28T04:44:49.633+0000] {logging_mixin.py:188} INFO - [2025-06-28T04:44:49.633+0000] {dagbag.py:538} INFO - Filling up the DagBag from /home/airflow/.local/lib/python3.8/site-packages/airflow/example_dags/example_sla_dag.py
[2025-06-28T04:44:49.639+0000] {processor.py:840} INFO - DAG(s) 'example_sla_dag' retrieved from /home/airflow/.local/lib/python3.8/site-packages/airflow/example_dags/example_sla_dag.py
[2025-06-28T04:44:49.653+0000] {logging_mixin.py:188} INFO - [2025-06-28T04:44:49.652+0000] {dag.py:3036} INFO - Sync 1 DAGs
[2025-06-28T04:44:49.668+0000] {logging_mixin.py:188} INFO - [2025-06-28T04:44:49.668+0000] {dag.py:3823} INFO - Setting next_dagrun for example_sla_dag to 2025-06-28 04:42:00+00:00, run_after=2025-06-28 04:44:00+00:00
[2025-06-28T04:44:49.680+0000] {processor.py:183} INFO - Processing /home/airflow/.local/lib/python3.8/site-packages/airflow/example_dags/example_sla_dag.py took 0.051 seconds
[2025-06-28T04:45:19.794+0000] {processor.py:161} INFO - Started process (PID=6620) to work on /home/airflow/.local/lib/python3.8/site-packages/airflow/example_dags/example_sla_dag.py
[2025-06-28T04:45:19.794+0000] {processor.py:830} INFO - Processing file /home/airflow/.local/lib/python3.8/site-packages/airflow/example_dags/example_sla_dag.py for tasks to queue
[2025-06-28T04:45:19.796+0000] {logging_mixin.py:188} INFO - [2025-06-28T04:45:19.795+0000] {dagbag.py:538} INFO - Filling up the DagBag from /home/airflow/.local/lib/python3.8/site-packages/airflow/example_dags/example_sla_dag.py
[2025-06-28T04:45:19.802+0000] {processor.py:840} INFO - DAG(s) 'example_sla_dag' retrieved from /home/airflow/.local/lib/python3.8/site-packages/airflow/example_dags/example_sla_dag.py
[2025-06-28T04:45:19.815+0000] {logging_mixin.py:188} INFO - [2025-06-28T04:45:19.814+0000] {dag.py:3036} INFO - Sync 1 DAGs
[2025-06-28T04:45:19.834+0000] {logging_mixin.py:188} INFO - [2025-06-28T04:45:19.833+0000] {dag.py:3823} INFO - Setting next_dagrun for example_sla_dag to 2025-06-28 04:42:00+00:00, run_after=2025-06-28 04:44:00+00:00
[2025-06-28T04:45:19.849+0000] {processor.py:183} INFO - Processing /home/airflow/.local/lib/python3.8/site-packages/airflow/example_dags/example_sla_dag.py took 0.058 seconds
[2025-06-28T04:45:50.333+0000] {processor.py:161} INFO - Started process (PID=6870) to work on /home/airflow/.local/lib/python3.8/site-packages/airflow/example_dags/example_sla_dag.py
[2025-06-28T04:45:50.334+0000] {processor.py:830} INFO - Processing file /home/airflow/.local/lib/python3.8/site-packages/airflow/example_dags/example_sla_dag.py for tasks to queue
[2025-06-28T04:45:50.335+0000] {logging_mixin.py:188} INFO - [2025-06-28T04:45:50.335+0000] {dagbag.py:538} INFO - Filling up the DagBag from /home/airflow/.local/lib/python3.8/site-packages/airflow/example_dags/example_sla_dag.py
[2025-06-28T04:45:50.342+0000] {processor.py:840} INFO - DAG(s) 'example_sla_dag' retrieved from /home/airflow/.local/lib/python3.8/site-packages/airflow/example_dags/example_sla_dag.py
[2025-06-28T04:45:50.359+0000] {logging_mixin.py:188} INFO - [2025-06-28T04:45:50.359+0000] {dag.py:3036} INFO - Sync 1 DAGs
[2025-06-28T04:45:50.376+0000] {logging_mixin.py:188} INFO - [2025-06-28T04:45:50.376+0000] {dag.py:3823} INFO - Setting next_dagrun for example_sla_dag to 2025-06-28 04:42:00+00:00, run_after=2025-06-28 04:44:00+00:00
[2025-06-28T04:45:50.389+0000] {processor.py:183} INFO - Processing /home/airflow/.local/lib/python3.8/site-packages/airflow/example_dags/example_sla_dag.py took 0.059 seconds
[2025-06-28T04:46:20.646+0000] {processor.py:161} INFO - Started process (PID=7120) to work on /home/airflow/.local/lib/python3.8/site-packages/airflow/example_dags/example_sla_dag.py
[2025-06-28T04:46:20.647+0000] {processor.py:830} INFO - Processing file /home/airflow/.local/lib/python3.8/site-packages/airflow/example_dags/example_sla_dag.py for tasks to queue
[2025-06-28T04:46:20.648+0000] {logging_mixin.py:188} INFO - [2025-06-28T04:46:20.648+0000] {dagbag.py:538} INFO - Filling up the DagBag from /home/airflow/.local/lib/python3.8/site-packages/airflow/example_dags/example_sla_dag.py
[2025-06-28T04:46:20.654+0000] {processor.py:840} INFO - DAG(s) 'example_sla_dag' retrieved from /home/airflow/.local/lib/python3.8/site-packages/airflow/example_dags/example_sla_dag.py
[2025-06-28T04:46:20.665+0000] {logging_mixin.py:188} INFO - [2025-06-28T04:46:20.665+0000] {dag.py:3036} INFO - Sync 1 DAGs
[2025-06-28T04:46:20.678+0000] {logging_mixin.py:188} INFO - [2025-06-28T04:46:20.678+0000] {dag.py:3823} INFO - Setting next_dagrun for example_sla_dag to 2025-06-28 04:44:00+00:00, run_after=2025-06-28 04:46:00+00:00
[2025-06-28T04:46:20.692+0000] {processor.py:183} INFO - Processing /home/airflow/.local/lib/python3.8/site-packages/airflow/example_dags/example_sla_dag.py took 0.049 seconds
[2025-06-28T04:46:51.399+0000] {processor.py:161} INFO - Started process (PID=7370) to work on /home/airflow/.local/lib/python3.8/site-packages/airflow/example_dags/example_sla_dag.py
[2025-06-28T04:46:51.400+0000] {processor.py:830} INFO - Processing file /home/airflow/.local/lib/python3.8/site-packages/airflow/example_dags/example_sla_dag.py for tasks to queue
[2025-06-28T04:46:51.402+0000] {logging_mixin.py:188} INFO - [2025-06-28T04:46:51.402+0000] {dagbag.py:538} INFO - Filling up the DagBag from /home/airflow/.local/lib/python3.8/site-packages/airflow/example_dags/example_sla_dag.py
[2025-06-28T04:46:51.408+0000] {processor.py:840} INFO - DAG(s) 'example_sla_dag' retrieved from /home/airflow/.local/lib/python3.8/site-packages/airflow/example_dags/example_sla_dag.py
[2025-06-28T04:46:51.419+0000] {logging_mixin.py:188} INFO - [2025-06-28T04:46:51.419+0000] {dag.py:3036} INFO - Sync 1 DAGs
[2025-06-28T04:46:51.432+0000] {logging_mixin.py:188} INFO - [2025-06-28T04:46:51.432+0000] {dag.py:3823} INFO - Setting next_dagrun for example_sla_dag to 2025-06-28 04:44:00+00:00, run_after=2025-06-28 04:46:00+00:00
[2025-06-28T04:46:51.443+0000] {processor.py:183} INFO - Processing /home/airflow/.local/lib/python3.8/site-packages/airflow/example_dags/example_sla_dag.py took 0.048 seconds
[2025-06-28T04:47:21.637+0000] {processor.py:161} INFO - Started process (PID=7618) to work on /home/airflow/.local/lib/python3.8/site-packages/airflow/example_dags/example_sla_dag.py
[2025-06-28T04:47:21.638+0000] {processor.py:830} INFO - Processing file /home/airflow/.local/lib/python3.8/site-packages/airflow/example_dags/example_sla_dag.py for tasks to queue
[2025-06-28T04:47:21.640+0000] {logging_mixin.py:188} INFO - [2025-06-28T04:47:21.639+0000] {dagbag.py:538} INFO - Filling up the DagBag from /home/airflow/.local/lib/python3.8/site-packages/airflow/example_dags/example_sla_dag.py
[2025-06-28T04:47:21.645+0000] {processor.py:840} INFO - DAG(s) 'example_sla_dag' retrieved from /home/airflow/.local/lib/python3.8/site-packages/airflow/example_dags/example_sla_dag.py
[2025-06-28T04:47:21.657+0000] {logging_mixin.py:188} INFO - [2025-06-28T04:47:21.657+0000] {dag.py:3036} INFO - Sync 1 DAGs
[2025-06-28T04:47:21.676+0000] {logging_mixin.py:188} INFO - [2025-06-28T04:47:21.676+0000] {dag.py:3823} INFO - Setting next_dagrun for example_sla_dag to 2025-06-28 04:44:00+00:00, run_after=2025-06-28 04:46:00+00:00
[2025-06-28T04:47:21.688+0000] {processor.py:183} INFO - Processing /home/airflow/.local/lib/python3.8/site-packages/airflow/example_dags/example_sla_dag.py took 0.054 seconds
[2025-06-28T04:47:51.717+0000] {processor.py:161} INFO - Started process (PID=7868) to work on /home/airflow/.local/lib/python3.8/site-packages/airflow/example_dags/example_sla_dag.py
[2025-06-28T04:47:51.718+0000] {processor.py:830} INFO - Processing file /home/airflow/.local/lib/python3.8/site-packages/airflow/example_dags/example_sla_dag.py for tasks to queue
[2025-06-28T04:47:51.719+0000] {logging_mixin.py:188} INFO - [2025-06-28T04:47:51.718+0000] {dagbag.py:538} INFO - Filling up the DagBag from /home/airflow/.local/lib/python3.8/site-packages/airflow/example_dags/example_sla_dag.py
[2025-06-28T04:47:51.724+0000] {processor.py:840} INFO - DAG(s) 'example_sla_dag' retrieved from /home/airflow/.local/lib/python3.8/site-packages/airflow/example_dags/example_sla_dag.py
[2025-06-28T04:47:51.735+0000] {logging_mixin.py:188} INFO - [2025-06-28T04:47:51.735+0000] {dag.py:3036} INFO - Sync 1 DAGs
[2025-06-28T04:47:51.750+0000] {logging_mixin.py:188} INFO - [2025-06-28T04:47:51.750+0000] {dag.py:3823} INFO - Setting next_dagrun for example_sla_dag to 2025-06-28 04:44:00+00:00, run_after=2025-06-28 04:46:00+00:00
[2025-06-28T04:47:51.761+0000] {processor.py:183} INFO - Processing /home/airflow/.local/lib/python3.8/site-packages/airflow/example_dags/example_sla_dag.py took 0.046 seconds
[2025-06-28T04:48:21.990+0000] {processor.py:161} INFO - Started process (PID=8118) to work on /home/airflow/.local/lib/python3.8/site-packages/airflow/example_dags/example_sla_dag.py
[2025-06-28T04:48:21.991+0000] {processor.py:830} INFO - Processing file /home/airflow/.local/lib/python3.8/site-packages/airflow/example_dags/example_sla_dag.py for tasks to queue
[2025-06-28T04:48:21.993+0000] {logging_mixin.py:188} INFO - [2025-06-28T04:48:21.993+0000] {dagbag.py:538} INFO - Filling up the DagBag from /home/airflow/.local/lib/python3.8/site-packages/airflow/example_dags/example_sla_dag.py
[2025-06-28T04:48:22.006+0000] {processor.py:840} INFO - DAG(s) 'example_sla_dag' retrieved from /home/airflow/.local/lib/python3.8/site-packages/airflow/example_dags/example_sla_dag.py
[2025-06-28T04:48:22.044+0000] {logging_mixin.py:188} INFO - [2025-06-28T04:48:22.043+0000] {dag.py:3036} INFO - Sync 1 DAGs
[2025-06-28T04:48:22.087+0000] {logging_mixin.py:188} INFO - [2025-06-28T04:48:22.087+0000] {dag.py:3823} INFO - Setting next_dagrun for example_sla_dag to 2025-06-28 04:46:00+00:00, run_after=2025-06-28 04:48:00+00:00
[2025-06-28T04:48:22.120+0000] {processor.py:183} INFO - Processing /home/airflow/.local/lib/python3.8/site-packages/airflow/example_dags/example_sla_dag.py took 0.135 seconds
