[2025-06-28T04:32:38.130+0000] {processor.py:161} INFO - Started process (PID=208) to work on /home/airflow/.local/lib/python3.8/site-packages/airflow/example_dags/example_short_circuit_operator.py
[2025-06-28T04:32:38.131+0000] {processor.py:830} INFO - Processing file /home/airflow/.local/lib/python3.8/site-packages/airflow/example_dags/example_short_circuit_operator.py for tasks to queue
[2025-06-28T04:32:38.132+0000] {logging_mixin.py:188} INFO - [2025-06-28T04:32:38.132+0000] {dagbag.py:538} INFO - Filling up the DagBag from /home/airflow/.local/lib/python3.8/site-packages/airflow/example_dags/example_short_circuit_operator.py
[2025-06-28T04:32:38.147+0000] {processor.py:840} INFO - DAG(s) 'example_short_circuit_operator' retrieved from /home/airflow/.local/lib/python3.8/site-packages/airflow/example_dags/example_short_circuit_operator.py
[2025-06-28T04:32:38.163+0000] {logging_mixin.py:188} INFO - [2025-06-28T04:32:38.162+0000] {dag.py:3036} INFO - Sync 1 DAGs
[2025-06-28T04:32:38.194+0000] {logging_mixin.py:188} INFO - [2025-06-28T04:32:38.194+0000] {dag.py:3823} INFO - Setting next_dagrun for example_short_circuit_operator to 2025-06-27 00:00:00+00:00, run_after=2025-06-28 00:00:00+00:00
[2025-06-28T04:32:38.222+0000] {processor.py:183} INFO - Processing /home/airflow/.local/lib/python3.8/site-packages/airflow/example_dags/example_short_circuit_operator.py took 0.097 seconds
[2025-06-28T04:33:09.163+0000] {processor.py:161} INFO - Started process (PID=458) to work on /home/airflow/.local/lib/python3.8/site-packages/airflow/example_dags/example_short_circuit_operator.py
[2025-06-28T04:33:09.164+0000] {processor.py:830} INFO - Processing file /home/airflow/.local/lib/python3.8/site-packages/airflow/example_dags/example_short_circuit_operator.py for tasks to queue
[2025-06-28T04:33:09.166+0000] {logging_mixin.py:188} INFO - [2025-06-28T04:33:09.165+0000] {dagbag.py:538} INFO - Filling up the DagBag from /home/airflow/.local/lib/python3.8/site-packages/airflow/example_dags/example_short_circuit_operator.py
[2025-06-28T04:33:09.171+0000] {processor.py:840} INFO - DAG(s) 'example_short_circuit_operator' retrieved from /home/airflow/.local/lib/python3.8/site-packages/airflow/example_dags/example_short_circuit_operator.py
[2025-06-28T04:33:09.248+0000] {logging_mixin.py:188} INFO - [2025-06-28T04:33:09.248+0000] {dag.py:3036} INFO - Sync 1 DAGs
[2025-06-28T04:33:09.264+0000] {logging_mixin.py:188} INFO - [2025-06-28T04:33:09.263+0000] {dag.py:3823} INFO - Setting next_dagrun for example_short_circuit_operator to 2025-06-27 00:00:00+00:00, run_after=2025-06-28 00:00:00+00:00
[2025-06-28T04:33:09.278+0000] {processor.py:183} INFO - Processing /home/airflow/.local/lib/python3.8/site-packages/airflow/example_dags/example_short_circuit_operator.py took 0.117 seconds
[2025-06-28T04:33:39.835+0000] {processor.py:161} INFO - Started process (PID=708) to work on /home/airflow/.local/lib/python3.8/site-packages/airflow/example_dags/example_short_circuit_operator.py
[2025-06-28T04:33:39.836+0000] {processor.py:830} INFO - Processing file /home/airflow/.local/lib/python3.8/site-packages/airflow/example_dags/example_short_circuit_operator.py for tasks to queue
[2025-06-28T04:33:39.837+0000] {logging_mixin.py:188} INFO - [2025-06-28T04:33:39.837+0000] {dagbag.py:538} INFO - Filling up the DagBag from /home/airflow/.local/lib/python3.8/site-packages/airflow/example_dags/example_short_circuit_operator.py
[2025-06-28T04:33:39.842+0000] {processor.py:840} INFO - DAG(s) 'example_short_circuit_operator' retrieved from /home/airflow/.local/lib/python3.8/site-packages/airflow/example_dags/example_short_circuit_operator.py
[2025-06-28T04:33:39.864+0000] {logging_mixin.py:188} INFO - [2025-06-28T04:33:39.863+0000] {dag.py:3036} INFO - Sync 1 DAGs
[2025-06-28T04:33:39.881+0000] {logging_mixin.py:188} INFO - [2025-06-28T04:33:39.880+0000] {dag.py:3823} INFO - Setting next_dagrun for example_short_circuit_operator to 2025-06-27 00:00:00+00:00, run_after=2025-06-28 00:00:00+00:00
[2025-06-28T04:33:39.897+0000] {processor.py:183} INFO - Processing /home/airflow/.local/lib/python3.8/site-packages/airflow/example_dags/example_short_circuit_operator.py took 0.064 seconds
[2025-06-28T04:34:10.280+0000] {processor.py:161} INFO - Started process (PID=960) to work on /home/airflow/.local/lib/python3.8/site-packages/airflow/example_dags/example_short_circuit_operator.py
[2025-06-28T04:34:10.280+0000] {processor.py:830} INFO - Processing file /home/airflow/.local/lib/python3.8/site-packages/airflow/example_dags/example_short_circuit_operator.py for tasks to queue
[2025-06-28T04:34:10.281+0000] {logging_mixin.py:188} INFO - [2025-06-28T04:34:10.281+0000] {dagbag.py:538} INFO - Filling up the DagBag from /home/airflow/.local/lib/python3.8/site-packages/airflow/example_dags/example_short_circuit_operator.py
[2025-06-28T04:34:10.285+0000] {processor.py:840} INFO - DAG(s) 'example_short_circuit_operator' retrieved from /home/airflow/.local/lib/python3.8/site-packages/airflow/example_dags/example_short_circuit_operator.py
[2025-06-28T04:34:10.298+0000] {logging_mixin.py:188} INFO - [2025-06-28T04:34:10.298+0000] {dag.py:3036} INFO - Sync 1 DAGs
[2025-06-28T04:34:10.310+0000] {logging_mixin.py:188} INFO - [2025-06-28T04:34:10.310+0000] {dag.py:3823} INFO - Setting next_dagrun for example_short_circuit_operator to 2025-06-27 00:00:00+00:00, run_after=2025-06-28 00:00:00+00:00
[2025-06-28T04:34:10.325+0000] {processor.py:183} INFO - Processing /home/airflow/.local/lib/python3.8/site-packages/airflow/example_dags/example_short_circuit_operator.py took 0.047 seconds
[2025-06-28T04:34:40.685+0000] {processor.py:161} INFO - Started process (PID=1210) to work on /home/airflow/.local/lib/python3.8/site-packages/airflow/example_dags/example_short_circuit_operator.py
[2025-06-28T04:34:40.686+0000] {processor.py:830} INFO - Processing file /home/airflow/.local/lib/python3.8/site-packages/airflow/example_dags/example_short_circuit_operator.py for tasks to queue
[2025-06-28T04:34:40.687+0000] {logging_mixin.py:188} INFO - [2025-06-28T04:34:40.687+0000] {dagbag.py:538} INFO - Filling up the DagBag from /home/airflow/.local/lib/python3.8/site-packages/airflow/example_dags/example_short_circuit_operator.py
[2025-06-28T04:34:40.693+0000] {processor.py:840} INFO - DAG(s) 'example_short_circuit_operator' retrieved from /home/airflow/.local/lib/python3.8/site-packages/airflow/example_dags/example_short_circuit_operator.py
[2025-06-28T04:34:40.712+0000] {logging_mixin.py:188} INFO - [2025-06-28T04:34:40.711+0000] {dag.py:3036} INFO - Sync 1 DAGs
[2025-06-28T04:34:40.726+0000] {logging_mixin.py:188} INFO - [2025-06-28T04:34:40.726+0000] {dag.py:3823} INFO - Setting next_dagrun for example_short_circuit_operator to 2025-06-27 00:00:00+00:00, run_after=2025-06-28 00:00:00+00:00
[2025-06-28T04:34:40.743+0000] {processor.py:183} INFO - Processing /home/airflow/.local/lib/python3.8/site-packages/airflow/example_dags/example_short_circuit_operator.py took 0.061 seconds
[2025-06-28T04:35:11.079+0000] {processor.py:161} INFO - Started process (PID=1460) to work on /home/airflow/.local/lib/python3.8/site-packages/airflow/example_dags/example_short_circuit_operator.py
[2025-06-28T04:35:11.080+0000] {processor.py:830} INFO - Processing file /home/airflow/.local/lib/python3.8/site-packages/airflow/example_dags/example_short_circuit_operator.py for tasks to queue
[2025-06-28T04:35:11.082+0000] {logging_mixin.py:188} INFO - [2025-06-28T04:35:11.081+0000] {dagbag.py:538} INFO - Filling up the DagBag from /home/airflow/.local/lib/python3.8/site-packages/airflow/example_dags/example_short_circuit_operator.py
[2025-06-28T04:35:11.089+0000] {processor.py:840} INFO - DAG(s) 'example_short_circuit_operator' retrieved from /home/airflow/.local/lib/python3.8/site-packages/airflow/example_dags/example_short_circuit_operator.py
[2025-06-28T04:35:11.108+0000] {logging_mixin.py:188} INFO - [2025-06-28T04:35:11.107+0000] {dag.py:3036} INFO - Sync 1 DAGs
[2025-06-28T04:35:11.121+0000] {logging_mixin.py:188} INFO - [2025-06-28T04:35:11.121+0000] {dag.py:3823} INFO - Setting next_dagrun for example_short_circuit_operator to 2025-06-27 00:00:00+00:00, run_after=2025-06-28 00:00:00+00:00
[2025-06-28T04:35:11.136+0000] {processor.py:183} INFO - Processing /home/airflow/.local/lib/python3.8/site-packages/airflow/example_dags/example_short_circuit_operator.py took 0.060 seconds
[2025-06-28T04:35:41.559+0000] {processor.py:161} INFO - Started process (PID=1708) to work on /home/airflow/.local/lib/python3.8/site-packages/airflow/example_dags/example_short_circuit_operator.py
[2025-06-28T04:35:41.560+0000] {processor.py:830} INFO - Processing file /home/airflow/.local/lib/python3.8/site-packages/airflow/example_dags/example_short_circuit_operator.py for tasks to queue
[2025-06-28T04:35:41.562+0000] {logging_mixin.py:188} INFO - [2025-06-28T04:35:41.561+0000] {dagbag.py:538} INFO - Filling up the DagBag from /home/airflow/.local/lib/python3.8/site-packages/airflow/example_dags/example_short_circuit_operator.py
[2025-06-28T04:35:41.567+0000] {processor.py:840} INFO - DAG(s) 'example_short_circuit_operator' retrieved from /home/airflow/.local/lib/python3.8/site-packages/airflow/example_dags/example_short_circuit_operator.py
[2025-06-28T04:35:41.582+0000] {logging_mixin.py:188} INFO - [2025-06-28T04:35:41.582+0000] {dag.py:3036} INFO - Sync 1 DAGs
[2025-06-28T04:35:41.600+0000] {logging_mixin.py:188} INFO - [2025-06-28T04:35:41.599+0000] {dag.py:3823} INFO - Setting next_dagrun for example_short_circuit_operator to 2025-06-27 00:00:00+00:00, run_after=2025-06-28 00:00:00+00:00
[2025-06-28T04:35:41.615+0000] {processor.py:183} INFO - Processing /home/airflow/.local/lib/python3.8/site-packages/airflow/example_dags/example_short_circuit_operator.py took 0.062 seconds
[2025-06-28T04:36:12.212+0000] {processor.py:161} INFO - Started process (PID=1960) to work on /home/airflow/.local/lib/python3.8/site-packages/airflow/example_dags/example_short_circuit_operator.py
[2025-06-28T04:36:12.213+0000] {processor.py:830} INFO - Processing file /home/airflow/.local/lib/python3.8/site-packages/airflow/example_dags/example_short_circuit_operator.py for tasks to queue
[2025-06-28T04:36:12.214+0000] {logging_mixin.py:188} INFO - [2025-06-28T04:36:12.213+0000] {dagbag.py:538} INFO - Filling up the DagBag from /home/airflow/.local/lib/python3.8/site-packages/airflow/example_dags/example_short_circuit_operator.py
[2025-06-28T04:36:12.217+0000] {processor.py:840} INFO - DAG(s) 'example_short_circuit_operator' retrieved from /home/airflow/.local/lib/python3.8/site-packages/airflow/example_dags/example_short_circuit_operator.py
[2025-06-28T04:36:12.236+0000] {logging_mixin.py:188} INFO - [2025-06-28T04:36:12.236+0000] {dag.py:3036} INFO - Sync 1 DAGs
[2025-06-28T04:36:12.248+0000] {logging_mixin.py:188} INFO - [2025-06-28T04:36:12.248+0000] {dag.py:3823} INFO - Setting next_dagrun for example_short_circuit_operator to 2025-06-27 00:00:00+00:00, run_after=2025-06-28 00:00:00+00:00
[2025-06-28T04:36:12.262+0000] {processor.py:183} INFO - Processing /home/airflow/.local/lib/python3.8/site-packages/airflow/example_dags/example_short_circuit_operator.py took 0.052 seconds
[2025-06-28T04:36:42.502+0000] {processor.py:161} INFO - Started process (PID=2210) to work on /home/airflow/.local/lib/python3.8/site-packages/airflow/example_dags/example_short_circuit_operator.py
[2025-06-28T04:36:42.502+0000] {processor.py:830} INFO - Processing file /home/airflow/.local/lib/python3.8/site-packages/airflow/example_dags/example_short_circuit_operator.py for tasks to queue
[2025-06-28T04:36:42.504+0000] {logging_mixin.py:188} INFO - [2025-06-28T04:36:42.503+0000] {dagbag.py:538} INFO - Filling up the DagBag from /home/airflow/.local/lib/python3.8/site-packages/airflow/example_dags/example_short_circuit_operator.py
[2025-06-28T04:36:42.508+0000] {processor.py:840} INFO - DAG(s) 'example_short_circuit_operator' retrieved from /home/airflow/.local/lib/python3.8/site-packages/airflow/example_dags/example_short_circuit_operator.py
[2025-06-28T04:36:42.523+0000] {logging_mixin.py:188} INFO - [2025-06-28T04:36:42.522+0000] {dag.py:3036} INFO - Sync 1 DAGs
[2025-06-28T04:36:42.536+0000] {logging_mixin.py:188} INFO - [2025-06-28T04:36:42.536+0000] {dag.py:3823} INFO - Setting next_dagrun for example_short_circuit_operator to 2025-06-27 00:00:00+00:00, run_after=2025-06-28 00:00:00+00:00
[2025-06-28T04:36:42.553+0000] {processor.py:183} INFO - Processing /home/airflow/.local/lib/python3.8/site-packages/airflow/example_dags/example_short_circuit_operator.py took 0.053 seconds
[2025-06-28T04:37:12.603+0000] {processor.py:161} INFO - Started process (PID=2458) to work on /home/airflow/.local/lib/python3.8/site-packages/airflow/example_dags/example_short_circuit_operator.py
[2025-06-28T04:37:12.603+0000] {processor.py:830} INFO - Processing file /home/airflow/.local/lib/python3.8/site-packages/airflow/example_dags/example_short_circuit_operator.py for tasks to queue
[2025-06-28T04:37:12.604+0000] {logging_mixin.py:188} INFO - [2025-06-28T04:37:12.604+0000] {dagbag.py:538} INFO - Filling up the DagBag from /home/airflow/.local/lib/python3.8/site-packages/airflow/example_dags/example_short_circuit_operator.py
[2025-06-28T04:37:12.608+0000] {processor.py:840} INFO - DAG(s) 'example_short_circuit_operator' retrieved from /home/airflow/.local/lib/python3.8/site-packages/airflow/example_dags/example_short_circuit_operator.py
[2025-06-28T04:37:12.621+0000] {logging_mixin.py:188} INFO - [2025-06-28T04:37:12.620+0000] {dag.py:3036} INFO - Sync 1 DAGs
[2025-06-28T04:37:12.632+0000] {logging_mixin.py:188} INFO - [2025-06-28T04:37:12.631+0000] {dag.py:3823} INFO - Setting next_dagrun for example_short_circuit_operator to 2025-06-27 00:00:00+00:00, run_after=2025-06-28 00:00:00+00:00
[2025-06-28T04:37:12.645+0000] {processor.py:183} INFO - Processing /home/airflow/.local/lib/python3.8/site-packages/airflow/example_dags/example_short_circuit_operator.py took 0.044 seconds
[2025-06-28T04:37:42.835+0000] {processor.py:161} INFO - Started process (PID=2708) to work on /home/airflow/.local/lib/python3.8/site-packages/airflow/example_dags/example_short_circuit_operator.py
[2025-06-28T04:37:42.836+0000] {processor.py:830} INFO - Processing file /home/airflow/.local/lib/python3.8/site-packages/airflow/example_dags/example_short_circuit_operator.py for tasks to queue
[2025-06-28T04:37:42.836+0000] {logging_mixin.py:188} INFO - [2025-06-28T04:37:42.836+0000] {dagbag.py:538} INFO - Filling up the DagBag from /home/airflow/.local/lib/python3.8/site-packages/airflow/example_dags/example_short_circuit_operator.py
[2025-06-28T04:37:42.840+0000] {processor.py:840} INFO - DAG(s) 'example_short_circuit_operator' retrieved from /home/airflow/.local/lib/python3.8/site-packages/airflow/example_dags/example_short_circuit_operator.py
[2025-06-28T04:37:42.854+0000] {logging_mixin.py:188} INFO - [2025-06-28T04:37:42.854+0000] {dag.py:3036} INFO - Sync 1 DAGs
[2025-06-28T04:37:42.867+0000] {logging_mixin.py:188} INFO - [2025-06-28T04:37:42.867+0000] {dag.py:3823} INFO - Setting next_dagrun for example_short_circuit_operator to 2025-06-27 00:00:00+00:00, run_after=2025-06-28 00:00:00+00:00
[2025-06-28T04:37:42.880+0000] {processor.py:183} INFO - Processing /home/airflow/.local/lib/python3.8/site-packages/airflow/example_dags/example_short_circuit_operator.py took 0.046 seconds
[2025-06-28T04:38:12.936+0000] {processor.py:161} INFO - Started process (PID=2958) to work on /home/airflow/.local/lib/python3.8/site-packages/airflow/example_dags/example_short_circuit_operator.py
[2025-06-28T04:38:12.936+0000] {processor.py:830} INFO - Processing file /home/airflow/.local/lib/python3.8/site-packages/airflow/example_dags/example_short_circuit_operator.py for tasks to queue
[2025-06-28T04:38:12.937+0000] {logging_mixin.py:188} INFO - [2025-06-28T04:38:12.937+0000] {dagbag.py:538} INFO - Filling up the DagBag from /home/airflow/.local/lib/python3.8/site-packages/airflow/example_dags/example_short_circuit_operator.py
[2025-06-28T04:38:12.941+0000] {processor.py:840} INFO - DAG(s) 'example_short_circuit_operator' retrieved from /home/airflow/.local/lib/python3.8/site-packages/airflow/example_dags/example_short_circuit_operator.py
[2025-06-28T04:38:12.955+0000] {logging_mixin.py:188} INFO - [2025-06-28T04:38:12.955+0000] {dag.py:3036} INFO - Sync 1 DAGs
[2025-06-28T04:38:12.968+0000] {logging_mixin.py:188} INFO - [2025-06-28T04:38:12.968+0000] {dag.py:3823} INFO - Setting next_dagrun for example_short_circuit_operator to 2025-06-27 00:00:00+00:00, run_after=2025-06-28 00:00:00+00:00
[2025-06-28T04:38:12.980+0000] {processor.py:183} INFO - Processing /home/airflow/.local/lib/python3.8/site-packages/airflow/example_dags/example_short_circuit_operator.py took 0.046 seconds
[2025-06-28T04:38:43.237+0000] {processor.py:161} INFO - Started process (PID=3210) to work on /home/airflow/.local/lib/python3.8/site-packages/airflow/example_dags/example_short_circuit_operator.py
[2025-06-28T04:38:43.237+0000] {processor.py:830} INFO - Processing file /home/airflow/.local/lib/python3.8/site-packages/airflow/example_dags/example_short_circuit_operator.py for tasks to queue
[2025-06-28T04:38:43.238+0000] {logging_mixin.py:188} INFO - [2025-06-28T04:38:43.238+0000] {dagbag.py:538} INFO - Filling up the DagBag from /home/airflow/.local/lib/python3.8/site-packages/airflow/example_dags/example_short_circuit_operator.py
[2025-06-28T04:38:43.241+0000] {processor.py:840} INFO - DAG(s) 'example_short_circuit_operator' retrieved from /home/airflow/.local/lib/python3.8/site-packages/airflow/example_dags/example_short_circuit_operator.py
[2025-06-28T04:38:43.255+0000] {logging_mixin.py:188} INFO - [2025-06-28T04:38:43.255+0000] {dag.py:3036} INFO - Sync 1 DAGs
[2025-06-28T04:38:43.267+0000] {logging_mixin.py:188} INFO - [2025-06-28T04:38:43.267+0000] {dag.py:3823} INFO - Setting next_dagrun for example_short_circuit_operator to 2025-06-27 00:00:00+00:00, run_after=2025-06-28 00:00:00+00:00
[2025-06-28T04:38:43.280+0000] {processor.py:183} INFO - Processing /home/airflow/.local/lib/python3.8/site-packages/airflow/example_dags/example_short_circuit_operator.py took 0.045 seconds
[2025-06-28T04:39:13.642+0000] {processor.py:161} INFO - Started process (PID=3458) to work on /home/airflow/.local/lib/python3.8/site-packages/airflow/example_dags/example_short_circuit_operator.py
[2025-06-28T04:39:13.643+0000] {processor.py:830} INFO - Processing file /home/airflow/.local/lib/python3.8/site-packages/airflow/example_dags/example_short_circuit_operator.py for tasks to queue
[2025-06-28T04:39:13.645+0000] {logging_mixin.py:188} INFO - [2025-06-28T04:39:13.645+0000] {dagbag.py:538} INFO - Filling up the DagBag from /home/airflow/.local/lib/python3.8/site-packages/airflow/example_dags/example_short_circuit_operator.py
[2025-06-28T04:39:13.652+0000] {processor.py:840} INFO - DAG(s) 'example_short_circuit_operator' retrieved from /home/airflow/.local/lib/python3.8/site-packages/airflow/example_dags/example_short_circuit_operator.py
[2025-06-28T04:39:13.671+0000] {logging_mixin.py:188} INFO - [2025-06-28T04:39:13.670+0000] {dag.py:3036} INFO - Sync 1 DAGs
[2025-06-28T04:39:13.684+0000] {logging_mixin.py:188} INFO - [2025-06-28T04:39:13.684+0000] {dag.py:3823} INFO - Setting next_dagrun for example_short_circuit_operator to 2025-06-27 00:00:00+00:00, run_after=2025-06-28 00:00:00+00:00
[2025-06-28T04:39:13.701+0000] {processor.py:183} INFO - Processing /home/airflow/.local/lib/python3.8/site-packages/airflow/example_dags/example_short_circuit_operator.py took 0.064 seconds
[2025-06-28T04:39:43.773+0000] {processor.py:161} INFO - Started process (PID=3708) to work on /home/airflow/.local/lib/python3.8/site-packages/airflow/example_dags/example_short_circuit_operator.py
[2025-06-28T04:39:43.773+0000] {processor.py:830} INFO - Processing file /home/airflow/.local/lib/python3.8/site-packages/airflow/example_dags/example_short_circuit_operator.py for tasks to queue
[2025-06-28T04:39:43.774+0000] {logging_mixin.py:188} INFO - [2025-06-28T04:39:43.774+0000] {dagbag.py:538} INFO - Filling up the DagBag from /home/airflow/.local/lib/python3.8/site-packages/airflow/example_dags/example_short_circuit_operator.py
[2025-06-28T04:39:43.778+0000] {processor.py:840} INFO - DAG(s) 'example_short_circuit_operator' retrieved from /home/airflow/.local/lib/python3.8/site-packages/airflow/example_dags/example_short_circuit_operator.py
[2025-06-28T04:39:43.791+0000] {logging_mixin.py:188} INFO - [2025-06-28T04:39:43.791+0000] {dag.py:3036} INFO - Sync 1 DAGs
[2025-06-28T04:39:43.805+0000] {logging_mixin.py:188} INFO - [2025-06-28T04:39:43.805+0000] {dag.py:3823} INFO - Setting next_dagrun for example_short_circuit_operator to 2025-06-27 00:00:00+00:00, run_after=2025-06-28 00:00:00+00:00
[2025-06-28T04:39:43.818+0000] {processor.py:183} INFO - Processing /home/airflow/.local/lib/python3.8/site-packages/airflow/example_dags/example_short_circuit_operator.py took 0.048 seconds
[2025-06-28T04:40:13.997+0000] {processor.py:161} INFO - Started process (PID=3960) to work on /home/airflow/.local/lib/python3.8/site-packages/airflow/example_dags/example_short_circuit_operator.py
[2025-06-28T04:40:13.998+0000] {processor.py:830} INFO - Processing file /home/airflow/.local/lib/python3.8/site-packages/airflow/example_dags/example_short_circuit_operator.py for tasks to queue
[2025-06-28T04:40:13.999+0000] {logging_mixin.py:188} INFO - [2025-06-28T04:40:13.999+0000] {dagbag.py:538} INFO - Filling up the DagBag from /home/airflow/.local/lib/python3.8/site-packages/airflow/example_dags/example_short_circuit_operator.py
[2025-06-28T04:40:14.003+0000] {processor.py:840} INFO - DAG(s) 'example_short_circuit_operator' retrieved from /home/airflow/.local/lib/python3.8/site-packages/airflow/example_dags/example_short_circuit_operator.py
[2025-06-28T04:40:14.021+0000] {logging_mixin.py:188} INFO - [2025-06-28T04:40:14.020+0000] {dag.py:3036} INFO - Sync 1 DAGs
[2025-06-28T04:40:14.037+0000] {logging_mixin.py:188} INFO - [2025-06-28T04:40:14.037+0000] {dag.py:3823} INFO - Setting next_dagrun for example_short_circuit_operator to 2025-06-27 00:00:00+00:00, run_after=2025-06-28 00:00:00+00:00
[2025-06-28T04:40:14.052+0000] {processor.py:183} INFO - Processing /home/airflow/.local/lib/python3.8/site-packages/airflow/example_dags/example_short_circuit_operator.py took 0.056 seconds
[2025-06-28T04:40:44.472+0000] {processor.py:161} INFO - Started process (PID=4210) to work on /home/airflow/.local/lib/python3.8/site-packages/airflow/example_dags/example_short_circuit_operator.py
[2025-06-28T04:40:44.472+0000] {processor.py:830} INFO - Processing file /home/airflow/.local/lib/python3.8/site-packages/airflow/example_dags/example_short_circuit_operator.py for tasks to queue
[2025-06-28T04:40:44.474+0000] {logging_mixin.py:188} INFO - [2025-06-28T04:40:44.473+0000] {dagbag.py:538} INFO - Filling up the DagBag from /home/airflow/.local/lib/python3.8/site-packages/airflow/example_dags/example_short_circuit_operator.py
[2025-06-28T04:40:44.478+0000] {processor.py:840} INFO - DAG(s) 'example_short_circuit_operator' retrieved from /home/airflow/.local/lib/python3.8/site-packages/airflow/example_dags/example_short_circuit_operator.py
[2025-06-28T04:40:44.491+0000] {logging_mixin.py:188} INFO - [2025-06-28T04:40:44.491+0000] {dag.py:3036} INFO - Sync 1 DAGs
[2025-06-28T04:40:44.504+0000] {logging_mixin.py:188} INFO - [2025-06-28T04:40:44.503+0000] {dag.py:3823} INFO - Setting next_dagrun for example_short_circuit_operator to 2025-06-27 00:00:00+00:00, run_after=2025-06-28 00:00:00+00:00
[2025-06-28T04:40:44.514+0000] {processor.py:183} INFO - Processing /home/airflow/.local/lib/python3.8/site-packages/airflow/example_dags/example_short_circuit_operator.py took 0.045 seconds
[2025-06-28T04:41:14.813+0000] {processor.py:161} INFO - Started process (PID=4460) to work on /home/airflow/.local/lib/python3.8/site-packages/airflow/example_dags/example_short_circuit_operator.py
[2025-06-28T04:41:14.813+0000] {processor.py:830} INFO - Processing file /home/airflow/.local/lib/python3.8/site-packages/airflow/example_dags/example_short_circuit_operator.py for tasks to queue
[2025-06-28T04:41:14.814+0000] {logging_mixin.py:188} INFO - [2025-06-28T04:41:14.814+0000] {dagbag.py:538} INFO - Filling up the DagBag from /home/airflow/.local/lib/python3.8/site-packages/airflow/example_dags/example_short_circuit_operator.py
[2025-06-28T04:41:14.818+0000] {processor.py:840} INFO - DAG(s) 'example_short_circuit_operator' retrieved from /home/airflow/.local/lib/python3.8/site-packages/airflow/example_dags/example_short_circuit_operator.py
[2025-06-28T04:41:14.832+0000] {logging_mixin.py:188} INFO - [2025-06-28T04:41:14.831+0000] {dag.py:3036} INFO - Sync 1 DAGs
[2025-06-28T04:41:14.854+0000] {logging_mixin.py:188} INFO - [2025-06-28T04:41:14.854+0000] {dag.py:3823} INFO - Setting next_dagrun for example_short_circuit_operator to 2025-06-27 00:00:00+00:00, run_after=2025-06-28 00:00:00+00:00
[2025-06-28T04:41:14.871+0000] {processor.py:183} INFO - Processing /home/airflow/.local/lib/python3.8/site-packages/airflow/example_dags/example_short_circuit_operator.py took 0.061 seconds
[2025-06-28T04:41:45.256+0000] {processor.py:161} INFO - Started process (PID=4708) to work on /home/airflow/.local/lib/python3.8/site-packages/airflow/example_dags/example_short_circuit_operator.py
[2025-06-28T04:41:45.257+0000] {processor.py:830} INFO - Processing file /home/airflow/.local/lib/python3.8/site-packages/airflow/example_dags/example_short_circuit_operator.py for tasks to queue
[2025-06-28T04:41:45.258+0000] {logging_mixin.py:188} INFO - [2025-06-28T04:41:45.257+0000] {dagbag.py:538} INFO - Filling up the DagBag from /home/airflow/.local/lib/python3.8/site-packages/airflow/example_dags/example_short_circuit_operator.py
[2025-06-28T04:41:45.262+0000] {processor.py:840} INFO - DAG(s) 'example_short_circuit_operator' retrieved from /home/airflow/.local/lib/python3.8/site-packages/airflow/example_dags/example_short_circuit_operator.py
[2025-06-28T04:41:45.280+0000] {logging_mixin.py:188} INFO - [2025-06-28T04:41:45.279+0000] {dag.py:3036} INFO - Sync 1 DAGs
[2025-06-28T04:41:45.293+0000] {logging_mixin.py:188} INFO - [2025-06-28T04:41:45.293+0000] {dag.py:3823} INFO - Setting next_dagrun for example_short_circuit_operator to 2025-06-27 00:00:00+00:00, run_after=2025-06-28 00:00:00+00:00
[2025-06-28T04:41:45.305+0000] {processor.py:183} INFO - Processing /home/airflow/.local/lib/python3.8/site-packages/airflow/example_dags/example_short_circuit_operator.py took 0.051 seconds
[2025-06-28T04:42:15.568+0000] {processor.py:161} INFO - Started process (PID=4960) to work on /home/airflow/.local/lib/python3.8/site-packages/airflow/example_dags/example_short_circuit_operator.py
[2025-06-28T04:42:15.569+0000] {processor.py:830} INFO - Processing file /home/airflow/.local/lib/python3.8/site-packages/airflow/example_dags/example_short_circuit_operator.py for tasks to queue
[2025-06-28T04:42:15.570+0000] {logging_mixin.py:188} INFO - [2025-06-28T04:42:15.570+0000] {dagbag.py:538} INFO - Filling up the DagBag from /home/airflow/.local/lib/python3.8/site-packages/airflow/example_dags/example_short_circuit_operator.py
[2025-06-28T04:42:15.574+0000] {processor.py:840} INFO - DAG(s) 'example_short_circuit_operator' retrieved from /home/airflow/.local/lib/python3.8/site-packages/airflow/example_dags/example_short_circuit_operator.py
[2025-06-28T04:42:15.592+0000] {logging_mixin.py:188} INFO - [2025-06-28T04:42:15.592+0000] {dag.py:3036} INFO - Sync 1 DAGs
[2025-06-28T04:42:15.606+0000] {logging_mixin.py:188} INFO - [2025-06-28T04:42:15.606+0000] {dag.py:3823} INFO - Setting next_dagrun for example_short_circuit_operator to 2025-06-27 00:00:00+00:00, run_after=2025-06-28 00:00:00+00:00
[2025-06-28T04:42:15.633+0000] {processor.py:183} INFO - Processing /home/airflow/.local/lib/python3.8/site-packages/airflow/example_dags/example_short_circuit_operator.py took 0.068 seconds
[2025-06-28T04:42:45.868+0000] {processor.py:161} INFO - Started process (PID=5208) to work on /home/airflow/.local/lib/python3.8/site-packages/airflow/example_dags/example_short_circuit_operator.py
[2025-06-28T04:42:45.869+0000] {processor.py:830} INFO - Processing file /home/airflow/.local/lib/python3.8/site-packages/airflow/example_dags/example_short_circuit_operator.py for tasks to queue
[2025-06-28T04:42:45.870+0000] {logging_mixin.py:188} INFO - [2025-06-28T04:42:45.870+0000] {dagbag.py:538} INFO - Filling up the DagBag from /home/airflow/.local/lib/python3.8/site-packages/airflow/example_dags/example_short_circuit_operator.py
[2025-06-28T04:42:45.875+0000] {processor.py:840} INFO - DAG(s) 'example_short_circuit_operator' retrieved from /home/airflow/.local/lib/python3.8/site-packages/airflow/example_dags/example_short_circuit_operator.py
[2025-06-28T04:42:45.889+0000] {logging_mixin.py:188} INFO - [2025-06-28T04:42:45.889+0000] {dag.py:3036} INFO - Sync 1 DAGs
[2025-06-28T04:42:45.903+0000] {logging_mixin.py:188} INFO - [2025-06-28T04:42:45.903+0000] {dag.py:3823} INFO - Setting next_dagrun for example_short_circuit_operator to 2025-06-27 00:00:00+00:00, run_after=2025-06-28 00:00:00+00:00
[2025-06-28T04:42:45.917+0000] {processor.py:183} INFO - Processing /home/airflow/.local/lib/python3.8/site-packages/airflow/example_dags/example_short_circuit_operator.py took 0.051 seconds
[2025-06-28T04:43:16.163+0000] {processor.py:161} INFO - Started process (PID=5458) to work on /home/airflow/.local/lib/python3.8/site-packages/airflow/example_dags/example_short_circuit_operator.py
[2025-06-28T04:43:16.164+0000] {processor.py:830} INFO - Processing file /home/airflow/.local/lib/python3.8/site-packages/airflow/example_dags/example_short_circuit_operator.py for tasks to queue
[2025-06-28T04:43:16.165+0000] {logging_mixin.py:188} INFO - [2025-06-28T04:43:16.165+0000] {dagbag.py:538} INFO - Filling up the DagBag from /home/airflow/.local/lib/python3.8/site-packages/airflow/example_dags/example_short_circuit_operator.py
[2025-06-28T04:43:16.172+0000] {processor.py:840} INFO - DAG(s) 'example_short_circuit_operator' retrieved from /home/airflow/.local/lib/python3.8/site-packages/airflow/example_dags/example_short_circuit_operator.py
[2025-06-28T04:43:16.187+0000] {logging_mixin.py:188} INFO - [2025-06-28T04:43:16.187+0000] {dag.py:3036} INFO - Sync 1 DAGs
[2025-06-28T04:43:16.199+0000] {logging_mixin.py:188} INFO - [2025-06-28T04:43:16.199+0000] {dag.py:3823} INFO - Setting next_dagrun for example_short_circuit_operator to 2025-06-27 00:00:00+00:00, run_after=2025-06-28 00:00:00+00:00
[2025-06-28T04:43:16.209+0000] {processor.py:183} INFO - Processing /home/airflow/.local/lib/python3.8/site-packages/airflow/example_dags/example_short_circuit_operator.py took 0.049 seconds
[2025-06-28T04:43:46.510+0000] {processor.py:161} INFO - Started process (PID=5708) to work on /home/airflow/.local/lib/python3.8/site-packages/airflow/example_dags/example_short_circuit_operator.py
[2025-06-28T04:43:46.510+0000] {processor.py:830} INFO - Processing file /home/airflow/.local/lib/python3.8/site-packages/airflow/example_dags/example_short_circuit_operator.py for tasks to queue
[2025-06-28T04:43:46.511+0000] {logging_mixin.py:188} INFO - [2025-06-28T04:43:46.511+0000] {dagbag.py:538} INFO - Filling up the DagBag from /home/airflow/.local/lib/python3.8/site-packages/airflow/example_dags/example_short_circuit_operator.py
[2025-06-28T04:43:46.515+0000] {processor.py:840} INFO - DAG(s) 'example_short_circuit_operator' retrieved from /home/airflow/.local/lib/python3.8/site-packages/airflow/example_dags/example_short_circuit_operator.py
[2025-06-28T04:43:46.529+0000] {logging_mixin.py:188} INFO - [2025-06-28T04:43:46.529+0000] {dag.py:3036} INFO - Sync 1 DAGs
[2025-06-28T04:43:46.544+0000] {logging_mixin.py:188} INFO - [2025-06-28T04:43:46.544+0000] {dag.py:3823} INFO - Setting next_dagrun for example_short_circuit_operator to 2025-06-27 00:00:00+00:00, run_after=2025-06-28 00:00:00+00:00
[2025-06-28T04:43:46.557+0000] {processor.py:183} INFO - Processing /home/airflow/.local/lib/python3.8/site-packages/airflow/example_dags/example_short_circuit_operator.py took 0.049 seconds
[2025-06-28T04:44:16.953+0000] {processor.py:161} INFO - Started process (PID=5960) to work on /home/airflow/.local/lib/python3.8/site-packages/airflow/example_dags/example_short_circuit_operator.py
[2025-06-28T04:44:16.954+0000] {processor.py:830} INFO - Processing file /home/airflow/.local/lib/python3.8/site-packages/airflow/example_dags/example_short_circuit_operator.py for tasks to queue
[2025-06-28T04:44:16.955+0000] {logging_mixin.py:188} INFO - [2025-06-28T04:44:16.955+0000] {dagbag.py:538} INFO - Filling up the DagBag from /home/airflow/.local/lib/python3.8/site-packages/airflow/example_dags/example_short_circuit_operator.py
[2025-06-28T04:44:16.962+0000] {processor.py:840} INFO - DAG(s) 'example_short_circuit_operator' retrieved from /home/airflow/.local/lib/python3.8/site-packages/airflow/example_dags/example_short_circuit_operator.py
[2025-06-28T04:44:16.975+0000] {logging_mixin.py:188} INFO - [2025-06-28T04:44:16.974+0000] {dag.py:3036} INFO - Sync 1 DAGs
[2025-06-28T04:44:16.986+0000] {logging_mixin.py:188} INFO - [2025-06-28T04:44:16.985+0000] {dag.py:3823} INFO - Setting next_dagrun for example_short_circuit_operator to 2025-06-27 00:00:00+00:00, run_after=2025-06-28 00:00:00+00:00
[2025-06-28T04:44:16.997+0000] {processor.py:183} INFO - Processing /home/airflow/.local/lib/python3.8/site-packages/airflow/example_dags/example_short_circuit_operator.py took 0.045 seconds
[2025-06-28T04:44:47.270+0000] {processor.py:161} INFO - Started process (PID=6208) to work on /home/airflow/.local/lib/python3.8/site-packages/airflow/example_dags/example_short_circuit_operator.py
[2025-06-28T04:44:47.270+0000] {processor.py:830} INFO - Processing file /home/airflow/.local/lib/python3.8/site-packages/airflow/example_dags/example_short_circuit_operator.py for tasks to queue
[2025-06-28T04:44:47.271+0000] {logging_mixin.py:188} INFO - [2025-06-28T04:44:47.271+0000] {dagbag.py:538} INFO - Filling up the DagBag from /home/airflow/.local/lib/python3.8/site-packages/airflow/example_dags/example_short_circuit_operator.py
[2025-06-28T04:44:47.276+0000] {processor.py:840} INFO - DAG(s) 'example_short_circuit_operator' retrieved from /home/airflow/.local/lib/python3.8/site-packages/airflow/example_dags/example_short_circuit_operator.py
[2025-06-28T04:44:47.296+0000] {logging_mixin.py:188} INFO - [2025-06-28T04:44:47.295+0000] {dag.py:3036} INFO - Sync 1 DAGs
[2025-06-28T04:44:47.312+0000] {logging_mixin.py:188} INFO - [2025-06-28T04:44:47.312+0000] {dag.py:3823} INFO - Setting next_dagrun for example_short_circuit_operator to 2025-06-27 00:00:00+00:00, run_after=2025-06-28 00:00:00+00:00
[2025-06-28T04:44:47.326+0000] {processor.py:183} INFO - Processing /home/airflow/.local/lib/python3.8/site-packages/airflow/example_dags/example_short_circuit_operator.py took 0.058 seconds
[2025-06-28T04:45:17.483+0000] {processor.py:161} INFO - Started process (PID=6460) to work on /home/airflow/.local/lib/python3.8/site-packages/airflow/example_dags/example_short_circuit_operator.py
[2025-06-28T04:45:17.484+0000] {processor.py:830} INFO - Processing file /home/airflow/.local/lib/python3.8/site-packages/airflow/example_dags/example_short_circuit_operator.py for tasks to queue
[2025-06-28T04:45:17.485+0000] {logging_mixin.py:188} INFO - [2025-06-28T04:45:17.485+0000] {dagbag.py:538} INFO - Filling up the DagBag from /home/airflow/.local/lib/python3.8/site-packages/airflow/example_dags/example_short_circuit_operator.py
[2025-06-28T04:45:17.489+0000] {processor.py:840} INFO - DAG(s) 'example_short_circuit_operator' retrieved from /home/airflow/.local/lib/python3.8/site-packages/airflow/example_dags/example_short_circuit_operator.py
[2025-06-28T04:45:17.504+0000] {logging_mixin.py:188} INFO - [2025-06-28T04:45:17.504+0000] {dag.py:3036} INFO - Sync 1 DAGs
[2025-06-28T04:45:17.516+0000] {logging_mixin.py:188} INFO - [2025-06-28T04:45:17.516+0000] {dag.py:3823} INFO - Setting next_dagrun for example_short_circuit_operator to 2025-06-27 00:00:00+00:00, run_after=2025-06-28 00:00:00+00:00
[2025-06-28T04:45:17.530+0000] {processor.py:183} INFO - Processing /home/airflow/.local/lib/python3.8/site-packages/airflow/example_dags/example_short_circuit_operator.py took 0.049 seconds
[2025-06-28T04:45:47.781+0000] {processor.py:161} INFO - Started process (PID=6710) to work on /home/airflow/.local/lib/python3.8/site-packages/airflow/example_dags/example_short_circuit_operator.py
[2025-06-28T04:45:47.782+0000] {processor.py:830} INFO - Processing file /home/airflow/.local/lib/python3.8/site-packages/airflow/example_dags/example_short_circuit_operator.py for tasks to queue
[2025-06-28T04:45:47.783+0000] {logging_mixin.py:188} INFO - [2025-06-28T04:45:47.783+0000] {dagbag.py:538} INFO - Filling up the DagBag from /home/airflow/.local/lib/python3.8/site-packages/airflow/example_dags/example_short_circuit_operator.py
[2025-06-28T04:45:47.789+0000] {processor.py:840} INFO - DAG(s) 'example_short_circuit_operator' retrieved from /home/airflow/.local/lib/python3.8/site-packages/airflow/example_dags/example_short_circuit_operator.py
[2025-06-28T04:45:47.804+0000] {logging_mixin.py:188} INFO - [2025-06-28T04:45:47.804+0000] {dag.py:3036} INFO - Sync 1 DAGs
[2025-06-28T04:45:47.817+0000] {logging_mixin.py:188} INFO - [2025-06-28T04:45:47.817+0000] {dag.py:3823} INFO - Setting next_dagrun for example_short_circuit_operator to 2025-06-27 00:00:00+00:00, run_after=2025-06-28 00:00:00+00:00
[2025-06-28T04:45:47.835+0000] {processor.py:183} INFO - Processing /home/airflow/.local/lib/python3.8/site-packages/airflow/example_dags/example_short_circuit_operator.py took 0.057 seconds
[2025-06-28T04:46:18.158+0000] {processor.py:161} INFO - Started process (PID=6960) to work on /home/airflow/.local/lib/python3.8/site-packages/airflow/example_dags/example_short_circuit_operator.py
[2025-06-28T04:46:18.159+0000] {processor.py:830} INFO - Processing file /home/airflow/.local/lib/python3.8/site-packages/airflow/example_dags/example_short_circuit_operator.py for tasks to queue
[2025-06-28T04:46:18.160+0000] {logging_mixin.py:188} INFO - [2025-06-28T04:46:18.160+0000] {dagbag.py:538} INFO - Filling up the DagBag from /home/airflow/.local/lib/python3.8/site-packages/airflow/example_dags/example_short_circuit_operator.py
[2025-06-28T04:46:18.164+0000] {processor.py:840} INFO - DAG(s) 'example_short_circuit_operator' retrieved from /home/airflow/.local/lib/python3.8/site-packages/airflow/example_dags/example_short_circuit_operator.py
[2025-06-28T04:46:18.177+0000] {logging_mixin.py:188} INFO - [2025-06-28T04:46:18.177+0000] {dag.py:3036} INFO - Sync 1 DAGs
[2025-06-28T04:46:18.190+0000] {logging_mixin.py:188} INFO - [2025-06-28T04:46:18.190+0000] {dag.py:3823} INFO - Setting next_dagrun for example_short_circuit_operator to 2025-06-27 00:00:00+00:00, run_after=2025-06-28 00:00:00+00:00
[2025-06-28T04:46:18.203+0000] {processor.py:183} INFO - Processing /home/airflow/.local/lib/python3.8/site-packages/airflow/example_dags/example_short_circuit_operator.py took 0.048 seconds
[2025-06-28T04:46:48.561+0000] {processor.py:161} INFO - Started process (PID=7208) to work on /home/airflow/.local/lib/python3.8/site-packages/airflow/example_dags/example_short_circuit_operator.py
[2025-06-28T04:46:48.562+0000] {processor.py:830} INFO - Processing file /home/airflow/.local/lib/python3.8/site-packages/airflow/example_dags/example_short_circuit_operator.py for tasks to queue
[2025-06-28T04:46:48.565+0000] {logging_mixin.py:188} INFO - [2025-06-28T04:46:48.565+0000] {dagbag.py:538} INFO - Filling up the DagBag from /home/airflow/.local/lib/python3.8/site-packages/airflow/example_dags/example_short_circuit_operator.py
[2025-06-28T04:46:48.582+0000] {processor.py:840} INFO - DAG(s) 'example_short_circuit_operator' retrieved from /home/airflow/.local/lib/python3.8/site-packages/airflow/example_dags/example_short_circuit_operator.py
[2025-06-28T04:46:48.649+0000] {logging_mixin.py:188} INFO - [2025-06-28T04:46:48.647+0000] {dag.py:3036} INFO - Sync 1 DAGs
[2025-06-28T04:46:48.702+0000] {logging_mixin.py:188} INFO - [2025-06-28T04:46:48.702+0000] {dag.py:3823} INFO - Setting next_dagrun for example_short_circuit_operator to 2025-06-27 00:00:00+00:00, run_after=2025-06-28 00:00:00+00:00
[2025-06-28T04:46:48.742+0000] {processor.py:183} INFO - Processing /home/airflow/.local/lib/python3.8/site-packages/airflow/example_dags/example_short_circuit_operator.py took 0.185 seconds
[2025-06-28T04:47:19.214+0000] {processor.py:161} INFO - Started process (PID=7460) to work on /home/airflow/.local/lib/python3.8/site-packages/airflow/example_dags/example_short_circuit_operator.py
[2025-06-28T04:47:19.215+0000] {processor.py:830} INFO - Processing file /home/airflow/.local/lib/python3.8/site-packages/airflow/example_dags/example_short_circuit_operator.py for tasks to queue
[2025-06-28T04:47:19.216+0000] {logging_mixin.py:188} INFO - [2025-06-28T04:47:19.215+0000] {dagbag.py:538} INFO - Filling up the DagBag from /home/airflow/.local/lib/python3.8/site-packages/airflow/example_dags/example_short_circuit_operator.py
[2025-06-28T04:47:19.220+0000] {processor.py:840} INFO - DAG(s) 'example_short_circuit_operator' retrieved from /home/airflow/.local/lib/python3.8/site-packages/airflow/example_dags/example_short_circuit_operator.py
[2025-06-28T04:47:19.234+0000] {logging_mixin.py:188} INFO - [2025-06-28T04:47:19.234+0000] {dag.py:3036} INFO - Sync 1 DAGs
[2025-06-28T04:47:19.246+0000] {logging_mixin.py:188} INFO - [2025-06-28T04:47:19.246+0000] {dag.py:3823} INFO - Setting next_dagrun for example_short_circuit_operator to 2025-06-27 00:00:00+00:00, run_after=2025-06-28 00:00:00+00:00
[2025-06-28T04:47:19.261+0000] {processor.py:183} INFO - Processing /home/airflow/.local/lib/python3.8/site-packages/airflow/example_dags/example_short_circuit_operator.py took 0.049 seconds
[2025-06-28T04:47:49.476+0000] {processor.py:161} INFO - Started process (PID=7710) to work on /home/airflow/.local/lib/python3.8/site-packages/airflow/example_dags/example_short_circuit_operator.py
[2025-06-28T04:47:49.477+0000] {processor.py:830} INFO - Processing file /home/airflow/.local/lib/python3.8/site-packages/airflow/example_dags/example_short_circuit_operator.py for tasks to queue
[2025-06-28T04:47:49.478+0000] {logging_mixin.py:188} INFO - [2025-06-28T04:47:49.477+0000] {dagbag.py:538} INFO - Filling up the DagBag from /home/airflow/.local/lib/python3.8/site-packages/airflow/example_dags/example_short_circuit_operator.py
[2025-06-28T04:47:49.481+0000] {processor.py:840} INFO - DAG(s) 'example_short_circuit_operator' retrieved from /home/airflow/.local/lib/python3.8/site-packages/airflow/example_dags/example_short_circuit_operator.py
[2025-06-28T04:47:49.496+0000] {logging_mixin.py:188} INFO - [2025-06-28T04:47:49.496+0000] {dag.py:3036} INFO - Sync 1 DAGs
[2025-06-28T04:47:49.512+0000] {logging_mixin.py:188} INFO - [2025-06-28T04:47:49.512+0000] {dag.py:3823} INFO - Setting next_dagrun for example_short_circuit_operator to 2025-06-27 00:00:00+00:00, run_after=2025-06-28 00:00:00+00:00
[2025-06-28T04:47:49.525+0000] {processor.py:183} INFO - Processing /home/airflow/.local/lib/python3.8/site-packages/airflow/example_dags/example_short_circuit_operator.py took 0.051 seconds
[2025-06-28T04:48:20.527+0000] {processor.py:161} INFO - Started process (PID=7958) to work on /home/airflow/.local/lib/python3.8/site-packages/airflow/example_dags/example_short_circuit_operator.py
[2025-06-28T04:48:20.528+0000] {processor.py:830} INFO - Processing file /home/airflow/.local/lib/python3.8/site-packages/airflow/example_dags/example_short_circuit_operator.py for tasks to queue
[2025-06-28T04:48:20.528+0000] {logging_mixin.py:188} INFO - [2025-06-28T04:48:20.528+0000] {dagbag.py:538} INFO - Filling up the DagBag from /home/airflow/.local/lib/python3.8/site-packages/airflow/example_dags/example_short_circuit_operator.py
[2025-06-28T04:48:20.532+0000] {processor.py:840} INFO - DAG(s) 'example_short_circuit_operator' retrieved from /home/airflow/.local/lib/python3.8/site-packages/airflow/example_dags/example_short_circuit_operator.py
[2025-06-28T04:48:20.549+0000] {logging_mixin.py:188} INFO - [2025-06-28T04:48:20.549+0000] {dag.py:3036} INFO - Sync 1 DAGs
[2025-06-28T04:48:20.561+0000] {logging_mixin.py:188} INFO - [2025-06-28T04:48:20.561+0000] {dag.py:3823} INFO - Setting next_dagrun for example_short_circuit_operator to 2025-06-27 00:00:00+00:00, run_after=2025-06-28 00:00:00+00:00
[2025-06-28T04:48:20.572+0000] {processor.py:183} INFO - Processing /home/airflow/.local/lib/python3.8/site-packages/airflow/example_dags/example_short_circuit_operator.py took 0.046 seconds
