[2025-06-28T04:32:38.835+0000] {processor.py:161} INFO - Started process (PID=263) to work on /home/airflow/.local/lib/python3.8/site-packages/airflow/example_dags/example_setup_teardown_taskflow.py
[2025-06-28T04:32:38.836+0000] {processor.py:830} INFO - Processing file /home/airflow/.local/lib/python3.8/site-packages/airflow/example_dags/example_setup_teardown_taskflow.py for tasks to queue
[2025-06-28T04:32:38.838+0000] {logging_mixin.py:188} INFO - [2025-06-28T04:32:38.838+0000] {dagbag.py:538} INFO - Filling up the DagBag from /home/airflow/.local/lib/python3.8/site-packages/airflow/example_dags/example_setup_teardown_taskflow.py
[2025-06-28T04:32:38.854+0000] {processor.py:840} INFO - DAG(s) 'example_setup_teardown_taskflow' retrieved from /home/airflow/.local/lib/python3.8/site-packages/airflow/example_dags/example_setup_teardown_taskflow.py
[2025-06-28T04:32:38.868+0000] {logging_mixin.py:188} INFO - [2025-06-28T04:32:38.868+0000] {dag.py:3036} INFO - Sync 1 DAGs
[2025-06-28T04:32:38.900+0000] {logging_mixin.py:188} INFO - [2025-06-28T04:32:38.900+0000] {dag.py:3823} INFO - Setting next_dagrun for example_setup_teardown_taskflow to 2025-06-27 00:00:00+00:00, run_after=2025-06-28 00:00:00+00:00
[2025-06-28T04:32:38.922+0000] {processor.py:183} INFO - Processing /home/airflow/.local/lib/python3.8/site-packages/airflow/example_dags/example_setup_teardown_taskflow.py took 0.091 seconds
[2025-06-28T04:33:09.921+0000] {processor.py:161} INFO - Started process (PID=513) to work on /home/airflow/.local/lib/python3.8/site-packages/airflow/example_dags/example_setup_teardown_taskflow.py
[2025-06-28T04:33:09.923+0000] {processor.py:830} INFO - Processing file /home/airflow/.local/lib/python3.8/site-packages/airflow/example_dags/example_setup_teardown_taskflow.py for tasks to queue
[2025-06-28T04:33:09.926+0000] {logging_mixin.py:188} INFO - [2025-06-28T04:33:09.925+0000] {dagbag.py:538} INFO - Filling up the DagBag from /home/airflow/.local/lib/python3.8/site-packages/airflow/example_dags/example_setup_teardown_taskflow.py
[2025-06-28T04:33:09.931+0000] {processor.py:840} INFO - DAG(s) 'example_setup_teardown_taskflow' retrieved from /home/airflow/.local/lib/python3.8/site-packages/airflow/example_dags/example_setup_teardown_taskflow.py
[2025-06-28T04:33:09.994+0000] {logging_mixin.py:188} INFO - [2025-06-28T04:33:09.993+0000] {dag.py:3036} INFO - Sync 1 DAGs
[2025-06-28T04:33:10.009+0000] {logging_mixin.py:188} INFO - [2025-06-28T04:33:10.009+0000] {dag.py:3823} INFO - Setting next_dagrun for example_setup_teardown_taskflow to 2025-06-27 00:00:00+00:00, run_after=2025-06-28 00:00:00+00:00
[2025-06-28T04:33:10.027+0000] {processor.py:183} INFO - Processing /home/airflow/.local/lib/python3.8/site-packages/airflow/example_dags/example_setup_teardown_taskflow.py took 0.108 seconds
[2025-06-28T04:33:40.335+0000] {processor.py:161} INFO - Started process (PID=765) to work on /home/airflow/.local/lib/python3.8/site-packages/airflow/example_dags/example_setup_teardown_taskflow.py
[2025-06-28T04:33:40.335+0000] {processor.py:830} INFO - Processing file /home/airflow/.local/lib/python3.8/site-packages/airflow/example_dags/example_setup_teardown_taskflow.py for tasks to queue
[2025-06-28T04:33:40.336+0000] {logging_mixin.py:188} INFO - [2025-06-28T04:33:40.336+0000] {dagbag.py:538} INFO - Filling up the DagBag from /home/airflow/.local/lib/python3.8/site-packages/airflow/example_dags/example_setup_teardown_taskflow.py
[2025-06-28T04:33:40.341+0000] {processor.py:840} INFO - DAG(s) 'example_setup_teardown_taskflow' retrieved from /home/airflow/.local/lib/python3.8/site-packages/airflow/example_dags/example_setup_teardown_taskflow.py
[2025-06-28T04:33:40.357+0000] {logging_mixin.py:188} INFO - [2025-06-28T04:33:40.356+0000] {dag.py:3036} INFO - Sync 1 DAGs
[2025-06-28T04:33:40.375+0000] {logging_mixin.py:188} INFO - [2025-06-28T04:33:40.375+0000] {dag.py:3823} INFO - Setting next_dagrun for example_setup_teardown_taskflow to 2025-06-27 00:00:00+00:00, run_after=2025-06-28 00:00:00+00:00
[2025-06-28T04:33:40.390+0000] {processor.py:183} INFO - Processing /home/airflow/.local/lib/python3.8/site-packages/airflow/example_dags/example_setup_teardown_taskflow.py took 0.057 seconds
[2025-06-28T04:34:10.835+0000] {processor.py:161} INFO - Started process (PID=1013) to work on /home/airflow/.local/lib/python3.8/site-packages/airflow/example_dags/example_setup_teardown_taskflow.py
[2025-06-28T04:34:10.836+0000] {processor.py:830} INFO - Processing file /home/airflow/.local/lib/python3.8/site-packages/airflow/example_dags/example_setup_teardown_taskflow.py for tasks to queue
[2025-06-28T04:34:10.837+0000] {logging_mixin.py:188} INFO - [2025-06-28T04:34:10.837+0000] {dagbag.py:538} INFO - Filling up the DagBag from /home/airflow/.local/lib/python3.8/site-packages/airflow/example_dags/example_setup_teardown_taskflow.py
[2025-06-28T04:34:10.845+0000] {processor.py:840} INFO - DAG(s) 'example_setup_teardown_taskflow' retrieved from /home/airflow/.local/lib/python3.8/site-packages/airflow/example_dags/example_setup_teardown_taskflow.py
[2025-06-28T04:34:10.862+0000] {logging_mixin.py:188} INFO - [2025-06-28T04:34:10.861+0000] {dag.py:3036} INFO - Sync 1 DAGs
[2025-06-28T04:34:10.885+0000] {logging_mixin.py:188} INFO - [2025-06-28T04:34:10.885+0000] {dag.py:3823} INFO - Setting next_dagrun for example_setup_teardown_taskflow to 2025-06-27 00:00:00+00:00, run_after=2025-06-28 00:00:00+00:00
[2025-06-28T04:34:10.902+0000] {processor.py:183} INFO - Processing /home/airflow/.local/lib/python3.8/site-packages/airflow/example_dags/example_setup_teardown_taskflow.py took 0.070 seconds
[2025-06-28T04:34:41.115+0000] {processor.py:161} INFO - Started process (PID=1263) to work on /home/airflow/.local/lib/python3.8/site-packages/airflow/example_dags/example_setup_teardown_taskflow.py
[2025-06-28T04:34:41.115+0000] {processor.py:830} INFO - Processing file /home/airflow/.local/lib/python3.8/site-packages/airflow/example_dags/example_setup_teardown_taskflow.py for tasks to queue
[2025-06-28T04:34:41.116+0000] {logging_mixin.py:188} INFO - [2025-06-28T04:34:41.116+0000] {dagbag.py:538} INFO - Filling up the DagBag from /home/airflow/.local/lib/python3.8/site-packages/airflow/example_dags/example_setup_teardown_taskflow.py
[2025-06-28T04:34:41.121+0000] {processor.py:840} INFO - DAG(s) 'example_setup_teardown_taskflow' retrieved from /home/airflow/.local/lib/python3.8/site-packages/airflow/example_dags/example_setup_teardown_taskflow.py
[2025-06-28T04:34:41.140+0000] {logging_mixin.py:188} INFO - [2025-06-28T04:34:41.140+0000] {dag.py:3036} INFO - Sync 1 DAGs
[2025-06-28T04:34:41.154+0000] {logging_mixin.py:188} INFO - [2025-06-28T04:34:41.154+0000] {dag.py:3823} INFO - Setting next_dagrun for example_setup_teardown_taskflow to 2025-06-27 00:00:00+00:00, run_after=2025-06-28 00:00:00+00:00
[2025-06-28T04:34:41.169+0000] {processor.py:183} INFO - Processing /home/airflow/.local/lib/python3.8/site-packages/airflow/example_dags/example_setup_teardown_taskflow.py took 0.056 seconds
[2025-06-28T04:35:11.569+0000] {processor.py:161} INFO - Started process (PID=1513) to work on /home/airflow/.local/lib/python3.8/site-packages/airflow/example_dags/example_setup_teardown_taskflow.py
[2025-06-28T04:35:11.571+0000] {processor.py:830} INFO - Processing file /home/airflow/.local/lib/python3.8/site-packages/airflow/example_dags/example_setup_teardown_taskflow.py for tasks to queue
[2025-06-28T04:35:11.573+0000] {logging_mixin.py:188} INFO - [2025-06-28T04:35:11.573+0000] {dagbag.py:538} INFO - Filling up the DagBag from /home/airflow/.local/lib/python3.8/site-packages/airflow/example_dags/example_setup_teardown_taskflow.py
[2025-06-28T04:35:11.580+0000] {processor.py:840} INFO - DAG(s) 'example_setup_teardown_taskflow' retrieved from /home/airflow/.local/lib/python3.8/site-packages/airflow/example_dags/example_setup_teardown_taskflow.py
[2025-06-28T04:35:11.599+0000] {logging_mixin.py:188} INFO - [2025-06-28T04:35:11.599+0000] {dag.py:3036} INFO - Sync 1 DAGs
[2025-06-28T04:35:11.616+0000] {logging_mixin.py:188} INFO - [2025-06-28T04:35:11.615+0000] {dag.py:3823} INFO - Setting next_dagrun for example_setup_teardown_taskflow to 2025-06-27 00:00:00+00:00, run_after=2025-06-28 00:00:00+00:00
[2025-06-28T04:35:11.632+0000] {processor.py:183} INFO - Processing /home/airflow/.local/lib/python3.8/site-packages/airflow/example_dags/example_setup_teardown_taskflow.py took 0.067 seconds
[2025-06-28T04:35:42.173+0000] {processor.py:161} INFO - Started process (PID=1763) to work on /home/airflow/.local/lib/python3.8/site-packages/airflow/example_dags/example_setup_teardown_taskflow.py
[2025-06-28T04:35:42.174+0000] {processor.py:830} INFO - Processing file /home/airflow/.local/lib/python3.8/site-packages/airflow/example_dags/example_setup_teardown_taskflow.py for tasks to queue
[2025-06-28T04:35:42.175+0000] {logging_mixin.py:188} INFO - [2025-06-28T04:35:42.175+0000] {dagbag.py:538} INFO - Filling up the DagBag from /home/airflow/.local/lib/python3.8/site-packages/airflow/example_dags/example_setup_teardown_taskflow.py
[2025-06-28T04:35:42.183+0000] {processor.py:840} INFO - DAG(s) 'example_setup_teardown_taskflow' retrieved from /home/airflow/.local/lib/python3.8/site-packages/airflow/example_dags/example_setup_teardown_taskflow.py
[2025-06-28T04:35:42.202+0000] {logging_mixin.py:188} INFO - [2025-06-28T04:35:42.201+0000] {dag.py:3036} INFO - Sync 1 DAGs
[2025-06-28T04:35:42.220+0000] {logging_mixin.py:188} INFO - [2025-06-28T04:35:42.219+0000] {dag.py:3823} INFO - Setting next_dagrun for example_setup_teardown_taskflow to 2025-06-27 00:00:00+00:00, run_after=2025-06-28 00:00:00+00:00
[2025-06-28T04:35:42.233+0000] {processor.py:183} INFO - Processing /home/airflow/.local/lib/python3.8/site-packages/airflow/example_dags/example_setup_teardown_taskflow.py took 0.062 seconds
[2025-06-28T04:36:12.700+0000] {processor.py:161} INFO - Started process (PID=2013) to work on /home/airflow/.local/lib/python3.8/site-packages/airflow/example_dags/example_setup_teardown_taskflow.py
[2025-06-28T04:36:12.701+0000] {processor.py:830} INFO - Processing file /home/airflow/.local/lib/python3.8/site-packages/airflow/example_dags/example_setup_teardown_taskflow.py for tasks to queue
[2025-06-28T04:36:12.702+0000] {logging_mixin.py:188} INFO - [2025-06-28T04:36:12.702+0000] {dagbag.py:538} INFO - Filling up the DagBag from /home/airflow/.local/lib/python3.8/site-packages/airflow/example_dags/example_setup_teardown_taskflow.py
[2025-06-28T04:36:12.709+0000] {processor.py:840} INFO - DAG(s) 'example_setup_teardown_taskflow' retrieved from /home/airflow/.local/lib/python3.8/site-packages/airflow/example_dags/example_setup_teardown_taskflow.py
[2025-06-28T04:36:12.723+0000] {logging_mixin.py:188} INFO - [2025-06-28T04:36:12.722+0000] {dag.py:3036} INFO - Sync 1 DAGs
[2025-06-28T04:36:12.737+0000] {logging_mixin.py:188} INFO - [2025-06-28T04:36:12.736+0000] {dag.py:3823} INFO - Setting next_dagrun for example_setup_teardown_taskflow to 2025-06-27 00:00:00+00:00, run_after=2025-06-28 00:00:00+00:00
[2025-06-28T04:36:12.749+0000] {processor.py:183} INFO - Processing /home/airflow/.local/lib/python3.8/site-packages/airflow/example_dags/example_setup_teardown_taskflow.py took 0.051 seconds
[2025-06-28T04:36:42.940+0000] {processor.py:161} INFO - Started process (PID=2263) to work on /home/airflow/.local/lib/python3.8/site-packages/airflow/example_dags/example_setup_teardown_taskflow.py
[2025-06-28T04:36:42.941+0000] {processor.py:830} INFO - Processing file /home/airflow/.local/lib/python3.8/site-packages/airflow/example_dags/example_setup_teardown_taskflow.py for tasks to queue
[2025-06-28T04:36:42.943+0000] {logging_mixin.py:188} INFO - [2025-06-28T04:36:42.942+0000] {dagbag.py:538} INFO - Filling up the DagBag from /home/airflow/.local/lib/python3.8/site-packages/airflow/example_dags/example_setup_teardown_taskflow.py
[2025-06-28T04:36:42.950+0000] {processor.py:840} INFO - DAG(s) 'example_setup_teardown_taskflow' retrieved from /home/airflow/.local/lib/python3.8/site-packages/airflow/example_dags/example_setup_teardown_taskflow.py
[2025-06-28T04:36:42.968+0000] {logging_mixin.py:188} INFO - [2025-06-28T04:36:42.968+0000] {dag.py:3036} INFO - Sync 1 DAGs
[2025-06-28T04:36:42.986+0000] {logging_mixin.py:188} INFO - [2025-06-28T04:36:42.986+0000] {dag.py:3823} INFO - Setting next_dagrun for example_setup_teardown_taskflow to 2025-06-27 00:00:00+00:00, run_after=2025-06-28 00:00:00+00:00
[2025-06-28T04:36:43.004+0000] {processor.py:183} INFO - Processing /home/airflow/.local/lib/python3.8/site-packages/airflow/example_dags/example_setup_teardown_taskflow.py took 0.067 seconds
[2025-06-28T04:37:13.036+0000] {processor.py:161} INFO - Started process (PID=2514) to work on /home/airflow/.local/lib/python3.8/site-packages/airflow/example_dags/example_setup_teardown_taskflow.py
[2025-06-28T04:37:13.037+0000] {processor.py:830} INFO - Processing file /home/airflow/.local/lib/python3.8/site-packages/airflow/example_dags/example_setup_teardown_taskflow.py for tasks to queue
[2025-06-28T04:37:13.038+0000] {logging_mixin.py:188} INFO - [2025-06-28T04:37:13.038+0000] {dagbag.py:538} INFO - Filling up the DagBag from /home/airflow/.local/lib/python3.8/site-packages/airflow/example_dags/example_setup_teardown_taskflow.py
[2025-06-28T04:37:13.042+0000] {processor.py:840} INFO - DAG(s) 'example_setup_teardown_taskflow' retrieved from /home/airflow/.local/lib/python3.8/site-packages/airflow/example_dags/example_setup_teardown_taskflow.py
[2025-06-28T04:37:13.056+0000] {logging_mixin.py:188} INFO - [2025-06-28T04:37:13.056+0000] {dag.py:3036} INFO - Sync 1 DAGs
[2025-06-28T04:37:13.068+0000] {logging_mixin.py:188} INFO - [2025-06-28T04:37:13.068+0000] {dag.py:3823} INFO - Setting next_dagrun for example_setup_teardown_taskflow to 2025-06-27 00:00:00+00:00, run_after=2025-06-28 00:00:00+00:00
[2025-06-28T04:37:13.080+0000] {processor.py:183} INFO - Processing /home/airflow/.local/lib/python3.8/site-packages/airflow/example_dags/example_setup_teardown_taskflow.py took 0.045 seconds
[2025-06-28T04:37:43.283+0000] {processor.py:161} INFO - Started process (PID=2763) to work on /home/airflow/.local/lib/python3.8/site-packages/airflow/example_dags/example_setup_teardown_taskflow.py
[2025-06-28T04:37:43.284+0000] {processor.py:830} INFO - Processing file /home/airflow/.local/lib/python3.8/site-packages/airflow/example_dags/example_setup_teardown_taskflow.py for tasks to queue
[2025-06-28T04:37:43.285+0000] {logging_mixin.py:188} INFO - [2025-06-28T04:37:43.285+0000] {dagbag.py:538} INFO - Filling up the DagBag from /home/airflow/.local/lib/python3.8/site-packages/airflow/example_dags/example_setup_teardown_taskflow.py
[2025-06-28T04:37:43.292+0000] {processor.py:840} INFO - DAG(s) 'example_setup_teardown_taskflow' retrieved from /home/airflow/.local/lib/python3.8/site-packages/airflow/example_dags/example_setup_teardown_taskflow.py
[2025-06-28T04:37:43.310+0000] {logging_mixin.py:188} INFO - [2025-06-28T04:37:43.310+0000] {dag.py:3036} INFO - Sync 1 DAGs
[2025-06-28T04:37:43.328+0000] {logging_mixin.py:188} INFO - [2025-06-28T04:37:43.328+0000] {dag.py:3823} INFO - Setting next_dagrun for example_setup_teardown_taskflow to 2025-06-27 00:00:00+00:00, run_after=2025-06-28 00:00:00+00:00
[2025-06-28T04:37:43.342+0000] {processor.py:183} INFO - Processing /home/airflow/.local/lib/python3.8/site-packages/airflow/example_dags/example_setup_teardown_taskflow.py took 0.061 seconds
[2025-06-28T04:38:13.500+0000] {processor.py:161} INFO - Started process (PID=3013) to work on /home/airflow/.local/lib/python3.8/site-packages/airflow/example_dags/example_setup_teardown_taskflow.py
[2025-06-28T04:38:13.500+0000] {processor.py:830} INFO - Processing file /home/airflow/.local/lib/python3.8/site-packages/airflow/example_dags/example_setup_teardown_taskflow.py for tasks to queue
[2025-06-28T04:38:13.502+0000] {logging_mixin.py:188} INFO - [2025-06-28T04:38:13.501+0000] {dagbag.py:538} INFO - Filling up the DagBag from /home/airflow/.local/lib/python3.8/site-packages/airflow/example_dags/example_setup_teardown_taskflow.py
[2025-06-28T04:38:13.507+0000] {processor.py:840} INFO - DAG(s) 'example_setup_teardown_taskflow' retrieved from /home/airflow/.local/lib/python3.8/site-packages/airflow/example_dags/example_setup_teardown_taskflow.py
[2025-06-28T04:38:13.525+0000] {logging_mixin.py:188} INFO - [2025-06-28T04:38:13.525+0000] {dag.py:3036} INFO - Sync 1 DAGs
[2025-06-28T04:38:13.546+0000] {logging_mixin.py:188} INFO - [2025-06-28T04:38:13.546+0000] {dag.py:3823} INFO - Setting next_dagrun for example_setup_teardown_taskflow to 2025-06-27 00:00:00+00:00, run_after=2025-06-28 00:00:00+00:00
[2025-06-28T04:38:13.561+0000] {processor.py:183} INFO - Processing /home/airflow/.local/lib/python3.8/site-packages/airflow/example_dags/example_setup_teardown_taskflow.py took 0.063 seconds
[2025-06-28T04:38:43.792+0000] {processor.py:161} INFO - Started process (PID=3263) to work on /home/airflow/.local/lib/python3.8/site-packages/airflow/example_dags/example_setup_teardown_taskflow.py
[2025-06-28T04:38:43.792+0000] {processor.py:830} INFO - Processing file /home/airflow/.local/lib/python3.8/site-packages/airflow/example_dags/example_setup_teardown_taskflow.py for tasks to queue
[2025-06-28T04:38:43.793+0000] {logging_mixin.py:188} INFO - [2025-06-28T04:38:43.793+0000] {dagbag.py:538} INFO - Filling up the DagBag from /home/airflow/.local/lib/python3.8/site-packages/airflow/example_dags/example_setup_teardown_taskflow.py
[2025-06-28T04:38:43.804+0000] {processor.py:840} INFO - DAG(s) 'example_setup_teardown_taskflow' retrieved from /home/airflow/.local/lib/python3.8/site-packages/airflow/example_dags/example_setup_teardown_taskflow.py
[2025-06-28T04:38:43.825+0000] {logging_mixin.py:188} INFO - [2025-06-28T04:38:43.824+0000] {dag.py:3036} INFO - Sync 1 DAGs
[2025-06-28T04:38:43.840+0000] {logging_mixin.py:188} INFO - [2025-06-28T04:38:43.840+0000] {dag.py:3823} INFO - Setting next_dagrun for example_setup_teardown_taskflow to 2025-06-27 00:00:00+00:00, run_after=2025-06-28 00:00:00+00:00
[2025-06-28T04:38:43.857+0000] {processor.py:183} INFO - Processing /home/airflow/.local/lib/python3.8/site-packages/airflow/example_dags/example_setup_teardown_taskflow.py took 0.067 seconds
[2025-06-28T04:39:14.115+0000] {processor.py:161} INFO - Started process (PID=3513) to work on /home/airflow/.local/lib/python3.8/site-packages/airflow/example_dags/example_setup_teardown_taskflow.py
[2025-06-28T04:39:14.116+0000] {processor.py:830} INFO - Processing file /home/airflow/.local/lib/python3.8/site-packages/airflow/example_dags/example_setup_teardown_taskflow.py for tasks to queue
[2025-06-28T04:39:14.117+0000] {logging_mixin.py:188} INFO - [2025-06-28T04:39:14.117+0000] {dagbag.py:538} INFO - Filling up the DagBag from /home/airflow/.local/lib/python3.8/site-packages/airflow/example_dags/example_setup_teardown_taskflow.py
[2025-06-28T04:39:14.122+0000] {processor.py:840} INFO - DAG(s) 'example_setup_teardown_taskflow' retrieved from /home/airflow/.local/lib/python3.8/site-packages/airflow/example_dags/example_setup_teardown_taskflow.py
[2025-06-28T04:39:14.144+0000] {logging_mixin.py:188} INFO - [2025-06-28T04:39:14.143+0000] {dag.py:3036} INFO - Sync 1 DAGs
[2025-06-28T04:39:14.162+0000] {logging_mixin.py:188} INFO - [2025-06-28T04:39:14.162+0000] {dag.py:3823} INFO - Setting next_dagrun for example_setup_teardown_taskflow to 2025-06-27 00:00:00+00:00, run_after=2025-06-28 00:00:00+00:00
[2025-06-28T04:39:14.185+0000] {processor.py:183} INFO - Processing /home/airflow/.local/lib/python3.8/site-packages/airflow/example_dags/example_setup_teardown_taskflow.py took 0.071 seconds
[2025-06-28T04:39:44.346+0000] {processor.py:161} INFO - Started process (PID=3763) to work on /home/airflow/.local/lib/python3.8/site-packages/airflow/example_dags/example_setup_teardown_taskflow.py
[2025-06-28T04:39:44.347+0000] {processor.py:830} INFO - Processing file /home/airflow/.local/lib/python3.8/site-packages/airflow/example_dags/example_setup_teardown_taskflow.py for tasks to queue
[2025-06-28T04:39:44.348+0000] {logging_mixin.py:188} INFO - [2025-06-28T04:39:44.348+0000] {dagbag.py:538} INFO - Filling up the DagBag from /home/airflow/.local/lib/python3.8/site-packages/airflow/example_dags/example_setup_teardown_taskflow.py
[2025-06-28T04:39:44.357+0000] {processor.py:840} INFO - DAG(s) 'example_setup_teardown_taskflow' retrieved from /home/airflow/.local/lib/python3.8/site-packages/airflow/example_dags/example_setup_teardown_taskflow.py
[2025-06-28T04:39:44.372+0000] {logging_mixin.py:188} INFO - [2025-06-28T04:39:44.372+0000] {dag.py:3036} INFO - Sync 1 DAGs
[2025-06-28T04:39:44.385+0000] {logging_mixin.py:188} INFO - [2025-06-28T04:39:44.385+0000] {dag.py:3823} INFO - Setting next_dagrun for example_setup_teardown_taskflow to 2025-06-27 00:00:00+00:00, run_after=2025-06-28 00:00:00+00:00
[2025-06-28T04:39:44.400+0000] {processor.py:183} INFO - Processing /home/airflow/.local/lib/python3.8/site-packages/airflow/example_dags/example_setup_teardown_taskflow.py took 0.058 seconds
[2025-06-28T04:40:14.545+0000] {processor.py:161} INFO - Started process (PID=4013) to work on /home/airflow/.local/lib/python3.8/site-packages/airflow/example_dags/example_setup_teardown_taskflow.py
[2025-06-28T04:40:14.545+0000] {processor.py:830} INFO - Processing file /home/airflow/.local/lib/python3.8/site-packages/airflow/example_dags/example_setup_teardown_taskflow.py for tasks to queue
[2025-06-28T04:40:14.546+0000] {logging_mixin.py:188} INFO - [2025-06-28T04:40:14.546+0000] {dagbag.py:538} INFO - Filling up the DagBag from /home/airflow/.local/lib/python3.8/site-packages/airflow/example_dags/example_setup_teardown_taskflow.py
[2025-06-28T04:40:14.551+0000] {processor.py:840} INFO - DAG(s) 'example_setup_teardown_taskflow' retrieved from /home/airflow/.local/lib/python3.8/site-packages/airflow/example_dags/example_setup_teardown_taskflow.py
[2025-06-28T04:40:14.564+0000] {logging_mixin.py:188} INFO - [2025-06-28T04:40:14.563+0000] {dag.py:3036} INFO - Sync 1 DAGs
[2025-06-28T04:40:14.581+0000] {logging_mixin.py:188} INFO - [2025-06-28T04:40:14.581+0000] {dag.py:3823} INFO - Setting next_dagrun for example_setup_teardown_taskflow to 2025-06-27 00:00:00+00:00, run_after=2025-06-28 00:00:00+00:00
[2025-06-28T04:40:14.597+0000] {processor.py:183} INFO - Processing /home/airflow/.local/lib/python3.8/site-packages/airflow/example_dags/example_setup_teardown_taskflow.py took 0.054 seconds
[2025-06-28T04:40:44.949+0000] {processor.py:161} INFO - Started process (PID=4263) to work on /home/airflow/.local/lib/python3.8/site-packages/airflow/example_dags/example_setup_teardown_taskflow.py
[2025-06-28T04:40:44.950+0000] {processor.py:830} INFO - Processing file /home/airflow/.local/lib/python3.8/site-packages/airflow/example_dags/example_setup_teardown_taskflow.py for tasks to queue
[2025-06-28T04:40:44.951+0000] {logging_mixin.py:188} INFO - [2025-06-28T04:40:44.951+0000] {dagbag.py:538} INFO - Filling up the DagBag from /home/airflow/.local/lib/python3.8/site-packages/airflow/example_dags/example_setup_teardown_taskflow.py
[2025-06-28T04:40:44.957+0000] {processor.py:840} INFO - DAG(s) 'example_setup_teardown_taskflow' retrieved from /home/airflow/.local/lib/python3.8/site-packages/airflow/example_dags/example_setup_teardown_taskflow.py
[2025-06-28T04:40:44.973+0000] {logging_mixin.py:188} INFO - [2025-06-28T04:40:44.973+0000] {dag.py:3036} INFO - Sync 1 DAGs
[2025-06-28T04:40:44.987+0000] {logging_mixin.py:188} INFO - [2025-06-28T04:40:44.987+0000] {dag.py:3823} INFO - Setting next_dagrun for example_setup_teardown_taskflow to 2025-06-27 00:00:00+00:00, run_after=2025-06-28 00:00:00+00:00
[2025-06-28T04:40:45.001+0000] {processor.py:183} INFO - Processing /home/airflow/.local/lib/python3.8/site-packages/airflow/example_dags/example_setup_teardown_taskflow.py took 0.055 seconds
[2025-06-28T04:41:15.328+0000] {processor.py:161} INFO - Started process (PID=4515) to work on /home/airflow/.local/lib/python3.8/site-packages/airflow/example_dags/example_setup_teardown_taskflow.py
[2025-06-28T04:41:15.329+0000] {processor.py:830} INFO - Processing file /home/airflow/.local/lib/python3.8/site-packages/airflow/example_dags/example_setup_teardown_taskflow.py for tasks to queue
[2025-06-28T04:41:15.330+0000] {logging_mixin.py:188} INFO - [2025-06-28T04:41:15.330+0000] {dagbag.py:538} INFO - Filling up the DagBag from /home/airflow/.local/lib/python3.8/site-packages/airflow/example_dags/example_setup_teardown_taskflow.py
[2025-06-28T04:41:15.335+0000] {processor.py:840} INFO - DAG(s) 'example_setup_teardown_taskflow' retrieved from /home/airflow/.local/lib/python3.8/site-packages/airflow/example_dags/example_setup_teardown_taskflow.py
[2025-06-28T04:41:15.348+0000] {logging_mixin.py:188} INFO - [2025-06-28T04:41:15.347+0000] {dag.py:3036} INFO - Sync 1 DAGs
[2025-06-28T04:41:15.359+0000] {logging_mixin.py:188} INFO - [2025-06-28T04:41:15.359+0000] {dag.py:3823} INFO - Setting next_dagrun for example_setup_teardown_taskflow to 2025-06-27 00:00:00+00:00, run_after=2025-06-28 00:00:00+00:00
[2025-06-28T04:41:15.373+0000] {processor.py:183} INFO - Processing /home/airflow/.local/lib/python3.8/site-packages/airflow/example_dags/example_setup_teardown_taskflow.py took 0.046 seconds
[2025-06-28T04:41:45.696+0000] {processor.py:161} INFO - Started process (PID=4765) to work on /home/airflow/.local/lib/python3.8/site-packages/airflow/example_dags/example_setup_teardown_taskflow.py
[2025-06-28T04:41:45.696+0000] {processor.py:830} INFO - Processing file /home/airflow/.local/lib/python3.8/site-packages/airflow/example_dags/example_setup_teardown_taskflow.py for tasks to queue
[2025-06-28T04:41:45.698+0000] {logging_mixin.py:188} INFO - [2025-06-28T04:41:45.698+0000] {dagbag.py:538} INFO - Filling up the DagBag from /home/airflow/.local/lib/python3.8/site-packages/airflow/example_dags/example_setup_teardown_taskflow.py
[2025-06-28T04:41:45.702+0000] {processor.py:840} INFO - DAG(s) 'example_setup_teardown_taskflow' retrieved from /home/airflow/.local/lib/python3.8/site-packages/airflow/example_dags/example_setup_teardown_taskflow.py
[2025-06-28T04:41:45.717+0000] {logging_mixin.py:188} INFO - [2025-06-28T04:41:45.717+0000] {dag.py:3036} INFO - Sync 1 DAGs
[2025-06-28T04:41:45.733+0000] {logging_mixin.py:188} INFO - [2025-06-28T04:41:45.733+0000] {dag.py:3823} INFO - Setting next_dagrun for example_setup_teardown_taskflow to 2025-06-27 00:00:00+00:00, run_after=2025-06-28 00:00:00+00:00
[2025-06-28T04:41:45.744+0000] {processor.py:183} INFO - Processing /home/airflow/.local/lib/python3.8/site-packages/airflow/example_dags/example_setup_teardown_taskflow.py took 0.050 seconds
[2025-06-28T04:42:16.131+0000] {processor.py:161} INFO - Started process (PID=5013) to work on /home/airflow/.local/lib/python3.8/site-packages/airflow/example_dags/example_setup_teardown_taskflow.py
[2025-06-28T04:42:16.133+0000] {processor.py:830} INFO - Processing file /home/airflow/.local/lib/python3.8/site-packages/airflow/example_dags/example_setup_teardown_taskflow.py for tasks to queue
[2025-06-28T04:42:16.134+0000] {logging_mixin.py:188} INFO - [2025-06-28T04:42:16.134+0000] {dagbag.py:538} INFO - Filling up the DagBag from /home/airflow/.local/lib/python3.8/site-packages/airflow/example_dags/example_setup_teardown_taskflow.py
[2025-06-28T04:42:16.139+0000] {processor.py:840} INFO - DAG(s) 'example_setup_teardown_taskflow' retrieved from /home/airflow/.local/lib/python3.8/site-packages/airflow/example_dags/example_setup_teardown_taskflow.py
[2025-06-28T04:42:16.152+0000] {logging_mixin.py:188} INFO - [2025-06-28T04:42:16.152+0000] {dag.py:3036} INFO - Sync 1 DAGs
[2025-06-28T04:42:16.172+0000] {logging_mixin.py:188} INFO - [2025-06-28T04:42:16.172+0000] {dag.py:3823} INFO - Setting next_dagrun for example_setup_teardown_taskflow to 2025-06-27 00:00:00+00:00, run_after=2025-06-28 00:00:00+00:00
[2025-06-28T04:42:16.190+0000] {processor.py:183} INFO - Processing /home/airflow/.local/lib/python3.8/site-packages/airflow/example_dags/example_setup_teardown_taskflow.py took 0.061 seconds
[2025-06-28T04:42:46.338+0000] {processor.py:161} INFO - Started process (PID=5265) to work on /home/airflow/.local/lib/python3.8/site-packages/airflow/example_dags/example_setup_teardown_taskflow.py
[2025-06-28T04:42:46.339+0000] {processor.py:830} INFO - Processing file /home/airflow/.local/lib/python3.8/site-packages/airflow/example_dags/example_setup_teardown_taskflow.py for tasks to queue
[2025-06-28T04:42:46.339+0000] {logging_mixin.py:188} INFO - [2025-06-28T04:42:46.339+0000] {dagbag.py:538} INFO - Filling up the DagBag from /home/airflow/.local/lib/python3.8/site-packages/airflow/example_dags/example_setup_teardown_taskflow.py
[2025-06-28T04:42:46.344+0000] {processor.py:840} INFO - DAG(s) 'example_setup_teardown_taskflow' retrieved from /home/airflow/.local/lib/python3.8/site-packages/airflow/example_dags/example_setup_teardown_taskflow.py
[2025-06-28T04:42:46.355+0000] {logging_mixin.py:188} INFO - [2025-06-28T04:42:46.355+0000] {dag.py:3036} INFO - Sync 1 DAGs
[2025-06-28T04:42:46.368+0000] {logging_mixin.py:188} INFO - [2025-06-28T04:42:46.368+0000] {dag.py:3823} INFO - Setting next_dagrun for example_setup_teardown_taskflow to 2025-06-27 00:00:00+00:00, run_after=2025-06-28 00:00:00+00:00
[2025-06-28T04:42:46.379+0000] {processor.py:183} INFO - Processing /home/airflow/.local/lib/python3.8/site-packages/airflow/example_dags/example_setup_teardown_taskflow.py took 0.042 seconds
[2025-06-28T04:43:16.694+0000] {processor.py:161} INFO - Started process (PID=5513) to work on /home/airflow/.local/lib/python3.8/site-packages/airflow/example_dags/example_setup_teardown_taskflow.py
[2025-06-28T04:43:16.694+0000] {processor.py:830} INFO - Processing file /home/airflow/.local/lib/python3.8/site-packages/airflow/example_dags/example_setup_teardown_taskflow.py for tasks to queue
[2025-06-28T04:43:16.696+0000] {logging_mixin.py:188} INFO - [2025-06-28T04:43:16.695+0000] {dagbag.py:538} INFO - Filling up the DagBag from /home/airflow/.local/lib/python3.8/site-packages/airflow/example_dags/example_setup_teardown_taskflow.py
[2025-06-28T04:43:16.701+0000] {processor.py:840} INFO - DAG(s) 'example_setup_teardown_taskflow' retrieved from /home/airflow/.local/lib/python3.8/site-packages/airflow/example_dags/example_setup_teardown_taskflow.py
[2025-06-28T04:43:16.713+0000] {logging_mixin.py:188} INFO - [2025-06-28T04:43:16.713+0000] {dag.py:3036} INFO - Sync 1 DAGs
[2025-06-28T04:43:16.726+0000] {logging_mixin.py:188} INFO - [2025-06-28T04:43:16.726+0000] {dag.py:3823} INFO - Setting next_dagrun for example_setup_teardown_taskflow to 2025-06-27 00:00:00+00:00, run_after=2025-06-28 00:00:00+00:00
[2025-06-28T04:43:16.739+0000] {processor.py:183} INFO - Processing /home/airflow/.local/lib/python3.8/site-packages/airflow/example_dags/example_setup_teardown_taskflow.py took 0.047 seconds
[2025-06-28T04:43:47.141+0000] {processor.py:161} INFO - Started process (PID=5765) to work on /home/airflow/.local/lib/python3.8/site-packages/airflow/example_dags/example_setup_teardown_taskflow.py
[2025-06-28T04:43:47.142+0000] {processor.py:830} INFO - Processing file /home/airflow/.local/lib/python3.8/site-packages/airflow/example_dags/example_setup_teardown_taskflow.py for tasks to queue
[2025-06-28T04:43:47.143+0000] {logging_mixin.py:188} INFO - [2025-06-28T04:43:47.143+0000] {dagbag.py:538} INFO - Filling up the DagBag from /home/airflow/.local/lib/python3.8/site-packages/airflow/example_dags/example_setup_teardown_taskflow.py
[2025-06-28T04:43:47.150+0000] {processor.py:840} INFO - DAG(s) 'example_setup_teardown_taskflow' retrieved from /home/airflow/.local/lib/python3.8/site-packages/airflow/example_dags/example_setup_teardown_taskflow.py
[2025-06-28T04:43:47.165+0000] {logging_mixin.py:188} INFO - [2025-06-28T04:43:47.165+0000] {dag.py:3036} INFO - Sync 1 DAGs
[2025-06-28T04:43:47.177+0000] {logging_mixin.py:188} INFO - [2025-06-28T04:43:47.177+0000] {dag.py:3823} INFO - Setting next_dagrun for example_setup_teardown_taskflow to 2025-06-27 00:00:00+00:00, run_after=2025-06-28 00:00:00+00:00
[2025-06-28T04:43:47.191+0000] {processor.py:183} INFO - Processing /home/airflow/.local/lib/python3.8/site-packages/airflow/example_dags/example_setup_teardown_taskflow.py took 0.052 seconds
[2025-06-28T04:44:17.515+0000] {processor.py:161} INFO - Started process (PID=6013) to work on /home/airflow/.local/lib/python3.8/site-packages/airflow/example_dags/example_setup_teardown_taskflow.py
[2025-06-28T04:44:17.515+0000] {processor.py:830} INFO - Processing file /home/airflow/.local/lib/python3.8/site-packages/airflow/example_dags/example_setup_teardown_taskflow.py for tasks to queue
[2025-06-28T04:44:17.516+0000] {logging_mixin.py:188} INFO - [2025-06-28T04:44:17.516+0000] {dagbag.py:538} INFO - Filling up the DagBag from /home/airflow/.local/lib/python3.8/site-packages/airflow/example_dags/example_setup_teardown_taskflow.py
[2025-06-28T04:44:17.522+0000] {processor.py:840} INFO - DAG(s) 'example_setup_teardown_taskflow' retrieved from /home/airflow/.local/lib/python3.8/site-packages/airflow/example_dags/example_setup_teardown_taskflow.py
[2025-06-28T04:44:17.537+0000] {logging_mixin.py:188} INFO - [2025-06-28T04:44:17.537+0000] {dag.py:3036} INFO - Sync 1 DAGs
[2025-06-28T04:44:17.553+0000] {logging_mixin.py:188} INFO - [2025-06-28T04:44:17.553+0000] {dag.py:3823} INFO - Setting next_dagrun for example_setup_teardown_taskflow to 2025-06-27 00:00:00+00:00, run_after=2025-06-28 00:00:00+00:00
[2025-06-28T04:44:17.568+0000] {processor.py:183} INFO - Processing /home/airflow/.local/lib/python3.8/site-packages/airflow/example_dags/example_setup_teardown_taskflow.py took 0.056 seconds
[2025-06-28T04:44:47.748+0000] {processor.py:161} INFO - Started process (PID=6265) to work on /home/airflow/.local/lib/python3.8/site-packages/airflow/example_dags/example_setup_teardown_taskflow.py
[2025-06-28T04:44:47.748+0000] {processor.py:830} INFO - Processing file /home/airflow/.local/lib/python3.8/site-packages/airflow/example_dags/example_setup_teardown_taskflow.py for tasks to queue
[2025-06-28T04:44:47.750+0000] {logging_mixin.py:188} INFO - [2025-06-28T04:44:47.749+0000] {dagbag.py:538} INFO - Filling up the DagBag from /home/airflow/.local/lib/python3.8/site-packages/airflow/example_dags/example_setup_teardown_taskflow.py
[2025-06-28T04:44:47.757+0000] {processor.py:840} INFO - DAG(s) 'example_setup_teardown_taskflow' retrieved from /home/airflow/.local/lib/python3.8/site-packages/airflow/example_dags/example_setup_teardown_taskflow.py
[2025-06-28T04:44:47.771+0000] {logging_mixin.py:188} INFO - [2025-06-28T04:44:47.770+0000] {dag.py:3036} INFO - Sync 1 DAGs
[2025-06-28T04:44:47.785+0000] {logging_mixin.py:188} INFO - [2025-06-28T04:44:47.784+0000] {dag.py:3823} INFO - Setting next_dagrun for example_setup_teardown_taskflow to 2025-06-27 00:00:00+00:00, run_after=2025-06-28 00:00:00+00:00
[2025-06-28T04:44:47.800+0000] {processor.py:183} INFO - Processing /home/airflow/.local/lib/python3.8/site-packages/airflow/example_dags/example_setup_teardown_taskflow.py took 0.055 seconds
[2025-06-28T04:45:17.967+0000] {processor.py:161} INFO - Started process (PID=6513) to work on /home/airflow/.local/lib/python3.8/site-packages/airflow/example_dags/example_setup_teardown_taskflow.py
[2025-06-28T04:45:17.967+0000] {processor.py:830} INFO - Processing file /home/airflow/.local/lib/python3.8/site-packages/airflow/example_dags/example_setup_teardown_taskflow.py for tasks to queue
[2025-06-28T04:45:17.968+0000] {logging_mixin.py:188} INFO - [2025-06-28T04:45:17.968+0000] {dagbag.py:538} INFO - Filling up the DagBag from /home/airflow/.local/lib/python3.8/site-packages/airflow/example_dags/example_setup_teardown_taskflow.py
[2025-06-28T04:45:17.977+0000] {processor.py:840} INFO - DAG(s) 'example_setup_teardown_taskflow' retrieved from /home/airflow/.local/lib/python3.8/site-packages/airflow/example_dags/example_setup_teardown_taskflow.py
[2025-06-28T04:45:17.991+0000] {logging_mixin.py:188} INFO - [2025-06-28T04:45:17.991+0000] {dag.py:3036} INFO - Sync 1 DAGs
[2025-06-28T04:45:18.005+0000] {logging_mixin.py:188} INFO - [2025-06-28T04:45:18.005+0000] {dag.py:3823} INFO - Setting next_dagrun for example_setup_teardown_taskflow to 2025-06-27 00:00:00+00:00, run_after=2025-06-28 00:00:00+00:00
[2025-06-28T04:45:18.017+0000] {processor.py:183} INFO - Processing /home/airflow/.local/lib/python3.8/site-packages/airflow/example_dags/example_setup_teardown_taskflow.py took 0.053 seconds
[2025-06-28T04:45:48.361+0000] {processor.py:161} INFO - Started process (PID=6763) to work on /home/airflow/.local/lib/python3.8/site-packages/airflow/example_dags/example_setup_teardown_taskflow.py
[2025-06-28T04:45:48.361+0000] {processor.py:830} INFO - Processing file /home/airflow/.local/lib/python3.8/site-packages/airflow/example_dags/example_setup_teardown_taskflow.py for tasks to queue
[2025-06-28T04:45:48.362+0000] {logging_mixin.py:188} INFO - [2025-06-28T04:45:48.362+0000] {dagbag.py:538} INFO - Filling up the DagBag from /home/airflow/.local/lib/python3.8/site-packages/airflow/example_dags/example_setup_teardown_taskflow.py
[2025-06-28T04:45:48.367+0000] {processor.py:840} INFO - DAG(s) 'example_setup_teardown_taskflow' retrieved from /home/airflow/.local/lib/python3.8/site-packages/airflow/example_dags/example_setup_teardown_taskflow.py
[2025-06-28T04:45:48.385+0000] {logging_mixin.py:188} INFO - [2025-06-28T04:45:48.384+0000] {dag.py:3036} INFO - Sync 1 DAGs
[2025-06-28T04:45:48.403+0000] {logging_mixin.py:188} INFO - [2025-06-28T04:45:48.402+0000] {dag.py:3823} INFO - Setting next_dagrun for example_setup_teardown_taskflow to 2025-06-27 00:00:00+00:00, run_after=2025-06-28 00:00:00+00:00
[2025-06-28T04:45:48.418+0000] {processor.py:183} INFO - Processing /home/airflow/.local/lib/python3.8/site-packages/airflow/example_dags/example_setup_teardown_taskflow.py took 0.059 seconds
[2025-06-28T04:46:18.709+0000] {processor.py:161} INFO - Started process (PID=7013) to work on /home/airflow/.local/lib/python3.8/site-packages/airflow/example_dags/example_setup_teardown_taskflow.py
[2025-06-28T04:46:18.710+0000] {processor.py:830} INFO - Processing file /home/airflow/.local/lib/python3.8/site-packages/airflow/example_dags/example_setup_teardown_taskflow.py for tasks to queue
[2025-06-28T04:46:18.711+0000] {logging_mixin.py:188} INFO - [2025-06-28T04:46:18.711+0000] {dagbag.py:538} INFO - Filling up the DagBag from /home/airflow/.local/lib/python3.8/site-packages/airflow/example_dags/example_setup_teardown_taskflow.py
[2025-06-28T04:46:18.716+0000] {processor.py:840} INFO - DAG(s) 'example_setup_teardown_taskflow' retrieved from /home/airflow/.local/lib/python3.8/site-packages/airflow/example_dags/example_setup_teardown_taskflow.py
[2025-06-28T04:46:18.733+0000] {logging_mixin.py:188} INFO - [2025-06-28T04:46:18.733+0000] {dag.py:3036} INFO - Sync 1 DAGs
[2025-06-28T04:46:18.747+0000] {logging_mixin.py:188} INFO - [2025-06-28T04:46:18.746+0000] {dag.py:3823} INFO - Setting next_dagrun for example_setup_teardown_taskflow to 2025-06-27 00:00:00+00:00, run_after=2025-06-28 00:00:00+00:00
[2025-06-28T04:46:18.762+0000] {processor.py:183} INFO - Processing /home/airflow/.local/lib/python3.8/site-packages/airflow/example_dags/example_setup_teardown_taskflow.py took 0.055 seconds
[2025-06-28T04:46:49.459+0000] {processor.py:161} INFO - Started process (PID=7265) to work on /home/airflow/.local/lib/python3.8/site-packages/airflow/example_dags/example_setup_teardown_taskflow.py
[2025-06-28T04:46:49.461+0000] {processor.py:830} INFO - Processing file /home/airflow/.local/lib/python3.8/site-packages/airflow/example_dags/example_setup_teardown_taskflow.py for tasks to queue
[2025-06-28T04:46:49.463+0000] {logging_mixin.py:188} INFO - [2025-06-28T04:46:49.462+0000] {dagbag.py:538} INFO - Filling up the DagBag from /home/airflow/.local/lib/python3.8/site-packages/airflow/example_dags/example_setup_teardown_taskflow.py
[2025-06-28T04:46:49.472+0000] {processor.py:840} INFO - DAG(s) 'example_setup_teardown_taskflow' retrieved from /home/airflow/.local/lib/python3.8/site-packages/airflow/example_dags/example_setup_teardown_taskflow.py
[2025-06-28T04:46:49.484+0000] {logging_mixin.py:188} INFO - [2025-06-28T04:46:49.484+0000] {dag.py:3036} INFO - Sync 1 DAGs
[2025-06-28T04:46:49.501+0000] {logging_mixin.py:188} INFO - [2025-06-28T04:46:49.501+0000] {dag.py:3823} INFO - Setting next_dagrun for example_setup_teardown_taskflow to 2025-06-27 00:00:00+00:00, run_after=2025-06-28 00:00:00+00:00
[2025-06-28T04:46:49.515+0000] {processor.py:183} INFO - Processing /home/airflow/.local/lib/python3.8/site-packages/airflow/example_dags/example_setup_teardown_taskflow.py took 0.060 seconds
[2025-06-28T04:47:19.691+0000] {processor.py:161} INFO - Started process (PID=7513) to work on /home/airflow/.local/lib/python3.8/site-packages/airflow/example_dags/example_setup_teardown_taskflow.py
[2025-06-28T04:47:19.692+0000] {processor.py:830} INFO - Processing file /home/airflow/.local/lib/python3.8/site-packages/airflow/example_dags/example_setup_teardown_taskflow.py for tasks to queue
[2025-06-28T04:47:19.693+0000] {logging_mixin.py:188} INFO - [2025-06-28T04:47:19.692+0000] {dagbag.py:538} INFO - Filling up the DagBag from /home/airflow/.local/lib/python3.8/site-packages/airflow/example_dags/example_setup_teardown_taskflow.py
[2025-06-28T04:47:19.697+0000] {processor.py:840} INFO - DAG(s) 'example_setup_teardown_taskflow' retrieved from /home/airflow/.local/lib/python3.8/site-packages/airflow/example_dags/example_setup_teardown_taskflow.py
[2025-06-28T04:47:19.716+0000] {logging_mixin.py:188} INFO - [2025-06-28T04:47:19.716+0000] {dag.py:3036} INFO - Sync 1 DAGs
[2025-06-28T04:47:19.730+0000] {logging_mixin.py:188} INFO - [2025-06-28T04:47:19.730+0000] {dag.py:3823} INFO - Setting next_dagrun for example_setup_teardown_taskflow to 2025-06-27 00:00:00+00:00, run_after=2025-06-28 00:00:00+00:00
[2025-06-28T04:47:19.748+0000] {processor.py:183} INFO - Processing /home/airflow/.local/lib/python3.8/site-packages/airflow/example_dags/example_setup_teardown_taskflow.py took 0.060 seconds
[2025-06-28T04:47:49.929+0000] {processor.py:161} INFO - Started process (PID=7765) to work on /home/airflow/.local/lib/python3.8/site-packages/airflow/example_dags/example_setup_teardown_taskflow.py
[2025-06-28T04:47:49.930+0000] {processor.py:830} INFO - Processing file /home/airflow/.local/lib/python3.8/site-packages/airflow/example_dags/example_setup_teardown_taskflow.py for tasks to queue
[2025-06-28T04:47:49.932+0000] {logging_mixin.py:188} INFO - [2025-06-28T04:47:49.931+0000] {dagbag.py:538} INFO - Filling up the DagBag from /home/airflow/.local/lib/python3.8/site-packages/airflow/example_dags/example_setup_teardown_taskflow.py
[2025-06-28T04:47:49.940+0000] {processor.py:840} INFO - DAG(s) 'example_setup_teardown_taskflow' retrieved from /home/airflow/.local/lib/python3.8/site-packages/airflow/example_dags/example_setup_teardown_taskflow.py
[2025-06-28T04:47:49.952+0000] {logging_mixin.py:188} INFO - [2025-06-28T04:47:49.952+0000] {dag.py:3036} INFO - Sync 1 DAGs
[2025-06-28T04:47:49.964+0000] {logging_mixin.py:188} INFO - [2025-06-28T04:47:49.964+0000] {dag.py:3823} INFO - Setting next_dagrun for example_setup_teardown_taskflow to 2025-06-27 00:00:00+00:00, run_after=2025-06-28 00:00:00+00:00
[2025-06-28T04:47:49.977+0000] {processor.py:183} INFO - Processing /home/airflow/.local/lib/python3.8/site-packages/airflow/example_dags/example_setup_teardown_taskflow.py took 0.049 seconds
[2025-06-28T04:48:21.041+0000] {processor.py:161} INFO - Started process (PID=8013) to work on /home/airflow/.local/lib/python3.8/site-packages/airflow/example_dags/example_setup_teardown_taskflow.py
[2025-06-28T04:48:21.042+0000] {processor.py:830} INFO - Processing file /home/airflow/.local/lib/python3.8/site-packages/airflow/example_dags/example_setup_teardown_taskflow.py for tasks to queue
[2025-06-28T04:48:21.044+0000] {logging_mixin.py:188} INFO - [2025-06-28T04:48:21.043+0000] {dagbag.py:538} INFO - Filling up the DagBag from /home/airflow/.local/lib/python3.8/site-packages/airflow/example_dags/example_setup_teardown_taskflow.py
[2025-06-28T04:48:21.052+0000] {processor.py:840} INFO - DAG(s) 'example_setup_teardown_taskflow' retrieved from /home/airflow/.local/lib/python3.8/site-packages/airflow/example_dags/example_setup_teardown_taskflow.py
[2025-06-28T04:48:21.070+0000] {logging_mixin.py:188} INFO - [2025-06-28T04:48:21.069+0000] {dag.py:3036} INFO - Sync 1 DAGs
[2025-06-28T04:48:21.089+0000] {logging_mixin.py:188} INFO - [2025-06-28T04:48:21.089+0000] {dag.py:3823} INFO - Setting next_dagrun for example_setup_teardown_taskflow to 2025-06-27 00:00:00+00:00, run_after=2025-06-28 00:00:00+00:00
[2025-06-28T04:48:21.118+0000] {processor.py:183} INFO - Processing /home/airflow/.local/lib/python3.8/site-packages/airflow/example_dags/example_setup_teardown_taskflow.py took 0.079 seconds
