[2025-06-28T04:32:39.085+0000] {processor.py:161} INFO - Started process (PID=288) to work on /home/airflow/.local/lib/python3.8/site-packages/airflow/example_dags/example_bash_operator.py
[2025-06-28T04:32:39.086+0000] {processor.py:830} INFO - Processing file /home/airflow/.local/lib/python3.8/site-packages/airflow/example_dags/example_bash_operator.py for tasks to queue
[2025-06-28T04:32:39.087+0000] {logging_mixin.py:188} INFO - [2025-06-28T04:32:39.087+0000] {dagbag.py:538} INFO - Filling up the DagBag from /home/airflow/.local/lib/python3.8/site-packages/airflow/example_dags/example_bash_operator.py
[2025-06-28T04:32:39.097+0000] {processor.py:840} INFO - DAG(s) 'example_bash_operator' retrieved from /home/airflow/.local/lib/python3.8/site-packages/airflow/example_dags/example_bash_operator.py
[2025-06-28T04:32:39.109+0000] {logging_mixin.py:188} INFO - [2025-06-28T04:32:39.109+0000] {dag.py:3036} INFO - Sync 1 DAGs
[2025-06-28T04:32:39.131+0000] {logging_mixin.py:188} INFO - [2025-06-28T04:32:39.131+0000] {dag.py:3823} INFO - Setting next_dagrun for example_bash_operator to 2025-06-27 00:00:00+00:00, run_after=2025-06-28 00:00:00+00:00
[2025-06-28T04:32:39.149+0000] {processor.py:183} INFO - Processing /home/airflow/.local/lib/python3.8/site-packages/airflow/example_dags/example_bash_operator.py took 0.067 seconds
[2025-06-28T04:33:10.312+0000] {processor.py:161} INFO - Started process (PID=538) to work on /home/airflow/.local/lib/python3.8/site-packages/airflow/example_dags/example_bash_operator.py
[2025-06-28T04:33:10.312+0000] {processor.py:830} INFO - Processing file /home/airflow/.local/lib/python3.8/site-packages/airflow/example_dags/example_bash_operator.py for tasks to queue
[2025-06-28T04:33:10.314+0000] {logging_mixin.py:188} INFO - [2025-06-28T04:33:10.313+0000] {dagbag.py:538} INFO - Filling up the DagBag from /home/airflow/.local/lib/python3.8/site-packages/airflow/example_dags/example_bash_operator.py
[2025-06-28T04:33:10.321+0000] {processor.py:840} INFO - DAG(s) 'example_bash_operator' retrieved from /home/airflow/.local/lib/python3.8/site-packages/airflow/example_dags/example_bash_operator.py
[2025-06-28T04:33:10.402+0000] {logging_mixin.py:188} INFO - [2025-06-28T04:33:10.402+0000] {dag.py:3036} INFO - Sync 1 DAGs
[2025-06-28T04:33:10.419+0000] {logging_mixin.py:188} INFO - [2025-06-28T04:33:10.418+0000] {dag.py:3823} INFO - Setting next_dagrun for example_bash_operator to 2025-06-27 00:00:00+00:00, run_after=2025-06-28 00:00:00+00:00
[2025-06-28T04:33:10.434+0000] {processor.py:183} INFO - Processing /home/airflow/.local/lib/python3.8/site-packages/airflow/example_dags/example_bash_operator.py took 0.125 seconds
[2025-06-28T04:33:40.630+0000] {processor.py:161} INFO - Started process (PID=790) to work on /home/airflow/.local/lib/python3.8/site-packages/airflow/example_dags/example_bash_operator.py
[2025-06-28T04:33:40.631+0000] {processor.py:830} INFO - Processing file /home/airflow/.local/lib/python3.8/site-packages/airflow/example_dags/example_bash_operator.py for tasks to queue
[2025-06-28T04:33:40.633+0000] {logging_mixin.py:188} INFO - [2025-06-28T04:33:40.633+0000] {dagbag.py:538} INFO - Filling up the DagBag from /home/airflow/.local/lib/python3.8/site-packages/airflow/example_dags/example_bash_operator.py
[2025-06-28T04:33:40.641+0000] {processor.py:840} INFO - DAG(s) 'example_bash_operator' retrieved from /home/airflow/.local/lib/python3.8/site-packages/airflow/example_dags/example_bash_operator.py
[2025-06-28T04:33:40.662+0000] {logging_mixin.py:188} INFO - [2025-06-28T04:33:40.661+0000] {dag.py:3036} INFO - Sync 1 DAGs
[2025-06-28T04:33:40.677+0000] {logging_mixin.py:188} INFO - [2025-06-28T04:33:40.676+0000] {dag.py:3823} INFO - Setting next_dagrun for example_bash_operator to 2025-06-27 00:00:00+00:00, run_after=2025-06-28 00:00:00+00:00
[2025-06-28T04:33:40.692+0000] {processor.py:183} INFO - Processing /home/airflow/.local/lib/python3.8/site-packages/airflow/example_dags/example_bash_operator.py took 0.066 seconds
[2025-06-28T04:34:11.044+0000] {processor.py:161} INFO - Started process (PID=1038) to work on /home/airflow/.local/lib/python3.8/site-packages/airflow/example_dags/example_bash_operator.py
[2025-06-28T04:34:11.044+0000] {processor.py:830} INFO - Processing file /home/airflow/.local/lib/python3.8/site-packages/airflow/example_dags/example_bash_operator.py for tasks to queue
[2025-06-28T04:34:11.046+0000] {logging_mixin.py:188} INFO - [2025-06-28T04:34:11.046+0000] {dagbag.py:538} INFO - Filling up the DagBag from /home/airflow/.local/lib/python3.8/site-packages/airflow/example_dags/example_bash_operator.py
[2025-06-28T04:34:11.058+0000] {processor.py:840} INFO - DAG(s) 'example_bash_operator' retrieved from /home/airflow/.local/lib/python3.8/site-packages/airflow/example_dags/example_bash_operator.py
[2025-06-28T04:34:11.079+0000] {logging_mixin.py:188} INFO - [2025-06-28T04:34:11.079+0000] {dag.py:3036} INFO - Sync 1 DAGs
[2025-06-28T04:34:11.093+0000] {logging_mixin.py:188} INFO - [2025-06-28T04:34:11.093+0000] {dag.py:3823} INFO - Setting next_dagrun for example_bash_operator to 2025-06-27 00:00:00+00:00, run_after=2025-06-28 00:00:00+00:00
[2025-06-28T04:34:11.110+0000] {processor.py:183} INFO - Processing /home/airflow/.local/lib/python3.8/site-packages/airflow/example_dags/example_bash_operator.py took 0.069 seconds
[2025-06-28T04:34:41.410+0000] {processor.py:161} INFO - Started process (PID=1290) to work on /home/airflow/.local/lib/python3.8/site-packages/airflow/example_dags/example_bash_operator.py
[2025-06-28T04:34:41.411+0000] {processor.py:830} INFO - Processing file /home/airflow/.local/lib/python3.8/site-packages/airflow/example_dags/example_bash_operator.py for tasks to queue
[2025-06-28T04:34:41.412+0000] {logging_mixin.py:188} INFO - [2025-06-28T04:34:41.412+0000] {dagbag.py:538} INFO - Filling up the DagBag from /home/airflow/.local/lib/python3.8/site-packages/airflow/example_dags/example_bash_operator.py
[2025-06-28T04:34:41.421+0000] {processor.py:840} INFO - DAG(s) 'example_bash_operator' retrieved from /home/airflow/.local/lib/python3.8/site-packages/airflow/example_dags/example_bash_operator.py
[2025-06-28T04:34:41.441+0000] {logging_mixin.py:188} INFO - [2025-06-28T04:34:41.441+0000] {dag.py:3036} INFO - Sync 1 DAGs
[2025-06-28T04:34:41.459+0000] {logging_mixin.py:188} INFO - [2025-06-28T04:34:41.459+0000] {dag.py:3823} INFO - Setting next_dagrun for example_bash_operator to 2025-06-27 00:00:00+00:00, run_after=2025-06-28 00:00:00+00:00
[2025-06-28T04:34:41.474+0000] {processor.py:183} INFO - Processing /home/airflow/.local/lib/python3.8/site-packages/airflow/example_dags/example_bash_operator.py took 0.066 seconds
[2025-06-28T04:35:11.773+0000] {processor.py:161} INFO - Started process (PID=1538) to work on /home/airflow/.local/lib/python3.8/site-packages/airflow/example_dags/example_bash_operator.py
[2025-06-28T04:35:11.774+0000] {processor.py:830} INFO - Processing file /home/airflow/.local/lib/python3.8/site-packages/airflow/example_dags/example_bash_operator.py for tasks to queue
[2025-06-28T04:35:11.775+0000] {logging_mixin.py:188} INFO - [2025-06-28T04:35:11.775+0000] {dagbag.py:538} INFO - Filling up the DagBag from /home/airflow/.local/lib/python3.8/site-packages/airflow/example_dags/example_bash_operator.py
[2025-06-28T04:35:11.782+0000] {processor.py:840} INFO - DAG(s) 'example_bash_operator' retrieved from /home/airflow/.local/lib/python3.8/site-packages/airflow/example_dags/example_bash_operator.py
[2025-06-28T04:35:11.805+0000] {logging_mixin.py:188} INFO - [2025-06-28T04:35:11.805+0000] {dag.py:3036} INFO - Sync 1 DAGs
[2025-06-28T04:35:11.820+0000] {logging_mixin.py:188} INFO - [2025-06-28T04:35:11.819+0000] {dag.py:3823} INFO - Setting next_dagrun for example_bash_operator to 2025-06-27 00:00:00+00:00, run_after=2025-06-28 00:00:00+00:00
[2025-06-28T04:35:11.836+0000] {processor.py:183} INFO - Processing /home/airflow/.local/lib/python3.8/site-packages/airflow/example_dags/example_bash_operator.py took 0.066 seconds
[2025-06-28T04:35:42.425+0000] {processor.py:161} INFO - Started process (PID=1790) to work on /home/airflow/.local/lib/python3.8/site-packages/airflow/example_dags/example_bash_operator.py
[2025-06-28T04:35:42.426+0000] {processor.py:830} INFO - Processing file /home/airflow/.local/lib/python3.8/site-packages/airflow/example_dags/example_bash_operator.py for tasks to queue
[2025-06-28T04:35:42.427+0000] {logging_mixin.py:188} INFO - [2025-06-28T04:35:42.427+0000] {dagbag.py:538} INFO - Filling up the DagBag from /home/airflow/.local/lib/python3.8/site-packages/airflow/example_dags/example_bash_operator.py
[2025-06-28T04:35:42.435+0000] {processor.py:840} INFO - DAG(s) 'example_bash_operator' retrieved from /home/airflow/.local/lib/python3.8/site-packages/airflow/example_dags/example_bash_operator.py
[2025-06-28T04:35:42.452+0000] {logging_mixin.py:188} INFO - [2025-06-28T04:35:42.452+0000] {dag.py:3036} INFO - Sync 1 DAGs
[2025-06-28T04:35:42.465+0000] {logging_mixin.py:188} INFO - [2025-06-28T04:35:42.464+0000] {dag.py:3823} INFO - Setting next_dagrun for example_bash_operator to 2025-06-27 00:00:00+00:00, run_after=2025-06-28 00:00:00+00:00
[2025-06-28T04:35:42.478+0000] {processor.py:183} INFO - Processing /home/airflow/.local/lib/python3.8/site-packages/airflow/example_dags/example_bash_operator.py took 0.054 seconds
[2025-06-28T04:36:12.850+0000] {processor.py:161} INFO - Started process (PID=2038) to work on /home/airflow/.local/lib/python3.8/site-packages/airflow/example_dags/example_bash_operator.py
[2025-06-28T04:36:12.851+0000] {processor.py:830} INFO - Processing file /home/airflow/.local/lib/python3.8/site-packages/airflow/example_dags/example_bash_operator.py for tasks to queue
[2025-06-28T04:36:12.851+0000] {logging_mixin.py:188} INFO - [2025-06-28T04:36:12.851+0000] {dagbag.py:538} INFO - Filling up the DagBag from /home/airflow/.local/lib/python3.8/site-packages/airflow/example_dags/example_bash_operator.py
[2025-06-28T04:36:12.860+0000] {processor.py:840} INFO - DAG(s) 'example_bash_operator' retrieved from /home/airflow/.local/lib/python3.8/site-packages/airflow/example_dags/example_bash_operator.py
[2025-06-28T04:36:12.876+0000] {logging_mixin.py:188} INFO - [2025-06-28T04:36:12.875+0000] {dag.py:3036} INFO - Sync 1 DAGs
[2025-06-28T04:36:12.888+0000] {logging_mixin.py:188} INFO - [2025-06-28T04:36:12.887+0000] {dag.py:3823} INFO - Setting next_dagrun for example_bash_operator to 2025-06-27 00:00:00+00:00, run_after=2025-06-28 00:00:00+00:00
[2025-06-28T04:36:12.901+0000] {processor.py:183} INFO - Processing /home/airflow/.local/lib/python3.8/site-packages/airflow/example_dags/example_bash_operator.py took 0.052 seconds
[2025-06-28T04:36:43.151+0000] {processor.py:161} INFO - Started process (PID=2288) to work on /home/airflow/.local/lib/python3.8/site-packages/airflow/example_dags/example_bash_operator.py
[2025-06-28T04:36:43.151+0000] {processor.py:830} INFO - Processing file /home/airflow/.local/lib/python3.8/site-packages/airflow/example_dags/example_bash_operator.py for tasks to queue
[2025-06-28T04:36:43.152+0000] {logging_mixin.py:188} INFO - [2025-06-28T04:36:43.152+0000] {dagbag.py:538} INFO - Filling up the DagBag from /home/airflow/.local/lib/python3.8/site-packages/airflow/example_dags/example_bash_operator.py
[2025-06-28T04:36:43.158+0000] {processor.py:840} INFO - DAG(s) 'example_bash_operator' retrieved from /home/airflow/.local/lib/python3.8/site-packages/airflow/example_dags/example_bash_operator.py
[2025-06-28T04:36:43.173+0000] {logging_mixin.py:188} INFO - [2025-06-28T04:36:43.173+0000] {dag.py:3036} INFO - Sync 1 DAGs
[2025-06-28T04:36:43.189+0000] {logging_mixin.py:188} INFO - [2025-06-28T04:36:43.189+0000] {dag.py:3823} INFO - Setting next_dagrun for example_bash_operator to 2025-06-27 00:00:00+00:00, run_after=2025-06-28 00:00:00+00:00
[2025-06-28T04:36:43.200+0000] {processor.py:183} INFO - Processing /home/airflow/.local/lib/python3.8/site-packages/airflow/example_dags/example_bash_operator.py took 0.051 seconds
[2025-06-28T04:37:13.237+0000] {processor.py:161} INFO - Started process (PID=2538) to work on /home/airflow/.local/lib/python3.8/site-packages/airflow/example_dags/example_bash_operator.py
[2025-06-28T04:37:13.237+0000] {processor.py:830} INFO - Processing file /home/airflow/.local/lib/python3.8/site-packages/airflow/example_dags/example_bash_operator.py for tasks to queue
[2025-06-28T04:37:13.238+0000] {logging_mixin.py:188} INFO - [2025-06-28T04:37:13.238+0000] {dagbag.py:538} INFO - Filling up the DagBag from /home/airflow/.local/lib/python3.8/site-packages/airflow/example_dags/example_bash_operator.py
[2025-06-28T04:37:13.244+0000] {processor.py:840} INFO - DAG(s) 'example_bash_operator' retrieved from /home/airflow/.local/lib/python3.8/site-packages/airflow/example_dags/example_bash_operator.py
[2025-06-28T04:37:13.260+0000] {logging_mixin.py:188} INFO - [2025-06-28T04:37:13.260+0000] {dag.py:3036} INFO - Sync 1 DAGs
[2025-06-28T04:37:13.273+0000] {logging_mixin.py:188} INFO - [2025-06-28T04:37:13.273+0000] {dag.py:3823} INFO - Setting next_dagrun for example_bash_operator to 2025-06-27 00:00:00+00:00, run_after=2025-06-28 00:00:00+00:00
[2025-06-28T04:37:13.283+0000] {processor.py:183} INFO - Processing /home/airflow/.local/lib/python3.8/site-packages/airflow/example_dags/example_bash_operator.py took 0.048 seconds
[2025-06-28T04:37:43.450+0000] {processor.py:161} INFO - Started process (PID=2788) to work on /home/airflow/.local/lib/python3.8/site-packages/airflow/example_dags/example_bash_operator.py
[2025-06-28T04:37:43.451+0000] {processor.py:830} INFO - Processing file /home/airflow/.local/lib/python3.8/site-packages/airflow/example_dags/example_bash_operator.py for tasks to queue
[2025-06-28T04:37:43.452+0000] {logging_mixin.py:188} INFO - [2025-06-28T04:37:43.452+0000] {dagbag.py:538} INFO - Filling up the DagBag from /home/airflow/.local/lib/python3.8/site-packages/airflow/example_dags/example_bash_operator.py
[2025-06-28T04:37:43.460+0000] {processor.py:840} INFO - DAG(s) 'example_bash_operator' retrieved from /home/airflow/.local/lib/python3.8/site-packages/airflow/example_dags/example_bash_operator.py
[2025-06-28T04:37:43.481+0000] {logging_mixin.py:188} INFO - [2025-06-28T04:37:43.481+0000] {dag.py:3036} INFO - Sync 1 DAGs
[2025-06-28T04:37:43.496+0000] {logging_mixin.py:188} INFO - [2025-06-28T04:37:43.495+0000] {dag.py:3823} INFO - Setting next_dagrun for example_bash_operator to 2025-06-27 00:00:00+00:00, run_after=2025-06-28 00:00:00+00:00
[2025-06-28T04:37:43.509+0000] {processor.py:183} INFO - Processing /home/airflow/.local/lib/python3.8/site-packages/airflow/example_dags/example_bash_operator.py took 0.062 seconds
[2025-06-28T04:38:13.793+0000] {processor.py:161} INFO - Started process (PID=3040) to work on /home/airflow/.local/lib/python3.8/site-packages/airflow/example_dags/example_bash_operator.py
[2025-06-28T04:38:13.793+0000] {processor.py:830} INFO - Processing file /home/airflow/.local/lib/python3.8/site-packages/airflow/example_dags/example_bash_operator.py for tasks to queue
[2025-06-28T04:38:13.795+0000] {logging_mixin.py:188} INFO - [2025-06-28T04:38:13.794+0000] {dagbag.py:538} INFO - Filling up the DagBag from /home/airflow/.local/lib/python3.8/site-packages/airflow/example_dags/example_bash_operator.py
[2025-06-28T04:38:13.802+0000] {processor.py:840} INFO - DAG(s) 'example_bash_operator' retrieved from /home/airflow/.local/lib/python3.8/site-packages/airflow/example_dags/example_bash_operator.py
[2025-06-28T04:38:13.821+0000] {logging_mixin.py:188} INFO - [2025-06-28T04:38:13.821+0000] {dag.py:3036} INFO - Sync 1 DAGs
[2025-06-28T04:38:13.839+0000] {logging_mixin.py:188} INFO - [2025-06-28T04:38:13.839+0000] {dag.py:3823} INFO - Setting next_dagrun for example_bash_operator to 2025-06-27 00:00:00+00:00, run_after=2025-06-28 00:00:00+00:00
[2025-06-28T04:38:13.853+0000] {processor.py:183} INFO - Processing /home/airflow/.local/lib/python3.8/site-packages/airflow/example_dags/example_bash_operator.py took 0.062 seconds
[2025-06-28T04:38:44.055+0000] {processor.py:161} INFO - Started process (PID=3290) to work on /home/airflow/.local/lib/python3.8/site-packages/airflow/example_dags/example_bash_operator.py
[2025-06-28T04:38:44.055+0000] {processor.py:830} INFO - Processing file /home/airflow/.local/lib/python3.8/site-packages/airflow/example_dags/example_bash_operator.py for tasks to queue
[2025-06-28T04:38:44.056+0000] {logging_mixin.py:188} INFO - [2025-06-28T04:38:44.056+0000] {dagbag.py:538} INFO - Filling up the DagBag from /home/airflow/.local/lib/python3.8/site-packages/airflow/example_dags/example_bash_operator.py
[2025-06-28T04:38:44.062+0000] {processor.py:840} INFO - DAG(s) 'example_bash_operator' retrieved from /home/airflow/.local/lib/python3.8/site-packages/airflow/example_dags/example_bash_operator.py
[2025-06-28T04:38:44.080+0000] {logging_mixin.py:188} INFO - [2025-06-28T04:38:44.079+0000] {dag.py:3036} INFO - Sync 1 DAGs
[2025-06-28T04:38:44.100+0000] {logging_mixin.py:188} INFO - [2025-06-28T04:38:44.100+0000] {dag.py:3823} INFO - Setting next_dagrun for example_bash_operator to 2025-06-27 00:00:00+00:00, run_after=2025-06-28 00:00:00+00:00
[2025-06-28T04:38:44.113+0000] {processor.py:183} INFO - Processing /home/airflow/.local/lib/python3.8/site-packages/airflow/example_dags/example_bash_operator.py took 0.061 seconds
[2025-06-28T04:39:14.300+0000] {processor.py:161} INFO - Started process (PID=3538) to work on /home/airflow/.local/lib/python3.8/site-packages/airflow/example_dags/example_bash_operator.py
[2025-06-28T04:39:14.300+0000] {processor.py:830} INFO - Processing file /home/airflow/.local/lib/python3.8/site-packages/airflow/example_dags/example_bash_operator.py for tasks to queue
[2025-06-28T04:39:14.301+0000] {logging_mixin.py:188} INFO - [2025-06-28T04:39:14.301+0000] {dagbag.py:538} INFO - Filling up the DagBag from /home/airflow/.local/lib/python3.8/site-packages/airflow/example_dags/example_bash_operator.py
[2025-06-28T04:39:14.308+0000] {processor.py:840} INFO - DAG(s) 'example_bash_operator' retrieved from /home/airflow/.local/lib/python3.8/site-packages/airflow/example_dags/example_bash_operator.py
[2025-06-28T04:39:14.332+0000] {logging_mixin.py:188} INFO - [2025-06-28T04:39:14.332+0000] {dag.py:3036} INFO - Sync 1 DAGs
[2025-06-28T04:39:14.346+0000] {logging_mixin.py:188} INFO - [2025-06-28T04:39:14.346+0000] {dag.py:3823} INFO - Setting next_dagrun for example_bash_operator to 2025-06-27 00:00:00+00:00, run_after=2025-06-28 00:00:00+00:00
[2025-06-28T04:39:14.363+0000] {processor.py:183} INFO - Processing /home/airflow/.local/lib/python3.8/site-packages/airflow/example_dags/example_bash_operator.py took 0.065 seconds
[2025-06-28T04:39:44.553+0000] {processor.py:161} INFO - Started process (PID=3788) to work on /home/airflow/.local/lib/python3.8/site-packages/airflow/example_dags/example_bash_operator.py
[2025-06-28T04:39:44.553+0000] {processor.py:830} INFO - Processing file /home/airflow/.local/lib/python3.8/site-packages/airflow/example_dags/example_bash_operator.py for tasks to queue
[2025-06-28T04:39:44.554+0000] {logging_mixin.py:188} INFO - [2025-06-28T04:39:44.554+0000] {dagbag.py:538} INFO - Filling up the DagBag from /home/airflow/.local/lib/python3.8/site-packages/airflow/example_dags/example_bash_operator.py
[2025-06-28T04:39:44.561+0000] {processor.py:840} INFO - DAG(s) 'example_bash_operator' retrieved from /home/airflow/.local/lib/python3.8/site-packages/airflow/example_dags/example_bash_operator.py
[2025-06-28T04:39:44.581+0000] {logging_mixin.py:188} INFO - [2025-06-28T04:39:44.581+0000] {dag.py:3036} INFO - Sync 1 DAGs
[2025-06-28T04:39:44.598+0000] {logging_mixin.py:188} INFO - [2025-06-28T04:39:44.597+0000] {dag.py:3823} INFO - Setting next_dagrun for example_bash_operator to 2025-06-27 00:00:00+00:00, run_after=2025-06-28 00:00:00+00:00
[2025-06-28T04:39:44.612+0000] {processor.py:183} INFO - Processing /home/airflow/.local/lib/python3.8/site-packages/airflow/example_dags/example_bash_operator.py took 0.061 seconds
[2025-06-28T04:40:14.793+0000] {processor.py:161} INFO - Started process (PID=4040) to work on /home/airflow/.local/lib/python3.8/site-packages/airflow/example_dags/example_bash_operator.py
[2025-06-28T04:40:14.794+0000] {processor.py:830} INFO - Processing file /home/airflow/.local/lib/python3.8/site-packages/airflow/example_dags/example_bash_operator.py for tasks to queue
[2025-06-28T04:40:14.796+0000] {logging_mixin.py:188} INFO - [2025-06-28T04:40:14.796+0000] {dagbag.py:538} INFO - Filling up the DagBag from /home/airflow/.local/lib/python3.8/site-packages/airflow/example_dags/example_bash_operator.py
[2025-06-28T04:40:14.806+0000] {processor.py:840} INFO - DAG(s) 'example_bash_operator' retrieved from /home/airflow/.local/lib/python3.8/site-packages/airflow/example_dags/example_bash_operator.py
[2025-06-28T04:40:14.825+0000] {logging_mixin.py:188} INFO - [2025-06-28T04:40:14.825+0000] {dag.py:3036} INFO - Sync 1 DAGs
[2025-06-28T04:40:14.838+0000] {logging_mixin.py:188} INFO - [2025-06-28T04:40:14.838+0000] {dag.py:3823} INFO - Setting next_dagrun for example_bash_operator to 2025-06-27 00:00:00+00:00, run_after=2025-06-28 00:00:00+00:00
[2025-06-28T04:40:14.847+0000] {processor.py:183} INFO - Processing /home/airflow/.local/lib/python3.8/site-packages/airflow/example_dags/example_bash_operator.py took 0.056 seconds
[2025-06-28T04:40:45.105+0000] {processor.py:161} INFO - Started process (PID=4288) to work on /home/airflow/.local/lib/python3.8/site-packages/airflow/example_dags/example_bash_operator.py
[2025-06-28T04:40:45.105+0000] {processor.py:830} INFO - Processing file /home/airflow/.local/lib/python3.8/site-packages/airflow/example_dags/example_bash_operator.py for tasks to queue
[2025-06-28T04:40:45.106+0000] {logging_mixin.py:188} INFO - [2025-06-28T04:40:45.106+0000] {dagbag.py:538} INFO - Filling up the DagBag from /home/airflow/.local/lib/python3.8/site-packages/airflow/example_dags/example_bash_operator.py
[2025-06-28T04:40:45.112+0000] {processor.py:840} INFO - DAG(s) 'example_bash_operator' retrieved from /home/airflow/.local/lib/python3.8/site-packages/airflow/example_dags/example_bash_operator.py
[2025-06-28T04:40:45.130+0000] {logging_mixin.py:188} INFO - [2025-06-28T04:40:45.130+0000] {dag.py:3036} INFO - Sync 1 DAGs
[2025-06-28T04:40:45.143+0000] {logging_mixin.py:188} INFO - [2025-06-28T04:40:45.143+0000] {dag.py:3823} INFO - Setting next_dagrun for example_bash_operator to 2025-06-27 00:00:00+00:00, run_after=2025-06-28 00:00:00+00:00
[2025-06-28T04:40:45.155+0000] {processor.py:183} INFO - Processing /home/airflow/.local/lib/python3.8/site-packages/airflow/example_dags/example_bash_operator.py took 0.051 seconds
[2025-06-28T04:41:15.530+0000] {processor.py:161} INFO - Started process (PID=4538) to work on /home/airflow/.local/lib/python3.8/site-packages/airflow/example_dags/example_bash_operator.py
[2025-06-28T04:41:15.531+0000] {processor.py:830} INFO - Processing file /home/airflow/.local/lib/python3.8/site-packages/airflow/example_dags/example_bash_operator.py for tasks to queue
[2025-06-28T04:41:15.532+0000] {logging_mixin.py:188} INFO - [2025-06-28T04:41:15.532+0000] {dagbag.py:538} INFO - Filling up the DagBag from /home/airflow/.local/lib/python3.8/site-packages/airflow/example_dags/example_bash_operator.py
[2025-06-28T04:41:15.541+0000] {processor.py:840} INFO - DAG(s) 'example_bash_operator' retrieved from /home/airflow/.local/lib/python3.8/site-packages/airflow/example_dags/example_bash_operator.py
[2025-06-28T04:41:15.561+0000] {logging_mixin.py:188} INFO - [2025-06-28T04:41:15.560+0000] {dag.py:3036} INFO - Sync 1 DAGs
[2025-06-28T04:41:15.576+0000] {logging_mixin.py:188} INFO - [2025-06-28T04:41:15.575+0000] {dag.py:3823} INFO - Setting next_dagrun for example_bash_operator to 2025-06-27 00:00:00+00:00, run_after=2025-06-28 00:00:00+00:00
[2025-06-28T04:41:15.589+0000] {processor.py:183} INFO - Processing /home/airflow/.local/lib/python3.8/site-packages/airflow/example_dags/example_bash_operator.py took 0.062 seconds
[2025-06-28T04:41:45.925+0000] {processor.py:161} INFO - Started process (PID=4790) to work on /home/airflow/.local/lib/python3.8/site-packages/airflow/example_dags/example_bash_operator.py
[2025-06-28T04:41:45.926+0000] {processor.py:830} INFO - Processing file /home/airflow/.local/lib/python3.8/site-packages/airflow/example_dags/example_bash_operator.py for tasks to queue
[2025-06-28T04:41:45.928+0000] {logging_mixin.py:188} INFO - [2025-06-28T04:41:45.928+0000] {dagbag.py:538} INFO - Filling up the DagBag from /home/airflow/.local/lib/python3.8/site-packages/airflow/example_dags/example_bash_operator.py
[2025-06-28T04:41:45.936+0000] {processor.py:840} INFO - DAG(s) 'example_bash_operator' retrieved from /home/airflow/.local/lib/python3.8/site-packages/airflow/example_dags/example_bash_operator.py
[2025-06-28T04:41:45.952+0000] {logging_mixin.py:188} INFO - [2025-06-28T04:41:45.952+0000] {dag.py:3036} INFO - Sync 1 DAGs
[2025-06-28T04:41:45.964+0000] {logging_mixin.py:188} INFO - [2025-06-28T04:41:45.964+0000] {dag.py:3823} INFO - Setting next_dagrun for example_bash_operator to 2025-06-27 00:00:00+00:00, run_after=2025-06-28 00:00:00+00:00
[2025-06-28T04:41:45.976+0000] {processor.py:183} INFO - Processing /home/airflow/.local/lib/python3.8/site-packages/airflow/example_dags/example_bash_operator.py took 0.053 seconds
[2025-06-28T04:42:16.308+0000] {processor.py:161} INFO - Started process (PID=5038) to work on /home/airflow/.local/lib/python3.8/site-packages/airflow/example_dags/example_bash_operator.py
[2025-06-28T04:42:16.309+0000] {processor.py:830} INFO - Processing file /home/airflow/.local/lib/python3.8/site-packages/airflow/example_dags/example_bash_operator.py for tasks to queue
[2025-06-28T04:42:16.310+0000] {logging_mixin.py:188} INFO - [2025-06-28T04:42:16.310+0000] {dagbag.py:538} INFO - Filling up the DagBag from /home/airflow/.local/lib/python3.8/site-packages/airflow/example_dags/example_bash_operator.py
[2025-06-28T04:42:16.317+0000] {processor.py:840} INFO - DAG(s) 'example_bash_operator' retrieved from /home/airflow/.local/lib/python3.8/site-packages/airflow/example_dags/example_bash_operator.py
[2025-06-28T04:42:16.333+0000] {logging_mixin.py:188} INFO - [2025-06-28T04:42:16.333+0000] {dag.py:3036} INFO - Sync 1 DAGs
[2025-06-28T04:42:16.351+0000] {logging_mixin.py:188} INFO - [2025-06-28T04:42:16.351+0000] {dag.py:3823} INFO - Setting next_dagrun for example_bash_operator to 2025-06-27 00:00:00+00:00, run_after=2025-06-28 00:00:00+00:00
[2025-06-28T04:42:16.365+0000] {processor.py:183} INFO - Processing /home/airflow/.local/lib/python3.8/site-packages/airflow/example_dags/example_bash_operator.py took 0.059 seconds
[2025-06-28T04:42:46.525+0000] {processor.py:161} INFO - Started process (PID=5288) to work on /home/airflow/.local/lib/python3.8/site-packages/airflow/example_dags/example_bash_operator.py
[2025-06-28T04:42:46.526+0000] {processor.py:830} INFO - Processing file /home/airflow/.local/lib/python3.8/site-packages/airflow/example_dags/example_bash_operator.py for tasks to queue
[2025-06-28T04:42:46.527+0000] {logging_mixin.py:188} INFO - [2025-06-28T04:42:46.527+0000] {dagbag.py:538} INFO - Filling up the DagBag from /home/airflow/.local/lib/python3.8/site-packages/airflow/example_dags/example_bash_operator.py
[2025-06-28T04:42:46.534+0000] {processor.py:840} INFO - DAG(s) 'example_bash_operator' retrieved from /home/airflow/.local/lib/python3.8/site-packages/airflow/example_dags/example_bash_operator.py
[2025-06-28T04:42:46.551+0000] {logging_mixin.py:188} INFO - [2025-06-28T04:42:46.551+0000] {dag.py:3036} INFO - Sync 1 DAGs
[2025-06-28T04:42:46.565+0000] {logging_mixin.py:188} INFO - [2025-06-28T04:42:46.565+0000] {dag.py:3823} INFO - Setting next_dagrun for example_bash_operator to 2025-06-27 00:00:00+00:00, run_after=2025-06-28 00:00:00+00:00
[2025-06-28T04:42:46.579+0000] {processor.py:183} INFO - Processing /home/airflow/.local/lib/python3.8/site-packages/airflow/example_dags/example_bash_operator.py took 0.056 seconds
[2025-06-28T04:43:16.873+0000] {processor.py:161} INFO - Started process (PID=5538) to work on /home/airflow/.local/lib/python3.8/site-packages/airflow/example_dags/example_bash_operator.py
[2025-06-28T04:43:16.873+0000] {processor.py:830} INFO - Processing file /home/airflow/.local/lib/python3.8/site-packages/airflow/example_dags/example_bash_operator.py for tasks to queue
[2025-06-28T04:43:16.874+0000] {logging_mixin.py:188} INFO - [2025-06-28T04:43:16.874+0000] {dagbag.py:538} INFO - Filling up the DagBag from /home/airflow/.local/lib/python3.8/site-packages/airflow/example_dags/example_bash_operator.py
[2025-06-28T04:43:16.881+0000] {processor.py:840} INFO - DAG(s) 'example_bash_operator' retrieved from /home/airflow/.local/lib/python3.8/site-packages/airflow/example_dags/example_bash_operator.py
[2025-06-28T04:43:16.901+0000] {logging_mixin.py:188} INFO - [2025-06-28T04:43:16.901+0000] {dag.py:3036} INFO - Sync 1 DAGs
[2025-06-28T04:43:16.919+0000] {logging_mixin.py:188} INFO - [2025-06-28T04:43:16.919+0000] {dag.py:3823} INFO - Setting next_dagrun for example_bash_operator to 2025-06-27 00:00:00+00:00, run_after=2025-06-28 00:00:00+00:00
[2025-06-28T04:43:16.934+0000] {processor.py:183} INFO - Processing /home/airflow/.local/lib/python3.8/site-packages/airflow/example_dags/example_bash_operator.py took 0.063 seconds
[2025-06-28T04:43:47.362+0000] {processor.py:161} INFO - Started process (PID=5788) to work on /home/airflow/.local/lib/python3.8/site-packages/airflow/example_dags/example_bash_operator.py
[2025-06-28T04:43:47.362+0000] {processor.py:830} INFO - Processing file /home/airflow/.local/lib/python3.8/site-packages/airflow/example_dags/example_bash_operator.py for tasks to queue
[2025-06-28T04:43:47.364+0000] {logging_mixin.py:188} INFO - [2025-06-28T04:43:47.363+0000] {dagbag.py:538} INFO - Filling up the DagBag from /home/airflow/.local/lib/python3.8/site-packages/airflow/example_dags/example_bash_operator.py
[2025-06-28T04:43:47.371+0000] {processor.py:840} INFO - DAG(s) 'example_bash_operator' retrieved from /home/airflow/.local/lib/python3.8/site-packages/airflow/example_dags/example_bash_operator.py
[2025-06-28T04:43:47.387+0000] {logging_mixin.py:188} INFO - [2025-06-28T04:43:47.387+0000] {dag.py:3036} INFO - Sync 1 DAGs
[2025-06-28T04:43:47.403+0000] {logging_mixin.py:188} INFO - [2025-06-28T04:43:47.403+0000] {dag.py:3823} INFO - Setting next_dagrun for example_bash_operator to 2025-06-27 00:00:00+00:00, run_after=2025-06-28 00:00:00+00:00
[2025-06-28T04:43:47.415+0000] {processor.py:183} INFO - Processing /home/airflow/.local/lib/python3.8/site-packages/airflow/example_dags/example_bash_operator.py took 0.056 seconds
[2025-06-28T04:44:17.705+0000] {processor.py:161} INFO - Started process (PID=6038) to work on /home/airflow/.local/lib/python3.8/site-packages/airflow/example_dags/example_bash_operator.py
[2025-06-28T04:44:17.705+0000] {processor.py:830} INFO - Processing file /home/airflow/.local/lib/python3.8/site-packages/airflow/example_dags/example_bash_operator.py for tasks to queue
[2025-06-28T04:44:17.707+0000] {logging_mixin.py:188} INFO - [2025-06-28T04:44:17.707+0000] {dagbag.py:538} INFO - Filling up the DagBag from /home/airflow/.local/lib/python3.8/site-packages/airflow/example_dags/example_bash_operator.py
[2025-06-28T04:44:17.714+0000] {processor.py:840} INFO - DAG(s) 'example_bash_operator' retrieved from /home/airflow/.local/lib/python3.8/site-packages/airflow/example_dags/example_bash_operator.py
[2025-06-28T04:44:17.733+0000] {logging_mixin.py:188} INFO - [2025-06-28T04:44:17.732+0000] {dag.py:3036} INFO - Sync 1 DAGs
[2025-06-28T04:44:17.746+0000] {logging_mixin.py:188} INFO - [2025-06-28T04:44:17.746+0000] {dag.py:3823} INFO - Setting next_dagrun for example_bash_operator to 2025-06-27 00:00:00+00:00, run_after=2025-06-28 00:00:00+00:00
[2025-06-28T04:44:17.756+0000] {processor.py:183} INFO - Processing /home/airflow/.local/lib/python3.8/site-packages/airflow/example_dags/example_bash_operator.py took 0.053 seconds
[2025-06-28T04:44:47.953+0000] {processor.py:161} INFO - Started process (PID=6290) to work on /home/airflow/.local/lib/python3.8/site-packages/airflow/example_dags/example_bash_operator.py
[2025-06-28T04:44:47.953+0000] {processor.py:830} INFO - Processing file /home/airflow/.local/lib/python3.8/site-packages/airflow/example_dags/example_bash_operator.py for tasks to queue
[2025-06-28T04:44:47.954+0000] {logging_mixin.py:188} INFO - [2025-06-28T04:44:47.954+0000] {dagbag.py:538} INFO - Filling up the DagBag from /home/airflow/.local/lib/python3.8/site-packages/airflow/example_dags/example_bash_operator.py
[2025-06-28T04:44:47.962+0000] {processor.py:840} INFO - DAG(s) 'example_bash_operator' retrieved from /home/airflow/.local/lib/python3.8/site-packages/airflow/example_dags/example_bash_operator.py
[2025-06-28T04:44:47.977+0000] {logging_mixin.py:188} INFO - [2025-06-28T04:44:47.977+0000] {dag.py:3036} INFO - Sync 1 DAGs
[2025-06-28T04:44:47.988+0000] {logging_mixin.py:188} INFO - [2025-06-28T04:44:47.988+0000] {dag.py:3823} INFO - Setting next_dagrun for example_bash_operator to 2025-06-27 00:00:00+00:00, run_after=2025-06-28 00:00:00+00:00
[2025-06-28T04:44:47.999+0000] {processor.py:183} INFO - Processing /home/airflow/.local/lib/python3.8/site-packages/airflow/example_dags/example_bash_operator.py took 0.048 seconds
[2025-06-28T04:45:18.155+0000] {processor.py:161} INFO - Started process (PID=6538) to work on /home/airflow/.local/lib/python3.8/site-packages/airflow/example_dags/example_bash_operator.py
[2025-06-28T04:45:18.156+0000] {processor.py:830} INFO - Processing file /home/airflow/.local/lib/python3.8/site-packages/airflow/example_dags/example_bash_operator.py for tasks to queue
[2025-06-28T04:45:18.158+0000] {logging_mixin.py:188} INFO - [2025-06-28T04:45:18.157+0000] {dagbag.py:538} INFO - Filling up the DagBag from /home/airflow/.local/lib/python3.8/site-packages/airflow/example_dags/example_bash_operator.py
[2025-06-28T04:45:18.165+0000] {processor.py:840} INFO - DAG(s) 'example_bash_operator' retrieved from /home/airflow/.local/lib/python3.8/site-packages/airflow/example_dags/example_bash_operator.py
[2025-06-28T04:45:18.191+0000] {logging_mixin.py:188} INFO - [2025-06-28T04:45:18.191+0000] {dag.py:3036} INFO - Sync 1 DAGs
[2025-06-28T04:45:18.205+0000] {logging_mixin.py:188} INFO - [2025-06-28T04:45:18.205+0000] {dag.py:3823} INFO - Setting next_dagrun for example_bash_operator to 2025-06-27 00:00:00+00:00, run_after=2025-06-28 00:00:00+00:00
[2025-06-28T04:45:18.217+0000] {processor.py:183} INFO - Processing /home/airflow/.local/lib/python3.8/site-packages/airflow/example_dags/example_bash_operator.py took 0.065 seconds
[2025-06-28T04:45:48.532+0000] {processor.py:161} INFO - Started process (PID=6788) to work on /home/airflow/.local/lib/python3.8/site-packages/airflow/example_dags/example_bash_operator.py
[2025-06-28T04:45:48.533+0000] {processor.py:830} INFO - Processing file /home/airflow/.local/lib/python3.8/site-packages/airflow/example_dags/example_bash_operator.py for tasks to queue
[2025-06-28T04:45:48.533+0000] {logging_mixin.py:188} INFO - [2025-06-28T04:45:48.533+0000] {dagbag.py:538} INFO - Filling up the DagBag from /home/airflow/.local/lib/python3.8/site-packages/airflow/example_dags/example_bash_operator.py
[2025-06-28T04:45:48.540+0000] {processor.py:840} INFO - DAG(s) 'example_bash_operator' retrieved from /home/airflow/.local/lib/python3.8/site-packages/airflow/example_dags/example_bash_operator.py
[2025-06-28T04:45:48.563+0000] {logging_mixin.py:188} INFO - [2025-06-28T04:45:48.563+0000] {dag.py:3036} INFO - Sync 1 DAGs
[2025-06-28T04:45:48.577+0000] {logging_mixin.py:188} INFO - [2025-06-28T04:45:48.577+0000] {dag.py:3823} INFO - Setting next_dagrun for example_bash_operator to 2025-06-27 00:00:00+00:00, run_after=2025-06-28 00:00:00+00:00
[2025-06-28T04:45:48.591+0000] {processor.py:183} INFO - Processing /home/airflow/.local/lib/python3.8/site-packages/airflow/example_dags/example_bash_operator.py took 0.061 seconds
[2025-06-28T04:46:18.905+0000] {processor.py:161} INFO - Started process (PID=7038) to work on /home/airflow/.local/lib/python3.8/site-packages/airflow/example_dags/example_bash_operator.py
[2025-06-28T04:46:18.906+0000] {processor.py:830} INFO - Processing file /home/airflow/.local/lib/python3.8/site-packages/airflow/example_dags/example_bash_operator.py for tasks to queue
[2025-06-28T04:46:18.907+0000] {logging_mixin.py:188} INFO - [2025-06-28T04:46:18.907+0000] {dagbag.py:538} INFO - Filling up the DagBag from /home/airflow/.local/lib/python3.8/site-packages/airflow/example_dags/example_bash_operator.py
[2025-06-28T04:46:18.914+0000] {processor.py:840} INFO - DAG(s) 'example_bash_operator' retrieved from /home/airflow/.local/lib/python3.8/site-packages/airflow/example_dags/example_bash_operator.py
[2025-06-28T04:46:18.973+0000] {logging_mixin.py:188} INFO - [2025-06-28T04:46:18.972+0000] {dag.py:3036} INFO - Sync 1 DAGs
[2025-06-28T04:46:19.009+0000] {logging_mixin.py:188} INFO - [2025-06-28T04:46:19.009+0000] {dag.py:3823} INFO - Setting next_dagrun for example_bash_operator to 2025-06-27 00:00:00+00:00, run_after=2025-06-28 00:00:00+00:00
[2025-06-28T04:46:19.031+0000] {processor.py:183} INFO - Processing /home/airflow/.local/lib/python3.8/site-packages/airflow/example_dags/example_bash_operator.py took 0.128 seconds
[2025-06-28T04:46:49.688+0000] {processor.py:161} INFO - Started process (PID=7290) to work on /home/airflow/.local/lib/python3.8/site-packages/airflow/example_dags/example_bash_operator.py
[2025-06-28T04:46:49.689+0000] {processor.py:830} INFO - Processing file /home/airflow/.local/lib/python3.8/site-packages/airflow/example_dags/example_bash_operator.py for tasks to queue
[2025-06-28T04:46:49.691+0000] {logging_mixin.py:188} INFO - [2025-06-28T04:46:49.690+0000] {dagbag.py:538} INFO - Filling up the DagBag from /home/airflow/.local/lib/python3.8/site-packages/airflow/example_dags/example_bash_operator.py
[2025-06-28T04:46:49.698+0000] {processor.py:840} INFO - DAG(s) 'example_bash_operator' retrieved from /home/airflow/.local/lib/python3.8/site-packages/airflow/example_dags/example_bash_operator.py
[2025-06-28T04:46:49.714+0000] {logging_mixin.py:188} INFO - [2025-06-28T04:46:49.714+0000] {dag.py:3036} INFO - Sync 1 DAGs
[2025-06-28T04:46:49.730+0000] {logging_mixin.py:188} INFO - [2025-06-28T04:46:49.730+0000] {dag.py:3823} INFO - Setting next_dagrun for example_bash_operator to 2025-06-27 00:00:00+00:00, run_after=2025-06-28 00:00:00+00:00
[2025-06-28T04:46:49.743+0000] {processor.py:183} INFO - Processing /home/airflow/.local/lib/python3.8/site-packages/airflow/example_dags/example_bash_operator.py took 0.058 seconds
[2025-06-28T04:47:19.893+0000] {processor.py:161} INFO - Started process (PID=7538) to work on /home/airflow/.local/lib/python3.8/site-packages/airflow/example_dags/example_bash_operator.py
[2025-06-28T04:47:19.894+0000] {processor.py:830} INFO - Processing file /home/airflow/.local/lib/python3.8/site-packages/airflow/example_dags/example_bash_operator.py for tasks to queue
[2025-06-28T04:47:19.895+0000] {logging_mixin.py:188} INFO - [2025-06-28T04:47:19.895+0000] {dagbag.py:538} INFO - Filling up the DagBag from /home/airflow/.local/lib/python3.8/site-packages/airflow/example_dags/example_bash_operator.py
[2025-06-28T04:47:19.901+0000] {processor.py:840} INFO - DAG(s) 'example_bash_operator' retrieved from /home/airflow/.local/lib/python3.8/site-packages/airflow/example_dags/example_bash_operator.py
[2025-06-28T04:47:19.918+0000] {logging_mixin.py:188} INFO - [2025-06-28T04:47:19.918+0000] {dag.py:3036} INFO - Sync 1 DAGs
[2025-06-28T04:47:19.932+0000] {logging_mixin.py:188} INFO - [2025-06-28T04:47:19.931+0000] {dag.py:3823} INFO - Setting next_dagrun for example_bash_operator to 2025-06-27 00:00:00+00:00, run_after=2025-06-28 00:00:00+00:00
[2025-06-28T04:47:19.946+0000] {processor.py:183} INFO - Processing /home/airflow/.local/lib/python3.8/site-packages/airflow/example_dags/example_bash_operator.py took 0.054 seconds
[2025-06-28T04:47:50.128+0000] {processor.py:161} INFO - Started process (PID=7789) to work on /home/airflow/.local/lib/python3.8/site-packages/airflow/example_dags/example_bash_operator.py
[2025-06-28T04:47:50.129+0000] {processor.py:830} INFO - Processing file /home/airflow/.local/lib/python3.8/site-packages/airflow/example_dags/example_bash_operator.py for tasks to queue
[2025-06-28T04:47:50.130+0000] {logging_mixin.py:188} INFO - [2025-06-28T04:47:50.130+0000] {dagbag.py:538} INFO - Filling up the DagBag from /home/airflow/.local/lib/python3.8/site-packages/airflow/example_dags/example_bash_operator.py
[2025-06-28T04:47:50.136+0000] {processor.py:840} INFO - DAG(s) 'example_bash_operator' retrieved from /home/airflow/.local/lib/python3.8/site-packages/airflow/example_dags/example_bash_operator.py
[2025-06-28T04:47:50.153+0000] {logging_mixin.py:188} INFO - [2025-06-28T04:47:50.153+0000] {dag.py:3036} INFO - Sync 1 DAGs
[2025-06-28T04:47:50.170+0000] {logging_mixin.py:188} INFO - [2025-06-28T04:47:50.170+0000] {dag.py:3823} INFO - Setting next_dagrun for example_bash_operator to 2025-06-27 00:00:00+00:00, run_after=2025-06-28 00:00:00+00:00
[2025-06-28T04:47:50.186+0000] {processor.py:183} INFO - Processing /home/airflow/.local/lib/python3.8/site-packages/airflow/example_dags/example_bash_operator.py took 0.059 seconds
[2025-06-28T04:48:21.291+0000] {processor.py:161} INFO - Started process (PID=8040) to work on /home/airflow/.local/lib/python3.8/site-packages/airflow/example_dags/example_bash_operator.py
[2025-06-28T04:48:21.292+0000] {processor.py:830} INFO - Processing file /home/airflow/.local/lib/python3.8/site-packages/airflow/example_dags/example_bash_operator.py for tasks to queue
[2025-06-28T04:48:21.293+0000] {logging_mixin.py:188} INFO - [2025-06-28T04:48:21.293+0000] {dagbag.py:538} INFO - Filling up the DagBag from /home/airflow/.local/lib/python3.8/site-packages/airflow/example_dags/example_bash_operator.py
[2025-06-28T04:48:21.299+0000] {processor.py:840} INFO - DAG(s) 'example_bash_operator' retrieved from /home/airflow/.local/lib/python3.8/site-packages/airflow/example_dags/example_bash_operator.py
[2025-06-28T04:48:21.317+0000] {logging_mixin.py:188} INFO - [2025-06-28T04:48:21.317+0000] {dag.py:3036} INFO - Sync 1 DAGs
[2025-06-28T04:48:21.331+0000] {logging_mixin.py:188} INFO - [2025-06-28T04:48:21.330+0000] {dag.py:3823} INFO - Setting next_dagrun for example_bash_operator to 2025-06-27 00:00:00+00:00, run_after=2025-06-28 00:00:00+00:00
[2025-06-28T04:48:21.342+0000] {processor.py:183} INFO - Processing /home/airflow/.local/lib/python3.8/site-packages/airflow/example_dags/example_bash_operator.py took 0.053 seconds
