[2025-06-28T04:32:39.712+0000] {processor.py:161} INFO - Started process (PID=335) to work on /home/airflow/.local/lib/python3.8/site-packages/airflow/example_dags/example_kubernetes_executor.py
[2025-06-28T04:32:39.712+0000] {processor.py:830} INFO - Processing file /home/airflow/.local/lib/python3.8/site-packages/airflow/example_dags/example_kubernetes_executor.py for tasks to queue
[2025-06-28T04:32:39.714+0000] {logging_mixin.py:188} INFO - [2025-06-28T04:32:39.713+0000] {dagbag.py:538} INFO - Filling up the DagBag from /home/airflow/.local/lib/python3.8/site-packages/airflow/example_dags/example_kubernetes_executor.py
[2025-06-28T04:32:39.726+0000] {processor.py:840} INFO - DAG(s) 'example_kubernetes_executor' retrieved from /home/airflow/.local/lib/python3.8/site-packages/airflow/example_dags/example_kubernetes_executor.py
[2025-06-28T04:32:39.739+0000] {logging_mixin.py:188} INFO - [2025-06-28T04:32:39.738+0000] {dag.py:3036} INFO - Sync 1 DAGs
[2025-06-28T04:32:39.752+0000] {logging_mixin.py:188} INFO - [2025-06-28T04:32:39.752+0000] {dag.py:3823} INFO - Setting next_dagrun for example_kubernetes_executor to None, run_after=None
[2025-06-28T04:32:39.772+0000] {processor.py:183} INFO - Processing /home/airflow/.local/lib/python3.8/site-packages/airflow/example_dags/example_kubernetes_executor.py took 0.064 seconds
[2025-06-28T04:33:11.048+0000] {processor.py:161} INFO - Started process (PID=585) to work on /home/airflow/.local/lib/python3.8/site-packages/airflow/example_dags/example_kubernetes_executor.py
[2025-06-28T04:33:11.049+0000] {processor.py:830} INFO - Processing file /home/airflow/.local/lib/python3.8/site-packages/airflow/example_dags/example_kubernetes_executor.py for tasks to queue
[2025-06-28T04:33:11.050+0000] {logging_mixin.py:188} INFO - [2025-06-28T04:33:11.050+0000] {dagbag.py:538} INFO - Filling up the DagBag from /home/airflow/.local/lib/python3.8/site-packages/airflow/example_dags/example_kubernetes_executor.py
[2025-06-28T04:33:11.064+0000] {processor.py:840} INFO - DAG(s) 'example_kubernetes_executor' retrieved from /home/airflow/.local/lib/python3.8/site-packages/airflow/example_dags/example_kubernetes_executor.py
[2025-06-28T04:33:11.135+0000] {logging_mixin.py:188} INFO - [2025-06-28T04:33:11.134+0000] {dag.py:3036} INFO - Sync 1 DAGs
[2025-06-28T04:33:11.143+0000] {logging_mixin.py:188} INFO - [2025-06-28T04:33:11.143+0000] {dag.py:3823} INFO - Setting next_dagrun for example_kubernetes_executor to None, run_after=None
[2025-06-28T04:33:11.156+0000] {processor.py:183} INFO - Processing /home/airflow/.local/lib/python3.8/site-packages/airflow/example_dags/example_kubernetes_executor.py took 0.111 seconds
[2025-06-28T04:33:41.271+0000] {processor.py:161} INFO - Started process (PID=840) to work on /home/airflow/.local/lib/python3.8/site-packages/airflow/example_dags/example_kubernetes_executor.py
[2025-06-28T04:33:41.273+0000] {processor.py:830} INFO - Processing file /home/airflow/.local/lib/python3.8/site-packages/airflow/example_dags/example_kubernetes_executor.py for tasks to queue
[2025-06-28T04:33:41.275+0000] {logging_mixin.py:188} INFO - [2025-06-28T04:33:41.275+0000] {dagbag.py:538} INFO - Filling up the DagBag from /home/airflow/.local/lib/python3.8/site-packages/airflow/example_dags/example_kubernetes_executor.py
[2025-06-28T04:33:41.286+0000] {processor.py:840} INFO - DAG(s) 'example_kubernetes_executor' retrieved from /home/airflow/.local/lib/python3.8/site-packages/airflow/example_dags/example_kubernetes_executor.py
[2025-06-28T04:33:41.311+0000] {logging_mixin.py:188} INFO - [2025-06-28T04:33:41.311+0000] {dag.py:3036} INFO - Sync 1 DAGs
[2025-06-28T04:33:41.319+0000] {logging_mixin.py:188} INFO - [2025-06-28T04:33:41.319+0000] {dag.py:3823} INFO - Setting next_dagrun for example_kubernetes_executor to None, run_after=None
[2025-06-28T04:33:41.331+0000] {processor.py:183} INFO - Processing /home/airflow/.local/lib/python3.8/site-packages/airflow/example_dags/example_kubernetes_executor.py took 0.063 seconds
[2025-06-28T04:34:11.473+0000] {processor.py:161} INFO - Started process (PID=1088) to work on /home/airflow/.local/lib/python3.8/site-packages/airflow/example_dags/example_kubernetes_executor.py
[2025-06-28T04:34:11.474+0000] {processor.py:830} INFO - Processing file /home/airflow/.local/lib/python3.8/site-packages/airflow/example_dags/example_kubernetes_executor.py for tasks to queue
[2025-06-28T04:34:11.476+0000] {logging_mixin.py:188} INFO - [2025-06-28T04:34:11.475+0000] {dagbag.py:538} INFO - Filling up the DagBag from /home/airflow/.local/lib/python3.8/site-packages/airflow/example_dags/example_kubernetes_executor.py
[2025-06-28T04:34:11.488+0000] {processor.py:840} INFO - DAG(s) 'example_kubernetes_executor' retrieved from /home/airflow/.local/lib/python3.8/site-packages/airflow/example_dags/example_kubernetes_executor.py
[2025-06-28T04:34:11.513+0000] {logging_mixin.py:188} INFO - [2025-06-28T04:34:11.512+0000] {dag.py:3036} INFO - Sync 1 DAGs
[2025-06-28T04:34:11.521+0000] {logging_mixin.py:188} INFO - [2025-06-28T04:34:11.521+0000] {dag.py:3823} INFO - Setting next_dagrun for example_kubernetes_executor to None, run_after=None
[2025-06-28T04:34:11.538+0000] {processor.py:183} INFO - Processing /home/airflow/.local/lib/python3.8/site-packages/airflow/example_dags/example_kubernetes_executor.py took 0.068 seconds
[2025-06-28T04:34:41.891+0000] {processor.py:161} INFO - Started process (PID=1335) to work on /home/airflow/.local/lib/python3.8/site-packages/airflow/example_dags/example_kubernetes_executor.py
[2025-06-28T04:34:41.892+0000] {processor.py:830} INFO - Processing file /home/airflow/.local/lib/python3.8/site-packages/airflow/example_dags/example_kubernetes_executor.py for tasks to queue
[2025-06-28T04:34:41.893+0000] {logging_mixin.py:188} INFO - [2025-06-28T04:34:41.893+0000] {dagbag.py:538} INFO - Filling up the DagBag from /home/airflow/.local/lib/python3.8/site-packages/airflow/example_dags/example_kubernetes_executor.py
[2025-06-28T04:34:41.899+0000] {processor.py:840} INFO - DAG(s) 'example_kubernetes_executor' retrieved from /home/airflow/.local/lib/python3.8/site-packages/airflow/example_dags/example_kubernetes_executor.py
[2025-06-28T04:34:41.925+0000] {logging_mixin.py:188} INFO - [2025-06-28T04:34:41.925+0000] {dag.py:3036} INFO - Sync 1 DAGs
[2025-06-28T04:34:41.932+0000] {logging_mixin.py:188} INFO - [2025-06-28T04:34:41.932+0000] {dag.py:3823} INFO - Setting next_dagrun for example_kubernetes_executor to None, run_after=None
[2025-06-28T04:34:41.947+0000] {processor.py:183} INFO - Processing /home/airflow/.local/lib/python3.8/site-packages/airflow/example_dags/example_kubernetes_executor.py took 0.057 seconds
[2025-06-28T04:35:12.280+0000] {processor.py:161} INFO - Started process (PID=1583) to work on /home/airflow/.local/lib/python3.8/site-packages/airflow/example_dags/example_kubernetes_executor.py
[2025-06-28T04:35:12.281+0000] {processor.py:830} INFO - Processing file /home/airflow/.local/lib/python3.8/site-packages/airflow/example_dags/example_kubernetes_executor.py for tasks to queue
[2025-06-28T04:35:12.282+0000] {logging_mixin.py:188} INFO - [2025-06-28T04:35:12.282+0000] {dagbag.py:538} INFO - Filling up the DagBag from /home/airflow/.local/lib/python3.8/site-packages/airflow/example_dags/example_kubernetes_executor.py
[2025-06-28T04:35:12.297+0000] {processor.py:840} INFO - DAG(s) 'example_kubernetes_executor' retrieved from /home/airflow/.local/lib/python3.8/site-packages/airflow/example_dags/example_kubernetes_executor.py
[2025-06-28T04:35:12.321+0000] {logging_mixin.py:188} INFO - [2025-06-28T04:35:12.321+0000] {dag.py:3036} INFO - Sync 1 DAGs
[2025-06-28T04:35:12.328+0000] {logging_mixin.py:188} INFO - [2025-06-28T04:35:12.328+0000] {dag.py:3823} INFO - Setting next_dagrun for example_kubernetes_executor to None, run_after=None
[2025-06-28T04:35:12.342+0000] {processor.py:183} INFO - Processing /home/airflow/.local/lib/python3.8/site-packages/airflow/example_dags/example_kubernetes_executor.py took 0.065 seconds
[2025-06-28T04:35:42.938+0000] {processor.py:161} INFO - Started process (PID=1833) to work on /home/airflow/.local/lib/python3.8/site-packages/airflow/example_dags/example_kubernetes_executor.py
[2025-06-28T04:35:42.939+0000] {processor.py:830} INFO - Processing file /home/airflow/.local/lib/python3.8/site-packages/airflow/example_dags/example_kubernetes_executor.py for tasks to queue
[2025-06-28T04:35:42.941+0000] {logging_mixin.py:188} INFO - [2025-06-28T04:35:42.941+0000] {dagbag.py:538} INFO - Filling up the DagBag from /home/airflow/.local/lib/python3.8/site-packages/airflow/example_dags/example_kubernetes_executor.py
[2025-06-28T04:35:42.949+0000] {processor.py:840} INFO - DAG(s) 'example_kubernetes_executor' retrieved from /home/airflow/.local/lib/python3.8/site-packages/airflow/example_dags/example_kubernetes_executor.py
[2025-06-28T04:35:42.975+0000] {logging_mixin.py:188} INFO - [2025-06-28T04:35:42.974+0000] {dag.py:3036} INFO - Sync 1 DAGs
[2025-06-28T04:35:42.982+0000] {logging_mixin.py:188} INFO - [2025-06-28T04:35:42.982+0000] {dag.py:3823} INFO - Setting next_dagrun for example_kubernetes_executor to None, run_after=None
[2025-06-28T04:35:42.997+0000] {processor.py:183} INFO - Processing /home/airflow/.local/lib/python3.8/site-packages/airflow/example_dags/example_kubernetes_executor.py took 0.061 seconds
[2025-06-28T04:36:13.293+0000] {processor.py:161} INFO - Started process (PID=2085) to work on /home/airflow/.local/lib/python3.8/site-packages/airflow/example_dags/example_kubernetes_executor.py
[2025-06-28T04:36:13.293+0000] {processor.py:830} INFO - Processing file /home/airflow/.local/lib/python3.8/site-packages/airflow/example_dags/example_kubernetes_executor.py for tasks to queue
[2025-06-28T04:36:13.295+0000] {logging_mixin.py:188} INFO - [2025-06-28T04:36:13.295+0000] {dagbag.py:538} INFO - Filling up the DagBag from /home/airflow/.local/lib/python3.8/site-packages/airflow/example_dags/example_kubernetes_executor.py
[2025-06-28T04:36:13.303+0000] {processor.py:840} INFO - DAG(s) 'example_kubernetes_executor' retrieved from /home/airflow/.local/lib/python3.8/site-packages/airflow/example_dags/example_kubernetes_executor.py
[2025-06-28T04:36:13.326+0000] {logging_mixin.py:188} INFO - [2025-06-28T04:36:13.326+0000] {dag.py:3036} INFO - Sync 1 DAGs
[2025-06-28T04:36:13.333+0000] {logging_mixin.py:188} INFO - [2025-06-28T04:36:13.333+0000] {dag.py:3823} INFO - Setting next_dagrun for example_kubernetes_executor to None, run_after=None
[2025-06-28T04:36:13.349+0000] {processor.py:183} INFO - Processing /home/airflow/.local/lib/python3.8/site-packages/airflow/example_dags/example_kubernetes_executor.py took 0.060 seconds
[2025-06-28T04:36:43.530+0000] {processor.py:161} INFO - Started process (PID=2333) to work on /home/airflow/.local/lib/python3.8/site-packages/airflow/example_dags/example_kubernetes_executor.py
[2025-06-28T04:36:43.531+0000] {processor.py:830} INFO - Processing file /home/airflow/.local/lib/python3.8/site-packages/airflow/example_dags/example_kubernetes_executor.py for tasks to queue
[2025-06-28T04:36:43.532+0000] {logging_mixin.py:188} INFO - [2025-06-28T04:36:43.532+0000] {dagbag.py:538} INFO - Filling up the DagBag from /home/airflow/.local/lib/python3.8/site-packages/airflow/example_dags/example_kubernetes_executor.py
[2025-06-28T04:36:43.538+0000] {processor.py:840} INFO - DAG(s) 'example_kubernetes_executor' retrieved from /home/airflow/.local/lib/python3.8/site-packages/airflow/example_dags/example_kubernetes_executor.py
[2025-06-28T04:36:43.563+0000] {logging_mixin.py:188} INFO - [2025-06-28T04:36:43.563+0000] {dag.py:3036} INFO - Sync 1 DAGs
[2025-06-28T04:36:43.569+0000] {logging_mixin.py:188} INFO - [2025-06-28T04:36:43.569+0000] {dag.py:3823} INFO - Setting next_dagrun for example_kubernetes_executor to None, run_after=None
[2025-06-28T04:36:43.580+0000] {processor.py:183} INFO - Processing /home/airflow/.local/lib/python3.8/site-packages/airflow/example_dags/example_kubernetes_executor.py took 0.052 seconds
[2025-06-28T04:37:13.684+0000] {processor.py:161} INFO - Started process (PID=2585) to work on /home/airflow/.local/lib/python3.8/site-packages/airflow/example_dags/example_kubernetes_executor.py
[2025-06-28T04:37:13.685+0000] {processor.py:830} INFO - Processing file /home/airflow/.local/lib/python3.8/site-packages/airflow/example_dags/example_kubernetes_executor.py for tasks to queue
[2025-06-28T04:37:13.686+0000] {logging_mixin.py:188} INFO - [2025-06-28T04:37:13.686+0000] {dagbag.py:538} INFO - Filling up the DagBag from /home/airflow/.local/lib/python3.8/site-packages/airflow/example_dags/example_kubernetes_executor.py
[2025-06-28T04:37:13.692+0000] {processor.py:840} INFO - DAG(s) 'example_kubernetes_executor' retrieved from /home/airflow/.local/lib/python3.8/site-packages/airflow/example_dags/example_kubernetes_executor.py
[2025-06-28T04:37:13.713+0000] {logging_mixin.py:188} INFO - [2025-06-28T04:37:13.712+0000] {dag.py:3036} INFO - Sync 1 DAGs
[2025-06-28T04:37:13.719+0000] {logging_mixin.py:188} INFO - [2025-06-28T04:37:13.719+0000] {dag.py:3823} INFO - Setting next_dagrun for example_kubernetes_executor to None, run_after=None
[2025-06-28T04:37:13.731+0000] {processor.py:183} INFO - Processing /home/airflow/.local/lib/python3.8/site-packages/airflow/example_dags/example_kubernetes_executor.py took 0.048 seconds
[2025-06-28T04:37:43.778+0000] {processor.py:161} INFO - Started process (PID=2833) to work on /home/airflow/.local/lib/python3.8/site-packages/airflow/example_dags/example_kubernetes_executor.py
[2025-06-28T04:37:43.778+0000] {processor.py:830} INFO - Processing file /home/airflow/.local/lib/python3.8/site-packages/airflow/example_dags/example_kubernetes_executor.py for tasks to queue
[2025-06-28T04:37:43.779+0000] {logging_mixin.py:188} INFO - [2025-06-28T04:37:43.779+0000] {dagbag.py:538} INFO - Filling up the DagBag from /home/airflow/.local/lib/python3.8/site-packages/airflow/example_dags/example_kubernetes_executor.py
[2025-06-28T04:37:43.786+0000] {processor.py:840} INFO - DAG(s) 'example_kubernetes_executor' retrieved from /home/airflow/.local/lib/python3.8/site-packages/airflow/example_dags/example_kubernetes_executor.py
[2025-06-28T04:37:43.815+0000] {logging_mixin.py:188} INFO - [2025-06-28T04:37:43.815+0000] {dag.py:3036} INFO - Sync 1 DAGs
[2025-06-28T04:37:43.821+0000] {logging_mixin.py:188} INFO - [2025-06-28T04:37:43.821+0000] {dag.py:3823} INFO - Setting next_dagrun for example_kubernetes_executor to None, run_after=None
[2025-06-28T04:37:43.836+0000] {processor.py:183} INFO - Processing /home/airflow/.local/lib/python3.8/site-packages/airflow/example_dags/example_kubernetes_executor.py took 0.060 seconds
[2025-06-28T04:38:14.134+0000] {processor.py:161} INFO - Started process (PID=3085) to work on /home/airflow/.local/lib/python3.8/site-packages/airflow/example_dags/example_kubernetes_executor.py
[2025-06-28T04:38:14.134+0000] {processor.py:830} INFO - Processing file /home/airflow/.local/lib/python3.8/site-packages/airflow/example_dags/example_kubernetes_executor.py for tasks to queue
[2025-06-28T04:38:14.136+0000] {logging_mixin.py:188} INFO - [2025-06-28T04:38:14.135+0000] {dagbag.py:538} INFO - Filling up the DagBag from /home/airflow/.local/lib/python3.8/site-packages/airflow/example_dags/example_kubernetes_executor.py
[2025-06-28T04:38:14.142+0000] {processor.py:840} INFO - DAG(s) 'example_kubernetes_executor' retrieved from /home/airflow/.local/lib/python3.8/site-packages/airflow/example_dags/example_kubernetes_executor.py
[2025-06-28T04:38:14.166+0000] {logging_mixin.py:188} INFO - [2025-06-28T04:38:14.165+0000] {dag.py:3036} INFO - Sync 1 DAGs
[2025-06-28T04:38:14.172+0000] {logging_mixin.py:188} INFO - [2025-06-28T04:38:14.171+0000] {dag.py:3823} INFO - Setting next_dagrun for example_kubernetes_executor to None, run_after=None
[2025-06-28T04:38:14.183+0000] {processor.py:183} INFO - Processing /home/airflow/.local/lib/python3.8/site-packages/airflow/example_dags/example_kubernetes_executor.py took 0.052 seconds
[2025-06-28T04:38:44.436+0000] {processor.py:161} INFO - Started process (PID=3333) to work on /home/airflow/.local/lib/python3.8/site-packages/airflow/example_dags/example_kubernetes_executor.py
[2025-06-28T04:38:44.436+0000] {processor.py:830} INFO - Processing file /home/airflow/.local/lib/python3.8/site-packages/airflow/example_dags/example_kubernetes_executor.py for tasks to queue
[2025-06-28T04:38:44.438+0000] {logging_mixin.py:188} INFO - [2025-06-28T04:38:44.438+0000] {dagbag.py:538} INFO - Filling up the DagBag from /home/airflow/.local/lib/python3.8/site-packages/airflow/example_dags/example_kubernetes_executor.py
[2025-06-28T04:38:44.447+0000] {processor.py:840} INFO - DAG(s) 'example_kubernetes_executor' retrieved from /home/airflow/.local/lib/python3.8/site-packages/airflow/example_dags/example_kubernetes_executor.py
[2025-06-28T04:38:44.472+0000] {logging_mixin.py:188} INFO - [2025-06-28T04:38:44.471+0000] {dag.py:3036} INFO - Sync 1 DAGs
[2025-06-28T04:38:44.480+0000] {logging_mixin.py:188} INFO - [2025-06-28T04:38:44.480+0000] {dag.py:3823} INFO - Setting next_dagrun for example_kubernetes_executor to None, run_after=None
[2025-06-28T04:38:44.493+0000] {processor.py:183} INFO - Processing /home/airflow/.local/lib/python3.8/site-packages/airflow/example_dags/example_kubernetes_executor.py took 0.060 seconds
[2025-06-28T04:39:14.625+0000] {processor.py:161} INFO - Started process (PID=3583) to work on /home/airflow/.local/lib/python3.8/site-packages/airflow/example_dags/example_kubernetes_executor.py
[2025-06-28T04:39:14.626+0000] {processor.py:830} INFO - Processing file /home/airflow/.local/lib/python3.8/site-packages/airflow/example_dags/example_kubernetes_executor.py for tasks to queue
[2025-06-28T04:39:14.627+0000] {logging_mixin.py:188} INFO - [2025-06-28T04:39:14.627+0000] {dagbag.py:538} INFO - Filling up the DagBag from /home/airflow/.local/lib/python3.8/site-packages/airflow/example_dags/example_kubernetes_executor.py
[2025-06-28T04:39:14.634+0000] {processor.py:840} INFO - DAG(s) 'example_kubernetes_executor' retrieved from /home/airflow/.local/lib/python3.8/site-packages/airflow/example_dags/example_kubernetes_executor.py
[2025-06-28T04:39:14.654+0000] {logging_mixin.py:188} INFO - [2025-06-28T04:39:14.654+0000] {dag.py:3036} INFO - Sync 1 DAGs
[2025-06-28T04:39:14.664+0000] {logging_mixin.py:188} INFO - [2025-06-28T04:39:14.664+0000] {dag.py:3823} INFO - Setting next_dagrun for example_kubernetes_executor to None, run_after=None
[2025-06-28T04:39:14.679+0000] {processor.py:183} INFO - Processing /home/airflow/.local/lib/python3.8/site-packages/airflow/example_dags/example_kubernetes_executor.py took 0.056 seconds
[2025-06-28T04:39:44.913+0000] {processor.py:161} INFO - Started process (PID=3835) to work on /home/airflow/.local/lib/python3.8/site-packages/airflow/example_dags/example_kubernetes_executor.py
[2025-06-28T04:39:44.914+0000] {processor.py:830} INFO - Processing file /home/airflow/.local/lib/python3.8/site-packages/airflow/example_dags/example_kubernetes_executor.py for tasks to queue
[2025-06-28T04:39:44.915+0000] {logging_mixin.py:188} INFO - [2025-06-28T04:39:44.915+0000] {dagbag.py:538} INFO - Filling up the DagBag from /home/airflow/.local/lib/python3.8/site-packages/airflow/example_dags/example_kubernetes_executor.py
[2025-06-28T04:39:44.928+0000] {processor.py:840} INFO - DAG(s) 'example_kubernetes_executor' retrieved from /home/airflow/.local/lib/python3.8/site-packages/airflow/example_dags/example_kubernetes_executor.py
[2025-06-28T04:39:44.949+0000] {logging_mixin.py:188} INFO - [2025-06-28T04:39:44.948+0000] {dag.py:3036} INFO - Sync 1 DAGs
[2025-06-28T04:39:44.956+0000] {logging_mixin.py:188} INFO - [2025-06-28T04:39:44.956+0000] {dag.py:3823} INFO - Setting next_dagrun for example_kubernetes_executor to None, run_after=None
[2025-06-28T04:39:44.966+0000] {processor.py:183} INFO - Processing /home/airflow/.local/lib/python3.8/site-packages/airflow/example_dags/example_kubernetes_executor.py took 0.056 seconds
[2025-06-28T04:40:15.164+0000] {processor.py:161} INFO - Started process (PID=4083) to work on /home/airflow/.local/lib/python3.8/site-packages/airflow/example_dags/example_kubernetes_executor.py
[2025-06-28T04:40:15.165+0000] {processor.py:830} INFO - Processing file /home/airflow/.local/lib/python3.8/site-packages/airflow/example_dags/example_kubernetes_executor.py for tasks to queue
[2025-06-28T04:40:15.166+0000] {logging_mixin.py:188} INFO - [2025-06-28T04:40:15.166+0000] {dagbag.py:538} INFO - Filling up the DagBag from /home/airflow/.local/lib/python3.8/site-packages/airflow/example_dags/example_kubernetes_executor.py
[2025-06-28T04:40:15.173+0000] {processor.py:840} INFO - DAG(s) 'example_kubernetes_executor' retrieved from /home/airflow/.local/lib/python3.8/site-packages/airflow/example_dags/example_kubernetes_executor.py
[2025-06-28T04:40:15.196+0000] {logging_mixin.py:188} INFO - [2025-06-28T04:40:15.195+0000] {dag.py:3036} INFO - Sync 1 DAGs
[2025-06-28T04:40:15.203+0000] {logging_mixin.py:188} INFO - [2025-06-28T04:40:15.203+0000] {dag.py:3823} INFO - Setting next_dagrun for example_kubernetes_executor to None, run_after=None
[2025-06-28T04:40:15.214+0000] {processor.py:183} INFO - Processing /home/airflow/.local/lib/python3.8/site-packages/airflow/example_dags/example_kubernetes_executor.py took 0.051 seconds
[2025-06-28T04:40:45.527+0000] {processor.py:161} INFO - Started process (PID=4335) to work on /home/airflow/.local/lib/python3.8/site-packages/airflow/example_dags/example_kubernetes_executor.py
[2025-06-28T04:40:45.528+0000] {processor.py:830} INFO - Processing file /home/airflow/.local/lib/python3.8/site-packages/airflow/example_dags/example_kubernetes_executor.py for tasks to queue
[2025-06-28T04:40:45.530+0000] {logging_mixin.py:188} INFO - [2025-06-28T04:40:45.529+0000] {dagbag.py:538} INFO - Filling up the DagBag from /home/airflow/.local/lib/python3.8/site-packages/airflow/example_dags/example_kubernetes_executor.py
[2025-06-28T04:40:45.538+0000] {processor.py:840} INFO - DAG(s) 'example_kubernetes_executor' retrieved from /home/airflow/.local/lib/python3.8/site-packages/airflow/example_dags/example_kubernetes_executor.py
[2025-06-28T04:40:45.558+0000] {logging_mixin.py:188} INFO - [2025-06-28T04:40:45.558+0000] {dag.py:3036} INFO - Sync 1 DAGs
[2025-06-28T04:40:45.564+0000] {logging_mixin.py:188} INFO - [2025-06-28T04:40:45.564+0000] {dag.py:3823} INFO - Setting next_dagrun for example_kubernetes_executor to None, run_after=None
[2025-06-28T04:40:45.575+0000] {processor.py:183} INFO - Processing /home/airflow/.local/lib/python3.8/site-packages/airflow/example_dags/example_kubernetes_executor.py took 0.051 seconds
[2025-06-28T04:41:15.987+0000] {processor.py:161} INFO - Started process (PID=4585) to work on /home/airflow/.local/lib/python3.8/site-packages/airflow/example_dags/example_kubernetes_executor.py
[2025-06-28T04:41:15.988+0000] {processor.py:830} INFO - Processing file /home/airflow/.local/lib/python3.8/site-packages/airflow/example_dags/example_kubernetes_executor.py for tasks to queue
[2025-06-28T04:41:15.989+0000] {logging_mixin.py:188} INFO - [2025-06-28T04:41:15.988+0000] {dagbag.py:538} INFO - Filling up the DagBag from /home/airflow/.local/lib/python3.8/site-packages/airflow/example_dags/example_kubernetes_executor.py
[2025-06-28T04:41:15.997+0000] {processor.py:840} INFO - DAG(s) 'example_kubernetes_executor' retrieved from /home/airflow/.local/lib/python3.8/site-packages/airflow/example_dags/example_kubernetes_executor.py
[2025-06-28T04:41:16.026+0000] {logging_mixin.py:188} INFO - [2025-06-28T04:41:16.026+0000] {dag.py:3036} INFO - Sync 1 DAGs
[2025-06-28T04:41:16.034+0000] {logging_mixin.py:188} INFO - [2025-06-28T04:41:16.033+0000] {dag.py:3823} INFO - Setting next_dagrun for example_kubernetes_executor to None, run_after=None
[2025-06-28T04:41:16.045+0000] {processor.py:183} INFO - Processing /home/airflow/.local/lib/python3.8/site-packages/airflow/example_dags/example_kubernetes_executor.py took 0.059 seconds
[2025-06-28T04:41:46.319+0000] {processor.py:161} INFO - Started process (PID=4833) to work on /home/airflow/.local/lib/python3.8/site-packages/airflow/example_dags/example_kubernetes_executor.py
[2025-06-28T04:41:46.320+0000] {processor.py:830} INFO - Processing file /home/airflow/.local/lib/python3.8/site-packages/airflow/example_dags/example_kubernetes_executor.py for tasks to queue
[2025-06-28T04:41:46.321+0000] {logging_mixin.py:188} INFO - [2025-06-28T04:41:46.321+0000] {dagbag.py:538} INFO - Filling up the DagBag from /home/airflow/.local/lib/python3.8/site-packages/airflow/example_dags/example_kubernetes_executor.py
[2025-06-28T04:41:46.327+0000] {processor.py:840} INFO - DAG(s) 'example_kubernetes_executor' retrieved from /home/airflow/.local/lib/python3.8/site-packages/airflow/example_dags/example_kubernetes_executor.py
[2025-06-28T04:41:46.351+0000] {logging_mixin.py:188} INFO - [2025-06-28T04:41:46.351+0000] {dag.py:3036} INFO - Sync 1 DAGs
[2025-06-28T04:41:46.358+0000] {logging_mixin.py:188} INFO - [2025-06-28T04:41:46.358+0000] {dag.py:3823} INFO - Setting next_dagrun for example_kubernetes_executor to None, run_after=None
[2025-06-28T04:41:46.371+0000] {processor.py:183} INFO - Processing /home/airflow/.local/lib/python3.8/site-packages/airflow/example_dags/example_kubernetes_executor.py took 0.054 seconds
[2025-06-28T04:42:16.626+0000] {processor.py:161} INFO - Started process (PID=5083) to work on /home/airflow/.local/lib/python3.8/site-packages/airflow/example_dags/example_kubernetes_executor.py
[2025-06-28T04:42:16.627+0000] {processor.py:830} INFO - Processing file /home/airflow/.local/lib/python3.8/site-packages/airflow/example_dags/example_kubernetes_executor.py for tasks to queue
[2025-06-28T04:42:16.629+0000] {logging_mixin.py:188} INFO - [2025-06-28T04:42:16.628+0000] {dagbag.py:538} INFO - Filling up the DagBag from /home/airflow/.local/lib/python3.8/site-packages/airflow/example_dags/example_kubernetes_executor.py
[2025-06-28T04:42:16.637+0000] {processor.py:840} INFO - DAG(s) 'example_kubernetes_executor' retrieved from /home/airflow/.local/lib/python3.8/site-packages/airflow/example_dags/example_kubernetes_executor.py
[2025-06-28T04:42:16.663+0000] {logging_mixin.py:188} INFO - [2025-06-28T04:42:16.662+0000] {dag.py:3036} INFO - Sync 1 DAGs
[2025-06-28T04:42:16.674+0000] {logging_mixin.py:188} INFO - [2025-06-28T04:42:16.673+0000] {dag.py:3823} INFO - Setting next_dagrun for example_kubernetes_executor to None, run_after=None
[2025-06-28T04:42:16.689+0000] {processor.py:183} INFO - Processing /home/airflow/.local/lib/python3.8/site-packages/airflow/example_dags/example_kubernetes_executor.py took 0.065 seconds
[2025-06-28T04:42:46.940+0000] {processor.py:161} INFO - Started process (PID=5333) to work on /home/airflow/.local/lib/python3.8/site-packages/airflow/example_dags/example_kubernetes_executor.py
[2025-06-28T04:42:46.940+0000] {processor.py:830} INFO - Processing file /home/airflow/.local/lib/python3.8/site-packages/airflow/example_dags/example_kubernetes_executor.py for tasks to queue
[2025-06-28T04:42:46.941+0000] {logging_mixin.py:188} INFO - [2025-06-28T04:42:46.941+0000] {dagbag.py:538} INFO - Filling up the DagBag from /home/airflow/.local/lib/python3.8/site-packages/airflow/example_dags/example_kubernetes_executor.py
[2025-06-28T04:42:46.950+0000] {processor.py:840} INFO - DAG(s) 'example_kubernetes_executor' retrieved from /home/airflow/.local/lib/python3.8/site-packages/airflow/example_dags/example_kubernetes_executor.py
[2025-06-28T04:42:46.972+0000] {logging_mixin.py:188} INFO - [2025-06-28T04:42:46.972+0000] {dag.py:3036} INFO - Sync 1 DAGs
[2025-06-28T04:42:46.980+0000] {logging_mixin.py:188} INFO - [2025-06-28T04:42:46.980+0000] {dag.py:3823} INFO - Setting next_dagrun for example_kubernetes_executor to None, run_after=None
[2025-06-28T04:42:46.993+0000] {processor.py:183} INFO - Processing /home/airflow/.local/lib/python3.8/site-packages/airflow/example_dags/example_kubernetes_executor.py took 0.055 seconds
[2025-06-28T04:43:17.178+0000] {processor.py:161} INFO - Started process (PID=5583) to work on /home/airflow/.local/lib/python3.8/site-packages/airflow/example_dags/example_kubernetes_executor.py
[2025-06-28T04:43:17.179+0000] {processor.py:830} INFO - Processing file /home/airflow/.local/lib/python3.8/site-packages/airflow/example_dags/example_kubernetes_executor.py for tasks to queue
[2025-06-28T04:43:17.180+0000] {logging_mixin.py:188} INFO - [2025-06-28T04:43:17.180+0000] {dagbag.py:538} INFO - Filling up the DagBag from /home/airflow/.local/lib/python3.8/site-packages/airflow/example_dags/example_kubernetes_executor.py
[2025-06-28T04:43:17.187+0000] {processor.py:840} INFO - DAG(s) 'example_kubernetes_executor' retrieved from /home/airflow/.local/lib/python3.8/site-packages/airflow/example_dags/example_kubernetes_executor.py
[2025-06-28T04:43:17.211+0000] {logging_mixin.py:188} INFO - [2025-06-28T04:43:17.211+0000] {dag.py:3036} INFO - Sync 1 DAGs
[2025-06-28T04:43:17.222+0000] {logging_mixin.py:188} INFO - [2025-06-28T04:43:17.222+0000] {dag.py:3823} INFO - Setting next_dagrun for example_kubernetes_executor to None, run_after=None
[2025-06-28T04:43:17.238+0000] {processor.py:183} INFO - Processing /home/airflow/.local/lib/python3.8/site-packages/airflow/example_dags/example_kubernetes_executor.py took 0.062 seconds
[2025-06-28T04:43:47.737+0000] {processor.py:161} INFO - Started process (PID=5835) to work on /home/airflow/.local/lib/python3.8/site-packages/airflow/example_dags/example_kubernetes_executor.py
[2025-06-28T04:43:47.738+0000] {processor.py:830} INFO - Processing file /home/airflow/.local/lib/python3.8/site-packages/airflow/example_dags/example_kubernetes_executor.py for tasks to queue
[2025-06-28T04:43:47.740+0000] {logging_mixin.py:188} INFO - [2025-06-28T04:43:47.740+0000] {dagbag.py:538} INFO - Filling up the DagBag from /home/airflow/.local/lib/python3.8/site-packages/airflow/example_dags/example_kubernetes_executor.py
[2025-06-28T04:43:47.751+0000] {processor.py:840} INFO - DAG(s) 'example_kubernetes_executor' retrieved from /home/airflow/.local/lib/python3.8/site-packages/airflow/example_dags/example_kubernetes_executor.py
[2025-06-28T04:43:47.773+0000] {logging_mixin.py:188} INFO - [2025-06-28T04:43:47.773+0000] {dag.py:3036} INFO - Sync 1 DAGs
[2025-06-28T04:43:47.780+0000] {logging_mixin.py:188} INFO - [2025-06-28T04:43:47.780+0000] {dag.py:3823} INFO - Setting next_dagrun for example_kubernetes_executor to None, run_after=None
[2025-06-28T04:43:47.796+0000] {processor.py:183} INFO - Processing /home/airflow/.local/lib/python3.8/site-packages/airflow/example_dags/example_kubernetes_executor.py took 0.063 seconds
[2025-06-28T04:44:18.116+0000] {processor.py:161} INFO - Started process (PID=6085) to work on /home/airflow/.local/lib/python3.8/site-packages/airflow/example_dags/example_kubernetes_executor.py
[2025-06-28T04:44:18.117+0000] {processor.py:830} INFO - Processing file /home/airflow/.local/lib/python3.8/site-packages/airflow/example_dags/example_kubernetes_executor.py for tasks to queue
[2025-06-28T04:44:18.119+0000] {logging_mixin.py:188} INFO - [2025-06-28T04:44:18.119+0000] {dagbag.py:538} INFO - Filling up the DagBag from /home/airflow/.local/lib/python3.8/site-packages/airflow/example_dags/example_kubernetes_executor.py
[2025-06-28T04:44:18.129+0000] {processor.py:840} INFO - DAG(s) 'example_kubernetes_executor' retrieved from /home/airflow/.local/lib/python3.8/site-packages/airflow/example_dags/example_kubernetes_executor.py
[2025-06-28T04:44:18.150+0000] {logging_mixin.py:188} INFO - [2025-06-28T04:44:18.150+0000] {dag.py:3036} INFO - Sync 1 DAGs
[2025-06-28T04:44:18.157+0000] {logging_mixin.py:188} INFO - [2025-06-28T04:44:18.157+0000] {dag.py:3823} INFO - Setting next_dagrun for example_kubernetes_executor to None, run_after=None
[2025-06-28T04:44:18.169+0000] {processor.py:183} INFO - Processing /home/airflow/.local/lib/python3.8/site-packages/airflow/example_dags/example_kubernetes_executor.py took 0.057 seconds
[2025-06-28T04:44:48.310+0000] {processor.py:161} INFO - Started process (PID=6333) to work on /home/airflow/.local/lib/python3.8/site-packages/airflow/example_dags/example_kubernetes_executor.py
[2025-06-28T04:44:48.310+0000] {processor.py:830} INFO - Processing file /home/airflow/.local/lib/python3.8/site-packages/airflow/example_dags/example_kubernetes_executor.py for tasks to queue
[2025-06-28T04:44:48.311+0000] {logging_mixin.py:188} INFO - [2025-06-28T04:44:48.311+0000] {dagbag.py:538} INFO - Filling up the DagBag from /home/airflow/.local/lib/python3.8/site-packages/airflow/example_dags/example_kubernetes_executor.py
[2025-06-28T04:44:48.318+0000] {processor.py:840} INFO - DAG(s) 'example_kubernetes_executor' retrieved from /home/airflow/.local/lib/python3.8/site-packages/airflow/example_dags/example_kubernetes_executor.py
[2025-06-28T04:44:48.348+0000] {logging_mixin.py:188} INFO - [2025-06-28T04:44:48.348+0000] {dag.py:3036} INFO - Sync 1 DAGs
[2025-06-28T04:44:48.356+0000] {logging_mixin.py:188} INFO - [2025-06-28T04:44:48.356+0000] {dag.py:3823} INFO - Setting next_dagrun for example_kubernetes_executor to None, run_after=None
[2025-06-28T04:44:48.369+0000] {processor.py:183} INFO - Processing /home/airflow/.local/lib/python3.8/site-packages/airflow/example_dags/example_kubernetes_executor.py took 0.061 seconds
[2025-06-28T04:45:18.479+0000] {processor.py:161} INFO - Started process (PID=6583) to work on /home/airflow/.local/lib/python3.8/site-packages/airflow/example_dags/example_kubernetes_executor.py
[2025-06-28T04:45:18.480+0000] {processor.py:830} INFO - Processing file /home/airflow/.local/lib/python3.8/site-packages/airflow/example_dags/example_kubernetes_executor.py for tasks to queue
[2025-06-28T04:45:18.481+0000] {logging_mixin.py:188} INFO - [2025-06-28T04:45:18.481+0000] {dagbag.py:538} INFO - Filling up the DagBag from /home/airflow/.local/lib/python3.8/site-packages/airflow/example_dags/example_kubernetes_executor.py
[2025-06-28T04:45:18.487+0000] {processor.py:840} INFO - DAG(s) 'example_kubernetes_executor' retrieved from /home/airflow/.local/lib/python3.8/site-packages/airflow/example_dags/example_kubernetes_executor.py
[2025-06-28T04:45:18.510+0000] {logging_mixin.py:188} INFO - [2025-06-28T04:45:18.509+0000] {dag.py:3036} INFO - Sync 1 DAGs
[2025-06-28T04:45:18.516+0000] {logging_mixin.py:188} INFO - [2025-06-28T04:45:18.516+0000] {dag.py:3823} INFO - Setting next_dagrun for example_kubernetes_executor to None, run_after=None
[2025-06-28T04:45:18.531+0000] {processor.py:183} INFO - Processing /home/airflow/.local/lib/python3.8/site-packages/airflow/example_dags/example_kubernetes_executor.py took 0.053 seconds
[2025-06-28T04:45:48.993+0000] {processor.py:161} INFO - Started process (PID=6835) to work on /home/airflow/.local/lib/python3.8/site-packages/airflow/example_dags/example_kubernetes_executor.py
[2025-06-28T04:45:48.994+0000] {processor.py:830} INFO - Processing file /home/airflow/.local/lib/python3.8/site-packages/airflow/example_dags/example_kubernetes_executor.py for tasks to queue
[2025-06-28T04:45:48.995+0000] {logging_mixin.py:188} INFO - [2025-06-28T04:45:48.995+0000] {dagbag.py:538} INFO - Filling up the DagBag from /home/airflow/.local/lib/python3.8/site-packages/airflow/example_dags/example_kubernetes_executor.py
[2025-06-28T04:45:49.004+0000] {processor.py:840} INFO - DAG(s) 'example_kubernetes_executor' retrieved from /home/airflow/.local/lib/python3.8/site-packages/airflow/example_dags/example_kubernetes_executor.py
[2025-06-28T04:45:49.026+0000] {logging_mixin.py:188} INFO - [2025-06-28T04:45:49.026+0000] {dag.py:3036} INFO - Sync 1 DAGs
[2025-06-28T04:45:49.032+0000] {logging_mixin.py:188} INFO - [2025-06-28T04:45:49.032+0000] {dag.py:3823} INFO - Setting next_dagrun for example_kubernetes_executor to None, run_after=None
[2025-06-28T04:45:49.044+0000] {processor.py:183} INFO - Processing /home/airflow/.local/lib/python3.8/site-packages/airflow/example_dags/example_kubernetes_executor.py took 0.053 seconds
[2025-06-28T04:46:19.355+0000] {processor.py:161} INFO - Started process (PID=7085) to work on /home/airflow/.local/lib/python3.8/site-packages/airflow/example_dags/example_kubernetes_executor.py
[2025-06-28T04:46:19.357+0000] {processor.py:830} INFO - Processing file /home/airflow/.local/lib/python3.8/site-packages/airflow/example_dags/example_kubernetes_executor.py for tasks to queue
[2025-06-28T04:46:19.360+0000] {logging_mixin.py:188} INFO - [2025-06-28T04:46:19.359+0000] {dagbag.py:538} INFO - Filling up the DagBag from /home/airflow/.local/lib/python3.8/site-packages/airflow/example_dags/example_kubernetes_executor.py
[2025-06-28T04:46:19.370+0000] {processor.py:840} INFO - DAG(s) 'example_kubernetes_executor' retrieved from /home/airflow/.local/lib/python3.8/site-packages/airflow/example_dags/example_kubernetes_executor.py
[2025-06-28T04:46:19.401+0000] {logging_mixin.py:188} INFO - [2025-06-28T04:46:19.400+0000] {dag.py:3036} INFO - Sync 1 DAGs
[2025-06-28T04:46:19.408+0000] {logging_mixin.py:188} INFO - [2025-06-28T04:46:19.407+0000] {dag.py:3823} INFO - Setting next_dagrun for example_kubernetes_executor to None, run_after=None
[2025-06-28T04:46:19.421+0000] {processor.py:183} INFO - Processing /home/airflow/.local/lib/python3.8/site-packages/airflow/example_dags/example_kubernetes_executor.py took 0.070 seconds
[2025-06-28T04:46:50.123+0000] {processor.py:161} INFO - Started process (PID=7335) to work on /home/airflow/.local/lib/python3.8/site-packages/airflow/example_dags/example_kubernetes_executor.py
[2025-06-28T04:46:50.124+0000] {processor.py:830} INFO - Processing file /home/airflow/.local/lib/python3.8/site-packages/airflow/example_dags/example_kubernetes_executor.py for tasks to queue
[2025-06-28T04:46:50.126+0000] {logging_mixin.py:188} INFO - [2025-06-28T04:46:50.125+0000] {dagbag.py:538} INFO - Filling up the DagBag from /home/airflow/.local/lib/python3.8/site-packages/airflow/example_dags/example_kubernetes_executor.py
[2025-06-28T04:46:50.136+0000] {processor.py:840} INFO - DAG(s) 'example_kubernetes_executor' retrieved from /home/airflow/.local/lib/python3.8/site-packages/airflow/example_dags/example_kubernetes_executor.py
[2025-06-28T04:46:50.159+0000] {logging_mixin.py:188} INFO - [2025-06-28T04:46:50.158+0000] {dag.py:3036} INFO - Sync 1 DAGs
[2025-06-28T04:46:50.165+0000] {logging_mixin.py:188} INFO - [2025-06-28T04:46:50.165+0000] {dag.py:3823} INFO - Setting next_dagrun for example_kubernetes_executor to None, run_after=None
[2025-06-28T04:46:50.175+0000] {processor.py:183} INFO - Processing /home/airflow/.local/lib/python3.8/site-packages/airflow/example_dags/example_kubernetes_executor.py took 0.055 seconds
[2025-06-28T04:47:20.317+0000] {processor.py:161} INFO - Started process (PID=7583) to work on /home/airflow/.local/lib/python3.8/site-packages/airflow/example_dags/example_kubernetes_executor.py
[2025-06-28T04:47:20.317+0000] {processor.py:830} INFO - Processing file /home/airflow/.local/lib/python3.8/site-packages/airflow/example_dags/example_kubernetes_executor.py for tasks to queue
[2025-06-28T04:47:20.318+0000] {logging_mixin.py:188} INFO - [2025-06-28T04:47:20.318+0000] {dagbag.py:538} INFO - Filling up the DagBag from /home/airflow/.local/lib/python3.8/site-packages/airflow/example_dags/example_kubernetes_executor.py
[2025-06-28T04:47:20.326+0000] {processor.py:840} INFO - DAG(s) 'example_kubernetes_executor' retrieved from /home/airflow/.local/lib/python3.8/site-packages/airflow/example_dags/example_kubernetes_executor.py
[2025-06-28T04:47:20.349+0000] {logging_mixin.py:188} INFO - [2025-06-28T04:47:20.348+0000] {dag.py:3036} INFO - Sync 1 DAGs
[2025-06-28T04:47:20.357+0000] {logging_mixin.py:188} INFO - [2025-06-28T04:47:20.357+0000] {dag.py:3823} INFO - Setting next_dagrun for example_kubernetes_executor to None, run_after=None
[2025-06-28T04:47:20.372+0000] {processor.py:183} INFO - Processing /home/airflow/.local/lib/python3.8/site-packages/airflow/example_dags/example_kubernetes_executor.py took 0.056 seconds
[2025-06-28T04:47:50.480+0000] {processor.py:161} INFO - Started process (PID=7833) to work on /home/airflow/.local/lib/python3.8/site-packages/airflow/example_dags/example_kubernetes_executor.py
[2025-06-28T04:47:50.480+0000] {processor.py:830} INFO - Processing file /home/airflow/.local/lib/python3.8/site-packages/airflow/example_dags/example_kubernetes_executor.py for tasks to queue
[2025-06-28T04:47:50.481+0000] {logging_mixin.py:188} INFO - [2025-06-28T04:47:50.481+0000] {dagbag.py:538} INFO - Filling up the DagBag from /home/airflow/.local/lib/python3.8/site-packages/airflow/example_dags/example_kubernetes_executor.py
[2025-06-28T04:47:50.488+0000] {processor.py:840} INFO - DAG(s) 'example_kubernetes_executor' retrieved from /home/airflow/.local/lib/python3.8/site-packages/airflow/example_dags/example_kubernetes_executor.py
[2025-06-28T04:47:50.511+0000] {logging_mixin.py:188} INFO - [2025-06-28T04:47:50.511+0000] {dag.py:3036} INFO - Sync 1 DAGs
[2025-06-28T04:47:50.517+0000] {logging_mixin.py:188} INFO - [2025-06-28T04:47:50.517+0000] {dag.py:3823} INFO - Setting next_dagrun for example_kubernetes_executor to None, run_after=None
[2025-06-28T04:47:50.528+0000] {processor.py:183} INFO - Processing /home/airflow/.local/lib/python3.8/site-packages/airflow/example_dags/example_kubernetes_executor.py took 0.049 seconds
[2025-06-28T04:48:21.700+0000] {processor.py:161} INFO - Started process (PID=8084) to work on /home/airflow/.local/lib/python3.8/site-packages/airflow/example_dags/example_kubernetes_executor.py
[2025-06-28T04:48:21.700+0000] {processor.py:830} INFO - Processing file /home/airflow/.local/lib/python3.8/site-packages/airflow/example_dags/example_kubernetes_executor.py for tasks to queue
[2025-06-28T04:48:21.701+0000] {logging_mixin.py:188} INFO - [2025-06-28T04:48:21.701+0000] {dagbag.py:538} INFO - Filling up the DagBag from /home/airflow/.local/lib/python3.8/site-packages/airflow/example_dags/example_kubernetes_executor.py
[2025-06-28T04:48:21.708+0000] {processor.py:840} INFO - DAG(s) 'example_kubernetes_executor' retrieved from /home/airflow/.local/lib/python3.8/site-packages/airflow/example_dags/example_kubernetes_executor.py
[2025-06-28T04:48:21.731+0000] {logging_mixin.py:188} INFO - [2025-06-28T04:48:21.731+0000] {dag.py:3036} INFO - Sync 1 DAGs
[2025-06-28T04:48:21.738+0000] {logging_mixin.py:188} INFO - [2025-06-28T04:48:21.738+0000] {dag.py:3823} INFO - Setting next_dagrun for example_kubernetes_executor to None, run_after=None
[2025-06-28T04:48:21.750+0000] {processor.py:183} INFO - Processing /home/airflow/.local/lib/python3.8/site-packages/airflow/example_dags/example_kubernetes_executor.py took 0.052 seconds
