[2025-06-28T04:32:39.137+0000] {processor.py:161} INFO - Started process (PID=293) to work on /home/airflow/.local/lib/python3.8/site-packages/airflow/example_dags/example_dynamic_task_mapping_with_no_taskflow_operators.py
[2025-06-28T04:32:39.138+0000] {processor.py:830} INFO - Processing file /home/airflow/.local/lib/python3.8/site-packages/airflow/example_dags/example_dynamic_task_mapping_with_no_taskflow_operators.py for tasks to queue
[2025-06-28T04:32:39.140+0000] {logging_mixin.py:188} INFO - [2025-06-28T04:32:39.139+0000] {dagbag.py:538} INFO - Filling up the DagBag from /home/airflow/.local/lib/python3.8/site-packages/airflow/example_dags/example_dynamic_task_mapping_with_no_taskflow_operators.py
[2025-06-28T04:32:39.146+0000] {processor.py:840} INFO - DAG(s) 'example_dynamic_task_mapping_with_no_taskflow_operators' retrieved from /home/airflow/.local/lib/python3.8/site-packages/airflow/example_dags/example_dynamic_task_mapping_with_no_taskflow_operators.py
[2025-06-28T04:32:39.160+0000] {logging_mixin.py:188} INFO - [2025-06-28T04:32:39.159+0000] {dag.py:3036} INFO - Sync 1 DAGs
[2025-06-28T04:32:39.181+0000] {logging_mixin.py:188} INFO - [2025-06-28T04:32:39.181+0000] {dag.py:3823} INFO - Setting next_dagrun for example_dynamic_task_mapping_with_no_taskflow_operators to 2025-06-27 00:00:00+00:00, run_after=2025-06-28 00:00:00+00:00
[2025-06-28T04:32:39.203+0000] {processor.py:183} INFO - Processing /home/airflow/.local/lib/python3.8/site-packages/airflow/example_dags/example_dynamic_task_mapping_with_no_taskflow_operators.py took 0.067 seconds
[2025-06-28T04:33:10.343+0000] {processor.py:161} INFO - Started process (PID=543) to work on /home/airflow/.local/lib/python3.8/site-packages/airflow/example_dags/example_dynamic_task_mapping_with_no_taskflow_operators.py
[2025-06-28T04:33:10.345+0000] {processor.py:830} INFO - Processing file /home/airflow/.local/lib/python3.8/site-packages/airflow/example_dags/example_dynamic_task_mapping_with_no_taskflow_operators.py for tasks to queue
[2025-06-28T04:33:10.346+0000] {logging_mixin.py:188} INFO - [2025-06-28T04:33:10.346+0000] {dagbag.py:538} INFO - Filling up the DagBag from /home/airflow/.local/lib/python3.8/site-packages/airflow/example_dags/example_dynamic_task_mapping_with_no_taskflow_operators.py
[2025-06-28T04:33:10.349+0000] {processor.py:840} INFO - DAG(s) 'example_dynamic_task_mapping_with_no_taskflow_operators' retrieved from /home/airflow/.local/lib/python3.8/site-packages/airflow/example_dags/example_dynamic_task_mapping_with_no_taskflow_operators.py
[2025-06-28T04:33:10.415+0000] {logging_mixin.py:188} INFO - [2025-06-28T04:33:10.415+0000] {dag.py:3036} INFO - Sync 1 DAGs
[2025-06-28T04:33:10.429+0000] {logging_mixin.py:188} INFO - [2025-06-28T04:33:10.429+0000] {dag.py:3823} INFO - Setting next_dagrun for example_dynamic_task_mapping_with_no_taskflow_operators to 2025-06-27 00:00:00+00:00, run_after=2025-06-28 00:00:00+00:00
[2025-06-28T04:33:10.444+0000] {processor.py:183} INFO - Processing /home/airflow/.local/lib/python3.8/site-packages/airflow/example_dags/example_dynamic_task_mapping_with_no_taskflow_operators.py took 0.103 seconds
[2025-06-28T04:33:40.635+0000] {processor.py:161} INFO - Started process (PID=793) to work on /home/airflow/.local/lib/python3.8/site-packages/airflow/example_dags/example_dynamic_task_mapping_with_no_taskflow_operators.py
[2025-06-28T04:33:40.635+0000] {processor.py:830} INFO - Processing file /home/airflow/.local/lib/python3.8/site-packages/airflow/example_dags/example_dynamic_task_mapping_with_no_taskflow_operators.py for tasks to queue
[2025-06-28T04:33:40.637+0000] {logging_mixin.py:188} INFO - [2025-06-28T04:33:40.636+0000] {dagbag.py:538} INFO - Filling up the DagBag from /home/airflow/.local/lib/python3.8/site-packages/airflow/example_dags/example_dynamic_task_mapping_with_no_taskflow_operators.py
[2025-06-28T04:33:40.641+0000] {processor.py:840} INFO - DAG(s) 'example_dynamic_task_mapping_with_no_taskflow_operators' retrieved from /home/airflow/.local/lib/python3.8/site-packages/airflow/example_dags/example_dynamic_task_mapping_with_no_taskflow_operators.py
[2025-06-28T04:33:40.653+0000] {logging_mixin.py:188} INFO - [2025-06-28T04:33:40.653+0000] {dag.py:3036} INFO - Sync 1 DAGs
[2025-06-28T04:33:40.666+0000] {logging_mixin.py:188} INFO - [2025-06-28T04:33:40.666+0000] {dag.py:3823} INFO - Setting next_dagrun for example_dynamic_task_mapping_with_no_taskflow_operators to 2025-06-27 00:00:00+00:00, run_after=2025-06-28 00:00:00+00:00
[2025-06-28T04:33:40.680+0000] {processor.py:183} INFO - Processing /home/airflow/.local/lib/python3.8/site-packages/airflow/example_dags/example_dynamic_task_mapping_with_no_taskflow_operators.py took 0.049 seconds
[2025-06-28T04:34:11.077+0000] {processor.py:161} INFO - Started process (PID=1043) to work on /home/airflow/.local/lib/python3.8/site-packages/airflow/example_dags/example_dynamic_task_mapping_with_no_taskflow_operators.py
[2025-06-28T04:34:11.078+0000] {processor.py:830} INFO - Processing file /home/airflow/.local/lib/python3.8/site-packages/airflow/example_dags/example_dynamic_task_mapping_with_no_taskflow_operators.py for tasks to queue
[2025-06-28T04:34:11.079+0000] {logging_mixin.py:188} INFO - [2025-06-28T04:34:11.079+0000] {dagbag.py:538} INFO - Filling up the DagBag from /home/airflow/.local/lib/python3.8/site-packages/airflow/example_dags/example_dynamic_task_mapping_with_no_taskflow_operators.py
[2025-06-28T04:34:11.084+0000] {processor.py:840} INFO - DAG(s) 'example_dynamic_task_mapping_with_no_taskflow_operators' retrieved from /home/airflow/.local/lib/python3.8/site-packages/airflow/example_dags/example_dynamic_task_mapping_with_no_taskflow_operators.py
[2025-06-28T04:34:11.095+0000] {logging_mixin.py:188} INFO - [2025-06-28T04:34:11.094+0000] {dag.py:3036} INFO - Sync 1 DAGs
[2025-06-28T04:34:11.110+0000] {logging_mixin.py:188} INFO - [2025-06-28T04:34:11.110+0000] {dag.py:3823} INFO - Setting next_dagrun for example_dynamic_task_mapping_with_no_taskflow_operators to 2025-06-27 00:00:00+00:00, run_after=2025-06-28 00:00:00+00:00
[2025-06-28T04:34:11.122+0000] {processor.py:183} INFO - Processing /home/airflow/.local/lib/python3.8/site-packages/airflow/example_dags/example_dynamic_task_mapping_with_no_taskflow_operators.py took 0.047 seconds
[2025-06-28T04:34:41.419+0000] {processor.py:161} INFO - Started process (PID=1293) to work on /home/airflow/.local/lib/python3.8/site-packages/airflow/example_dags/example_dynamic_task_mapping_with_no_taskflow_operators.py
[2025-06-28T04:34:41.420+0000] {processor.py:830} INFO - Processing file /home/airflow/.local/lib/python3.8/site-packages/airflow/example_dags/example_dynamic_task_mapping_with_no_taskflow_operators.py for tasks to queue
[2025-06-28T04:34:41.421+0000] {logging_mixin.py:188} INFO - [2025-06-28T04:34:41.421+0000] {dagbag.py:538} INFO - Filling up the DagBag from /home/airflow/.local/lib/python3.8/site-packages/airflow/example_dags/example_dynamic_task_mapping_with_no_taskflow_operators.py
[2025-06-28T04:34:41.425+0000] {processor.py:840} INFO - DAG(s) 'example_dynamic_task_mapping_with_no_taskflow_operators' retrieved from /home/airflow/.local/lib/python3.8/site-packages/airflow/example_dags/example_dynamic_task_mapping_with_no_taskflow_operators.py
[2025-06-28T04:34:41.441+0000] {logging_mixin.py:188} INFO - [2025-06-28T04:34:41.441+0000] {dag.py:3036} INFO - Sync 1 DAGs
[2025-06-28T04:34:41.458+0000] {logging_mixin.py:188} INFO - [2025-06-28T04:34:41.458+0000] {dag.py:3823} INFO - Setting next_dagrun for example_dynamic_task_mapping_with_no_taskflow_operators to 2025-06-27 00:00:00+00:00, run_after=2025-06-28 00:00:00+00:00
[2025-06-28T04:34:41.473+0000] {processor.py:183} INFO - Processing /home/airflow/.local/lib/python3.8/site-packages/airflow/example_dags/example_dynamic_task_mapping_with_no_taskflow_operators.py took 0.057 seconds
[2025-06-28T04:35:11.862+0000] {processor.py:161} INFO - Started process (PID=1545) to work on /home/airflow/.local/lib/python3.8/site-packages/airflow/example_dags/example_dynamic_task_mapping_with_no_taskflow_operators.py
[2025-06-28T04:35:11.863+0000] {processor.py:830} INFO - Processing file /home/airflow/.local/lib/python3.8/site-packages/airflow/example_dags/example_dynamic_task_mapping_with_no_taskflow_operators.py for tasks to queue
[2025-06-28T04:35:11.864+0000] {logging_mixin.py:188} INFO - [2025-06-28T04:35:11.864+0000] {dagbag.py:538} INFO - Filling up the DagBag from /home/airflow/.local/lib/python3.8/site-packages/airflow/example_dags/example_dynamic_task_mapping_with_no_taskflow_operators.py
[2025-06-28T04:35:11.870+0000] {processor.py:840} INFO - DAG(s) 'example_dynamic_task_mapping_with_no_taskflow_operators' retrieved from /home/airflow/.local/lib/python3.8/site-packages/airflow/example_dags/example_dynamic_task_mapping_with_no_taskflow_operators.py
[2025-06-28T04:35:11.884+0000] {logging_mixin.py:188} INFO - [2025-06-28T04:35:11.884+0000] {dag.py:3036} INFO - Sync 1 DAGs
[2025-06-28T04:35:11.898+0000] {logging_mixin.py:188} INFO - [2025-06-28T04:35:11.898+0000] {dag.py:3823} INFO - Setting next_dagrun for example_dynamic_task_mapping_with_no_taskflow_operators to 2025-06-27 00:00:00+00:00, run_after=2025-06-28 00:00:00+00:00
[2025-06-28T04:35:11.911+0000] {processor.py:183} INFO - Processing /home/airflow/.local/lib/python3.8/site-packages/airflow/example_dags/example_dynamic_task_mapping_with_no_taskflow_operators.py took 0.052 seconds
[2025-06-28T04:35:42.502+0000] {processor.py:161} INFO - Started process (PID=1795) to work on /home/airflow/.local/lib/python3.8/site-packages/airflow/example_dags/example_dynamic_task_mapping_with_no_taskflow_operators.py
[2025-06-28T04:35:42.503+0000] {processor.py:830} INFO - Processing file /home/airflow/.local/lib/python3.8/site-packages/airflow/example_dags/example_dynamic_task_mapping_with_no_taskflow_operators.py for tasks to queue
[2025-06-28T04:35:42.505+0000] {logging_mixin.py:188} INFO - [2025-06-28T04:35:42.505+0000] {dagbag.py:538} INFO - Filling up the DagBag from /home/airflow/.local/lib/python3.8/site-packages/airflow/example_dags/example_dynamic_task_mapping_with_no_taskflow_operators.py
[2025-06-28T04:35:42.512+0000] {processor.py:840} INFO - DAG(s) 'example_dynamic_task_mapping_with_no_taskflow_operators' retrieved from /home/airflow/.local/lib/python3.8/site-packages/airflow/example_dags/example_dynamic_task_mapping_with_no_taskflow_operators.py
[2025-06-28T04:35:42.534+0000] {logging_mixin.py:188} INFO - [2025-06-28T04:35:42.534+0000] {dag.py:3036} INFO - Sync 1 DAGs
[2025-06-28T04:35:42.550+0000] {logging_mixin.py:188} INFO - [2025-06-28T04:35:42.550+0000] {dag.py:3823} INFO - Setting next_dagrun for example_dynamic_task_mapping_with_no_taskflow_operators to 2025-06-27 00:00:00+00:00, run_after=2025-06-28 00:00:00+00:00
[2025-06-28T04:35:42.563+0000] {processor.py:183} INFO - Processing /home/airflow/.local/lib/python3.8/site-packages/airflow/example_dags/example_dynamic_task_mapping_with_no_taskflow_operators.py took 0.064 seconds
[2025-06-28T04:36:12.912+0000] {processor.py:161} INFO - Started process (PID=2045) to work on /home/airflow/.local/lib/python3.8/site-packages/airflow/example_dags/example_dynamic_task_mapping_with_no_taskflow_operators.py
[2025-06-28T04:36:12.913+0000] {processor.py:830} INFO - Processing file /home/airflow/.local/lib/python3.8/site-packages/airflow/example_dags/example_dynamic_task_mapping_with_no_taskflow_operators.py for tasks to queue
[2025-06-28T04:36:12.914+0000] {logging_mixin.py:188} INFO - [2025-06-28T04:36:12.914+0000] {dagbag.py:538} INFO - Filling up the DagBag from /home/airflow/.local/lib/python3.8/site-packages/airflow/example_dags/example_dynamic_task_mapping_with_no_taskflow_operators.py
[2025-06-28T04:36:12.917+0000] {processor.py:840} INFO - DAG(s) 'example_dynamic_task_mapping_with_no_taskflow_operators' retrieved from /home/airflow/.local/lib/python3.8/site-packages/airflow/example_dags/example_dynamic_task_mapping_with_no_taskflow_operators.py
[2025-06-28T04:36:12.933+0000] {logging_mixin.py:188} INFO - [2025-06-28T04:36:12.933+0000] {dag.py:3036} INFO - Sync 1 DAGs
[2025-06-28T04:36:12.949+0000] {logging_mixin.py:188} INFO - [2025-06-28T04:36:12.949+0000] {dag.py:3823} INFO - Setting next_dagrun for example_dynamic_task_mapping_with_no_taskflow_operators to 2025-06-27 00:00:00+00:00, run_after=2025-06-28 00:00:00+00:00
[2025-06-28T04:36:12.965+0000] {processor.py:183} INFO - Processing /home/airflow/.local/lib/python3.8/site-packages/airflow/example_dags/example_dynamic_task_mapping_with_no_taskflow_operators.py took 0.054 seconds
[2025-06-28T04:36:43.211+0000] {processor.py:161} INFO - Started process (PID=2295) to work on /home/airflow/.local/lib/python3.8/site-packages/airflow/example_dags/example_dynamic_task_mapping_with_no_taskflow_operators.py
[2025-06-28T04:36:43.211+0000] {processor.py:830} INFO - Processing file /home/airflow/.local/lib/python3.8/site-packages/airflow/example_dags/example_dynamic_task_mapping_with_no_taskflow_operators.py for tasks to queue
[2025-06-28T04:36:43.212+0000] {logging_mixin.py:188} INFO - [2025-06-28T04:36:43.212+0000] {dagbag.py:538} INFO - Filling up the DagBag from /home/airflow/.local/lib/python3.8/site-packages/airflow/example_dags/example_dynamic_task_mapping_with_no_taskflow_operators.py
[2025-06-28T04:36:43.215+0000] {processor.py:840} INFO - DAG(s) 'example_dynamic_task_mapping_with_no_taskflow_operators' retrieved from /home/airflow/.local/lib/python3.8/site-packages/airflow/example_dags/example_dynamic_task_mapping_with_no_taskflow_operators.py
[2025-06-28T04:36:43.227+0000] {logging_mixin.py:188} INFO - [2025-06-28T04:36:43.226+0000] {dag.py:3036} INFO - Sync 1 DAGs
[2025-06-28T04:36:43.239+0000] {logging_mixin.py:188} INFO - [2025-06-28T04:36:43.239+0000] {dag.py:3823} INFO - Setting next_dagrun for example_dynamic_task_mapping_with_no_taskflow_operators to 2025-06-27 00:00:00+00:00, run_after=2025-06-28 00:00:00+00:00
[2025-06-28T04:36:43.250+0000] {processor.py:183} INFO - Processing /home/airflow/.local/lib/python3.8/site-packages/airflow/example_dags/example_dynamic_task_mapping_with_no_taskflow_operators.py took 0.041 seconds
[2025-06-28T04:37:13.300+0000] {processor.py:161} INFO - Started process (PID=2545) to work on /home/airflow/.local/lib/python3.8/site-packages/airflow/example_dags/example_dynamic_task_mapping_with_no_taskflow_operators.py
[2025-06-28T04:37:13.300+0000] {processor.py:830} INFO - Processing file /home/airflow/.local/lib/python3.8/site-packages/airflow/example_dags/example_dynamic_task_mapping_with_no_taskflow_operators.py for tasks to queue
[2025-06-28T04:37:13.301+0000] {logging_mixin.py:188} INFO - [2025-06-28T04:37:13.301+0000] {dagbag.py:538} INFO - Filling up the DagBag from /home/airflow/.local/lib/python3.8/site-packages/airflow/example_dags/example_dynamic_task_mapping_with_no_taskflow_operators.py
[2025-06-28T04:37:13.304+0000] {processor.py:840} INFO - DAG(s) 'example_dynamic_task_mapping_with_no_taskflow_operators' retrieved from /home/airflow/.local/lib/python3.8/site-packages/airflow/example_dags/example_dynamic_task_mapping_with_no_taskflow_operators.py
[2025-06-28T04:37:13.314+0000] {logging_mixin.py:188} INFO - [2025-06-28T04:37:13.314+0000] {dag.py:3036} INFO - Sync 1 DAGs
[2025-06-28T04:37:13.325+0000] {logging_mixin.py:188} INFO - [2025-06-28T04:37:13.325+0000] {dag.py:3823} INFO - Setting next_dagrun for example_dynamic_task_mapping_with_no_taskflow_operators to 2025-06-27 00:00:00+00:00, run_after=2025-06-28 00:00:00+00:00
[2025-06-28T04:37:13.333+0000] {processor.py:183} INFO - Processing /home/airflow/.local/lib/python3.8/site-packages/airflow/example_dags/example_dynamic_task_mapping_with_no_taskflow_operators.py took 0.036 seconds
[2025-06-28T04:37:43.512+0000] {processor.py:161} INFO - Started process (PID=2793) to work on /home/airflow/.local/lib/python3.8/site-packages/airflow/example_dags/example_dynamic_task_mapping_with_no_taskflow_operators.py
[2025-06-28T04:37:43.513+0000] {processor.py:830} INFO - Processing file /home/airflow/.local/lib/python3.8/site-packages/airflow/example_dags/example_dynamic_task_mapping_with_no_taskflow_operators.py for tasks to queue
[2025-06-28T04:37:43.515+0000] {logging_mixin.py:188} INFO - [2025-06-28T04:37:43.514+0000] {dagbag.py:538} INFO - Filling up the DagBag from /home/airflow/.local/lib/python3.8/site-packages/airflow/example_dags/example_dynamic_task_mapping_with_no_taskflow_operators.py
[2025-06-28T04:37:43.519+0000] {processor.py:840} INFO - DAG(s) 'example_dynamic_task_mapping_with_no_taskflow_operators' retrieved from /home/airflow/.local/lib/python3.8/site-packages/airflow/example_dags/example_dynamic_task_mapping_with_no_taskflow_operators.py
[2025-06-28T04:37:43.536+0000] {logging_mixin.py:188} INFO - [2025-06-28T04:37:43.535+0000] {dag.py:3036} INFO - Sync 1 DAGs
[2025-06-28T04:37:43.555+0000] {logging_mixin.py:188} INFO - [2025-06-28T04:37:43.555+0000] {dag.py:3823} INFO - Setting next_dagrun for example_dynamic_task_mapping_with_no_taskflow_operators to 2025-06-27 00:00:00+00:00, run_after=2025-06-28 00:00:00+00:00
[2025-06-28T04:37:43.571+0000] {processor.py:183} INFO - Processing /home/airflow/.local/lib/python3.8/site-packages/airflow/example_dags/example_dynamic_task_mapping_with_no_taskflow_operators.py took 0.061 seconds
[2025-06-28T04:38:13.796+0000] {processor.py:161} INFO - Started process (PID=3043) to work on /home/airflow/.local/lib/python3.8/site-packages/airflow/example_dags/example_dynamic_task_mapping_with_no_taskflow_operators.py
[2025-06-28T04:38:13.796+0000] {processor.py:830} INFO - Processing file /home/airflow/.local/lib/python3.8/site-packages/airflow/example_dags/example_dynamic_task_mapping_with_no_taskflow_operators.py for tasks to queue
[2025-06-28T04:38:13.797+0000] {logging_mixin.py:188} INFO - [2025-06-28T04:38:13.797+0000] {dagbag.py:538} INFO - Filling up the DagBag from /home/airflow/.local/lib/python3.8/site-packages/airflow/example_dags/example_dynamic_task_mapping_with_no_taskflow_operators.py
[2025-06-28T04:38:13.801+0000] {processor.py:840} INFO - DAG(s) 'example_dynamic_task_mapping_with_no_taskflow_operators' retrieved from /home/airflow/.local/lib/python3.8/site-packages/airflow/example_dags/example_dynamic_task_mapping_with_no_taskflow_operators.py
[2025-06-28T04:38:13.817+0000] {logging_mixin.py:188} INFO - [2025-06-28T04:38:13.816+0000] {dag.py:3036} INFO - Sync 1 DAGs
[2025-06-28T04:38:13.831+0000] {logging_mixin.py:188} INFO - [2025-06-28T04:38:13.831+0000] {dag.py:3823} INFO - Setting next_dagrun for example_dynamic_task_mapping_with_no_taskflow_operators to 2025-06-27 00:00:00+00:00, run_after=2025-06-28 00:00:00+00:00
[2025-06-28T04:38:13.844+0000] {processor.py:183} INFO - Processing /home/airflow/.local/lib/python3.8/site-packages/airflow/example_dags/example_dynamic_task_mapping_with_no_taskflow_operators.py took 0.050 seconds
[2025-06-28T04:38:44.065+0000] {processor.py:161} INFO - Started process (PID=3293) to work on /home/airflow/.local/lib/python3.8/site-packages/airflow/example_dags/example_dynamic_task_mapping_with_no_taskflow_operators.py
[2025-06-28T04:38:44.066+0000] {processor.py:830} INFO - Processing file /home/airflow/.local/lib/python3.8/site-packages/airflow/example_dags/example_dynamic_task_mapping_with_no_taskflow_operators.py for tasks to queue
[2025-06-28T04:38:44.068+0000] {logging_mixin.py:188} INFO - [2025-06-28T04:38:44.067+0000] {dagbag.py:538} INFO - Filling up the DagBag from /home/airflow/.local/lib/python3.8/site-packages/airflow/example_dags/example_dynamic_task_mapping_with_no_taskflow_operators.py
[2025-06-28T04:38:44.073+0000] {processor.py:840} INFO - DAG(s) 'example_dynamic_task_mapping_with_no_taskflow_operators' retrieved from /home/airflow/.local/lib/python3.8/site-packages/airflow/example_dags/example_dynamic_task_mapping_with_no_taskflow_operators.py
[2025-06-28T04:38:44.091+0000] {logging_mixin.py:188} INFO - [2025-06-28T04:38:44.091+0000] {dag.py:3036} INFO - Sync 1 DAGs
[2025-06-28T04:38:44.108+0000] {logging_mixin.py:188} INFO - [2025-06-28T04:38:44.108+0000] {dag.py:3823} INFO - Setting next_dagrun for example_dynamic_task_mapping_with_no_taskflow_operators to 2025-06-27 00:00:00+00:00, run_after=2025-06-28 00:00:00+00:00
[2025-06-28T04:38:44.119+0000] {processor.py:183} INFO - Processing /home/airflow/.local/lib/python3.8/site-packages/airflow/example_dags/example_dynamic_task_mapping_with_no_taskflow_operators.py took 0.056 seconds
[2025-06-28T04:39:14.354+0000] {processor.py:161} INFO - Started process (PID=3543) to work on /home/airflow/.local/lib/python3.8/site-packages/airflow/example_dags/example_dynamic_task_mapping_with_no_taskflow_operators.py
[2025-06-28T04:39:14.354+0000] {processor.py:830} INFO - Processing file /home/airflow/.local/lib/python3.8/site-packages/airflow/example_dags/example_dynamic_task_mapping_with_no_taskflow_operators.py for tasks to queue
[2025-06-28T04:39:14.355+0000] {logging_mixin.py:188} INFO - [2025-06-28T04:39:14.355+0000] {dagbag.py:538} INFO - Filling up the DagBag from /home/airflow/.local/lib/python3.8/site-packages/airflow/example_dags/example_dynamic_task_mapping_with_no_taskflow_operators.py
[2025-06-28T04:39:14.360+0000] {processor.py:840} INFO - DAG(s) 'example_dynamic_task_mapping_with_no_taskflow_operators' retrieved from /home/airflow/.local/lib/python3.8/site-packages/airflow/example_dags/example_dynamic_task_mapping_with_no_taskflow_operators.py
[2025-06-28T04:39:14.375+0000] {logging_mixin.py:188} INFO - [2025-06-28T04:39:14.375+0000] {dag.py:3036} INFO - Sync 1 DAGs
[2025-06-28T04:39:14.391+0000] {logging_mixin.py:188} INFO - [2025-06-28T04:39:14.391+0000] {dag.py:3823} INFO - Setting next_dagrun for example_dynamic_task_mapping_with_no_taskflow_operators to 2025-06-27 00:00:00+00:00, run_after=2025-06-28 00:00:00+00:00
[2025-06-28T04:39:14.409+0000] {processor.py:183} INFO - Processing /home/airflow/.local/lib/python3.8/site-packages/airflow/example_dags/example_dynamic_task_mapping_with_no_taskflow_operators.py took 0.057 seconds
[2025-06-28T04:39:44.575+0000] {processor.py:161} INFO - Started process (PID=3793) to work on /home/airflow/.local/lib/python3.8/site-packages/airflow/example_dags/example_dynamic_task_mapping_with_no_taskflow_operators.py
[2025-06-28T04:39:44.575+0000] {processor.py:830} INFO - Processing file /home/airflow/.local/lib/python3.8/site-packages/airflow/example_dags/example_dynamic_task_mapping_with_no_taskflow_operators.py for tasks to queue
[2025-06-28T04:39:44.576+0000] {logging_mixin.py:188} INFO - [2025-06-28T04:39:44.576+0000] {dagbag.py:538} INFO - Filling up the DagBag from /home/airflow/.local/lib/python3.8/site-packages/airflow/example_dags/example_dynamic_task_mapping_with_no_taskflow_operators.py
[2025-06-28T04:39:44.579+0000] {processor.py:840} INFO - DAG(s) 'example_dynamic_task_mapping_with_no_taskflow_operators' retrieved from /home/airflow/.local/lib/python3.8/site-packages/airflow/example_dags/example_dynamic_task_mapping_with_no_taskflow_operators.py
[2025-06-28T04:39:44.592+0000] {logging_mixin.py:188} INFO - [2025-06-28T04:39:44.592+0000] {dag.py:3036} INFO - Sync 1 DAGs
[2025-06-28T04:39:44.605+0000] {logging_mixin.py:188} INFO - [2025-06-28T04:39:44.605+0000] {dag.py:3823} INFO - Setting next_dagrun for example_dynamic_task_mapping_with_no_taskflow_operators to 2025-06-27 00:00:00+00:00, run_after=2025-06-28 00:00:00+00:00
[2025-06-28T04:39:44.619+0000] {processor.py:183} INFO - Processing /home/airflow/.local/lib/python3.8/site-packages/airflow/example_dags/example_dynamic_task_mapping_with_no_taskflow_operators.py took 0.046 seconds
[2025-06-28T04:40:14.798+0000] {processor.py:161} INFO - Started process (PID=4043) to work on /home/airflow/.local/lib/python3.8/site-packages/airflow/example_dags/example_dynamic_task_mapping_with_no_taskflow_operators.py
[2025-06-28T04:40:14.798+0000] {processor.py:830} INFO - Processing file /home/airflow/.local/lib/python3.8/site-packages/airflow/example_dags/example_dynamic_task_mapping_with_no_taskflow_operators.py for tasks to queue
[2025-06-28T04:40:14.799+0000] {logging_mixin.py:188} INFO - [2025-06-28T04:40:14.799+0000] {dagbag.py:538} INFO - Filling up the DagBag from /home/airflow/.local/lib/python3.8/site-packages/airflow/example_dags/example_dynamic_task_mapping_with_no_taskflow_operators.py
[2025-06-28T04:40:14.803+0000] {processor.py:840} INFO - DAG(s) 'example_dynamic_task_mapping_with_no_taskflow_operators' retrieved from /home/airflow/.local/lib/python3.8/site-packages/airflow/example_dags/example_dynamic_task_mapping_with_no_taskflow_operators.py
[2025-06-28T04:40:14.816+0000] {logging_mixin.py:188} INFO - [2025-06-28T04:40:14.815+0000] {dag.py:3036} INFO - Sync 1 DAGs
[2025-06-28T04:40:14.834+0000] {logging_mixin.py:188} INFO - [2025-06-28T04:40:14.834+0000] {dag.py:3823} INFO - Setting next_dagrun for example_dynamic_task_mapping_with_no_taskflow_operators to 2025-06-27 00:00:00+00:00, run_after=2025-06-28 00:00:00+00:00
[2025-06-28T04:40:14.848+0000] {processor.py:183} INFO - Processing /home/airflow/.local/lib/python3.8/site-packages/airflow/example_dags/example_dynamic_task_mapping_with_no_taskflow_operators.py took 0.052 seconds
[2025-06-28T04:40:45.164+0000] {processor.py:161} INFO - Started process (PID=4295) to work on /home/airflow/.local/lib/python3.8/site-packages/airflow/example_dags/example_dynamic_task_mapping_with_no_taskflow_operators.py
[2025-06-28T04:40:45.164+0000] {processor.py:830} INFO - Processing file /home/airflow/.local/lib/python3.8/site-packages/airflow/example_dags/example_dynamic_task_mapping_with_no_taskflow_operators.py for tasks to queue
[2025-06-28T04:40:45.165+0000] {logging_mixin.py:188} INFO - [2025-06-28T04:40:45.165+0000] {dagbag.py:538} INFO - Filling up the DagBag from /home/airflow/.local/lib/python3.8/site-packages/airflow/example_dags/example_dynamic_task_mapping_with_no_taskflow_operators.py
[2025-06-28T04:40:45.169+0000] {processor.py:840} INFO - DAG(s) 'example_dynamic_task_mapping_with_no_taskflow_operators' retrieved from /home/airflow/.local/lib/python3.8/site-packages/airflow/example_dags/example_dynamic_task_mapping_with_no_taskflow_operators.py
[2025-06-28T04:40:45.189+0000] {logging_mixin.py:188} INFO - [2025-06-28T04:40:45.189+0000] {dag.py:3036} INFO - Sync 1 DAGs
[2025-06-28T04:40:45.203+0000] {logging_mixin.py:188} INFO - [2025-06-28T04:40:45.203+0000] {dag.py:3823} INFO - Setting next_dagrun for example_dynamic_task_mapping_with_no_taskflow_operators to 2025-06-27 00:00:00+00:00, run_after=2025-06-28 00:00:00+00:00
[2025-06-28T04:40:45.217+0000] {processor.py:183} INFO - Processing /home/airflow/.local/lib/python3.8/site-packages/airflow/example_dags/example_dynamic_task_mapping_with_no_taskflow_operators.py took 0.055 seconds
[2025-06-28T04:41:15.606+0000] {processor.py:161} INFO - Started process (PID=4545) to work on /home/airflow/.local/lib/python3.8/site-packages/airflow/example_dags/example_dynamic_task_mapping_with_no_taskflow_operators.py
[2025-06-28T04:41:15.607+0000] {processor.py:830} INFO - Processing file /home/airflow/.local/lib/python3.8/site-packages/airflow/example_dags/example_dynamic_task_mapping_with_no_taskflow_operators.py for tasks to queue
[2025-06-28T04:41:15.608+0000] {logging_mixin.py:188} INFO - [2025-06-28T04:41:15.608+0000] {dagbag.py:538} INFO - Filling up the DagBag from /home/airflow/.local/lib/python3.8/site-packages/airflow/example_dags/example_dynamic_task_mapping_with_no_taskflow_operators.py
[2025-06-28T04:41:15.614+0000] {processor.py:840} INFO - DAG(s) 'example_dynamic_task_mapping_with_no_taskflow_operators' retrieved from /home/airflow/.local/lib/python3.8/site-packages/airflow/example_dags/example_dynamic_task_mapping_with_no_taskflow_operators.py
[2025-06-28T04:41:15.637+0000] {logging_mixin.py:188} INFO - [2025-06-28T04:41:15.637+0000] {dag.py:3036} INFO - Sync 1 DAGs
[2025-06-28T04:41:15.651+0000] {logging_mixin.py:188} INFO - [2025-06-28T04:41:15.651+0000] {dag.py:3823} INFO - Setting next_dagrun for example_dynamic_task_mapping_with_no_taskflow_operators to 2025-06-27 00:00:00+00:00, run_after=2025-06-28 00:00:00+00:00
[2025-06-28T04:41:15.661+0000] {processor.py:183} INFO - Processing /home/airflow/.local/lib/python3.8/site-packages/airflow/example_dags/example_dynamic_task_mapping_with_no_taskflow_operators.py took 0.058 seconds
[2025-06-28T04:41:45.996+0000] {processor.py:161} INFO - Started process (PID=4795) to work on /home/airflow/.local/lib/python3.8/site-packages/airflow/example_dags/example_dynamic_task_mapping_with_no_taskflow_operators.py
[2025-06-28T04:41:45.997+0000] {processor.py:830} INFO - Processing file /home/airflow/.local/lib/python3.8/site-packages/airflow/example_dags/example_dynamic_task_mapping_with_no_taskflow_operators.py for tasks to queue
[2025-06-28T04:41:45.998+0000] {logging_mixin.py:188} INFO - [2025-06-28T04:41:45.998+0000] {dagbag.py:538} INFO - Filling up the DagBag from /home/airflow/.local/lib/python3.8/site-packages/airflow/example_dags/example_dynamic_task_mapping_with_no_taskflow_operators.py
[2025-06-28T04:41:46.002+0000] {processor.py:840} INFO - DAG(s) 'example_dynamic_task_mapping_with_no_taskflow_operators' retrieved from /home/airflow/.local/lib/python3.8/site-packages/airflow/example_dags/example_dynamic_task_mapping_with_no_taskflow_operators.py
[2025-06-28T04:41:46.013+0000] {logging_mixin.py:188} INFO - [2025-06-28T04:41:46.013+0000] {dag.py:3036} INFO - Sync 1 DAGs
[2025-06-28T04:41:46.025+0000] {logging_mixin.py:188} INFO - [2025-06-28T04:41:46.024+0000] {dag.py:3823} INFO - Setting next_dagrun for example_dynamic_task_mapping_with_no_taskflow_operators to 2025-06-27 00:00:00+00:00, run_after=2025-06-28 00:00:00+00:00
[2025-06-28T04:41:46.037+0000] {processor.py:183} INFO - Processing /home/airflow/.local/lib/python3.8/site-packages/airflow/example_dags/example_dynamic_task_mapping_with_no_taskflow_operators.py took 0.043 seconds
[2025-06-28T04:42:16.348+0000] {processor.py:161} INFO - Started process (PID=5043) to work on /home/airflow/.local/lib/python3.8/site-packages/airflow/example_dags/example_dynamic_task_mapping_with_no_taskflow_operators.py
[2025-06-28T04:42:16.349+0000] {processor.py:830} INFO - Processing file /home/airflow/.local/lib/python3.8/site-packages/airflow/example_dags/example_dynamic_task_mapping_with_no_taskflow_operators.py for tasks to queue
[2025-06-28T04:42:16.349+0000] {logging_mixin.py:188} INFO - [2025-06-28T04:42:16.349+0000] {dagbag.py:538} INFO - Filling up the DagBag from /home/airflow/.local/lib/python3.8/site-packages/airflow/example_dags/example_dynamic_task_mapping_with_no_taskflow_operators.py
[2025-06-28T04:42:16.353+0000] {processor.py:840} INFO - DAG(s) 'example_dynamic_task_mapping_with_no_taskflow_operators' retrieved from /home/airflow/.local/lib/python3.8/site-packages/airflow/example_dags/example_dynamic_task_mapping_with_no_taskflow_operators.py
[2025-06-28T04:42:16.366+0000] {logging_mixin.py:188} INFO - [2025-06-28T04:42:16.365+0000] {dag.py:3036} INFO - Sync 1 DAGs
[2025-06-28T04:42:16.383+0000] {logging_mixin.py:188} INFO - [2025-06-28T04:42:16.383+0000] {dag.py:3823} INFO - Setting next_dagrun for example_dynamic_task_mapping_with_no_taskflow_operators to 2025-06-27 00:00:00+00:00, run_after=2025-06-28 00:00:00+00:00
[2025-06-28T04:42:16.396+0000] {processor.py:183} INFO - Processing /home/airflow/.local/lib/python3.8/site-packages/airflow/example_dags/example_dynamic_task_mapping_with_no_taskflow_operators.py took 0.049 seconds
[2025-06-28T04:42:46.595+0000] {processor.py:161} INFO - Started process (PID=5295) to work on /home/airflow/.local/lib/python3.8/site-packages/airflow/example_dags/example_dynamic_task_mapping_with_no_taskflow_operators.py
[2025-06-28T04:42:46.596+0000] {processor.py:830} INFO - Processing file /home/airflow/.local/lib/python3.8/site-packages/airflow/example_dags/example_dynamic_task_mapping_with_no_taskflow_operators.py for tasks to queue
[2025-06-28T04:42:46.597+0000] {logging_mixin.py:188} INFO - [2025-06-28T04:42:46.597+0000] {dagbag.py:538} INFO - Filling up the DagBag from /home/airflow/.local/lib/python3.8/site-packages/airflow/example_dags/example_dynamic_task_mapping_with_no_taskflow_operators.py
[2025-06-28T04:42:46.601+0000] {processor.py:840} INFO - DAG(s) 'example_dynamic_task_mapping_with_no_taskflow_operators' retrieved from /home/airflow/.local/lib/python3.8/site-packages/airflow/example_dags/example_dynamic_task_mapping_with_no_taskflow_operators.py
[2025-06-28T04:42:46.616+0000] {logging_mixin.py:188} INFO - [2025-06-28T04:42:46.615+0000] {dag.py:3036} INFO - Sync 1 DAGs
[2025-06-28T04:42:46.628+0000] {logging_mixin.py:188} INFO - [2025-06-28T04:42:46.628+0000] {dag.py:3823} INFO - Setting next_dagrun for example_dynamic_task_mapping_with_no_taskflow_operators to 2025-06-27 00:00:00+00:00, run_after=2025-06-28 00:00:00+00:00
[2025-06-28T04:42:46.639+0000] {processor.py:183} INFO - Processing /home/airflow/.local/lib/python3.8/site-packages/airflow/example_dags/example_dynamic_task_mapping_with_no_taskflow_operators.py took 0.048 seconds
[2025-06-28T04:43:16.897+0000] {processor.py:161} INFO - Started process (PID=5543) to work on /home/airflow/.local/lib/python3.8/site-packages/airflow/example_dags/example_dynamic_task_mapping_with_no_taskflow_operators.py
[2025-06-28T04:43:16.898+0000] {processor.py:830} INFO - Processing file /home/airflow/.local/lib/python3.8/site-packages/airflow/example_dags/example_dynamic_task_mapping_with_no_taskflow_operators.py for tasks to queue
[2025-06-28T04:43:16.899+0000] {logging_mixin.py:188} INFO - [2025-06-28T04:43:16.899+0000] {dagbag.py:538} INFO - Filling up the DagBag from /home/airflow/.local/lib/python3.8/site-packages/airflow/example_dags/example_dynamic_task_mapping_with_no_taskflow_operators.py
[2025-06-28T04:43:16.902+0000] {processor.py:840} INFO - DAG(s) 'example_dynamic_task_mapping_with_no_taskflow_operators' retrieved from /home/airflow/.local/lib/python3.8/site-packages/airflow/example_dags/example_dynamic_task_mapping_with_no_taskflow_operators.py
[2025-06-28T04:43:16.919+0000] {logging_mixin.py:188} INFO - [2025-06-28T04:43:16.918+0000] {dag.py:3036} INFO - Sync 1 DAGs
[2025-06-28T04:43:16.937+0000] {logging_mixin.py:188} INFO - [2025-06-28T04:43:16.937+0000] {dag.py:3823} INFO - Setting next_dagrun for example_dynamic_task_mapping_with_no_taskflow_operators to 2025-06-27 00:00:00+00:00, run_after=2025-06-28 00:00:00+00:00
[2025-06-28T04:43:16.953+0000] {processor.py:183} INFO - Processing /home/airflow/.local/lib/python3.8/site-packages/airflow/example_dags/example_dynamic_task_mapping_with_no_taskflow_operators.py took 0.058 seconds
[2025-06-28T04:43:47.386+0000] {processor.py:161} INFO - Started process (PID=5793) to work on /home/airflow/.local/lib/python3.8/site-packages/airflow/example_dags/example_dynamic_task_mapping_with_no_taskflow_operators.py
[2025-06-28T04:43:47.387+0000] {processor.py:830} INFO - Processing file /home/airflow/.local/lib/python3.8/site-packages/airflow/example_dags/example_dynamic_task_mapping_with_no_taskflow_operators.py for tasks to queue
[2025-06-28T04:43:47.388+0000] {logging_mixin.py:188} INFO - [2025-06-28T04:43:47.388+0000] {dagbag.py:538} INFO - Filling up the DagBag from /home/airflow/.local/lib/python3.8/site-packages/airflow/example_dags/example_dynamic_task_mapping_with_no_taskflow_operators.py
[2025-06-28T04:43:47.395+0000] {processor.py:840} INFO - DAG(s) 'example_dynamic_task_mapping_with_no_taskflow_operators' retrieved from /home/airflow/.local/lib/python3.8/site-packages/airflow/example_dags/example_dynamic_task_mapping_with_no_taskflow_operators.py
[2025-06-28T04:43:47.409+0000] {logging_mixin.py:188} INFO - [2025-06-28T04:43:47.409+0000] {dag.py:3036} INFO - Sync 1 DAGs
[2025-06-28T04:43:47.426+0000] {logging_mixin.py:188} INFO - [2025-06-28T04:43:47.425+0000] {dag.py:3823} INFO - Setting next_dagrun for example_dynamic_task_mapping_with_no_taskflow_operators to 2025-06-27 00:00:00+00:00, run_after=2025-06-28 00:00:00+00:00
[2025-06-28T04:43:47.446+0000] {processor.py:183} INFO - Processing /home/airflow/.local/lib/python3.8/site-packages/airflow/example_dags/example_dynamic_task_mapping_with_no_taskflow_operators.py took 0.062 seconds
[2025-06-28T04:44:17.732+0000] {processor.py:161} INFO - Started process (PID=6043) to work on /home/airflow/.local/lib/python3.8/site-packages/airflow/example_dags/example_dynamic_task_mapping_with_no_taskflow_operators.py
[2025-06-28T04:44:17.733+0000] {processor.py:830} INFO - Processing file /home/airflow/.local/lib/python3.8/site-packages/airflow/example_dags/example_dynamic_task_mapping_with_no_taskflow_operators.py for tasks to queue
[2025-06-28T04:44:17.734+0000] {logging_mixin.py:188} INFO - [2025-06-28T04:44:17.733+0000] {dagbag.py:538} INFO - Filling up the DagBag from /home/airflow/.local/lib/python3.8/site-packages/airflow/example_dags/example_dynamic_task_mapping_with_no_taskflow_operators.py
[2025-06-28T04:44:17.737+0000] {processor.py:840} INFO - DAG(s) 'example_dynamic_task_mapping_with_no_taskflow_operators' retrieved from /home/airflow/.local/lib/python3.8/site-packages/airflow/example_dags/example_dynamic_task_mapping_with_no_taskflow_operators.py
[2025-06-28T04:44:17.752+0000] {logging_mixin.py:188} INFO - [2025-06-28T04:44:17.752+0000] {dag.py:3036} INFO - Sync 1 DAGs
[2025-06-28T04:44:17.766+0000] {logging_mixin.py:188} INFO - [2025-06-28T04:44:17.766+0000] {dag.py:3823} INFO - Setting next_dagrun for example_dynamic_task_mapping_with_no_taskflow_operators to 2025-06-27 00:00:00+00:00, run_after=2025-06-28 00:00:00+00:00
[2025-06-28T04:44:17.776+0000] {processor.py:183} INFO - Processing /home/airflow/.local/lib/python3.8/site-packages/airflow/example_dags/example_dynamic_task_mapping_with_no_taskflow_operators.py took 0.046 seconds
[2025-06-28T04:44:48.025+0000] {processor.py:161} INFO - Started process (PID=6295) to work on /home/airflow/.local/lib/python3.8/site-packages/airflow/example_dags/example_dynamic_task_mapping_with_no_taskflow_operators.py
[2025-06-28T04:44:48.027+0000] {processor.py:830} INFO - Processing file /home/airflow/.local/lib/python3.8/site-packages/airflow/example_dags/example_dynamic_task_mapping_with_no_taskflow_operators.py for tasks to queue
[2025-06-28T04:44:48.029+0000] {logging_mixin.py:188} INFO - [2025-06-28T04:44:48.029+0000] {dagbag.py:538} INFO - Filling up the DagBag from /home/airflow/.local/lib/python3.8/site-packages/airflow/example_dags/example_dynamic_task_mapping_with_no_taskflow_operators.py
[2025-06-28T04:44:48.035+0000] {processor.py:840} INFO - DAG(s) 'example_dynamic_task_mapping_with_no_taskflow_operators' retrieved from /home/airflow/.local/lib/python3.8/site-packages/airflow/example_dags/example_dynamic_task_mapping_with_no_taskflow_operators.py
[2025-06-28T04:44:48.049+0000] {logging_mixin.py:188} INFO - [2025-06-28T04:44:48.048+0000] {dag.py:3036} INFO - Sync 1 DAGs
[2025-06-28T04:44:48.062+0000] {logging_mixin.py:188} INFO - [2025-06-28T04:44:48.062+0000] {dag.py:3823} INFO - Setting next_dagrun for example_dynamic_task_mapping_with_no_taskflow_operators to 2025-06-27 00:00:00+00:00, run_after=2025-06-28 00:00:00+00:00
[2025-06-28T04:44:48.074+0000] {processor.py:183} INFO - Processing /home/airflow/.local/lib/python3.8/site-packages/airflow/example_dags/example_dynamic_task_mapping_with_no_taskflow_operators.py took 0.053 seconds
[2025-06-28T04:45:18.195+0000] {processor.py:161} INFO - Started process (PID=6543) to work on /home/airflow/.local/lib/python3.8/site-packages/airflow/example_dags/example_dynamic_task_mapping_with_no_taskflow_operators.py
[2025-06-28T04:45:18.196+0000] {processor.py:830} INFO - Processing file /home/airflow/.local/lib/python3.8/site-packages/airflow/example_dags/example_dynamic_task_mapping_with_no_taskflow_operators.py for tasks to queue
[2025-06-28T04:45:18.197+0000] {logging_mixin.py:188} INFO - [2025-06-28T04:45:18.197+0000] {dagbag.py:538} INFO - Filling up the DagBag from /home/airflow/.local/lib/python3.8/site-packages/airflow/example_dags/example_dynamic_task_mapping_with_no_taskflow_operators.py
[2025-06-28T04:45:18.200+0000] {processor.py:840} INFO - DAG(s) 'example_dynamic_task_mapping_with_no_taskflow_operators' retrieved from /home/airflow/.local/lib/python3.8/site-packages/airflow/example_dags/example_dynamic_task_mapping_with_no_taskflow_operators.py
[2025-06-28T04:45:18.215+0000] {logging_mixin.py:188} INFO - [2025-06-28T04:45:18.215+0000] {dag.py:3036} INFO - Sync 1 DAGs
[2025-06-28T04:45:18.235+0000] {logging_mixin.py:188} INFO - [2025-06-28T04:45:18.235+0000] {dag.py:3823} INFO - Setting next_dagrun for example_dynamic_task_mapping_with_no_taskflow_operators to 2025-06-27 00:00:00+00:00, run_after=2025-06-28 00:00:00+00:00
[2025-06-28T04:45:18.250+0000] {processor.py:183} INFO - Processing /home/airflow/.local/lib/python3.8/site-packages/airflow/example_dags/example_dynamic_task_mapping_with_no_taskflow_operators.py took 0.058 seconds
[2025-06-28T04:45:48.592+0000] {processor.py:161} INFO - Started process (PID=6793) to work on /home/airflow/.local/lib/python3.8/site-packages/airflow/example_dags/example_dynamic_task_mapping_with_no_taskflow_operators.py
[2025-06-28T04:45:48.593+0000] {processor.py:830} INFO - Processing file /home/airflow/.local/lib/python3.8/site-packages/airflow/example_dags/example_dynamic_task_mapping_with_no_taskflow_operators.py for tasks to queue
[2025-06-28T04:45:48.594+0000] {logging_mixin.py:188} INFO - [2025-06-28T04:45:48.594+0000] {dagbag.py:538} INFO - Filling up the DagBag from /home/airflow/.local/lib/python3.8/site-packages/airflow/example_dags/example_dynamic_task_mapping_with_no_taskflow_operators.py
[2025-06-28T04:45:48.599+0000] {processor.py:840} INFO - DAG(s) 'example_dynamic_task_mapping_with_no_taskflow_operators' retrieved from /home/airflow/.local/lib/python3.8/site-packages/airflow/example_dags/example_dynamic_task_mapping_with_no_taskflow_operators.py
[2025-06-28T04:45:48.613+0000] {logging_mixin.py:188} INFO - [2025-06-28T04:45:48.613+0000] {dag.py:3036} INFO - Sync 1 DAGs
[2025-06-28T04:45:48.630+0000] {logging_mixin.py:188} INFO - [2025-06-28T04:45:48.630+0000] {dag.py:3823} INFO - Setting next_dagrun for example_dynamic_task_mapping_with_no_taskflow_operators to 2025-06-27 00:00:00+00:00, run_after=2025-06-28 00:00:00+00:00
[2025-06-28T04:45:48.643+0000] {processor.py:183} INFO - Processing /home/airflow/.local/lib/python3.8/site-packages/airflow/example_dags/example_dynamic_task_mapping_with_no_taskflow_operators.py took 0.056 seconds
[2025-06-28T04:46:18.963+0000] {processor.py:161} INFO - Started process (PID=7043) to work on /home/airflow/.local/lib/python3.8/site-packages/airflow/example_dags/example_dynamic_task_mapping_with_no_taskflow_operators.py
[2025-06-28T04:46:18.965+0000] {processor.py:830} INFO - Processing file /home/airflow/.local/lib/python3.8/site-packages/airflow/example_dags/example_dynamic_task_mapping_with_no_taskflow_operators.py for tasks to queue
[2025-06-28T04:46:18.968+0000] {logging_mixin.py:188} INFO - [2025-06-28T04:46:18.967+0000] {dagbag.py:538} INFO - Filling up the DagBag from /home/airflow/.local/lib/python3.8/site-packages/airflow/example_dags/example_dynamic_task_mapping_with_no_taskflow_operators.py
[2025-06-28T04:46:18.980+0000] {processor.py:840} INFO - DAG(s) 'example_dynamic_task_mapping_with_no_taskflow_operators' retrieved from /home/airflow/.local/lib/python3.8/site-packages/airflow/example_dags/example_dynamic_task_mapping_with_no_taskflow_operators.py
[2025-06-28T04:46:19.007+0000] {logging_mixin.py:188} INFO - [2025-06-28T04:46:19.006+0000] {dag.py:3036} INFO - Sync 1 DAGs
[2025-06-28T04:46:19.033+0000] {logging_mixin.py:188} INFO - [2025-06-28T04:46:19.033+0000] {dag.py:3823} INFO - Setting next_dagrun for example_dynamic_task_mapping_with_no_taskflow_operators to 2025-06-27 00:00:00+00:00, run_after=2025-06-28 00:00:00+00:00
[2025-06-28T04:46:19.057+0000] {processor.py:183} INFO - Processing /home/airflow/.local/lib/python3.8/site-packages/airflow/example_dags/example_dynamic_task_mapping_with_no_taskflow_operators.py took 0.101 seconds
[2025-06-28T04:46:49.693+0000] {processor.py:161} INFO - Started process (PID=7293) to work on /home/airflow/.local/lib/python3.8/site-packages/airflow/example_dags/example_dynamic_task_mapping_with_no_taskflow_operators.py
[2025-06-28T04:46:49.693+0000] {processor.py:830} INFO - Processing file /home/airflow/.local/lib/python3.8/site-packages/airflow/example_dags/example_dynamic_task_mapping_with_no_taskflow_operators.py for tasks to queue
[2025-06-28T04:46:49.694+0000] {logging_mixin.py:188} INFO - [2025-06-28T04:46:49.694+0000] {dagbag.py:538} INFO - Filling up the DagBag from /home/airflow/.local/lib/python3.8/site-packages/airflow/example_dags/example_dynamic_task_mapping_with_no_taskflow_operators.py
[2025-06-28T04:46:49.698+0000] {processor.py:840} INFO - DAG(s) 'example_dynamic_task_mapping_with_no_taskflow_operators' retrieved from /home/airflow/.local/lib/python3.8/site-packages/airflow/example_dags/example_dynamic_task_mapping_with_no_taskflow_operators.py
[2025-06-28T04:46:49.711+0000] {logging_mixin.py:188} INFO - [2025-06-28T04:46:49.711+0000] {dag.py:3036} INFO - Sync 1 DAGs
[2025-06-28T04:46:49.726+0000] {logging_mixin.py:188} INFO - [2025-06-28T04:46:49.726+0000] {dag.py:3823} INFO - Setting next_dagrun for example_dynamic_task_mapping_with_no_taskflow_operators to 2025-06-27 00:00:00+00:00, run_after=2025-06-28 00:00:00+00:00
[2025-06-28T04:46:49.738+0000] {processor.py:183} INFO - Processing /home/airflow/.local/lib/python3.8/site-packages/airflow/example_dags/example_dynamic_task_mapping_with_no_taskflow_operators.py took 0.048 seconds
[2025-06-28T04:47:19.959+0000] {processor.py:161} INFO - Started process (PID=7545) to work on /home/airflow/.local/lib/python3.8/site-packages/airflow/example_dags/example_dynamic_task_mapping_with_no_taskflow_operators.py
[2025-06-28T04:47:19.960+0000] {processor.py:830} INFO - Processing file /home/airflow/.local/lib/python3.8/site-packages/airflow/example_dags/example_dynamic_task_mapping_with_no_taskflow_operators.py for tasks to queue
[2025-06-28T04:47:19.961+0000] {logging_mixin.py:188} INFO - [2025-06-28T04:47:19.961+0000] {dagbag.py:538} INFO - Filling up the DagBag from /home/airflow/.local/lib/python3.8/site-packages/airflow/example_dags/example_dynamic_task_mapping_with_no_taskflow_operators.py
[2025-06-28T04:47:19.964+0000] {processor.py:840} INFO - DAG(s) 'example_dynamic_task_mapping_with_no_taskflow_operators' retrieved from /home/airflow/.local/lib/python3.8/site-packages/airflow/example_dags/example_dynamic_task_mapping_with_no_taskflow_operators.py
[2025-06-28T04:47:19.977+0000] {logging_mixin.py:188} INFO - [2025-06-28T04:47:19.976+0000] {dag.py:3036} INFO - Sync 1 DAGs
[2025-06-28T04:47:19.990+0000] {logging_mixin.py:188} INFO - [2025-06-28T04:47:19.989+0000] {dag.py:3823} INFO - Setting next_dagrun for example_dynamic_task_mapping_with_no_taskflow_operators to 2025-06-27 00:00:00+00:00, run_after=2025-06-28 00:00:00+00:00
[2025-06-28T04:47:20.001+0000] {processor.py:183} INFO - Processing /home/airflow/.local/lib/python3.8/site-packages/airflow/example_dags/example_dynamic_task_mapping_with_no_taskflow_operators.py took 0.043 seconds
[2025-06-28T04:47:50.145+0000] {processor.py:161} INFO - Started process (PID=7793) to work on /home/airflow/.local/lib/python3.8/site-packages/airflow/example_dags/example_dynamic_task_mapping_with_no_taskflow_operators.py
[2025-06-28T04:47:50.146+0000] {processor.py:830} INFO - Processing file /home/airflow/.local/lib/python3.8/site-packages/airflow/example_dags/example_dynamic_task_mapping_with_no_taskflow_operators.py for tasks to queue
[2025-06-28T04:47:50.147+0000] {logging_mixin.py:188} INFO - [2025-06-28T04:47:50.147+0000] {dagbag.py:538} INFO - Filling up the DagBag from /home/airflow/.local/lib/python3.8/site-packages/airflow/example_dags/example_dynamic_task_mapping_with_no_taskflow_operators.py
[2025-06-28T04:47:50.151+0000] {processor.py:840} INFO - DAG(s) 'example_dynamic_task_mapping_with_no_taskflow_operators' retrieved from /home/airflow/.local/lib/python3.8/site-packages/airflow/example_dags/example_dynamic_task_mapping_with_no_taskflow_operators.py
[2025-06-28T04:47:50.164+0000] {logging_mixin.py:188} INFO - [2025-06-28T04:47:50.164+0000] {dag.py:3036} INFO - Sync 1 DAGs
[2025-06-28T04:47:50.179+0000] {logging_mixin.py:188} INFO - [2025-06-28T04:47:50.179+0000] {dag.py:3823} INFO - Setting next_dagrun for example_dynamic_task_mapping_with_no_taskflow_operators to 2025-06-27 00:00:00+00:00, run_after=2025-06-28 00:00:00+00:00
[2025-06-28T04:47:50.191+0000] {processor.py:183} INFO - Processing /home/airflow/.local/lib/python3.8/site-packages/airflow/example_dags/example_dynamic_task_mapping_with_no_taskflow_operators.py took 0.048 seconds
[2025-06-28T04:48:21.371+0000] {processor.py:161} INFO - Started process (PID=8045) to work on /home/airflow/.local/lib/python3.8/site-packages/airflow/example_dags/example_dynamic_task_mapping_with_no_taskflow_operators.py
[2025-06-28T04:48:21.372+0000] {processor.py:830} INFO - Processing file /home/airflow/.local/lib/python3.8/site-packages/airflow/example_dags/example_dynamic_task_mapping_with_no_taskflow_operators.py for tasks to queue
[2025-06-28T04:48:21.374+0000] {logging_mixin.py:188} INFO - [2025-06-28T04:48:21.373+0000] {dagbag.py:538} INFO - Filling up the DagBag from /home/airflow/.local/lib/python3.8/site-packages/airflow/example_dags/example_dynamic_task_mapping_with_no_taskflow_operators.py
[2025-06-28T04:48:21.377+0000] {processor.py:840} INFO - DAG(s) 'example_dynamic_task_mapping_with_no_taskflow_operators' retrieved from /home/airflow/.local/lib/python3.8/site-packages/airflow/example_dags/example_dynamic_task_mapping_with_no_taskflow_operators.py
[2025-06-28T04:48:21.392+0000] {logging_mixin.py:188} INFO - [2025-06-28T04:48:21.392+0000] {dag.py:3036} INFO - Sync 1 DAGs
[2025-06-28T04:48:21.409+0000] {logging_mixin.py:188} INFO - [2025-06-28T04:48:21.409+0000] {dag.py:3823} INFO - Setting next_dagrun for example_dynamic_task_mapping_with_no_taskflow_operators to 2025-06-27 00:00:00+00:00, run_after=2025-06-28 00:00:00+00:00
[2025-06-28T04:48:21.420+0000] {processor.py:183} INFO - Processing /home/airflow/.local/lib/python3.8/site-packages/airflow/example_dags/example_dynamic_task_mapping_with_no_taskflow_operators.py took 0.051 seconds
