[2025-06-28T04:32:40.327+0000] {processor.py:161} INFO - Started process (PID=398) to work on /home/airflow/.local/lib/python3.8/site-packages/airflow/example_dags/example_trigger_controller_dag.py
[2025-06-28T04:32:40.328+0000] {processor.py:830} INFO - Processing file /home/airflow/.local/lib/python3.8/site-packages/airflow/example_dags/example_trigger_controller_dag.py for tasks to queue
[2025-06-28T04:32:40.329+0000] {logging_mixin.py:188} INFO - [2025-06-28T04:32:40.329+0000] {dagbag.py:538} INFO - Filling up the DagBag from /home/airflow/.local/lib/python3.8/site-packages/airflow/example_dags/example_trigger_controller_dag.py
[2025-06-28T04:32:40.332+0000] {processor.py:840} INFO - DAG(s) 'example_trigger_controller_dag' retrieved from /home/airflow/.local/lib/python3.8/site-packages/airflow/example_dags/example_trigger_controller_dag.py
[2025-06-28T04:32:40.344+0000] {logging_mixin.py:188} INFO - [2025-06-28T04:32:40.344+0000] {dag.py:3036} INFO - Sync 1 DAGs
[2025-06-28T04:32:40.364+0000] {logging_mixin.py:188} INFO - [2025-06-28T04:32:40.364+0000] {dag.py:3823} INFO - Setting next_dagrun for example_trigger_controller_dag to 2021-01-01 00:00:00+00:00, run_after=2021-01-01 00:00:00+00:00
[2025-06-28T04:32:40.379+0000] {processor.py:183} INFO - Processing /home/airflow/.local/lib/python3.8/site-packages/airflow/example_dags/example_trigger_controller_dag.py took 0.054 seconds
[2025-06-28T04:33:12.065+0000] {processor.py:161} INFO - Started process (PID=648) to work on /home/airflow/.local/lib/python3.8/site-packages/airflow/example_dags/example_trigger_controller_dag.py
[2025-06-28T04:33:12.066+0000] {processor.py:830} INFO - Processing file /home/airflow/.local/lib/python3.8/site-packages/airflow/example_dags/example_trigger_controller_dag.py for tasks to queue
[2025-06-28T04:33:12.070+0000] {logging_mixin.py:188} INFO - [2025-06-28T04:33:12.069+0000] {dagbag.py:538} INFO - Filling up the DagBag from /home/airflow/.local/lib/python3.8/site-packages/airflow/example_dags/example_trigger_controller_dag.py
[2025-06-28T04:33:12.074+0000] {processor.py:840} INFO - DAG(s) 'example_trigger_controller_dag' retrieved from /home/airflow/.local/lib/python3.8/site-packages/airflow/example_dags/example_trigger_controller_dag.py
[2025-06-28T04:33:12.149+0000] {logging_mixin.py:188} INFO - [2025-06-28T04:33:12.149+0000] {dag.py:3036} INFO - Sync 1 DAGs
[2025-06-28T04:33:12.164+0000] {logging_mixin.py:188} INFO - [2025-06-28T04:33:12.163+0000] {dag.py:3823} INFO - Setting next_dagrun for example_trigger_controller_dag to 2021-01-01 00:00:00+00:00, run_after=2021-01-01 00:00:00+00:00
[2025-06-28T04:33:12.181+0000] {processor.py:183} INFO - Processing /home/airflow/.local/lib/python3.8/site-packages/airflow/example_dags/example_trigger_controller_dag.py took 0.119 seconds
[2025-06-28T04:33:42.704+0000] {processor.py:161} INFO - Started process (PID=898) to work on /home/airflow/.local/lib/python3.8/site-packages/airflow/example_dags/example_trigger_controller_dag.py
[2025-06-28T04:33:42.704+0000] {processor.py:830} INFO - Processing file /home/airflow/.local/lib/python3.8/site-packages/airflow/example_dags/example_trigger_controller_dag.py for tasks to queue
[2025-06-28T04:33:42.705+0000] {logging_mixin.py:188} INFO - [2025-06-28T04:33:42.705+0000] {dagbag.py:538} INFO - Filling up the DagBag from /home/airflow/.local/lib/python3.8/site-packages/airflow/example_dags/example_trigger_controller_dag.py
[2025-06-28T04:33:42.707+0000] {processor.py:840} INFO - DAG(s) 'example_trigger_controller_dag' retrieved from /home/airflow/.local/lib/python3.8/site-packages/airflow/example_dags/example_trigger_controller_dag.py
[2025-06-28T04:33:42.720+0000] {logging_mixin.py:188} INFO - [2025-06-28T04:33:42.719+0000] {dag.py:3036} INFO - Sync 1 DAGs
[2025-06-28T04:33:42.740+0000] {logging_mixin.py:188} INFO - [2025-06-28T04:33:42.740+0000] {dag.py:3823} INFO - Setting next_dagrun for example_trigger_controller_dag to 2021-01-01 00:00:00+00:00, run_after=2021-01-01 00:00:00+00:00
[2025-06-28T04:33:42.754+0000] {processor.py:183} INFO - Processing /home/airflow/.local/lib/python3.8/site-packages/airflow/example_dags/example_trigger_controller_dag.py took 0.052 seconds
[2025-06-28T04:34:13.020+0000] {processor.py:161} INFO - Started process (PID=1148) to work on /home/airflow/.local/lib/python3.8/site-packages/airflow/example_dags/example_trigger_controller_dag.py
[2025-06-28T04:34:13.021+0000] {processor.py:830} INFO - Processing file /home/airflow/.local/lib/python3.8/site-packages/airflow/example_dags/example_trigger_controller_dag.py for tasks to queue
[2025-06-28T04:34:13.022+0000] {logging_mixin.py:188} INFO - [2025-06-28T04:34:13.022+0000] {dagbag.py:538} INFO - Filling up the DagBag from /home/airflow/.local/lib/python3.8/site-packages/airflow/example_dags/example_trigger_controller_dag.py
[2025-06-28T04:34:13.024+0000] {processor.py:840} INFO - DAG(s) 'example_trigger_controller_dag' retrieved from /home/airflow/.local/lib/python3.8/site-packages/airflow/example_dags/example_trigger_controller_dag.py
[2025-06-28T04:34:13.039+0000] {logging_mixin.py:188} INFO - [2025-06-28T04:34:13.039+0000] {dag.py:3036} INFO - Sync 1 DAGs
[2025-06-28T04:34:13.055+0000] {logging_mixin.py:188} INFO - [2025-06-28T04:34:13.055+0000] {dag.py:3823} INFO - Setting next_dagrun for example_trigger_controller_dag to 2021-01-01 00:00:00+00:00, run_after=2021-01-01 00:00:00+00:00
[2025-06-28T04:34:13.074+0000] {processor.py:183} INFO - Processing /home/airflow/.local/lib/python3.8/site-packages/airflow/example_dags/example_trigger_controller_dag.py took 0.055 seconds
[2025-06-28T04:34:43.462+0000] {processor.py:161} INFO - Started process (PID=1398) to work on /home/airflow/.local/lib/python3.8/site-packages/airflow/example_dags/example_trigger_controller_dag.py
[2025-06-28T04:34:43.463+0000] {processor.py:830} INFO - Processing file /home/airflow/.local/lib/python3.8/site-packages/airflow/example_dags/example_trigger_controller_dag.py for tasks to queue
[2025-06-28T04:34:43.464+0000] {logging_mixin.py:188} INFO - [2025-06-28T04:34:43.464+0000] {dagbag.py:538} INFO - Filling up the DagBag from /home/airflow/.local/lib/python3.8/site-packages/airflow/example_dags/example_trigger_controller_dag.py
[2025-06-28T04:34:43.468+0000] {processor.py:840} INFO - DAG(s) 'example_trigger_controller_dag' retrieved from /home/airflow/.local/lib/python3.8/site-packages/airflow/example_dags/example_trigger_controller_dag.py
[2025-06-28T04:34:43.483+0000] {logging_mixin.py:188} INFO - [2025-06-28T04:34:43.482+0000] {dag.py:3036} INFO - Sync 1 DAGs
[2025-06-28T04:34:43.499+0000] {logging_mixin.py:188} INFO - [2025-06-28T04:34:43.499+0000] {dag.py:3823} INFO - Setting next_dagrun for example_trigger_controller_dag to 2021-01-01 00:00:00+00:00, run_after=2021-01-01 00:00:00+00:00
[2025-06-28T04:34:43.513+0000] {processor.py:183} INFO - Processing /home/airflow/.local/lib/python3.8/site-packages/airflow/example_dags/example_trigger_controller_dag.py took 0.053 seconds
[2025-06-28T04:35:13.931+0000] {processor.py:161} INFO - Started process (PID=1648) to work on /home/airflow/.local/lib/python3.8/site-packages/airflow/example_dags/example_trigger_controller_dag.py
[2025-06-28T04:35:13.933+0000] {processor.py:830} INFO - Processing file /home/airflow/.local/lib/python3.8/site-packages/airflow/example_dags/example_trigger_controller_dag.py for tasks to queue
[2025-06-28T04:35:13.936+0000] {logging_mixin.py:188} INFO - [2025-06-28T04:35:13.935+0000] {dagbag.py:538} INFO - Filling up the DagBag from /home/airflow/.local/lib/python3.8/site-packages/airflow/example_dags/example_trigger_controller_dag.py
[2025-06-28T04:35:13.941+0000] {processor.py:840} INFO - DAG(s) 'example_trigger_controller_dag' retrieved from /home/airflow/.local/lib/python3.8/site-packages/airflow/example_dags/example_trigger_controller_dag.py
[2025-06-28T04:35:13.963+0000] {logging_mixin.py:188} INFO - [2025-06-28T04:35:13.962+0000] {dag.py:3036} INFO - Sync 1 DAGs
[2025-06-28T04:35:13.986+0000] {logging_mixin.py:188} INFO - [2025-06-28T04:35:13.986+0000] {dag.py:3823} INFO - Setting next_dagrun for example_trigger_controller_dag to 2021-01-01 00:00:00+00:00, run_after=2021-01-01 00:00:00+00:00
[2025-06-28T04:35:14.003+0000] {processor.py:183} INFO - Processing /home/airflow/.local/lib/python3.8/site-packages/airflow/example_dags/example_trigger_controller_dag.py took 0.075 seconds
[2025-06-28T04:35:44.565+0000] {processor.py:161} INFO - Started process (PID=1900) to work on /home/airflow/.local/lib/python3.8/site-packages/airflow/example_dags/example_trigger_controller_dag.py
[2025-06-28T04:35:44.565+0000] {processor.py:830} INFO - Processing file /home/airflow/.local/lib/python3.8/site-packages/airflow/example_dags/example_trigger_controller_dag.py for tasks to queue
[2025-06-28T04:35:44.567+0000] {logging_mixin.py:188} INFO - [2025-06-28T04:35:44.567+0000] {dagbag.py:538} INFO - Filling up the DagBag from /home/airflow/.local/lib/python3.8/site-packages/airflow/example_dags/example_trigger_controller_dag.py
[2025-06-28T04:35:44.569+0000] {processor.py:840} INFO - DAG(s) 'example_trigger_controller_dag' retrieved from /home/airflow/.local/lib/python3.8/site-packages/airflow/example_dags/example_trigger_controller_dag.py
[2025-06-28T04:35:44.583+0000] {logging_mixin.py:188} INFO - [2025-06-28T04:35:44.583+0000] {dag.py:3036} INFO - Sync 1 DAGs
[2025-06-28T04:35:44.597+0000] {logging_mixin.py:188} INFO - [2025-06-28T04:35:44.596+0000] {dag.py:3823} INFO - Setting next_dagrun for example_trigger_controller_dag to 2021-01-01 00:00:00+00:00, run_after=2021-01-01 00:00:00+00:00
[2025-06-28T04:35:44.613+0000] {processor.py:183} INFO - Processing /home/airflow/.local/lib/python3.8/site-packages/airflow/example_dags/example_trigger_controller_dag.py took 0.051 seconds
[2025-06-28T04:36:14.859+0000] {processor.py:161} INFO - Started process (PID=2150) to work on /home/airflow/.local/lib/python3.8/site-packages/airflow/example_dags/example_trigger_controller_dag.py
[2025-06-28T04:36:14.861+0000] {processor.py:830} INFO - Processing file /home/airflow/.local/lib/python3.8/site-packages/airflow/example_dags/example_trigger_controller_dag.py for tasks to queue
[2025-06-28T04:36:14.862+0000] {logging_mixin.py:188} INFO - [2025-06-28T04:36:14.862+0000] {dagbag.py:538} INFO - Filling up the DagBag from /home/airflow/.local/lib/python3.8/site-packages/airflow/example_dags/example_trigger_controller_dag.py
[2025-06-28T04:36:14.866+0000] {processor.py:840} INFO - DAG(s) 'example_trigger_controller_dag' retrieved from /home/airflow/.local/lib/python3.8/site-packages/airflow/example_dags/example_trigger_controller_dag.py
[2025-06-28T04:36:14.884+0000] {logging_mixin.py:188} INFO - [2025-06-28T04:36:14.883+0000] {dag.py:3036} INFO - Sync 1 DAGs
[2025-06-28T04:36:14.904+0000] {logging_mixin.py:188} INFO - [2025-06-28T04:36:14.904+0000] {dag.py:3823} INFO - Setting next_dagrun for example_trigger_controller_dag to 2021-01-01 00:00:00+00:00, run_after=2021-01-01 00:00:00+00:00
[2025-06-28T04:36:14.922+0000] {processor.py:183} INFO - Processing /home/airflow/.local/lib/python3.8/site-packages/airflow/example_dags/example_trigger_controller_dag.py took 0.067 seconds
[2025-06-28T04:36:44.948+0000] {processor.py:161} INFO - Started process (PID=2398) to work on /home/airflow/.local/lib/python3.8/site-packages/airflow/example_dags/example_trigger_controller_dag.py
[2025-06-28T04:36:44.949+0000] {processor.py:830} INFO - Processing file /home/airflow/.local/lib/python3.8/site-packages/airflow/example_dags/example_trigger_controller_dag.py for tasks to queue
[2025-06-28T04:36:44.950+0000] {logging_mixin.py:188} INFO - [2025-06-28T04:36:44.950+0000] {dagbag.py:538} INFO - Filling up the DagBag from /home/airflow/.local/lib/python3.8/site-packages/airflow/example_dags/example_trigger_controller_dag.py
[2025-06-28T04:36:44.953+0000] {processor.py:840} INFO - DAG(s) 'example_trigger_controller_dag' retrieved from /home/airflow/.local/lib/python3.8/site-packages/airflow/example_dags/example_trigger_controller_dag.py
[2025-06-28T04:36:44.967+0000] {logging_mixin.py:188} INFO - [2025-06-28T04:36:44.967+0000] {dag.py:3036} INFO - Sync 1 DAGs
[2025-06-28T04:36:44.979+0000] {logging_mixin.py:188} INFO - [2025-06-28T04:36:44.979+0000] {dag.py:3823} INFO - Setting next_dagrun for example_trigger_controller_dag to 2021-01-01 00:00:00+00:00, run_after=2021-01-01 00:00:00+00:00
[2025-06-28T04:36:44.991+0000] {processor.py:183} INFO - Processing /home/airflow/.local/lib/python3.8/site-packages/airflow/example_dags/example_trigger_controller_dag.py took 0.046 seconds
[2025-06-28T04:37:15.203+0000] {processor.py:161} INFO - Started process (PID=2648) to work on /home/airflow/.local/lib/python3.8/site-packages/airflow/example_dags/example_trigger_controller_dag.py
[2025-06-28T04:37:15.204+0000] {processor.py:830} INFO - Processing file /home/airflow/.local/lib/python3.8/site-packages/airflow/example_dags/example_trigger_controller_dag.py for tasks to queue
[2025-06-28T04:37:15.205+0000] {logging_mixin.py:188} INFO - [2025-06-28T04:37:15.204+0000] {dagbag.py:538} INFO - Filling up the DagBag from /home/airflow/.local/lib/python3.8/site-packages/airflow/example_dags/example_trigger_controller_dag.py
[2025-06-28T04:37:15.207+0000] {processor.py:840} INFO - DAG(s) 'example_trigger_controller_dag' retrieved from /home/airflow/.local/lib/python3.8/site-packages/airflow/example_dags/example_trigger_controller_dag.py
[2025-06-28T04:37:15.220+0000] {logging_mixin.py:188} INFO - [2025-06-28T04:37:15.219+0000] {dag.py:3036} INFO - Sync 1 DAGs
[2025-06-28T04:37:15.234+0000] {logging_mixin.py:188} INFO - [2025-06-28T04:37:15.233+0000] {dag.py:3823} INFO - Setting next_dagrun for example_trigger_controller_dag to 2021-01-01 00:00:00+00:00, run_after=2021-01-01 00:00:00+00:00
[2025-06-28T04:37:15.248+0000] {processor.py:183} INFO - Processing /home/airflow/.local/lib/python3.8/site-packages/airflow/example_dags/example_trigger_controller_dag.py took 0.046 seconds
[2025-06-28T04:37:45.284+0000] {processor.py:161} INFO - Started process (PID=2898) to work on /home/airflow/.local/lib/python3.8/site-packages/airflow/example_dags/example_trigger_controller_dag.py
[2025-06-28T04:37:45.284+0000] {processor.py:830} INFO - Processing file /home/airflow/.local/lib/python3.8/site-packages/airflow/example_dags/example_trigger_controller_dag.py for tasks to queue
[2025-06-28T04:37:45.285+0000] {logging_mixin.py:188} INFO - [2025-06-28T04:37:45.285+0000] {dagbag.py:538} INFO - Filling up the DagBag from /home/airflow/.local/lib/python3.8/site-packages/airflow/example_dags/example_trigger_controller_dag.py
[2025-06-28T04:37:45.288+0000] {processor.py:840} INFO - DAG(s) 'example_trigger_controller_dag' retrieved from /home/airflow/.local/lib/python3.8/site-packages/airflow/example_dags/example_trigger_controller_dag.py
[2025-06-28T04:37:45.303+0000] {logging_mixin.py:188} INFO - [2025-06-28T04:37:45.302+0000] {dag.py:3036} INFO - Sync 1 DAGs
[2025-06-28T04:37:45.318+0000] {logging_mixin.py:188} INFO - [2025-06-28T04:37:45.318+0000] {dag.py:3823} INFO - Setting next_dagrun for example_trigger_controller_dag to 2021-01-01 00:00:00+00:00, run_after=2021-01-01 00:00:00+00:00
[2025-06-28T04:37:45.332+0000] {processor.py:183} INFO - Processing /home/airflow/.local/lib/python3.8/site-packages/airflow/example_dags/example_trigger_controller_dag.py took 0.050 seconds
[2025-06-28T04:38:15.655+0000] {processor.py:161} INFO - Started process (PID=3148) to work on /home/airflow/.local/lib/python3.8/site-packages/airflow/example_dags/example_trigger_controller_dag.py
[2025-06-28T04:38:15.655+0000] {processor.py:830} INFO - Processing file /home/airflow/.local/lib/python3.8/site-packages/airflow/example_dags/example_trigger_controller_dag.py for tasks to queue
[2025-06-28T04:38:15.656+0000] {logging_mixin.py:188} INFO - [2025-06-28T04:38:15.656+0000] {dagbag.py:538} INFO - Filling up the DagBag from /home/airflow/.local/lib/python3.8/site-packages/airflow/example_dags/example_trigger_controller_dag.py
[2025-06-28T04:38:15.659+0000] {processor.py:840} INFO - DAG(s) 'example_trigger_controller_dag' retrieved from /home/airflow/.local/lib/python3.8/site-packages/airflow/example_dags/example_trigger_controller_dag.py
[2025-06-28T04:38:15.671+0000] {logging_mixin.py:188} INFO - [2025-06-28T04:38:15.671+0000] {dag.py:3036} INFO - Sync 1 DAGs
[2025-06-28T04:38:15.687+0000] {logging_mixin.py:188} INFO - [2025-06-28T04:38:15.687+0000] {dag.py:3823} INFO - Setting next_dagrun for example_trigger_controller_dag to 2021-01-01 00:00:00+00:00, run_after=2021-01-01 00:00:00+00:00
[2025-06-28T04:38:15.701+0000] {processor.py:183} INFO - Processing /home/airflow/.local/lib/python3.8/site-packages/airflow/example_dags/example_trigger_controller_dag.py took 0.048 seconds
[2025-06-28T04:38:45.971+0000] {processor.py:161} INFO - Started process (PID=3398) to work on /home/airflow/.local/lib/python3.8/site-packages/airflow/example_dags/example_trigger_controller_dag.py
[2025-06-28T04:38:45.972+0000] {processor.py:830} INFO - Processing file /home/airflow/.local/lib/python3.8/site-packages/airflow/example_dags/example_trigger_controller_dag.py for tasks to queue
[2025-06-28T04:38:45.974+0000] {logging_mixin.py:188} INFO - [2025-06-28T04:38:45.973+0000] {dagbag.py:538} INFO - Filling up the DagBag from /home/airflow/.local/lib/python3.8/site-packages/airflow/example_dags/example_trigger_controller_dag.py
[2025-06-28T04:38:45.977+0000] {processor.py:840} INFO - DAG(s) 'example_trigger_controller_dag' retrieved from /home/airflow/.local/lib/python3.8/site-packages/airflow/example_dags/example_trigger_controller_dag.py
[2025-06-28T04:38:45.993+0000] {logging_mixin.py:188} INFO - [2025-06-28T04:38:45.993+0000] {dag.py:3036} INFO - Sync 1 DAGs
[2025-06-28T04:38:46.008+0000] {logging_mixin.py:188} INFO - [2025-06-28T04:38:46.008+0000] {dag.py:3823} INFO - Setting next_dagrun for example_trigger_controller_dag to 2021-01-01 00:00:00+00:00, run_after=2021-01-01 00:00:00+00:00
[2025-06-28T04:38:46.025+0000] {processor.py:183} INFO - Processing /home/airflow/.local/lib/python3.8/site-packages/airflow/example_dags/example_trigger_controller_dag.py took 0.058 seconds
[2025-06-28T04:39:16.141+0000] {processor.py:161} INFO - Started process (PID=3648) to work on /home/airflow/.local/lib/python3.8/site-packages/airflow/example_dags/example_trigger_controller_dag.py
[2025-06-28T04:39:16.142+0000] {processor.py:830} INFO - Processing file /home/airflow/.local/lib/python3.8/site-packages/airflow/example_dags/example_trigger_controller_dag.py for tasks to queue
[2025-06-28T04:39:16.143+0000] {logging_mixin.py:188} INFO - [2025-06-28T04:39:16.143+0000] {dagbag.py:538} INFO - Filling up the DagBag from /home/airflow/.local/lib/python3.8/site-packages/airflow/example_dags/example_trigger_controller_dag.py
[2025-06-28T04:39:16.145+0000] {processor.py:840} INFO - DAG(s) 'example_trigger_controller_dag' retrieved from /home/airflow/.local/lib/python3.8/site-packages/airflow/example_dags/example_trigger_controller_dag.py
[2025-06-28T04:39:16.157+0000] {logging_mixin.py:188} INFO - [2025-06-28T04:39:16.157+0000] {dag.py:3036} INFO - Sync 1 DAGs
[2025-06-28T04:39:16.171+0000] {logging_mixin.py:188} INFO - [2025-06-28T04:39:16.171+0000] {dag.py:3823} INFO - Setting next_dagrun for example_trigger_controller_dag to 2021-01-01 00:00:00+00:00, run_after=2021-01-01 00:00:00+00:00
[2025-06-28T04:39:16.183+0000] {processor.py:183} INFO - Processing /home/airflow/.local/lib/python3.8/site-packages/airflow/example_dags/example_trigger_controller_dag.py took 0.043 seconds
[2025-06-28T04:39:46.348+0000] {processor.py:161} INFO - Started process (PID=3898) to work on /home/airflow/.local/lib/python3.8/site-packages/airflow/example_dags/example_trigger_controller_dag.py
[2025-06-28T04:39:46.348+0000] {processor.py:830} INFO - Processing file /home/airflow/.local/lib/python3.8/site-packages/airflow/example_dags/example_trigger_controller_dag.py for tasks to queue
[2025-06-28T04:39:46.349+0000] {logging_mixin.py:188} INFO - [2025-06-28T04:39:46.349+0000] {dagbag.py:538} INFO - Filling up the DagBag from /home/airflow/.local/lib/python3.8/site-packages/airflow/example_dags/example_trigger_controller_dag.py
[2025-06-28T04:39:46.352+0000] {processor.py:840} INFO - DAG(s) 'example_trigger_controller_dag' retrieved from /home/airflow/.local/lib/python3.8/site-packages/airflow/example_dags/example_trigger_controller_dag.py
[2025-06-28T04:39:46.365+0000] {logging_mixin.py:188} INFO - [2025-06-28T04:39:46.365+0000] {dag.py:3036} INFO - Sync 1 DAGs
[2025-06-28T04:39:46.381+0000] {logging_mixin.py:188} INFO - [2025-06-28T04:39:46.381+0000] {dag.py:3823} INFO - Setting next_dagrun for example_trigger_controller_dag to 2021-01-01 00:00:00+00:00, run_after=2021-01-01 00:00:00+00:00
[2025-06-28T04:39:46.397+0000] {processor.py:183} INFO - Processing /home/airflow/.local/lib/python3.8/site-packages/airflow/example_dags/example_trigger_controller_dag.py took 0.052 seconds
[2025-06-28T04:40:16.891+0000] {processor.py:161} INFO - Started process (PID=4150) to work on /home/airflow/.local/lib/python3.8/site-packages/airflow/example_dags/example_trigger_controller_dag.py
[2025-06-28T04:40:16.893+0000] {processor.py:830} INFO - Processing file /home/airflow/.local/lib/python3.8/site-packages/airflow/example_dags/example_trigger_controller_dag.py for tasks to queue
[2025-06-28T04:40:16.894+0000] {logging_mixin.py:188} INFO - [2025-06-28T04:40:16.894+0000] {dagbag.py:538} INFO - Filling up the DagBag from /home/airflow/.local/lib/python3.8/site-packages/airflow/example_dags/example_trigger_controller_dag.py
[2025-06-28T04:40:16.899+0000] {processor.py:840} INFO - DAG(s) 'example_trigger_controller_dag' retrieved from /home/airflow/.local/lib/python3.8/site-packages/airflow/example_dags/example_trigger_controller_dag.py
[2025-06-28T04:40:16.912+0000] {logging_mixin.py:188} INFO - [2025-06-28T04:40:16.912+0000] {dag.py:3036} INFO - Sync 1 DAGs
[2025-06-28T04:40:16.927+0000] {logging_mixin.py:188} INFO - [2025-06-28T04:40:16.927+0000] {dag.py:3823} INFO - Setting next_dagrun for example_trigger_controller_dag to 2021-01-01 00:00:00+00:00, run_after=2021-01-01 00:00:00+00:00
[2025-06-28T04:40:16.940+0000] {processor.py:183} INFO - Processing /home/airflow/.local/lib/python3.8/site-packages/airflow/example_dags/example_trigger_controller_dag.py took 0.051 seconds
[2025-06-28T04:40:47.211+0000] {processor.py:161} INFO - Started process (PID=4400) to work on /home/airflow/.local/lib/python3.8/site-packages/airflow/example_dags/example_trigger_controller_dag.py
[2025-06-28T04:40:47.212+0000] {processor.py:830} INFO - Processing file /home/airflow/.local/lib/python3.8/site-packages/airflow/example_dags/example_trigger_controller_dag.py for tasks to queue
[2025-06-28T04:40:47.215+0000] {logging_mixin.py:188} INFO - [2025-06-28T04:40:47.214+0000] {dagbag.py:538} INFO - Filling up the DagBag from /home/airflow/.local/lib/python3.8/site-packages/airflow/example_dags/example_trigger_controller_dag.py
[2025-06-28T04:40:47.222+0000] {processor.py:840} INFO - DAG(s) 'example_trigger_controller_dag' retrieved from /home/airflow/.local/lib/python3.8/site-packages/airflow/example_dags/example_trigger_controller_dag.py
[2025-06-28T04:40:47.241+0000] {logging_mixin.py:188} INFO - [2025-06-28T04:40:47.241+0000] {dag.py:3036} INFO - Sync 1 DAGs
[2025-06-28T04:40:47.262+0000] {logging_mixin.py:188} INFO - [2025-06-28T04:40:47.261+0000] {dag.py:3823} INFO - Setting next_dagrun for example_trigger_controller_dag to 2021-01-01 00:00:00+00:00, run_after=2021-01-01 00:00:00+00:00
[2025-06-28T04:40:47.274+0000] {processor.py:183} INFO - Processing /home/airflow/.local/lib/python3.8/site-packages/airflow/example_dags/example_trigger_controller_dag.py took 0.066 seconds
[2025-06-28T04:41:17.641+0000] {processor.py:161} INFO - Started process (PID=4650) to work on /home/airflow/.local/lib/python3.8/site-packages/airflow/example_dags/example_trigger_controller_dag.py
[2025-06-28T04:41:17.641+0000] {processor.py:830} INFO - Processing file /home/airflow/.local/lib/python3.8/site-packages/airflow/example_dags/example_trigger_controller_dag.py for tasks to queue
[2025-06-28T04:41:17.642+0000] {logging_mixin.py:188} INFO - [2025-06-28T04:41:17.642+0000] {dagbag.py:538} INFO - Filling up the DagBag from /home/airflow/.local/lib/python3.8/site-packages/airflow/example_dags/example_trigger_controller_dag.py
[2025-06-28T04:41:17.646+0000] {processor.py:840} INFO - DAG(s) 'example_trigger_controller_dag' retrieved from /home/airflow/.local/lib/python3.8/site-packages/airflow/example_dags/example_trigger_controller_dag.py
[2025-06-28T04:41:17.662+0000] {logging_mixin.py:188} INFO - [2025-06-28T04:41:17.662+0000] {dag.py:3036} INFO - Sync 1 DAGs
[2025-06-28T04:41:17.679+0000] {logging_mixin.py:188} INFO - [2025-06-28T04:41:17.679+0000] {dag.py:3823} INFO - Setting next_dagrun for example_trigger_controller_dag to 2021-01-01 00:00:00+00:00, run_after=2021-01-01 00:00:00+00:00
[2025-06-28T04:41:17.693+0000] {processor.py:183} INFO - Processing /home/airflow/.local/lib/python3.8/site-packages/airflow/example_dags/example_trigger_controller_dag.py took 0.054 seconds
[2025-06-28T04:41:47.969+0000] {processor.py:161} INFO - Started process (PID=4900) to work on /home/airflow/.local/lib/python3.8/site-packages/airflow/example_dags/example_trigger_controller_dag.py
[2025-06-28T04:41:47.970+0000] {processor.py:830} INFO - Processing file /home/airflow/.local/lib/python3.8/site-packages/airflow/example_dags/example_trigger_controller_dag.py for tasks to queue
[2025-06-28T04:41:47.972+0000] {logging_mixin.py:188} INFO - [2025-06-28T04:41:47.972+0000] {dagbag.py:538} INFO - Filling up the DagBag from /home/airflow/.local/lib/python3.8/site-packages/airflow/example_dags/example_trigger_controller_dag.py
[2025-06-28T04:41:47.976+0000] {processor.py:840} INFO - DAG(s) 'example_trigger_controller_dag' retrieved from /home/airflow/.local/lib/python3.8/site-packages/airflow/example_dags/example_trigger_controller_dag.py
[2025-06-28T04:41:47.989+0000] {logging_mixin.py:188} INFO - [2025-06-28T04:41:47.989+0000] {dag.py:3036} INFO - Sync 1 DAGs
[2025-06-28T04:41:48.003+0000] {logging_mixin.py:188} INFO - [2025-06-28T04:41:48.003+0000] {dag.py:3823} INFO - Setting next_dagrun for example_trigger_controller_dag to 2021-01-01 00:00:00+00:00, run_after=2021-01-01 00:00:00+00:00
[2025-06-28T04:41:48.018+0000] {processor.py:183} INFO - Processing /home/airflow/.local/lib/python3.8/site-packages/airflow/example_dags/example_trigger_controller_dag.py took 0.054 seconds
[2025-06-28T04:42:18.238+0000] {processor.py:161} INFO - Started process (PID=5148) to work on /home/airflow/.local/lib/python3.8/site-packages/airflow/example_dags/example_trigger_controller_dag.py
[2025-06-28T04:42:18.238+0000] {processor.py:830} INFO - Processing file /home/airflow/.local/lib/python3.8/site-packages/airflow/example_dags/example_trigger_controller_dag.py for tasks to queue
[2025-06-28T04:42:18.239+0000] {logging_mixin.py:188} INFO - [2025-06-28T04:42:18.239+0000] {dagbag.py:538} INFO - Filling up the DagBag from /home/airflow/.local/lib/python3.8/site-packages/airflow/example_dags/example_trigger_controller_dag.py
[2025-06-28T04:42:18.241+0000] {processor.py:840} INFO - DAG(s) 'example_trigger_controller_dag' retrieved from /home/airflow/.local/lib/python3.8/site-packages/airflow/example_dags/example_trigger_controller_dag.py
[2025-06-28T04:42:18.258+0000] {logging_mixin.py:188} INFO - [2025-06-28T04:42:18.257+0000] {dag.py:3036} INFO - Sync 1 DAGs
[2025-06-28T04:42:18.275+0000] {logging_mixin.py:188} INFO - [2025-06-28T04:42:18.275+0000] {dag.py:3823} INFO - Setting next_dagrun for example_trigger_controller_dag to 2021-01-01 00:00:00+00:00, run_after=2021-01-01 00:00:00+00:00
[2025-06-28T04:42:18.290+0000] {processor.py:183} INFO - Processing /home/airflow/.local/lib/python3.8/site-packages/airflow/example_dags/example_trigger_controller_dag.py took 0.054 seconds
[2025-06-28T04:42:48.555+0000] {processor.py:161} INFO - Started process (PID=5398) to work on /home/airflow/.local/lib/python3.8/site-packages/airflow/example_dags/example_trigger_controller_dag.py
[2025-06-28T04:42:48.556+0000] {processor.py:830} INFO - Processing file /home/airflow/.local/lib/python3.8/site-packages/airflow/example_dags/example_trigger_controller_dag.py for tasks to queue
[2025-06-28T04:42:48.557+0000] {logging_mixin.py:188} INFO - [2025-06-28T04:42:48.557+0000] {dagbag.py:538} INFO - Filling up the DagBag from /home/airflow/.local/lib/python3.8/site-packages/airflow/example_dags/example_trigger_controller_dag.py
[2025-06-28T04:42:48.559+0000] {processor.py:840} INFO - DAG(s) 'example_trigger_controller_dag' retrieved from /home/airflow/.local/lib/python3.8/site-packages/airflow/example_dags/example_trigger_controller_dag.py
[2025-06-28T04:42:48.572+0000] {logging_mixin.py:188} INFO - [2025-06-28T04:42:48.572+0000] {dag.py:3036} INFO - Sync 1 DAGs
[2025-06-28T04:42:48.586+0000] {logging_mixin.py:188} INFO - [2025-06-28T04:42:48.586+0000] {dag.py:3823} INFO - Setting next_dagrun for example_trigger_controller_dag to 2021-01-01 00:00:00+00:00, run_after=2021-01-01 00:00:00+00:00
[2025-06-28T04:42:48.598+0000] {processor.py:183} INFO - Processing /home/airflow/.local/lib/python3.8/site-packages/airflow/example_dags/example_trigger_controller_dag.py took 0.045 seconds
[2025-06-28T04:43:18.869+0000] {processor.py:161} INFO - Started process (PID=5648) to work on /home/airflow/.local/lib/python3.8/site-packages/airflow/example_dags/example_trigger_controller_dag.py
[2025-06-28T04:43:18.870+0000] {processor.py:830} INFO - Processing file /home/airflow/.local/lib/python3.8/site-packages/airflow/example_dags/example_trigger_controller_dag.py for tasks to queue
[2025-06-28T04:43:18.871+0000] {logging_mixin.py:188} INFO - [2025-06-28T04:43:18.871+0000] {dagbag.py:538} INFO - Filling up the DagBag from /home/airflow/.local/lib/python3.8/site-packages/airflow/example_dags/example_trigger_controller_dag.py
[2025-06-28T04:43:18.875+0000] {processor.py:840} INFO - DAG(s) 'example_trigger_controller_dag' retrieved from /home/airflow/.local/lib/python3.8/site-packages/airflow/example_dags/example_trigger_controller_dag.py
[2025-06-28T04:43:18.889+0000] {logging_mixin.py:188} INFO - [2025-06-28T04:43:18.889+0000] {dag.py:3036} INFO - Sync 1 DAGs
[2025-06-28T04:43:18.904+0000] {logging_mixin.py:188} INFO - [2025-06-28T04:43:18.904+0000] {dag.py:3823} INFO - Setting next_dagrun for example_trigger_controller_dag to 2021-01-01 00:00:00+00:00, run_after=2021-01-01 00:00:00+00:00
[2025-06-28T04:43:18.919+0000] {processor.py:183} INFO - Processing /home/airflow/.local/lib/python3.8/site-packages/airflow/example_dags/example_trigger_controller_dag.py took 0.052 seconds
[2025-06-28T04:43:49.353+0000] {processor.py:161} INFO - Started process (PID=5900) to work on /home/airflow/.local/lib/python3.8/site-packages/airflow/example_dags/example_trigger_controller_dag.py
[2025-06-28T04:43:49.354+0000] {processor.py:830} INFO - Processing file /home/airflow/.local/lib/python3.8/site-packages/airflow/example_dags/example_trigger_controller_dag.py for tasks to queue
[2025-06-28T04:43:49.355+0000] {logging_mixin.py:188} INFO - [2025-06-28T04:43:49.355+0000] {dagbag.py:538} INFO - Filling up the DagBag from /home/airflow/.local/lib/python3.8/site-packages/airflow/example_dags/example_trigger_controller_dag.py
[2025-06-28T04:43:49.359+0000] {processor.py:840} INFO - DAG(s) 'example_trigger_controller_dag' retrieved from /home/airflow/.local/lib/python3.8/site-packages/airflow/example_dags/example_trigger_controller_dag.py
[2025-06-28T04:43:49.373+0000] {logging_mixin.py:188} INFO - [2025-06-28T04:43:49.372+0000] {dag.py:3036} INFO - Sync 1 DAGs
[2025-06-28T04:43:49.388+0000] {logging_mixin.py:188} INFO - [2025-06-28T04:43:49.388+0000] {dag.py:3823} INFO - Setting next_dagrun for example_trigger_controller_dag to 2021-01-01 00:00:00+00:00, run_after=2021-01-01 00:00:00+00:00
[2025-06-28T04:43:49.402+0000] {processor.py:183} INFO - Processing /home/airflow/.local/lib/python3.8/site-packages/airflow/example_dags/example_trigger_controller_dag.py took 0.051 seconds
[2025-06-28T04:44:19.684+0000] {processor.py:161} INFO - Started process (PID=6148) to work on /home/airflow/.local/lib/python3.8/site-packages/airflow/example_dags/example_trigger_controller_dag.py
[2025-06-28T04:44:19.684+0000] {processor.py:830} INFO - Processing file /home/airflow/.local/lib/python3.8/site-packages/airflow/example_dags/example_trigger_controller_dag.py for tasks to queue
[2025-06-28T04:44:19.685+0000] {logging_mixin.py:188} INFO - [2025-06-28T04:44:19.685+0000] {dagbag.py:538} INFO - Filling up the DagBag from /home/airflow/.local/lib/python3.8/site-packages/airflow/example_dags/example_trigger_controller_dag.py
[2025-06-28T04:44:19.688+0000] {processor.py:840} INFO - DAG(s) 'example_trigger_controller_dag' retrieved from /home/airflow/.local/lib/python3.8/site-packages/airflow/example_dags/example_trigger_controller_dag.py
[2025-06-28T04:44:19.708+0000] {logging_mixin.py:188} INFO - [2025-06-28T04:44:19.708+0000] {dag.py:3036} INFO - Sync 1 DAGs
[2025-06-28T04:44:19.722+0000] {logging_mixin.py:188} INFO - [2025-06-28T04:44:19.722+0000] {dag.py:3823} INFO - Setting next_dagrun for example_trigger_controller_dag to 2021-01-01 00:00:00+00:00, run_after=2021-01-01 00:00:00+00:00
[2025-06-28T04:44:19.734+0000] {processor.py:183} INFO - Processing /home/airflow/.local/lib/python3.8/site-packages/airflow/example_dags/example_trigger_controller_dag.py took 0.052 seconds
[2025-06-28T04:44:49.949+0000] {processor.py:161} INFO - Started process (PID=6400) to work on /home/airflow/.local/lib/python3.8/site-packages/airflow/example_dags/example_trigger_controller_dag.py
[2025-06-28T04:44:49.950+0000] {processor.py:830} INFO - Processing file /home/airflow/.local/lib/python3.8/site-packages/airflow/example_dags/example_trigger_controller_dag.py for tasks to queue
[2025-06-28T04:44:49.951+0000] {logging_mixin.py:188} INFO - [2025-06-28T04:44:49.951+0000] {dagbag.py:538} INFO - Filling up the DagBag from /home/airflow/.local/lib/python3.8/site-packages/airflow/example_dags/example_trigger_controller_dag.py
[2025-06-28T04:44:49.955+0000] {processor.py:840} INFO - DAG(s) 'example_trigger_controller_dag' retrieved from /home/airflow/.local/lib/python3.8/site-packages/airflow/example_dags/example_trigger_controller_dag.py
[2025-06-28T04:44:49.971+0000] {logging_mixin.py:188} INFO - [2025-06-28T04:44:49.970+0000] {dag.py:3036} INFO - Sync 1 DAGs
[2025-06-28T04:44:49.983+0000] {logging_mixin.py:188} INFO - [2025-06-28T04:44:49.983+0000] {dag.py:3823} INFO - Setting next_dagrun for example_trigger_controller_dag to 2021-01-01 00:00:00+00:00, run_after=2021-01-01 00:00:00+00:00
[2025-06-28T04:44:49.997+0000] {processor.py:183} INFO - Processing /home/airflow/.local/lib/python3.8/site-packages/airflow/example_dags/example_trigger_controller_dag.py took 0.051 seconds
[2025-06-28T04:45:20.092+0000] {processor.py:161} INFO - Started process (PID=6650) to work on /home/airflow/.local/lib/python3.8/site-packages/airflow/example_dags/example_trigger_controller_dag.py
[2025-06-28T04:45:20.093+0000] {processor.py:830} INFO - Processing file /home/airflow/.local/lib/python3.8/site-packages/airflow/example_dags/example_trigger_controller_dag.py for tasks to queue
[2025-06-28T04:45:20.094+0000] {logging_mixin.py:188} INFO - [2025-06-28T04:45:20.094+0000] {dagbag.py:538} INFO - Filling up the DagBag from /home/airflow/.local/lib/python3.8/site-packages/airflow/example_dags/example_trigger_controller_dag.py
[2025-06-28T04:45:20.097+0000] {processor.py:840} INFO - DAG(s) 'example_trigger_controller_dag' retrieved from /home/airflow/.local/lib/python3.8/site-packages/airflow/example_dags/example_trigger_controller_dag.py
[2025-06-28T04:45:20.111+0000] {logging_mixin.py:188} INFO - [2025-06-28T04:45:20.111+0000] {dag.py:3036} INFO - Sync 1 DAGs
[2025-06-28T04:45:20.123+0000] {logging_mixin.py:188} INFO - [2025-06-28T04:45:20.122+0000] {dag.py:3823} INFO - Setting next_dagrun for example_trigger_controller_dag to 2021-01-01 00:00:00+00:00, run_after=2021-01-01 00:00:00+00:00
[2025-06-28T04:45:20.135+0000] {processor.py:183} INFO - Processing /home/airflow/.local/lib/python3.8/site-packages/airflow/example_dags/example_trigger_controller_dag.py took 0.046 seconds
[2025-06-28T04:45:50.541+0000] {processor.py:161} INFO - Started process (PID=6898) to work on /home/airflow/.local/lib/python3.8/site-packages/airflow/example_dags/example_trigger_controller_dag.py
[2025-06-28T04:45:50.541+0000] {processor.py:830} INFO - Processing file /home/airflow/.local/lib/python3.8/site-packages/airflow/example_dags/example_trigger_controller_dag.py for tasks to queue
[2025-06-28T04:45:50.542+0000] {logging_mixin.py:188} INFO - [2025-06-28T04:45:50.542+0000] {dagbag.py:538} INFO - Filling up the DagBag from /home/airflow/.local/lib/python3.8/site-packages/airflow/example_dags/example_trigger_controller_dag.py
[2025-06-28T04:45:50.545+0000] {processor.py:840} INFO - DAG(s) 'example_trigger_controller_dag' retrieved from /home/airflow/.local/lib/python3.8/site-packages/airflow/example_dags/example_trigger_controller_dag.py
[2025-06-28T04:45:50.558+0000] {logging_mixin.py:188} INFO - [2025-06-28T04:45:50.557+0000] {dag.py:3036} INFO - Sync 1 DAGs
[2025-06-28T04:45:50.571+0000] {logging_mixin.py:188} INFO - [2025-06-28T04:45:50.571+0000] {dag.py:3823} INFO - Setting next_dagrun for example_trigger_controller_dag to 2021-01-01 00:00:00+00:00, run_after=2021-01-01 00:00:00+00:00
[2025-06-28T04:45:50.585+0000] {processor.py:183} INFO - Processing /home/airflow/.local/lib/python3.8/site-packages/airflow/example_dags/example_trigger_controller_dag.py took 0.047 seconds
[2025-06-28T04:46:20.900+0000] {processor.py:161} INFO - Started process (PID=7148) to work on /home/airflow/.local/lib/python3.8/site-packages/airflow/example_dags/example_trigger_controller_dag.py
[2025-06-28T04:46:20.901+0000] {processor.py:830} INFO - Processing file /home/airflow/.local/lib/python3.8/site-packages/airflow/example_dags/example_trigger_controller_dag.py for tasks to queue
[2025-06-28T04:46:20.902+0000] {logging_mixin.py:188} INFO - [2025-06-28T04:46:20.902+0000] {dagbag.py:538} INFO - Filling up the DagBag from /home/airflow/.local/lib/python3.8/site-packages/airflow/example_dags/example_trigger_controller_dag.py
[2025-06-28T04:46:20.905+0000] {processor.py:840} INFO - DAG(s) 'example_trigger_controller_dag' retrieved from /home/airflow/.local/lib/python3.8/site-packages/airflow/example_dags/example_trigger_controller_dag.py
[2025-06-28T04:46:20.916+0000] {logging_mixin.py:188} INFO - [2025-06-28T04:46:20.915+0000] {dag.py:3036} INFO - Sync 1 DAGs
[2025-06-28T04:46:20.929+0000] {logging_mixin.py:188} INFO - [2025-06-28T04:46:20.929+0000] {dag.py:3823} INFO - Setting next_dagrun for example_trigger_controller_dag to 2021-01-01 00:00:00+00:00, run_after=2021-01-01 00:00:00+00:00
[2025-06-28T04:46:20.942+0000] {processor.py:183} INFO - Processing /home/airflow/.local/lib/python3.8/site-packages/airflow/example_dags/example_trigger_controller_dag.py took 0.043 seconds
[2025-06-28T04:46:51.668+0000] {processor.py:161} INFO - Started process (PID=7400) to work on /home/airflow/.local/lib/python3.8/site-packages/airflow/example_dags/example_trigger_controller_dag.py
[2025-06-28T04:46:51.669+0000] {processor.py:830} INFO - Processing file /home/airflow/.local/lib/python3.8/site-packages/airflow/example_dags/example_trigger_controller_dag.py for tasks to queue
[2025-06-28T04:46:51.670+0000] {logging_mixin.py:188} INFO - [2025-06-28T04:46:51.670+0000] {dagbag.py:538} INFO - Filling up the DagBag from /home/airflow/.local/lib/python3.8/site-packages/airflow/example_dags/example_trigger_controller_dag.py
[2025-06-28T04:46:51.673+0000] {processor.py:840} INFO - DAG(s) 'example_trigger_controller_dag' retrieved from /home/airflow/.local/lib/python3.8/site-packages/airflow/example_dags/example_trigger_controller_dag.py
[2025-06-28T04:46:51.686+0000] {logging_mixin.py:188} INFO - [2025-06-28T04:46:51.686+0000] {dag.py:3036} INFO - Sync 1 DAGs
[2025-06-28T04:46:51.699+0000] {logging_mixin.py:188} INFO - [2025-06-28T04:46:51.698+0000] {dag.py:3823} INFO - Setting next_dagrun for example_trigger_controller_dag to 2021-01-01 00:00:00+00:00, run_after=2021-01-01 00:00:00+00:00
[2025-06-28T04:46:51.710+0000] {processor.py:183} INFO - Processing /home/airflow/.local/lib/python3.8/site-packages/airflow/example_dags/example_trigger_controller_dag.py took 0.044 seconds
[2025-06-28T04:47:21.850+0000] {processor.py:161} INFO - Started process (PID=7648) to work on /home/airflow/.local/lib/python3.8/site-packages/airflow/example_dags/example_trigger_controller_dag.py
[2025-06-28T04:47:21.851+0000] {processor.py:830} INFO - Processing file /home/airflow/.local/lib/python3.8/site-packages/airflow/example_dags/example_trigger_controller_dag.py for tasks to queue
[2025-06-28T04:47:21.852+0000] {logging_mixin.py:188} INFO - [2025-06-28T04:47:21.852+0000] {dagbag.py:538} INFO - Filling up the DagBag from /home/airflow/.local/lib/python3.8/site-packages/airflow/example_dags/example_trigger_controller_dag.py
[2025-06-28T04:47:21.855+0000] {processor.py:840} INFO - DAG(s) 'example_trigger_controller_dag' retrieved from /home/airflow/.local/lib/python3.8/site-packages/airflow/example_dags/example_trigger_controller_dag.py
[2025-06-28T04:47:21.867+0000] {logging_mixin.py:188} INFO - [2025-06-28T04:47:21.867+0000] {dag.py:3036} INFO - Sync 1 DAGs
[2025-06-28T04:47:21.881+0000] {logging_mixin.py:188} INFO - [2025-06-28T04:47:21.881+0000] {dag.py:3823} INFO - Setting next_dagrun for example_trigger_controller_dag to 2021-01-01 00:00:00+00:00, run_after=2021-01-01 00:00:00+00:00
[2025-06-28T04:47:21.893+0000] {processor.py:183} INFO - Processing /home/airflow/.local/lib/python3.8/site-packages/airflow/example_dags/example_trigger_controller_dag.py took 0.045 seconds
[2025-06-28T04:47:51.948+0000] {processor.py:161} INFO - Started process (PID=7898) to work on /home/airflow/.local/lib/python3.8/site-packages/airflow/example_dags/example_trigger_controller_dag.py
[2025-06-28T04:47:51.949+0000] {processor.py:830} INFO - Processing file /home/airflow/.local/lib/python3.8/site-packages/airflow/example_dags/example_trigger_controller_dag.py for tasks to queue
[2025-06-28T04:47:51.950+0000] {logging_mixin.py:188} INFO - [2025-06-28T04:47:51.950+0000] {dagbag.py:538} INFO - Filling up the DagBag from /home/airflow/.local/lib/python3.8/site-packages/airflow/example_dags/example_trigger_controller_dag.py
[2025-06-28T04:47:51.952+0000] {processor.py:840} INFO - DAG(s) 'example_trigger_controller_dag' retrieved from /home/airflow/.local/lib/python3.8/site-packages/airflow/example_dags/example_trigger_controller_dag.py
[2025-06-28T04:47:51.964+0000] {logging_mixin.py:188} INFO - [2025-06-28T04:47:51.964+0000] {dag.py:3036} INFO - Sync 1 DAGs
[2025-06-28T04:47:51.979+0000] {logging_mixin.py:188} INFO - [2025-06-28T04:47:51.979+0000] {dag.py:3823} INFO - Setting next_dagrun for example_trigger_controller_dag to 2021-01-01 00:00:00+00:00, run_after=2021-01-01 00:00:00+00:00
[2025-06-28T04:47:51.992+0000] {processor.py:183} INFO - Processing /home/airflow/.local/lib/python3.8/site-packages/airflow/example_dags/example_trigger_controller_dag.py took 0.045 seconds
[2025-06-28T04:48:22.425+0000] {processor.py:161} INFO - Started process (PID=8148) to work on /home/airflow/.local/lib/python3.8/site-packages/airflow/example_dags/example_trigger_controller_dag.py
[2025-06-28T04:48:22.426+0000] {processor.py:830} INFO - Processing file /home/airflow/.local/lib/python3.8/site-packages/airflow/example_dags/example_trigger_controller_dag.py for tasks to queue
[2025-06-28T04:48:22.427+0000] {logging_mixin.py:188} INFO - [2025-06-28T04:48:22.427+0000] {dagbag.py:538} INFO - Filling up the DagBag from /home/airflow/.local/lib/python3.8/site-packages/airflow/example_dags/example_trigger_controller_dag.py
[2025-06-28T04:48:22.431+0000] {processor.py:840} INFO - DAG(s) 'example_trigger_controller_dag' retrieved from /home/airflow/.local/lib/python3.8/site-packages/airflow/example_dags/example_trigger_controller_dag.py
[2025-06-28T04:48:22.446+0000] {logging_mixin.py:188} INFO - [2025-06-28T04:48:22.446+0000] {dag.py:3036} INFO - Sync 1 DAGs
[2025-06-28T04:48:22.462+0000] {logging_mixin.py:188} INFO - [2025-06-28T04:48:22.462+0000] {dag.py:3823} INFO - Setting next_dagrun for example_trigger_controller_dag to 2021-01-01 00:00:00+00:00, run_after=2021-01-01 00:00:00+00:00
[2025-06-28T04:48:22.478+0000] {processor.py:183} INFO - Processing /home/airflow/.local/lib/python3.8/site-packages/airflow/example_dags/example_trigger_controller_dag.py took 0.056 seconds
