[2025-06-28T04:32:38.349+0000] {processor.py:161} INFO - Started process (PID=223) to work on /home/airflow/.local/lib/python3.8/site-packages/airflow/example_dags/example_latest_only_with_trigger.py
[2025-06-28T04:32:38.350+0000] {processor.py:830} INFO - Processing file /home/airflow/.local/lib/python3.8/site-packages/airflow/example_dags/example_latest_only_with_trigger.py for tasks to queue
[2025-06-28T04:32:38.351+0000] {logging_mixin.py:188} INFO - [2025-06-28T04:32:38.351+0000] {dagbag.py:538} INFO - Filling up the DagBag from /home/airflow/.local/lib/python3.8/site-packages/airflow/example_dags/example_latest_only_with_trigger.py
[2025-06-28T04:32:38.359+0000] {processor.py:840} INFO - DAG(s) 'latest_only_with_trigger' retrieved from /home/airflow/.local/lib/python3.8/site-packages/airflow/example_dags/example_latest_only_with_trigger.py
[2025-06-28T04:32:38.373+0000] {logging_mixin.py:188} INFO - [2025-06-28T04:32:38.372+0000] {dag.py:3036} INFO - Sync 1 DAGs
[2025-06-28T04:32:38.402+0000] {logging_mixin.py:188} INFO - [2025-06-28T04:32:38.402+0000] {dag.py:3823} INFO - Setting next_dagrun for latest_only_with_trigger to 2025-06-28 00:00:00+00:00, run_after=2025-06-28 04:00:00+00:00
[2025-06-28T04:32:38.424+0000] {processor.py:183} INFO - Processing /home/airflow/.local/lib/python3.8/site-packages/airflow/example_dags/example_latest_only_with_trigger.py took 0.080 seconds
[2025-06-28T04:33:09.374+0000] {processor.py:161} INFO - Started process (PID=473) to work on /home/airflow/.local/lib/python3.8/site-packages/airflow/example_dags/example_latest_only_with_trigger.py
[2025-06-28T04:33:09.375+0000] {processor.py:830} INFO - Processing file /home/airflow/.local/lib/python3.8/site-packages/airflow/example_dags/example_latest_only_with_trigger.py for tasks to queue
[2025-06-28T04:33:09.376+0000] {logging_mixin.py:188} INFO - [2025-06-28T04:33:09.376+0000] {dagbag.py:538} INFO - Filling up the DagBag from /home/airflow/.local/lib/python3.8/site-packages/airflow/example_dags/example_latest_only_with_trigger.py
[2025-06-28T04:33:09.380+0000] {processor.py:840} INFO - DAG(s) 'latest_only_with_trigger' retrieved from /home/airflow/.local/lib/python3.8/site-packages/airflow/example_dags/example_latest_only_with_trigger.py
[2025-06-28T04:33:09.445+0000] {logging_mixin.py:188} INFO - [2025-06-28T04:33:09.444+0000] {dag.py:3036} INFO - Sync 1 DAGs
[2025-06-28T04:33:09.461+0000] {logging_mixin.py:188} INFO - [2025-06-28T04:33:09.461+0000] {dag.py:3823} INFO - Setting next_dagrun for latest_only_with_trigger to 2025-06-28 00:00:00+00:00, run_after=2025-06-28 04:00:00+00:00
[2025-06-28T04:33:09.476+0000] {processor.py:183} INFO - Processing /home/airflow/.local/lib/python3.8/site-packages/airflow/example_dags/example_latest_only_with_trigger.py took 0.106 seconds
[2025-06-28T04:33:39.977+0000] {processor.py:161} INFO - Started process (PID=723) to work on /home/airflow/.local/lib/python3.8/site-packages/airflow/example_dags/example_latest_only_with_trigger.py
[2025-06-28T04:33:39.978+0000] {processor.py:830} INFO - Processing file /home/airflow/.local/lib/python3.8/site-packages/airflow/example_dags/example_latest_only_with_trigger.py for tasks to queue
[2025-06-28T04:33:39.979+0000] {logging_mixin.py:188} INFO - [2025-06-28T04:33:39.978+0000] {dagbag.py:538} INFO - Filling up the DagBag from /home/airflow/.local/lib/python3.8/site-packages/airflow/example_dags/example_latest_only_with_trigger.py
[2025-06-28T04:33:39.982+0000] {processor.py:840} INFO - DAG(s) 'latest_only_with_trigger' retrieved from /home/airflow/.local/lib/python3.8/site-packages/airflow/example_dags/example_latest_only_with_trigger.py
[2025-06-28T04:33:39.994+0000] {logging_mixin.py:188} INFO - [2025-06-28T04:33:39.993+0000] {dag.py:3036} INFO - Sync 1 DAGs
[2025-06-28T04:33:40.008+0000] {logging_mixin.py:188} INFO - [2025-06-28T04:33:40.008+0000] {dag.py:3823} INFO - Setting next_dagrun for latest_only_with_trigger to 2025-06-28 00:00:00+00:00, run_after=2025-06-28 04:00:00+00:00
[2025-06-28T04:33:40.020+0000] {processor.py:183} INFO - Processing /home/airflow/.local/lib/python3.8/site-packages/airflow/example_dags/example_latest_only_with_trigger.py took 0.045 seconds
[2025-06-28T04:34:10.418+0000] {processor.py:161} INFO - Started process (PID=973) to work on /home/airflow/.local/lib/python3.8/site-packages/airflow/example_dags/example_latest_only_with_trigger.py
[2025-06-28T04:34:10.419+0000] {processor.py:830} INFO - Processing file /home/airflow/.local/lib/python3.8/site-packages/airflow/example_dags/example_latest_only_with_trigger.py for tasks to queue
[2025-06-28T04:34:10.420+0000] {logging_mixin.py:188} INFO - [2025-06-28T04:34:10.420+0000] {dagbag.py:538} INFO - Filling up the DagBag from /home/airflow/.local/lib/python3.8/site-packages/airflow/example_dags/example_latest_only_with_trigger.py
[2025-06-28T04:34:10.425+0000] {processor.py:840} INFO - DAG(s) 'latest_only_with_trigger' retrieved from /home/airflow/.local/lib/python3.8/site-packages/airflow/example_dags/example_latest_only_with_trigger.py
[2025-06-28T04:34:10.439+0000] {logging_mixin.py:188} INFO - [2025-06-28T04:34:10.438+0000] {dag.py:3036} INFO - Sync 1 DAGs
[2025-06-28T04:34:10.452+0000] {logging_mixin.py:188} INFO - [2025-06-28T04:34:10.452+0000] {dag.py:3823} INFO - Setting next_dagrun for latest_only_with_trigger to 2025-06-28 00:00:00+00:00, run_after=2025-06-28 04:00:00+00:00
[2025-06-28T04:34:10.468+0000] {processor.py:183} INFO - Processing /home/airflow/.local/lib/python3.8/site-packages/airflow/example_dags/example_latest_only_with_trigger.py took 0.052 seconds
[2025-06-28T04:34:40.824+0000] {processor.py:161} INFO - Started process (PID=1223) to work on /home/airflow/.local/lib/python3.8/site-packages/airflow/example_dags/example_latest_only_with_trigger.py
[2025-06-28T04:34:40.825+0000] {processor.py:830} INFO - Processing file /home/airflow/.local/lib/python3.8/site-packages/airflow/example_dags/example_latest_only_with_trigger.py for tasks to queue
[2025-06-28T04:34:40.826+0000] {logging_mixin.py:188} INFO - [2025-06-28T04:34:40.826+0000] {dagbag.py:538} INFO - Filling up the DagBag from /home/airflow/.local/lib/python3.8/site-packages/airflow/example_dags/example_latest_only_with_trigger.py
[2025-06-28T04:34:40.830+0000] {processor.py:840} INFO - DAG(s) 'latest_only_with_trigger' retrieved from /home/airflow/.local/lib/python3.8/site-packages/airflow/example_dags/example_latest_only_with_trigger.py
[2025-06-28T04:34:40.846+0000] {logging_mixin.py:188} INFO - [2025-06-28T04:34:40.846+0000] {dag.py:3036} INFO - Sync 1 DAGs
[2025-06-28T04:34:40.859+0000] {logging_mixin.py:188} INFO - [2025-06-28T04:34:40.859+0000] {dag.py:3823} INFO - Setting next_dagrun for latest_only_with_trigger to 2025-06-28 00:00:00+00:00, run_after=2025-06-28 04:00:00+00:00
[2025-06-28T04:34:40.873+0000] {processor.py:183} INFO - Processing /home/airflow/.local/lib/python3.8/site-packages/airflow/example_dags/example_latest_only_with_trigger.py took 0.051 seconds
[2025-06-28T04:35:11.227+0000] {processor.py:161} INFO - Started process (PID=1473) to work on /home/airflow/.local/lib/python3.8/site-packages/airflow/example_dags/example_latest_only_with_trigger.py
[2025-06-28T04:35:11.227+0000] {processor.py:830} INFO - Processing file /home/airflow/.local/lib/python3.8/site-packages/airflow/example_dags/example_latest_only_with_trigger.py for tasks to queue
[2025-06-28T04:35:11.228+0000] {logging_mixin.py:188} INFO - [2025-06-28T04:35:11.228+0000] {dagbag.py:538} INFO - Filling up the DagBag from /home/airflow/.local/lib/python3.8/site-packages/airflow/example_dags/example_latest_only_with_trigger.py
[2025-06-28T04:35:11.231+0000] {processor.py:840} INFO - DAG(s) 'latest_only_with_trigger' retrieved from /home/airflow/.local/lib/python3.8/site-packages/airflow/example_dags/example_latest_only_with_trigger.py
[2025-06-28T04:35:11.248+0000] {logging_mixin.py:188} INFO - [2025-06-28T04:35:11.248+0000] {dag.py:3036} INFO - Sync 1 DAGs
[2025-06-28T04:35:11.264+0000] {logging_mixin.py:188} INFO - [2025-06-28T04:35:11.264+0000] {dag.py:3823} INFO - Setting next_dagrun for latest_only_with_trigger to 2025-06-28 00:00:00+00:00, run_after=2025-06-28 04:00:00+00:00
[2025-06-28T04:35:11.278+0000] {processor.py:183} INFO - Processing /home/airflow/.local/lib/python3.8/site-packages/airflow/example_dags/example_latest_only_with_trigger.py took 0.053 seconds
[2025-06-28T04:35:41.840+0000] {processor.py:161} INFO - Started process (PID=1723) to work on /home/airflow/.local/lib/python3.8/site-packages/airflow/example_dags/example_latest_only_with_trigger.py
[2025-06-28T04:35:41.841+0000] {processor.py:830} INFO - Processing file /home/airflow/.local/lib/python3.8/site-packages/airflow/example_dags/example_latest_only_with_trigger.py for tasks to queue
[2025-06-28T04:35:41.842+0000] {logging_mixin.py:188} INFO - [2025-06-28T04:35:41.842+0000] {dagbag.py:538} INFO - Filling up the DagBag from /home/airflow/.local/lib/python3.8/site-packages/airflow/example_dags/example_latest_only_with_trigger.py
[2025-06-28T04:35:41.846+0000] {processor.py:840} INFO - DAG(s) 'latest_only_with_trigger' retrieved from /home/airflow/.local/lib/python3.8/site-packages/airflow/example_dags/example_latest_only_with_trigger.py
[2025-06-28T04:35:41.863+0000] {logging_mixin.py:188} INFO - [2025-06-28T04:35:41.862+0000] {dag.py:3036} INFO - Sync 1 DAGs
[2025-06-28T04:35:41.877+0000] {logging_mixin.py:188} INFO - [2025-06-28T04:35:41.877+0000] {dag.py:3823} INFO - Setting next_dagrun for latest_only_with_trigger to 2025-06-28 00:00:00+00:00, run_after=2025-06-28 04:00:00+00:00
[2025-06-28T04:35:41.892+0000] {processor.py:183} INFO - Processing /home/airflow/.local/lib/python3.8/site-packages/airflow/example_dags/example_latest_only_with_trigger.py took 0.054 seconds
[2025-06-28T04:36:12.364+0000] {processor.py:161} INFO - Started process (PID=1973) to work on /home/airflow/.local/lib/python3.8/site-packages/airflow/example_dags/example_latest_only_with_trigger.py
[2025-06-28T04:36:12.365+0000] {processor.py:830} INFO - Processing file /home/airflow/.local/lib/python3.8/site-packages/airflow/example_dags/example_latest_only_with_trigger.py for tasks to queue
[2025-06-28T04:36:12.366+0000] {logging_mixin.py:188} INFO - [2025-06-28T04:36:12.365+0000] {dagbag.py:538} INFO - Filling up the DagBag from /home/airflow/.local/lib/python3.8/site-packages/airflow/example_dags/example_latest_only_with_trigger.py
[2025-06-28T04:36:12.369+0000] {processor.py:840} INFO - DAG(s) 'latest_only_with_trigger' retrieved from /home/airflow/.local/lib/python3.8/site-packages/airflow/example_dags/example_latest_only_with_trigger.py
[2025-06-28T04:36:12.387+0000] {logging_mixin.py:188} INFO - [2025-06-28T04:36:12.386+0000] {dag.py:3036} INFO - Sync 1 DAGs
[2025-06-28T04:36:12.405+0000] {logging_mixin.py:188} INFO - [2025-06-28T04:36:12.405+0000] {dag.py:3823} INFO - Setting next_dagrun for latest_only_with_trigger to 2025-06-28 00:00:00+00:00, run_after=2025-06-28 04:00:00+00:00
[2025-06-28T04:36:12.417+0000] {processor.py:183} INFO - Processing /home/airflow/.local/lib/python3.8/site-packages/airflow/example_dags/example_latest_only_with_trigger.py took 0.055 seconds
[2025-06-28T04:36:42.632+0000] {processor.py:161} INFO - Started process (PID=2223) to work on /home/airflow/.local/lib/python3.8/site-packages/airflow/example_dags/example_latest_only_with_trigger.py
[2025-06-28T04:36:42.633+0000] {processor.py:830} INFO - Processing file /home/airflow/.local/lib/python3.8/site-packages/airflow/example_dags/example_latest_only_with_trigger.py for tasks to queue
[2025-06-28T04:36:42.634+0000] {logging_mixin.py:188} INFO - [2025-06-28T04:36:42.634+0000] {dagbag.py:538} INFO - Filling up the DagBag from /home/airflow/.local/lib/python3.8/site-packages/airflow/example_dags/example_latest_only_with_trigger.py
[2025-06-28T04:36:42.638+0000] {processor.py:840} INFO - DAG(s) 'latest_only_with_trigger' retrieved from /home/airflow/.local/lib/python3.8/site-packages/airflow/example_dags/example_latest_only_with_trigger.py
[2025-06-28T04:36:42.657+0000] {logging_mixin.py:188} INFO - [2025-06-28T04:36:42.656+0000] {dag.py:3036} INFO - Sync 1 DAGs
[2025-06-28T04:36:42.672+0000] {logging_mixin.py:188} INFO - [2025-06-28T04:36:42.672+0000] {dag.py:3823} INFO - Setting next_dagrun for latest_only_with_trigger to 2025-06-28 00:00:00+00:00, run_after=2025-06-28 04:00:00+00:00
[2025-06-28T04:36:42.684+0000] {processor.py:183} INFO - Processing /home/airflow/.local/lib/python3.8/site-packages/airflow/example_dags/example_latest_only_with_trigger.py took 0.054 seconds
[2025-06-28T04:37:12.732+0000] {processor.py:161} INFO - Started process (PID=2473) to work on /home/airflow/.local/lib/python3.8/site-packages/airflow/example_dags/example_latest_only_with_trigger.py
[2025-06-28T04:37:12.732+0000] {processor.py:830} INFO - Processing file /home/airflow/.local/lib/python3.8/site-packages/airflow/example_dags/example_latest_only_with_trigger.py for tasks to queue
[2025-06-28T04:37:12.733+0000] {logging_mixin.py:188} INFO - [2025-06-28T04:37:12.733+0000] {dagbag.py:538} INFO - Filling up the DagBag from /home/airflow/.local/lib/python3.8/site-packages/airflow/example_dags/example_latest_only_with_trigger.py
[2025-06-28T04:37:12.737+0000] {processor.py:840} INFO - DAG(s) 'latest_only_with_trigger' retrieved from /home/airflow/.local/lib/python3.8/site-packages/airflow/example_dags/example_latest_only_with_trigger.py
[2025-06-28T04:37:12.749+0000] {logging_mixin.py:188} INFO - [2025-06-28T04:37:12.749+0000] {dag.py:3036} INFO - Sync 1 DAGs
[2025-06-28T04:37:12.762+0000] {logging_mixin.py:188} INFO - [2025-06-28T04:37:12.762+0000] {dag.py:3823} INFO - Setting next_dagrun for latest_only_with_trigger to 2025-06-28 00:00:00+00:00, run_after=2025-06-28 04:00:00+00:00
[2025-06-28T04:37:12.777+0000] {processor.py:183} INFO - Processing /home/airflow/.local/lib/python3.8/site-packages/airflow/example_dags/example_latest_only_with_trigger.py took 0.048 seconds
[2025-06-28T04:37:42.961+0000] {processor.py:161} INFO - Started process (PID=2723) to work on /home/airflow/.local/lib/python3.8/site-packages/airflow/example_dags/example_latest_only_with_trigger.py
[2025-06-28T04:37:42.961+0000] {processor.py:830} INFO - Processing file /home/airflow/.local/lib/python3.8/site-packages/airflow/example_dags/example_latest_only_with_trigger.py for tasks to queue
[2025-06-28T04:37:42.962+0000] {logging_mixin.py:188} INFO - [2025-06-28T04:37:42.962+0000] {dagbag.py:538} INFO - Filling up the DagBag from /home/airflow/.local/lib/python3.8/site-packages/airflow/example_dags/example_latest_only_with_trigger.py
[2025-06-28T04:37:42.965+0000] {processor.py:840} INFO - DAG(s) 'latest_only_with_trigger' retrieved from /home/airflow/.local/lib/python3.8/site-packages/airflow/example_dags/example_latest_only_with_trigger.py
[2025-06-28T04:37:42.979+0000] {logging_mixin.py:188} INFO - [2025-06-28T04:37:42.979+0000] {dag.py:3036} INFO - Sync 1 DAGs
[2025-06-28T04:37:42.992+0000] {logging_mixin.py:188} INFO - [2025-06-28T04:37:42.992+0000] {dag.py:3823} INFO - Setting next_dagrun for latest_only_with_trigger to 2025-06-28 00:00:00+00:00, run_after=2025-06-28 04:00:00+00:00
[2025-06-28T04:37:43.005+0000] {processor.py:183} INFO - Processing /home/airflow/.local/lib/python3.8/site-packages/airflow/example_dags/example_latest_only_with_trigger.py took 0.046 seconds
[2025-06-28T04:38:13.073+0000] {processor.py:161} INFO - Started process (PID=2973) to work on /home/airflow/.local/lib/python3.8/site-packages/airflow/example_dags/example_latest_only_with_trigger.py
[2025-06-28T04:38:13.073+0000] {processor.py:830} INFO - Processing file /home/airflow/.local/lib/python3.8/site-packages/airflow/example_dags/example_latest_only_with_trigger.py for tasks to queue
[2025-06-28T04:38:13.075+0000] {logging_mixin.py:188} INFO - [2025-06-28T04:38:13.074+0000] {dagbag.py:538} INFO - Filling up the DagBag from /home/airflow/.local/lib/python3.8/site-packages/airflow/example_dags/example_latest_only_with_trigger.py
[2025-06-28T04:38:13.077+0000] {processor.py:840} INFO - DAG(s) 'latest_only_with_trigger' retrieved from /home/airflow/.local/lib/python3.8/site-packages/airflow/example_dags/example_latest_only_with_trigger.py
[2025-06-28T04:38:13.095+0000] {logging_mixin.py:188} INFO - [2025-06-28T04:38:13.095+0000] {dag.py:3036} INFO - Sync 1 DAGs
[2025-06-28T04:38:13.114+0000] {logging_mixin.py:188} INFO - [2025-06-28T04:38:13.113+0000] {dag.py:3823} INFO - Setting next_dagrun for latest_only_with_trigger to 2025-06-28 00:00:00+00:00, run_after=2025-06-28 04:00:00+00:00
[2025-06-28T04:38:13.130+0000] {processor.py:183} INFO - Processing /home/airflow/.local/lib/python3.8/site-packages/airflow/example_dags/example_latest_only_with_trigger.py took 0.059 seconds
[2025-06-28T04:38:43.370+0000] {processor.py:161} INFO - Started process (PID=3223) to work on /home/airflow/.local/lib/python3.8/site-packages/airflow/example_dags/example_latest_only_with_trigger.py
[2025-06-28T04:38:43.370+0000] {processor.py:830} INFO - Processing file /home/airflow/.local/lib/python3.8/site-packages/airflow/example_dags/example_latest_only_with_trigger.py for tasks to queue
[2025-06-28T04:38:43.371+0000] {logging_mixin.py:188} INFO - [2025-06-28T04:38:43.371+0000] {dagbag.py:538} INFO - Filling up the DagBag from /home/airflow/.local/lib/python3.8/site-packages/airflow/example_dags/example_latest_only_with_trigger.py
[2025-06-28T04:38:43.374+0000] {processor.py:840} INFO - DAG(s) 'latest_only_with_trigger' retrieved from /home/airflow/.local/lib/python3.8/site-packages/airflow/example_dags/example_latest_only_with_trigger.py
[2025-06-28T04:38:43.387+0000] {logging_mixin.py:188} INFO - [2025-06-28T04:38:43.387+0000] {dag.py:3036} INFO - Sync 1 DAGs
[2025-06-28T04:38:43.400+0000] {logging_mixin.py:188} INFO - [2025-06-28T04:38:43.400+0000] {dag.py:3823} INFO - Setting next_dagrun for latest_only_with_trigger to 2025-06-28 00:00:00+00:00, run_after=2025-06-28 04:00:00+00:00
[2025-06-28T04:38:43.414+0000] {processor.py:183} INFO - Processing /home/airflow/.local/lib/python3.8/site-packages/airflow/example_dags/example_latest_only_with_trigger.py took 0.046 seconds
[2025-06-28T04:39:13.721+0000] {processor.py:161} INFO - Started process (PID=3468) to work on /home/airflow/.local/lib/python3.8/site-packages/airflow/example_dags/example_latest_only_with_trigger.py
[2025-06-28T04:39:13.722+0000] {processor.py:830} INFO - Processing file /home/airflow/.local/lib/python3.8/site-packages/airflow/example_dags/example_latest_only_with_trigger.py for tasks to queue
[2025-06-28T04:39:13.723+0000] {logging_mixin.py:188} INFO - [2025-06-28T04:39:13.723+0000] {dagbag.py:538} INFO - Filling up the DagBag from /home/airflow/.local/lib/python3.8/site-packages/airflow/example_dags/example_latest_only_with_trigger.py
[2025-06-28T04:39:13.728+0000] {processor.py:840} INFO - DAG(s) 'latest_only_with_trigger' retrieved from /home/airflow/.local/lib/python3.8/site-packages/airflow/example_dags/example_latest_only_with_trigger.py
[2025-06-28T04:39:13.741+0000] {logging_mixin.py:188} INFO - [2025-06-28T04:39:13.741+0000] {dag.py:3036} INFO - Sync 1 DAGs
[2025-06-28T04:39:13.756+0000] {logging_mixin.py:188} INFO - [2025-06-28T04:39:13.756+0000] {dag.py:3823} INFO - Setting next_dagrun for latest_only_with_trigger to 2025-06-28 00:00:00+00:00, run_after=2025-06-28 04:00:00+00:00
[2025-06-28T04:39:13.772+0000] {processor.py:183} INFO - Processing /home/airflow/.local/lib/python3.8/site-packages/airflow/example_dags/example_latest_only_with_trigger.py took 0.052 seconds
[2025-06-28T04:39:43.902+0000] {processor.py:161} INFO - Started process (PID=3720) to work on /home/airflow/.local/lib/python3.8/site-packages/airflow/example_dags/example_latest_only_with_trigger.py
[2025-06-28T04:39:43.903+0000] {processor.py:830} INFO - Processing file /home/airflow/.local/lib/python3.8/site-packages/airflow/example_dags/example_latest_only_with_trigger.py for tasks to queue
[2025-06-28T04:39:43.904+0000] {logging_mixin.py:188} INFO - [2025-06-28T04:39:43.904+0000] {dagbag.py:538} INFO - Filling up the DagBag from /home/airflow/.local/lib/python3.8/site-packages/airflow/example_dags/example_latest_only_with_trigger.py
[2025-06-28T04:39:43.908+0000] {processor.py:840} INFO - DAG(s) 'latest_only_with_trigger' retrieved from /home/airflow/.local/lib/python3.8/site-packages/airflow/example_dags/example_latest_only_with_trigger.py
[2025-06-28T04:39:43.923+0000] {logging_mixin.py:188} INFO - [2025-06-28T04:39:43.923+0000] {dag.py:3036} INFO - Sync 1 DAGs
[2025-06-28T04:39:43.936+0000] {logging_mixin.py:188} INFO - [2025-06-28T04:39:43.936+0000] {dag.py:3823} INFO - Setting next_dagrun for latest_only_with_trigger to 2025-06-28 00:00:00+00:00, run_after=2025-06-28 04:00:00+00:00
[2025-06-28T04:39:43.948+0000] {processor.py:183} INFO - Processing /home/airflow/.local/lib/python3.8/site-packages/airflow/example_dags/example_latest_only_with_trigger.py took 0.050 seconds
[2025-06-28T04:40:14.071+0000] {processor.py:161} INFO - Started process (PID=3970) to work on /home/airflow/.local/lib/python3.8/site-packages/airflow/example_dags/example_latest_only_with_trigger.py
[2025-06-28T04:40:14.072+0000] {processor.py:830} INFO - Processing file /home/airflow/.local/lib/python3.8/site-packages/airflow/example_dags/example_latest_only_with_trigger.py for tasks to queue
[2025-06-28T04:40:14.073+0000] {logging_mixin.py:188} INFO - [2025-06-28T04:40:14.073+0000] {dagbag.py:538} INFO - Filling up the DagBag from /home/airflow/.local/lib/python3.8/site-packages/airflow/example_dags/example_latest_only_with_trigger.py
[2025-06-28T04:40:14.078+0000] {processor.py:840} INFO - DAG(s) 'latest_only_with_trigger' retrieved from /home/airflow/.local/lib/python3.8/site-packages/airflow/example_dags/example_latest_only_with_trigger.py
[2025-06-28T04:40:14.103+0000] {logging_mixin.py:188} INFO - [2025-06-28T04:40:14.102+0000] {dag.py:3036} INFO - Sync 1 DAGs
[2025-06-28T04:40:14.119+0000] {logging_mixin.py:188} INFO - [2025-06-28T04:40:14.118+0000] {dag.py:3823} INFO - Setting next_dagrun for latest_only_with_trigger to 2025-06-28 00:00:00+00:00, run_after=2025-06-28 04:00:00+00:00
[2025-06-28T04:40:14.130+0000] {processor.py:183} INFO - Processing /home/airflow/.local/lib/python3.8/site-packages/airflow/example_dags/example_latest_only_with_trigger.py took 0.062 seconds
[2025-06-28T04:40:44.604+0000] {processor.py:161} INFO - Started process (PID=4223) to work on /home/airflow/.local/lib/python3.8/site-packages/airflow/example_dags/example_latest_only_with_trigger.py
[2025-06-28T04:40:44.605+0000] {processor.py:830} INFO - Processing file /home/airflow/.local/lib/python3.8/site-packages/airflow/example_dags/example_latest_only_with_trigger.py for tasks to queue
[2025-06-28T04:40:44.606+0000] {logging_mixin.py:188} INFO - [2025-06-28T04:40:44.605+0000] {dagbag.py:538} INFO - Filling up the DagBag from /home/airflow/.local/lib/python3.8/site-packages/airflow/example_dags/example_latest_only_with_trigger.py
[2025-06-28T04:40:44.609+0000] {processor.py:840} INFO - DAG(s) 'latest_only_with_trigger' retrieved from /home/airflow/.local/lib/python3.8/site-packages/airflow/example_dags/example_latest_only_with_trigger.py
[2025-06-28T04:40:44.627+0000] {logging_mixin.py:188} INFO - [2025-06-28T04:40:44.626+0000] {dag.py:3036} INFO - Sync 1 DAGs
[2025-06-28T04:40:44.641+0000] {logging_mixin.py:188} INFO - [2025-06-28T04:40:44.641+0000] {dag.py:3823} INFO - Setting next_dagrun for latest_only_with_trigger to 2025-06-28 00:00:00+00:00, run_after=2025-06-28 04:00:00+00:00
[2025-06-28T04:40:44.656+0000] {processor.py:183} INFO - Processing /home/airflow/.local/lib/python3.8/site-packages/airflow/example_dags/example_latest_only_with_trigger.py took 0.053 seconds
[2025-06-28T04:41:14.954+0000] {processor.py:161} INFO - Started process (PID=4473) to work on /home/airflow/.local/lib/python3.8/site-packages/airflow/example_dags/example_latest_only_with_trigger.py
[2025-06-28T04:41:14.955+0000] {processor.py:830} INFO - Processing file /home/airflow/.local/lib/python3.8/site-packages/airflow/example_dags/example_latest_only_with_trigger.py for tasks to queue
[2025-06-28T04:41:14.955+0000] {logging_mixin.py:188} INFO - [2025-06-28T04:41:14.955+0000] {dagbag.py:538} INFO - Filling up the DagBag from /home/airflow/.local/lib/python3.8/site-packages/airflow/example_dags/example_latest_only_with_trigger.py
[2025-06-28T04:41:14.958+0000] {processor.py:840} INFO - DAG(s) 'latest_only_with_trigger' retrieved from /home/airflow/.local/lib/python3.8/site-packages/airflow/example_dags/example_latest_only_with_trigger.py
[2025-06-28T04:41:14.973+0000] {logging_mixin.py:188} INFO - [2025-06-28T04:41:14.973+0000] {dag.py:3036} INFO - Sync 1 DAGs
[2025-06-28T04:41:14.988+0000] {logging_mixin.py:188} INFO - [2025-06-28T04:41:14.988+0000] {dag.py:3823} INFO - Setting next_dagrun for latest_only_with_trigger to 2025-06-28 00:00:00+00:00, run_after=2025-06-28 04:00:00+00:00
[2025-06-28T04:41:15.002+0000] {processor.py:183} INFO - Processing /home/airflow/.local/lib/python3.8/site-packages/airflow/example_dags/example_latest_only_with_trigger.py took 0.049 seconds
[2025-06-28T04:41:45.323+0000] {processor.py:161} INFO - Started process (PID=4718) to work on /home/airflow/.local/lib/python3.8/site-packages/airflow/example_dags/example_latest_only_with_trigger.py
[2025-06-28T04:41:45.324+0000] {processor.py:830} INFO - Processing file /home/airflow/.local/lib/python3.8/site-packages/airflow/example_dags/example_latest_only_with_trigger.py for tasks to queue
[2025-06-28T04:41:45.325+0000] {logging_mixin.py:188} INFO - [2025-06-28T04:41:45.325+0000] {dagbag.py:538} INFO - Filling up the DagBag from /home/airflow/.local/lib/python3.8/site-packages/airflow/example_dags/example_latest_only_with_trigger.py
[2025-06-28T04:41:45.328+0000] {processor.py:840} INFO - DAG(s) 'latest_only_with_trigger' retrieved from /home/airflow/.local/lib/python3.8/site-packages/airflow/example_dags/example_latest_only_with_trigger.py
[2025-06-28T04:41:45.341+0000] {logging_mixin.py:188} INFO - [2025-06-28T04:41:45.340+0000] {dag.py:3036} INFO - Sync 1 DAGs
[2025-06-28T04:41:45.356+0000] {logging_mixin.py:188} INFO - [2025-06-28T04:41:45.356+0000] {dag.py:3823} INFO - Setting next_dagrun for latest_only_with_trigger to 2025-06-28 00:00:00+00:00, run_after=2025-06-28 04:00:00+00:00
[2025-06-28T04:41:45.369+0000] {processor.py:183} INFO - Processing /home/airflow/.local/lib/python3.8/site-packages/airflow/example_dags/example_latest_only_with_trigger.py took 0.048 seconds
[2025-06-28T04:42:15.667+0000] {processor.py:161} INFO - Started process (PID=4968) to work on /home/airflow/.local/lib/python3.8/site-packages/airflow/example_dags/example_latest_only_with_trigger.py
[2025-06-28T04:42:15.668+0000] {processor.py:830} INFO - Processing file /home/airflow/.local/lib/python3.8/site-packages/airflow/example_dags/example_latest_only_with_trigger.py for tasks to queue
[2025-06-28T04:42:15.669+0000] {logging_mixin.py:188} INFO - [2025-06-28T04:42:15.668+0000] {dagbag.py:538} INFO - Filling up the DagBag from /home/airflow/.local/lib/python3.8/site-packages/airflow/example_dags/example_latest_only_with_trigger.py
[2025-06-28T04:42:15.671+0000] {processor.py:840} INFO - DAG(s) 'latest_only_with_trigger' retrieved from /home/airflow/.local/lib/python3.8/site-packages/airflow/example_dags/example_latest_only_with_trigger.py
[2025-06-28T04:42:15.687+0000] {logging_mixin.py:188} INFO - [2025-06-28T04:42:15.686+0000] {dag.py:3036} INFO - Sync 1 DAGs
[2025-06-28T04:42:15.702+0000] {logging_mixin.py:188} INFO - [2025-06-28T04:42:15.702+0000] {dag.py:3823} INFO - Setting next_dagrun for latest_only_with_trigger to 2025-06-28 00:00:00+00:00, run_after=2025-06-28 04:00:00+00:00
[2025-06-28T04:42:15.717+0000] {processor.py:183} INFO - Processing /home/airflow/.local/lib/python3.8/site-packages/airflow/example_dags/example_latest_only_with_trigger.py took 0.052 seconds
[2025-06-28T04:42:45.995+0000] {processor.py:161} INFO - Started process (PID=5223) to work on /home/airflow/.local/lib/python3.8/site-packages/airflow/example_dags/example_latest_only_with_trigger.py
[2025-06-28T04:42:45.996+0000] {processor.py:830} INFO - Processing file /home/airflow/.local/lib/python3.8/site-packages/airflow/example_dags/example_latest_only_with_trigger.py for tasks to queue
[2025-06-28T04:42:45.998+0000] {logging_mixin.py:188} INFO - [2025-06-28T04:42:45.998+0000] {dagbag.py:538} INFO - Filling up the DagBag from /home/airflow/.local/lib/python3.8/site-packages/airflow/example_dags/example_latest_only_with_trigger.py
[2025-06-28T04:42:46.001+0000] {processor.py:840} INFO - DAG(s) 'latest_only_with_trigger' retrieved from /home/airflow/.local/lib/python3.8/site-packages/airflow/example_dags/example_latest_only_with_trigger.py
[2025-06-28T04:42:46.016+0000] {logging_mixin.py:188} INFO - [2025-06-28T04:42:46.016+0000] {dag.py:3036} INFO - Sync 1 DAGs
[2025-06-28T04:42:46.031+0000] {logging_mixin.py:188} INFO - [2025-06-28T04:42:46.030+0000] {dag.py:3823} INFO - Setting next_dagrun for latest_only_with_trigger to 2025-06-28 00:00:00+00:00, run_after=2025-06-28 04:00:00+00:00
[2025-06-28T04:42:46.048+0000] {processor.py:183} INFO - Processing /home/airflow/.local/lib/python3.8/site-packages/airflow/example_dags/example_latest_only_with_trigger.py took 0.056 seconds
[2025-06-28T04:43:16.300+0000] {processor.py:161} INFO - Started process (PID=5473) to work on /home/airflow/.local/lib/python3.8/site-packages/airflow/example_dags/example_latest_only_with_trigger.py
[2025-06-28T04:43:16.301+0000] {processor.py:830} INFO - Processing file /home/airflow/.local/lib/python3.8/site-packages/airflow/example_dags/example_latest_only_with_trigger.py for tasks to queue
[2025-06-28T04:43:16.303+0000] {logging_mixin.py:188} INFO - [2025-06-28T04:43:16.303+0000] {dagbag.py:538} INFO - Filling up the DagBag from /home/airflow/.local/lib/python3.8/site-packages/airflow/example_dags/example_latest_only_with_trigger.py
[2025-06-28T04:43:16.309+0000] {processor.py:840} INFO - DAG(s) 'latest_only_with_trigger' retrieved from /home/airflow/.local/lib/python3.8/site-packages/airflow/example_dags/example_latest_only_with_trigger.py
[2025-06-28T04:43:16.326+0000] {logging_mixin.py:188} INFO - [2025-06-28T04:43:16.325+0000] {dag.py:3036} INFO - Sync 1 DAGs
[2025-06-28T04:43:16.343+0000] {logging_mixin.py:188} INFO - [2025-06-28T04:43:16.343+0000] {dag.py:3823} INFO - Setting next_dagrun for latest_only_with_trigger to 2025-06-28 00:00:00+00:00, run_after=2025-06-28 04:00:00+00:00
[2025-06-28T04:43:16.355+0000] {processor.py:183} INFO - Processing /home/airflow/.local/lib/python3.8/site-packages/airflow/example_dags/example_latest_only_with_trigger.py took 0.060 seconds
[2025-06-28T04:43:46.642+0000] {processor.py:161} INFO - Started process (PID=5723) to work on /home/airflow/.local/lib/python3.8/site-packages/airflow/example_dags/example_latest_only_with_trigger.py
[2025-06-28T04:43:46.643+0000] {processor.py:830} INFO - Processing file /home/airflow/.local/lib/python3.8/site-packages/airflow/example_dags/example_latest_only_with_trigger.py for tasks to queue
[2025-06-28T04:43:46.644+0000] {logging_mixin.py:188} INFO - [2025-06-28T04:43:46.644+0000] {dagbag.py:538} INFO - Filling up the DagBag from /home/airflow/.local/lib/python3.8/site-packages/airflow/example_dags/example_latest_only_with_trigger.py
[2025-06-28T04:43:46.647+0000] {processor.py:840} INFO - DAG(s) 'latest_only_with_trigger' retrieved from /home/airflow/.local/lib/python3.8/site-packages/airflow/example_dags/example_latest_only_with_trigger.py
[2025-06-28T04:43:46.666+0000] {logging_mixin.py:188} INFO - [2025-06-28T04:43:46.666+0000] {dag.py:3036} INFO - Sync 1 DAGs
[2025-06-28T04:43:46.680+0000] {logging_mixin.py:188} INFO - [2025-06-28T04:43:46.680+0000] {dag.py:3823} INFO - Setting next_dagrun for latest_only_with_trigger to 2025-06-28 00:00:00+00:00, run_after=2025-06-28 04:00:00+00:00
[2025-06-28T04:43:46.694+0000] {processor.py:183} INFO - Processing /home/airflow/.local/lib/python3.8/site-packages/airflow/example_dags/example_latest_only_with_trigger.py took 0.055 seconds
[2025-06-28T04:44:17.018+0000] {processor.py:161} INFO - Started process (PID=5968) to work on /home/airflow/.local/lib/python3.8/site-packages/airflow/example_dags/example_latest_only_with_trigger.py
[2025-06-28T04:44:17.018+0000] {processor.py:830} INFO - Processing file /home/airflow/.local/lib/python3.8/site-packages/airflow/example_dags/example_latest_only_with_trigger.py for tasks to queue
[2025-06-28T04:44:17.019+0000] {logging_mixin.py:188} INFO - [2025-06-28T04:44:17.019+0000] {dagbag.py:538} INFO - Filling up the DagBag from /home/airflow/.local/lib/python3.8/site-packages/airflow/example_dags/example_latest_only_with_trigger.py
[2025-06-28T04:44:17.022+0000] {processor.py:840} INFO - DAG(s) 'latest_only_with_trigger' retrieved from /home/airflow/.local/lib/python3.8/site-packages/airflow/example_dags/example_latest_only_with_trigger.py
[2025-06-28T04:44:17.041+0000] {logging_mixin.py:188} INFO - [2025-06-28T04:44:17.040+0000] {dag.py:3036} INFO - Sync 1 DAGs
[2025-06-28T04:44:17.054+0000] {logging_mixin.py:188} INFO - [2025-06-28T04:44:17.054+0000] {dag.py:3823} INFO - Setting next_dagrun for latest_only_with_trigger to 2025-06-28 00:00:00+00:00, run_after=2025-06-28 04:00:00+00:00
[2025-06-28T04:44:17.072+0000] {processor.py:183} INFO - Processing /home/airflow/.local/lib/python3.8/site-packages/airflow/example_dags/example_latest_only_with_trigger.py took 0.055 seconds
[2025-06-28T04:44:47.337+0000] {processor.py:161} INFO - Started process (PID=6220) to work on /home/airflow/.local/lib/python3.8/site-packages/airflow/example_dags/example_latest_only_with_trigger.py
[2025-06-28T04:44:47.338+0000] {processor.py:830} INFO - Processing file /home/airflow/.local/lib/python3.8/site-packages/airflow/example_dags/example_latest_only_with_trigger.py for tasks to queue
[2025-06-28T04:44:47.339+0000] {logging_mixin.py:188} INFO - [2025-06-28T04:44:47.338+0000] {dagbag.py:538} INFO - Filling up the DagBag from /home/airflow/.local/lib/python3.8/site-packages/airflow/example_dags/example_latest_only_with_trigger.py
[2025-06-28T04:44:47.342+0000] {processor.py:840} INFO - DAG(s) 'latest_only_with_trigger' retrieved from /home/airflow/.local/lib/python3.8/site-packages/airflow/example_dags/example_latest_only_with_trigger.py
[2025-06-28T04:44:47.354+0000] {logging_mixin.py:188} INFO - [2025-06-28T04:44:47.353+0000] {dag.py:3036} INFO - Sync 1 DAGs
[2025-06-28T04:44:47.366+0000] {logging_mixin.py:188} INFO - [2025-06-28T04:44:47.366+0000] {dag.py:3823} INFO - Setting next_dagrun for latest_only_with_trigger to 2025-06-28 00:00:00+00:00, run_after=2025-06-28 04:00:00+00:00
[2025-06-28T04:44:47.377+0000] {processor.py:183} INFO - Processing /home/airflow/.local/lib/python3.8/site-packages/airflow/example_dags/example_latest_only_with_trigger.py took 0.042 seconds
[2025-06-28T04:45:17.549+0000] {processor.py:161} INFO - Started process (PID=6470) to work on /home/airflow/.local/lib/python3.8/site-packages/airflow/example_dags/example_latest_only_with_trigger.py
[2025-06-28T04:45:17.549+0000] {processor.py:830} INFO - Processing file /home/airflow/.local/lib/python3.8/site-packages/airflow/example_dags/example_latest_only_with_trigger.py for tasks to queue
[2025-06-28T04:45:17.550+0000] {logging_mixin.py:188} INFO - [2025-06-28T04:45:17.550+0000] {dagbag.py:538} INFO - Filling up the DagBag from /home/airflow/.local/lib/python3.8/site-packages/airflow/example_dags/example_latest_only_with_trigger.py
[2025-06-28T04:45:17.553+0000] {processor.py:840} INFO - DAG(s) 'latest_only_with_trigger' retrieved from /home/airflow/.local/lib/python3.8/site-packages/airflow/example_dags/example_latest_only_with_trigger.py
[2025-06-28T04:45:17.569+0000] {logging_mixin.py:188} INFO - [2025-06-28T04:45:17.569+0000] {dag.py:3036} INFO - Sync 1 DAGs
[2025-06-28T04:45:17.583+0000] {logging_mixin.py:188} INFO - [2025-06-28T04:45:17.583+0000] {dag.py:3823} INFO - Setting next_dagrun for latest_only_with_trigger to 2025-06-28 00:00:00+00:00, run_after=2025-06-28 04:00:00+00:00
[2025-06-28T04:45:17.594+0000] {processor.py:183} INFO - Processing /home/airflow/.local/lib/python3.8/site-packages/airflow/example_dags/example_latest_only_with_trigger.py took 0.047 seconds
[2025-06-28T04:45:47.882+0000] {processor.py:161} INFO - Started process (PID=6718) to work on /home/airflow/.local/lib/python3.8/site-packages/airflow/example_dags/example_latest_only_with_trigger.py
[2025-06-28T04:45:47.883+0000] {processor.py:830} INFO - Processing file /home/airflow/.local/lib/python3.8/site-packages/airflow/example_dags/example_latest_only_with_trigger.py for tasks to queue
[2025-06-28T04:45:47.884+0000] {logging_mixin.py:188} INFO - [2025-06-28T04:45:47.884+0000] {dagbag.py:538} INFO - Filling up the DagBag from /home/airflow/.local/lib/python3.8/site-packages/airflow/example_dags/example_latest_only_with_trigger.py
[2025-06-28T04:45:47.889+0000] {processor.py:840} INFO - DAG(s) 'latest_only_with_trigger' retrieved from /home/airflow/.local/lib/python3.8/site-packages/airflow/example_dags/example_latest_only_with_trigger.py
[2025-06-28T04:45:47.902+0000] {logging_mixin.py:188} INFO - [2025-06-28T04:45:47.901+0000] {dag.py:3036} INFO - Sync 1 DAGs
[2025-06-28T04:45:47.914+0000] {logging_mixin.py:188} INFO - [2025-06-28T04:45:47.914+0000] {dag.py:3823} INFO - Setting next_dagrun for latest_only_with_trigger to 2025-06-28 00:00:00+00:00, run_after=2025-06-28 04:00:00+00:00
[2025-06-28T04:45:47.926+0000] {processor.py:183} INFO - Processing /home/airflow/.local/lib/python3.8/site-packages/airflow/example_dags/example_latest_only_with_trigger.py took 0.049 seconds
[2025-06-28T04:46:18.235+0000] {processor.py:161} INFO - Started process (PID=6968) to work on /home/airflow/.local/lib/python3.8/site-packages/airflow/example_dags/example_latest_only_with_trigger.py
[2025-06-28T04:46:18.236+0000] {processor.py:830} INFO - Processing file /home/airflow/.local/lib/python3.8/site-packages/airflow/example_dags/example_latest_only_with_trigger.py for tasks to queue
[2025-06-28T04:46:18.237+0000] {logging_mixin.py:188} INFO - [2025-06-28T04:46:18.237+0000] {dagbag.py:538} INFO - Filling up the DagBag from /home/airflow/.local/lib/python3.8/site-packages/airflow/example_dags/example_latest_only_with_trigger.py
[2025-06-28T04:46:18.242+0000] {processor.py:840} INFO - DAG(s) 'latest_only_with_trigger' retrieved from /home/airflow/.local/lib/python3.8/site-packages/airflow/example_dags/example_latest_only_with_trigger.py
[2025-06-28T04:46:18.255+0000] {logging_mixin.py:188} INFO - [2025-06-28T04:46:18.255+0000] {dag.py:3036} INFO - Sync 1 DAGs
[2025-06-28T04:46:18.268+0000] {logging_mixin.py:188} INFO - [2025-06-28T04:46:18.268+0000] {dag.py:3823} INFO - Setting next_dagrun for latest_only_with_trigger to 2025-06-28 00:00:00+00:00, run_after=2025-06-28 04:00:00+00:00
[2025-06-28T04:46:18.281+0000] {processor.py:183} INFO - Processing /home/airflow/.local/lib/python3.8/site-packages/airflow/example_dags/example_latest_only_with_trigger.py took 0.049 seconds
[2025-06-28T04:46:48.943+0000] {processor.py:161} INFO - Started process (PID=7223) to work on /home/airflow/.local/lib/python3.8/site-packages/airflow/example_dags/example_latest_only_with_trigger.py
[2025-06-28T04:46:48.944+0000] {processor.py:830} INFO - Processing file /home/airflow/.local/lib/python3.8/site-packages/airflow/example_dags/example_latest_only_with_trigger.py for tasks to queue
[2025-06-28T04:46:48.945+0000] {logging_mixin.py:188} INFO - [2025-06-28T04:46:48.945+0000] {dagbag.py:538} INFO - Filling up the DagBag from /home/airflow/.local/lib/python3.8/site-packages/airflow/example_dags/example_latest_only_with_trigger.py
[2025-06-28T04:46:48.948+0000] {processor.py:840} INFO - DAG(s) 'latest_only_with_trigger' retrieved from /home/airflow/.local/lib/python3.8/site-packages/airflow/example_dags/example_latest_only_with_trigger.py
[2025-06-28T04:46:48.970+0000] {logging_mixin.py:188} INFO - [2025-06-28T04:46:48.969+0000] {dag.py:3036} INFO - Sync 1 DAGs
[2025-06-28T04:46:48.983+0000] {logging_mixin.py:188} INFO - [2025-06-28T04:46:48.983+0000] {dag.py:3823} INFO - Setting next_dagrun for latest_only_with_trigger to 2025-06-28 00:00:00+00:00, run_after=2025-06-28 04:00:00+00:00
[2025-06-28T04:46:49.000+0000] {processor.py:183} INFO - Processing /home/airflow/.local/lib/python3.8/site-packages/airflow/example_dags/example_latest_only_with_trigger.py took 0.059 seconds
[2025-06-28T04:47:19.350+0000] {processor.py:161} INFO - Started process (PID=7473) to work on /home/airflow/.local/lib/python3.8/site-packages/airflow/example_dags/example_latest_only_with_trigger.py
[2025-06-28T04:47:19.351+0000] {processor.py:830} INFO - Processing file /home/airflow/.local/lib/python3.8/site-packages/airflow/example_dags/example_latest_only_with_trigger.py for tasks to queue
[2025-06-28T04:47:19.352+0000] {logging_mixin.py:188} INFO - [2025-06-28T04:47:19.352+0000] {dagbag.py:538} INFO - Filling up the DagBag from /home/airflow/.local/lib/python3.8/site-packages/airflow/example_dags/example_latest_only_with_trigger.py
[2025-06-28T04:47:19.357+0000] {processor.py:840} INFO - DAG(s) 'latest_only_with_trigger' retrieved from /home/airflow/.local/lib/python3.8/site-packages/airflow/example_dags/example_latest_only_with_trigger.py
[2025-06-28T04:47:19.375+0000] {logging_mixin.py:188} INFO - [2025-06-28T04:47:19.375+0000] {dag.py:3036} INFO - Sync 1 DAGs
[2025-06-28T04:47:19.391+0000] {logging_mixin.py:188} INFO - [2025-06-28T04:47:19.391+0000] {dag.py:3823} INFO - Setting next_dagrun for latest_only_with_trigger to 2025-06-28 00:00:00+00:00, run_after=2025-06-28 04:00:00+00:00
[2025-06-28T04:47:19.405+0000] {processor.py:183} INFO - Processing /home/airflow/.local/lib/python3.8/site-packages/airflow/example_dags/example_latest_only_with_trigger.py took 0.057 seconds
[2025-06-28T04:47:49.610+0000] {processor.py:161} INFO - Started process (PID=7723) to work on /home/airflow/.local/lib/python3.8/site-packages/airflow/example_dags/example_latest_only_with_trigger.py
[2025-06-28T04:47:49.610+0000] {processor.py:830} INFO - Processing file /home/airflow/.local/lib/python3.8/site-packages/airflow/example_dags/example_latest_only_with_trigger.py for tasks to queue
[2025-06-28T04:47:49.612+0000] {logging_mixin.py:188} INFO - [2025-06-28T04:47:49.612+0000] {dagbag.py:538} INFO - Filling up the DagBag from /home/airflow/.local/lib/python3.8/site-packages/airflow/example_dags/example_latest_only_with_trigger.py
[2025-06-28T04:47:49.615+0000] {processor.py:840} INFO - DAG(s) 'latest_only_with_trigger' retrieved from /home/airflow/.local/lib/python3.8/site-packages/airflow/example_dags/example_latest_only_with_trigger.py
[2025-06-28T04:47:49.632+0000] {logging_mixin.py:188} INFO - [2025-06-28T04:47:49.631+0000] {dag.py:3036} INFO - Sync 1 DAGs
[2025-06-28T04:47:49.650+0000] {logging_mixin.py:188} INFO - [2025-06-28T04:47:49.650+0000] {dag.py:3823} INFO - Setting next_dagrun for latest_only_with_trigger to 2025-06-28 00:00:00+00:00, run_after=2025-06-28 04:00:00+00:00
[2025-06-28T04:47:49.662+0000] {processor.py:183} INFO - Processing /home/airflow/.local/lib/python3.8/site-packages/airflow/example_dags/example_latest_only_with_trigger.py took 0.054 seconds
[2025-06-28T04:48:20.735+0000] {processor.py:161} INFO - Started process (PID=7973) to work on /home/airflow/.local/lib/python3.8/site-packages/airflow/example_dags/example_latest_only_with_trigger.py
[2025-06-28T04:48:20.736+0000] {processor.py:830} INFO - Processing file /home/airflow/.local/lib/python3.8/site-packages/airflow/example_dags/example_latest_only_with_trigger.py for tasks to queue
[2025-06-28T04:48:20.737+0000] {logging_mixin.py:188} INFO - [2025-06-28T04:48:20.736+0000] {dagbag.py:538} INFO - Filling up the DagBag from /home/airflow/.local/lib/python3.8/site-packages/airflow/example_dags/example_latest_only_with_trigger.py
[2025-06-28T04:48:20.740+0000] {processor.py:840} INFO - DAG(s) 'latest_only_with_trigger' retrieved from /home/airflow/.local/lib/python3.8/site-packages/airflow/example_dags/example_latest_only_with_trigger.py
[2025-06-28T04:48:20.755+0000] {logging_mixin.py:188} INFO - [2025-06-28T04:48:20.755+0000] {dag.py:3036} INFO - Sync 1 DAGs
[2025-06-28T04:48:20.769+0000] {logging_mixin.py:188} INFO - [2025-06-28T04:48:20.769+0000] {dag.py:3823} INFO - Setting next_dagrun for latest_only_with_trigger to 2025-06-28 00:00:00+00:00, run_after=2025-06-28 04:00:00+00:00
[2025-06-28T04:48:20.780+0000] {processor.py:183} INFO - Processing /home/airflow/.local/lib/python3.8/site-packages/airflow/example_dags/example_latest_only_with_trigger.py took 0.047 seconds
