[2025-06-28T04:32:37.998+0000] {processor.py:161} INFO - Started process (PID=198) to work on /home/airflow/.local/lib/python3.8/site-packages/airflow/example_dags/example_branch_datetime_operator.py
[2025-06-28T04:32:37.999+0000] {processor.py:830} INFO - Processing file /home/airflow/.local/lib/python3.8/site-packages/airflow/example_dags/example_branch_datetime_operator.py for tasks to queue
[2025-06-28T04:32:38.000+0000] {logging_mixin.py:188} INFO - [2025-06-28T04:32:38.000+0000] {dagbag.py:538} INFO - Filling up the DagBag from /home/airflow/.local/lib/python3.8/site-packages/airflow/example_dags/example_branch_datetime_operator.py
[2025-06-28T04:32:38.012+0000] {processor.py:840} INFO - DAG(s) 'example_branch_datetime_operator_2', 'example_branch_datetime_operator', 'example_branch_datetime_operator_3' retrieved from /home/airflow/.local/lib/python3.8/site-packages/airflow/example_dags/example_branch_datetime_operator.py
[2025-06-28T04:32:38.027+0000] {logging_mixin.py:188} INFO - [2025-06-28T04:32:38.026+0000] {dag.py:3036} INFO - Sync 3 DAGs
[2025-06-28T04:32:38.056+0000] {logging_mixin.py:188} INFO - [2025-06-28T04:32:38.056+0000] {dag.py:3823} INFO - Setting next_dagrun for example_branch_datetime_operator to 2025-06-27 00:00:00+00:00, run_after=2025-06-28 00:00:00+00:00
[2025-06-28T04:32:38.064+0000] {logging_mixin.py:188} INFO - [2025-06-28T04:32:38.064+0000] {dag.py:3823} INFO - Setting next_dagrun for example_branch_datetime_operator_2 to 2025-06-27 00:00:00+00:00, run_after=2025-06-28 00:00:00+00:00
[2025-06-28T04:32:38.068+0000] {logging_mixin.py:188} INFO - [2025-06-28T04:32:38.068+0000] {dag.py:3823} INFO - Setting next_dagrun for example_branch_datetime_operator_3 to 2025-06-27 00:00:00+00:00, run_after=2025-06-28 00:00:00+00:00
[2025-06-28T04:32:38.090+0000] {processor.py:183} INFO - Processing /home/airflow/.local/lib/python3.8/site-packages/airflow/example_dags/example_branch_datetime_operator.py took 0.095 seconds
[2025-06-28T04:33:09.031+0000] {processor.py:161} INFO - Started process (PID=450) to work on /home/airflow/.local/lib/python3.8/site-packages/airflow/example_dags/example_branch_datetime_operator.py
[2025-06-28T04:33:09.032+0000] {processor.py:830} INFO - Processing file /home/airflow/.local/lib/python3.8/site-packages/airflow/example_dags/example_branch_datetime_operator.py for tasks to queue
[2025-06-28T04:33:09.033+0000] {logging_mixin.py:188} INFO - [2025-06-28T04:33:09.033+0000] {dagbag.py:538} INFO - Filling up the DagBag from /home/airflow/.local/lib/python3.8/site-packages/airflow/example_dags/example_branch_datetime_operator.py
[2025-06-28T04:33:09.044+0000] {processor.py:840} INFO - DAG(s) 'example_branch_datetime_operator_3', 'example_branch_datetime_operator', 'example_branch_datetime_operator_2' retrieved from /home/airflow/.local/lib/python3.8/site-packages/airflow/example_dags/example_branch_datetime_operator.py
[2025-06-28T04:33:09.135+0000] {logging_mixin.py:188} INFO - [2025-06-28T04:33:09.135+0000] {dag.py:3036} INFO - Sync 3 DAGs
[2025-06-28T04:33:09.161+0000] {logging_mixin.py:188} INFO - [2025-06-28T04:33:09.161+0000] {dag.py:3823} INFO - Setting next_dagrun for example_branch_datetime_operator to 2025-06-27 00:00:00+00:00, run_after=2025-06-28 00:00:00+00:00
[2025-06-28T04:33:09.165+0000] {logging_mixin.py:188} INFO - [2025-06-28T04:33:09.165+0000] {dag.py:3823} INFO - Setting next_dagrun for example_branch_datetime_operator_2 to 2025-06-27 00:00:00+00:00, run_after=2025-06-28 00:00:00+00:00
[2025-06-28T04:33:09.168+0000] {logging_mixin.py:188} INFO - [2025-06-28T04:33:09.167+0000] {dag.py:3823} INFO - Setting next_dagrun for example_branch_datetime_operator_3 to 2025-06-27 00:00:00+00:00, run_after=2025-06-28 00:00:00+00:00
[2025-06-28T04:33:09.182+0000] {processor.py:183} INFO - Processing /home/airflow/.local/lib/python3.8/site-packages/airflow/example_dags/example_branch_datetime_operator.py took 0.153 seconds
[2025-06-28T04:33:39.757+0000] {processor.py:161} INFO - Started process (PID=698) to work on /home/airflow/.local/lib/python3.8/site-packages/airflow/example_dags/example_branch_datetime_operator.py
[2025-06-28T04:33:39.757+0000] {processor.py:830} INFO - Processing file /home/airflow/.local/lib/python3.8/site-packages/airflow/example_dags/example_branch_datetime_operator.py for tasks to queue
[2025-06-28T04:33:39.758+0000] {logging_mixin.py:188} INFO - [2025-06-28T04:33:39.758+0000] {dagbag.py:538} INFO - Filling up the DagBag from /home/airflow/.local/lib/python3.8/site-packages/airflow/example_dags/example_branch_datetime_operator.py
[2025-06-28T04:33:39.766+0000] {processor.py:840} INFO - DAG(s) 'example_branch_datetime_operator_3', 'example_branch_datetime_operator', 'example_branch_datetime_operator_2' retrieved from /home/airflow/.local/lib/python3.8/site-packages/airflow/example_dags/example_branch_datetime_operator.py
[2025-06-28T04:33:39.784+0000] {logging_mixin.py:188} INFO - [2025-06-28T04:33:39.783+0000] {dag.py:3036} INFO - Sync 3 DAGs
[2025-06-28T04:33:39.798+0000] {logging_mixin.py:188} INFO - [2025-06-28T04:33:39.797+0000] {dag.py:3823} INFO - Setting next_dagrun for example_branch_datetime_operator to 2025-06-27 00:00:00+00:00, run_after=2025-06-28 00:00:00+00:00
[2025-06-28T04:33:39.801+0000] {logging_mixin.py:188} INFO - [2025-06-28T04:33:39.801+0000] {dag.py:3823} INFO - Setting next_dagrun for example_branch_datetime_operator_2 to 2025-06-27 00:00:00+00:00, run_after=2025-06-28 00:00:00+00:00
[2025-06-28T04:33:39.802+0000] {logging_mixin.py:188} INFO - [2025-06-28T04:33:39.802+0000] {dag.py:3823} INFO - Setting next_dagrun for example_branch_datetime_operator_3 to 2025-06-27 00:00:00+00:00, run_after=2025-06-28 00:00:00+00:00
[2025-06-28T04:33:39.814+0000] {processor.py:183} INFO - Processing /home/airflow/.local/lib/python3.8/site-packages/airflow/example_dags/example_branch_datetime_operator.py took 0.059 seconds
[2025-06-28T04:34:10.204+0000] {processor.py:161} INFO - Started process (PID=948) to work on /home/airflow/.local/lib/python3.8/site-packages/airflow/example_dags/example_branch_datetime_operator.py
[2025-06-28T04:34:10.204+0000] {processor.py:830} INFO - Processing file /home/airflow/.local/lib/python3.8/site-packages/airflow/example_dags/example_branch_datetime_operator.py for tasks to queue
[2025-06-28T04:34:10.205+0000] {logging_mixin.py:188} INFO - [2025-06-28T04:34:10.205+0000] {dagbag.py:538} INFO - Filling up the DagBag from /home/airflow/.local/lib/python3.8/site-packages/airflow/example_dags/example_branch_datetime_operator.py
[2025-06-28T04:34:10.212+0000] {processor.py:840} INFO - DAG(s) 'example_branch_datetime_operator_3', 'example_branch_datetime_operator', 'example_branch_datetime_operator_2' retrieved from /home/airflow/.local/lib/python3.8/site-packages/airflow/example_dags/example_branch_datetime_operator.py
[2025-06-28T04:34:10.229+0000] {logging_mixin.py:188} INFO - [2025-06-28T04:34:10.229+0000] {dag.py:3036} INFO - Sync 3 DAGs
[2025-06-28T04:34:10.245+0000] {logging_mixin.py:188} INFO - [2025-06-28T04:34:10.245+0000] {dag.py:3823} INFO - Setting next_dagrun for example_branch_datetime_operator to 2025-06-27 00:00:00+00:00, run_after=2025-06-28 00:00:00+00:00
[2025-06-28T04:34:10.249+0000] {logging_mixin.py:188} INFO - [2025-06-28T04:34:10.249+0000] {dag.py:3823} INFO - Setting next_dagrun for example_branch_datetime_operator_2 to 2025-06-27 00:00:00+00:00, run_after=2025-06-28 00:00:00+00:00
[2025-06-28T04:34:10.250+0000] {logging_mixin.py:188} INFO - [2025-06-28T04:34:10.250+0000] {dag.py:3823} INFO - Setting next_dagrun for example_branch_datetime_operator_3 to 2025-06-27 00:00:00+00:00, run_after=2025-06-28 00:00:00+00:00
[2025-06-28T04:34:10.263+0000] {processor.py:183} INFO - Processing /home/airflow/.local/lib/python3.8/site-packages/airflow/example_dags/example_branch_datetime_operator.py took 0.060 seconds
[2025-06-28T04:34:40.602+0000] {processor.py:161} INFO - Started process (PID=1198) to work on /home/airflow/.local/lib/python3.8/site-packages/airflow/example_dags/example_branch_datetime_operator.py
[2025-06-28T04:34:40.603+0000] {processor.py:830} INFO - Processing file /home/airflow/.local/lib/python3.8/site-packages/airflow/example_dags/example_branch_datetime_operator.py for tasks to queue
[2025-06-28T04:34:40.604+0000] {logging_mixin.py:188} INFO - [2025-06-28T04:34:40.604+0000] {dagbag.py:538} INFO - Filling up the DagBag from /home/airflow/.local/lib/python3.8/site-packages/airflow/example_dags/example_branch_datetime_operator.py
[2025-06-28T04:34:40.612+0000] {processor.py:840} INFO - DAG(s) 'example_branch_datetime_operator', 'example_branch_datetime_operator_3', 'example_branch_datetime_operator_2' retrieved from /home/airflow/.local/lib/python3.8/site-packages/airflow/example_dags/example_branch_datetime_operator.py
[2025-06-28T04:34:40.633+0000] {logging_mixin.py:188} INFO - [2025-06-28T04:34:40.633+0000] {dag.py:3036} INFO - Sync 3 DAGs
[2025-06-28T04:34:40.651+0000] {logging_mixin.py:188} INFO - [2025-06-28T04:34:40.650+0000] {dag.py:3823} INFO - Setting next_dagrun for example_branch_datetime_operator to 2025-06-27 00:00:00+00:00, run_after=2025-06-28 00:00:00+00:00
[2025-06-28T04:34:40.654+0000] {logging_mixin.py:188} INFO - [2025-06-28T04:34:40.654+0000] {dag.py:3823} INFO - Setting next_dagrun for example_branch_datetime_operator_2 to 2025-06-27 00:00:00+00:00, run_after=2025-06-28 00:00:00+00:00
[2025-06-28T04:34:40.655+0000] {logging_mixin.py:188} INFO - [2025-06-28T04:34:40.655+0000] {dag.py:3823} INFO - Setting next_dagrun for example_branch_datetime_operator_3 to 2025-06-27 00:00:00+00:00, run_after=2025-06-28 00:00:00+00:00
[2025-06-28T04:34:40.668+0000] {processor.py:183} INFO - Processing /home/airflow/.local/lib/python3.8/site-packages/airflow/example_dags/example_branch_datetime_operator.py took 0.070 seconds
[2025-06-28T04:35:10.996+0000] {processor.py:161} INFO - Started process (PID=1448) to work on /home/airflow/.local/lib/python3.8/site-packages/airflow/example_dags/example_branch_datetime_operator.py
[2025-06-28T04:35:10.997+0000] {processor.py:830} INFO - Processing file /home/airflow/.local/lib/python3.8/site-packages/airflow/example_dags/example_branch_datetime_operator.py for tasks to queue
[2025-06-28T04:35:10.998+0000] {logging_mixin.py:188} INFO - [2025-06-28T04:35:10.997+0000] {dagbag.py:538} INFO - Filling up the DagBag from /home/airflow/.local/lib/python3.8/site-packages/airflow/example_dags/example_branch_datetime_operator.py
[2025-06-28T04:35:11.005+0000] {processor.py:840} INFO - DAG(s) 'example_branch_datetime_operator', 'example_branch_datetime_operator_2', 'example_branch_datetime_operator_3' retrieved from /home/airflow/.local/lib/python3.8/site-packages/airflow/example_dags/example_branch_datetime_operator.py
[2025-06-28T04:35:11.024+0000] {logging_mixin.py:188} INFO - [2025-06-28T04:35:11.024+0000] {dag.py:3036} INFO - Sync 3 DAGs
[2025-06-28T04:35:11.040+0000] {logging_mixin.py:188} INFO - [2025-06-28T04:35:11.040+0000] {dag.py:3823} INFO - Setting next_dagrun for example_branch_datetime_operator to 2025-06-27 00:00:00+00:00, run_after=2025-06-28 00:00:00+00:00
[2025-06-28T04:35:11.043+0000] {logging_mixin.py:188} INFO - [2025-06-28T04:35:11.043+0000] {dag.py:3823} INFO - Setting next_dagrun for example_branch_datetime_operator_2 to 2025-06-27 00:00:00+00:00, run_after=2025-06-28 00:00:00+00:00
[2025-06-28T04:35:11.045+0000] {logging_mixin.py:188} INFO - [2025-06-28T04:35:11.044+0000] {dag.py:3823} INFO - Setting next_dagrun for example_branch_datetime_operator_3 to 2025-06-27 00:00:00+00:00, run_after=2025-06-28 00:00:00+00:00
[2025-06-28T04:35:11.057+0000] {processor.py:183} INFO - Processing /home/airflow/.local/lib/python3.8/site-packages/airflow/example_dags/example_branch_datetime_operator.py took 0.063 seconds
[2025-06-28T04:35:41.465+0000] {processor.py:161} INFO - Started process (PID=1700) to work on /home/airflow/.local/lib/python3.8/site-packages/airflow/example_dags/example_branch_datetime_operator.py
[2025-06-28T04:35:41.466+0000] {processor.py:830} INFO - Processing file /home/airflow/.local/lib/python3.8/site-packages/airflow/example_dags/example_branch_datetime_operator.py for tasks to queue
[2025-06-28T04:35:41.467+0000] {logging_mixin.py:188} INFO - [2025-06-28T04:35:41.466+0000] {dagbag.py:538} INFO - Filling up the DagBag from /home/airflow/.local/lib/python3.8/site-packages/airflow/example_dags/example_branch_datetime_operator.py
[2025-06-28T04:35:41.472+0000] {processor.py:840} INFO - DAG(s) 'example_branch_datetime_operator_3', 'example_branch_datetime_operator', 'example_branch_datetime_operator_2' retrieved from /home/airflow/.local/lib/python3.8/site-packages/airflow/example_dags/example_branch_datetime_operator.py
[2025-06-28T04:35:41.490+0000] {logging_mixin.py:188} INFO - [2025-06-28T04:35:41.490+0000] {dag.py:3036} INFO - Sync 3 DAGs
[2025-06-28T04:35:41.504+0000] {logging_mixin.py:188} INFO - [2025-06-28T04:35:41.504+0000] {dag.py:3823} INFO - Setting next_dagrun for example_branch_datetime_operator to 2025-06-27 00:00:00+00:00, run_after=2025-06-28 00:00:00+00:00
[2025-06-28T04:35:41.507+0000] {logging_mixin.py:188} INFO - [2025-06-28T04:35:41.507+0000] {dag.py:3823} INFO - Setting next_dagrun for example_branch_datetime_operator_2 to 2025-06-27 00:00:00+00:00, run_after=2025-06-28 00:00:00+00:00
[2025-06-28T04:35:41.509+0000] {logging_mixin.py:188} INFO - [2025-06-28T04:35:41.508+0000] {dag.py:3823} INFO - Setting next_dagrun for example_branch_datetime_operator_3 to 2025-06-27 00:00:00+00:00, run_after=2025-06-28 00:00:00+00:00
[2025-06-28T04:35:41.522+0000] {processor.py:183} INFO - Processing /home/airflow/.local/lib/python3.8/site-packages/airflow/example_dags/example_branch_datetime_operator.py took 0.059 seconds
[2025-06-28T04:36:12.128+0000] {processor.py:161} INFO - Started process (PID=1948) to work on /home/airflow/.local/lib/python3.8/site-packages/airflow/example_dags/example_branch_datetime_operator.py
[2025-06-28T04:36:12.129+0000] {processor.py:830} INFO - Processing file /home/airflow/.local/lib/python3.8/site-packages/airflow/example_dags/example_branch_datetime_operator.py for tasks to queue
[2025-06-28T04:36:12.130+0000] {logging_mixin.py:188} INFO - [2025-06-28T04:36:12.130+0000] {dagbag.py:538} INFO - Filling up the DagBag from /home/airflow/.local/lib/python3.8/site-packages/airflow/example_dags/example_branch_datetime_operator.py
[2025-06-28T04:36:12.136+0000] {processor.py:840} INFO - DAG(s) 'example_branch_datetime_operator', 'example_branch_datetime_operator_2', 'example_branch_datetime_operator_3' retrieved from /home/airflow/.local/lib/python3.8/site-packages/airflow/example_dags/example_branch_datetime_operator.py
[2025-06-28T04:36:12.160+0000] {logging_mixin.py:188} INFO - [2025-06-28T04:36:12.160+0000] {dag.py:3036} INFO - Sync 3 DAGs
[2025-06-28T04:36:12.177+0000] {logging_mixin.py:188} INFO - [2025-06-28T04:36:12.177+0000] {dag.py:3823} INFO - Setting next_dagrun for example_branch_datetime_operator to 2025-06-27 00:00:00+00:00, run_after=2025-06-28 00:00:00+00:00
[2025-06-28T04:36:12.179+0000] {logging_mixin.py:188} INFO - [2025-06-28T04:36:12.179+0000] {dag.py:3823} INFO - Setting next_dagrun for example_branch_datetime_operator_2 to 2025-06-27 00:00:00+00:00, run_after=2025-06-28 00:00:00+00:00
[2025-06-28T04:36:12.182+0000] {logging_mixin.py:188} INFO - [2025-06-28T04:36:12.182+0000] {dag.py:3823} INFO - Setting next_dagrun for example_branch_datetime_operator_3 to 2025-06-27 00:00:00+00:00, run_after=2025-06-28 00:00:00+00:00
[2025-06-28T04:36:12.195+0000] {processor.py:183} INFO - Processing /home/airflow/.local/lib/python3.8/site-packages/airflow/example_dags/example_branch_datetime_operator.py took 0.069 seconds
[2025-06-28T04:36:42.422+0000] {processor.py:161} INFO - Started process (PID=2198) to work on /home/airflow/.local/lib/python3.8/site-packages/airflow/example_dags/example_branch_datetime_operator.py
[2025-06-28T04:36:42.422+0000] {processor.py:830} INFO - Processing file /home/airflow/.local/lib/python3.8/site-packages/airflow/example_dags/example_branch_datetime_operator.py for tasks to queue
[2025-06-28T04:36:42.423+0000] {logging_mixin.py:188} INFO - [2025-06-28T04:36:42.423+0000] {dagbag.py:538} INFO - Filling up the DagBag from /home/airflow/.local/lib/python3.8/site-packages/airflow/example_dags/example_branch_datetime_operator.py
[2025-06-28T04:36:42.429+0000] {processor.py:840} INFO - DAG(s) 'example_branch_datetime_operator', 'example_branch_datetime_operator_2', 'example_branch_datetime_operator_3' retrieved from /home/airflow/.local/lib/python3.8/site-packages/airflow/example_dags/example_branch_datetime_operator.py
[2025-06-28T04:36:42.449+0000] {logging_mixin.py:188} INFO - [2025-06-28T04:36:42.449+0000] {dag.py:3036} INFO - Sync 3 DAGs
[2025-06-28T04:36:42.464+0000] {logging_mixin.py:188} INFO - [2025-06-28T04:36:42.464+0000] {dag.py:3823} INFO - Setting next_dagrun for example_branch_datetime_operator to 2025-06-27 00:00:00+00:00, run_after=2025-06-28 00:00:00+00:00
[2025-06-28T04:36:42.468+0000] {logging_mixin.py:188} INFO - [2025-06-28T04:36:42.468+0000] {dag.py:3823} INFO - Setting next_dagrun for example_branch_datetime_operator_2 to 2025-06-27 00:00:00+00:00, run_after=2025-06-28 00:00:00+00:00
[2025-06-28T04:36:42.470+0000] {logging_mixin.py:188} INFO - [2025-06-28T04:36:42.470+0000] {dag.py:3823} INFO - Setting next_dagrun for example_branch_datetime_operator_3 to 2025-06-27 00:00:00+00:00, run_after=2025-06-28 00:00:00+00:00
[2025-06-28T04:36:42.482+0000] {processor.py:183} INFO - Processing /home/airflow/.local/lib/python3.8/site-packages/airflow/example_dags/example_branch_datetime_operator.py took 0.062 seconds
[2025-06-28T04:37:12.544+0000] {processor.py:161} INFO - Started process (PID=2450) to work on /home/airflow/.local/lib/python3.8/site-packages/airflow/example_dags/example_branch_datetime_operator.py
[2025-06-28T04:37:12.544+0000] {processor.py:830} INFO - Processing file /home/airflow/.local/lib/python3.8/site-packages/airflow/example_dags/example_branch_datetime_operator.py for tasks to queue
[2025-06-28T04:37:12.546+0000] {logging_mixin.py:188} INFO - [2025-06-28T04:37:12.545+0000] {dagbag.py:538} INFO - Filling up the DagBag from /home/airflow/.local/lib/python3.8/site-packages/airflow/example_dags/example_branch_datetime_operator.py
[2025-06-28T04:37:12.551+0000] {processor.py:840} INFO - DAG(s) 'example_branch_datetime_operator', 'example_branch_datetime_operator_3', 'example_branch_datetime_operator_2' retrieved from /home/airflow/.local/lib/python3.8/site-packages/airflow/example_dags/example_branch_datetime_operator.py
[2025-06-28T04:37:12.570+0000] {logging_mixin.py:188} INFO - [2025-06-28T04:37:12.570+0000] {dag.py:3036} INFO - Sync 3 DAGs
[2025-06-28T04:37:12.584+0000] {logging_mixin.py:188} INFO - [2025-06-28T04:37:12.584+0000] {dag.py:3823} INFO - Setting next_dagrun for example_branch_datetime_operator to 2025-06-27 00:00:00+00:00, run_after=2025-06-28 00:00:00+00:00
[2025-06-28T04:37:12.587+0000] {logging_mixin.py:188} INFO - [2025-06-28T04:37:12.587+0000] {dag.py:3823} INFO - Setting next_dagrun for example_branch_datetime_operator_2 to 2025-06-27 00:00:00+00:00, run_after=2025-06-28 00:00:00+00:00
[2025-06-28T04:37:12.588+0000] {logging_mixin.py:188} INFO - [2025-06-28T04:37:12.588+0000] {dag.py:3823} INFO - Setting next_dagrun for example_branch_datetime_operator_3 to 2025-06-27 00:00:00+00:00, run_after=2025-06-28 00:00:00+00:00
[2025-06-28T04:37:12.602+0000] {processor.py:183} INFO - Processing /home/airflow/.local/lib/python3.8/site-packages/airflow/example_dags/example_branch_datetime_operator.py took 0.061 seconds
[2025-06-28T04:37:42.775+0000] {processor.py:161} INFO - Started process (PID=2700) to work on /home/airflow/.local/lib/python3.8/site-packages/airflow/example_dags/example_branch_datetime_operator.py
[2025-06-28T04:37:42.776+0000] {processor.py:830} INFO - Processing file /home/airflow/.local/lib/python3.8/site-packages/airflow/example_dags/example_branch_datetime_operator.py for tasks to queue
[2025-06-28T04:37:42.777+0000] {logging_mixin.py:188} INFO - [2025-06-28T04:37:42.777+0000] {dagbag.py:538} INFO - Filling up the DagBag from /home/airflow/.local/lib/python3.8/site-packages/airflow/example_dags/example_branch_datetime_operator.py
[2025-06-28T04:37:42.785+0000] {processor.py:840} INFO - DAG(s) 'example_branch_datetime_operator_2', 'example_branch_datetime_operator', 'example_branch_datetime_operator_3' retrieved from /home/airflow/.local/lib/python3.8/site-packages/airflow/example_dags/example_branch_datetime_operator.py
[2025-06-28T04:37:42.806+0000] {logging_mixin.py:188} INFO - [2025-06-28T04:37:42.805+0000] {dag.py:3036} INFO - Sync 3 DAGs
[2025-06-28T04:37:42.823+0000] {logging_mixin.py:188} INFO - [2025-06-28T04:37:42.822+0000] {dag.py:3823} INFO - Setting next_dagrun for example_branch_datetime_operator to 2025-06-27 00:00:00+00:00, run_after=2025-06-28 00:00:00+00:00
[2025-06-28T04:37:42.827+0000] {logging_mixin.py:188} INFO - [2025-06-28T04:37:42.827+0000] {dag.py:3823} INFO - Setting next_dagrun for example_branch_datetime_operator_2 to 2025-06-27 00:00:00+00:00, run_after=2025-06-28 00:00:00+00:00
[2025-06-28T04:37:42.830+0000] {logging_mixin.py:188} INFO - [2025-06-28T04:37:42.830+0000] {dag.py:3823} INFO - Setting next_dagrun for example_branch_datetime_operator_3 to 2025-06-27 00:00:00+00:00, run_after=2025-06-28 00:00:00+00:00
[2025-06-28T04:37:42.842+0000] {processor.py:183} INFO - Processing /home/airflow/.local/lib/python3.8/site-packages/airflow/example_dags/example_branch_datetime_operator.py took 0.070 seconds
[2025-06-28T04:38:12.928+0000] {processor.py:161} INFO - Started process (PID=2955) to work on /home/airflow/.local/lib/python3.8/site-packages/airflow/example_dags/example_branch_datetime_operator.py
[2025-06-28T04:38:12.928+0000] {processor.py:830} INFO - Processing file /home/airflow/.local/lib/python3.8/site-packages/airflow/example_dags/example_branch_datetime_operator.py for tasks to queue
[2025-06-28T04:38:12.930+0000] {logging_mixin.py:188} INFO - [2025-06-28T04:38:12.930+0000] {dagbag.py:538} INFO - Filling up the DagBag from /home/airflow/.local/lib/python3.8/site-packages/airflow/example_dags/example_branch_datetime_operator.py
[2025-06-28T04:38:12.937+0000] {processor.py:840} INFO - DAG(s) 'example_branch_datetime_operator', 'example_branch_datetime_operator_2', 'example_branch_datetime_operator_3' retrieved from /home/airflow/.local/lib/python3.8/site-packages/airflow/example_dags/example_branch_datetime_operator.py
[2025-06-28T04:38:12.959+0000] {logging_mixin.py:188} INFO - [2025-06-28T04:38:12.958+0000] {dag.py:3036} INFO - Sync 3 DAGs
[2025-06-28T04:38:12.976+0000] {logging_mixin.py:188} INFO - [2025-06-28T04:38:12.975+0000] {dag.py:3823} INFO - Setting next_dagrun for example_branch_datetime_operator to 2025-06-27 00:00:00+00:00, run_after=2025-06-28 00:00:00+00:00
[2025-06-28T04:38:12.978+0000] {logging_mixin.py:188} INFO - [2025-06-28T04:38:12.978+0000] {dag.py:3823} INFO - Setting next_dagrun for example_branch_datetime_operator_2 to 2025-06-27 00:00:00+00:00, run_after=2025-06-28 00:00:00+00:00
[2025-06-28T04:38:12.980+0000] {logging_mixin.py:188} INFO - [2025-06-28T04:38:12.980+0000] {dag.py:3823} INFO - Setting next_dagrun for example_branch_datetime_operator_3 to 2025-06-27 00:00:00+00:00, run_after=2025-06-28 00:00:00+00:00
[2025-06-28T04:38:12.991+0000] {processor.py:183} INFO - Processing /home/airflow/.local/lib/python3.8/site-packages/airflow/example_dags/example_branch_datetime_operator.py took 0.067 seconds
[2025-06-28T04:38:43.154+0000] {processor.py:161} INFO - Started process (PID=3198) to work on /home/airflow/.local/lib/python3.8/site-packages/airflow/example_dags/example_branch_datetime_operator.py
[2025-06-28T04:38:43.154+0000] {processor.py:830} INFO - Processing file /home/airflow/.local/lib/python3.8/site-packages/airflow/example_dags/example_branch_datetime_operator.py for tasks to queue
[2025-06-28T04:38:43.155+0000] {logging_mixin.py:188} INFO - [2025-06-28T04:38:43.155+0000] {dagbag.py:538} INFO - Filling up the DagBag from /home/airflow/.local/lib/python3.8/site-packages/airflow/example_dags/example_branch_datetime_operator.py
[2025-06-28T04:38:43.161+0000] {processor.py:840} INFO - DAG(s) 'example_branch_datetime_operator_3', 'example_branch_datetime_operator_2', 'example_branch_datetime_operator' retrieved from /home/airflow/.local/lib/python3.8/site-packages/airflow/example_dags/example_branch_datetime_operator.py
[2025-06-28T04:38:43.183+0000] {logging_mixin.py:188} INFO - [2025-06-28T04:38:43.183+0000] {dag.py:3036} INFO - Sync 3 DAGs
[2025-06-28T04:38:43.202+0000] {logging_mixin.py:188} INFO - [2025-06-28T04:38:43.202+0000] {dag.py:3823} INFO - Setting next_dagrun for example_branch_datetime_operator to 2025-06-27 00:00:00+00:00, run_after=2025-06-28 00:00:00+00:00
[2025-06-28T04:38:43.206+0000] {logging_mixin.py:188} INFO - [2025-06-28T04:38:43.206+0000] {dag.py:3823} INFO - Setting next_dagrun for example_branch_datetime_operator_2 to 2025-06-27 00:00:00+00:00, run_after=2025-06-28 00:00:00+00:00
[2025-06-28T04:38:43.208+0000] {logging_mixin.py:188} INFO - [2025-06-28T04:38:43.208+0000] {dag.py:3823} INFO - Setting next_dagrun for example_branch_datetime_operator_3 to 2025-06-27 00:00:00+00:00, run_after=2025-06-28 00:00:00+00:00
[2025-06-28T04:38:43.222+0000] {processor.py:183} INFO - Processing /home/airflow/.local/lib/python3.8/site-packages/airflow/example_dags/example_branch_datetime_operator.py took 0.069 seconds
[2025-06-28T04:39:13.512+0000] {processor.py:161} INFO - Started process (PID=3450) to work on /home/airflow/.local/lib/python3.8/site-packages/airflow/example_dags/example_branch_datetime_operator.py
[2025-06-28T04:39:13.513+0000] {processor.py:830} INFO - Processing file /home/airflow/.local/lib/python3.8/site-packages/airflow/example_dags/example_branch_datetime_operator.py for tasks to queue
[2025-06-28T04:39:13.514+0000] {logging_mixin.py:188} INFO - [2025-06-28T04:39:13.513+0000] {dagbag.py:538} INFO - Filling up the DagBag from /home/airflow/.local/lib/python3.8/site-packages/airflow/example_dags/example_branch_datetime_operator.py
[2025-06-28T04:39:13.518+0000] {processor.py:840} INFO - DAG(s) 'example_branch_datetime_operator_2', 'example_branch_datetime_operator_3', 'example_branch_datetime_operator' retrieved from /home/airflow/.local/lib/python3.8/site-packages/airflow/example_dags/example_branch_datetime_operator.py
[2025-06-28T04:39:13.545+0000] {logging_mixin.py:188} INFO - [2025-06-28T04:39:13.545+0000] {dag.py:3036} INFO - Sync 3 DAGs
[2025-06-28T04:39:13.572+0000] {logging_mixin.py:188} INFO - [2025-06-28T04:39:13.572+0000] {dag.py:3823} INFO - Setting next_dagrun for example_branch_datetime_operator to 2025-06-27 00:00:00+00:00, run_after=2025-06-28 00:00:00+00:00
[2025-06-28T04:39:13.579+0000] {logging_mixin.py:188} INFO - [2025-06-28T04:39:13.578+0000] {dag.py:3823} INFO - Setting next_dagrun for example_branch_datetime_operator_2 to 2025-06-27 00:00:00+00:00, run_after=2025-06-28 00:00:00+00:00
[2025-06-28T04:39:13.580+0000] {logging_mixin.py:188} INFO - [2025-06-28T04:39:13.580+0000] {dag.py:3823} INFO - Setting next_dagrun for example_branch_datetime_operator_3 to 2025-06-27 00:00:00+00:00, run_after=2025-06-28 00:00:00+00:00
[2025-06-28T04:39:13.597+0000] {processor.py:183} INFO - Processing /home/airflow/.local/lib/python3.8/site-packages/airflow/example_dags/example_branch_datetime_operator.py took 0.086 seconds
[2025-06-28T04:39:43.687+0000] {processor.py:161} INFO - Started process (PID=3700) to work on /home/airflow/.local/lib/python3.8/site-packages/airflow/example_dags/example_branch_datetime_operator.py
[2025-06-28T04:39:43.688+0000] {processor.py:830} INFO - Processing file /home/airflow/.local/lib/python3.8/site-packages/airflow/example_dags/example_branch_datetime_operator.py for tasks to queue
[2025-06-28T04:39:43.690+0000] {logging_mixin.py:188} INFO - [2025-06-28T04:39:43.690+0000] {dagbag.py:538} INFO - Filling up the DagBag from /home/airflow/.local/lib/python3.8/site-packages/airflow/example_dags/example_branch_datetime_operator.py
[2025-06-28T04:39:43.697+0000] {processor.py:840} INFO - DAG(s) 'example_branch_datetime_operator_3', 'example_branch_datetime_operator', 'example_branch_datetime_operator_2' retrieved from /home/airflow/.local/lib/python3.8/site-packages/airflow/example_dags/example_branch_datetime_operator.py
[2025-06-28T04:39:43.712+0000] {logging_mixin.py:188} INFO - [2025-06-28T04:39:43.712+0000] {dag.py:3036} INFO - Sync 3 DAGs
[2025-06-28T04:39:43.725+0000] {logging_mixin.py:188} INFO - [2025-06-28T04:39:43.725+0000] {dag.py:3823} INFO - Setting next_dagrun for example_branch_datetime_operator to 2025-06-27 00:00:00+00:00, run_after=2025-06-28 00:00:00+00:00
[2025-06-28T04:39:43.727+0000] {logging_mixin.py:188} INFO - [2025-06-28T04:39:43.727+0000] {dag.py:3823} INFO - Setting next_dagrun for example_branch_datetime_operator_2 to 2025-06-27 00:00:00+00:00, run_after=2025-06-28 00:00:00+00:00
[2025-06-28T04:39:43.729+0000] {logging_mixin.py:188} INFO - [2025-06-28T04:39:43.729+0000] {dag.py:3823} INFO - Setting next_dagrun for example_branch_datetime_operator_3 to 2025-06-27 00:00:00+00:00, run_after=2025-06-28 00:00:00+00:00
[2025-06-28T04:39:43.743+0000] {processor.py:183} INFO - Processing /home/airflow/.local/lib/python3.8/site-packages/airflow/example_dags/example_branch_datetime_operator.py took 0.059 seconds
[2025-06-28T04:40:13.921+0000] {processor.py:161} INFO - Started process (PID=3948) to work on /home/airflow/.local/lib/python3.8/site-packages/airflow/example_dags/example_branch_datetime_operator.py
[2025-06-28T04:40:13.922+0000] {processor.py:830} INFO - Processing file /home/airflow/.local/lib/python3.8/site-packages/airflow/example_dags/example_branch_datetime_operator.py for tasks to queue
[2025-06-28T04:40:13.923+0000] {logging_mixin.py:188} INFO - [2025-06-28T04:40:13.923+0000] {dagbag.py:538} INFO - Filling up the DagBag from /home/airflow/.local/lib/python3.8/site-packages/airflow/example_dags/example_branch_datetime_operator.py
[2025-06-28T04:40:13.931+0000] {processor.py:840} INFO - DAG(s) 'example_branch_datetime_operator_3', 'example_branch_datetime_operator_2', 'example_branch_datetime_operator' retrieved from /home/airflow/.local/lib/python3.8/site-packages/airflow/example_dags/example_branch_datetime_operator.py
[2025-06-28T04:40:13.956+0000] {logging_mixin.py:188} INFO - [2025-06-28T04:40:13.955+0000] {dag.py:3036} INFO - Sync 3 DAGs
[2025-06-28T04:40:13.973+0000] {logging_mixin.py:188} INFO - [2025-06-28T04:40:13.973+0000] {dag.py:3823} INFO - Setting next_dagrun for example_branch_datetime_operator to 2025-06-27 00:00:00+00:00, run_after=2025-06-28 00:00:00+00:00
[2025-06-28T04:40:13.976+0000] {logging_mixin.py:188} INFO - [2025-06-28T04:40:13.976+0000] {dag.py:3823} INFO - Setting next_dagrun for example_branch_datetime_operator_2 to 2025-06-27 00:00:00+00:00, run_after=2025-06-28 00:00:00+00:00
[2025-06-28T04:40:13.978+0000] {logging_mixin.py:188} INFO - [2025-06-28T04:40:13.978+0000] {dag.py:3823} INFO - Setting next_dagrun for example_branch_datetime_operator_3 to 2025-06-27 00:00:00+00:00, run_after=2025-06-28 00:00:00+00:00
[2025-06-28T04:40:13.990+0000] {processor.py:183} INFO - Processing /home/airflow/.local/lib/python3.8/site-packages/airflow/example_dags/example_branch_datetime_operator.py took 0.072 seconds
[2025-06-28T04:40:44.388+0000] {processor.py:161} INFO - Started process (PID=4198) to work on /home/airflow/.local/lib/python3.8/site-packages/airflow/example_dags/example_branch_datetime_operator.py
[2025-06-28T04:40:44.388+0000] {processor.py:830} INFO - Processing file /home/airflow/.local/lib/python3.8/site-packages/airflow/example_dags/example_branch_datetime_operator.py for tasks to queue
[2025-06-28T04:40:44.390+0000] {logging_mixin.py:188} INFO - [2025-06-28T04:40:44.389+0000] {dagbag.py:538} INFO - Filling up the DagBag from /home/airflow/.local/lib/python3.8/site-packages/airflow/example_dags/example_branch_datetime_operator.py
[2025-06-28T04:40:44.398+0000] {processor.py:840} INFO - DAG(s) 'example_branch_datetime_operator', 'example_branch_datetime_operator_3', 'example_branch_datetime_operator_2' retrieved from /home/airflow/.local/lib/python3.8/site-packages/airflow/example_dags/example_branch_datetime_operator.py
[2025-06-28T04:40:44.417+0000] {logging_mixin.py:188} INFO - [2025-06-28T04:40:44.417+0000] {dag.py:3036} INFO - Sync 3 DAGs
[2025-06-28T04:40:44.435+0000] {logging_mixin.py:188} INFO - [2025-06-28T04:40:44.435+0000] {dag.py:3823} INFO - Setting next_dagrun for example_branch_datetime_operator to 2025-06-27 00:00:00+00:00, run_after=2025-06-28 00:00:00+00:00
[2025-06-28T04:40:44.438+0000] {logging_mixin.py:188} INFO - [2025-06-28T04:40:44.438+0000] {dag.py:3823} INFO - Setting next_dagrun for example_branch_datetime_operator_2 to 2025-06-27 00:00:00+00:00, run_after=2025-06-28 00:00:00+00:00
[2025-06-28T04:40:44.439+0000] {logging_mixin.py:188} INFO - [2025-06-28T04:40:44.439+0000] {dag.py:3823} INFO - Setting next_dagrun for example_branch_datetime_operator_3 to 2025-06-27 00:00:00+00:00, run_after=2025-06-28 00:00:00+00:00
[2025-06-28T04:40:44.452+0000] {processor.py:183} INFO - Processing /home/airflow/.local/lib/python3.8/site-packages/airflow/example_dags/example_branch_datetime_operator.py took 0.067 seconds
[2025-06-28T04:41:14.736+0000] {processor.py:161} INFO - Started process (PID=4448) to work on /home/airflow/.local/lib/python3.8/site-packages/airflow/example_dags/example_branch_datetime_operator.py
[2025-06-28T04:41:14.736+0000] {processor.py:830} INFO - Processing file /home/airflow/.local/lib/python3.8/site-packages/airflow/example_dags/example_branch_datetime_operator.py for tasks to queue
[2025-06-28T04:41:14.738+0000] {logging_mixin.py:188} INFO - [2025-06-28T04:41:14.737+0000] {dagbag.py:538} INFO - Filling up the DagBag from /home/airflow/.local/lib/python3.8/site-packages/airflow/example_dags/example_branch_datetime_operator.py
[2025-06-28T04:41:14.745+0000] {processor.py:840} INFO - DAG(s) 'example_branch_datetime_operator', 'example_branch_datetime_operator_3', 'example_branch_datetime_operator_2' retrieved from /home/airflow/.local/lib/python3.8/site-packages/airflow/example_dags/example_branch_datetime_operator.py
[2025-06-28T04:41:14.766+0000] {logging_mixin.py:188} INFO - [2025-06-28T04:41:14.765+0000] {dag.py:3036} INFO - Sync 3 DAGs
[2025-06-28T04:41:14.781+0000] {logging_mixin.py:188} INFO - [2025-06-28T04:41:14.781+0000] {dag.py:3823} INFO - Setting next_dagrun for example_branch_datetime_operator to 2025-06-27 00:00:00+00:00, run_after=2025-06-28 00:00:00+00:00
[2025-06-28T04:41:14.785+0000] {logging_mixin.py:188} INFO - [2025-06-28T04:41:14.785+0000] {dag.py:3823} INFO - Setting next_dagrun for example_branch_datetime_operator_2 to 2025-06-27 00:00:00+00:00, run_after=2025-06-28 00:00:00+00:00
[2025-06-28T04:41:14.787+0000] {logging_mixin.py:188} INFO - [2025-06-28T04:41:14.787+0000] {dag.py:3823} INFO - Setting next_dagrun for example_branch_datetime_operator_3 to 2025-06-27 00:00:00+00:00, run_after=2025-06-28 00:00:00+00:00
[2025-06-28T04:41:14.798+0000] {processor.py:183} INFO - Processing /home/airflow/.local/lib/python3.8/site-packages/airflow/example_dags/example_branch_datetime_operator.py took 0.065 seconds
[2025-06-28T04:41:45.176+0000] {processor.py:161} INFO - Started process (PID=4698) to work on /home/airflow/.local/lib/python3.8/site-packages/airflow/example_dags/example_branch_datetime_operator.py
[2025-06-28T04:41:45.178+0000] {processor.py:830} INFO - Processing file /home/airflow/.local/lib/python3.8/site-packages/airflow/example_dags/example_branch_datetime_operator.py for tasks to queue
[2025-06-28T04:41:45.180+0000] {logging_mixin.py:188} INFO - [2025-06-28T04:41:45.180+0000] {dagbag.py:538} INFO - Filling up the DagBag from /home/airflow/.local/lib/python3.8/site-packages/airflow/example_dags/example_branch_datetime_operator.py
[2025-06-28T04:41:45.188+0000] {processor.py:840} INFO - DAG(s) 'example_branch_datetime_operator', 'example_branch_datetime_operator_2', 'example_branch_datetime_operator_3' retrieved from /home/airflow/.local/lib/python3.8/site-packages/airflow/example_dags/example_branch_datetime_operator.py
[2025-06-28T04:41:45.211+0000] {logging_mixin.py:188} INFO - [2025-06-28T04:41:45.211+0000] {dag.py:3036} INFO - Sync 3 DAGs
[2025-06-28T04:41:45.228+0000] {logging_mixin.py:188} INFO - [2025-06-28T04:41:45.228+0000] {dag.py:3823} INFO - Setting next_dagrun for example_branch_datetime_operator to 2025-06-27 00:00:00+00:00, run_after=2025-06-28 00:00:00+00:00
[2025-06-28T04:41:45.233+0000] {logging_mixin.py:188} INFO - [2025-06-28T04:41:45.233+0000] {dag.py:3823} INFO - Setting next_dagrun for example_branch_datetime_operator_2 to 2025-06-27 00:00:00+00:00, run_after=2025-06-28 00:00:00+00:00
[2025-06-28T04:41:45.235+0000] {logging_mixin.py:188} INFO - [2025-06-28T04:41:45.235+0000] {dag.py:3823} INFO - Setting next_dagrun for example_branch_datetime_operator_3 to 2025-06-27 00:00:00+00:00, run_after=2025-06-28 00:00:00+00:00
[2025-06-28T04:41:45.250+0000] {processor.py:183} INFO - Processing /home/airflow/.local/lib/python3.8/site-packages/airflow/example_dags/example_branch_datetime_operator.py took 0.077 seconds
[2025-06-28T04:42:15.485+0000] {processor.py:161} INFO - Started process (PID=4950) to work on /home/airflow/.local/lib/python3.8/site-packages/airflow/example_dags/example_branch_datetime_operator.py
[2025-06-28T04:42:15.486+0000] {processor.py:830} INFO - Processing file /home/airflow/.local/lib/python3.8/site-packages/airflow/example_dags/example_branch_datetime_operator.py for tasks to queue
[2025-06-28T04:42:15.488+0000] {logging_mixin.py:188} INFO - [2025-06-28T04:42:15.488+0000] {dagbag.py:538} INFO - Filling up the DagBag from /home/airflow/.local/lib/python3.8/site-packages/airflow/example_dags/example_branch_datetime_operator.py
[2025-06-28T04:42:15.495+0000] {processor.py:840} INFO - DAG(s) 'example_branch_datetime_operator_3', 'example_branch_datetime_operator', 'example_branch_datetime_operator_2' retrieved from /home/airflow/.local/lib/python3.8/site-packages/airflow/example_dags/example_branch_datetime_operator.py
[2025-06-28T04:42:15.519+0000] {logging_mixin.py:188} INFO - [2025-06-28T04:42:15.519+0000] {dag.py:3036} INFO - Sync 3 DAGs
[2025-06-28T04:42:15.533+0000] {logging_mixin.py:188} INFO - [2025-06-28T04:42:15.533+0000] {dag.py:3823} INFO - Setting next_dagrun for example_branch_datetime_operator to 2025-06-27 00:00:00+00:00, run_after=2025-06-28 00:00:00+00:00
[2025-06-28T04:42:15.536+0000] {logging_mixin.py:188} INFO - [2025-06-28T04:42:15.536+0000] {dag.py:3823} INFO - Setting next_dagrun for example_branch_datetime_operator_2 to 2025-06-27 00:00:00+00:00, run_after=2025-06-28 00:00:00+00:00
[2025-06-28T04:42:15.538+0000] {logging_mixin.py:188} INFO - [2025-06-28T04:42:15.538+0000] {dag.py:3823} INFO - Setting next_dagrun for example_branch_datetime_operator_3 to 2025-06-27 00:00:00+00:00, run_after=2025-06-28 00:00:00+00:00
[2025-06-28T04:42:15.552+0000] {processor.py:183} INFO - Processing /home/airflow/.local/lib/python3.8/site-packages/airflow/example_dags/example_branch_datetime_operator.py took 0.070 seconds
[2025-06-28T04:42:45.782+0000] {processor.py:161} INFO - Started process (PID=5198) to work on /home/airflow/.local/lib/python3.8/site-packages/airflow/example_dags/example_branch_datetime_operator.py
[2025-06-28T04:42:45.783+0000] {processor.py:830} INFO - Processing file /home/airflow/.local/lib/python3.8/site-packages/airflow/example_dags/example_branch_datetime_operator.py for tasks to queue
[2025-06-28T04:42:45.784+0000] {logging_mixin.py:188} INFO - [2025-06-28T04:42:45.784+0000] {dagbag.py:538} INFO - Filling up the DagBag from /home/airflow/.local/lib/python3.8/site-packages/airflow/example_dags/example_branch_datetime_operator.py
[2025-06-28T04:42:45.789+0000] {processor.py:840} INFO - DAG(s) 'example_branch_datetime_operator', 'example_branch_datetime_operator_2', 'example_branch_datetime_operator_3' retrieved from /home/airflow/.local/lib/python3.8/site-packages/airflow/example_dags/example_branch_datetime_operator.py
[2025-06-28T04:42:45.814+0000] {logging_mixin.py:188} INFO - [2025-06-28T04:42:45.814+0000] {dag.py:3036} INFO - Sync 3 DAGs
[2025-06-28T04:42:45.829+0000] {logging_mixin.py:188} INFO - [2025-06-28T04:42:45.829+0000] {dag.py:3823} INFO - Setting next_dagrun for example_branch_datetime_operator to 2025-06-27 00:00:00+00:00, run_after=2025-06-28 00:00:00+00:00
[2025-06-28T04:42:45.832+0000] {logging_mixin.py:188} INFO - [2025-06-28T04:42:45.832+0000] {dag.py:3823} INFO - Setting next_dagrun for example_branch_datetime_operator_2 to 2025-06-27 00:00:00+00:00, run_after=2025-06-28 00:00:00+00:00
[2025-06-28T04:42:45.834+0000] {logging_mixin.py:188} INFO - [2025-06-28T04:42:45.834+0000] {dag.py:3823} INFO - Setting next_dagrun for example_branch_datetime_operator_3 to 2025-06-27 00:00:00+00:00, run_after=2025-06-28 00:00:00+00:00
[2025-06-28T04:42:45.845+0000] {processor.py:183} INFO - Processing /home/airflow/.local/lib/python3.8/site-packages/airflow/example_dags/example_branch_datetime_operator.py took 0.065 seconds
[2025-06-28T04:43:16.088+0000] {processor.py:161} INFO - Started process (PID=5450) to work on /home/airflow/.local/lib/python3.8/site-packages/airflow/example_dags/example_branch_datetime_operator.py
[2025-06-28T04:43:16.089+0000] {processor.py:830} INFO - Processing file /home/airflow/.local/lib/python3.8/site-packages/airflow/example_dags/example_branch_datetime_operator.py for tasks to queue
[2025-06-28T04:43:16.090+0000] {logging_mixin.py:188} INFO - [2025-06-28T04:43:16.090+0000] {dagbag.py:538} INFO - Filling up the DagBag from /home/airflow/.local/lib/python3.8/site-packages/airflow/example_dags/example_branch_datetime_operator.py
[2025-06-28T04:43:16.096+0000] {processor.py:840} INFO - DAG(s) 'example_branch_datetime_operator_2', 'example_branch_datetime_operator', 'example_branch_datetime_operator_3' retrieved from /home/airflow/.local/lib/python3.8/site-packages/airflow/example_dags/example_branch_datetime_operator.py
[2025-06-28T04:43:16.113+0000] {logging_mixin.py:188} INFO - [2025-06-28T04:43:16.113+0000] {dag.py:3036} INFO - Sync 3 DAGs
[2025-06-28T04:43:16.125+0000] {logging_mixin.py:188} INFO - [2025-06-28T04:43:16.125+0000] {dag.py:3823} INFO - Setting next_dagrun for example_branch_datetime_operator to 2025-06-27 00:00:00+00:00, run_after=2025-06-28 00:00:00+00:00
[2025-06-28T04:43:16.128+0000] {logging_mixin.py:188} INFO - [2025-06-28T04:43:16.128+0000] {dag.py:3823} INFO - Setting next_dagrun for example_branch_datetime_operator_2 to 2025-06-27 00:00:00+00:00, run_after=2025-06-28 00:00:00+00:00
[2025-06-28T04:43:16.130+0000] {logging_mixin.py:188} INFO - [2025-06-28T04:43:16.130+0000] {dag.py:3823} INFO - Setting next_dagrun for example_branch_datetime_operator_3 to 2025-06-27 00:00:00+00:00, run_after=2025-06-28 00:00:00+00:00
[2025-06-28T04:43:16.139+0000] {processor.py:183} INFO - Processing /home/airflow/.local/lib/python3.8/site-packages/airflow/example_dags/example_branch_datetime_operator.py took 0.052 seconds
[2025-06-28T04:43:46.430+0000] {processor.py:161} INFO - Started process (PID=5700) to work on /home/airflow/.local/lib/python3.8/site-packages/airflow/example_dags/example_branch_datetime_operator.py
[2025-06-28T04:43:46.430+0000] {processor.py:830} INFO - Processing file /home/airflow/.local/lib/python3.8/site-packages/airflow/example_dags/example_branch_datetime_operator.py for tasks to queue
[2025-06-28T04:43:46.431+0000] {logging_mixin.py:188} INFO - [2025-06-28T04:43:46.431+0000] {dagbag.py:538} INFO - Filling up the DagBag from /home/airflow/.local/lib/python3.8/site-packages/airflow/example_dags/example_branch_datetime_operator.py
[2025-06-28T04:43:46.437+0000] {processor.py:840} INFO - DAG(s) 'example_branch_datetime_operator', 'example_branch_datetime_operator_3', 'example_branch_datetime_operator_2' retrieved from /home/airflow/.local/lib/python3.8/site-packages/airflow/example_dags/example_branch_datetime_operator.py
[2025-06-28T04:43:46.454+0000] {logging_mixin.py:188} INFO - [2025-06-28T04:43:46.454+0000] {dag.py:3036} INFO - Sync 3 DAGs
[2025-06-28T04:43:46.469+0000] {logging_mixin.py:188} INFO - [2025-06-28T04:43:46.469+0000] {dag.py:3823} INFO - Setting next_dagrun for example_branch_datetime_operator to 2025-06-27 00:00:00+00:00, run_after=2025-06-28 00:00:00+00:00
[2025-06-28T04:43:46.472+0000] {logging_mixin.py:188} INFO - [2025-06-28T04:43:46.471+0000] {dag.py:3823} INFO - Setting next_dagrun for example_branch_datetime_operator_2 to 2025-06-27 00:00:00+00:00, run_after=2025-06-28 00:00:00+00:00
[2025-06-28T04:43:46.473+0000] {logging_mixin.py:188} INFO - [2025-06-28T04:43:46.473+0000] {dag.py:3823} INFO - Setting next_dagrun for example_branch_datetime_operator_3 to 2025-06-27 00:00:00+00:00, run_after=2025-06-28 00:00:00+00:00
[2025-06-28T04:43:46.485+0000] {processor.py:183} INFO - Processing /home/airflow/.local/lib/python3.8/site-packages/airflow/example_dags/example_branch_datetime_operator.py took 0.058 seconds
[2025-06-28T04:44:16.873+0000] {processor.py:161} INFO - Started process (PID=5950) to work on /home/airflow/.local/lib/python3.8/site-packages/airflow/example_dags/example_branch_datetime_operator.py
[2025-06-28T04:44:16.874+0000] {processor.py:830} INFO - Processing file /home/airflow/.local/lib/python3.8/site-packages/airflow/example_dags/example_branch_datetime_operator.py for tasks to queue
[2025-06-28T04:44:16.875+0000] {logging_mixin.py:188} INFO - [2025-06-28T04:44:16.875+0000] {dagbag.py:538} INFO - Filling up the DagBag from /home/airflow/.local/lib/python3.8/site-packages/airflow/example_dags/example_branch_datetime_operator.py
[2025-06-28T04:44:16.882+0000] {processor.py:840} INFO - DAG(s) 'example_branch_datetime_operator', 'example_branch_datetime_operator_2', 'example_branch_datetime_operator_3' retrieved from /home/airflow/.local/lib/python3.8/site-packages/airflow/example_dags/example_branch_datetime_operator.py
[2025-06-28T04:44:16.900+0000] {logging_mixin.py:188} INFO - [2025-06-28T04:44:16.899+0000] {dag.py:3036} INFO - Sync 3 DAGs
[2025-06-28T04:44:16.915+0000] {logging_mixin.py:188} INFO - [2025-06-28T04:44:16.915+0000] {dag.py:3823} INFO - Setting next_dagrun for example_branch_datetime_operator to 2025-06-27 00:00:00+00:00, run_after=2025-06-28 00:00:00+00:00
[2025-06-28T04:44:16.918+0000] {logging_mixin.py:188} INFO - [2025-06-28T04:44:16.918+0000] {dag.py:3823} INFO - Setting next_dagrun for example_branch_datetime_operator_2 to 2025-06-27 00:00:00+00:00, run_after=2025-06-28 00:00:00+00:00
[2025-06-28T04:44:16.920+0000] {logging_mixin.py:188} INFO - [2025-06-28T04:44:16.920+0000] {dag.py:3823} INFO - Setting next_dagrun for example_branch_datetime_operator_3 to 2025-06-27 00:00:00+00:00, run_after=2025-06-28 00:00:00+00:00
[2025-06-28T04:44:16.934+0000] {processor.py:183} INFO - Processing /home/airflow/.local/lib/python3.8/site-packages/airflow/example_dags/example_branch_datetime_operator.py took 0.063 seconds
[2025-06-28T04:44:47.196+0000] {processor.py:161} INFO - Started process (PID=6198) to work on /home/airflow/.local/lib/python3.8/site-packages/airflow/example_dags/example_branch_datetime_operator.py
[2025-06-28T04:44:47.196+0000] {processor.py:830} INFO - Processing file /home/airflow/.local/lib/python3.8/site-packages/airflow/example_dags/example_branch_datetime_operator.py for tasks to queue
[2025-06-28T04:44:47.197+0000] {logging_mixin.py:188} INFO - [2025-06-28T04:44:47.197+0000] {dagbag.py:538} INFO - Filling up the DagBag from /home/airflow/.local/lib/python3.8/site-packages/airflow/example_dags/example_branch_datetime_operator.py
[2025-06-28T04:44:47.202+0000] {processor.py:840} INFO - DAG(s) 'example_branch_datetime_operator_3', 'example_branch_datetime_operator_2', 'example_branch_datetime_operator' retrieved from /home/airflow/.local/lib/python3.8/site-packages/airflow/example_dags/example_branch_datetime_operator.py
[2025-06-28T04:44:47.220+0000] {logging_mixin.py:188} INFO - [2025-06-28T04:44:47.220+0000] {dag.py:3036} INFO - Sync 3 DAGs
[2025-06-28T04:44:47.236+0000] {logging_mixin.py:188} INFO - [2025-06-28T04:44:47.236+0000] {dag.py:3823} INFO - Setting next_dagrun for example_branch_datetime_operator to 2025-06-27 00:00:00+00:00, run_after=2025-06-28 00:00:00+00:00
[2025-06-28T04:44:47.240+0000] {logging_mixin.py:188} INFO - [2025-06-28T04:44:47.239+0000] {dag.py:3823} INFO - Setting next_dagrun for example_branch_datetime_operator_2 to 2025-06-27 00:00:00+00:00, run_after=2025-06-28 00:00:00+00:00
[2025-06-28T04:44:47.241+0000] {logging_mixin.py:188} INFO - [2025-06-28T04:44:47.241+0000] {dag.py:3823} INFO - Setting next_dagrun for example_branch_datetime_operator_3 to 2025-06-27 00:00:00+00:00, run_after=2025-06-28 00:00:00+00:00
[2025-06-28T04:44:47.251+0000] {processor.py:183} INFO - Processing /home/airflow/.local/lib/python3.8/site-packages/airflow/example_dags/example_branch_datetime_operator.py took 0.057 seconds
[2025-06-28T04:45:17.405+0000] {processor.py:161} INFO - Started process (PID=6448) to work on /home/airflow/.local/lib/python3.8/site-packages/airflow/example_dags/example_branch_datetime_operator.py
[2025-06-28T04:45:17.406+0000] {processor.py:830} INFO - Processing file /home/airflow/.local/lib/python3.8/site-packages/airflow/example_dags/example_branch_datetime_operator.py for tasks to queue
[2025-06-28T04:45:17.407+0000] {logging_mixin.py:188} INFO - [2025-06-28T04:45:17.407+0000] {dagbag.py:538} INFO - Filling up the DagBag from /home/airflow/.local/lib/python3.8/site-packages/airflow/example_dags/example_branch_datetime_operator.py
[2025-06-28T04:45:17.413+0000] {processor.py:840} INFO - DAG(s) 'example_branch_datetime_operator', 'example_branch_datetime_operator_3', 'example_branch_datetime_operator_2' retrieved from /home/airflow/.local/lib/python3.8/site-packages/airflow/example_dags/example_branch_datetime_operator.py
[2025-06-28T04:45:17.437+0000] {logging_mixin.py:188} INFO - [2025-06-28T04:45:17.436+0000] {dag.py:3036} INFO - Sync 3 DAGs
[2025-06-28T04:45:17.454+0000] {logging_mixin.py:188} INFO - [2025-06-28T04:45:17.454+0000] {dag.py:3823} INFO - Setting next_dagrun for example_branch_datetime_operator to 2025-06-27 00:00:00+00:00, run_after=2025-06-28 00:00:00+00:00
[2025-06-28T04:45:17.458+0000] {logging_mixin.py:188} INFO - [2025-06-28T04:45:17.458+0000] {dag.py:3823} INFO - Setting next_dagrun for example_branch_datetime_operator_2 to 2025-06-27 00:00:00+00:00, run_after=2025-06-28 00:00:00+00:00
[2025-06-28T04:45:17.460+0000] {logging_mixin.py:188} INFO - [2025-06-28T04:45:17.460+0000] {dag.py:3823} INFO - Setting next_dagrun for example_branch_datetime_operator_3 to 2025-06-27 00:00:00+00:00, run_after=2025-06-28 00:00:00+00:00
[2025-06-28T04:45:17.471+0000] {processor.py:183} INFO - Processing /home/airflow/.local/lib/python3.8/site-packages/airflow/example_dags/example_branch_datetime_operator.py took 0.068 seconds
[2025-06-28T04:45:47.697+0000] {processor.py:161} INFO - Started process (PID=6698) to work on /home/airflow/.local/lib/python3.8/site-packages/airflow/example_dags/example_branch_datetime_operator.py
[2025-06-28T04:45:47.697+0000] {processor.py:830} INFO - Processing file /home/airflow/.local/lib/python3.8/site-packages/airflow/example_dags/example_branch_datetime_operator.py for tasks to queue
[2025-06-28T04:45:47.698+0000] {logging_mixin.py:188} INFO - [2025-06-28T04:45:47.698+0000] {dagbag.py:538} INFO - Filling up the DagBag from /home/airflow/.local/lib/python3.8/site-packages/airflow/example_dags/example_branch_datetime_operator.py
[2025-06-28T04:45:47.703+0000] {processor.py:840} INFO - DAG(s) 'example_branch_datetime_operator_2', 'example_branch_datetime_operator', 'example_branch_datetime_operator_3' retrieved from /home/airflow/.local/lib/python3.8/site-packages/airflow/example_dags/example_branch_datetime_operator.py
[2025-06-28T04:45:47.728+0000] {logging_mixin.py:188} INFO - [2025-06-28T04:45:47.728+0000] {dag.py:3036} INFO - Sync 3 DAGs
[2025-06-28T04:45:47.743+0000] {logging_mixin.py:188} INFO - [2025-06-28T04:45:47.743+0000] {dag.py:3823} INFO - Setting next_dagrun for example_branch_datetime_operator to 2025-06-27 00:00:00+00:00, run_after=2025-06-28 00:00:00+00:00
[2025-06-28T04:45:47.746+0000] {logging_mixin.py:188} INFO - [2025-06-28T04:45:47.746+0000] {dag.py:3823} INFO - Setting next_dagrun for example_branch_datetime_operator_2 to 2025-06-27 00:00:00+00:00, run_after=2025-06-28 00:00:00+00:00
[2025-06-28T04:45:47.748+0000] {logging_mixin.py:188} INFO - [2025-06-28T04:45:47.748+0000] {dag.py:3823} INFO - Setting next_dagrun for example_branch_datetime_operator_3 to 2025-06-27 00:00:00+00:00, run_after=2025-06-28 00:00:00+00:00
[2025-06-28T04:45:47.762+0000] {processor.py:183} INFO - Processing /home/airflow/.local/lib/python3.8/site-packages/airflow/example_dags/example_branch_datetime_operator.py took 0.067 seconds
[2025-06-28T04:46:18.064+0000] {processor.py:161} INFO - Started process (PID=6948) to work on /home/airflow/.local/lib/python3.8/site-packages/airflow/example_dags/example_branch_datetime_operator.py
[2025-06-28T04:46:18.065+0000] {processor.py:830} INFO - Processing file /home/airflow/.local/lib/python3.8/site-packages/airflow/example_dags/example_branch_datetime_operator.py for tasks to queue
[2025-06-28T04:46:18.066+0000] {logging_mixin.py:188} INFO - [2025-06-28T04:46:18.066+0000] {dagbag.py:538} INFO - Filling up the DagBag from /home/airflow/.local/lib/python3.8/site-packages/airflow/example_dags/example_branch_datetime_operator.py
[2025-06-28T04:46:18.072+0000] {processor.py:840} INFO - DAG(s) 'example_branch_datetime_operator_2', 'example_branch_datetime_operator', 'example_branch_datetime_operator_3' retrieved from /home/airflow/.local/lib/python3.8/site-packages/airflow/example_dags/example_branch_datetime_operator.py
[2025-06-28T04:46:18.098+0000] {logging_mixin.py:188} INFO - [2025-06-28T04:46:18.098+0000] {dag.py:3036} INFO - Sync 3 DAGs
[2025-06-28T04:46:18.115+0000] {logging_mixin.py:188} INFO - [2025-06-28T04:46:18.114+0000] {dag.py:3823} INFO - Setting next_dagrun for example_branch_datetime_operator to 2025-06-27 00:00:00+00:00, run_after=2025-06-28 00:00:00+00:00
[2025-06-28T04:46:18.120+0000] {logging_mixin.py:188} INFO - [2025-06-28T04:46:18.119+0000] {dag.py:3823} INFO - Setting next_dagrun for example_branch_datetime_operator_2 to 2025-06-27 00:00:00+00:00, run_after=2025-06-28 00:00:00+00:00
[2025-06-28T04:46:18.122+0000] {logging_mixin.py:188} INFO - [2025-06-28T04:46:18.121+0000] {dag.py:3823} INFO - Setting next_dagrun for example_branch_datetime_operator_3 to 2025-06-27 00:00:00+00:00, run_after=2025-06-28 00:00:00+00:00
[2025-06-28T04:46:18.135+0000] {processor.py:183} INFO - Processing /home/airflow/.local/lib/python3.8/site-packages/airflow/example_dags/example_branch_datetime_operator.py took 0.072 seconds
[2025-06-28T04:46:48.477+0000] {processor.py:161} INFO - Started process (PID=7200) to work on /home/airflow/.local/lib/python3.8/site-packages/airflow/example_dags/example_branch_datetime_operator.py
[2025-06-28T04:46:48.477+0000] {processor.py:830} INFO - Processing file /home/airflow/.local/lib/python3.8/site-packages/airflow/example_dags/example_branch_datetime_operator.py for tasks to queue
[2025-06-28T04:46:48.478+0000] {logging_mixin.py:188} INFO - [2025-06-28T04:46:48.478+0000] {dagbag.py:538} INFO - Filling up the DagBag from /home/airflow/.local/lib/python3.8/site-packages/airflow/example_dags/example_branch_datetime_operator.py
[2025-06-28T04:46:48.483+0000] {processor.py:840} INFO - DAG(s) 'example_branch_datetime_operator', 'example_branch_datetime_operator_3', 'example_branch_datetime_operator_2' retrieved from /home/airflow/.local/lib/python3.8/site-packages/airflow/example_dags/example_branch_datetime_operator.py
[2025-06-28T04:46:48.500+0000] {logging_mixin.py:188} INFO - [2025-06-28T04:46:48.499+0000] {dag.py:3036} INFO - Sync 3 DAGs
[2025-06-28T04:46:48.513+0000] {logging_mixin.py:188} INFO - [2025-06-28T04:46:48.513+0000] {dag.py:3823} INFO - Setting next_dagrun for example_branch_datetime_operator to 2025-06-27 00:00:00+00:00, run_after=2025-06-28 00:00:00+00:00
[2025-06-28T04:46:48.516+0000] {logging_mixin.py:188} INFO - [2025-06-28T04:46:48.516+0000] {dag.py:3823} INFO - Setting next_dagrun for example_branch_datetime_operator_2 to 2025-06-27 00:00:00+00:00, run_after=2025-06-28 00:00:00+00:00
[2025-06-28T04:46:48.518+0000] {logging_mixin.py:188} INFO - [2025-06-28T04:46:48.518+0000] {dag.py:3823} INFO - Setting next_dagrun for example_branch_datetime_operator_3 to 2025-06-27 00:00:00+00:00, run_after=2025-06-28 00:00:00+00:00
[2025-06-28T04:46:48.533+0000] {processor.py:183} INFO - Processing /home/airflow/.local/lib/python3.8/site-packages/airflow/example_dags/example_branch_datetime_operator.py took 0.058 seconds
[2025-06-28T04:47:19.140+0000] {processor.py:161} INFO - Started process (PID=7450) to work on /home/airflow/.local/lib/python3.8/site-packages/airflow/example_dags/example_branch_datetime_operator.py
[2025-06-28T04:47:19.141+0000] {processor.py:830} INFO - Processing file /home/airflow/.local/lib/python3.8/site-packages/airflow/example_dags/example_branch_datetime_operator.py for tasks to queue
[2025-06-28T04:47:19.142+0000] {logging_mixin.py:188} INFO - [2025-06-28T04:47:19.141+0000] {dagbag.py:538} INFO - Filling up the DagBag from /home/airflow/.local/lib/python3.8/site-packages/airflow/example_dags/example_branch_datetime_operator.py
[2025-06-28T04:47:19.147+0000] {processor.py:840} INFO - DAG(s) 'example_branch_datetime_operator_3', 'example_branch_datetime_operator_2', 'example_branch_datetime_operator' retrieved from /home/airflow/.local/lib/python3.8/site-packages/airflow/example_dags/example_branch_datetime_operator.py
[2025-06-28T04:47:19.164+0000] {logging_mixin.py:188} INFO - [2025-06-28T04:47:19.164+0000] {dag.py:3036} INFO - Sync 3 DAGs
[2025-06-28T04:47:19.181+0000] {logging_mixin.py:188} INFO - [2025-06-28T04:47:19.181+0000] {dag.py:3823} INFO - Setting next_dagrun for example_branch_datetime_operator to 2025-06-27 00:00:00+00:00, run_after=2025-06-28 00:00:00+00:00
[2025-06-28T04:47:19.184+0000] {logging_mixin.py:188} INFO - [2025-06-28T04:47:19.184+0000] {dag.py:3823} INFO - Setting next_dagrun for example_branch_datetime_operator_2 to 2025-06-27 00:00:00+00:00, run_after=2025-06-28 00:00:00+00:00
[2025-06-28T04:47:19.185+0000] {logging_mixin.py:188} INFO - [2025-06-28T04:47:19.185+0000] {dag.py:3823} INFO - Setting next_dagrun for example_branch_datetime_operator_3 to 2025-06-27 00:00:00+00:00, run_after=2025-06-28 00:00:00+00:00
[2025-06-28T04:47:19.196+0000] {processor.py:183} INFO - Processing /home/airflow/.local/lib/python3.8/site-packages/airflow/example_dags/example_branch_datetime_operator.py took 0.059 seconds
[2025-06-28T04:47:49.398+0000] {processor.py:161} INFO - Started process (PID=7698) to work on /home/airflow/.local/lib/python3.8/site-packages/airflow/example_dags/example_branch_datetime_operator.py
[2025-06-28T04:47:49.398+0000] {processor.py:830} INFO - Processing file /home/airflow/.local/lib/python3.8/site-packages/airflow/example_dags/example_branch_datetime_operator.py for tasks to queue
[2025-06-28T04:47:49.400+0000] {logging_mixin.py:188} INFO - [2025-06-28T04:47:49.400+0000] {dagbag.py:538} INFO - Filling up the DagBag from /home/airflow/.local/lib/python3.8/site-packages/airflow/example_dags/example_branch_datetime_operator.py
[2025-06-28T04:47:49.408+0000] {processor.py:840} INFO - DAG(s) 'example_branch_datetime_operator_2', 'example_branch_datetime_operator_3', 'example_branch_datetime_operator' retrieved from /home/airflow/.local/lib/python3.8/site-packages/airflow/example_dags/example_branch_datetime_operator.py
[2025-06-28T04:47:49.431+0000] {logging_mixin.py:188} INFO - [2025-06-28T04:47:49.430+0000] {dag.py:3036} INFO - Sync 3 DAGs
[2025-06-28T04:47:49.449+0000] {logging_mixin.py:188} INFO - [2025-06-28T04:47:49.448+0000] {dag.py:3823} INFO - Setting next_dagrun for example_branch_datetime_operator to 2025-06-27 00:00:00+00:00, run_after=2025-06-28 00:00:00+00:00
[2025-06-28T04:47:49.453+0000] {logging_mixin.py:188} INFO - [2025-06-28T04:47:49.453+0000] {dag.py:3823} INFO - Setting next_dagrun for example_branch_datetime_operator_2 to 2025-06-27 00:00:00+00:00, run_after=2025-06-28 00:00:00+00:00
[2025-06-28T04:47:49.455+0000] {logging_mixin.py:188} INFO - [2025-06-28T04:47:49.455+0000] {dag.py:3823} INFO - Setting next_dagrun for example_branch_datetime_operator_3 to 2025-06-27 00:00:00+00:00, run_after=2025-06-28 00:00:00+00:00
[2025-06-28T04:47:49.468+0000] {processor.py:183} INFO - Processing /home/airflow/.local/lib/python3.8/site-packages/airflow/example_dags/example_branch_datetime_operator.py took 0.073 seconds
[2025-06-28T04:48:20.460+0000] {processor.py:161} INFO - Started process (PID=7950) to work on /home/airflow/.local/lib/python3.8/site-packages/airflow/example_dags/example_branch_datetime_operator.py
[2025-06-28T04:48:20.461+0000] {processor.py:830} INFO - Processing file /home/airflow/.local/lib/python3.8/site-packages/airflow/example_dags/example_branch_datetime_operator.py for tasks to queue
[2025-06-28T04:48:20.461+0000] {logging_mixin.py:188} INFO - [2025-06-28T04:48:20.461+0000] {dagbag.py:538} INFO - Filling up the DagBag from /home/airflow/.local/lib/python3.8/site-packages/airflow/example_dags/example_branch_datetime_operator.py
[2025-06-28T04:48:20.466+0000] {processor.py:840} INFO - DAG(s) 'example_branch_datetime_operator_3', 'example_branch_datetime_operator_2', 'example_branch_datetime_operator' retrieved from /home/airflow/.local/lib/python3.8/site-packages/airflow/example_dags/example_branch_datetime_operator.py
[2025-06-28T04:48:20.482+0000] {logging_mixin.py:188} INFO - [2025-06-28T04:48:20.481+0000] {dag.py:3036} INFO - Sync 3 DAGs
[2025-06-28T04:48:20.494+0000] {logging_mixin.py:188} INFO - [2025-06-28T04:48:20.493+0000] {dag.py:3823} INFO - Setting next_dagrun for example_branch_datetime_operator to 2025-06-27 00:00:00+00:00, run_after=2025-06-28 00:00:00+00:00
[2025-06-28T04:48:20.496+0000] {logging_mixin.py:188} INFO - [2025-06-28T04:48:20.496+0000] {dag.py:3823} INFO - Setting next_dagrun for example_branch_datetime_operator_2 to 2025-06-27 00:00:00+00:00, run_after=2025-06-28 00:00:00+00:00
[2025-06-28T04:48:20.497+0000] {logging_mixin.py:188} INFO - [2025-06-28T04:48:20.497+0000] {dag.py:3823} INFO - Setting next_dagrun for example_branch_datetime_operator_3 to 2025-06-27 00:00:00+00:00, run_after=2025-06-28 00:00:00+00:00
[2025-06-28T04:48:20.506+0000] {processor.py:183} INFO - Processing /home/airflow/.local/lib/python3.8/site-packages/airflow/example_dags/example_branch_datetime_operator.py took 0.048 seconds
