[2025-06-28T04:32:38.601+0000] {processor.py:161} INFO - Started process (PID=238) to work on /home/airflow/.local/lib/python3.8/site-packages/airflow/example_dags/example_complex.py
[2025-06-28T04:32:38.602+0000] {processor.py:830} INFO - Processing file /home/airflow/.local/lib/python3.8/site-packages/airflow/example_dags/example_complex.py for tasks to queue
[2025-06-28T04:32:38.603+0000] {logging_mixin.py:188} INFO - [2025-06-28T04:32:38.603+0000] {dagbag.py:538} INFO - Filling up the DagBag from /home/airflow/.local/lib/python3.8/site-packages/airflow/example_dags/example_complex.py
[2025-06-28T04:32:38.614+0000] {processor.py:840} INFO - DAG(s) 'example_complex' retrieved from /home/airflow/.local/lib/python3.8/site-packages/airflow/example_dags/example_complex.py
[2025-06-28T04:32:38.625+0000] {logging_mixin.py:188} INFO - [2025-06-28T04:32:38.624+0000] {dag.py:3036} INFO - Sync 1 DAGs
[2025-06-28T04:32:38.642+0000] {logging_mixin.py:188} INFO - [2025-06-28T04:32:38.642+0000] {dag.py:3823} INFO - Setting next_dagrun for example_complex to None, run_after=None
[2025-06-28T04:32:38.666+0000] {processor.py:183} INFO - Processing /home/airflow/.local/lib/python3.8/site-packages/airflow/example_dags/example_complex.py took 0.068 seconds
[2025-06-28T04:33:09.547+0000] {processor.py:161} INFO - Started process (PID=488) to work on /home/airflow/.local/lib/python3.8/site-packages/airflow/example_dags/example_complex.py
[2025-06-28T04:33:09.548+0000] {processor.py:830} INFO - Processing file /home/airflow/.local/lib/python3.8/site-packages/airflow/example_dags/example_complex.py for tasks to queue
[2025-06-28T04:33:09.549+0000] {logging_mixin.py:188} INFO - [2025-06-28T04:33:09.548+0000] {dagbag.py:538} INFO - Filling up the DagBag from /home/airflow/.local/lib/python3.8/site-packages/airflow/example_dags/example_complex.py
[2025-06-28T04:33:09.554+0000] {processor.py:840} INFO - DAG(s) 'example_complex' retrieved from /home/airflow/.local/lib/python3.8/site-packages/airflow/example_dags/example_complex.py
[2025-06-28T04:33:09.621+0000] {logging_mixin.py:188} INFO - [2025-06-28T04:33:09.621+0000] {dag.py:3036} INFO - Sync 1 DAGs
[2025-06-28T04:33:09.629+0000] {logging_mixin.py:188} INFO - [2025-06-28T04:33:09.628+0000] {dag.py:3823} INFO - Setting next_dagrun for example_complex to None, run_after=None
[2025-06-28T04:33:09.649+0000] {processor.py:183} INFO - Processing /home/airflow/.local/lib/python3.8/site-packages/airflow/example_dags/example_complex.py took 0.104 seconds
[2025-06-28T04:33:40.075+0000] {processor.py:161} INFO - Started process (PID=738) to work on /home/airflow/.local/lib/python3.8/site-packages/airflow/example_dags/example_complex.py
[2025-06-28T04:33:40.075+0000] {processor.py:830} INFO - Processing file /home/airflow/.local/lib/python3.8/site-packages/airflow/example_dags/example_complex.py for tasks to queue
[2025-06-28T04:33:40.076+0000] {logging_mixin.py:188} INFO - [2025-06-28T04:33:40.076+0000] {dagbag.py:538} INFO - Filling up the DagBag from /home/airflow/.local/lib/python3.8/site-packages/airflow/example_dags/example_complex.py
[2025-06-28T04:33:40.082+0000] {processor.py:840} INFO - DAG(s) 'example_complex' retrieved from /home/airflow/.local/lib/python3.8/site-packages/airflow/example_dags/example_complex.py
[2025-06-28T04:33:40.100+0000] {logging_mixin.py:188} INFO - [2025-06-28T04:33:40.099+0000] {dag.py:3036} INFO - Sync 1 DAGs
[2025-06-28T04:33:40.106+0000] {logging_mixin.py:188} INFO - [2025-06-28T04:33:40.106+0000] {dag.py:3823} INFO - Setting next_dagrun for example_complex to None, run_after=None
[2025-06-28T04:33:40.118+0000] {processor.py:183} INFO - Processing /home/airflow/.local/lib/python3.8/site-packages/airflow/example_dags/example_complex.py took 0.045 seconds
[2025-06-28T04:34:10.588+0000] {processor.py:161} INFO - Started process (PID=988) to work on /home/airflow/.local/lib/python3.8/site-packages/airflow/example_dags/example_complex.py
[2025-06-28T04:34:10.589+0000] {processor.py:830} INFO - Processing file /home/airflow/.local/lib/python3.8/site-packages/airflow/example_dags/example_complex.py for tasks to queue
[2025-06-28T04:34:10.592+0000] {logging_mixin.py:188} INFO - [2025-06-28T04:34:10.591+0000] {dagbag.py:538} INFO - Filling up the DagBag from /home/airflow/.local/lib/python3.8/site-packages/airflow/example_dags/example_complex.py
[2025-06-28T04:34:10.607+0000] {processor.py:840} INFO - DAG(s) 'example_complex' retrieved from /home/airflow/.local/lib/python3.8/site-packages/airflow/example_dags/example_complex.py
[2025-06-28T04:34:10.654+0000] {logging_mixin.py:188} INFO - [2025-06-28T04:34:10.654+0000] {dag.py:3036} INFO - Sync 1 DAGs
[2025-06-28T04:34:10.668+0000] {logging_mixin.py:188} INFO - [2025-06-28T04:34:10.667+0000] {dag.py:3823} INFO - Setting next_dagrun for example_complex to None, run_after=None
[2025-06-28T04:34:10.686+0000] {processor.py:183} INFO - Processing /home/airflow/.local/lib/python3.8/site-packages/airflow/example_dags/example_complex.py took 0.102 seconds
[2025-06-28T04:34:40.911+0000] {processor.py:161} INFO - Started process (PID=1238) to work on /home/airflow/.local/lib/python3.8/site-packages/airflow/example_dags/example_complex.py
[2025-06-28T04:34:40.912+0000] {processor.py:830} INFO - Processing file /home/airflow/.local/lib/python3.8/site-packages/airflow/example_dags/example_complex.py for tasks to queue
[2025-06-28T04:34:40.912+0000] {logging_mixin.py:188} INFO - [2025-06-28T04:34:40.912+0000] {dagbag.py:538} INFO - Filling up the DagBag from /home/airflow/.local/lib/python3.8/site-packages/airflow/example_dags/example_complex.py
[2025-06-28T04:34:40.919+0000] {processor.py:840} INFO - DAG(s) 'example_complex' retrieved from /home/airflow/.local/lib/python3.8/site-packages/airflow/example_dags/example_complex.py
[2025-06-28T04:34:40.938+0000] {logging_mixin.py:188} INFO - [2025-06-28T04:34:40.938+0000] {dag.py:3036} INFO - Sync 1 DAGs
[2025-06-28T04:34:40.946+0000] {logging_mixin.py:188} INFO - [2025-06-28T04:34:40.945+0000] {dag.py:3823} INFO - Setting next_dagrun for example_complex to None, run_after=None
[2025-06-28T04:34:40.959+0000] {processor.py:183} INFO - Processing /home/airflow/.local/lib/python3.8/site-packages/airflow/example_dags/example_complex.py took 0.049 seconds
[2025-06-28T04:35:11.328+0000] {processor.py:161} INFO - Started process (PID=1488) to work on /home/airflow/.local/lib/python3.8/site-packages/airflow/example_dags/example_complex.py
[2025-06-28T04:35:11.328+0000] {processor.py:830} INFO - Processing file /home/airflow/.local/lib/python3.8/site-packages/airflow/example_dags/example_complex.py for tasks to queue
[2025-06-28T04:35:11.329+0000] {logging_mixin.py:188} INFO - [2025-06-28T04:35:11.329+0000] {dagbag.py:538} INFO - Filling up the DagBag from /home/airflow/.local/lib/python3.8/site-packages/airflow/example_dags/example_complex.py
[2025-06-28T04:35:11.337+0000] {processor.py:840} INFO - DAG(s) 'example_complex' retrieved from /home/airflow/.local/lib/python3.8/site-packages/airflow/example_dags/example_complex.py
[2025-06-28T04:35:11.357+0000] {logging_mixin.py:188} INFO - [2025-06-28T04:35:11.357+0000] {dag.py:3036} INFO - Sync 1 DAGs
[2025-06-28T04:35:11.365+0000] {logging_mixin.py:188} INFO - [2025-06-28T04:35:11.365+0000] {dag.py:3823} INFO - Setting next_dagrun for example_complex to None, run_after=None
[2025-06-28T04:35:11.382+0000] {processor.py:183} INFO - Processing /home/airflow/.local/lib/python3.8/site-packages/airflow/example_dags/example_complex.py took 0.056 seconds
[2025-06-28T04:35:41.980+0000] {processor.py:161} INFO - Started process (PID=1740) to work on /home/airflow/.local/lib/python3.8/site-packages/airflow/example_dags/example_complex.py
[2025-06-28T04:35:41.981+0000] {processor.py:830} INFO - Processing file /home/airflow/.local/lib/python3.8/site-packages/airflow/example_dags/example_complex.py for tasks to queue
[2025-06-28T04:35:41.982+0000] {logging_mixin.py:188} INFO - [2025-06-28T04:35:41.981+0000] {dagbag.py:538} INFO - Filling up the DagBag from /home/airflow/.local/lib/python3.8/site-packages/airflow/example_dags/example_complex.py
[2025-06-28T04:35:41.989+0000] {processor.py:840} INFO - DAG(s) 'example_complex' retrieved from /home/airflow/.local/lib/python3.8/site-packages/airflow/example_dags/example_complex.py
[2025-06-28T04:35:42.007+0000] {logging_mixin.py:188} INFO - [2025-06-28T04:35:42.007+0000] {dag.py:3036} INFO - Sync 1 DAGs
[2025-06-28T04:35:42.014+0000] {logging_mixin.py:188} INFO - [2025-06-28T04:35:42.014+0000] {dag.py:3823} INFO - Setting next_dagrun for example_complex to None, run_after=None
[2025-06-28T04:35:42.027+0000] {processor.py:183} INFO - Processing /home/airflow/.local/lib/python3.8/site-packages/airflow/example_dags/example_complex.py took 0.048 seconds
[2025-06-28T04:36:12.511+0000] {processor.py:161} INFO - Started process (PID=1988) to work on /home/airflow/.local/lib/python3.8/site-packages/airflow/example_dags/example_complex.py
[2025-06-28T04:36:12.511+0000] {processor.py:830} INFO - Processing file /home/airflow/.local/lib/python3.8/site-packages/airflow/example_dags/example_complex.py for tasks to queue
[2025-06-28T04:36:12.512+0000] {logging_mixin.py:188} INFO - [2025-06-28T04:36:12.512+0000] {dagbag.py:538} INFO - Filling up the DagBag from /home/airflow/.local/lib/python3.8/site-packages/airflow/example_dags/example_complex.py
[2025-06-28T04:36:12.517+0000] {processor.py:840} INFO - DAG(s) 'example_complex' retrieved from /home/airflow/.local/lib/python3.8/site-packages/airflow/example_dags/example_complex.py
[2025-06-28T04:36:12.535+0000] {logging_mixin.py:188} INFO - [2025-06-28T04:36:12.534+0000] {dag.py:3036} INFO - Sync 1 DAGs
[2025-06-28T04:36:12.543+0000] {logging_mixin.py:188} INFO - [2025-06-28T04:36:12.542+0000] {dag.py:3823} INFO - Setting next_dagrun for example_complex to None, run_after=None
[2025-06-28T04:36:12.556+0000] {processor.py:183} INFO - Processing /home/airflow/.local/lib/python3.8/site-packages/airflow/example_dags/example_complex.py took 0.047 seconds
[2025-06-28T04:36:42.751+0000] {processor.py:161} INFO - Started process (PID=2238) to work on /home/airflow/.local/lib/python3.8/site-packages/airflow/example_dags/example_complex.py
[2025-06-28T04:36:42.751+0000] {processor.py:830} INFO - Processing file /home/airflow/.local/lib/python3.8/site-packages/airflow/example_dags/example_complex.py for tasks to queue
[2025-06-28T04:36:42.752+0000] {logging_mixin.py:188} INFO - [2025-06-28T04:36:42.752+0000] {dagbag.py:538} INFO - Filling up the DagBag from /home/airflow/.local/lib/python3.8/site-packages/airflow/example_dags/example_complex.py
[2025-06-28T04:36:42.758+0000] {processor.py:840} INFO - DAG(s) 'example_complex' retrieved from /home/airflow/.local/lib/python3.8/site-packages/airflow/example_dags/example_complex.py
[2025-06-28T04:36:42.780+0000] {logging_mixin.py:188} INFO - [2025-06-28T04:36:42.780+0000] {dag.py:3036} INFO - Sync 1 DAGs
[2025-06-28T04:36:42.793+0000] {logging_mixin.py:188} INFO - [2025-06-28T04:36:42.793+0000] {dag.py:3823} INFO - Setting next_dagrun for example_complex to None, run_after=None
[2025-06-28T04:36:42.811+0000] {processor.py:183} INFO - Processing /home/airflow/.local/lib/python3.8/site-packages/airflow/example_dags/example_complex.py took 0.063 seconds
[2025-06-28T04:37:12.861+0000] {processor.py:161} INFO - Started process (PID=2488) to work on /home/airflow/.local/lib/python3.8/site-packages/airflow/example_dags/example_complex.py
[2025-06-28T04:37:12.862+0000] {processor.py:830} INFO - Processing file /home/airflow/.local/lib/python3.8/site-packages/airflow/example_dags/example_complex.py for tasks to queue
[2025-06-28T04:37:12.862+0000] {logging_mixin.py:188} INFO - [2025-06-28T04:37:12.862+0000] {dagbag.py:538} INFO - Filling up the DagBag from /home/airflow/.local/lib/python3.8/site-packages/airflow/example_dags/example_complex.py
[2025-06-28T04:37:12.868+0000] {processor.py:840} INFO - DAG(s) 'example_complex' retrieved from /home/airflow/.local/lib/python3.8/site-packages/airflow/example_dags/example_complex.py
[2025-06-28T04:37:12.886+0000] {logging_mixin.py:188} INFO - [2025-06-28T04:37:12.885+0000] {dag.py:3036} INFO - Sync 1 DAGs
[2025-06-28T04:37:12.892+0000] {logging_mixin.py:188} INFO - [2025-06-28T04:37:12.892+0000] {dag.py:3823} INFO - Setting next_dagrun for example_complex to None, run_after=None
[2025-06-28T04:37:12.904+0000] {processor.py:183} INFO - Processing /home/airflow/.local/lib/python3.8/site-packages/airflow/example_dags/example_complex.py took 0.044 seconds
[2025-06-28T04:37:43.073+0000] {processor.py:161} INFO - Started process (PID=2738) to work on /home/airflow/.local/lib/python3.8/site-packages/airflow/example_dags/example_complex.py
[2025-06-28T04:37:43.074+0000] {processor.py:830} INFO - Processing file /home/airflow/.local/lib/python3.8/site-packages/airflow/example_dags/example_complex.py for tasks to queue
[2025-06-28T04:37:43.075+0000] {logging_mixin.py:188} INFO - [2025-06-28T04:37:43.075+0000] {dagbag.py:538} INFO - Filling up the DagBag from /home/airflow/.local/lib/python3.8/site-packages/airflow/example_dags/example_complex.py
[2025-06-28T04:37:43.081+0000] {processor.py:840} INFO - DAG(s) 'example_complex' retrieved from /home/airflow/.local/lib/python3.8/site-packages/airflow/example_dags/example_complex.py
[2025-06-28T04:37:43.099+0000] {logging_mixin.py:188} INFO - [2025-06-28T04:37:43.099+0000] {dag.py:3036} INFO - Sync 1 DAGs
[2025-06-28T04:37:43.106+0000] {logging_mixin.py:188} INFO - [2025-06-28T04:37:43.106+0000] {dag.py:3823} INFO - Setting next_dagrun for example_complex to None, run_after=None
[2025-06-28T04:37:43.118+0000] {processor.py:183} INFO - Processing /home/airflow/.local/lib/python3.8/site-packages/airflow/example_dags/example_complex.py took 0.047 seconds
[2025-06-28T04:38:13.245+0000] {processor.py:161} INFO - Started process (PID=2988) to work on /home/airflow/.local/lib/python3.8/site-packages/airflow/example_dags/example_complex.py
[2025-06-28T04:38:13.245+0000] {processor.py:830} INFO - Processing file /home/airflow/.local/lib/python3.8/site-packages/airflow/example_dags/example_complex.py for tasks to queue
[2025-06-28T04:38:13.247+0000] {logging_mixin.py:188} INFO - [2025-06-28T04:38:13.247+0000] {dagbag.py:538} INFO - Filling up the DagBag from /home/airflow/.local/lib/python3.8/site-packages/airflow/example_dags/example_complex.py
[2025-06-28T04:38:13.260+0000] {processor.py:840} INFO - DAG(s) 'example_complex' retrieved from /home/airflow/.local/lib/python3.8/site-packages/airflow/example_dags/example_complex.py
[2025-06-28T04:38:13.288+0000] {logging_mixin.py:188} INFO - [2025-06-28T04:38:13.288+0000] {dag.py:3036} INFO - Sync 1 DAGs
[2025-06-28T04:38:13.299+0000] {logging_mixin.py:188} INFO - [2025-06-28T04:38:13.299+0000] {dag.py:3823} INFO - Setting next_dagrun for example_complex to None, run_after=None
[2025-06-28T04:38:13.318+0000] {processor.py:183} INFO - Processing /home/airflow/.local/lib/python3.8/site-packages/airflow/example_dags/example_complex.py took 0.076 seconds
[2025-06-28T04:38:43.585+0000] {processor.py:161} INFO - Started process (PID=3240) to work on /home/airflow/.local/lib/python3.8/site-packages/airflow/example_dags/example_complex.py
[2025-06-28T04:38:43.586+0000] {processor.py:830} INFO - Processing file /home/airflow/.local/lib/python3.8/site-packages/airflow/example_dags/example_complex.py for tasks to queue
[2025-06-28T04:38:43.587+0000] {logging_mixin.py:188} INFO - [2025-06-28T04:38:43.587+0000] {dagbag.py:538} INFO - Filling up the DagBag from /home/airflow/.local/lib/python3.8/site-packages/airflow/example_dags/example_complex.py
[2025-06-28T04:38:43.593+0000] {processor.py:840} INFO - DAG(s) 'example_complex' retrieved from /home/airflow/.local/lib/python3.8/site-packages/airflow/example_dags/example_complex.py
[2025-06-28T04:38:43.610+0000] {logging_mixin.py:188} INFO - [2025-06-28T04:38:43.610+0000] {dag.py:3036} INFO - Sync 1 DAGs
[2025-06-28T04:38:43.617+0000] {logging_mixin.py:188} INFO - [2025-06-28T04:38:43.617+0000] {dag.py:3823} INFO - Setting next_dagrun for example_complex to None, run_after=None
[2025-06-28T04:38:43.628+0000] {processor.py:183} INFO - Processing /home/airflow/.local/lib/python3.8/site-packages/airflow/example_dags/example_complex.py took 0.045 seconds
[2025-06-28T04:39:13.928+0000] {processor.py:161} INFO - Started process (PID=3488) to work on /home/airflow/.local/lib/python3.8/site-packages/airflow/example_dags/example_complex.py
[2025-06-28T04:39:13.929+0000] {processor.py:830} INFO - Processing file /home/airflow/.local/lib/python3.8/site-packages/airflow/example_dags/example_complex.py for tasks to queue
[2025-06-28T04:39:13.930+0000] {logging_mixin.py:188} INFO - [2025-06-28T04:39:13.930+0000] {dagbag.py:538} INFO - Filling up the DagBag from /home/airflow/.local/lib/python3.8/site-packages/airflow/example_dags/example_complex.py
[2025-06-28T04:39:13.936+0000] {processor.py:840} INFO - DAG(s) 'example_complex' retrieved from /home/airflow/.local/lib/python3.8/site-packages/airflow/example_dags/example_complex.py
[2025-06-28T04:39:13.955+0000] {logging_mixin.py:188} INFO - [2025-06-28T04:39:13.955+0000] {dag.py:3036} INFO - Sync 1 DAGs
[2025-06-28T04:39:13.963+0000] {logging_mixin.py:188} INFO - [2025-06-28T04:39:13.963+0000] {dag.py:3823} INFO - Setting next_dagrun for example_complex to None, run_after=None
[2025-06-28T04:39:13.976+0000] {processor.py:183} INFO - Processing /home/airflow/.local/lib/python3.8/site-packages/airflow/example_dags/example_complex.py took 0.052 seconds
[2025-06-28T04:39:44.126+0000] {processor.py:161} INFO - Started process (PID=3740) to work on /home/airflow/.local/lib/python3.8/site-packages/airflow/example_dags/example_complex.py
[2025-06-28T04:39:44.127+0000] {processor.py:830} INFO - Processing file /home/airflow/.local/lib/python3.8/site-packages/airflow/example_dags/example_complex.py for tasks to queue
[2025-06-28T04:39:44.127+0000] {logging_mixin.py:188} INFO - [2025-06-28T04:39:44.127+0000] {dagbag.py:538} INFO - Filling up the DagBag from /home/airflow/.local/lib/python3.8/site-packages/airflow/example_dags/example_complex.py
[2025-06-28T04:39:44.133+0000] {processor.py:840} INFO - DAG(s) 'example_complex' retrieved from /home/airflow/.local/lib/python3.8/site-packages/airflow/example_dags/example_complex.py
[2025-06-28T04:39:44.149+0000] {logging_mixin.py:188} INFO - [2025-06-28T04:39:44.149+0000] {dag.py:3036} INFO - Sync 1 DAGs
[2025-06-28T04:39:44.156+0000] {logging_mixin.py:188} INFO - [2025-06-28T04:39:44.156+0000] {dag.py:3823} INFO - Setting next_dagrun for example_complex to None, run_after=None
[2025-06-28T04:39:44.166+0000] {processor.py:183} INFO - Processing /home/airflow/.local/lib/python3.8/site-packages/airflow/example_dags/example_complex.py took 0.042 seconds
[2025-06-28T04:40:14.318+0000] {processor.py:161} INFO - Started process (PID=3990) to work on /home/airflow/.local/lib/python3.8/site-packages/airflow/example_dags/example_complex.py
[2025-06-28T04:40:14.319+0000] {processor.py:830} INFO - Processing file /home/airflow/.local/lib/python3.8/site-packages/airflow/example_dags/example_complex.py for tasks to queue
[2025-06-28T04:40:14.320+0000] {logging_mixin.py:188} INFO - [2025-06-28T04:40:14.320+0000] {dagbag.py:538} INFO - Filling up the DagBag from /home/airflow/.local/lib/python3.8/site-packages/airflow/example_dags/example_complex.py
[2025-06-28T04:40:14.326+0000] {processor.py:840} INFO - DAG(s) 'example_complex' retrieved from /home/airflow/.local/lib/python3.8/site-packages/airflow/example_dags/example_complex.py
[2025-06-28T04:40:14.341+0000] {logging_mixin.py:188} INFO - [2025-06-28T04:40:14.341+0000] {dag.py:3036} INFO - Sync 1 DAGs
[2025-06-28T04:40:14.347+0000] {logging_mixin.py:188} INFO - [2025-06-28T04:40:14.347+0000] {dag.py:3823} INFO - Setting next_dagrun for example_complex to None, run_after=None
[2025-06-28T04:40:14.361+0000] {processor.py:183} INFO - Processing /home/airflow/.local/lib/python3.8/site-packages/airflow/example_dags/example_complex.py took 0.046 seconds
[2025-06-28T04:40:44.753+0000] {processor.py:161} INFO - Started process (PID=4238) to work on /home/airflow/.local/lib/python3.8/site-packages/airflow/example_dags/example_complex.py
[2025-06-28T04:40:44.753+0000] {processor.py:830} INFO - Processing file /home/airflow/.local/lib/python3.8/site-packages/airflow/example_dags/example_complex.py for tasks to queue
[2025-06-28T04:40:44.755+0000] {logging_mixin.py:188} INFO - [2025-06-28T04:40:44.754+0000] {dagbag.py:538} INFO - Filling up the DagBag from /home/airflow/.local/lib/python3.8/site-packages/airflow/example_dags/example_complex.py
[2025-06-28T04:40:44.760+0000] {processor.py:840} INFO - DAG(s) 'example_complex' retrieved from /home/airflow/.local/lib/python3.8/site-packages/airflow/example_dags/example_complex.py
[2025-06-28T04:40:44.779+0000] {logging_mixin.py:188} INFO - [2025-06-28T04:40:44.779+0000] {dag.py:3036} INFO - Sync 1 DAGs
[2025-06-28T04:40:44.787+0000] {logging_mixin.py:188} INFO - [2025-06-28T04:40:44.787+0000] {dag.py:3823} INFO - Setting next_dagrun for example_complex to None, run_after=None
[2025-06-28T04:40:44.801+0000] {processor.py:183} INFO - Processing /home/airflow/.local/lib/python3.8/site-packages/airflow/example_dags/example_complex.py took 0.050 seconds
[2025-06-28T04:41:15.106+0000] {processor.py:161} INFO - Started process (PID=4488) to work on /home/airflow/.local/lib/python3.8/site-packages/airflow/example_dags/example_complex.py
[2025-06-28T04:41:15.107+0000] {processor.py:830} INFO - Processing file /home/airflow/.local/lib/python3.8/site-packages/airflow/example_dags/example_complex.py for tasks to queue
[2025-06-28T04:41:15.108+0000] {logging_mixin.py:188} INFO - [2025-06-28T04:41:15.108+0000] {dagbag.py:538} INFO - Filling up the DagBag from /home/airflow/.local/lib/python3.8/site-packages/airflow/example_dags/example_complex.py
[2025-06-28T04:41:15.115+0000] {processor.py:840} INFO - DAG(s) 'example_complex' retrieved from /home/airflow/.local/lib/python3.8/site-packages/airflow/example_dags/example_complex.py
[2025-06-28T04:41:15.133+0000] {logging_mixin.py:188} INFO - [2025-06-28T04:41:15.133+0000] {dag.py:3036} INFO - Sync 1 DAGs
[2025-06-28T04:41:15.140+0000] {logging_mixin.py:188} INFO - [2025-06-28T04:41:15.140+0000] {dag.py:3823} INFO - Setting next_dagrun for example_complex to None, run_after=None
[2025-06-28T04:41:15.152+0000] {processor.py:183} INFO - Processing /home/airflow/.local/lib/python3.8/site-packages/airflow/example_dags/example_complex.py took 0.048 seconds
[2025-06-28T04:41:45.496+0000] {processor.py:161} INFO - Started process (PID=4738) to work on /home/airflow/.local/lib/python3.8/site-packages/airflow/example_dags/example_complex.py
[2025-06-28T04:41:45.496+0000] {processor.py:830} INFO - Processing file /home/airflow/.local/lib/python3.8/site-packages/airflow/example_dags/example_complex.py for tasks to queue
[2025-06-28T04:41:45.497+0000] {logging_mixin.py:188} INFO - [2025-06-28T04:41:45.497+0000] {dagbag.py:538} INFO - Filling up the DagBag from /home/airflow/.local/lib/python3.8/site-packages/airflow/example_dags/example_complex.py
[2025-06-28T04:41:45.503+0000] {processor.py:840} INFO - DAG(s) 'example_complex' retrieved from /home/airflow/.local/lib/python3.8/site-packages/airflow/example_dags/example_complex.py
[2025-06-28T04:41:45.527+0000] {logging_mixin.py:188} INFO - [2025-06-28T04:41:45.527+0000] {dag.py:3036} INFO - Sync 1 DAGs
[2025-06-28T04:41:45.535+0000] {logging_mixin.py:188} INFO - [2025-06-28T04:41:45.535+0000] {dag.py:3823} INFO - Setting next_dagrun for example_complex to None, run_after=None
[2025-06-28T04:41:45.550+0000] {processor.py:183} INFO - Processing /home/airflow/.local/lib/python3.8/site-packages/airflow/example_dags/example_complex.py took 0.057 seconds
[2025-06-28T04:42:15.951+0000] {processor.py:161} INFO - Started process (PID=4988) to work on /home/airflow/.local/lib/python3.8/site-packages/airflow/example_dags/example_complex.py
[2025-06-28T04:42:15.951+0000] {processor.py:830} INFO - Processing file /home/airflow/.local/lib/python3.8/site-packages/airflow/example_dags/example_complex.py for tasks to queue
[2025-06-28T04:42:15.952+0000] {logging_mixin.py:188} INFO - [2025-06-28T04:42:15.952+0000] {dagbag.py:538} INFO - Filling up the DagBag from /home/airflow/.local/lib/python3.8/site-packages/airflow/example_dags/example_complex.py
[2025-06-28T04:42:15.958+0000] {processor.py:840} INFO - DAG(s) 'example_complex' retrieved from /home/airflow/.local/lib/python3.8/site-packages/airflow/example_dags/example_complex.py
[2025-06-28T04:42:15.980+0000] {logging_mixin.py:188} INFO - [2025-06-28T04:42:15.980+0000] {dag.py:3036} INFO - Sync 1 DAGs
[2025-06-28T04:42:15.987+0000] {logging_mixin.py:188} INFO - [2025-06-28T04:42:15.987+0000] {dag.py:3823} INFO - Setting next_dagrun for example_complex to None, run_after=None
[2025-06-28T04:42:16.000+0000] {processor.py:183} INFO - Processing /home/airflow/.local/lib/python3.8/site-packages/airflow/example_dags/example_complex.py took 0.050 seconds
[2025-06-28T04:42:46.133+0000] {processor.py:161} INFO - Started process (PID=5238) to work on /home/airflow/.local/lib/python3.8/site-packages/airflow/example_dags/example_complex.py
[2025-06-28T04:42:46.134+0000] {processor.py:830} INFO - Processing file /home/airflow/.local/lib/python3.8/site-packages/airflow/example_dags/example_complex.py for tasks to queue
[2025-06-28T04:42:46.135+0000] {logging_mixin.py:188} INFO - [2025-06-28T04:42:46.135+0000] {dagbag.py:538} INFO - Filling up the DagBag from /home/airflow/.local/lib/python3.8/site-packages/airflow/example_dags/example_complex.py
[2025-06-28T04:42:46.142+0000] {processor.py:840} INFO - DAG(s) 'example_complex' retrieved from /home/airflow/.local/lib/python3.8/site-packages/airflow/example_dags/example_complex.py
[2025-06-28T04:42:46.164+0000] {logging_mixin.py:188} INFO - [2025-06-28T04:42:46.164+0000] {dag.py:3036} INFO - Sync 1 DAGs
[2025-06-28T04:42:46.172+0000] {logging_mixin.py:188} INFO - [2025-06-28T04:42:46.172+0000] {dag.py:3823} INFO - Setting next_dagrun for example_complex to None, run_after=None
[2025-06-28T04:42:46.186+0000] {processor.py:183} INFO - Processing /home/airflow/.local/lib/python3.8/site-packages/airflow/example_dags/example_complex.py took 0.056 seconds
[2025-06-28T04:43:16.534+0000] {processor.py:161} INFO - Started process (PID=5490) to work on /home/airflow/.local/lib/python3.8/site-packages/airflow/example_dags/example_complex.py
[2025-06-28T04:43:16.534+0000] {processor.py:830} INFO - Processing file /home/airflow/.local/lib/python3.8/site-packages/airflow/example_dags/example_complex.py for tasks to queue
[2025-06-28T04:43:16.536+0000] {logging_mixin.py:188} INFO - [2025-06-28T04:43:16.535+0000] {dagbag.py:538} INFO - Filling up the DagBag from /home/airflow/.local/lib/python3.8/site-packages/airflow/example_dags/example_complex.py
[2025-06-28T04:43:16.542+0000] {processor.py:840} INFO - DAG(s) 'example_complex' retrieved from /home/airflow/.local/lib/python3.8/site-packages/airflow/example_dags/example_complex.py
[2025-06-28T04:43:16.561+0000] {logging_mixin.py:188} INFO - [2025-06-28T04:43:16.561+0000] {dag.py:3036} INFO - Sync 1 DAGs
[2025-06-28T04:43:16.569+0000] {logging_mixin.py:188} INFO - [2025-06-28T04:43:16.569+0000] {dag.py:3823} INFO - Setting next_dagrun for example_complex to None, run_after=None
[2025-06-28T04:43:16.586+0000] {processor.py:183} INFO - Processing /home/airflow/.local/lib/python3.8/site-packages/airflow/example_dags/example_complex.py took 0.054 seconds
[2025-06-28T04:43:46.882+0000] {processor.py:161} INFO - Started process (PID=5740) to work on /home/airflow/.local/lib/python3.8/site-packages/airflow/example_dags/example_complex.py
[2025-06-28T04:43:46.884+0000] {processor.py:830} INFO - Processing file /home/airflow/.local/lib/python3.8/site-packages/airflow/example_dags/example_complex.py for tasks to queue
[2025-06-28T04:43:46.885+0000] {logging_mixin.py:188} INFO - [2025-06-28T04:43:46.885+0000] {dagbag.py:538} INFO - Filling up the DagBag from /home/airflow/.local/lib/python3.8/site-packages/airflow/example_dags/example_complex.py
[2025-06-28T04:43:46.895+0000] {processor.py:840} INFO - DAG(s) 'example_complex' retrieved from /home/airflow/.local/lib/python3.8/site-packages/airflow/example_dags/example_complex.py
[2025-06-28T04:43:46.913+0000] {logging_mixin.py:188} INFO - [2025-06-28T04:43:46.913+0000] {dag.py:3036} INFO - Sync 1 DAGs
[2025-06-28T04:43:46.920+0000] {logging_mixin.py:188} INFO - [2025-06-28T04:43:46.920+0000] {dag.py:3823} INFO - Setting next_dagrun for example_complex to None, run_after=None
[2025-06-28T04:43:46.937+0000] {processor.py:183} INFO - Processing /home/airflow/.local/lib/python3.8/site-packages/airflow/example_dags/example_complex.py took 0.058 seconds
[2025-06-28T04:44:17.258+0000] {processor.py:161} INFO - Started process (PID=5990) to work on /home/airflow/.local/lib/python3.8/site-packages/airflow/example_dags/example_complex.py
[2025-06-28T04:44:17.259+0000] {processor.py:830} INFO - Processing file /home/airflow/.local/lib/python3.8/site-packages/airflow/example_dags/example_complex.py for tasks to queue
[2025-06-28T04:44:17.261+0000] {logging_mixin.py:188} INFO - [2025-06-28T04:44:17.260+0000] {dagbag.py:538} INFO - Filling up the DagBag from /home/airflow/.local/lib/python3.8/site-packages/airflow/example_dags/example_complex.py
[2025-06-28T04:44:17.271+0000] {processor.py:840} INFO - DAG(s) 'example_complex' retrieved from /home/airflow/.local/lib/python3.8/site-packages/airflow/example_dags/example_complex.py
[2025-06-28T04:44:17.297+0000] {logging_mixin.py:188} INFO - [2025-06-28T04:44:17.297+0000] {dag.py:3036} INFO - Sync 1 DAGs
[2025-06-28T04:44:17.303+0000] {logging_mixin.py:188} INFO - [2025-06-28T04:44:17.303+0000] {dag.py:3823} INFO - Setting next_dagrun for example_complex to None, run_after=None
[2025-06-28T04:44:17.317+0000] {processor.py:183} INFO - Processing /home/airflow/.local/lib/python3.8/site-packages/airflow/example_dags/example_complex.py took 0.063 seconds
[2025-06-28T04:44:47.544+0000] {processor.py:161} INFO - Started process (PID=6238) to work on /home/airflow/.local/lib/python3.8/site-packages/airflow/example_dags/example_complex.py
[2025-06-28T04:44:47.545+0000] {processor.py:830} INFO - Processing file /home/airflow/.local/lib/python3.8/site-packages/airflow/example_dags/example_complex.py for tasks to queue
[2025-06-28T04:44:47.546+0000] {logging_mixin.py:188} INFO - [2025-06-28T04:44:47.546+0000] {dagbag.py:538} INFO - Filling up the DagBag from /home/airflow/.local/lib/python3.8/site-packages/airflow/example_dags/example_complex.py
[2025-06-28T04:44:47.552+0000] {processor.py:840} INFO - DAG(s) 'example_complex' retrieved from /home/airflow/.local/lib/python3.8/site-packages/airflow/example_dags/example_complex.py
[2025-06-28T04:44:47.570+0000] {logging_mixin.py:188} INFO - [2025-06-28T04:44:47.570+0000] {dag.py:3036} INFO - Sync 1 DAGs
[2025-06-28T04:44:47.577+0000] {logging_mixin.py:188} INFO - [2025-06-28T04:44:47.577+0000] {dag.py:3823} INFO - Setting next_dagrun for example_complex to None, run_after=None
[2025-06-28T04:44:47.590+0000] {processor.py:183} INFO - Processing /home/airflow/.local/lib/python3.8/site-packages/airflow/example_dags/example_complex.py took 0.048 seconds
[2025-06-28T04:45:17.718+0000] {processor.py:161} INFO - Started process (PID=6488) to work on /home/airflow/.local/lib/python3.8/site-packages/airflow/example_dags/example_complex.py
[2025-06-28T04:45:17.718+0000] {processor.py:830} INFO - Processing file /home/airflow/.local/lib/python3.8/site-packages/airflow/example_dags/example_complex.py for tasks to queue
[2025-06-28T04:45:17.719+0000] {logging_mixin.py:188} INFO - [2025-06-28T04:45:17.719+0000] {dagbag.py:538} INFO - Filling up the DagBag from /home/airflow/.local/lib/python3.8/site-packages/airflow/example_dags/example_complex.py
[2025-06-28T04:45:17.725+0000] {processor.py:840} INFO - DAG(s) 'example_complex' retrieved from /home/airflow/.local/lib/python3.8/site-packages/airflow/example_dags/example_complex.py
[2025-06-28T04:45:17.744+0000] {logging_mixin.py:188} INFO - [2025-06-28T04:45:17.744+0000] {dag.py:3036} INFO - Sync 1 DAGs
[2025-06-28T04:45:17.751+0000] {logging_mixin.py:188} INFO - [2025-06-28T04:45:17.751+0000] {dag.py:3823} INFO - Setting next_dagrun for example_complex to None, run_after=None
[2025-06-28T04:45:17.765+0000] {processor.py:183} INFO - Processing /home/airflow/.local/lib/python3.8/site-packages/airflow/example_dags/example_complex.py took 0.049 seconds
[2025-06-28T04:45:48.177+0000] {processor.py:161} INFO - Started process (PID=6740) to work on /home/airflow/.local/lib/python3.8/site-packages/airflow/example_dags/example_complex.py
[2025-06-28T04:45:48.177+0000] {processor.py:830} INFO - Processing file /home/airflow/.local/lib/python3.8/site-packages/airflow/example_dags/example_complex.py for tasks to queue
[2025-06-28T04:45:48.179+0000] {logging_mixin.py:188} INFO - [2025-06-28T04:45:48.178+0000] {dagbag.py:538} INFO - Filling up the DagBag from /home/airflow/.local/lib/python3.8/site-packages/airflow/example_dags/example_complex.py
[2025-06-28T04:45:48.185+0000] {processor.py:840} INFO - DAG(s) 'example_complex' retrieved from /home/airflow/.local/lib/python3.8/site-packages/airflow/example_dags/example_complex.py
[2025-06-28T04:45:48.204+0000] {logging_mixin.py:188} INFO - [2025-06-28T04:45:48.203+0000] {dag.py:3036} INFO - Sync 1 DAGs
[2025-06-28T04:45:48.211+0000] {logging_mixin.py:188} INFO - [2025-06-28T04:45:48.211+0000] {dag.py:3823} INFO - Setting next_dagrun for example_complex to None, run_after=None
[2025-06-28T04:45:48.224+0000] {processor.py:183} INFO - Processing /home/airflow/.local/lib/python3.8/site-packages/airflow/example_dags/example_complex.py took 0.049 seconds
[2025-06-28T04:46:18.476+0000] {processor.py:161} INFO - Started process (PID=6990) to work on /home/airflow/.local/lib/python3.8/site-packages/airflow/example_dags/example_complex.py
[2025-06-28T04:46:18.477+0000] {processor.py:830} INFO - Processing file /home/airflow/.local/lib/python3.8/site-packages/airflow/example_dags/example_complex.py for tasks to queue
[2025-06-28T04:46:18.478+0000] {logging_mixin.py:188} INFO - [2025-06-28T04:46:18.478+0000] {dagbag.py:538} INFO - Filling up the DagBag from /home/airflow/.local/lib/python3.8/site-packages/airflow/example_dags/example_complex.py
[2025-06-28T04:46:18.484+0000] {processor.py:840} INFO - DAG(s) 'example_complex' retrieved from /home/airflow/.local/lib/python3.8/site-packages/airflow/example_dags/example_complex.py
[2025-06-28T04:46:18.501+0000] {logging_mixin.py:188} INFO - [2025-06-28T04:46:18.501+0000] {dag.py:3036} INFO - Sync 1 DAGs
[2025-06-28T04:46:18.509+0000] {logging_mixin.py:188} INFO - [2025-06-28T04:46:18.508+0000] {dag.py:3823} INFO - Setting next_dagrun for example_complex to None, run_after=None
[2025-06-28T04:46:18.519+0000] {processor.py:183} INFO - Processing /home/airflow/.local/lib/python3.8/site-packages/airflow/example_dags/example_complex.py took 0.045 seconds
[2025-06-28T04:46:49.152+0000] {processor.py:161} INFO - Started process (PID=7238) to work on /home/airflow/.local/lib/python3.8/site-packages/airflow/example_dags/example_complex.py
[2025-06-28T04:46:49.153+0000] {processor.py:830} INFO - Processing file /home/airflow/.local/lib/python3.8/site-packages/airflow/example_dags/example_complex.py for tasks to queue
[2025-06-28T04:46:49.154+0000] {logging_mixin.py:188} INFO - [2025-06-28T04:46:49.154+0000] {dagbag.py:538} INFO - Filling up the DagBag from /home/airflow/.local/lib/python3.8/site-packages/airflow/example_dags/example_complex.py
[2025-06-28T04:46:49.162+0000] {processor.py:840} INFO - DAG(s) 'example_complex' retrieved from /home/airflow/.local/lib/python3.8/site-packages/airflow/example_dags/example_complex.py
[2025-06-28T04:46:49.181+0000] {logging_mixin.py:188} INFO - [2025-06-28T04:46:49.181+0000] {dag.py:3036} INFO - Sync 1 DAGs
[2025-06-28T04:46:49.189+0000] {logging_mixin.py:188} INFO - [2025-06-28T04:46:49.188+0000] {dag.py:3823} INFO - Setting next_dagrun for example_complex to None, run_after=None
[2025-06-28T04:46:49.205+0000] {processor.py:183} INFO - Processing /home/airflow/.local/lib/python3.8/site-packages/airflow/example_dags/example_complex.py took 0.055 seconds
[2025-06-28T04:47:19.500+0000] {processor.py:161} INFO - Started process (PID=7488) to work on /home/airflow/.local/lib/python3.8/site-packages/airflow/example_dags/example_complex.py
[2025-06-28T04:47:19.500+0000] {processor.py:830} INFO - Processing file /home/airflow/.local/lib/python3.8/site-packages/airflow/example_dags/example_complex.py for tasks to queue
[2025-06-28T04:47:19.501+0000] {logging_mixin.py:188} INFO - [2025-06-28T04:47:19.501+0000] {dagbag.py:538} INFO - Filling up the DagBag from /home/airflow/.local/lib/python3.8/site-packages/airflow/example_dags/example_complex.py
[2025-06-28T04:47:19.510+0000] {processor.py:840} INFO - DAG(s) 'example_complex' retrieved from /home/airflow/.local/lib/python3.8/site-packages/airflow/example_dags/example_complex.py
[2025-06-28T04:47:19.526+0000] {logging_mixin.py:188} INFO - [2025-06-28T04:47:19.525+0000] {dag.py:3036} INFO - Sync 1 DAGs
[2025-06-28T04:47:19.533+0000] {logging_mixin.py:188} INFO - [2025-06-28T04:47:19.533+0000] {dag.py:3823} INFO - Setting next_dagrun for example_complex to None, run_after=None
[2025-06-28T04:47:19.548+0000] {processor.py:183} INFO - Processing /home/airflow/.local/lib/python3.8/site-packages/airflow/example_dags/example_complex.py took 0.050 seconds
[2025-06-28T04:47:49.714+0000] {processor.py:161} INFO - Started process (PID=7738) to work on /home/airflow/.local/lib/python3.8/site-packages/airflow/example_dags/example_complex.py
[2025-06-28T04:47:49.715+0000] {processor.py:830} INFO - Processing file /home/airflow/.local/lib/python3.8/site-packages/airflow/example_dags/example_complex.py for tasks to queue
[2025-06-28T04:47:49.716+0000] {logging_mixin.py:188} INFO - [2025-06-28T04:47:49.716+0000] {dagbag.py:538} INFO - Filling up the DagBag from /home/airflow/.local/lib/python3.8/site-packages/airflow/example_dags/example_complex.py
[2025-06-28T04:47:49.726+0000] {processor.py:840} INFO - DAG(s) 'example_complex' retrieved from /home/airflow/.local/lib/python3.8/site-packages/airflow/example_dags/example_complex.py
[2025-06-28T04:47:49.744+0000] {logging_mixin.py:188} INFO - [2025-06-28T04:47:49.744+0000] {dag.py:3036} INFO - Sync 1 DAGs
[2025-06-28T04:47:49.750+0000] {logging_mixin.py:188} INFO - [2025-06-28T04:47:49.750+0000] {dag.py:3823} INFO - Setting next_dagrun for example_complex to None, run_after=None
[2025-06-28T04:47:49.763+0000] {processor.py:183} INFO - Processing /home/airflow/.local/lib/python3.8/site-packages/airflow/example_dags/example_complex.py took 0.051 seconds
[2025-06-28T04:48:20.863+0000] {processor.py:161} INFO - Started process (PID=7988) to work on /home/airflow/.local/lib/python3.8/site-packages/airflow/example_dags/example_complex.py
[2025-06-28T04:48:20.863+0000] {processor.py:830} INFO - Processing file /home/airflow/.local/lib/python3.8/site-packages/airflow/example_dags/example_complex.py for tasks to queue
[2025-06-28T04:48:20.864+0000] {logging_mixin.py:188} INFO - [2025-06-28T04:48:20.864+0000] {dagbag.py:538} INFO - Filling up the DagBag from /home/airflow/.local/lib/python3.8/site-packages/airflow/example_dags/example_complex.py
[2025-06-28T04:48:20.870+0000] {processor.py:840} INFO - DAG(s) 'example_complex' retrieved from /home/airflow/.local/lib/python3.8/site-packages/airflow/example_dags/example_complex.py
[2025-06-28T04:48:20.893+0000] {logging_mixin.py:188} INFO - [2025-06-28T04:48:20.893+0000] {dag.py:3036} INFO - Sync 1 DAGs
[2025-06-28T04:48:20.901+0000] {logging_mixin.py:188} INFO - [2025-06-28T04:48:20.901+0000] {dag.py:3823} INFO - Setting next_dagrun for example_complex to None, run_after=None
[2025-06-28T04:48:20.917+0000] {processor.py:183} INFO - Processing /home/airflow/.local/lib/python3.8/site-packages/airflow/example_dags/example_complex.py took 0.057 seconds
