[2025-06-28T04:32:40.149+0000] {processor.py:161} INFO - Started process (PID=380) to work on /home/airflow/.local/lib/python3.8/site-packages/airflow/example_dags/example_datasets.py
[2025-06-28T04:32:40.150+0000] {processor.py:830} INFO - Processing file /home/airflow/.local/lib/python3.8/site-packages/airflow/example_dags/example_datasets.py for tasks to queue
[2025-06-28T04:32:40.152+0000] {logging_mixin.py:188} INFO - [2025-06-28T04:32:40.152+0000] {dagbag.py:538} INFO - Filling up the DagBag from /home/airflow/.local/lib/python3.8/site-packages/airflow/example_dags/example_datasets.py
[2025-06-28T04:32:40.164+0000] {processor.py:840} INFO - DAG(s) 'dataset_consumes_1_never_scheduled', 'dataset_produces_2', 'dataset_consumes_1', 'dataset_produces_1', 'dataset_consumes_unknown_never_scheduled', 'dataset_consumes_1_and_2' retrieved from /home/airflow/.local/lib/python3.8/site-packages/airflow/example_dags/example_datasets.py
[2025-06-28T04:32:40.178+0000] {logging_mixin.py:188} INFO - [2025-06-28T04:32:40.178+0000] {dag.py:3036} INFO - Sync 6 DAGs
[2025-06-28T04:32:40.199+0000] {logging_mixin.py:188} INFO - [2025-06-28T04:32:40.199+0000] {dag.py:3823} INFO - Setting next_dagrun for dataset_consumes_1 to None, run_after=None
[2025-06-28T04:32:40.203+0000] {logging_mixin.py:188} INFO - [2025-06-28T04:32:40.202+0000] {dag.py:3823} INFO - Setting next_dagrun for dataset_consumes_1_and_2 to None, run_after=None
[2025-06-28T04:32:40.204+0000] {logging_mixin.py:188} INFO - [2025-06-28T04:32:40.204+0000] {dag.py:3823} INFO - Setting next_dagrun for dataset_consumes_1_never_scheduled to None, run_after=None
[2025-06-28T04:32:40.205+0000] {logging_mixin.py:188} INFO - [2025-06-28T04:32:40.205+0000] {dag.py:3823} INFO - Setting next_dagrun for dataset_consumes_unknown_never_scheduled to None, run_after=None
[2025-06-28T04:32:40.207+0000] {logging_mixin.py:188} INFO - [2025-06-28T04:32:40.206+0000] {dag.py:3823} INFO - Setting next_dagrun for dataset_produces_1 to 2025-06-27 00:00:00+00:00, run_after=2025-06-28 00:00:00+00:00
[2025-06-28T04:32:40.208+0000] {logging_mixin.py:188} INFO - [2025-06-28T04:32:40.208+0000] {dag.py:3823} INFO - Setting next_dagrun for dataset_produces_2 to None, run_after=None
[2025-06-28T04:32:40.235+0000] {processor.py:183} INFO - Processing /home/airflow/.local/lib/python3.8/site-packages/airflow/example_dags/example_datasets.py took 0.090 seconds
[2025-06-28T04:33:11.738+0000] {processor.py:161} INFO - Started process (PID=628) to work on /home/airflow/.local/lib/python3.8/site-packages/airflow/example_dags/example_datasets.py
[2025-06-28T04:33:11.738+0000] {processor.py:830} INFO - Processing file /home/airflow/.local/lib/python3.8/site-packages/airflow/example_dags/example_datasets.py for tasks to queue
[2025-06-28T04:33:11.740+0000] {logging_mixin.py:188} INFO - [2025-06-28T04:33:11.739+0000] {dagbag.py:538} INFO - Filling up the DagBag from /home/airflow/.local/lib/python3.8/site-packages/airflow/example_dags/example_datasets.py
[2025-06-28T04:33:11.746+0000] {processor.py:840} INFO - DAG(s) 'dataset_consumes_1', 'dataset_produces_1', 'dataset_consumes_1_never_scheduled', 'dataset_consumes_unknown_never_scheduled', 'dataset_produces_2', 'dataset_consumes_1_and_2' retrieved from /home/airflow/.local/lib/python3.8/site-packages/airflow/example_dags/example_datasets.py
[2025-06-28T04:33:11.882+0000] {logging_mixin.py:188} INFO - [2025-06-28T04:33:11.881+0000] {dag.py:3036} INFO - Sync 6 DAGs
[2025-06-28T04:33:11.895+0000] {logging_mixin.py:188} INFO - [2025-06-28T04:33:11.894+0000] {dag.py:3823} INFO - Setting next_dagrun for dataset_consumes_1 to None, run_after=None
[2025-06-28T04:33:11.897+0000] {logging_mixin.py:188} INFO - [2025-06-28T04:33:11.896+0000] {dag.py:3823} INFO - Setting next_dagrun for dataset_consumes_1_and_2 to None, run_after=None
[2025-06-28T04:33:11.897+0000] {logging_mixin.py:188} INFO - [2025-06-28T04:33:11.897+0000] {dag.py:3823} INFO - Setting next_dagrun for dataset_consumes_1_never_scheduled to None, run_after=None
[2025-06-28T04:33:11.898+0000] {logging_mixin.py:188} INFO - [2025-06-28T04:33:11.898+0000] {dag.py:3823} INFO - Setting next_dagrun for dataset_consumes_unknown_never_scheduled to None, run_after=None
[2025-06-28T04:33:11.899+0000] {logging_mixin.py:188} INFO - [2025-06-28T04:33:11.899+0000] {dag.py:3823} INFO - Setting next_dagrun for dataset_produces_1 to 2025-06-27 00:00:00+00:00, run_after=2025-06-28 00:00:00+00:00
[2025-06-28T04:33:11.900+0000] {logging_mixin.py:188} INFO - [2025-06-28T04:33:11.900+0000] {dag.py:3823} INFO - Setting next_dagrun for dataset_produces_2 to None, run_after=None
[2025-06-28T04:33:11.929+0000] {processor.py:183} INFO - Processing /home/airflow/.local/lib/python3.8/site-packages/airflow/example_dags/example_datasets.py took 0.194 seconds
[2025-06-28T04:33:42.563+0000] {processor.py:161} INFO - Started process (PID=878) to work on /home/airflow/.local/lib/python3.8/site-packages/airflow/example_dags/example_datasets.py
[2025-06-28T04:33:42.563+0000] {processor.py:830} INFO - Processing file /home/airflow/.local/lib/python3.8/site-packages/airflow/example_dags/example_datasets.py for tasks to queue
[2025-06-28T04:33:42.564+0000] {logging_mixin.py:188} INFO - [2025-06-28T04:33:42.564+0000] {dagbag.py:538} INFO - Filling up the DagBag from /home/airflow/.local/lib/python3.8/site-packages/airflow/example_dags/example_datasets.py
[2025-06-28T04:33:42.570+0000] {processor.py:840} INFO - DAG(s) 'dataset_consumes_1_never_scheduled', 'dataset_consumes_1_and_2', 'dataset_consumes_1', 'dataset_produces_2', 'dataset_produces_1', 'dataset_consumes_unknown_never_scheduled' retrieved from /home/airflow/.local/lib/python3.8/site-packages/airflow/example_dags/example_datasets.py
[2025-06-28T04:33:42.593+0000] {logging_mixin.py:188} INFO - [2025-06-28T04:33:42.593+0000] {dag.py:3036} INFO - Sync 6 DAGs
[2025-06-28T04:33:42.608+0000] {logging_mixin.py:188} INFO - [2025-06-28T04:33:42.608+0000] {dag.py:3823} INFO - Setting next_dagrun for dataset_consumes_1 to None, run_after=None
[2025-06-28T04:33:42.611+0000] {logging_mixin.py:188} INFO - [2025-06-28T04:33:42.610+0000] {dag.py:3823} INFO - Setting next_dagrun for dataset_consumes_1_and_2 to None, run_after=None
[2025-06-28T04:33:42.612+0000] {logging_mixin.py:188} INFO - [2025-06-28T04:33:42.611+0000] {dag.py:3823} INFO - Setting next_dagrun for dataset_consumes_1_never_scheduled to None, run_after=None
[2025-06-28T04:33:42.613+0000] {logging_mixin.py:188} INFO - [2025-06-28T04:33:42.612+0000] {dag.py:3823} INFO - Setting next_dagrun for dataset_consumes_unknown_never_scheduled to None, run_after=None
[2025-06-28T04:33:42.614+0000] {logging_mixin.py:188} INFO - [2025-06-28T04:33:42.614+0000] {dag.py:3823} INFO - Setting next_dagrun for dataset_produces_1 to 2025-06-27 00:00:00+00:00, run_after=2025-06-28 00:00:00+00:00
[2025-06-28T04:33:42.615+0000] {logging_mixin.py:188} INFO - [2025-06-28T04:33:42.615+0000] {dag.py:3823} INFO - Setting next_dagrun for dataset_produces_2 to None, run_after=None
[2025-06-28T04:33:42.636+0000] {processor.py:183} INFO - Processing /home/airflow/.local/lib/python3.8/site-packages/airflow/example_dags/example_datasets.py took 0.076 seconds
[2025-06-28T04:34:12.873+0000] {processor.py:161} INFO - Started process (PID=1130) to work on /home/airflow/.local/lib/python3.8/site-packages/airflow/example_dags/example_datasets.py
[2025-06-28T04:34:12.873+0000] {processor.py:830} INFO - Processing file /home/airflow/.local/lib/python3.8/site-packages/airflow/example_dags/example_datasets.py for tasks to queue
[2025-06-28T04:34:12.874+0000] {logging_mixin.py:188} INFO - [2025-06-28T04:34:12.874+0000] {dagbag.py:538} INFO - Filling up the DagBag from /home/airflow/.local/lib/python3.8/site-packages/airflow/example_dags/example_datasets.py
[2025-06-28T04:34:12.879+0000] {processor.py:840} INFO - DAG(s) 'dataset_consumes_unknown_never_scheduled', 'dataset_produces_2', 'dataset_produces_1', 'dataset_consumes_1_never_scheduled', 'dataset_consumes_1_and_2', 'dataset_consumes_1' retrieved from /home/airflow/.local/lib/python3.8/site-packages/airflow/example_dags/example_datasets.py
[2025-06-28T04:34:12.900+0000] {logging_mixin.py:188} INFO - [2025-06-28T04:34:12.899+0000] {dag.py:3036} INFO - Sync 6 DAGs
[2025-06-28T04:34:12.913+0000] {logging_mixin.py:188} INFO - [2025-06-28T04:34:12.913+0000] {dag.py:3823} INFO - Setting next_dagrun for dataset_consumes_1 to None, run_after=None
[2025-06-28T04:34:12.915+0000] {logging_mixin.py:188} INFO - [2025-06-28T04:34:12.915+0000] {dag.py:3823} INFO - Setting next_dagrun for dataset_consumes_1_and_2 to None, run_after=None
[2025-06-28T04:34:12.916+0000] {logging_mixin.py:188} INFO - [2025-06-28T04:34:12.916+0000] {dag.py:3823} INFO - Setting next_dagrun for dataset_consumes_1_never_scheduled to None, run_after=None
[2025-06-28T04:34:12.917+0000] {logging_mixin.py:188} INFO - [2025-06-28T04:34:12.917+0000] {dag.py:3823} INFO - Setting next_dagrun for dataset_consumes_unknown_never_scheduled to None, run_after=None
[2025-06-28T04:34:12.918+0000] {logging_mixin.py:188} INFO - [2025-06-28T04:34:12.918+0000] {dag.py:3823} INFO - Setting next_dagrun for dataset_produces_1 to 2025-06-27 00:00:00+00:00, run_after=2025-06-28 00:00:00+00:00
[2025-06-28T04:34:12.919+0000] {logging_mixin.py:188} INFO - [2025-06-28T04:34:12.919+0000] {dag.py:3823} INFO - Setting next_dagrun for dataset_produces_2 to None, run_after=None
[2025-06-28T04:34:12.938+0000] {processor.py:183} INFO - Processing /home/airflow/.local/lib/python3.8/site-packages/airflow/example_dags/example_datasets.py took 0.068 seconds
[2025-06-28T04:34:43.285+0000] {processor.py:161} INFO - Started process (PID=1378) to work on /home/airflow/.local/lib/python3.8/site-packages/airflow/example_dags/example_datasets.py
[2025-06-28T04:34:43.285+0000] {processor.py:830} INFO - Processing file /home/airflow/.local/lib/python3.8/site-packages/airflow/example_dags/example_datasets.py for tasks to queue
[2025-06-28T04:34:43.286+0000] {logging_mixin.py:188} INFO - [2025-06-28T04:34:43.286+0000] {dagbag.py:538} INFO - Filling up the DagBag from /home/airflow/.local/lib/python3.8/site-packages/airflow/example_dags/example_datasets.py
[2025-06-28T04:34:43.292+0000] {processor.py:840} INFO - DAG(s) 'dataset_consumes_1_never_scheduled', 'dataset_produces_2', 'dataset_consumes_unknown_never_scheduled', 'dataset_consumes_1_and_2', 'dataset_produces_1', 'dataset_consumes_1' retrieved from /home/airflow/.local/lib/python3.8/site-packages/airflow/example_dags/example_datasets.py
[2025-06-28T04:34:43.318+0000] {logging_mixin.py:188} INFO - [2025-06-28T04:34:43.318+0000] {dag.py:3036} INFO - Sync 6 DAGs
[2025-06-28T04:34:43.332+0000] {logging_mixin.py:188} INFO - [2025-06-28T04:34:43.332+0000] {dag.py:3823} INFO - Setting next_dagrun for dataset_consumes_1 to None, run_after=None
[2025-06-28T04:34:43.335+0000] {logging_mixin.py:188} INFO - [2025-06-28T04:34:43.335+0000] {dag.py:3823} INFO - Setting next_dagrun for dataset_consumes_1_and_2 to None, run_after=None
[2025-06-28T04:34:43.336+0000] {logging_mixin.py:188} INFO - [2025-06-28T04:34:43.336+0000] {dag.py:3823} INFO - Setting next_dagrun for dataset_consumes_1_never_scheduled to None, run_after=None
[2025-06-28T04:34:43.337+0000] {logging_mixin.py:188} INFO - [2025-06-28T04:34:43.336+0000] {dag.py:3823} INFO - Setting next_dagrun for dataset_consumes_unknown_never_scheduled to None, run_after=None
[2025-06-28T04:34:43.338+0000] {logging_mixin.py:188} INFO - [2025-06-28T04:34:43.338+0000] {dag.py:3823} INFO - Setting next_dagrun for dataset_produces_1 to 2025-06-27 00:00:00+00:00, run_after=2025-06-28 00:00:00+00:00
[2025-06-28T04:34:43.339+0000] {logging_mixin.py:188} INFO - [2025-06-28T04:34:43.339+0000] {dag.py:3823} INFO - Setting next_dagrun for dataset_produces_2 to None, run_after=None
[2025-06-28T04:34:43.367+0000] {processor.py:183} INFO - Processing /home/airflow/.local/lib/python3.8/site-packages/airflow/example_dags/example_datasets.py took 0.085 seconds
[2025-06-28T04:35:13.752+0000] {processor.py:161} INFO - Started process (PID=1628) to work on /home/airflow/.local/lib/python3.8/site-packages/airflow/example_dags/example_datasets.py
[2025-06-28T04:35:13.753+0000] {processor.py:830} INFO - Processing file /home/airflow/.local/lib/python3.8/site-packages/airflow/example_dags/example_datasets.py for tasks to queue
[2025-06-28T04:35:13.755+0000] {logging_mixin.py:188} INFO - [2025-06-28T04:35:13.754+0000] {dagbag.py:538} INFO - Filling up the DagBag from /home/airflow/.local/lib/python3.8/site-packages/airflow/example_dags/example_datasets.py
[2025-06-28T04:35:13.763+0000] {processor.py:840} INFO - DAG(s) 'dataset_produces_2', 'dataset_consumes_1_never_scheduled', 'dataset_consumes_1_and_2', 'dataset_produces_1', 'dataset_consumes_1', 'dataset_consumes_unknown_never_scheduled' retrieved from /home/airflow/.local/lib/python3.8/site-packages/airflow/example_dags/example_datasets.py
[2025-06-28T04:35:13.790+0000] {logging_mixin.py:188} INFO - [2025-06-28T04:35:13.790+0000] {dag.py:3036} INFO - Sync 6 DAGs
[2025-06-28T04:35:13.804+0000] {logging_mixin.py:188} INFO - [2025-06-28T04:35:13.804+0000] {dag.py:3823} INFO - Setting next_dagrun for dataset_consumes_1 to None, run_after=None
[2025-06-28T04:35:13.806+0000] {logging_mixin.py:188} INFO - [2025-06-28T04:35:13.806+0000] {dag.py:3823} INFO - Setting next_dagrun for dataset_consumes_1_and_2 to None, run_after=None
[2025-06-28T04:35:13.807+0000] {logging_mixin.py:188} INFO - [2025-06-28T04:35:13.807+0000] {dag.py:3823} INFO - Setting next_dagrun for dataset_consumes_1_never_scheduled to None, run_after=None
[2025-06-28T04:35:13.809+0000] {logging_mixin.py:188} INFO - [2025-06-28T04:35:13.809+0000] {dag.py:3823} INFO - Setting next_dagrun for dataset_consumes_unknown_never_scheduled to None, run_after=None
[2025-06-28T04:35:13.811+0000] {logging_mixin.py:188} INFO - [2025-06-28T04:35:13.811+0000] {dag.py:3823} INFO - Setting next_dagrun for dataset_produces_1 to 2025-06-27 00:00:00+00:00, run_after=2025-06-28 00:00:00+00:00
[2025-06-28T04:35:13.813+0000] {logging_mixin.py:188} INFO - [2025-06-28T04:35:13.813+0000] {dag.py:3823} INFO - Setting next_dagrun for dataset_produces_2 to None, run_after=None
[2025-06-28T04:35:13.843+0000] {processor.py:183} INFO - Processing /home/airflow/.local/lib/python3.8/site-packages/airflow/example_dags/example_datasets.py took 0.094 seconds
[2025-06-28T04:35:44.335+0000] {processor.py:161} INFO - Started process (PID=1880) to work on /home/airflow/.local/lib/python3.8/site-packages/airflow/example_dags/example_datasets.py
[2025-06-28T04:35:44.336+0000] {processor.py:830} INFO - Processing file /home/airflow/.local/lib/python3.8/site-packages/airflow/example_dags/example_datasets.py for tasks to queue
[2025-06-28T04:35:44.338+0000] {logging_mixin.py:188} INFO - [2025-06-28T04:35:44.338+0000] {dagbag.py:538} INFO - Filling up the DagBag from /home/airflow/.local/lib/python3.8/site-packages/airflow/example_dags/example_datasets.py
[2025-06-28T04:35:44.346+0000] {processor.py:840} INFO - DAG(s) 'dataset_consumes_1', 'dataset_consumes_1_never_scheduled', 'dataset_consumes_1_and_2', 'dataset_produces_2', 'dataset_consumes_unknown_never_scheduled', 'dataset_produces_1' retrieved from /home/airflow/.local/lib/python3.8/site-packages/airflow/example_dags/example_datasets.py
[2025-06-28T04:35:44.367+0000] {logging_mixin.py:188} INFO - [2025-06-28T04:35:44.366+0000] {dag.py:3036} INFO - Sync 6 DAGs
[2025-06-28T04:35:44.379+0000] {logging_mixin.py:188} INFO - [2025-06-28T04:35:44.379+0000] {dag.py:3823} INFO - Setting next_dagrun for dataset_consumes_1 to None, run_after=None
[2025-06-28T04:35:44.381+0000] {logging_mixin.py:188} INFO - [2025-06-28T04:35:44.380+0000] {dag.py:3823} INFO - Setting next_dagrun for dataset_consumes_1_and_2 to None, run_after=None
[2025-06-28T04:35:44.381+0000] {logging_mixin.py:188} INFO - [2025-06-28T04:35:44.381+0000] {dag.py:3823} INFO - Setting next_dagrun for dataset_consumes_1_never_scheduled to None, run_after=None
[2025-06-28T04:35:44.382+0000] {logging_mixin.py:188} INFO - [2025-06-28T04:35:44.382+0000] {dag.py:3823} INFO - Setting next_dagrun for dataset_consumes_unknown_never_scheduled to None, run_after=None
[2025-06-28T04:35:44.383+0000] {logging_mixin.py:188} INFO - [2025-06-28T04:35:44.383+0000] {dag.py:3823} INFO - Setting next_dagrun for dataset_produces_1 to 2025-06-27 00:00:00+00:00, run_after=2025-06-28 00:00:00+00:00
[2025-06-28T04:35:44.384+0000] {logging_mixin.py:188} INFO - [2025-06-28T04:35:44.384+0000] {dag.py:3823} INFO - Setting next_dagrun for dataset_produces_2 to None, run_after=None
[2025-06-28T04:35:44.402+0000] {processor.py:183} INFO - Processing /home/airflow/.local/lib/python3.8/site-packages/airflow/example_dags/example_datasets.py took 0.070 seconds
[2025-06-28T04:36:14.593+0000] {processor.py:161} INFO - Started process (PID=2128) to work on /home/airflow/.local/lib/python3.8/site-packages/airflow/example_dags/example_datasets.py
[2025-06-28T04:36:14.593+0000] {processor.py:830} INFO - Processing file /home/airflow/.local/lib/python3.8/site-packages/airflow/example_dags/example_datasets.py for tasks to queue
[2025-06-28T04:36:14.594+0000] {logging_mixin.py:188} INFO - [2025-06-28T04:36:14.594+0000] {dagbag.py:538} INFO - Filling up the DagBag from /home/airflow/.local/lib/python3.8/site-packages/airflow/example_dags/example_datasets.py
[2025-06-28T04:36:14.599+0000] {processor.py:840} INFO - DAG(s) 'dataset_consumes_1', 'dataset_produces_1', 'dataset_consumes_1_and_2', 'dataset_consumes_unknown_never_scheduled', 'dataset_produces_2', 'dataset_consumes_1_never_scheduled' retrieved from /home/airflow/.local/lib/python3.8/site-packages/airflow/example_dags/example_datasets.py
[2025-06-28T04:36:14.620+0000] {logging_mixin.py:188} INFO - [2025-06-28T04:36:14.620+0000] {dag.py:3036} INFO - Sync 6 DAGs
[2025-06-28T04:36:14.634+0000] {logging_mixin.py:188} INFO - [2025-06-28T04:36:14.633+0000] {dag.py:3823} INFO - Setting next_dagrun for dataset_consumes_1 to None, run_after=None
[2025-06-28T04:36:14.636+0000] {logging_mixin.py:188} INFO - [2025-06-28T04:36:14.636+0000] {dag.py:3823} INFO - Setting next_dagrun for dataset_consumes_1_and_2 to None, run_after=None
[2025-06-28T04:36:14.637+0000] {logging_mixin.py:188} INFO - [2025-06-28T04:36:14.637+0000] {dag.py:3823} INFO - Setting next_dagrun for dataset_consumes_1_never_scheduled to None, run_after=None
[2025-06-28T04:36:14.638+0000] {logging_mixin.py:188} INFO - [2025-06-28T04:36:14.638+0000] {dag.py:3823} INFO - Setting next_dagrun for dataset_consumes_unknown_never_scheduled to None, run_after=None
[2025-06-28T04:36:14.640+0000] {logging_mixin.py:188} INFO - [2025-06-28T04:36:14.640+0000] {dag.py:3823} INFO - Setting next_dagrun for dataset_produces_1 to 2025-06-27 00:00:00+00:00, run_after=2025-06-28 00:00:00+00:00
[2025-06-28T04:36:14.641+0000] {logging_mixin.py:188} INFO - [2025-06-28T04:36:14.640+0000] {dag.py:3823} INFO - Setting next_dagrun for dataset_produces_2 to None, run_after=None
[2025-06-28T04:36:14.660+0000] {processor.py:183} INFO - Processing /home/airflow/.local/lib/python3.8/site-packages/airflow/example_dags/example_datasets.py took 0.069 seconds
[2025-06-28T04:36:44.804+0000] {processor.py:161} INFO - Started process (PID=2378) to work on /home/airflow/.local/lib/python3.8/site-packages/airflow/example_dags/example_datasets.py
[2025-06-28T04:36:44.805+0000] {processor.py:830} INFO - Processing file /home/airflow/.local/lib/python3.8/site-packages/airflow/example_dags/example_datasets.py for tasks to queue
[2025-06-28T04:36:44.806+0000] {logging_mixin.py:188} INFO - [2025-06-28T04:36:44.806+0000] {dagbag.py:538} INFO - Filling up the DagBag from /home/airflow/.local/lib/python3.8/site-packages/airflow/example_dags/example_datasets.py
[2025-06-28T04:36:44.811+0000] {processor.py:840} INFO - DAG(s) 'dataset_consumes_unknown_never_scheduled', 'dataset_consumes_1', 'dataset_consumes_1_and_2', 'dataset_produces_1', 'dataset_produces_2', 'dataset_consumes_1_never_scheduled' retrieved from /home/airflow/.local/lib/python3.8/site-packages/airflow/example_dags/example_datasets.py
[2025-06-28T04:36:44.834+0000] {logging_mixin.py:188} INFO - [2025-06-28T04:36:44.834+0000] {dag.py:3036} INFO - Sync 6 DAGs
[2025-06-28T04:36:44.849+0000] {logging_mixin.py:188} INFO - [2025-06-28T04:36:44.849+0000] {dag.py:3823} INFO - Setting next_dagrun for dataset_consumes_1 to None, run_after=None
[2025-06-28T04:36:44.851+0000] {logging_mixin.py:188} INFO - [2025-06-28T04:36:44.851+0000] {dag.py:3823} INFO - Setting next_dagrun for dataset_consumes_1_and_2 to None, run_after=None
[2025-06-28T04:36:44.852+0000] {logging_mixin.py:188} INFO - [2025-06-28T04:36:44.852+0000] {dag.py:3823} INFO - Setting next_dagrun for dataset_consumes_1_never_scheduled to None, run_after=None
[2025-06-28T04:36:44.853+0000] {logging_mixin.py:188} INFO - [2025-06-28T04:36:44.853+0000] {dag.py:3823} INFO - Setting next_dagrun for dataset_consumes_unknown_never_scheduled to None, run_after=None
[2025-06-28T04:36:44.855+0000] {logging_mixin.py:188} INFO - [2025-06-28T04:36:44.854+0000] {dag.py:3823} INFO - Setting next_dagrun for dataset_produces_1 to 2025-06-27 00:00:00+00:00, run_after=2025-06-28 00:00:00+00:00
[2025-06-28T04:36:44.855+0000] {logging_mixin.py:188} INFO - [2025-06-28T04:36:44.855+0000] {dag.py:3823} INFO - Setting next_dagrun for dataset_produces_2 to None, run_after=None
[2025-06-28T04:36:44.876+0000] {processor.py:183} INFO - Processing /home/airflow/.local/lib/python3.8/site-packages/airflow/example_dags/example_datasets.py took 0.073 seconds
[2025-06-28T04:37:15.057+0000] {processor.py:161} INFO - Started process (PID=2630) to work on /home/airflow/.local/lib/python3.8/site-packages/airflow/example_dags/example_datasets.py
[2025-06-28T04:37:15.058+0000] {processor.py:830} INFO - Processing file /home/airflow/.local/lib/python3.8/site-packages/airflow/example_dags/example_datasets.py for tasks to queue
[2025-06-28T04:37:15.060+0000] {logging_mixin.py:188} INFO - [2025-06-28T04:37:15.059+0000] {dagbag.py:538} INFO - Filling up the DagBag from /home/airflow/.local/lib/python3.8/site-packages/airflow/example_dags/example_datasets.py
[2025-06-28T04:37:15.069+0000] {processor.py:840} INFO - DAG(s) 'dataset_consumes_unknown_never_scheduled', 'dataset_consumes_1_and_2', 'dataset_produces_1', 'dataset_consumes_1', 'dataset_produces_2', 'dataset_consumes_1_never_scheduled' retrieved from /home/airflow/.local/lib/python3.8/site-packages/airflow/example_dags/example_datasets.py
[2025-06-28T04:37:15.091+0000] {logging_mixin.py:188} INFO - [2025-06-28T04:37:15.091+0000] {dag.py:3036} INFO - Sync 6 DAGs
[2025-06-28T04:37:15.106+0000] {logging_mixin.py:188} INFO - [2025-06-28T04:37:15.106+0000] {dag.py:3823} INFO - Setting next_dagrun for dataset_consumes_1 to None, run_after=None
[2025-06-28T04:37:15.109+0000] {logging_mixin.py:188} INFO - [2025-06-28T04:37:15.108+0000] {dag.py:3823} INFO - Setting next_dagrun for dataset_consumes_1_and_2 to None, run_after=None
[2025-06-28T04:37:15.109+0000] {logging_mixin.py:188} INFO - [2025-06-28T04:37:15.109+0000] {dag.py:3823} INFO - Setting next_dagrun for dataset_consumes_1_never_scheduled to None, run_after=None
[2025-06-28T04:37:15.110+0000] {logging_mixin.py:188} INFO - [2025-06-28T04:37:15.110+0000] {dag.py:3823} INFO - Setting next_dagrun for dataset_consumes_unknown_never_scheduled to None, run_after=None
[2025-06-28T04:37:15.112+0000] {logging_mixin.py:188} INFO - [2025-06-28T04:37:15.112+0000] {dag.py:3823} INFO - Setting next_dagrun for dataset_produces_1 to 2025-06-27 00:00:00+00:00, run_after=2025-06-28 00:00:00+00:00
[2025-06-28T04:37:15.113+0000] {logging_mixin.py:188} INFO - [2025-06-28T04:37:15.112+0000] {dag.py:3823} INFO - Setting next_dagrun for dataset_produces_2 to None, run_after=None
[2025-06-28T04:37:15.134+0000] {processor.py:183} INFO - Processing /home/airflow/.local/lib/python3.8/site-packages/airflow/example_dags/example_datasets.py took 0.079 seconds
[2025-06-28T04:37:45.160+0000] {processor.py:161} INFO - Started process (PID=2880) to work on /home/airflow/.local/lib/python3.8/site-packages/airflow/example_dags/example_datasets.py
[2025-06-28T04:37:45.160+0000] {processor.py:830} INFO - Processing file /home/airflow/.local/lib/python3.8/site-packages/airflow/example_dags/example_datasets.py for tasks to queue
[2025-06-28T04:37:45.161+0000] {logging_mixin.py:188} INFO - [2025-06-28T04:37:45.161+0000] {dagbag.py:538} INFO - Filling up the DagBag from /home/airflow/.local/lib/python3.8/site-packages/airflow/example_dags/example_datasets.py
[2025-06-28T04:37:45.167+0000] {processor.py:840} INFO - DAG(s) 'dataset_consumes_1_and_2', 'dataset_produces_2', 'dataset_consumes_1', 'dataset_consumes_unknown_never_scheduled', 'dataset_consumes_1_never_scheduled', 'dataset_produces_1' retrieved from /home/airflow/.local/lib/python3.8/site-packages/airflow/example_dags/example_datasets.py
[2025-06-28T04:37:45.189+0000] {logging_mixin.py:188} INFO - [2025-06-28T04:37:45.189+0000] {dag.py:3036} INFO - Sync 6 DAGs
[2025-06-28T04:37:45.205+0000] {logging_mixin.py:188} INFO - [2025-06-28T04:37:45.205+0000] {dag.py:3823} INFO - Setting next_dagrun for dataset_consumes_1 to None, run_after=None
[2025-06-28T04:37:45.208+0000] {logging_mixin.py:188} INFO - [2025-06-28T04:37:45.208+0000] {dag.py:3823} INFO - Setting next_dagrun for dataset_consumes_1_and_2 to None, run_after=None
[2025-06-28T04:37:45.209+0000] {logging_mixin.py:188} INFO - [2025-06-28T04:37:45.209+0000] {dag.py:3823} INFO - Setting next_dagrun for dataset_consumes_1_never_scheduled to None, run_after=None
[2025-06-28T04:37:45.210+0000] {logging_mixin.py:188} INFO - [2025-06-28T04:37:45.210+0000] {dag.py:3823} INFO - Setting next_dagrun for dataset_consumes_unknown_never_scheduled to None, run_after=None
[2025-06-28T04:37:45.213+0000] {logging_mixin.py:188} INFO - [2025-06-28T04:37:45.212+0000] {dag.py:3823} INFO - Setting next_dagrun for dataset_produces_1 to 2025-06-27 00:00:00+00:00, run_after=2025-06-28 00:00:00+00:00
[2025-06-28T04:37:45.214+0000] {logging_mixin.py:188} INFO - [2025-06-28T04:37:45.214+0000] {dag.py:3823} INFO - Setting next_dagrun for dataset_produces_2 to None, run_after=None
[2025-06-28T04:37:45.237+0000] {processor.py:183} INFO - Processing /home/airflow/.local/lib/python3.8/site-packages/airflow/example_dags/example_datasets.py took 0.079 seconds
[2025-06-28T04:38:15.510+0000] {processor.py:161} INFO - Started process (PID=3129) to work on /home/airflow/.local/lib/python3.8/site-packages/airflow/example_dags/example_datasets.py
[2025-06-28T04:38:15.511+0000] {processor.py:830} INFO - Processing file /home/airflow/.local/lib/python3.8/site-packages/airflow/example_dags/example_datasets.py for tasks to queue
[2025-06-28T04:38:15.512+0000] {logging_mixin.py:188} INFO - [2025-06-28T04:38:15.512+0000] {dagbag.py:538} INFO - Filling up the DagBag from /home/airflow/.local/lib/python3.8/site-packages/airflow/example_dags/example_datasets.py
[2025-06-28T04:38:15.520+0000] {processor.py:840} INFO - DAG(s) 'dataset_produces_2', 'dataset_produces_1', 'dataset_consumes_unknown_never_scheduled', 'dataset_consumes_1_never_scheduled', 'dataset_consumes_1_and_2', 'dataset_consumes_1' retrieved from /home/airflow/.local/lib/python3.8/site-packages/airflow/example_dags/example_datasets.py
[2025-06-28T04:38:15.550+0000] {logging_mixin.py:188} INFO - [2025-06-28T04:38:15.550+0000] {dag.py:3036} INFO - Sync 6 DAGs
[2025-06-28T04:38:15.564+0000] {logging_mixin.py:188} INFO - [2025-06-28T04:38:15.564+0000] {dag.py:3823} INFO - Setting next_dagrun for dataset_consumes_1 to None, run_after=None
[2025-06-28T04:38:15.566+0000] {logging_mixin.py:188} INFO - [2025-06-28T04:38:15.566+0000] {dag.py:3823} INFO - Setting next_dagrun for dataset_consumes_1_and_2 to None, run_after=None
[2025-06-28T04:38:15.567+0000] {logging_mixin.py:188} INFO - [2025-06-28T04:38:15.567+0000] {dag.py:3823} INFO - Setting next_dagrun for dataset_consumes_1_never_scheduled to None, run_after=None
[2025-06-28T04:38:15.569+0000] {logging_mixin.py:188} INFO - [2025-06-28T04:38:15.569+0000] {dag.py:3823} INFO - Setting next_dagrun for dataset_consumes_unknown_never_scheduled to None, run_after=None
[2025-06-28T04:38:15.570+0000] {logging_mixin.py:188} INFO - [2025-06-28T04:38:15.570+0000] {dag.py:3823} INFO - Setting next_dagrun for dataset_produces_1 to 2025-06-27 00:00:00+00:00, run_after=2025-06-28 00:00:00+00:00
[2025-06-28T04:38:15.571+0000] {logging_mixin.py:188} INFO - [2025-06-28T04:38:15.571+0000] {dag.py:3823} INFO - Setting next_dagrun for dataset_produces_2 to None, run_after=None
[2025-06-28T04:38:15.592+0000] {processor.py:183} INFO - Processing /home/airflow/.local/lib/python3.8/site-packages/airflow/example_dags/example_datasets.py took 0.083 seconds
[2025-06-28T04:38:45.794+0000] {processor.py:161} INFO - Started process (PID=3378) to work on /home/airflow/.local/lib/python3.8/site-packages/airflow/example_dags/example_datasets.py
[2025-06-28T04:38:45.795+0000] {processor.py:830} INFO - Processing file /home/airflow/.local/lib/python3.8/site-packages/airflow/example_dags/example_datasets.py for tasks to queue
[2025-06-28T04:38:45.797+0000] {logging_mixin.py:188} INFO - [2025-06-28T04:38:45.796+0000] {dagbag.py:538} INFO - Filling up the DagBag from /home/airflow/.local/lib/python3.8/site-packages/airflow/example_dags/example_datasets.py
[2025-06-28T04:38:45.804+0000] {processor.py:840} INFO - DAG(s) 'dataset_consumes_unknown_never_scheduled', 'dataset_produces_1', 'dataset_consumes_1_and_2', 'dataset_consumes_1_never_scheduled', 'dataset_consumes_1', 'dataset_produces_2' retrieved from /home/airflow/.local/lib/python3.8/site-packages/airflow/example_dags/example_datasets.py
[2025-06-28T04:38:45.832+0000] {logging_mixin.py:188} INFO - [2025-06-28T04:38:45.831+0000] {dag.py:3036} INFO - Sync 6 DAGs
[2025-06-28T04:38:45.848+0000] {logging_mixin.py:188} INFO - [2025-06-28T04:38:45.847+0000] {dag.py:3823} INFO - Setting next_dagrun for dataset_consumes_1 to None, run_after=None
[2025-06-28T04:38:45.850+0000] {logging_mixin.py:188} INFO - [2025-06-28T04:38:45.850+0000] {dag.py:3823} INFO - Setting next_dagrun for dataset_consumes_1_and_2 to None, run_after=None
[2025-06-28T04:38:45.851+0000] {logging_mixin.py:188} INFO - [2025-06-28T04:38:45.851+0000] {dag.py:3823} INFO - Setting next_dagrun for dataset_consumes_1_never_scheduled to None, run_after=None
[2025-06-28T04:38:45.852+0000] {logging_mixin.py:188} INFO - [2025-06-28T04:38:45.852+0000] {dag.py:3823} INFO - Setting next_dagrun for dataset_consumes_unknown_never_scheduled to None, run_after=None
[2025-06-28T04:38:45.855+0000] {logging_mixin.py:188} INFO - [2025-06-28T04:38:45.855+0000] {dag.py:3823} INFO - Setting next_dagrun for dataset_produces_1 to 2025-06-27 00:00:00+00:00, run_after=2025-06-28 00:00:00+00:00
[2025-06-28T04:38:45.856+0000] {logging_mixin.py:188} INFO - [2025-06-28T04:38:45.856+0000] {dag.py:3823} INFO - Setting next_dagrun for dataset_produces_2 to None, run_after=None
[2025-06-28T04:38:45.884+0000] {processor.py:183} INFO - Processing /home/airflow/.local/lib/python3.8/site-packages/airflow/example_dags/example_datasets.py took 0.092 seconds
[2025-06-28T04:39:15.988+0000] {processor.py:161} INFO - Started process (PID=3628) to work on /home/airflow/.local/lib/python3.8/site-packages/airflow/example_dags/example_datasets.py
[2025-06-28T04:39:15.989+0000] {processor.py:830} INFO - Processing file /home/airflow/.local/lib/python3.8/site-packages/airflow/example_dags/example_datasets.py for tasks to queue
[2025-06-28T04:39:15.992+0000] {logging_mixin.py:188} INFO - [2025-06-28T04:39:15.991+0000] {dagbag.py:538} INFO - Filling up the DagBag from /home/airflow/.local/lib/python3.8/site-packages/airflow/example_dags/example_datasets.py
[2025-06-28T04:39:15.999+0000] {processor.py:840} INFO - DAG(s) 'dataset_produces_2', 'dataset_consumes_1_and_2', 'dataset_consumes_1', 'dataset_consumes_1_never_scheduled', 'dataset_produces_1', 'dataset_consumes_unknown_never_scheduled' retrieved from /home/airflow/.local/lib/python3.8/site-packages/airflow/example_dags/example_datasets.py
[2025-06-28T04:39:16.022+0000] {logging_mixin.py:188} INFO - [2025-06-28T04:39:16.022+0000] {dag.py:3036} INFO - Sync 6 DAGs
[2025-06-28T04:39:16.037+0000] {logging_mixin.py:188} INFO - [2025-06-28T04:39:16.037+0000] {dag.py:3823} INFO - Setting next_dagrun for dataset_consumes_1 to None, run_after=None
[2025-06-28T04:39:16.040+0000] {logging_mixin.py:188} INFO - [2025-06-28T04:39:16.040+0000] {dag.py:3823} INFO - Setting next_dagrun for dataset_consumes_1_and_2 to None, run_after=None
[2025-06-28T04:39:16.041+0000] {logging_mixin.py:188} INFO - [2025-06-28T04:39:16.041+0000] {dag.py:3823} INFO - Setting next_dagrun for dataset_consumes_1_never_scheduled to None, run_after=None
[2025-06-28T04:39:16.041+0000] {logging_mixin.py:188} INFO - [2025-06-28T04:39:16.041+0000] {dag.py:3823} INFO - Setting next_dagrun for dataset_consumes_unknown_never_scheduled to None, run_after=None
[2025-06-28T04:39:16.043+0000] {logging_mixin.py:188} INFO - [2025-06-28T04:39:16.043+0000] {dag.py:3823} INFO - Setting next_dagrun for dataset_produces_1 to 2025-06-27 00:00:00+00:00, run_after=2025-06-28 00:00:00+00:00
[2025-06-28T04:39:16.044+0000] {logging_mixin.py:188} INFO - [2025-06-28T04:39:16.044+0000] {dag.py:3823} INFO - Setting next_dagrun for dataset_produces_2 to None, run_after=None
[2025-06-28T04:39:16.065+0000] {processor.py:183} INFO - Processing /home/airflow/.local/lib/python3.8/site-packages/airflow/example_dags/example_datasets.py took 0.079 seconds
[2025-06-28T04:39:46.177+0000] {processor.py:161} INFO - Started process (PID=3878) to work on /home/airflow/.local/lib/python3.8/site-packages/airflow/example_dags/example_datasets.py
[2025-06-28T04:39:46.177+0000] {processor.py:830} INFO - Processing file /home/airflow/.local/lib/python3.8/site-packages/airflow/example_dags/example_datasets.py for tasks to queue
[2025-06-28T04:39:46.178+0000] {logging_mixin.py:188} INFO - [2025-06-28T04:39:46.178+0000] {dagbag.py:538} INFO - Filling up the DagBag from /home/airflow/.local/lib/python3.8/site-packages/airflow/example_dags/example_datasets.py
[2025-06-28T04:39:46.183+0000] {processor.py:840} INFO - DAG(s) 'dataset_consumes_1_and_2', 'dataset_consumes_1_never_scheduled', 'dataset_produces_1', 'dataset_consumes_1', 'dataset_produces_2', 'dataset_consumes_unknown_never_scheduled' retrieved from /home/airflow/.local/lib/python3.8/site-packages/airflow/example_dags/example_datasets.py
[2025-06-28T04:39:46.206+0000] {logging_mixin.py:188} INFO - [2025-06-28T04:39:46.206+0000] {dag.py:3036} INFO - Sync 6 DAGs
[2025-06-28T04:39:46.220+0000] {logging_mixin.py:188} INFO - [2025-06-28T04:39:46.220+0000] {dag.py:3823} INFO - Setting next_dagrun for dataset_consumes_1 to None, run_after=None
[2025-06-28T04:39:46.224+0000] {logging_mixin.py:188} INFO - [2025-06-28T04:39:46.224+0000] {dag.py:3823} INFO - Setting next_dagrun for dataset_consumes_1_and_2 to None, run_after=None
[2025-06-28T04:39:46.226+0000] {logging_mixin.py:188} INFO - [2025-06-28T04:39:46.225+0000] {dag.py:3823} INFO - Setting next_dagrun for dataset_consumes_1_never_scheduled to None, run_after=None
[2025-06-28T04:39:46.226+0000] {logging_mixin.py:188} INFO - [2025-06-28T04:39:46.226+0000] {dag.py:3823} INFO - Setting next_dagrun for dataset_consumes_unknown_never_scheduled to None, run_after=None
[2025-06-28T04:39:46.228+0000] {logging_mixin.py:188} INFO - [2025-06-28T04:39:46.228+0000] {dag.py:3823} INFO - Setting next_dagrun for dataset_produces_1 to 2025-06-27 00:00:00+00:00, run_after=2025-06-28 00:00:00+00:00
[2025-06-28T04:39:46.229+0000] {logging_mixin.py:188} INFO - [2025-06-28T04:39:46.229+0000] {dag.py:3823} INFO - Setting next_dagrun for dataset_produces_2 to None, run_after=None
[2025-06-28T04:39:46.256+0000] {processor.py:183} INFO - Processing /home/airflow/.local/lib/python3.8/site-packages/airflow/example_dags/example_datasets.py took 0.081 seconds
[2025-06-28T04:40:16.610+0000] {processor.py:161} INFO - Started process (PID=4130) to work on /home/airflow/.local/lib/python3.8/site-packages/airflow/example_dags/example_datasets.py
[2025-06-28T04:40:16.611+0000] {processor.py:830} INFO - Processing file /home/airflow/.local/lib/python3.8/site-packages/airflow/example_dags/example_datasets.py for tasks to queue
[2025-06-28T04:40:16.612+0000] {logging_mixin.py:188} INFO - [2025-06-28T04:40:16.611+0000] {dagbag.py:538} INFO - Filling up the DagBag from /home/airflow/.local/lib/python3.8/site-packages/airflow/example_dags/example_datasets.py
[2025-06-28T04:40:16.619+0000] {processor.py:840} INFO - DAG(s) 'dataset_consumes_1_and_2', 'dataset_consumes_unknown_never_scheduled', 'dataset_produces_1', 'dataset_consumes_1', 'dataset_produces_2', 'dataset_consumes_1_never_scheduled' retrieved from /home/airflow/.local/lib/python3.8/site-packages/airflow/example_dags/example_datasets.py
[2025-06-28T04:40:16.639+0000] {logging_mixin.py:188} INFO - [2025-06-28T04:40:16.638+0000] {dag.py:3036} INFO - Sync 6 DAGs
[2025-06-28T04:40:16.652+0000] {logging_mixin.py:188} INFO - [2025-06-28T04:40:16.652+0000] {dag.py:3823} INFO - Setting next_dagrun for dataset_consumes_1 to None, run_after=None
[2025-06-28T04:40:16.655+0000] {logging_mixin.py:188} INFO - [2025-06-28T04:40:16.655+0000] {dag.py:3823} INFO - Setting next_dagrun for dataset_consumes_1_and_2 to None, run_after=None
[2025-06-28T04:40:16.656+0000] {logging_mixin.py:188} INFO - [2025-06-28T04:40:16.656+0000] {dag.py:3823} INFO - Setting next_dagrun for dataset_consumes_1_never_scheduled to None, run_after=None
[2025-06-28T04:40:16.657+0000] {logging_mixin.py:188} INFO - [2025-06-28T04:40:16.657+0000] {dag.py:3823} INFO - Setting next_dagrun for dataset_consumes_unknown_never_scheduled to None, run_after=None
[2025-06-28T04:40:16.659+0000] {logging_mixin.py:188} INFO - [2025-06-28T04:40:16.659+0000] {dag.py:3823} INFO - Setting next_dagrun for dataset_produces_1 to 2025-06-27 00:00:00+00:00, run_after=2025-06-28 00:00:00+00:00
[2025-06-28T04:40:16.660+0000] {logging_mixin.py:188} INFO - [2025-06-28T04:40:16.660+0000] {dag.py:3823} INFO - Setting next_dagrun for dataset_produces_2 to None, run_after=None
[2025-06-28T04:40:16.693+0000] {processor.py:183} INFO - Processing /home/airflow/.local/lib/python3.8/site-packages/airflow/example_dags/example_datasets.py took 0.086 seconds
[2025-06-28T04:40:46.933+0000] {processor.py:161} INFO - Started process (PID=4380) to work on /home/airflow/.local/lib/python3.8/site-packages/airflow/example_dags/example_datasets.py
[2025-06-28T04:40:46.933+0000] {processor.py:830} INFO - Processing file /home/airflow/.local/lib/python3.8/site-packages/airflow/example_dags/example_datasets.py for tasks to queue
[2025-06-28T04:40:46.935+0000] {logging_mixin.py:188} INFO - [2025-06-28T04:40:46.934+0000] {dagbag.py:538} INFO - Filling up the DagBag from /home/airflow/.local/lib/python3.8/site-packages/airflow/example_dags/example_datasets.py
[2025-06-28T04:40:46.940+0000] {processor.py:840} INFO - DAG(s) 'dataset_consumes_1_never_scheduled', 'dataset_consumes_1', 'dataset_produces_2', 'dataset_consumes_1_and_2', 'dataset_produces_1', 'dataset_consumes_unknown_never_scheduled' retrieved from /home/airflow/.local/lib/python3.8/site-packages/airflow/example_dags/example_datasets.py
[2025-06-28T04:40:46.971+0000] {logging_mixin.py:188} INFO - [2025-06-28T04:40:46.971+0000] {dag.py:3036} INFO - Sync 6 DAGs
[2025-06-28T04:40:46.986+0000] {logging_mixin.py:188} INFO - [2025-06-28T04:40:46.986+0000] {dag.py:3823} INFO - Setting next_dagrun for dataset_consumes_1 to None, run_after=None
[2025-06-28T04:40:46.989+0000] {logging_mixin.py:188} INFO - [2025-06-28T04:40:46.989+0000] {dag.py:3823} INFO - Setting next_dagrun for dataset_consumes_1_and_2 to None, run_after=None
[2025-06-28T04:40:46.989+0000] {logging_mixin.py:188} INFO - [2025-06-28T04:40:46.989+0000] {dag.py:3823} INFO - Setting next_dagrun for dataset_consumes_1_never_scheduled to None, run_after=None
[2025-06-28T04:40:46.990+0000] {logging_mixin.py:188} INFO - [2025-06-28T04:40:46.990+0000] {dag.py:3823} INFO - Setting next_dagrun for dataset_consumes_unknown_never_scheduled to None, run_after=None
[2025-06-28T04:40:46.992+0000] {logging_mixin.py:188} INFO - [2025-06-28T04:40:46.992+0000] {dag.py:3823} INFO - Setting next_dagrun for dataset_produces_1 to 2025-06-27 00:00:00+00:00, run_after=2025-06-28 00:00:00+00:00
[2025-06-28T04:40:46.993+0000] {logging_mixin.py:188} INFO - [2025-06-28T04:40:46.993+0000] {dag.py:3823} INFO - Setting next_dagrun for dataset_produces_2 to None, run_after=None
[2025-06-28T04:40:47.024+0000] {processor.py:183} INFO - Processing /home/airflow/.local/lib/python3.8/site-packages/airflow/example_dags/example_datasets.py took 0.094 seconds
[2025-06-28T04:41:17.368+0000] {processor.py:161} INFO - Started process (PID=4630) to work on /home/airflow/.local/lib/python3.8/site-packages/airflow/example_dags/example_datasets.py
[2025-06-28T04:41:17.368+0000] {processor.py:830} INFO - Processing file /home/airflow/.local/lib/python3.8/site-packages/airflow/example_dags/example_datasets.py for tasks to queue
[2025-06-28T04:41:17.369+0000] {logging_mixin.py:188} INFO - [2025-06-28T04:41:17.369+0000] {dagbag.py:538} INFO - Filling up the DagBag from /home/airflow/.local/lib/python3.8/site-packages/airflow/example_dags/example_datasets.py
[2025-06-28T04:41:17.374+0000] {processor.py:840} INFO - DAG(s) 'dataset_consumes_1_never_scheduled', 'dataset_consumes_1', 'dataset_produces_2', 'dataset_produces_1', 'dataset_consumes_unknown_never_scheduled', 'dataset_consumes_1_and_2' retrieved from /home/airflow/.local/lib/python3.8/site-packages/airflow/example_dags/example_datasets.py
[2025-06-28T04:41:17.402+0000] {logging_mixin.py:188} INFO - [2025-06-28T04:41:17.402+0000] {dag.py:3036} INFO - Sync 6 DAGs
[2025-06-28T04:41:17.423+0000] {logging_mixin.py:188} INFO - [2025-06-28T04:41:17.423+0000] {dag.py:3823} INFO - Setting next_dagrun for dataset_consumes_1 to None, run_after=None
[2025-06-28T04:41:17.426+0000] {logging_mixin.py:188} INFO - [2025-06-28T04:41:17.426+0000] {dag.py:3823} INFO - Setting next_dagrun for dataset_consumes_1_and_2 to None, run_after=None
[2025-06-28T04:41:17.427+0000] {logging_mixin.py:188} INFO - [2025-06-28T04:41:17.427+0000] {dag.py:3823} INFO - Setting next_dagrun for dataset_consumes_1_never_scheduled to None, run_after=None
[2025-06-28T04:41:17.429+0000] {logging_mixin.py:188} INFO - [2025-06-28T04:41:17.428+0000] {dag.py:3823} INFO - Setting next_dagrun for dataset_consumes_unknown_never_scheduled to None, run_after=None
[2025-06-28T04:41:17.431+0000] {logging_mixin.py:188} INFO - [2025-06-28T04:41:17.431+0000] {dag.py:3823} INFO - Setting next_dagrun for dataset_produces_1 to 2025-06-27 00:00:00+00:00, run_after=2025-06-28 00:00:00+00:00
[2025-06-28T04:41:17.432+0000] {logging_mixin.py:188} INFO - [2025-06-28T04:41:17.432+0000] {dag.py:3823} INFO - Setting next_dagrun for dataset_produces_2 to None, run_after=None
[2025-06-28T04:41:17.477+0000] {processor.py:183} INFO - Processing /home/airflow/.local/lib/python3.8/site-packages/airflow/example_dags/example_datasets.py took 0.111 seconds
[2025-06-28T04:41:47.702+0000] {processor.py:161} INFO - Started process (PID=4880) to work on /home/airflow/.local/lib/python3.8/site-packages/airflow/example_dags/example_datasets.py
[2025-06-28T04:41:47.703+0000] {processor.py:830} INFO - Processing file /home/airflow/.local/lib/python3.8/site-packages/airflow/example_dags/example_datasets.py for tasks to queue
[2025-06-28T04:41:47.704+0000] {logging_mixin.py:188} INFO - [2025-06-28T04:41:47.704+0000] {dagbag.py:538} INFO - Filling up the DagBag from /home/airflow/.local/lib/python3.8/site-packages/airflow/example_dags/example_datasets.py
[2025-06-28T04:41:47.712+0000] {processor.py:840} INFO - DAG(s) 'dataset_consumes_1_and_2', 'dataset_produces_2', 'dataset_consumes_unknown_never_scheduled', 'dataset_consumes_1', 'dataset_produces_1', 'dataset_consumes_1_never_scheduled' retrieved from /home/airflow/.local/lib/python3.8/site-packages/airflow/example_dags/example_datasets.py
[2025-06-28T04:41:47.732+0000] {logging_mixin.py:188} INFO - [2025-06-28T04:41:47.732+0000] {dag.py:3036} INFO - Sync 6 DAGs
[2025-06-28T04:41:47.744+0000] {logging_mixin.py:188} INFO - [2025-06-28T04:41:47.744+0000] {dag.py:3823} INFO - Setting next_dagrun for dataset_consumes_1 to None, run_after=None
[2025-06-28T04:41:47.747+0000] {logging_mixin.py:188} INFO - [2025-06-28T04:41:47.746+0000] {dag.py:3823} INFO - Setting next_dagrun for dataset_consumes_1_and_2 to None, run_after=None
[2025-06-28T04:41:47.748+0000] {logging_mixin.py:188} INFO - [2025-06-28T04:41:47.748+0000] {dag.py:3823} INFO - Setting next_dagrun for dataset_consumes_1_never_scheduled to None, run_after=None
[2025-06-28T04:41:47.749+0000] {logging_mixin.py:188} INFO - [2025-06-28T04:41:47.749+0000] {dag.py:3823} INFO - Setting next_dagrun for dataset_consumes_unknown_never_scheduled to None, run_after=None
[2025-06-28T04:41:47.751+0000] {logging_mixin.py:188} INFO - [2025-06-28T04:41:47.751+0000] {dag.py:3823} INFO - Setting next_dagrun for dataset_produces_1 to 2025-06-27 00:00:00+00:00, run_after=2025-06-28 00:00:00+00:00
[2025-06-28T04:41:47.752+0000] {logging_mixin.py:188} INFO - [2025-06-28T04:41:47.752+0000] {dag.py:3823} INFO - Setting next_dagrun for dataset_produces_2 to None, run_after=None
[2025-06-28T04:41:47.779+0000] {processor.py:183} INFO - Processing /home/airflow/.local/lib/python3.8/site-packages/airflow/example_dags/example_datasets.py took 0.080 seconds
[2025-06-28T04:42:18.101+0000] {processor.py:161} INFO - Started process (PID=5130) to work on /home/airflow/.local/lib/python3.8/site-packages/airflow/example_dags/example_datasets.py
[2025-06-28T04:42:18.102+0000] {processor.py:830} INFO - Processing file /home/airflow/.local/lib/python3.8/site-packages/airflow/example_dags/example_datasets.py for tasks to queue
[2025-06-28T04:42:18.103+0000] {logging_mixin.py:188} INFO - [2025-06-28T04:42:18.103+0000] {dagbag.py:538} INFO - Filling up the DagBag from /home/airflow/.local/lib/python3.8/site-packages/airflow/example_dags/example_datasets.py
[2025-06-28T04:42:18.109+0000] {processor.py:840} INFO - DAG(s) 'dataset_produces_2', 'dataset_consumes_1_and_2', 'dataset_consumes_1_never_scheduled', 'dataset_consumes_unknown_never_scheduled', 'dataset_consumes_1', 'dataset_produces_1' retrieved from /home/airflow/.local/lib/python3.8/site-packages/airflow/example_dags/example_datasets.py
[2025-06-28T04:42:18.131+0000] {logging_mixin.py:188} INFO - [2025-06-28T04:42:18.130+0000] {dag.py:3036} INFO - Sync 6 DAGs
[2025-06-28T04:42:18.146+0000] {logging_mixin.py:188} INFO - [2025-06-28T04:42:18.146+0000] {dag.py:3823} INFO - Setting next_dagrun for dataset_consumes_1 to None, run_after=None
[2025-06-28T04:42:18.148+0000] {logging_mixin.py:188} INFO - [2025-06-28T04:42:18.148+0000] {dag.py:3823} INFO - Setting next_dagrun for dataset_consumes_1_and_2 to None, run_after=None
[2025-06-28T04:42:18.149+0000] {logging_mixin.py:188} INFO - [2025-06-28T04:42:18.149+0000] {dag.py:3823} INFO - Setting next_dagrun for dataset_consumes_1_never_scheduled to None, run_after=None
[2025-06-28T04:42:18.150+0000] {logging_mixin.py:188} INFO - [2025-06-28T04:42:18.150+0000] {dag.py:3823} INFO - Setting next_dagrun for dataset_consumes_unknown_never_scheduled to None, run_after=None
[2025-06-28T04:42:18.152+0000] {logging_mixin.py:188} INFO - [2025-06-28T04:42:18.152+0000] {dag.py:3823} INFO - Setting next_dagrun for dataset_produces_1 to 2025-06-27 00:00:00+00:00, run_after=2025-06-28 00:00:00+00:00
[2025-06-28T04:42:18.153+0000] {logging_mixin.py:188} INFO - [2025-06-28T04:42:18.152+0000] {dag.py:3823} INFO - Setting next_dagrun for dataset_produces_2 to None, run_after=None
[2025-06-28T04:42:18.174+0000] {processor.py:183} INFO - Processing /home/airflow/.local/lib/python3.8/site-packages/airflow/example_dags/example_datasets.py took 0.075 seconds
[2025-06-28T04:42:48.299+0000] {processor.py:161} INFO - Started process (PID=5380) to work on /home/airflow/.local/lib/python3.8/site-packages/airflow/example_dags/example_datasets.py
[2025-06-28T04:42:48.299+0000] {processor.py:830} INFO - Processing file /home/airflow/.local/lib/python3.8/site-packages/airflow/example_dags/example_datasets.py for tasks to queue
[2025-06-28T04:42:48.300+0000] {logging_mixin.py:188} INFO - [2025-06-28T04:42:48.300+0000] {dagbag.py:538} INFO - Filling up the DagBag from /home/airflow/.local/lib/python3.8/site-packages/airflow/example_dags/example_datasets.py
[2025-06-28T04:42:48.307+0000] {processor.py:840} INFO - DAG(s) 'dataset_consumes_1_and_2', 'dataset_produces_1', 'dataset_produces_2', 'dataset_consumes_1', 'dataset_consumes_unknown_never_scheduled', 'dataset_consumes_1_never_scheduled' retrieved from /home/airflow/.local/lib/python3.8/site-packages/airflow/example_dags/example_datasets.py
[2025-06-28T04:42:48.330+0000] {logging_mixin.py:188} INFO - [2025-06-28T04:42:48.329+0000] {dag.py:3036} INFO - Sync 6 DAGs
[2025-06-28T04:42:48.344+0000] {logging_mixin.py:188} INFO - [2025-06-28T04:42:48.344+0000] {dag.py:3823} INFO - Setting next_dagrun for dataset_consumes_1 to None, run_after=None
[2025-06-28T04:42:48.348+0000] {logging_mixin.py:188} INFO - [2025-06-28T04:42:48.348+0000] {dag.py:3823} INFO - Setting next_dagrun for dataset_consumes_1_and_2 to None, run_after=None
[2025-06-28T04:42:48.349+0000] {logging_mixin.py:188} INFO - [2025-06-28T04:42:48.349+0000] {dag.py:3823} INFO - Setting next_dagrun for dataset_consumes_1_never_scheduled to None, run_after=None
[2025-06-28T04:42:48.350+0000] {logging_mixin.py:188} INFO - [2025-06-28T04:42:48.350+0000] {dag.py:3823} INFO - Setting next_dagrun for dataset_consumes_unknown_never_scheduled to None, run_after=None
[2025-06-28T04:42:48.352+0000] {logging_mixin.py:188} INFO - [2025-06-28T04:42:48.351+0000] {dag.py:3823} INFO - Setting next_dagrun for dataset_produces_1 to 2025-06-27 00:00:00+00:00, run_after=2025-06-28 00:00:00+00:00
[2025-06-28T04:42:48.352+0000] {logging_mixin.py:188} INFO - [2025-06-28T04:42:48.352+0000] {dag.py:3823} INFO - Setting next_dagrun for dataset_produces_2 to None, run_after=None
[2025-06-28T04:42:48.383+0000] {processor.py:183} INFO - Processing /home/airflow/.local/lib/python3.8/site-packages/airflow/example_dags/example_datasets.py took 0.087 seconds
[2025-06-28T04:43:18.616+0000] {processor.py:161} INFO - Started process (PID=5630) to work on /home/airflow/.local/lib/python3.8/site-packages/airflow/example_dags/example_datasets.py
[2025-06-28T04:43:18.618+0000] {processor.py:830} INFO - Processing file /home/airflow/.local/lib/python3.8/site-packages/airflow/example_dags/example_datasets.py for tasks to queue
[2025-06-28T04:43:18.619+0000] {logging_mixin.py:188} INFO - [2025-06-28T04:43:18.619+0000] {dagbag.py:538} INFO - Filling up the DagBag from /home/airflow/.local/lib/python3.8/site-packages/airflow/example_dags/example_datasets.py
[2025-06-28T04:43:18.628+0000] {processor.py:840} INFO - DAG(s) 'dataset_produces_2', 'dataset_consumes_1_never_scheduled', 'dataset_consumes_1', 'dataset_consumes_1_and_2', 'dataset_consumes_unknown_never_scheduled', 'dataset_produces_1' retrieved from /home/airflow/.local/lib/python3.8/site-packages/airflow/example_dags/example_datasets.py
[2025-06-28T04:43:18.655+0000] {logging_mixin.py:188} INFO - [2025-06-28T04:43:18.655+0000] {dag.py:3036} INFO - Sync 6 DAGs
[2025-06-28T04:43:18.669+0000] {logging_mixin.py:188} INFO - [2025-06-28T04:43:18.669+0000] {dag.py:3823} INFO - Setting next_dagrun for dataset_consumes_1 to None, run_after=None
[2025-06-28T04:43:18.671+0000] {logging_mixin.py:188} INFO - [2025-06-28T04:43:18.671+0000] {dag.py:3823} INFO - Setting next_dagrun for dataset_consumes_1_and_2 to None, run_after=None
[2025-06-28T04:43:18.672+0000] {logging_mixin.py:188} INFO - [2025-06-28T04:43:18.672+0000] {dag.py:3823} INFO - Setting next_dagrun for dataset_consumes_1_never_scheduled to None, run_after=None
[2025-06-28T04:43:18.672+0000] {logging_mixin.py:188} INFO - [2025-06-28T04:43:18.672+0000] {dag.py:3823} INFO - Setting next_dagrun for dataset_consumes_unknown_never_scheduled to None, run_after=None
[2025-06-28T04:43:18.674+0000] {logging_mixin.py:188} INFO - [2025-06-28T04:43:18.674+0000] {dag.py:3823} INFO - Setting next_dagrun for dataset_produces_1 to 2025-06-27 00:00:00+00:00, run_after=2025-06-28 00:00:00+00:00
[2025-06-28T04:43:18.675+0000] {logging_mixin.py:188} INFO - [2025-06-28T04:43:18.675+0000] {dag.py:3823} INFO - Setting next_dagrun for dataset_produces_2 to None, run_after=None
[2025-06-28T04:43:18.706+0000] {processor.py:183} INFO - Processing /home/airflow/.local/lib/python3.8/site-packages/airflow/example_dags/example_datasets.py took 0.094 seconds
[2025-06-28T04:43:49.094+0000] {processor.py:161} INFO - Started process (PID=5880) to work on /home/airflow/.local/lib/python3.8/site-packages/airflow/example_dags/example_datasets.py
[2025-06-28T04:43:49.095+0000] {processor.py:830} INFO - Processing file /home/airflow/.local/lib/python3.8/site-packages/airflow/example_dags/example_datasets.py for tasks to queue
[2025-06-28T04:43:49.096+0000] {logging_mixin.py:188} INFO - [2025-06-28T04:43:49.096+0000] {dagbag.py:538} INFO - Filling up the DagBag from /home/airflow/.local/lib/python3.8/site-packages/airflow/example_dags/example_datasets.py
[2025-06-28T04:43:49.101+0000] {processor.py:840} INFO - DAG(s) 'dataset_consumes_1_never_scheduled', 'dataset_consumes_unknown_never_scheduled', 'dataset_consumes_1_and_2', 'dataset_produces_1', 'dataset_consumes_1', 'dataset_produces_2' retrieved from /home/airflow/.local/lib/python3.8/site-packages/airflow/example_dags/example_datasets.py
[2025-06-28T04:43:49.137+0000] {logging_mixin.py:188} INFO - [2025-06-28T04:43:49.136+0000] {dag.py:3036} INFO - Sync 6 DAGs
[2025-06-28T04:43:49.149+0000] {logging_mixin.py:188} INFO - [2025-06-28T04:43:49.149+0000] {dag.py:3823} INFO - Setting next_dagrun for dataset_consumes_1 to None, run_after=None
[2025-06-28T04:43:49.151+0000] {logging_mixin.py:188} INFO - [2025-06-28T04:43:49.151+0000] {dag.py:3823} INFO - Setting next_dagrun for dataset_consumes_1_and_2 to None, run_after=None
[2025-06-28T04:43:49.152+0000] {logging_mixin.py:188} INFO - [2025-06-28T04:43:49.152+0000] {dag.py:3823} INFO - Setting next_dagrun for dataset_consumes_1_never_scheduled to None, run_after=None
[2025-06-28T04:43:49.153+0000] {logging_mixin.py:188} INFO - [2025-06-28T04:43:49.152+0000] {dag.py:3823} INFO - Setting next_dagrun for dataset_consumes_unknown_never_scheduled to None, run_after=None
[2025-06-28T04:43:49.154+0000] {logging_mixin.py:188} INFO - [2025-06-28T04:43:49.154+0000] {dag.py:3823} INFO - Setting next_dagrun for dataset_produces_1 to 2025-06-27 00:00:00+00:00, run_after=2025-06-28 00:00:00+00:00
[2025-06-28T04:43:49.155+0000] {logging_mixin.py:188} INFO - [2025-06-28T04:43:49.155+0000] {dag.py:3823} INFO - Setting next_dagrun for dataset_produces_2 to None, run_after=None
[2025-06-28T04:43:49.184+0000] {processor.py:183} INFO - Processing /home/airflow/.local/lib/python3.8/site-packages/airflow/example_dags/example_datasets.py took 0.093 seconds
[2025-06-28T04:44:19.540+0000] {processor.py:161} INFO - Started process (PID=6130) to work on /home/airflow/.local/lib/python3.8/site-packages/airflow/example_dags/example_datasets.py
[2025-06-28T04:44:19.540+0000] {processor.py:830} INFO - Processing file /home/airflow/.local/lib/python3.8/site-packages/airflow/example_dags/example_datasets.py for tasks to queue
[2025-06-28T04:44:19.541+0000] {logging_mixin.py:188} INFO - [2025-06-28T04:44:19.541+0000] {dagbag.py:538} INFO - Filling up the DagBag from /home/airflow/.local/lib/python3.8/site-packages/airflow/example_dags/example_datasets.py
[2025-06-28T04:44:19.547+0000] {processor.py:840} INFO - DAG(s) 'dataset_consumes_1_never_scheduled', 'dataset_consumes_unknown_never_scheduled', 'dataset_produces_1', 'dataset_produces_2', 'dataset_consumes_1_and_2', 'dataset_consumes_1' retrieved from /home/airflow/.local/lib/python3.8/site-packages/airflow/example_dags/example_datasets.py
[2025-06-28T04:44:19.569+0000] {logging_mixin.py:188} INFO - [2025-06-28T04:44:19.569+0000] {dag.py:3036} INFO - Sync 6 DAGs
[2025-06-28T04:44:19.584+0000] {logging_mixin.py:188} INFO - [2025-06-28T04:44:19.584+0000] {dag.py:3823} INFO - Setting next_dagrun for dataset_consumes_1 to None, run_after=None
[2025-06-28T04:44:19.586+0000] {logging_mixin.py:188} INFO - [2025-06-28T04:44:19.586+0000] {dag.py:3823} INFO - Setting next_dagrun for dataset_consumes_1_and_2 to None, run_after=None
[2025-06-28T04:44:19.587+0000] {logging_mixin.py:188} INFO - [2025-06-28T04:44:19.586+0000] {dag.py:3823} INFO - Setting next_dagrun for dataset_consumes_1_never_scheduled to None, run_after=None
[2025-06-28T04:44:19.588+0000] {logging_mixin.py:188} INFO - [2025-06-28T04:44:19.588+0000] {dag.py:3823} INFO - Setting next_dagrun for dataset_consumes_unknown_never_scheduled to None, run_after=None
[2025-06-28T04:44:19.590+0000] {logging_mixin.py:188} INFO - [2025-06-28T04:44:19.590+0000] {dag.py:3823} INFO - Setting next_dagrun for dataset_produces_1 to 2025-06-27 00:00:00+00:00, run_after=2025-06-28 00:00:00+00:00
[2025-06-28T04:44:19.591+0000] {logging_mixin.py:188} INFO - [2025-06-28T04:44:19.591+0000] {dag.py:3823} INFO - Setting next_dagrun for dataset_produces_2 to None, run_after=None
[2025-06-28T04:44:19.611+0000] {processor.py:183} INFO - Processing /home/airflow/.local/lib/python3.8/site-packages/airflow/example_dags/example_datasets.py took 0.073 seconds
[2025-06-28T04:44:49.698+0000] {processor.py:161} INFO - Started process (PID=6380) to work on /home/airflow/.local/lib/python3.8/site-packages/airflow/example_dags/example_datasets.py
[2025-06-28T04:44:49.698+0000] {processor.py:830} INFO - Processing file /home/airflow/.local/lib/python3.8/site-packages/airflow/example_dags/example_datasets.py for tasks to queue
[2025-06-28T04:44:49.699+0000] {logging_mixin.py:188} INFO - [2025-06-28T04:44:49.699+0000] {dagbag.py:538} INFO - Filling up the DagBag from /home/airflow/.local/lib/python3.8/site-packages/airflow/example_dags/example_datasets.py
[2025-06-28T04:44:49.704+0000] {processor.py:840} INFO - DAG(s) 'dataset_consumes_1', 'dataset_produces_2', 'dataset_consumes_1_never_scheduled', 'dataset_consumes_unknown_never_scheduled', 'dataset_produces_1', 'dataset_consumes_1_and_2' retrieved from /home/airflow/.local/lib/python3.8/site-packages/airflow/example_dags/example_datasets.py
[2025-06-28T04:44:49.728+0000] {logging_mixin.py:188} INFO - [2025-06-28T04:44:49.728+0000] {dag.py:3036} INFO - Sync 6 DAGs
[2025-06-28T04:44:49.742+0000] {logging_mixin.py:188} INFO - [2025-06-28T04:44:49.741+0000] {dag.py:3823} INFO - Setting next_dagrun for dataset_consumes_1 to None, run_after=None
[2025-06-28T04:44:49.745+0000] {logging_mixin.py:188} INFO - [2025-06-28T04:44:49.745+0000] {dag.py:3823} INFO - Setting next_dagrun for dataset_consumes_1_and_2 to None, run_after=None
[2025-06-28T04:44:49.747+0000] {logging_mixin.py:188} INFO - [2025-06-28T04:44:49.747+0000] {dag.py:3823} INFO - Setting next_dagrun for dataset_consumes_1_never_scheduled to None, run_after=None
[2025-06-28T04:44:49.749+0000] {logging_mixin.py:188} INFO - [2025-06-28T04:44:49.748+0000] {dag.py:3823} INFO - Setting next_dagrun for dataset_consumes_unknown_never_scheduled to None, run_after=None
[2025-06-28T04:44:49.752+0000] {logging_mixin.py:188} INFO - [2025-06-28T04:44:49.752+0000] {dag.py:3823} INFO - Setting next_dagrun for dataset_produces_1 to 2025-06-27 00:00:00+00:00, run_after=2025-06-28 00:00:00+00:00
[2025-06-28T04:44:49.754+0000] {logging_mixin.py:188} INFO - [2025-06-28T04:44:49.754+0000] {dag.py:3823} INFO - Setting next_dagrun for dataset_produces_2 to None, run_after=None
[2025-06-28T04:44:49.792+0000] {processor.py:183} INFO - Processing /home/airflow/.local/lib/python3.8/site-packages/airflow/example_dags/example_datasets.py took 0.097 seconds
[2025-06-28T04:45:19.859+0000] {processor.py:161} INFO - Started process (PID=6630) to work on /home/airflow/.local/lib/python3.8/site-packages/airflow/example_dags/example_datasets.py
[2025-06-28T04:45:19.859+0000] {processor.py:830} INFO - Processing file /home/airflow/.local/lib/python3.8/site-packages/airflow/example_dags/example_datasets.py for tasks to queue
[2025-06-28T04:45:19.860+0000] {logging_mixin.py:188} INFO - [2025-06-28T04:45:19.860+0000] {dagbag.py:538} INFO - Filling up the DagBag from /home/airflow/.local/lib/python3.8/site-packages/airflow/example_dags/example_datasets.py
[2025-06-28T04:45:19.865+0000] {processor.py:840} INFO - DAG(s) 'dataset_consumes_1', 'dataset_consumes_1_and_2', 'dataset_consumes_unknown_never_scheduled', 'dataset_consumes_1_never_scheduled', 'dataset_produces_2', 'dataset_produces_1' retrieved from /home/airflow/.local/lib/python3.8/site-packages/airflow/example_dags/example_datasets.py
[2025-06-28T04:45:19.885+0000] {logging_mixin.py:188} INFO - [2025-06-28T04:45:19.885+0000] {dag.py:3036} INFO - Sync 6 DAGs
[2025-06-28T04:45:19.899+0000] {logging_mixin.py:188} INFO - [2025-06-28T04:45:19.898+0000] {dag.py:3823} INFO - Setting next_dagrun for dataset_consumes_1 to None, run_after=None
[2025-06-28T04:45:19.900+0000] {logging_mixin.py:188} INFO - [2025-06-28T04:45:19.900+0000] {dag.py:3823} INFO - Setting next_dagrun for dataset_consumes_1_and_2 to None, run_after=None
[2025-06-28T04:45:19.901+0000] {logging_mixin.py:188} INFO - [2025-06-28T04:45:19.901+0000] {dag.py:3823} INFO - Setting next_dagrun for dataset_consumes_1_never_scheduled to None, run_after=None
[2025-06-28T04:45:19.902+0000] {logging_mixin.py:188} INFO - [2025-06-28T04:45:19.902+0000] {dag.py:3823} INFO - Setting next_dagrun for dataset_consumes_unknown_never_scheduled to None, run_after=None
[2025-06-28T04:45:19.903+0000] {logging_mixin.py:188} INFO - [2025-06-28T04:45:19.903+0000] {dag.py:3823} INFO - Setting next_dagrun for dataset_produces_1 to 2025-06-27 00:00:00+00:00, run_after=2025-06-28 00:00:00+00:00
[2025-06-28T04:45:19.904+0000] {logging_mixin.py:188} INFO - [2025-06-28T04:45:19.904+0000] {dag.py:3823} INFO - Setting next_dagrun for dataset_produces_2 to None, run_after=None
[2025-06-28T04:45:19.919+0000] {processor.py:183} INFO - Processing /home/airflow/.local/lib/python3.8/site-packages/airflow/example_dags/example_datasets.py took 0.063 seconds
[2025-06-28T04:45:50.408+0000] {processor.py:161} INFO - Started process (PID=6880) to work on /home/airflow/.local/lib/python3.8/site-packages/airflow/example_dags/example_datasets.py
[2025-06-28T04:45:50.408+0000] {processor.py:830} INFO - Processing file /home/airflow/.local/lib/python3.8/site-packages/airflow/example_dags/example_datasets.py for tasks to queue
[2025-06-28T04:45:50.409+0000] {logging_mixin.py:188} INFO - [2025-06-28T04:45:50.409+0000] {dagbag.py:538} INFO - Filling up the DagBag from /home/airflow/.local/lib/python3.8/site-packages/airflow/example_dags/example_datasets.py
[2025-06-28T04:45:50.415+0000] {processor.py:840} INFO - DAG(s) 'dataset_consumes_1_and_2', 'dataset_consumes_1', 'dataset_produces_2', 'dataset_consumes_unknown_never_scheduled', 'dataset_produces_1', 'dataset_consumes_1_never_scheduled' retrieved from /home/airflow/.local/lib/python3.8/site-packages/airflow/example_dags/example_datasets.py
[2025-06-28T04:45:50.442+0000] {logging_mixin.py:188} INFO - [2025-06-28T04:45:50.442+0000] {dag.py:3036} INFO - Sync 6 DAGs
[2025-06-28T04:45:50.455+0000] {logging_mixin.py:188} INFO - [2025-06-28T04:45:50.455+0000] {dag.py:3823} INFO - Setting next_dagrun for dataset_consumes_1 to None, run_after=None
[2025-06-28T04:45:50.458+0000] {logging_mixin.py:188} INFO - [2025-06-28T04:45:50.458+0000] {dag.py:3823} INFO - Setting next_dagrun for dataset_consumes_1_and_2 to None, run_after=None
[2025-06-28T04:45:50.459+0000] {logging_mixin.py:188} INFO - [2025-06-28T04:45:50.458+0000] {dag.py:3823} INFO - Setting next_dagrun for dataset_consumes_1_never_scheduled to None, run_after=None
[2025-06-28T04:45:50.459+0000] {logging_mixin.py:188} INFO - [2025-06-28T04:45:50.459+0000] {dag.py:3823} INFO - Setting next_dagrun for dataset_consumes_unknown_never_scheduled to None, run_after=None
[2025-06-28T04:45:50.461+0000] {logging_mixin.py:188} INFO - [2025-06-28T04:45:50.461+0000] {dag.py:3823} INFO - Setting next_dagrun for dataset_produces_1 to 2025-06-27 00:00:00+00:00, run_after=2025-06-28 00:00:00+00:00
[2025-06-28T04:45:50.462+0000] {logging_mixin.py:188} INFO - [2025-06-28T04:45:50.461+0000] {dag.py:3823} INFO - Setting next_dagrun for dataset_produces_2 to None, run_after=None
[2025-06-28T04:45:50.488+0000] {processor.py:183} INFO - Processing /home/airflow/.local/lib/python3.8/site-packages/airflow/example_dags/example_datasets.py took 0.082 seconds
[2025-06-28T04:46:20.777+0000] {processor.py:161} INFO - Started process (PID=7130) to work on /home/airflow/.local/lib/python3.8/site-packages/airflow/example_dags/example_datasets.py
[2025-06-28T04:46:20.778+0000] {processor.py:830} INFO - Processing file /home/airflow/.local/lib/python3.8/site-packages/airflow/example_dags/example_datasets.py for tasks to queue
[2025-06-28T04:46:20.780+0000] {logging_mixin.py:188} INFO - [2025-06-28T04:46:20.779+0000] {dagbag.py:538} INFO - Filling up the DagBag from /home/airflow/.local/lib/python3.8/site-packages/airflow/example_dags/example_datasets.py
[2025-06-28T04:46:20.785+0000] {processor.py:840} INFO - DAG(s) 'dataset_produces_2', 'dataset_consumes_1', 'dataset_consumes_1_never_scheduled', 'dataset_consumes_unknown_never_scheduled', 'dataset_produces_1', 'dataset_consumes_1_and_2' retrieved from /home/airflow/.local/lib/python3.8/site-packages/airflow/example_dags/example_datasets.py
[2025-06-28T04:46:20.816+0000] {logging_mixin.py:188} INFO - [2025-06-28T04:46:20.816+0000] {dag.py:3036} INFO - Sync 6 DAGs
[2025-06-28T04:46:20.832+0000] {logging_mixin.py:188} INFO - [2025-06-28T04:46:20.832+0000] {dag.py:3823} INFO - Setting next_dagrun for dataset_consumes_1 to None, run_after=None
[2025-06-28T04:46:20.834+0000] {logging_mixin.py:188} INFO - [2025-06-28T04:46:20.834+0000] {dag.py:3823} INFO - Setting next_dagrun for dataset_consumes_1_and_2 to None, run_after=None
[2025-06-28T04:46:20.835+0000] {logging_mixin.py:188} INFO - [2025-06-28T04:46:20.835+0000] {dag.py:3823} INFO - Setting next_dagrun for dataset_consumes_1_never_scheduled to None, run_after=None
[2025-06-28T04:46:20.836+0000] {logging_mixin.py:188} INFO - [2025-06-28T04:46:20.836+0000] {dag.py:3823} INFO - Setting next_dagrun for dataset_consumes_unknown_never_scheduled to None, run_after=None
[2025-06-28T04:46:20.837+0000] {logging_mixin.py:188} INFO - [2025-06-28T04:46:20.837+0000] {dag.py:3823} INFO - Setting next_dagrun for dataset_produces_1 to 2025-06-27 00:00:00+00:00, run_after=2025-06-28 00:00:00+00:00
[2025-06-28T04:46:20.838+0000] {logging_mixin.py:188} INFO - [2025-06-28T04:46:20.838+0000] {dag.py:3823} INFO - Setting next_dagrun for dataset_produces_2 to None, run_after=None
[2025-06-28T04:46:20.863+0000] {processor.py:183} INFO - Processing /home/airflow/.local/lib/python3.8/site-packages/airflow/example_dags/example_datasets.py took 0.088 seconds
[2025-06-28T04:46:51.457+0000] {processor.py:161} INFO - Started process (PID=7380) to work on /home/airflow/.local/lib/python3.8/site-packages/airflow/example_dags/example_datasets.py
[2025-06-28T04:46:51.457+0000] {processor.py:830} INFO - Processing file /home/airflow/.local/lib/python3.8/site-packages/airflow/example_dags/example_datasets.py for tasks to queue
[2025-06-28T04:46:51.458+0000] {logging_mixin.py:188} INFO - [2025-06-28T04:46:51.458+0000] {dagbag.py:538} INFO - Filling up the DagBag from /home/airflow/.local/lib/python3.8/site-packages/airflow/example_dags/example_datasets.py
[2025-06-28T04:46:51.464+0000] {processor.py:840} INFO - DAG(s) 'dataset_consumes_1_and_2', 'dataset_produces_2', 'dataset_produces_1', 'dataset_consumes_1_never_scheduled', 'dataset_consumes_unknown_never_scheduled', 'dataset_consumes_1' retrieved from /home/airflow/.local/lib/python3.8/site-packages/airflow/example_dags/example_datasets.py
[2025-06-28T04:46:51.483+0000] {logging_mixin.py:188} INFO - [2025-06-28T04:46:51.483+0000] {dag.py:3036} INFO - Sync 6 DAGs
[2025-06-28T04:46:51.495+0000] {logging_mixin.py:188} INFO - [2025-06-28T04:46:51.495+0000] {dag.py:3823} INFO - Setting next_dagrun for dataset_consumes_1 to None, run_after=None
[2025-06-28T04:46:51.497+0000] {logging_mixin.py:188} INFO - [2025-06-28T04:46:51.497+0000] {dag.py:3823} INFO - Setting next_dagrun for dataset_consumes_1_and_2 to None, run_after=None
[2025-06-28T04:46:51.498+0000] {logging_mixin.py:188} INFO - [2025-06-28T04:46:51.497+0000] {dag.py:3823} INFO - Setting next_dagrun for dataset_consumes_1_never_scheduled to None, run_after=None
[2025-06-28T04:46:51.498+0000] {logging_mixin.py:188} INFO - [2025-06-28T04:46:51.498+0000] {dag.py:3823} INFO - Setting next_dagrun for dataset_consumes_unknown_never_scheduled to None, run_after=None
[2025-06-28T04:46:51.499+0000] {logging_mixin.py:188} INFO - [2025-06-28T04:46:51.499+0000] {dag.py:3823} INFO - Setting next_dagrun for dataset_produces_1 to 2025-06-27 00:00:00+00:00, run_after=2025-06-28 00:00:00+00:00
[2025-06-28T04:46:51.500+0000] {logging_mixin.py:188} INFO - [2025-06-28T04:46:51.500+0000] {dag.py:3823} INFO - Setting next_dagrun for dataset_produces_2 to None, run_after=None
[2025-06-28T04:46:51.515+0000] {processor.py:183} INFO - Processing /home/airflow/.local/lib/python3.8/site-packages/airflow/example_dags/example_datasets.py took 0.060 seconds
[2025-06-28T04:47:21.706+0000] {processor.py:161} INFO - Started process (PID=7629) to work on /home/airflow/.local/lib/python3.8/site-packages/airflow/example_dags/example_datasets.py
[2025-06-28T04:47:21.707+0000] {processor.py:830} INFO - Processing file /home/airflow/.local/lib/python3.8/site-packages/airflow/example_dags/example_datasets.py for tasks to queue
[2025-06-28T04:47:21.708+0000] {logging_mixin.py:188} INFO - [2025-06-28T04:47:21.708+0000] {dagbag.py:538} INFO - Filling up the DagBag from /home/airflow/.local/lib/python3.8/site-packages/airflow/example_dags/example_datasets.py
[2025-06-28T04:47:21.713+0000] {processor.py:840} INFO - DAG(s) 'dataset_consumes_unknown_never_scheduled', 'dataset_consumes_1', 'dataset_consumes_1_and_2', 'dataset_produces_1', 'dataset_consumes_1_never_scheduled', 'dataset_produces_2' retrieved from /home/airflow/.local/lib/python3.8/site-packages/airflow/example_dags/example_datasets.py
[2025-06-28T04:47:21.738+0000] {logging_mixin.py:188} INFO - [2025-06-28T04:47:21.738+0000] {dag.py:3036} INFO - Sync 6 DAGs
[2025-06-28T04:47:21.752+0000] {logging_mixin.py:188} INFO - [2025-06-28T04:47:21.752+0000] {dag.py:3823} INFO - Setting next_dagrun for dataset_consumes_1 to None, run_after=None
[2025-06-28T04:47:21.754+0000] {logging_mixin.py:188} INFO - [2025-06-28T04:47:21.754+0000] {dag.py:3823} INFO - Setting next_dagrun for dataset_consumes_1_and_2 to None, run_after=None
[2025-06-28T04:47:21.755+0000] {logging_mixin.py:188} INFO - [2025-06-28T04:47:21.755+0000] {dag.py:3823} INFO - Setting next_dagrun for dataset_consumes_1_never_scheduled to None, run_after=None
[2025-06-28T04:47:21.757+0000] {logging_mixin.py:188} INFO - [2025-06-28T04:47:21.756+0000] {dag.py:3823} INFO - Setting next_dagrun for dataset_consumes_unknown_never_scheduled to None, run_after=None
[2025-06-28T04:47:21.758+0000] {logging_mixin.py:188} INFO - [2025-06-28T04:47:21.758+0000] {dag.py:3823} INFO - Setting next_dagrun for dataset_produces_1 to 2025-06-27 00:00:00+00:00, run_after=2025-06-28 00:00:00+00:00
[2025-06-28T04:47:21.759+0000] {logging_mixin.py:188} INFO - [2025-06-28T04:47:21.759+0000] {dag.py:3823} INFO - Setting next_dagrun for dataset_produces_2 to None, run_after=None
[2025-06-28T04:47:21.788+0000] {processor.py:183} INFO - Processing /home/airflow/.local/lib/python3.8/site-packages/airflow/example_dags/example_datasets.py took 0.084 seconds
[2025-06-28T04:47:51.820+0000] {processor.py:161} INFO - Started process (PID=7880) to work on /home/airflow/.local/lib/python3.8/site-packages/airflow/example_dags/example_datasets.py
[2025-06-28T04:47:51.821+0000] {processor.py:830} INFO - Processing file /home/airflow/.local/lib/python3.8/site-packages/airflow/example_dags/example_datasets.py for tasks to queue
[2025-06-28T04:47:51.822+0000] {logging_mixin.py:188} INFO - [2025-06-28T04:47:51.822+0000] {dagbag.py:538} INFO - Filling up the DagBag from /home/airflow/.local/lib/python3.8/site-packages/airflow/example_dags/example_datasets.py
[2025-06-28T04:47:51.827+0000] {processor.py:840} INFO - DAG(s) 'dataset_produces_2', 'dataset_consumes_1_never_scheduled', 'dataset_consumes_unknown_never_scheduled', 'dataset_consumes_1_and_2', 'dataset_produces_1', 'dataset_consumes_1' retrieved from /home/airflow/.local/lib/python3.8/site-packages/airflow/example_dags/example_datasets.py
[2025-06-28T04:47:51.855+0000] {logging_mixin.py:188} INFO - [2025-06-28T04:47:51.854+0000] {dag.py:3036} INFO - Sync 6 DAGs
[2025-06-28T04:47:51.867+0000] {logging_mixin.py:188} INFO - [2025-06-28T04:47:51.867+0000] {dag.py:3823} INFO - Setting next_dagrun for dataset_consumes_1 to None, run_after=None
[2025-06-28T04:47:51.870+0000] {logging_mixin.py:188} INFO - [2025-06-28T04:47:51.870+0000] {dag.py:3823} INFO - Setting next_dagrun for dataset_consumes_1_and_2 to None, run_after=None
[2025-06-28T04:47:51.872+0000] {logging_mixin.py:188} INFO - [2025-06-28T04:47:51.872+0000] {dag.py:3823} INFO - Setting next_dagrun for dataset_consumes_1_never_scheduled to None, run_after=None
[2025-06-28T04:47:51.873+0000] {logging_mixin.py:188} INFO - [2025-06-28T04:47:51.873+0000] {dag.py:3823} INFO - Setting next_dagrun for dataset_consumes_unknown_never_scheduled to None, run_after=None
[2025-06-28T04:47:51.875+0000] {logging_mixin.py:188} INFO - [2025-06-28T04:47:51.875+0000] {dag.py:3823} INFO - Setting next_dagrun for dataset_produces_1 to 2025-06-27 00:00:00+00:00, run_after=2025-06-28 00:00:00+00:00
[2025-06-28T04:47:51.876+0000] {logging_mixin.py:188} INFO - [2025-06-28T04:47:51.875+0000] {dag.py:3823} INFO - Setting next_dagrun for dataset_produces_2 to None, run_after=None
[2025-06-28T04:47:51.897+0000] {processor.py:183} INFO - Processing /home/airflow/.local/lib/python3.8/site-packages/airflow/example_dags/example_datasets.py took 0.079 seconds
[2025-06-28T04:48:22.253+0000] {processor.py:161} INFO - Started process (PID=8130) to work on /home/airflow/.local/lib/python3.8/site-packages/airflow/example_dags/example_datasets.py
[2025-06-28T04:48:22.255+0000] {processor.py:830} INFO - Processing file /home/airflow/.local/lib/python3.8/site-packages/airflow/example_dags/example_datasets.py for tasks to queue
[2025-06-28T04:48:22.256+0000] {logging_mixin.py:188} INFO - [2025-06-28T04:48:22.256+0000] {dagbag.py:538} INFO - Filling up the DagBag from /home/airflow/.local/lib/python3.8/site-packages/airflow/example_dags/example_datasets.py
[2025-06-28T04:48:22.264+0000] {processor.py:840} INFO - DAG(s) 'dataset_produces_2', 'dataset_consumes_1', 'dataset_produces_1', 'dataset_consumes_unknown_never_scheduled', 'dataset_consumes_1_never_scheduled', 'dataset_consumes_1_and_2' retrieved from /home/airflow/.local/lib/python3.8/site-packages/airflow/example_dags/example_datasets.py
[2025-06-28T04:48:22.292+0000] {logging_mixin.py:188} INFO - [2025-06-28T04:48:22.292+0000] {dag.py:3036} INFO - Sync 6 DAGs
[2025-06-28T04:48:22.307+0000] {logging_mixin.py:188} INFO - [2025-06-28T04:48:22.307+0000] {dag.py:3823} INFO - Setting next_dagrun for dataset_consumes_1 to None, run_after=None
[2025-06-28T04:48:22.309+0000] {logging_mixin.py:188} INFO - [2025-06-28T04:48:22.309+0000] {dag.py:3823} INFO - Setting next_dagrun for dataset_consumes_1_and_2 to None, run_after=None
[2025-06-28T04:48:22.310+0000] {logging_mixin.py:188} INFO - [2025-06-28T04:48:22.310+0000] {dag.py:3823} INFO - Setting next_dagrun for dataset_consumes_1_never_scheduled to None, run_after=None
[2025-06-28T04:48:22.311+0000] {logging_mixin.py:188} INFO - [2025-06-28T04:48:22.311+0000] {dag.py:3823} INFO - Setting next_dagrun for dataset_consumes_unknown_never_scheduled to None, run_after=None
[2025-06-28T04:48:22.313+0000] {logging_mixin.py:188} INFO - [2025-06-28T04:48:22.313+0000] {dag.py:3823} INFO - Setting next_dagrun for dataset_produces_1 to 2025-06-27 00:00:00+00:00, run_after=2025-06-28 00:00:00+00:00
[2025-06-28T04:48:22.314+0000] {logging_mixin.py:188} INFO - [2025-06-28T04:48:22.314+0000] {dag.py:3823} INFO - Setting next_dagrun for dataset_produces_2 to None, run_after=None
[2025-06-28T04:48:22.338+0000] {processor.py:183} INFO - Processing /home/airflow/.local/lib/python3.8/site-packages/airflow/example_dags/example_datasets.py took 0.089 seconds
