[2025-06-28T04:32:40.402+0000] {processor.py:161} INFO - Started process (PID=405) to work on /home/airflow/.local/lib/python3.8/site-packages/airflow/example_dags/example_latest_only.py
[2025-06-28T04:32:40.403+0000] {processor.py:830} INFO - Processing file /home/airflow/.local/lib/python3.8/site-packages/airflow/example_dags/example_latest_only.py for tasks to queue
[2025-06-28T04:32:40.404+0000] {logging_mixin.py:188} INFO - [2025-06-28T04:32:40.404+0000] {dagbag.py:538} INFO - Filling up the DagBag from /home/airflow/.local/lib/python3.8/site-packages/airflow/example_dags/example_latest_only.py
[2025-06-28T04:32:40.410+0000] {processor.py:840} INFO - DAG(s) 'latest_only' retrieved from /home/airflow/.local/lib/python3.8/site-packages/airflow/example_dags/example_latest_only.py
[2025-06-28T04:32:40.420+0000] {logging_mixin.py:188} INFO - [2025-06-28T04:32:40.420+0000] {dag.py:3036} INFO - Sync 1 DAGs
[2025-06-28T04:32:40.438+0000] {logging_mixin.py:188} INFO - [2025-06-28T04:32:40.438+0000] {dag.py:3823} INFO - Setting next_dagrun for latest_only to 2025-06-28 00:00:00+00:00, run_after=2025-06-28 04:00:00+00:00
[2025-06-28T04:32:40.453+0000] {processor.py:183} INFO - Processing /home/airflow/.local/lib/python3.8/site-packages/airflow/example_dags/example_latest_only.py took 0.055 seconds
[2025-06-28T04:33:12.159+0000] {processor.py:161} INFO - Started process (PID=653) to work on /home/airflow/.local/lib/python3.8/site-packages/airflow/example_dags/example_latest_only.py
[2025-06-28T04:33:12.161+0000] {processor.py:830} INFO - Processing file /home/airflow/.local/lib/python3.8/site-packages/airflow/example_dags/example_latest_only.py for tasks to queue
[2025-06-28T04:33:12.162+0000] {logging_mixin.py:188} INFO - [2025-06-28T04:33:12.162+0000] {dagbag.py:538} INFO - Filling up the DagBag from /home/airflow/.local/lib/python3.8/site-packages/airflow/example_dags/example_latest_only.py
[2025-06-28T04:33:12.166+0000] {processor.py:840} INFO - DAG(s) 'latest_only' retrieved from /home/airflow/.local/lib/python3.8/site-packages/airflow/example_dags/example_latest_only.py
[2025-06-28T04:33:12.242+0000] {logging_mixin.py:188} INFO - [2025-06-28T04:33:12.241+0000] {dag.py:3036} INFO - Sync 1 DAGs
[2025-06-28T04:33:12.258+0000] {logging_mixin.py:188} INFO - [2025-06-28T04:33:12.258+0000] {dag.py:3823} INFO - Setting next_dagrun for latest_only to 2025-06-28 00:00:00+00:00, run_after=2025-06-28 04:00:00+00:00
[2025-06-28T04:33:12.274+0000] {processor.py:183} INFO - Processing /home/airflow/.local/lib/python3.8/site-packages/airflow/example_dags/example_latest_only.py took 0.117 seconds
[2025-06-28T04:33:42.737+0000] {processor.py:161} INFO - Started process (PID=903) to work on /home/airflow/.local/lib/python3.8/site-packages/airflow/example_dags/example_latest_only.py
[2025-06-28T04:33:42.737+0000] {processor.py:830} INFO - Processing file /home/airflow/.local/lib/python3.8/site-packages/airflow/example_dags/example_latest_only.py for tasks to queue
[2025-06-28T04:33:42.738+0000] {logging_mixin.py:188} INFO - [2025-06-28T04:33:42.738+0000] {dagbag.py:538} INFO - Filling up the DagBag from /home/airflow/.local/lib/python3.8/site-packages/airflow/example_dags/example_latest_only.py
[2025-06-28T04:33:42.741+0000] {processor.py:840} INFO - DAG(s) 'latest_only' retrieved from /home/airflow/.local/lib/python3.8/site-packages/airflow/example_dags/example_latest_only.py
[2025-06-28T04:33:42.755+0000] {logging_mixin.py:188} INFO - [2025-06-28T04:33:42.754+0000] {dag.py:3036} INFO - Sync 1 DAGs
[2025-06-28T04:33:42.770+0000] {logging_mixin.py:188} INFO - [2025-06-28T04:33:42.769+0000] {dag.py:3823} INFO - Setting next_dagrun for latest_only to 2025-06-28 00:00:00+00:00, run_after=2025-06-28 04:00:00+00:00
[2025-06-28T04:33:42.783+0000] {processor.py:183} INFO - Processing /home/airflow/.local/lib/python3.8/site-packages/airflow/example_dags/example_latest_only.py took 0.048 seconds
[2025-06-28T04:34:13.061+0000] {processor.py:161} INFO - Started process (PID=1153) to work on /home/airflow/.local/lib/python3.8/site-packages/airflow/example_dags/example_latest_only.py
[2025-06-28T04:34:13.061+0000] {processor.py:830} INFO - Processing file /home/airflow/.local/lib/python3.8/site-packages/airflow/example_dags/example_latest_only.py for tasks to queue
[2025-06-28T04:34:13.063+0000] {logging_mixin.py:188} INFO - [2025-06-28T04:34:13.063+0000] {dagbag.py:538} INFO - Filling up the DagBag from /home/airflow/.local/lib/python3.8/site-packages/airflow/example_dags/example_latest_only.py
[2025-06-28T04:34:13.067+0000] {processor.py:840} INFO - DAG(s) 'latest_only' retrieved from /home/airflow/.local/lib/python3.8/site-packages/airflow/example_dags/example_latest_only.py
[2025-06-28T04:34:13.119+0000] {logging_mixin.py:188} INFO - [2025-06-28T04:34:13.117+0000] {dag.py:3036} INFO - Sync 1 DAGs
[2025-06-28T04:34:13.170+0000] {logging_mixin.py:188} INFO - [2025-06-28T04:34:13.170+0000] {dag.py:3823} INFO - Setting next_dagrun for latest_only to 2025-06-28 00:00:00+00:00, run_after=2025-06-28 04:00:00+00:00
[2025-06-28T04:34:13.185+0000] {processor.py:183} INFO - Processing /home/airflow/.local/lib/python3.8/site-packages/airflow/example_dags/example_latest_only.py took 0.127 seconds
[2025-06-28T04:34:43.530+0000] {processor.py:161} INFO - Started process (PID=1405) to work on /home/airflow/.local/lib/python3.8/site-packages/airflow/example_dags/example_latest_only.py
[2025-06-28T04:34:43.531+0000] {processor.py:830} INFO - Processing file /home/airflow/.local/lib/python3.8/site-packages/airflow/example_dags/example_latest_only.py for tasks to queue
[2025-06-28T04:34:43.533+0000] {logging_mixin.py:188} INFO - [2025-06-28T04:34:43.533+0000] {dagbag.py:538} INFO - Filling up the DagBag from /home/airflow/.local/lib/python3.8/site-packages/airflow/example_dags/example_latest_only.py
[2025-06-28T04:34:43.537+0000] {processor.py:840} INFO - DAG(s) 'latest_only' retrieved from /home/airflow/.local/lib/python3.8/site-packages/airflow/example_dags/example_latest_only.py
[2025-06-28T04:34:43.549+0000] {logging_mixin.py:188} INFO - [2025-06-28T04:34:43.549+0000] {dag.py:3036} INFO - Sync 1 DAGs
[2025-06-28T04:34:43.563+0000] {logging_mixin.py:188} INFO - [2025-06-28T04:34:43.562+0000] {dag.py:3823} INFO - Setting next_dagrun for latest_only to 2025-06-28 00:00:00+00:00, run_after=2025-06-28 04:00:00+00:00
[2025-06-28T04:34:43.578+0000] {processor.py:183} INFO - Processing /home/airflow/.local/lib/python3.8/site-packages/airflow/example_dags/example_latest_only.py took 0.050 seconds
[2025-06-28T04:35:13.997+0000] {processor.py:161} INFO - Started process (PID=1653) to work on /home/airflow/.local/lib/python3.8/site-packages/airflow/example_dags/example_latest_only.py
[2025-06-28T04:35:13.998+0000] {processor.py:830} INFO - Processing file /home/airflow/.local/lib/python3.8/site-packages/airflow/example_dags/example_latest_only.py for tasks to queue
[2025-06-28T04:35:14.000+0000] {logging_mixin.py:188} INFO - [2025-06-28T04:35:13.999+0000] {dagbag.py:538} INFO - Filling up the DagBag from /home/airflow/.local/lib/python3.8/site-packages/airflow/example_dags/example_latest_only.py
[2025-06-28T04:35:14.004+0000] {processor.py:840} INFO - DAG(s) 'latest_only' retrieved from /home/airflow/.local/lib/python3.8/site-packages/airflow/example_dags/example_latest_only.py
[2025-06-28T04:35:14.016+0000] {logging_mixin.py:188} INFO - [2025-06-28T04:35:14.016+0000] {dag.py:3036} INFO - Sync 1 DAGs
[2025-06-28T04:35:14.029+0000] {logging_mixin.py:188} INFO - [2025-06-28T04:35:14.029+0000] {dag.py:3823} INFO - Setting next_dagrun for latest_only to 2025-06-28 00:00:00+00:00, run_after=2025-06-28 04:00:00+00:00
[2025-06-28T04:35:14.044+0000] {processor.py:183} INFO - Processing /home/airflow/.local/lib/python3.8/site-packages/airflow/example_dags/example_latest_only.py took 0.049 seconds
[2025-06-28T04:35:44.566+0000] {processor.py:161} INFO - Started process (PID=1903) to work on /home/airflow/.local/lib/python3.8/site-packages/airflow/example_dags/example_latest_only.py
[2025-06-28T04:35:44.567+0000] {processor.py:830} INFO - Processing file /home/airflow/.local/lib/python3.8/site-packages/airflow/example_dags/example_latest_only.py for tasks to queue
[2025-06-28T04:35:44.568+0000] {logging_mixin.py:188} INFO - [2025-06-28T04:35:44.568+0000] {dagbag.py:538} INFO - Filling up the DagBag from /home/airflow/.local/lib/python3.8/site-packages/airflow/example_dags/example_latest_only.py
[2025-06-28T04:35:44.571+0000] {processor.py:840} INFO - DAG(s) 'latest_only' retrieved from /home/airflow/.local/lib/python3.8/site-packages/airflow/example_dags/example_latest_only.py
[2025-06-28T04:35:44.583+0000] {logging_mixin.py:188} INFO - [2025-06-28T04:35:44.583+0000] {dag.py:3036} INFO - Sync 1 DAGs
[2025-06-28T04:35:44.600+0000] {logging_mixin.py:188} INFO - [2025-06-28T04:35:44.600+0000] {dag.py:3823} INFO - Setting next_dagrun for latest_only to 2025-06-28 00:00:00+00:00, run_after=2025-06-28 04:00:00+00:00
[2025-06-28T04:35:44.616+0000] {processor.py:183} INFO - Processing /home/airflow/.local/lib/python3.8/site-packages/airflow/example_dags/example_latest_only.py took 0.051 seconds
[2025-06-28T04:36:14.864+0000] {processor.py:161} INFO - Started process (PID=2153) to work on /home/airflow/.local/lib/python3.8/site-packages/airflow/example_dags/example_latest_only.py
[2025-06-28T04:36:14.865+0000] {processor.py:830} INFO - Processing file /home/airflow/.local/lib/python3.8/site-packages/airflow/example_dags/example_latest_only.py for tasks to queue
[2025-06-28T04:36:14.866+0000] {logging_mixin.py:188} INFO - [2025-06-28T04:36:14.866+0000] {dagbag.py:538} INFO - Filling up the DagBag from /home/airflow/.local/lib/python3.8/site-packages/airflow/example_dags/example_latest_only.py
[2025-06-28T04:36:14.869+0000] {processor.py:840} INFO - DAG(s) 'latest_only' retrieved from /home/airflow/.local/lib/python3.8/site-packages/airflow/example_dags/example_latest_only.py
[2025-06-28T04:36:14.884+0000] {logging_mixin.py:188} INFO - [2025-06-28T04:36:14.883+0000] {dag.py:3036} INFO - Sync 1 DAGs
[2025-06-28T04:36:14.908+0000] {logging_mixin.py:188} INFO - [2025-06-28T04:36:14.907+0000] {dag.py:3823} INFO - Setting next_dagrun for latest_only to 2025-06-28 00:00:00+00:00, run_after=2025-06-28 04:00:00+00:00
[2025-06-28T04:36:14.922+0000] {processor.py:183} INFO - Processing /home/airflow/.local/lib/python3.8/site-packages/airflow/example_dags/example_latest_only.py took 0.061 seconds
[2025-06-28T04:36:45.009+0000] {processor.py:161} INFO - Started process (PID=2405) to work on /home/airflow/.local/lib/python3.8/site-packages/airflow/example_dags/example_latest_only.py
[2025-06-28T04:36:45.010+0000] {processor.py:830} INFO - Processing file /home/airflow/.local/lib/python3.8/site-packages/airflow/example_dags/example_latest_only.py for tasks to queue
[2025-06-28T04:36:45.011+0000] {logging_mixin.py:188} INFO - [2025-06-28T04:36:45.010+0000] {dagbag.py:538} INFO - Filling up the DagBag from /home/airflow/.local/lib/python3.8/site-packages/airflow/example_dags/example_latest_only.py
[2025-06-28T04:36:45.013+0000] {processor.py:840} INFO - DAG(s) 'latest_only' retrieved from /home/airflow/.local/lib/python3.8/site-packages/airflow/example_dags/example_latest_only.py
[2025-06-28T04:36:45.023+0000] {logging_mixin.py:188} INFO - [2025-06-28T04:36:45.023+0000] {dag.py:3036} INFO - Sync 1 DAGs
[2025-06-28T04:36:45.035+0000] {logging_mixin.py:188} INFO - [2025-06-28T04:36:45.035+0000] {dag.py:3823} INFO - Setting next_dagrun for latest_only to 2025-06-28 00:00:00+00:00, run_after=2025-06-28 04:00:00+00:00
[2025-06-28T04:36:45.048+0000] {processor.py:183} INFO - Processing /home/airflow/.local/lib/python3.8/site-packages/airflow/example_dags/example_latest_only.py took 0.041 seconds
[2025-06-28T04:37:15.238+0000] {processor.py:161} INFO - Started process (PID=2653) to work on /home/airflow/.local/lib/python3.8/site-packages/airflow/example_dags/example_latest_only.py
[2025-06-28T04:37:15.240+0000] {processor.py:830} INFO - Processing file /home/airflow/.local/lib/python3.8/site-packages/airflow/example_dags/example_latest_only.py for tasks to queue
[2025-06-28T04:37:15.241+0000] {logging_mixin.py:188} INFO - [2025-06-28T04:37:15.241+0000] {dagbag.py:538} INFO - Filling up the DagBag from /home/airflow/.local/lib/python3.8/site-packages/airflow/example_dags/example_latest_only.py
[2025-06-28T04:37:15.244+0000] {processor.py:840} INFO - DAG(s) 'latest_only' retrieved from /home/airflow/.local/lib/python3.8/site-packages/airflow/example_dags/example_latest_only.py
[2025-06-28T04:37:15.260+0000] {logging_mixin.py:188} INFO - [2025-06-28T04:37:15.259+0000] {dag.py:3036} INFO - Sync 1 DAGs
[2025-06-28T04:37:15.276+0000] {logging_mixin.py:188} INFO - [2025-06-28T04:37:15.275+0000] {dag.py:3823} INFO - Setting next_dagrun for latest_only to 2025-06-28 00:00:00+00:00, run_after=2025-06-28 04:00:00+00:00
[2025-06-28T04:37:15.290+0000] {processor.py:183} INFO - Processing /home/airflow/.local/lib/python3.8/site-packages/airflow/example_dags/example_latest_only.py took 0.055 seconds
[2025-06-28T04:37:45.330+0000] {processor.py:161} INFO - Started process (PID=2903) to work on /home/airflow/.local/lib/python3.8/site-packages/airflow/example_dags/example_latest_only.py
[2025-06-28T04:37:45.330+0000] {processor.py:830} INFO - Processing file /home/airflow/.local/lib/python3.8/site-packages/airflow/example_dags/example_latest_only.py for tasks to queue
[2025-06-28T04:37:45.332+0000] {logging_mixin.py:188} INFO - [2025-06-28T04:37:45.332+0000] {dagbag.py:538} INFO - Filling up the DagBag from /home/airflow/.local/lib/python3.8/site-packages/airflow/example_dags/example_latest_only.py
[2025-06-28T04:37:45.336+0000] {processor.py:840} INFO - DAG(s) 'latest_only' retrieved from /home/airflow/.local/lib/python3.8/site-packages/airflow/example_dags/example_latest_only.py
[2025-06-28T04:37:45.352+0000] {logging_mixin.py:188} INFO - [2025-06-28T04:37:45.351+0000] {dag.py:3036} INFO - Sync 1 DAGs
[2025-06-28T04:37:45.370+0000] {logging_mixin.py:188} INFO - [2025-06-28T04:37:45.370+0000] {dag.py:3823} INFO - Setting next_dagrun for latest_only to 2025-06-28 00:00:00+00:00, run_after=2025-06-28 04:00:00+00:00
[2025-06-28T04:37:45.385+0000] {processor.py:183} INFO - Processing /home/airflow/.local/lib/python3.8/site-packages/airflow/example_dags/example_latest_only.py took 0.058 seconds
[2025-06-28T04:38:15.695+0000] {processor.py:161} INFO - Started process (PID=3153) to work on /home/airflow/.local/lib/python3.8/site-packages/airflow/example_dags/example_latest_only.py
[2025-06-28T04:38:15.696+0000] {processor.py:830} INFO - Processing file /home/airflow/.local/lib/python3.8/site-packages/airflow/example_dags/example_latest_only.py for tasks to queue
[2025-06-28T04:38:15.697+0000] {logging_mixin.py:188} INFO - [2025-06-28T04:38:15.697+0000] {dagbag.py:538} INFO - Filling up the DagBag from /home/airflow/.local/lib/python3.8/site-packages/airflow/example_dags/example_latest_only.py
[2025-06-28T04:38:15.700+0000] {processor.py:840} INFO - DAG(s) 'latest_only' retrieved from /home/airflow/.local/lib/python3.8/site-packages/airflow/example_dags/example_latest_only.py
[2025-06-28T04:38:15.715+0000] {logging_mixin.py:188} INFO - [2025-06-28T04:38:15.714+0000] {dag.py:3036} INFO - Sync 1 DAGs
[2025-06-28T04:38:15.733+0000] {logging_mixin.py:188} INFO - [2025-06-28T04:38:15.733+0000] {dag.py:3823} INFO - Setting next_dagrun for latest_only to 2025-06-28 00:00:00+00:00, run_after=2025-06-28 04:00:00+00:00
[2025-06-28T04:38:15.744+0000] {processor.py:183} INFO - Processing /home/airflow/.local/lib/python3.8/site-packages/airflow/example_dags/example_latest_only.py took 0.051 seconds
[2025-06-28T04:38:46.043+0000] {processor.py:161} INFO - Started process (PID=3403) to work on /home/airflow/.local/lib/python3.8/site-packages/airflow/example_dags/example_latest_only.py
[2025-06-28T04:38:46.045+0000] {processor.py:830} INFO - Processing file /home/airflow/.local/lib/python3.8/site-packages/airflow/example_dags/example_latest_only.py for tasks to queue
[2025-06-28T04:38:46.047+0000] {logging_mixin.py:188} INFO - [2025-06-28T04:38:46.047+0000] {dagbag.py:538} INFO - Filling up the DagBag from /home/airflow/.local/lib/python3.8/site-packages/airflow/example_dags/example_latest_only.py
[2025-06-28T04:38:46.051+0000] {processor.py:840} INFO - DAG(s) 'latest_only' retrieved from /home/airflow/.local/lib/python3.8/site-packages/airflow/example_dags/example_latest_only.py
[2025-06-28T04:38:46.068+0000] {logging_mixin.py:188} INFO - [2025-06-28T04:38:46.067+0000] {dag.py:3036} INFO - Sync 1 DAGs
[2025-06-28T04:38:46.083+0000] {logging_mixin.py:188} INFO - [2025-06-28T04:38:46.082+0000] {dag.py:3823} INFO - Setting next_dagrun for latest_only to 2025-06-28 00:00:00+00:00, run_after=2025-06-28 04:00:00+00:00
[2025-06-28T04:38:46.099+0000] {processor.py:183} INFO - Processing /home/airflow/.local/lib/python3.8/site-packages/airflow/example_dags/example_latest_only.py took 0.059 seconds
[2025-06-28T04:39:16.198+0000] {processor.py:161} INFO - Started process (PID=3655) to work on /home/airflow/.local/lib/python3.8/site-packages/airflow/example_dags/example_latest_only.py
[2025-06-28T04:39:16.199+0000] {processor.py:830} INFO - Processing file /home/airflow/.local/lib/python3.8/site-packages/airflow/example_dags/example_latest_only.py for tasks to queue
[2025-06-28T04:39:16.200+0000] {logging_mixin.py:188} INFO - [2025-06-28T04:39:16.199+0000] {dagbag.py:538} INFO - Filling up the DagBag from /home/airflow/.local/lib/python3.8/site-packages/airflow/example_dags/example_latest_only.py
[2025-06-28T04:39:16.202+0000] {processor.py:840} INFO - DAG(s) 'latest_only' retrieved from /home/airflow/.local/lib/python3.8/site-packages/airflow/example_dags/example_latest_only.py
[2025-06-28T04:39:16.215+0000] {logging_mixin.py:188} INFO - [2025-06-28T04:39:16.215+0000] {dag.py:3036} INFO - Sync 1 DAGs
[2025-06-28T04:39:16.228+0000] {logging_mixin.py:188} INFO - [2025-06-28T04:39:16.228+0000] {dag.py:3823} INFO - Setting next_dagrun for latest_only to 2025-06-28 00:00:00+00:00, run_after=2025-06-28 04:00:00+00:00
[2025-06-28T04:39:16.241+0000] {processor.py:183} INFO - Processing /home/airflow/.local/lib/python3.8/site-packages/airflow/example_dags/example_latest_only.py took 0.045 seconds
[2025-06-28T04:39:46.422+0000] {processor.py:161} INFO - Started process (PID=3905) to work on /home/airflow/.local/lib/python3.8/site-packages/airflow/example_dags/example_latest_only.py
[2025-06-28T04:39:46.423+0000] {processor.py:830} INFO - Processing file /home/airflow/.local/lib/python3.8/site-packages/airflow/example_dags/example_latest_only.py for tasks to queue
[2025-06-28T04:39:46.425+0000] {logging_mixin.py:188} INFO - [2025-06-28T04:39:46.424+0000] {dagbag.py:538} INFO - Filling up the DagBag from /home/airflow/.local/lib/python3.8/site-packages/airflow/example_dags/example_latest_only.py
[2025-06-28T04:39:46.429+0000] {processor.py:840} INFO - DAG(s) 'latest_only' retrieved from /home/airflow/.local/lib/python3.8/site-packages/airflow/example_dags/example_latest_only.py
[2025-06-28T04:39:46.444+0000] {logging_mixin.py:188} INFO - [2025-06-28T04:39:46.444+0000] {dag.py:3036} INFO - Sync 1 DAGs
[2025-06-28T04:39:46.458+0000] {logging_mixin.py:188} INFO - [2025-06-28T04:39:46.458+0000] {dag.py:3823} INFO - Setting next_dagrun for latest_only to 2025-06-28 00:00:00+00:00, run_after=2025-06-28 04:00:00+00:00
[2025-06-28T04:39:46.470+0000] {processor.py:183} INFO - Processing /home/airflow/.local/lib/python3.8/site-packages/airflow/example_dags/example_latest_only.py took 0.053 seconds
[2025-06-28T04:40:16.899+0000] {processor.py:161} INFO - Started process (PID=4153) to work on /home/airflow/.local/lib/python3.8/site-packages/airflow/example_dags/example_latest_only.py
[2025-06-28T04:40:16.899+0000] {processor.py:830} INFO - Processing file /home/airflow/.local/lib/python3.8/site-packages/airflow/example_dags/example_latest_only.py for tasks to queue
[2025-06-28T04:40:16.901+0000] {logging_mixin.py:188} INFO - [2025-06-28T04:40:16.900+0000] {dagbag.py:538} INFO - Filling up the DagBag from /home/airflow/.local/lib/python3.8/site-packages/airflow/example_dags/example_latest_only.py
[2025-06-28T04:40:16.904+0000] {processor.py:840} INFO - DAG(s) 'latest_only' retrieved from /home/airflow/.local/lib/python3.8/site-packages/airflow/example_dags/example_latest_only.py
[2025-06-28T04:40:16.921+0000] {logging_mixin.py:188} INFO - [2025-06-28T04:40:16.920+0000] {dag.py:3036} INFO - Sync 1 DAGs
[2025-06-28T04:40:16.936+0000] {logging_mixin.py:188} INFO - [2025-06-28T04:40:16.936+0000] {dag.py:3823} INFO - Setting next_dagrun for latest_only to 2025-06-28 00:00:00+00:00, run_after=2025-06-28 04:00:00+00:00
[2025-06-28T04:40:16.948+0000] {processor.py:183} INFO - Processing /home/airflow/.local/lib/python3.8/site-packages/airflow/example_dags/example_latest_only.py took 0.052 seconds
[2025-06-28T04:40:47.218+0000] {processor.py:161} INFO - Started process (PID=4403) to work on /home/airflow/.local/lib/python3.8/site-packages/airflow/example_dags/example_latest_only.py
[2025-06-28T04:40:47.219+0000] {processor.py:830} INFO - Processing file /home/airflow/.local/lib/python3.8/site-packages/airflow/example_dags/example_latest_only.py for tasks to queue
[2025-06-28T04:40:47.222+0000] {logging_mixin.py:188} INFO - [2025-06-28T04:40:47.222+0000] {dagbag.py:538} INFO - Filling up the DagBag from /home/airflow/.local/lib/python3.8/site-packages/airflow/example_dags/example_latest_only.py
[2025-06-28T04:40:47.228+0000] {processor.py:840} INFO - DAG(s) 'latest_only' retrieved from /home/airflow/.local/lib/python3.8/site-packages/airflow/example_dags/example_latest_only.py
[2025-06-28T04:40:47.252+0000] {logging_mixin.py:188} INFO - [2025-06-28T04:40:47.252+0000] {dag.py:3036} INFO - Sync 1 DAGs
[2025-06-28T04:40:47.268+0000] {logging_mixin.py:188} INFO - [2025-06-28T04:40:47.268+0000] {dag.py:3823} INFO - Setting next_dagrun for latest_only to 2025-06-28 00:00:00+00:00, run_after=2025-06-28 04:00:00+00:00
[2025-06-28T04:40:47.280+0000] {processor.py:183} INFO - Processing /home/airflow/.local/lib/python3.8/site-packages/airflow/example_dags/example_latest_only.py took 0.067 seconds
[2025-06-28T04:41:17.643+0000] {processor.py:161} INFO - Started process (PID=4653) to work on /home/airflow/.local/lib/python3.8/site-packages/airflow/example_dags/example_latest_only.py
[2025-06-28T04:41:17.643+0000] {processor.py:830} INFO - Processing file /home/airflow/.local/lib/python3.8/site-packages/airflow/example_dags/example_latest_only.py for tasks to queue
[2025-06-28T04:41:17.644+0000] {logging_mixin.py:188} INFO - [2025-06-28T04:41:17.644+0000] {dagbag.py:538} INFO - Filling up the DagBag from /home/airflow/.local/lib/python3.8/site-packages/airflow/example_dags/example_latest_only.py
[2025-06-28T04:41:17.647+0000] {processor.py:840} INFO - DAG(s) 'latest_only' retrieved from /home/airflow/.local/lib/python3.8/site-packages/airflow/example_dags/example_latest_only.py
[2025-06-28T04:41:17.662+0000] {logging_mixin.py:188} INFO - [2025-06-28T04:41:17.662+0000] {dag.py:3036} INFO - Sync 1 DAGs
[2025-06-28T04:41:17.679+0000] {logging_mixin.py:188} INFO - [2025-06-28T04:41:17.679+0000] {dag.py:3823} INFO - Setting next_dagrun for latest_only to 2025-06-28 00:00:00+00:00, run_after=2025-06-28 04:00:00+00:00
[2025-06-28T04:41:17.690+0000] {processor.py:183} INFO - Processing /home/airflow/.local/lib/python3.8/site-packages/airflow/example_dags/example_latest_only.py took 0.049 seconds
[2025-06-28T04:41:47.972+0000] {processor.py:161} INFO - Started process (PID=4903) to work on /home/airflow/.local/lib/python3.8/site-packages/airflow/example_dags/example_latest_only.py
[2025-06-28T04:41:47.973+0000] {processor.py:830} INFO - Processing file /home/airflow/.local/lib/python3.8/site-packages/airflow/example_dags/example_latest_only.py for tasks to queue
[2025-06-28T04:41:47.974+0000] {logging_mixin.py:188} INFO - [2025-06-28T04:41:47.973+0000] {dagbag.py:538} INFO - Filling up the DagBag from /home/airflow/.local/lib/python3.8/site-packages/airflow/example_dags/example_latest_only.py
[2025-06-28T04:41:47.976+0000] {processor.py:840} INFO - DAG(s) 'latest_only' retrieved from /home/airflow/.local/lib/python3.8/site-packages/airflow/example_dags/example_latest_only.py
[2025-06-28T04:41:47.990+0000] {logging_mixin.py:188} INFO - [2025-06-28T04:41:47.989+0000] {dag.py:3036} INFO - Sync 1 DAGs
[2025-06-28T04:41:48.003+0000] {logging_mixin.py:188} INFO - [2025-06-28T04:41:48.003+0000] {dag.py:3823} INFO - Setting next_dagrun for latest_only to 2025-06-28 00:00:00+00:00, run_after=2025-06-28 04:00:00+00:00
[2025-06-28T04:41:48.019+0000] {processor.py:183} INFO - Processing /home/airflow/.local/lib/python3.8/site-packages/airflow/example_dags/example_latest_only.py took 0.049 seconds
[2025-06-28T04:42:18.271+0000] {processor.py:161} INFO - Started process (PID=5153) to work on /home/airflow/.local/lib/python3.8/site-packages/airflow/example_dags/example_latest_only.py
[2025-06-28T04:42:18.272+0000] {processor.py:830} INFO - Processing file /home/airflow/.local/lib/python3.8/site-packages/airflow/example_dags/example_latest_only.py for tasks to queue
[2025-06-28T04:42:18.273+0000] {logging_mixin.py:188} INFO - [2025-06-28T04:42:18.273+0000] {dagbag.py:538} INFO - Filling up the DagBag from /home/airflow/.local/lib/python3.8/site-packages/airflow/example_dags/example_latest_only.py
[2025-06-28T04:42:18.276+0000] {processor.py:840} INFO - DAG(s) 'latest_only' retrieved from /home/airflow/.local/lib/python3.8/site-packages/airflow/example_dags/example_latest_only.py
[2025-06-28T04:42:18.294+0000] {logging_mixin.py:188} INFO - [2025-06-28T04:42:18.293+0000] {dag.py:3036} INFO - Sync 1 DAGs
[2025-06-28T04:42:18.312+0000] {logging_mixin.py:188} INFO - [2025-06-28T04:42:18.311+0000] {dag.py:3823} INFO - Setting next_dagrun for latest_only to 2025-06-28 00:00:00+00:00, run_after=2025-06-28 04:00:00+00:00
[2025-06-28T04:42:18.326+0000] {processor.py:183} INFO - Processing /home/airflow/.local/lib/python3.8/site-packages/airflow/example_dags/example_latest_only.py took 0.057 seconds
[2025-06-28T04:42:48.582+0000] {processor.py:161} INFO - Started process (PID=5403) to work on /home/airflow/.local/lib/python3.8/site-packages/airflow/example_dags/example_latest_only.py
[2025-06-28T04:42:48.583+0000] {processor.py:830} INFO - Processing file /home/airflow/.local/lib/python3.8/site-packages/airflow/example_dags/example_latest_only.py for tasks to queue
[2025-06-28T04:42:48.584+0000] {logging_mixin.py:188} INFO - [2025-06-28T04:42:48.584+0000] {dagbag.py:538} INFO - Filling up the DagBag from /home/airflow/.local/lib/python3.8/site-packages/airflow/example_dags/example_latest_only.py
[2025-06-28T04:42:48.586+0000] {processor.py:840} INFO - DAG(s) 'latest_only' retrieved from /home/airflow/.local/lib/python3.8/site-packages/airflow/example_dags/example_latest_only.py
[2025-06-28T04:42:48.602+0000] {logging_mixin.py:188} INFO - [2025-06-28T04:42:48.602+0000] {dag.py:3036} INFO - Sync 1 DAGs
[2025-06-28T04:42:48.618+0000] {logging_mixin.py:188} INFO - [2025-06-28T04:42:48.618+0000] {dag.py:3823} INFO - Setting next_dagrun for latest_only to 2025-06-28 00:00:00+00:00, run_after=2025-06-28 04:00:00+00:00
[2025-06-28T04:42:48.631+0000] {processor.py:183} INFO - Processing /home/airflow/.local/lib/python3.8/site-packages/airflow/example_dags/example_latest_only.py took 0.051 seconds
[2025-06-28T04:43:18.887+0000] {processor.py:161} INFO - Started process (PID=5653) to work on /home/airflow/.local/lib/python3.8/site-packages/airflow/example_dags/example_latest_only.py
[2025-06-28T04:43:18.888+0000] {processor.py:830} INFO - Processing file /home/airflow/.local/lib/python3.8/site-packages/airflow/example_dags/example_latest_only.py for tasks to queue
[2025-06-28T04:43:18.888+0000] {logging_mixin.py:188} INFO - [2025-06-28T04:43:18.888+0000] {dagbag.py:538} INFO - Filling up the DagBag from /home/airflow/.local/lib/python3.8/site-packages/airflow/example_dags/example_latest_only.py
[2025-06-28T04:43:18.891+0000] {processor.py:840} INFO - DAG(s) 'latest_only' retrieved from /home/airflow/.local/lib/python3.8/site-packages/airflow/example_dags/example_latest_only.py
[2025-06-28T04:43:18.905+0000] {logging_mixin.py:188} INFO - [2025-06-28T04:43:18.904+0000] {dag.py:3036} INFO - Sync 1 DAGs
[2025-06-28T04:43:18.919+0000] {logging_mixin.py:188} INFO - [2025-06-28T04:43:18.918+0000] {dag.py:3823} INFO - Setting next_dagrun for latest_only to 2025-06-28 00:00:00+00:00, run_after=2025-06-28 04:00:00+00:00
[2025-06-28T04:43:18.933+0000] {processor.py:183} INFO - Processing /home/airflow/.local/lib/python3.8/site-packages/airflow/example_dags/example_latest_only.py took 0.048 seconds
[2025-06-28T04:43:49.361+0000] {processor.py:161} INFO - Started process (PID=5903) to work on /home/airflow/.local/lib/python3.8/site-packages/airflow/example_dags/example_latest_only.py
[2025-06-28T04:43:49.361+0000] {processor.py:830} INFO - Processing file /home/airflow/.local/lib/python3.8/site-packages/airflow/example_dags/example_latest_only.py for tasks to queue
[2025-06-28T04:43:49.362+0000] {logging_mixin.py:188} INFO - [2025-06-28T04:43:49.362+0000] {dagbag.py:538} INFO - Filling up the DagBag from /home/airflow/.local/lib/python3.8/site-packages/airflow/example_dags/example_latest_only.py
[2025-06-28T04:43:49.365+0000] {processor.py:840} INFO - DAG(s) 'latest_only' retrieved from /home/airflow/.local/lib/python3.8/site-packages/airflow/example_dags/example_latest_only.py
[2025-06-28T04:43:49.377+0000] {logging_mixin.py:188} INFO - [2025-06-28T04:43:49.376+0000] {dag.py:3036} INFO - Sync 1 DAGs
[2025-06-28T04:43:49.388+0000] {logging_mixin.py:188} INFO - [2025-06-28T04:43:49.388+0000] {dag.py:3823} INFO - Setting next_dagrun for latest_only to 2025-06-28 00:00:00+00:00, run_after=2025-06-28 04:00:00+00:00
[2025-06-28T04:43:49.402+0000] {processor.py:183} INFO - Processing /home/airflow/.local/lib/python3.8/site-packages/airflow/example_dags/example_latest_only.py took 0.043 seconds
[2025-06-28T04:44:19.718+0000] {processor.py:161} INFO - Started process (PID=6153) to work on /home/airflow/.local/lib/python3.8/site-packages/airflow/example_dags/example_latest_only.py
[2025-06-28T04:44:19.719+0000] {processor.py:830} INFO - Processing file /home/airflow/.local/lib/python3.8/site-packages/airflow/example_dags/example_latest_only.py for tasks to queue
[2025-06-28T04:44:19.720+0000] {logging_mixin.py:188} INFO - [2025-06-28T04:44:19.719+0000] {dagbag.py:538} INFO - Filling up the DagBag from /home/airflow/.local/lib/python3.8/site-packages/airflow/example_dags/example_latest_only.py
[2025-06-28T04:44:19.722+0000] {processor.py:840} INFO - DAG(s) 'latest_only' retrieved from /home/airflow/.local/lib/python3.8/site-packages/airflow/example_dags/example_latest_only.py
[2025-06-28T04:44:19.735+0000] {logging_mixin.py:188} INFO - [2025-06-28T04:44:19.734+0000] {dag.py:3036} INFO - Sync 1 DAGs
[2025-06-28T04:44:19.749+0000] {logging_mixin.py:188} INFO - [2025-06-28T04:44:19.749+0000] {dag.py:3823} INFO - Setting next_dagrun for latest_only to 2025-06-28 00:00:00+00:00, run_after=2025-06-28 04:00:00+00:00
[2025-06-28T04:44:19.766+0000] {processor.py:183} INFO - Processing /home/airflow/.local/lib/python3.8/site-packages/airflow/example_dags/example_latest_only.py took 0.049 seconds
[2025-06-28T04:44:49.952+0000] {processor.py:161} INFO - Started process (PID=6403) to work on /home/airflow/.local/lib/python3.8/site-packages/airflow/example_dags/example_latest_only.py
[2025-06-28T04:44:49.953+0000] {processor.py:830} INFO - Processing file /home/airflow/.local/lib/python3.8/site-packages/airflow/example_dags/example_latest_only.py for tasks to queue
[2025-06-28T04:44:49.954+0000] {logging_mixin.py:188} INFO - [2025-06-28T04:44:49.954+0000] {dagbag.py:538} INFO - Filling up the DagBag from /home/airflow/.local/lib/python3.8/site-packages/airflow/example_dags/example_latest_only.py
[2025-06-28T04:44:49.960+0000] {processor.py:840} INFO - DAG(s) 'latest_only' retrieved from /home/airflow/.local/lib/python3.8/site-packages/airflow/example_dags/example_latest_only.py
[2025-06-28T04:44:49.976+0000] {logging_mixin.py:188} INFO - [2025-06-28T04:44:49.975+0000] {dag.py:3036} INFO - Sync 1 DAGs
[2025-06-28T04:44:49.992+0000] {logging_mixin.py:188} INFO - [2025-06-28T04:44:49.991+0000] {dag.py:3823} INFO - Setting next_dagrun for latest_only to 2025-06-28 00:00:00+00:00, run_after=2025-06-28 04:00:00+00:00
[2025-06-28T04:44:50.003+0000] {processor.py:183} INFO - Processing /home/airflow/.local/lib/python3.8/site-packages/airflow/example_dags/example_latest_only.py took 0.053 seconds
[2025-06-28T04:45:20.157+0000] {processor.py:161} INFO - Started process (PID=6655) to work on /home/airflow/.local/lib/python3.8/site-packages/airflow/example_dags/example_latest_only.py
[2025-06-28T04:45:20.158+0000] {processor.py:830} INFO - Processing file /home/airflow/.local/lib/python3.8/site-packages/airflow/example_dags/example_latest_only.py for tasks to queue
[2025-06-28T04:45:20.160+0000] {logging_mixin.py:188} INFO - [2025-06-28T04:45:20.159+0000] {dagbag.py:538} INFO - Filling up the DagBag from /home/airflow/.local/lib/python3.8/site-packages/airflow/example_dags/example_latest_only.py
[2025-06-28T04:45:20.162+0000] {processor.py:840} INFO - DAG(s) 'latest_only' retrieved from /home/airflow/.local/lib/python3.8/site-packages/airflow/example_dags/example_latest_only.py
[2025-06-28T04:45:20.179+0000] {logging_mixin.py:188} INFO - [2025-06-28T04:45:20.179+0000] {dag.py:3036} INFO - Sync 1 DAGs
[2025-06-28T04:45:20.198+0000] {logging_mixin.py:188} INFO - [2025-06-28T04:45:20.198+0000] {dag.py:3823} INFO - Setting next_dagrun for latest_only to 2025-06-28 00:00:00+00:00, run_after=2025-06-28 04:00:00+00:00
[2025-06-28T04:45:20.213+0000] {processor.py:183} INFO - Processing /home/airflow/.local/lib/python3.8/site-packages/airflow/example_dags/example_latest_only.py took 0.060 seconds
[2025-06-28T04:45:50.584+0000] {processor.py:161} INFO - Started process (PID=6903) to work on /home/airflow/.local/lib/python3.8/site-packages/airflow/example_dags/example_latest_only.py
[2025-06-28T04:45:50.584+0000] {processor.py:830} INFO - Processing file /home/airflow/.local/lib/python3.8/site-packages/airflow/example_dags/example_latest_only.py for tasks to queue
[2025-06-28T04:45:50.585+0000] {logging_mixin.py:188} INFO - [2025-06-28T04:45:50.585+0000] {dagbag.py:538} INFO - Filling up the DagBag from /home/airflow/.local/lib/python3.8/site-packages/airflow/example_dags/example_latest_only.py
[2025-06-28T04:45:50.589+0000] {processor.py:840} INFO - DAG(s) 'latest_only' retrieved from /home/airflow/.local/lib/python3.8/site-packages/airflow/example_dags/example_latest_only.py
[2025-06-28T04:45:50.608+0000] {logging_mixin.py:188} INFO - [2025-06-28T04:45:50.608+0000] {dag.py:3036} INFO - Sync 1 DAGs
[2025-06-28T04:45:50.625+0000] {logging_mixin.py:188} INFO - [2025-06-28T04:45:50.625+0000] {dag.py:3823} INFO - Setting next_dagrun for latest_only to 2025-06-28 00:00:00+00:00, run_after=2025-06-28 04:00:00+00:00
[2025-06-28T04:45:50.636+0000] {processor.py:183} INFO - Processing /home/airflow/.local/lib/python3.8/site-packages/airflow/example_dags/example_latest_only.py took 0.053 seconds
[2025-06-28T04:46:20.961+0000] {processor.py:161} INFO - Started process (PID=7155) to work on /home/airflow/.local/lib/python3.8/site-packages/airflow/example_dags/example_latest_only.py
[2025-06-28T04:46:20.961+0000] {processor.py:830} INFO - Processing file /home/airflow/.local/lib/python3.8/site-packages/airflow/example_dags/example_latest_only.py for tasks to queue
[2025-06-28T04:46:20.962+0000] {logging_mixin.py:188} INFO - [2025-06-28T04:46:20.962+0000] {dagbag.py:538} INFO - Filling up the DagBag from /home/airflow/.local/lib/python3.8/site-packages/airflow/example_dags/example_latest_only.py
[2025-06-28T04:46:20.965+0000] {processor.py:840} INFO - DAG(s) 'latest_only' retrieved from /home/airflow/.local/lib/python3.8/site-packages/airflow/example_dags/example_latest_only.py
[2025-06-28T04:46:20.977+0000] {logging_mixin.py:188} INFO - [2025-06-28T04:46:20.976+0000] {dag.py:3036} INFO - Sync 1 DAGs
[2025-06-28T04:46:20.991+0000] {logging_mixin.py:188} INFO - [2025-06-28T04:46:20.991+0000] {dag.py:3823} INFO - Setting next_dagrun for latest_only to 2025-06-28 00:00:00+00:00, run_after=2025-06-28 04:00:00+00:00
[2025-06-28T04:46:21.000+0000] {processor.py:183} INFO - Processing /home/airflow/.local/lib/python3.8/site-packages/airflow/example_dags/example_latest_only.py took 0.041 seconds
[2025-06-28T04:46:51.672+0000] {processor.py:161} INFO - Started process (PID=7403) to work on /home/airflow/.local/lib/python3.8/site-packages/airflow/example_dags/example_latest_only.py
[2025-06-28T04:46:51.673+0000] {processor.py:830} INFO - Processing file /home/airflow/.local/lib/python3.8/site-packages/airflow/example_dags/example_latest_only.py for tasks to queue
[2025-06-28T04:46:51.674+0000] {logging_mixin.py:188} INFO - [2025-06-28T04:46:51.674+0000] {dagbag.py:538} INFO - Filling up the DagBag from /home/airflow/.local/lib/python3.8/site-packages/airflow/example_dags/example_latest_only.py
[2025-06-28T04:46:51.676+0000] {processor.py:840} INFO - DAG(s) 'latest_only' retrieved from /home/airflow/.local/lib/python3.8/site-packages/airflow/example_dags/example_latest_only.py
[2025-06-28T04:46:51.687+0000] {logging_mixin.py:188} INFO - [2025-06-28T04:46:51.687+0000] {dag.py:3036} INFO - Sync 1 DAGs
[2025-06-28T04:46:51.699+0000] {logging_mixin.py:188} INFO - [2025-06-28T04:46:51.699+0000] {dag.py:3823} INFO - Setting next_dagrun for latest_only to 2025-06-28 00:00:00+00:00, run_after=2025-06-28 04:00:00+00:00
[2025-06-28T04:46:51.712+0000] {processor.py:183} INFO - Processing /home/airflow/.local/lib/python3.8/site-packages/airflow/example_dags/example_latest_only.py took 0.042 seconds
[2025-06-28T04:47:21.885+0000] {processor.py:161} INFO - Started process (PID=7653) to work on /home/airflow/.local/lib/python3.8/site-packages/airflow/example_dags/example_latest_only.py
[2025-06-28T04:47:21.885+0000] {processor.py:830} INFO - Processing file /home/airflow/.local/lib/python3.8/site-packages/airflow/example_dags/example_latest_only.py for tasks to queue
[2025-06-28T04:47:21.886+0000] {logging_mixin.py:188} INFO - [2025-06-28T04:47:21.886+0000] {dagbag.py:538} INFO - Filling up the DagBag from /home/airflow/.local/lib/python3.8/site-packages/airflow/example_dags/example_latest_only.py
[2025-06-28T04:47:21.889+0000] {processor.py:840} INFO - DAG(s) 'latest_only' retrieved from /home/airflow/.local/lib/python3.8/site-packages/airflow/example_dags/example_latest_only.py
[2025-06-28T04:47:21.907+0000] {logging_mixin.py:188} INFO - [2025-06-28T04:47:21.906+0000] {dag.py:3036} INFO - Sync 1 DAGs
[2025-06-28T04:47:21.921+0000] {logging_mixin.py:188} INFO - [2025-06-28T04:47:21.921+0000] {dag.py:3823} INFO - Setting next_dagrun for latest_only to 2025-06-28 00:00:00+00:00, run_after=2025-06-28 04:00:00+00:00
[2025-06-28T04:47:21.933+0000] {processor.py:183} INFO - Processing /home/airflow/.local/lib/python3.8/site-packages/airflow/example_dags/example_latest_only.py took 0.050 seconds
[2025-06-28T04:47:52.004+0000] {processor.py:161} INFO - Started process (PID=7905) to work on /home/airflow/.local/lib/python3.8/site-packages/airflow/example_dags/example_latest_only.py
[2025-06-28T04:47:52.005+0000] {processor.py:830} INFO - Processing file /home/airflow/.local/lib/python3.8/site-packages/airflow/example_dags/example_latest_only.py for tasks to queue
[2025-06-28T04:47:52.006+0000] {logging_mixin.py:188} INFO - [2025-06-28T04:47:52.006+0000] {dagbag.py:538} INFO - Filling up the DagBag from /home/airflow/.local/lib/python3.8/site-packages/airflow/example_dags/example_latest_only.py
[2025-06-28T04:47:52.010+0000] {processor.py:840} INFO - DAG(s) 'latest_only' retrieved from /home/airflow/.local/lib/python3.8/site-packages/airflow/example_dags/example_latest_only.py
[2025-06-28T04:47:52.023+0000] {logging_mixin.py:188} INFO - [2025-06-28T04:47:52.023+0000] {dag.py:3036} INFO - Sync 1 DAGs
[2025-06-28T04:47:52.039+0000] {logging_mixin.py:188} INFO - [2025-06-28T04:47:52.038+0000] {dag.py:3823} INFO - Setting next_dagrun for latest_only to 2025-06-28 00:00:00+00:00, run_after=2025-06-28 04:00:00+00:00
[2025-06-28T04:47:52.052+0000] {processor.py:183} INFO - Processing /home/airflow/.local/lib/python3.8/site-packages/airflow/example_dags/example_latest_only.py took 0.050 seconds
[2025-06-28T04:48:22.464+0000] {processor.py:161} INFO - Started process (PID=8153) to work on /home/airflow/.local/lib/python3.8/site-packages/airflow/example_dags/example_latest_only.py
[2025-06-28T04:48:22.465+0000] {processor.py:830} INFO - Processing file /home/airflow/.local/lib/python3.8/site-packages/airflow/example_dags/example_latest_only.py for tasks to queue
[2025-06-28T04:48:22.465+0000] {logging_mixin.py:188} INFO - [2025-06-28T04:48:22.465+0000] {dagbag.py:538} INFO - Filling up the DagBag from /home/airflow/.local/lib/python3.8/site-packages/airflow/example_dags/example_latest_only.py
[2025-06-28T04:48:22.469+0000] {processor.py:840} INFO - DAG(s) 'latest_only' retrieved from /home/airflow/.local/lib/python3.8/site-packages/airflow/example_dags/example_latest_only.py
[2025-06-28T04:48:22.483+0000] {logging_mixin.py:188} INFO - [2025-06-28T04:48:22.482+0000] {dag.py:3036} INFO - Sync 1 DAGs
[2025-06-28T04:48:22.498+0000] {logging_mixin.py:188} INFO - [2025-06-28T04:48:22.498+0000] {dag.py:3823} INFO - Setting next_dagrun for latest_only to 2025-06-28 00:00:00+00:00, run_after=2025-06-28 04:00:00+00:00
[2025-06-28T04:48:22.515+0000] {processor.py:183} INFO - Processing /home/airflow/.local/lib/python3.8/site-packages/airflow/example_dags/example_latest_only.py took 0.052 seconds
