[2025-06-28T04:32:40.166+0000] {processor.py:161} INFO - Started process (PID=383) to work on /home/airflow/.local/lib/python3.8/site-packages/airflow/example_dags/example_python_operator.py
[2025-06-28T04:32:40.167+0000] {processor.py:830} INFO - Processing file /home/airflow/.local/lib/python3.8/site-packages/airflow/example_dags/example_python_operator.py for tasks to queue
[2025-06-28T04:32:40.169+0000] {logging_mixin.py:188} INFO - [2025-06-28T04:32:40.168+0000] {dagbag.py:538} INFO - Filling up the DagBag from /home/airflow/.local/lib/python3.8/site-packages/airflow/example_dags/example_python_operator.py
[2025-06-28T04:32:40.181+0000] {processor.py:840} INFO - DAG(s) 'example_python_operator' retrieved from /home/airflow/.local/lib/python3.8/site-packages/airflow/example_dags/example_python_operator.py
[2025-06-28T04:32:40.194+0000] {logging_mixin.py:188} INFO - [2025-06-28T04:32:40.193+0000] {dag.py:3036} INFO - Sync 1 DAGs
[2025-06-28T04:32:40.209+0000] {logging_mixin.py:188} INFO - [2025-06-28T04:32:40.209+0000] {dag.py:3823} INFO - Setting next_dagrun for example_python_operator to None, run_after=None
[2025-06-28T04:32:40.229+0000] {processor.py:183} INFO - Processing /home/airflow/.local/lib/python3.8/site-packages/airflow/example_dags/example_python_operator.py took 0.066 seconds
[2025-06-28T04:33:11.843+0000] {processor.py:161} INFO - Started process (PID=633) to work on /home/airflow/.local/lib/python3.8/site-packages/airflow/example_dags/example_python_operator.py
[2025-06-28T04:33:11.845+0000] {processor.py:830} INFO - Processing file /home/airflow/.local/lib/python3.8/site-packages/airflow/example_dags/example_python_operator.py for tasks to queue
[2025-06-28T04:33:11.846+0000] {logging_mixin.py:188} INFO - [2025-06-28T04:33:11.846+0000] {dagbag.py:538} INFO - Filling up the DagBag from /home/airflow/.local/lib/python3.8/site-packages/airflow/example_dags/example_python_operator.py
[2025-06-28T04:33:11.855+0000] {processor.py:840} INFO - DAG(s) 'example_python_operator' retrieved from /home/airflow/.local/lib/python3.8/site-packages/airflow/example_dags/example_python_operator.py
[2025-06-28T04:33:11.950+0000] {logging_mixin.py:188} INFO - [2025-06-28T04:33:11.949+0000] {dag.py:3036} INFO - Sync 1 DAGs
[2025-06-28T04:33:11.961+0000] {logging_mixin.py:188} INFO - [2025-06-28T04:33:11.960+0000] {dag.py:3823} INFO - Setting next_dagrun for example_python_operator to None, run_after=None
[2025-06-28T04:33:11.980+0000] {processor.py:183} INFO - Processing /home/airflow/.local/lib/python3.8/site-packages/airflow/example_dags/example_python_operator.py took 0.139 seconds
[2025-06-28T04:33:42.585+0000] {processor.py:161} INFO - Started process (PID=883) to work on /home/airflow/.local/lib/python3.8/site-packages/airflow/example_dags/example_python_operator.py
[2025-06-28T04:33:42.585+0000] {processor.py:830} INFO - Processing file /home/airflow/.local/lib/python3.8/site-packages/airflow/example_dags/example_python_operator.py for tasks to queue
[2025-06-28T04:33:42.586+0000] {logging_mixin.py:188} INFO - [2025-06-28T04:33:42.586+0000] {dagbag.py:538} INFO - Filling up the DagBag from /home/airflow/.local/lib/python3.8/site-packages/airflow/example_dags/example_python_operator.py
[2025-06-28T04:33:42.592+0000] {processor.py:840} INFO - DAG(s) 'example_python_operator' retrieved from /home/airflow/.local/lib/python3.8/site-packages/airflow/example_dags/example_python_operator.py
[2025-06-28T04:33:42.609+0000] {logging_mixin.py:188} INFO - [2025-06-28T04:33:42.609+0000] {dag.py:3036} INFO - Sync 1 DAGs
[2025-06-28T04:33:42.620+0000] {logging_mixin.py:188} INFO - [2025-06-28T04:33:42.619+0000] {dag.py:3823} INFO - Setting next_dagrun for example_python_operator to None, run_after=None
[2025-06-28T04:33:42.629+0000] {processor.py:183} INFO - Processing /home/airflow/.local/lib/python3.8/site-packages/airflow/example_dags/example_python_operator.py took 0.046 seconds
[2025-06-28T04:34:12.876+0000] {processor.py:161} INFO - Started process (PID=1133) to work on /home/airflow/.local/lib/python3.8/site-packages/airflow/example_dags/example_python_operator.py
[2025-06-28T04:34:12.877+0000] {processor.py:830} INFO - Processing file /home/airflow/.local/lib/python3.8/site-packages/airflow/example_dags/example_python_operator.py for tasks to queue
[2025-06-28T04:34:12.877+0000] {logging_mixin.py:188} INFO - [2025-06-28T04:34:12.877+0000] {dagbag.py:538} INFO - Filling up the DagBag from /home/airflow/.local/lib/python3.8/site-packages/airflow/example_dags/example_python_operator.py
[2025-06-28T04:34:12.884+0000] {processor.py:840} INFO - DAG(s) 'example_python_operator' retrieved from /home/airflow/.local/lib/python3.8/site-packages/airflow/example_dags/example_python_operator.py
[2025-06-28T04:34:12.900+0000] {logging_mixin.py:188} INFO - [2025-06-28T04:34:12.899+0000] {dag.py:3036} INFO - Sync 1 DAGs
[2025-06-28T04:34:12.910+0000] {logging_mixin.py:188} INFO - [2025-06-28T04:34:12.909+0000] {dag.py:3823} INFO - Setting next_dagrun for example_python_operator to None, run_after=None
[2025-06-28T04:34:12.923+0000] {processor.py:183} INFO - Processing /home/airflow/.local/lib/python3.8/site-packages/airflow/example_dags/example_python_operator.py took 0.049 seconds
[2025-06-28T04:34:43.324+0000] {processor.py:161} INFO - Started process (PID=1383) to work on /home/airflow/.local/lib/python3.8/site-packages/airflow/example_dags/example_python_operator.py
[2025-06-28T04:34:43.324+0000] {processor.py:830} INFO - Processing file /home/airflow/.local/lib/python3.8/site-packages/airflow/example_dags/example_python_operator.py for tasks to queue
[2025-06-28T04:34:43.326+0000] {logging_mixin.py:188} INFO - [2025-06-28T04:34:43.325+0000] {dagbag.py:538} INFO - Filling up the DagBag from /home/airflow/.local/lib/python3.8/site-packages/airflow/example_dags/example_python_operator.py
[2025-06-28T04:34:43.332+0000] {processor.py:840} INFO - DAG(s) 'example_python_operator' retrieved from /home/airflow/.local/lib/python3.8/site-packages/airflow/example_dags/example_python_operator.py
[2025-06-28T04:34:43.345+0000] {logging_mixin.py:188} INFO - [2025-06-28T04:34:43.345+0000] {dag.py:3036} INFO - Sync 1 DAGs
[2025-06-28T04:34:43.353+0000] {logging_mixin.py:188} INFO - [2025-06-28T04:34:43.353+0000] {dag.py:3823} INFO - Setting next_dagrun for example_python_operator to None, run_after=None
[2025-06-28T04:34:43.364+0000] {processor.py:183} INFO - Processing /home/airflow/.local/lib/python3.8/site-packages/airflow/example_dags/example_python_operator.py took 0.042 seconds
[2025-06-28T04:35:13.770+0000] {processor.py:161} INFO - Started process (PID=1633) to work on /home/airflow/.local/lib/python3.8/site-packages/airflow/example_dags/example_python_operator.py
[2025-06-28T04:35:13.771+0000] {processor.py:830} INFO - Processing file /home/airflow/.local/lib/python3.8/site-packages/airflow/example_dags/example_python_operator.py for tasks to queue
[2025-06-28T04:35:13.773+0000] {logging_mixin.py:188} INFO - [2025-06-28T04:35:13.773+0000] {dagbag.py:538} INFO - Filling up the DagBag from /home/airflow/.local/lib/python3.8/site-packages/airflow/example_dags/example_python_operator.py
[2025-06-28T04:35:13.780+0000] {processor.py:840} INFO - DAG(s) 'example_python_operator' retrieved from /home/airflow/.local/lib/python3.8/site-packages/airflow/example_dags/example_python_operator.py
[2025-06-28T04:35:13.797+0000] {logging_mixin.py:188} INFO - [2025-06-28T04:35:13.797+0000] {dag.py:3036} INFO - Sync 1 DAGs
[2025-06-28T04:35:13.806+0000] {logging_mixin.py:188} INFO - [2025-06-28T04:35:13.806+0000] {dag.py:3823} INFO - Setting next_dagrun for example_python_operator to None, run_after=None
[2025-06-28T04:35:13.821+0000] {processor.py:183} INFO - Processing /home/airflow/.local/lib/python3.8/site-packages/airflow/example_dags/example_python_operator.py took 0.052 seconds
[2025-06-28T04:35:44.421+0000] {processor.py:161} INFO - Started process (PID=1885) to work on /home/airflow/.local/lib/python3.8/site-packages/airflow/example_dags/example_python_operator.py
[2025-06-28T04:35:44.422+0000] {processor.py:830} INFO - Processing file /home/airflow/.local/lib/python3.8/site-packages/airflow/example_dags/example_python_operator.py for tasks to queue
[2025-06-28T04:35:44.423+0000] {logging_mixin.py:188} INFO - [2025-06-28T04:35:44.423+0000] {dagbag.py:538} INFO - Filling up the DagBag from /home/airflow/.local/lib/python3.8/site-packages/airflow/example_dags/example_python_operator.py
[2025-06-28T04:35:44.431+0000] {processor.py:840} INFO - DAG(s) 'example_python_operator' retrieved from /home/airflow/.local/lib/python3.8/site-packages/airflow/example_dags/example_python_operator.py
[2025-06-28T04:35:44.445+0000] {logging_mixin.py:188} INFO - [2025-06-28T04:35:44.445+0000] {dag.py:3036} INFO - Sync 1 DAGs
[2025-06-28T04:35:44.453+0000] {logging_mixin.py:188} INFO - [2025-06-28T04:35:44.452+0000] {dag.py:3823} INFO - Setting next_dagrun for example_python_operator to None, run_after=None
[2025-06-28T04:35:44.471+0000] {processor.py:183} INFO - Processing /home/airflow/.local/lib/python3.8/site-packages/airflow/example_dags/example_python_operator.py took 0.054 seconds
[2025-06-28T04:36:14.612+0000] {processor.py:161} INFO - Started process (PID=2133) to work on /home/airflow/.local/lib/python3.8/site-packages/airflow/example_dags/example_python_operator.py
[2025-06-28T04:36:14.612+0000] {processor.py:830} INFO - Processing file /home/airflow/.local/lib/python3.8/site-packages/airflow/example_dags/example_python_operator.py for tasks to queue
[2025-06-28T04:36:14.614+0000] {logging_mixin.py:188} INFO - [2025-06-28T04:36:14.613+0000] {dagbag.py:538} INFO - Filling up the DagBag from /home/airflow/.local/lib/python3.8/site-packages/airflow/example_dags/example_python_operator.py
[2025-06-28T04:36:14.621+0000] {processor.py:840} INFO - DAG(s) 'example_python_operator' retrieved from /home/airflow/.local/lib/python3.8/site-packages/airflow/example_dags/example_python_operator.py
[2025-06-28T04:36:14.636+0000] {logging_mixin.py:188} INFO - [2025-06-28T04:36:14.636+0000] {dag.py:3036} INFO - Sync 1 DAGs
[2025-06-28T04:36:14.644+0000] {logging_mixin.py:188} INFO - [2025-06-28T04:36:14.644+0000] {dag.py:3823} INFO - Setting next_dagrun for example_python_operator to None, run_after=None
[2025-06-28T04:36:14.660+0000] {processor.py:183} INFO - Processing /home/airflow/.local/lib/python3.8/site-packages/airflow/example_dags/example_python_operator.py took 0.051 seconds
[2025-06-28T04:36:44.839+0000] {processor.py:161} INFO - Started process (PID=2383) to work on /home/airflow/.local/lib/python3.8/site-packages/airflow/example_dags/example_python_operator.py
[2025-06-28T04:36:44.839+0000] {processor.py:830} INFO - Processing file /home/airflow/.local/lib/python3.8/site-packages/airflow/example_dags/example_python_operator.py for tasks to queue
[2025-06-28T04:36:44.840+0000] {logging_mixin.py:188} INFO - [2025-06-28T04:36:44.840+0000] {dagbag.py:538} INFO - Filling up the DagBag from /home/airflow/.local/lib/python3.8/site-packages/airflow/example_dags/example_python_operator.py
[2025-06-28T04:36:44.846+0000] {processor.py:840} INFO - DAG(s) 'example_python_operator' retrieved from /home/airflow/.local/lib/python3.8/site-packages/airflow/example_dags/example_python_operator.py
[2025-06-28T04:36:44.859+0000] {logging_mixin.py:188} INFO - [2025-06-28T04:36:44.859+0000] {dag.py:3036} INFO - Sync 1 DAGs
[2025-06-28T04:36:44.866+0000] {logging_mixin.py:188} INFO - [2025-06-28T04:36:44.866+0000] {dag.py:3823} INFO - Setting next_dagrun for example_python_operator to None, run_after=None
[2025-06-28T04:36:44.879+0000] {processor.py:183} INFO - Processing /home/airflow/.local/lib/python3.8/site-packages/airflow/example_dags/example_python_operator.py took 0.042 seconds
[2025-06-28T04:37:15.069+0000] {processor.py:161} INFO - Started process (PID=2633) to work on /home/airflow/.local/lib/python3.8/site-packages/airflow/example_dags/example_python_operator.py
[2025-06-28T04:37:15.069+0000] {processor.py:830} INFO - Processing file /home/airflow/.local/lib/python3.8/site-packages/airflow/example_dags/example_python_operator.py for tasks to queue
[2025-06-28T04:37:15.071+0000] {logging_mixin.py:188} INFO - [2025-06-28T04:37:15.070+0000] {dagbag.py:538} INFO - Filling up the DagBag from /home/airflow/.local/lib/python3.8/site-packages/airflow/example_dags/example_python_operator.py
[2025-06-28T04:37:15.076+0000] {processor.py:840} INFO - DAG(s) 'example_python_operator' retrieved from /home/airflow/.local/lib/python3.8/site-packages/airflow/example_dags/example_python_operator.py
[2025-06-28T04:37:15.096+0000] {logging_mixin.py:188} INFO - [2025-06-28T04:37:15.095+0000] {dag.py:3036} INFO - Sync 1 DAGs
[2025-06-28T04:37:15.104+0000] {logging_mixin.py:188} INFO - [2025-06-28T04:37:15.103+0000] {dag.py:3823} INFO - Setting next_dagrun for example_python_operator to None, run_after=None
[2025-06-28T04:37:15.119+0000] {processor.py:183} INFO - Processing /home/airflow/.local/lib/python3.8/site-packages/airflow/example_dags/example_python_operator.py took 0.053 seconds
[2025-06-28T04:37:45.164+0000] {processor.py:161} INFO - Started process (PID=2883) to work on /home/airflow/.local/lib/python3.8/site-packages/airflow/example_dags/example_python_operator.py
[2025-06-28T04:37:45.165+0000] {processor.py:830} INFO - Processing file /home/airflow/.local/lib/python3.8/site-packages/airflow/example_dags/example_python_operator.py for tasks to queue
[2025-06-28T04:37:45.166+0000] {logging_mixin.py:188} INFO - [2025-06-28T04:37:45.166+0000] {dagbag.py:538} INFO - Filling up the DagBag from /home/airflow/.local/lib/python3.8/site-packages/airflow/example_dags/example_python_operator.py
[2025-06-28T04:37:45.173+0000] {processor.py:840} INFO - DAG(s) 'example_python_operator' retrieved from /home/airflow/.local/lib/python3.8/site-packages/airflow/example_dags/example_python_operator.py
[2025-06-28T04:37:45.187+0000] {logging_mixin.py:188} INFO - [2025-06-28T04:37:45.187+0000] {dag.py:3036} INFO - Sync 1 DAGs
[2025-06-28T04:37:45.194+0000] {logging_mixin.py:188} INFO - [2025-06-28T04:37:45.194+0000] {dag.py:3823} INFO - Setting next_dagrun for example_python_operator to None, run_after=None
[2025-06-28T04:37:45.207+0000] {processor.py:183} INFO - Processing /home/airflow/.local/lib/python3.8/site-packages/airflow/example_dags/example_python_operator.py took 0.045 seconds
[2025-06-28T04:38:15.529+0000] {processor.py:161} INFO - Started process (PID=3133) to work on /home/airflow/.local/lib/python3.8/site-packages/airflow/example_dags/example_python_operator.py
[2025-06-28T04:38:15.529+0000] {processor.py:830} INFO - Processing file /home/airflow/.local/lib/python3.8/site-packages/airflow/example_dags/example_python_operator.py for tasks to queue
[2025-06-28T04:38:15.530+0000] {logging_mixin.py:188} INFO - [2025-06-28T04:38:15.530+0000] {dagbag.py:538} INFO - Filling up the DagBag from /home/airflow/.local/lib/python3.8/site-packages/airflow/example_dags/example_python_operator.py
[2025-06-28T04:38:15.537+0000] {processor.py:840} INFO - DAG(s) 'example_python_operator' retrieved from /home/airflow/.local/lib/python3.8/site-packages/airflow/example_dags/example_python_operator.py
[2025-06-28T04:38:15.554+0000] {logging_mixin.py:188} INFO - [2025-06-28T04:38:15.554+0000] {dag.py:3036} INFO - Sync 1 DAGs
[2025-06-28T04:38:15.561+0000] {logging_mixin.py:188} INFO - [2025-06-28T04:38:15.561+0000] {dag.py:3823} INFO - Setting next_dagrun for example_python_operator to None, run_after=None
[2025-06-28T04:38:15.574+0000] {processor.py:183} INFO - Processing /home/airflow/.local/lib/python3.8/site-packages/airflow/example_dags/example_python_operator.py took 0.047 seconds
[2025-06-28T04:38:45.849+0000] {processor.py:161} INFO - Started process (PID=3383) to work on /home/airflow/.local/lib/python3.8/site-packages/airflow/example_dags/example_python_operator.py
[2025-06-28T04:38:45.850+0000] {processor.py:830} INFO - Processing file /home/airflow/.local/lib/python3.8/site-packages/airflow/example_dags/example_python_operator.py for tasks to queue
[2025-06-28T04:38:45.851+0000] {logging_mixin.py:188} INFO - [2025-06-28T04:38:45.851+0000] {dagbag.py:538} INFO - Filling up the DagBag from /home/airflow/.local/lib/python3.8/site-packages/airflow/example_dags/example_python_operator.py
[2025-06-28T04:38:45.856+0000] {processor.py:840} INFO - DAG(s) 'example_python_operator' retrieved from /home/airflow/.local/lib/python3.8/site-packages/airflow/example_dags/example_python_operator.py
[2025-06-28T04:38:45.869+0000] {logging_mixin.py:188} INFO - [2025-06-28T04:38:45.869+0000] {dag.py:3036} INFO - Sync 1 DAGs
[2025-06-28T04:38:45.875+0000] {logging_mixin.py:188} INFO - [2025-06-28T04:38:45.875+0000] {dag.py:3823} INFO - Setting next_dagrun for example_python_operator to None, run_after=None
[2025-06-28T04:38:45.888+0000] {processor.py:183} INFO - Processing /home/airflow/.local/lib/python3.8/site-packages/airflow/example_dags/example_python_operator.py took 0.041 seconds
[2025-06-28T04:39:16.040+0000] {processor.py:161} INFO - Started process (PID=3633) to work on /home/airflow/.local/lib/python3.8/site-packages/airflow/example_dags/example_python_operator.py
[2025-06-28T04:39:16.041+0000] {processor.py:830} INFO - Processing file /home/airflow/.local/lib/python3.8/site-packages/airflow/example_dags/example_python_operator.py for tasks to queue
[2025-06-28T04:39:16.042+0000] {logging_mixin.py:188} INFO - [2025-06-28T04:39:16.041+0000] {dagbag.py:538} INFO - Filling up the DagBag from /home/airflow/.local/lib/python3.8/site-packages/airflow/example_dags/example_python_operator.py
[2025-06-28T04:39:16.047+0000] {processor.py:840} INFO - DAG(s) 'example_python_operator' retrieved from /home/airflow/.local/lib/python3.8/site-packages/airflow/example_dags/example_python_operator.py
[2025-06-28T04:39:16.065+0000] {logging_mixin.py:188} INFO - [2025-06-28T04:39:16.065+0000] {dag.py:3036} INFO - Sync 1 DAGs
[2025-06-28T04:39:16.075+0000] {logging_mixin.py:188} INFO - [2025-06-28T04:39:16.075+0000] {dag.py:3823} INFO - Setting next_dagrun for example_python_operator to None, run_after=None
[2025-06-28T04:39:16.088+0000] {processor.py:183} INFO - Processing /home/airflow/.local/lib/python3.8/site-packages/airflow/example_dags/example_python_operator.py took 0.050 seconds
[2025-06-28T04:39:46.215+0000] {processor.py:161} INFO - Started process (PID=3883) to work on /home/airflow/.local/lib/python3.8/site-packages/airflow/example_dags/example_python_operator.py
[2025-06-28T04:39:46.216+0000] {processor.py:830} INFO - Processing file /home/airflow/.local/lib/python3.8/site-packages/airflow/example_dags/example_python_operator.py for tasks to queue
[2025-06-28T04:39:46.217+0000] {logging_mixin.py:188} INFO - [2025-06-28T04:39:46.217+0000] {dagbag.py:538} INFO - Filling up the DagBag from /home/airflow/.local/lib/python3.8/site-packages/airflow/example_dags/example_python_operator.py
[2025-06-28T04:39:46.224+0000] {processor.py:840} INFO - DAG(s) 'example_python_operator' retrieved from /home/airflow/.local/lib/python3.8/site-packages/airflow/example_dags/example_python_operator.py
[2025-06-28T04:39:46.239+0000] {logging_mixin.py:188} INFO - [2025-06-28T04:39:46.238+0000] {dag.py:3036} INFO - Sync 1 DAGs
[2025-06-28T04:39:46.245+0000] {logging_mixin.py:188} INFO - [2025-06-28T04:39:46.245+0000] {dag.py:3823} INFO - Setting next_dagrun for example_python_operator to None, run_after=None
[2025-06-28T04:39:46.260+0000] {processor.py:183} INFO - Processing /home/airflow/.local/lib/python3.8/site-packages/airflow/example_dags/example_python_operator.py took 0.047 seconds
[2025-06-28T04:40:16.725+0000] {processor.py:161} INFO - Started process (PID=4135) to work on /home/airflow/.local/lib/python3.8/site-packages/airflow/example_dags/example_python_operator.py
[2025-06-28T04:40:16.726+0000] {processor.py:830} INFO - Processing file /home/airflow/.local/lib/python3.8/site-packages/airflow/example_dags/example_python_operator.py for tasks to queue
[2025-06-28T04:40:16.728+0000] {logging_mixin.py:188} INFO - [2025-06-28T04:40:16.728+0000] {dagbag.py:538} INFO - Filling up the DagBag from /home/airflow/.local/lib/python3.8/site-packages/airflow/example_dags/example_python_operator.py
[2025-06-28T04:40:16.737+0000] {processor.py:840} INFO - DAG(s) 'example_python_operator' retrieved from /home/airflow/.local/lib/python3.8/site-packages/airflow/example_dags/example_python_operator.py
[2025-06-28T04:40:16.749+0000] {logging_mixin.py:188} INFO - [2025-06-28T04:40:16.749+0000] {dag.py:3036} INFO - Sync 1 DAGs
[2025-06-28T04:40:16.756+0000] {logging_mixin.py:188} INFO - [2025-06-28T04:40:16.756+0000] {dag.py:3823} INFO - Setting next_dagrun for example_python_operator to None, run_after=None
[2025-06-28T04:40:16.770+0000] {processor.py:183} INFO - Processing /home/airflow/.local/lib/python3.8/site-packages/airflow/example_dags/example_python_operator.py took 0.048 seconds
[2025-06-28T04:40:47.048+0000] {processor.py:161} INFO - Started process (PID=4385) to work on /home/airflow/.local/lib/python3.8/site-packages/airflow/example_dags/example_python_operator.py
[2025-06-28T04:40:47.050+0000] {processor.py:830} INFO - Processing file /home/airflow/.local/lib/python3.8/site-packages/airflow/example_dags/example_python_operator.py for tasks to queue
[2025-06-28T04:40:47.052+0000] {logging_mixin.py:188} INFO - [2025-06-28T04:40:47.051+0000] {dagbag.py:538} INFO - Filling up the DagBag from /home/airflow/.local/lib/python3.8/site-packages/airflow/example_dags/example_python_operator.py
[2025-06-28T04:40:47.063+0000] {processor.py:840} INFO - DAG(s) 'example_python_operator' retrieved from /home/airflow/.local/lib/python3.8/site-packages/airflow/example_dags/example_python_operator.py
[2025-06-28T04:40:47.084+0000] {logging_mixin.py:188} INFO - [2025-06-28T04:40:47.083+0000] {dag.py:3036} INFO - Sync 1 DAGs
[2025-06-28T04:40:47.091+0000] {logging_mixin.py:188} INFO - [2025-06-28T04:40:47.091+0000] {dag.py:3823} INFO - Setting next_dagrun for example_python_operator to None, run_after=None
[2025-06-28T04:40:47.109+0000] {processor.py:183} INFO - Processing /home/airflow/.local/lib/python3.8/site-packages/airflow/example_dags/example_python_operator.py took 0.065 seconds
[2025-06-28T04:41:17.506+0000] {processor.py:161} INFO - Started process (PID=4635) to work on /home/airflow/.local/lib/python3.8/site-packages/airflow/example_dags/example_python_operator.py
[2025-06-28T04:41:17.508+0000] {processor.py:830} INFO - Processing file /home/airflow/.local/lib/python3.8/site-packages/airflow/example_dags/example_python_operator.py for tasks to queue
[2025-06-28T04:41:17.509+0000] {logging_mixin.py:188} INFO - [2025-06-28T04:41:17.509+0000] {dagbag.py:538} INFO - Filling up the DagBag from /home/airflow/.local/lib/python3.8/site-packages/airflow/example_dags/example_python_operator.py
[2025-06-28T04:41:17.516+0000] {processor.py:840} INFO - DAG(s) 'example_python_operator' retrieved from /home/airflow/.local/lib/python3.8/site-packages/airflow/example_dags/example_python_operator.py
[2025-06-28T04:41:17.530+0000] {logging_mixin.py:188} INFO - [2025-06-28T04:41:17.530+0000] {dag.py:3036} INFO - Sync 1 DAGs
[2025-06-28T04:41:17.538+0000] {logging_mixin.py:188} INFO - [2025-06-28T04:41:17.537+0000] {dag.py:3823} INFO - Setting next_dagrun for example_python_operator to None, run_after=None
[2025-06-28T04:41:17.552+0000] {processor.py:183} INFO - Processing /home/airflow/.local/lib/python3.8/site-packages/airflow/example_dags/example_python_operator.py took 0.048 seconds
[2025-06-28T04:41:47.810+0000] {processor.py:161} INFO - Started process (PID=4885) to work on /home/airflow/.local/lib/python3.8/site-packages/airflow/example_dags/example_python_operator.py
[2025-06-28T04:41:47.813+0000] {processor.py:830} INFO - Processing file /home/airflow/.local/lib/python3.8/site-packages/airflow/example_dags/example_python_operator.py for tasks to queue
[2025-06-28T04:41:47.815+0000] {logging_mixin.py:188} INFO - [2025-06-28T04:41:47.815+0000] {dagbag.py:538} INFO - Filling up the DagBag from /home/airflow/.local/lib/python3.8/site-packages/airflow/example_dags/example_python_operator.py
[2025-06-28T04:41:47.826+0000] {processor.py:840} INFO - DAG(s) 'example_python_operator' retrieved from /home/airflow/.local/lib/python3.8/site-packages/airflow/example_dags/example_python_operator.py
[2025-06-28T04:41:47.844+0000] {logging_mixin.py:188} INFO - [2025-06-28T04:41:47.844+0000] {dag.py:3036} INFO - Sync 1 DAGs
[2025-06-28T04:41:47.852+0000] {logging_mixin.py:188} INFO - [2025-06-28T04:41:47.852+0000] {dag.py:3823} INFO - Setting next_dagrun for example_python_operator to None, run_after=None
[2025-06-28T04:41:47.866+0000] {processor.py:183} INFO - Processing /home/airflow/.local/lib/python3.8/site-packages/airflow/example_dags/example_python_operator.py took 0.060 seconds
[2025-06-28T04:42:18.106+0000] {processor.py:161} INFO - Started process (PID=5133) to work on /home/airflow/.local/lib/python3.8/site-packages/airflow/example_dags/example_python_operator.py
[2025-06-28T04:42:18.107+0000] {processor.py:830} INFO - Processing file /home/airflow/.local/lib/python3.8/site-packages/airflow/example_dags/example_python_operator.py for tasks to queue
[2025-06-28T04:42:18.108+0000] {logging_mixin.py:188} INFO - [2025-06-28T04:42:18.107+0000] {dagbag.py:538} INFO - Filling up the DagBag from /home/airflow/.local/lib/python3.8/site-packages/airflow/example_dags/example_python_operator.py
[2025-06-28T04:42:18.115+0000] {processor.py:840} INFO - DAG(s) 'example_python_operator' retrieved from /home/airflow/.local/lib/python3.8/site-packages/airflow/example_dags/example_python_operator.py
[2025-06-28T04:42:18.132+0000] {logging_mixin.py:188} INFO - [2025-06-28T04:42:18.132+0000] {dag.py:3036} INFO - Sync 1 DAGs
[2025-06-28T04:42:18.139+0000] {logging_mixin.py:188} INFO - [2025-06-28T04:42:18.139+0000] {dag.py:3823} INFO - Setting next_dagrun for example_python_operator to None, run_after=None
[2025-06-28T04:42:18.152+0000] {processor.py:183} INFO - Processing /home/airflow/.local/lib/python3.8/site-packages/airflow/example_dags/example_python_operator.py took 0.048 seconds
[2025-06-28T04:42:48.412+0000] {processor.py:161} INFO - Started process (PID=5385) to work on /home/airflow/.local/lib/python3.8/site-packages/airflow/example_dags/example_python_operator.py
[2025-06-28T04:42:48.413+0000] {processor.py:830} INFO - Processing file /home/airflow/.local/lib/python3.8/site-packages/airflow/example_dags/example_python_operator.py for tasks to queue
[2025-06-28T04:42:48.415+0000] {logging_mixin.py:188} INFO - [2025-06-28T04:42:48.415+0000] {dagbag.py:538} INFO - Filling up the DagBag from /home/airflow/.local/lib/python3.8/site-packages/airflow/example_dags/example_python_operator.py
[2025-06-28T04:42:48.422+0000] {processor.py:840} INFO - DAG(s) 'example_python_operator' retrieved from /home/airflow/.local/lib/python3.8/site-packages/airflow/example_dags/example_python_operator.py
[2025-06-28T04:42:48.443+0000] {logging_mixin.py:188} INFO - [2025-06-28T04:42:48.442+0000] {dag.py:3036} INFO - Sync 1 DAGs
[2025-06-28T04:42:48.451+0000] {logging_mixin.py:188} INFO - [2025-06-28T04:42:48.451+0000] {dag.py:3823} INFO - Setting next_dagrun for example_python_operator to None, run_after=None
[2025-06-28T04:42:48.466+0000] {processor.py:183} INFO - Processing /home/airflow/.local/lib/python3.8/site-packages/airflow/example_dags/example_python_operator.py took 0.058 seconds
[2025-06-28T04:43:18.734+0000] {processor.py:161} INFO - Started process (PID=5635) to work on /home/airflow/.local/lib/python3.8/site-packages/airflow/example_dags/example_python_operator.py
[2025-06-28T04:43:18.736+0000] {processor.py:830} INFO - Processing file /home/airflow/.local/lib/python3.8/site-packages/airflow/example_dags/example_python_operator.py for tasks to queue
[2025-06-28T04:43:18.738+0000] {logging_mixin.py:188} INFO - [2025-06-28T04:43:18.737+0000] {dagbag.py:538} INFO - Filling up the DagBag from /home/airflow/.local/lib/python3.8/site-packages/airflow/example_dags/example_python_operator.py
[2025-06-28T04:43:18.745+0000] {processor.py:840} INFO - DAG(s) 'example_python_operator' retrieved from /home/airflow/.local/lib/python3.8/site-packages/airflow/example_dags/example_python_operator.py
[2025-06-28T04:43:18.761+0000] {logging_mixin.py:188} INFO - [2025-06-28T04:43:18.761+0000] {dag.py:3036} INFO - Sync 1 DAGs
[2025-06-28T04:43:18.768+0000] {logging_mixin.py:188} INFO - [2025-06-28T04:43:18.768+0000] {dag.py:3823} INFO - Setting next_dagrun for example_python_operator to None, run_after=None
[2025-06-28T04:43:18.780+0000] {processor.py:183} INFO - Processing /home/airflow/.local/lib/python3.8/site-packages/airflow/example_dags/example_python_operator.py took 0.049 seconds
[2025-06-28T04:43:49.212+0000] {processor.py:161} INFO - Started process (PID=5885) to work on /home/airflow/.local/lib/python3.8/site-packages/airflow/example_dags/example_python_operator.py
[2025-06-28T04:43:49.213+0000] {processor.py:830} INFO - Processing file /home/airflow/.local/lib/python3.8/site-packages/airflow/example_dags/example_python_operator.py for tasks to queue
[2025-06-28T04:43:49.214+0000] {logging_mixin.py:188} INFO - [2025-06-28T04:43:49.214+0000] {dagbag.py:538} INFO - Filling up the DagBag from /home/airflow/.local/lib/python3.8/site-packages/airflow/example_dags/example_python_operator.py
[2025-06-28T04:43:49.221+0000] {processor.py:840} INFO - DAG(s) 'example_python_operator' retrieved from /home/airflow/.local/lib/python3.8/site-packages/airflow/example_dags/example_python_operator.py
[2025-06-28T04:43:49.240+0000] {logging_mixin.py:188} INFO - [2025-06-28T04:43:49.240+0000] {dag.py:3036} INFO - Sync 1 DAGs
[2025-06-28T04:43:49.253+0000] {logging_mixin.py:188} INFO - [2025-06-28T04:43:49.253+0000] {dag.py:3823} INFO - Setting next_dagrun for example_python_operator to None, run_after=None
[2025-06-28T04:43:49.267+0000] {processor.py:183} INFO - Processing /home/airflow/.local/lib/python3.8/site-packages/airflow/example_dags/example_python_operator.py took 0.057 seconds
[2025-06-28T04:44:19.551+0000] {processor.py:161} INFO - Started process (PID=6133) to work on /home/airflow/.local/lib/python3.8/site-packages/airflow/example_dags/example_python_operator.py
[2025-06-28T04:44:19.552+0000] {processor.py:830} INFO - Processing file /home/airflow/.local/lib/python3.8/site-packages/airflow/example_dags/example_python_operator.py for tasks to queue
[2025-06-28T04:44:19.553+0000] {logging_mixin.py:188} INFO - [2025-06-28T04:44:19.553+0000] {dagbag.py:538} INFO - Filling up the DagBag from /home/airflow/.local/lib/python3.8/site-packages/airflow/example_dags/example_python_operator.py
[2025-06-28T04:44:19.564+0000] {processor.py:840} INFO - DAG(s) 'example_python_operator' retrieved from /home/airflow/.local/lib/python3.8/site-packages/airflow/example_dags/example_python_operator.py
[2025-06-28T04:44:19.581+0000] {logging_mixin.py:188} INFO - [2025-06-28T04:44:19.581+0000] {dag.py:3036} INFO - Sync 1 DAGs
[2025-06-28T04:44:19.591+0000] {logging_mixin.py:188} INFO - [2025-06-28T04:44:19.591+0000] {dag.py:3823} INFO - Setting next_dagrun for example_python_operator to None, run_after=None
[2025-06-28T04:44:19.603+0000] {processor.py:183} INFO - Processing /home/airflow/.local/lib/python3.8/site-packages/airflow/example_dags/example_python_operator.py took 0.055 seconds
[2025-06-28T04:44:49.813+0000] {processor.py:161} INFO - Started process (PID=6385) to work on /home/airflow/.local/lib/python3.8/site-packages/airflow/example_dags/example_python_operator.py
[2025-06-28T04:44:49.814+0000] {processor.py:830} INFO - Processing file /home/airflow/.local/lib/python3.8/site-packages/airflow/example_dags/example_python_operator.py for tasks to queue
[2025-06-28T04:44:49.815+0000] {logging_mixin.py:188} INFO - [2025-06-28T04:44:49.814+0000] {dagbag.py:538} INFO - Filling up the DagBag from /home/airflow/.local/lib/python3.8/site-packages/airflow/example_dags/example_python_operator.py
[2025-06-28T04:44:49.821+0000] {processor.py:840} INFO - DAG(s) 'example_python_operator' retrieved from /home/airflow/.local/lib/python3.8/site-packages/airflow/example_dags/example_python_operator.py
[2025-06-28T04:44:49.837+0000] {logging_mixin.py:188} INFO - [2025-06-28T04:44:49.836+0000] {dag.py:3036} INFO - Sync 1 DAGs
[2025-06-28T04:44:49.845+0000] {logging_mixin.py:188} INFO - [2025-06-28T04:44:49.844+0000] {dag.py:3823} INFO - Setting next_dagrun for example_python_operator to None, run_after=None
[2025-06-28T04:44:49.861+0000] {processor.py:183} INFO - Processing /home/airflow/.local/lib/python3.8/site-packages/airflow/example_dags/example_python_operator.py took 0.050 seconds
[2025-06-28T04:45:19.938+0000] {processor.py:161} INFO - Started process (PID=6635) to work on /home/airflow/.local/lib/python3.8/site-packages/airflow/example_dags/example_python_operator.py
[2025-06-28T04:45:19.938+0000] {processor.py:830} INFO - Processing file /home/airflow/.local/lib/python3.8/site-packages/airflow/example_dags/example_python_operator.py for tasks to queue
[2025-06-28T04:45:19.940+0000] {logging_mixin.py:188} INFO - [2025-06-28T04:45:19.940+0000] {dagbag.py:538} INFO - Filling up the DagBag from /home/airflow/.local/lib/python3.8/site-packages/airflow/example_dags/example_python_operator.py
[2025-06-28T04:45:19.947+0000] {processor.py:840} INFO - DAG(s) 'example_python_operator' retrieved from /home/airflow/.local/lib/python3.8/site-packages/airflow/example_dags/example_python_operator.py
[2025-06-28T04:45:19.968+0000] {logging_mixin.py:188} INFO - [2025-06-28T04:45:19.968+0000] {dag.py:3036} INFO - Sync 1 DAGs
[2025-06-28T04:45:19.978+0000] {logging_mixin.py:188} INFO - [2025-06-28T04:45:19.978+0000] {dag.py:3823} INFO - Setting next_dagrun for example_python_operator to None, run_after=None
[2025-06-28T04:45:19.997+0000] {processor.py:183} INFO - Processing /home/airflow/.local/lib/python3.8/site-packages/airflow/example_dags/example_python_operator.py took 0.062 seconds
[2025-06-28T04:45:50.417+0000] {processor.py:161} INFO - Started process (PID=6883) to work on /home/airflow/.local/lib/python3.8/site-packages/airflow/example_dags/example_python_operator.py
[2025-06-28T04:45:50.418+0000] {processor.py:830} INFO - Processing file /home/airflow/.local/lib/python3.8/site-packages/airflow/example_dags/example_python_operator.py for tasks to queue
[2025-06-28T04:45:50.419+0000] {logging_mixin.py:188} INFO - [2025-06-28T04:45:50.419+0000] {dagbag.py:538} INFO - Filling up the DagBag from /home/airflow/.local/lib/python3.8/site-packages/airflow/example_dags/example_python_operator.py
[2025-06-28T04:45:50.425+0000] {processor.py:840} INFO - DAG(s) 'example_python_operator' retrieved from /home/airflow/.local/lib/python3.8/site-packages/airflow/example_dags/example_python_operator.py
[2025-06-28T04:45:50.438+0000] {logging_mixin.py:188} INFO - [2025-06-28T04:45:50.437+0000] {dag.py:3036} INFO - Sync 1 DAGs
[2025-06-28T04:45:50.445+0000] {logging_mixin.py:188} INFO - [2025-06-28T04:45:50.445+0000] {dag.py:3823} INFO - Setting next_dagrun for example_python_operator to None, run_after=None
[2025-06-28T04:45:50.460+0000] {processor.py:183} INFO - Processing /home/airflow/.local/lib/python3.8/site-packages/airflow/example_dags/example_python_operator.py took 0.044 seconds
[2025-06-28T04:46:20.781+0000] {processor.py:161} INFO - Started process (PID=7133) to work on /home/airflow/.local/lib/python3.8/site-packages/airflow/example_dags/example_python_operator.py
[2025-06-28T04:46:20.782+0000] {processor.py:830} INFO - Processing file /home/airflow/.local/lib/python3.8/site-packages/airflow/example_dags/example_python_operator.py for tasks to queue
[2025-06-28T04:46:20.783+0000] {logging_mixin.py:188} INFO - [2025-06-28T04:46:20.783+0000] {dagbag.py:538} INFO - Filling up the DagBag from /home/airflow/.local/lib/python3.8/site-packages/airflow/example_dags/example_python_operator.py
[2025-06-28T04:46:20.790+0000] {processor.py:840} INFO - DAG(s) 'example_python_operator' retrieved from /home/airflow/.local/lib/python3.8/site-packages/airflow/example_dags/example_python_operator.py
[2025-06-28T04:46:20.801+0000] {logging_mixin.py:188} INFO - [2025-06-28T04:46:20.801+0000] {dag.py:3036} INFO - Sync 1 DAGs
[2025-06-28T04:46:20.808+0000] {logging_mixin.py:188} INFO - [2025-06-28T04:46:20.808+0000] {dag.py:3823} INFO - Setting next_dagrun for example_python_operator to None, run_after=None
[2025-06-28T04:46:20.820+0000] {processor.py:183} INFO - Processing /home/airflow/.local/lib/python3.8/site-packages/airflow/example_dags/example_python_operator.py took 0.040 seconds
[2025-06-28T04:46:51.538+0000] {processor.py:161} INFO - Started process (PID=7385) to work on /home/airflow/.local/lib/python3.8/site-packages/airflow/example_dags/example_python_operator.py
[2025-06-28T04:46:51.539+0000] {processor.py:830} INFO - Processing file /home/airflow/.local/lib/python3.8/site-packages/airflow/example_dags/example_python_operator.py for tasks to queue
[2025-06-28T04:46:51.541+0000] {logging_mixin.py:188} INFO - [2025-06-28T04:46:51.541+0000] {dagbag.py:538} INFO - Filling up the DagBag from /home/airflow/.local/lib/python3.8/site-packages/airflow/example_dags/example_python_operator.py
[2025-06-28T04:46:51.551+0000] {processor.py:840} INFO - DAG(s) 'example_python_operator' retrieved from /home/airflow/.local/lib/python3.8/site-packages/airflow/example_dags/example_python_operator.py
[2025-06-28T04:46:51.564+0000] {logging_mixin.py:188} INFO - [2025-06-28T04:46:51.564+0000] {dag.py:3036} INFO - Sync 1 DAGs
[2025-06-28T04:46:51.571+0000] {logging_mixin.py:188} INFO - [2025-06-28T04:46:51.570+0000] {dag.py:3823} INFO - Setting next_dagrun for example_python_operator to None, run_after=None
[2025-06-28T04:46:51.584+0000] {processor.py:183} INFO - Processing /home/airflow/.local/lib/python3.8/site-packages/airflow/example_dags/example_python_operator.py took 0.049 seconds
[2025-06-28T04:47:21.719+0000] {processor.py:161} INFO - Started process (PID=7633) to work on /home/airflow/.local/lib/python3.8/site-packages/airflow/example_dags/example_python_operator.py
[2025-06-28T04:47:21.720+0000] {processor.py:830} INFO - Processing file /home/airflow/.local/lib/python3.8/site-packages/airflow/example_dags/example_python_operator.py for tasks to queue
[2025-06-28T04:47:21.721+0000] {logging_mixin.py:188} INFO - [2025-06-28T04:47:21.720+0000] {dagbag.py:538} INFO - Filling up the DagBag from /home/airflow/.local/lib/python3.8/site-packages/airflow/example_dags/example_python_operator.py
[2025-06-28T04:47:21.727+0000] {processor.py:840} INFO - DAG(s) 'example_python_operator' retrieved from /home/airflow/.local/lib/python3.8/site-packages/airflow/example_dags/example_python_operator.py
[2025-06-28T04:47:21.745+0000] {logging_mixin.py:188} INFO - [2025-06-28T04:47:21.744+0000] {dag.py:3036} INFO - Sync 1 DAGs
[2025-06-28T04:47:21.751+0000] {logging_mixin.py:188} INFO - [2025-06-28T04:47:21.751+0000] {dag.py:3823} INFO - Setting next_dagrun for example_python_operator to None, run_after=None
[2025-06-28T04:47:21.766+0000] {processor.py:183} INFO - Processing /home/airflow/.local/lib/python3.8/site-packages/airflow/example_dags/example_python_operator.py took 0.049 seconds
[2025-06-28T04:47:51.825+0000] {processor.py:161} INFO - Started process (PID=7883) to work on /home/airflow/.local/lib/python3.8/site-packages/airflow/example_dags/example_python_operator.py
[2025-06-28T04:47:51.825+0000] {processor.py:830} INFO - Processing file /home/airflow/.local/lib/python3.8/site-packages/airflow/example_dags/example_python_operator.py for tasks to queue
[2025-06-28T04:47:51.826+0000] {logging_mixin.py:188} INFO - [2025-06-28T04:47:51.826+0000] {dagbag.py:538} INFO - Filling up the DagBag from /home/airflow/.local/lib/python3.8/site-packages/airflow/example_dags/example_python_operator.py
[2025-06-28T04:47:51.832+0000] {processor.py:840} INFO - DAG(s) 'example_python_operator' retrieved from /home/airflow/.local/lib/python3.8/site-packages/airflow/example_dags/example_python_operator.py
[2025-06-28T04:47:51.846+0000] {logging_mixin.py:188} INFO - [2025-06-28T04:47:51.846+0000] {dag.py:3036} INFO - Sync 1 DAGs
[2025-06-28T04:47:51.854+0000] {logging_mixin.py:188} INFO - [2025-06-28T04:47:51.854+0000] {dag.py:3823} INFO - Setting next_dagrun for example_python_operator to None, run_after=None
[2025-06-28T04:47:51.867+0000] {processor.py:183} INFO - Processing /home/airflow/.local/lib/python3.8/site-packages/airflow/example_dags/example_python_operator.py took 0.044 seconds
[2025-06-28T04:48:22.261+0000] {processor.py:161} INFO - Started process (PID=8133) to work on /home/airflow/.local/lib/python3.8/site-packages/airflow/example_dags/example_python_operator.py
[2025-06-28T04:48:22.261+0000] {processor.py:830} INFO - Processing file /home/airflow/.local/lib/python3.8/site-packages/airflow/example_dags/example_python_operator.py for tasks to queue
[2025-06-28T04:48:22.263+0000] {logging_mixin.py:188} INFO - [2025-06-28T04:48:22.262+0000] {dagbag.py:538} INFO - Filling up the DagBag from /home/airflow/.local/lib/python3.8/site-packages/airflow/example_dags/example_python_operator.py
[2025-06-28T04:48:22.272+0000] {processor.py:840} INFO - DAG(s) 'example_python_operator' retrieved from /home/airflow/.local/lib/python3.8/site-packages/airflow/example_dags/example_python_operator.py
[2025-06-28T04:48:22.295+0000] {logging_mixin.py:188} INFO - [2025-06-28T04:48:22.295+0000] {dag.py:3036} INFO - Sync 1 DAGs
[2025-06-28T04:48:22.306+0000] {logging_mixin.py:188} INFO - [2025-06-28T04:48:22.306+0000] {dag.py:3823} INFO - Setting next_dagrun for example_python_operator to None, run_after=None
[2025-06-28T04:48:22.326+0000] {processor.py:183} INFO - Processing /home/airflow/.local/lib/python3.8/site-packages/airflow/example_dags/example_python_operator.py took 0.067 seconds
