[2025-06-28T04:32:39.989+0000] {processor.py:161} INFO - Started process (PID=363) to work on /home/airflow/.local/lib/python3.8/site-packages/airflow/example_dags/tutorial.py
[2025-06-28T04:32:39.990+0000] {processor.py:830} INFO - Processing file /home/airflow/.local/lib/python3.8/site-packages/airflow/example_dags/tutorial.py for tasks to queue
[2025-06-28T04:32:39.991+0000] {logging_mixin.py:188} INFO - [2025-06-28T04:32:39.991+0000] {dagbag.py:538} INFO - Filling up the DagBag from /home/airflow/.local/lib/python3.8/site-packages/airflow/example_dags/tutorial.py
[2025-06-28T04:32:39.996+0000] {processor.py:840} INFO - DAG(s) 'tutorial' retrieved from /home/airflow/.local/lib/python3.8/site-packages/airflow/example_dags/tutorial.py
[2025-06-28T04:32:40.008+0000] {logging_mixin.py:188} INFO - [2025-06-28T04:32:40.008+0000] {dag.py:3036} INFO - Sync 1 DAGs
[2025-06-28T04:32:40.032+0000] {logging_mixin.py:188} INFO - [2025-06-28T04:32:40.032+0000] {dag.py:3823} INFO - Setting next_dagrun for tutorial to 2025-06-27 00:00:00+00:00, run_after=2025-06-28 00:00:00+00:00
[2025-06-28T04:32:40.054+0000] {processor.py:183} INFO - Processing /home/airflow/.local/lib/python3.8/site-packages/airflow/example_dags/tutorial.py took 0.068 seconds
[2025-06-28T04:33:11.574+0000] {processor.py:161} INFO - Started process (PID=615) to work on /home/airflow/.local/lib/python3.8/site-packages/airflow/example_dags/tutorial.py
[2025-06-28T04:33:11.575+0000] {processor.py:830} INFO - Processing file /home/airflow/.local/lib/python3.8/site-packages/airflow/example_dags/tutorial.py for tasks to queue
[2025-06-28T04:33:11.576+0000] {logging_mixin.py:188} INFO - [2025-06-28T04:33:11.576+0000] {dagbag.py:538} INFO - Filling up the DagBag from /home/airflow/.local/lib/python3.8/site-packages/airflow/example_dags/tutorial.py
[2025-06-28T04:33:11.581+0000] {processor.py:840} INFO - DAG(s) 'tutorial' retrieved from /home/airflow/.local/lib/python3.8/site-packages/airflow/example_dags/tutorial.py
[2025-06-28T04:33:11.650+0000] {logging_mixin.py:188} INFO - [2025-06-28T04:33:11.650+0000] {dag.py:3036} INFO - Sync 1 DAGs
[2025-06-28T04:33:11.669+0000] {logging_mixin.py:188} INFO - [2025-06-28T04:33:11.669+0000] {dag.py:3823} INFO - Setting next_dagrun for tutorial to 2025-06-27 00:00:00+00:00, run_after=2025-06-28 00:00:00+00:00
[2025-06-28T04:33:11.686+0000] {processor.py:183} INFO - Processing /home/airflow/.local/lib/python3.8/site-packages/airflow/example_dags/tutorial.py took 0.115 seconds
[2025-06-28T04:33:42.462+0000] {processor.py:161} INFO - Started process (PID=863) to work on /home/airflow/.local/lib/python3.8/site-packages/airflow/example_dags/tutorial.py
[2025-06-28T04:33:42.462+0000] {processor.py:830} INFO - Processing file /home/airflow/.local/lib/python3.8/site-packages/airflow/example_dags/tutorial.py for tasks to queue
[2025-06-28T04:33:42.463+0000] {logging_mixin.py:188} INFO - [2025-06-28T04:33:42.463+0000] {dagbag.py:538} INFO - Filling up the DagBag from /home/airflow/.local/lib/python3.8/site-packages/airflow/example_dags/tutorial.py
[2025-06-28T04:33:42.467+0000] {processor.py:840} INFO - DAG(s) 'tutorial' retrieved from /home/airflow/.local/lib/python3.8/site-packages/airflow/example_dags/tutorial.py
[2025-06-28T04:33:42.479+0000] {logging_mixin.py:188} INFO - [2025-06-28T04:33:42.479+0000] {dag.py:3036} INFO - Sync 1 DAGs
[2025-06-28T04:33:42.494+0000] {logging_mixin.py:188} INFO - [2025-06-28T04:33:42.493+0000] {dag.py:3823} INFO - Setting next_dagrun for tutorial to 2025-06-27 00:00:00+00:00, run_after=2025-06-28 00:00:00+00:00
[2025-06-28T04:33:42.510+0000] {processor.py:183} INFO - Processing /home/airflow/.local/lib/python3.8/site-packages/airflow/example_dags/tutorial.py took 0.050 seconds
[2025-06-28T04:34:12.746+0000] {processor.py:161} INFO - Started process (PID=1115) to work on /home/airflow/.local/lib/python3.8/site-packages/airflow/example_dags/tutorial.py
[2025-06-28T04:34:12.748+0000] {processor.py:830} INFO - Processing file /home/airflow/.local/lib/python3.8/site-packages/airflow/example_dags/tutorial.py for tasks to queue
[2025-06-28T04:34:12.750+0000] {logging_mixin.py:188} INFO - [2025-06-28T04:34:12.749+0000] {dagbag.py:538} INFO - Filling up the DagBag from /home/airflow/.local/lib/python3.8/site-packages/airflow/example_dags/tutorial.py
[2025-06-28T04:34:12.757+0000] {processor.py:840} INFO - DAG(s) 'tutorial' retrieved from /home/airflow/.local/lib/python3.8/site-packages/airflow/example_dags/tutorial.py
[2025-06-28T04:34:12.776+0000] {logging_mixin.py:188} INFO - [2025-06-28T04:34:12.775+0000] {dag.py:3036} INFO - Sync 1 DAGs
[2025-06-28T04:34:12.788+0000] {logging_mixin.py:188} INFO - [2025-06-28T04:34:12.788+0000] {dag.py:3823} INFO - Setting next_dagrun for tutorial to 2025-06-27 00:00:00+00:00, run_after=2025-06-28 00:00:00+00:00
[2025-06-28T04:34:12.804+0000] {processor.py:183} INFO - Processing /home/airflow/.local/lib/python3.8/site-packages/airflow/example_dags/tutorial.py took 0.062 seconds
[2025-06-28T04:34:43.200+0000] {processor.py:161} INFO - Started process (PID=1365) to work on /home/airflow/.local/lib/python3.8/site-packages/airflow/example_dags/tutorial.py
[2025-06-28T04:34:43.201+0000] {processor.py:830} INFO - Processing file /home/airflow/.local/lib/python3.8/site-packages/airflow/example_dags/tutorial.py for tasks to queue
[2025-06-28T04:34:43.203+0000] {logging_mixin.py:188} INFO - [2025-06-28T04:34:43.203+0000] {dagbag.py:538} INFO - Filling up the DagBag from /home/airflow/.local/lib/python3.8/site-packages/airflow/example_dags/tutorial.py
[2025-06-28T04:34:43.208+0000] {processor.py:840} INFO - DAG(s) 'tutorial' retrieved from /home/airflow/.local/lib/python3.8/site-packages/airflow/example_dags/tutorial.py
[2025-06-28T04:34:43.221+0000] {logging_mixin.py:188} INFO - [2025-06-28T04:34:43.221+0000] {dag.py:3036} INFO - Sync 1 DAGs
[2025-06-28T04:34:43.235+0000] {logging_mixin.py:188} INFO - [2025-06-28T04:34:43.235+0000] {dag.py:3823} INFO - Setting next_dagrun for tutorial to 2025-06-27 00:00:00+00:00, run_after=2025-06-28 00:00:00+00:00
[2025-06-28T04:34:43.247+0000] {processor.py:183} INFO - Processing /home/airflow/.local/lib/python3.8/site-packages/airflow/example_dags/tutorial.py took 0.050 seconds
[2025-06-28T04:35:13.641+0000] {processor.py:161} INFO - Started process (PID=1613) to work on /home/airflow/.local/lib/python3.8/site-packages/airflow/example_dags/tutorial.py
[2025-06-28T04:35:13.641+0000] {processor.py:830} INFO - Processing file /home/airflow/.local/lib/python3.8/site-packages/airflow/example_dags/tutorial.py for tasks to queue
[2025-06-28T04:35:13.643+0000] {logging_mixin.py:188} INFO - [2025-06-28T04:35:13.642+0000] {dagbag.py:538} INFO - Filling up the DagBag from /home/airflow/.local/lib/python3.8/site-packages/airflow/example_dags/tutorial.py
[2025-06-28T04:35:13.647+0000] {processor.py:840} INFO - DAG(s) 'tutorial' retrieved from /home/airflow/.local/lib/python3.8/site-packages/airflow/example_dags/tutorial.py
[2025-06-28T04:35:13.663+0000] {logging_mixin.py:188} INFO - [2025-06-28T04:35:13.663+0000] {dag.py:3036} INFO - Sync 1 DAGs
[2025-06-28T04:35:13.675+0000] {logging_mixin.py:188} INFO - [2025-06-28T04:35:13.675+0000] {dag.py:3823} INFO - Setting next_dagrun for tutorial to 2025-06-27 00:00:00+00:00, run_after=2025-06-28 00:00:00+00:00
[2025-06-28T04:35:13.685+0000] {processor.py:183} INFO - Processing /home/airflow/.local/lib/python3.8/site-packages/airflow/example_dags/tutorial.py took 0.047 seconds
[2025-06-28T04:35:44.199+0000] {processor.py:161} INFO - Started process (PID=1863) to work on /home/airflow/.local/lib/python3.8/site-packages/airflow/example_dags/tutorial.py
[2025-06-28T04:35:44.200+0000] {processor.py:830} INFO - Processing file /home/airflow/.local/lib/python3.8/site-packages/airflow/example_dags/tutorial.py for tasks to queue
[2025-06-28T04:35:44.201+0000] {logging_mixin.py:188} INFO - [2025-06-28T04:35:44.201+0000] {dagbag.py:538} INFO - Filling up the DagBag from /home/airflow/.local/lib/python3.8/site-packages/airflow/example_dags/tutorial.py
[2025-06-28T04:35:44.207+0000] {processor.py:840} INFO - DAG(s) 'tutorial' retrieved from /home/airflow/.local/lib/python3.8/site-packages/airflow/example_dags/tutorial.py
[2025-06-28T04:35:44.226+0000] {logging_mixin.py:188} INFO - [2025-06-28T04:35:44.226+0000] {dag.py:3036} INFO - Sync 1 DAGs
[2025-06-28T04:35:44.240+0000] {logging_mixin.py:188} INFO - [2025-06-28T04:35:44.240+0000] {dag.py:3823} INFO - Setting next_dagrun for tutorial to 2025-06-27 00:00:00+00:00, run_after=2025-06-28 00:00:00+00:00
[2025-06-28T04:35:44.252+0000] {processor.py:183} INFO - Processing /home/airflow/.local/lib/python3.8/site-packages/airflow/example_dags/tutorial.py took 0.056 seconds
[2025-06-28T04:36:14.472+0000] {processor.py:161} INFO - Started process (PID=2113) to work on /home/airflow/.local/lib/python3.8/site-packages/airflow/example_dags/tutorial.py
[2025-06-28T04:36:14.473+0000] {processor.py:830} INFO - Processing file /home/airflow/.local/lib/python3.8/site-packages/airflow/example_dags/tutorial.py for tasks to queue
[2025-06-28T04:36:14.475+0000] {logging_mixin.py:188} INFO - [2025-06-28T04:36:14.475+0000] {dagbag.py:538} INFO - Filling up the DagBag from /home/airflow/.local/lib/python3.8/site-packages/airflow/example_dags/tutorial.py
[2025-06-28T04:36:14.481+0000] {processor.py:840} INFO - DAG(s) 'tutorial' retrieved from /home/airflow/.local/lib/python3.8/site-packages/airflow/example_dags/tutorial.py
[2025-06-28T04:36:14.497+0000] {logging_mixin.py:188} INFO - [2025-06-28T04:36:14.496+0000] {dag.py:3036} INFO - Sync 1 DAGs
[2025-06-28T04:36:14.514+0000] {logging_mixin.py:188} INFO - [2025-06-28T04:36:14.513+0000] {dag.py:3823} INFO - Setting next_dagrun for tutorial to 2025-06-27 00:00:00+00:00, run_after=2025-06-28 00:00:00+00:00
[2025-06-28T04:36:14.530+0000] {processor.py:183} INFO - Processing /home/airflow/.local/lib/python3.8/site-packages/airflow/example_dags/tutorial.py took 0.061 seconds
[2025-06-28T04:36:44.717+0000] {processor.py:161} INFO - Started process (PID=2363) to work on /home/airflow/.local/lib/python3.8/site-packages/airflow/example_dags/tutorial.py
[2025-06-28T04:36:44.718+0000] {processor.py:830} INFO - Processing file /home/airflow/.local/lib/python3.8/site-packages/airflow/example_dags/tutorial.py for tasks to queue
[2025-06-28T04:36:44.719+0000] {logging_mixin.py:188} INFO - [2025-06-28T04:36:44.719+0000] {dagbag.py:538} INFO - Filling up the DagBag from /home/airflow/.local/lib/python3.8/site-packages/airflow/example_dags/tutorial.py
[2025-06-28T04:36:44.722+0000] {processor.py:840} INFO - DAG(s) 'tutorial' retrieved from /home/airflow/.local/lib/python3.8/site-packages/airflow/example_dags/tutorial.py
[2025-06-28T04:36:44.735+0000] {logging_mixin.py:188} INFO - [2025-06-28T04:36:44.735+0000] {dag.py:3036} INFO - Sync 1 DAGs
[2025-06-28T04:36:44.748+0000] {logging_mixin.py:188} INFO - [2025-06-28T04:36:44.748+0000] {dag.py:3823} INFO - Setting next_dagrun for tutorial to 2025-06-27 00:00:00+00:00, run_after=2025-06-28 00:00:00+00:00
[2025-06-28T04:36:44.760+0000] {processor.py:183} INFO - Processing /home/airflow/.local/lib/python3.8/site-packages/airflow/example_dags/tutorial.py took 0.044 seconds
[2025-06-28T04:37:14.928+0000] {processor.py:161} INFO - Started process (PID=2613) to work on /home/airflow/.local/lib/python3.8/site-packages/airflow/example_dags/tutorial.py
[2025-06-28T04:37:14.929+0000] {processor.py:830} INFO - Processing file /home/airflow/.local/lib/python3.8/site-packages/airflow/example_dags/tutorial.py for tasks to queue
[2025-06-28T04:37:14.930+0000] {logging_mixin.py:188} INFO - [2025-06-28T04:37:14.930+0000] {dagbag.py:538} INFO - Filling up the DagBag from /home/airflow/.local/lib/python3.8/site-packages/airflow/example_dags/tutorial.py
[2025-06-28T04:37:14.934+0000] {processor.py:840} INFO - DAG(s) 'tutorial' retrieved from /home/airflow/.local/lib/python3.8/site-packages/airflow/example_dags/tutorial.py
[2025-06-28T04:37:14.948+0000] {logging_mixin.py:188} INFO - [2025-06-28T04:37:14.947+0000] {dag.py:3036} INFO - Sync 1 DAGs
[2025-06-28T04:37:14.962+0000] {logging_mixin.py:188} INFO - [2025-06-28T04:37:14.962+0000] {dag.py:3823} INFO - Setting next_dagrun for tutorial to 2025-06-27 00:00:00+00:00, run_after=2025-06-28 00:00:00+00:00
[2025-06-28T04:37:14.978+0000] {processor.py:183} INFO - Processing /home/airflow/.local/lib/python3.8/site-packages/airflow/example_dags/tutorial.py took 0.051 seconds
[2025-06-28T04:37:45.035+0000] {processor.py:161} INFO - Started process (PID=2863) to work on /home/airflow/.local/lib/python3.8/site-packages/airflow/example_dags/tutorial.py
[2025-06-28T04:37:45.035+0000] {processor.py:830} INFO - Processing file /home/airflow/.local/lib/python3.8/site-packages/airflow/example_dags/tutorial.py for tasks to queue
[2025-06-28T04:37:45.037+0000] {logging_mixin.py:188} INFO - [2025-06-28T04:37:45.036+0000] {dagbag.py:538} INFO - Filling up the DagBag from /home/airflow/.local/lib/python3.8/site-packages/airflow/example_dags/tutorial.py
[2025-06-28T04:37:45.040+0000] {processor.py:840} INFO - DAG(s) 'tutorial' retrieved from /home/airflow/.local/lib/python3.8/site-packages/airflow/example_dags/tutorial.py
[2025-06-28T04:37:45.052+0000] {logging_mixin.py:188} INFO - [2025-06-28T04:37:45.051+0000] {dag.py:3036} INFO - Sync 1 DAGs
[2025-06-28T04:37:45.064+0000] {logging_mixin.py:188} INFO - [2025-06-28T04:37:45.064+0000] {dag.py:3823} INFO - Setting next_dagrun for tutorial to 2025-06-27 00:00:00+00:00, run_after=2025-06-28 00:00:00+00:00
[2025-06-28T04:37:45.077+0000] {processor.py:183} INFO - Processing /home/airflow/.local/lib/python3.8/site-packages/airflow/example_dags/tutorial.py took 0.044 seconds
[2025-06-28T04:38:15.371+0000] {processor.py:161} INFO - Started process (PID=3113) to work on /home/airflow/.local/lib/python3.8/site-packages/airflow/example_dags/tutorial.py
[2025-06-28T04:38:15.372+0000] {processor.py:830} INFO - Processing file /home/airflow/.local/lib/python3.8/site-packages/airflow/example_dags/tutorial.py for tasks to queue
[2025-06-28T04:38:15.374+0000] {logging_mixin.py:188} INFO - [2025-06-28T04:38:15.373+0000] {dagbag.py:538} INFO - Filling up the DagBag from /home/airflow/.local/lib/python3.8/site-packages/airflow/example_dags/tutorial.py
[2025-06-28T04:38:15.379+0000] {processor.py:840} INFO - DAG(s) 'tutorial' retrieved from /home/airflow/.local/lib/python3.8/site-packages/airflow/example_dags/tutorial.py
[2025-06-28T04:38:15.396+0000] {logging_mixin.py:188} INFO - [2025-06-28T04:38:15.396+0000] {dag.py:3036} INFO - Sync 1 DAGs
[2025-06-28T04:38:15.412+0000] {logging_mixin.py:188} INFO - [2025-06-28T04:38:15.412+0000] {dag.py:3823} INFO - Setting next_dagrun for tutorial to 2025-06-27 00:00:00+00:00, run_after=2025-06-28 00:00:00+00:00
[2025-06-28T04:38:15.427+0000] {processor.py:183} INFO - Processing /home/airflow/.local/lib/python3.8/site-packages/airflow/example_dags/tutorial.py took 0.059 seconds
[2025-06-28T04:38:45.669+0000] {processor.py:161} INFO - Started process (PID=3365) to work on /home/airflow/.local/lib/python3.8/site-packages/airflow/example_dags/tutorial.py
[2025-06-28T04:38:45.669+0000] {processor.py:830} INFO - Processing file /home/airflow/.local/lib/python3.8/site-packages/airflow/example_dags/tutorial.py for tasks to queue
[2025-06-28T04:38:45.670+0000] {logging_mixin.py:188} INFO - [2025-06-28T04:38:45.670+0000] {dagbag.py:538} INFO - Filling up the DagBag from /home/airflow/.local/lib/python3.8/site-packages/airflow/example_dags/tutorial.py
[2025-06-28T04:38:45.673+0000] {processor.py:840} INFO - DAG(s) 'tutorial' retrieved from /home/airflow/.local/lib/python3.8/site-packages/airflow/example_dags/tutorial.py
[2025-06-28T04:38:45.686+0000] {logging_mixin.py:188} INFO - [2025-06-28T04:38:45.686+0000] {dag.py:3036} INFO - Sync 1 DAGs
[2025-06-28T04:38:45.698+0000] {logging_mixin.py:188} INFO - [2025-06-28T04:38:45.697+0000] {dag.py:3823} INFO - Setting next_dagrun for tutorial to 2025-06-27 00:00:00+00:00, run_after=2025-06-28 00:00:00+00:00
[2025-06-28T04:38:45.707+0000] {processor.py:183} INFO - Processing /home/airflow/.local/lib/python3.8/site-packages/airflow/example_dags/tutorial.py took 0.039 seconds
[2025-06-28T04:39:15.914+0000] {processor.py:161} INFO - Started process (PID=3615) to work on /home/airflow/.local/lib/python3.8/site-packages/airflow/example_dags/tutorial.py
[2025-06-28T04:39:15.915+0000] {processor.py:830} INFO - Processing file /home/airflow/.local/lib/python3.8/site-packages/airflow/example_dags/tutorial.py for tasks to queue
[2025-06-28T04:39:15.916+0000] {logging_mixin.py:188} INFO - [2025-06-28T04:39:15.916+0000] {dagbag.py:538} INFO - Filling up the DagBag from /home/airflow/.local/lib/python3.8/site-packages/airflow/example_dags/tutorial.py
[2025-06-28T04:39:15.921+0000] {processor.py:840} INFO - DAG(s) 'tutorial' retrieved from /home/airflow/.local/lib/python3.8/site-packages/airflow/example_dags/tutorial.py
[2025-06-28T04:39:15.936+0000] {logging_mixin.py:188} INFO - [2025-06-28T04:39:15.936+0000] {dag.py:3036} INFO - Sync 1 DAGs
[2025-06-28T04:39:15.954+0000] {logging_mixin.py:188} INFO - [2025-06-28T04:39:15.954+0000] {dag.py:3823} INFO - Setting next_dagrun for tutorial to 2025-06-27 00:00:00+00:00, run_after=2025-06-28 00:00:00+00:00
[2025-06-28T04:39:15.969+0000] {processor.py:183} INFO - Processing /home/airflow/.local/lib/python3.8/site-packages/airflow/example_dags/tutorial.py took 0.058 seconds
[2025-06-28T04:39:46.088+0000] {processor.py:161} INFO - Started process (PID=3863) to work on /home/airflow/.local/lib/python3.8/site-packages/airflow/example_dags/tutorial.py
[2025-06-28T04:39:46.089+0000] {processor.py:830} INFO - Processing file /home/airflow/.local/lib/python3.8/site-packages/airflow/example_dags/tutorial.py for tasks to queue
[2025-06-28T04:39:46.091+0000] {logging_mixin.py:188} INFO - [2025-06-28T04:39:46.090+0000] {dagbag.py:538} INFO - Filling up the DagBag from /home/airflow/.local/lib/python3.8/site-packages/airflow/example_dags/tutorial.py
[2025-06-28T04:39:46.095+0000] {processor.py:840} INFO - DAG(s) 'tutorial' retrieved from /home/airflow/.local/lib/python3.8/site-packages/airflow/example_dags/tutorial.py
[2025-06-28T04:39:46.110+0000] {logging_mixin.py:188} INFO - [2025-06-28T04:39:46.109+0000] {dag.py:3036} INFO - Sync 1 DAGs
[2025-06-28T04:39:46.124+0000] {logging_mixin.py:188} INFO - [2025-06-28T04:39:46.124+0000] {dag.py:3823} INFO - Setting next_dagrun for tutorial to 2025-06-27 00:00:00+00:00, run_after=2025-06-28 00:00:00+00:00
[2025-06-28T04:39:46.137+0000] {processor.py:183} INFO - Processing /home/airflow/.local/lib/python3.8/site-packages/airflow/example_dags/tutorial.py took 0.053 seconds
[2025-06-28T04:40:16.442+0000] {processor.py:161} INFO - Started process (PID=4115) to work on /home/airflow/.local/lib/python3.8/site-packages/airflow/example_dags/tutorial.py
[2025-06-28T04:40:16.444+0000] {processor.py:830} INFO - Processing file /home/airflow/.local/lib/python3.8/site-packages/airflow/example_dags/tutorial.py for tasks to queue
[2025-06-28T04:40:16.446+0000] {logging_mixin.py:188} INFO - [2025-06-28T04:40:16.446+0000] {dagbag.py:538} INFO - Filling up the DagBag from /home/airflow/.local/lib/python3.8/site-packages/airflow/example_dags/tutorial.py
[2025-06-28T04:40:16.454+0000] {processor.py:840} INFO - DAG(s) 'tutorial' retrieved from /home/airflow/.local/lib/python3.8/site-packages/airflow/example_dags/tutorial.py
[2025-06-28T04:40:16.476+0000] {logging_mixin.py:188} INFO - [2025-06-28T04:40:16.476+0000] {dag.py:3036} INFO - Sync 1 DAGs
[2025-06-28T04:40:16.496+0000] {logging_mixin.py:188} INFO - [2025-06-28T04:40:16.496+0000] {dag.py:3823} INFO - Setting next_dagrun for tutorial to 2025-06-27 00:00:00+00:00, run_after=2025-06-28 00:00:00+00:00
[2025-06-28T04:40:16.516+0000] {processor.py:183} INFO - Processing /home/airflow/.local/lib/python3.8/site-packages/airflow/example_dags/tutorial.py took 0.077 seconds
[2025-06-28T04:40:46.789+0000] {processor.py:161} INFO - Started process (PID=4363) to work on /home/airflow/.local/lib/python3.8/site-packages/airflow/example_dags/tutorial.py
[2025-06-28T04:40:46.790+0000] {processor.py:830} INFO - Processing file /home/airflow/.local/lib/python3.8/site-packages/airflow/example_dags/tutorial.py for tasks to queue
[2025-06-28T04:40:46.791+0000] {logging_mixin.py:188} INFO - [2025-06-28T04:40:46.791+0000] {dagbag.py:538} INFO - Filling up the DagBag from /home/airflow/.local/lib/python3.8/site-packages/airflow/example_dags/tutorial.py
[2025-06-28T04:40:46.795+0000] {processor.py:840} INFO - DAG(s) 'tutorial' retrieved from /home/airflow/.local/lib/python3.8/site-packages/airflow/example_dags/tutorial.py
[2025-06-28T04:40:46.810+0000] {logging_mixin.py:188} INFO - [2025-06-28T04:40:46.810+0000] {dag.py:3036} INFO - Sync 1 DAGs
[2025-06-28T04:40:46.826+0000] {logging_mixin.py:188} INFO - [2025-06-28T04:40:46.826+0000] {dag.py:3823} INFO - Setting next_dagrun for tutorial to 2025-06-27 00:00:00+00:00, run_after=2025-06-28 00:00:00+00:00
[2025-06-28T04:40:46.842+0000] {processor.py:183} INFO - Processing /home/airflow/.local/lib/python3.8/site-packages/airflow/example_dags/tutorial.py took 0.055 seconds
[2025-06-28T04:41:17.238+0000] {processor.py:161} INFO - Started process (PID=4613) to work on /home/airflow/.local/lib/python3.8/site-packages/airflow/example_dags/tutorial.py
[2025-06-28T04:41:17.238+0000] {processor.py:830} INFO - Processing file /home/airflow/.local/lib/python3.8/site-packages/airflow/example_dags/tutorial.py for tasks to queue
[2025-06-28T04:41:17.239+0000] {logging_mixin.py:188} INFO - [2025-06-28T04:41:17.239+0000] {dagbag.py:538} INFO - Filling up the DagBag from /home/airflow/.local/lib/python3.8/site-packages/airflow/example_dags/tutorial.py
[2025-06-28T04:41:17.243+0000] {processor.py:840} INFO - DAG(s) 'tutorial' retrieved from /home/airflow/.local/lib/python3.8/site-packages/airflow/example_dags/tutorial.py
[2025-06-28T04:41:17.261+0000] {logging_mixin.py:188} INFO - [2025-06-28T04:41:17.261+0000] {dag.py:3036} INFO - Sync 1 DAGs
[2025-06-28T04:41:17.276+0000] {logging_mixin.py:188} INFO - [2025-06-28T04:41:17.276+0000] {dag.py:3823} INFO - Setting next_dagrun for tutorial to 2025-06-27 00:00:00+00:00, run_after=2025-06-28 00:00:00+00:00
[2025-06-28T04:41:17.293+0000] {processor.py:183} INFO - Processing /home/airflow/.local/lib/python3.8/site-packages/airflow/example_dags/tutorial.py took 0.057 seconds
[2025-06-28T04:41:47.559+0000] {processor.py:161} INFO - Started process (PID=4865) to work on /home/airflow/.local/lib/python3.8/site-packages/airflow/example_dags/tutorial.py
[2025-06-28T04:41:47.560+0000] {processor.py:830} INFO - Processing file /home/airflow/.local/lib/python3.8/site-packages/airflow/example_dags/tutorial.py for tasks to queue
[2025-06-28T04:41:47.561+0000] {logging_mixin.py:188} INFO - [2025-06-28T04:41:47.561+0000] {dagbag.py:538} INFO - Filling up the DagBag from /home/airflow/.local/lib/python3.8/site-packages/airflow/example_dags/tutorial.py
[2025-06-28T04:41:47.564+0000] {processor.py:840} INFO - DAG(s) 'tutorial' retrieved from /home/airflow/.local/lib/python3.8/site-packages/airflow/example_dags/tutorial.py
[2025-06-28T04:41:47.575+0000] {logging_mixin.py:188} INFO - [2025-06-28T04:41:47.575+0000] {dag.py:3036} INFO - Sync 1 DAGs
[2025-06-28T04:41:47.589+0000] {logging_mixin.py:188} INFO - [2025-06-28T04:41:47.588+0000] {dag.py:3823} INFO - Setting next_dagrun for tutorial to 2025-06-27 00:00:00+00:00, run_after=2025-06-28 00:00:00+00:00
[2025-06-28T04:41:47.601+0000] {processor.py:183} INFO - Processing /home/airflow/.local/lib/python3.8/site-packages/airflow/example_dags/tutorial.py took 0.044 seconds
[2025-06-28T04:42:17.885+0000] {processor.py:161} INFO - Started process (PID=5113) to work on /home/airflow/.local/lib/python3.8/site-packages/airflow/example_dags/tutorial.py
[2025-06-28T04:42:17.886+0000] {processor.py:830} INFO - Processing file /home/airflow/.local/lib/python3.8/site-packages/airflow/example_dags/tutorial.py for tasks to queue
[2025-06-28T04:42:17.888+0000] {logging_mixin.py:188} INFO - [2025-06-28T04:42:17.887+0000] {dagbag.py:538} INFO - Filling up the DagBag from /home/airflow/.local/lib/python3.8/site-packages/airflow/example_dags/tutorial.py
[2025-06-28T04:42:17.891+0000] {processor.py:840} INFO - DAG(s) 'tutorial' retrieved from /home/airflow/.local/lib/python3.8/site-packages/airflow/example_dags/tutorial.py
[2025-06-28T04:42:17.905+0000] {logging_mixin.py:188} INFO - [2025-06-28T04:42:17.905+0000] {dag.py:3036} INFO - Sync 1 DAGs
[2025-06-28T04:42:17.918+0000] {logging_mixin.py:188} INFO - [2025-06-28T04:42:17.918+0000] {dag.py:3823} INFO - Setting next_dagrun for tutorial to 2025-06-27 00:00:00+00:00, run_after=2025-06-28 00:00:00+00:00
[2025-06-28T04:42:17.930+0000] {processor.py:183} INFO - Processing /home/airflow/.local/lib/python3.8/site-packages/airflow/example_dags/tutorial.py took 0.048 seconds
[2025-06-28T04:42:48.174+0000] {processor.py:161} INFO - Started process (PID=5365) to work on /home/airflow/.local/lib/python3.8/site-packages/airflow/example_dags/tutorial.py
[2025-06-28T04:42:48.175+0000] {processor.py:830} INFO - Processing file /home/airflow/.local/lib/python3.8/site-packages/airflow/example_dags/tutorial.py for tasks to queue
[2025-06-28T04:42:48.176+0000] {logging_mixin.py:188} INFO - [2025-06-28T04:42:48.176+0000] {dagbag.py:538} INFO - Filling up the DagBag from /home/airflow/.local/lib/python3.8/site-packages/airflow/example_dags/tutorial.py
[2025-06-28T04:42:48.180+0000] {processor.py:840} INFO - DAG(s) 'tutorial' retrieved from /home/airflow/.local/lib/python3.8/site-packages/airflow/example_dags/tutorial.py
[2025-06-28T04:42:48.190+0000] {logging_mixin.py:188} INFO - [2025-06-28T04:42:48.190+0000] {dag.py:3036} INFO - Sync 1 DAGs
[2025-06-28T04:42:48.202+0000] {logging_mixin.py:188} INFO - [2025-06-28T04:42:48.202+0000] {dag.py:3823} INFO - Setting next_dagrun for tutorial to 2025-06-27 00:00:00+00:00, run_after=2025-06-28 00:00:00+00:00
[2025-06-28T04:42:48.214+0000] {processor.py:183} INFO - Processing /home/airflow/.local/lib/python3.8/site-packages/airflow/example_dags/tutorial.py took 0.041 seconds
[2025-06-28T04:43:18.452+0000] {processor.py:161} INFO - Started process (PID=5613) to work on /home/airflow/.local/lib/python3.8/site-packages/airflow/example_dags/tutorial.py
[2025-06-28T04:43:18.453+0000] {processor.py:830} INFO - Processing file /home/airflow/.local/lib/python3.8/site-packages/airflow/example_dags/tutorial.py for tasks to queue
[2025-06-28T04:43:18.454+0000] {logging_mixin.py:188} INFO - [2025-06-28T04:43:18.454+0000] {dagbag.py:538} INFO - Filling up the DagBag from /home/airflow/.local/lib/python3.8/site-packages/airflow/example_dags/tutorial.py
[2025-06-28T04:43:18.462+0000] {processor.py:840} INFO - DAG(s) 'tutorial' retrieved from /home/airflow/.local/lib/python3.8/site-packages/airflow/example_dags/tutorial.py
[2025-06-28T04:43:18.484+0000] {logging_mixin.py:188} INFO - [2025-06-28T04:43:18.484+0000] {dag.py:3036} INFO - Sync 1 DAGs
[2025-06-28T04:43:18.497+0000] {logging_mixin.py:188} INFO - [2025-06-28T04:43:18.497+0000] {dag.py:3823} INFO - Setting next_dagrun for tutorial to 2025-06-27 00:00:00+00:00, run_after=2025-06-28 00:00:00+00:00
[2025-06-28T04:43:18.514+0000] {processor.py:183} INFO - Processing /home/airflow/.local/lib/python3.8/site-packages/airflow/example_dags/tutorial.py took 0.067 seconds
[2025-06-28T04:43:48.953+0000] {processor.py:161} INFO - Started process (PID=5865) to work on /home/airflow/.local/lib/python3.8/site-packages/airflow/example_dags/tutorial.py
[2025-06-28T04:43:48.953+0000] {processor.py:830} INFO - Processing file /home/airflow/.local/lib/python3.8/site-packages/airflow/example_dags/tutorial.py for tasks to queue
[2025-06-28T04:43:48.954+0000] {logging_mixin.py:188} INFO - [2025-06-28T04:43:48.954+0000] {dagbag.py:538} INFO - Filling up the DagBag from /home/airflow/.local/lib/python3.8/site-packages/airflow/example_dags/tutorial.py
[2025-06-28T04:43:48.960+0000] {processor.py:840} INFO - DAG(s) 'tutorial' retrieved from /home/airflow/.local/lib/python3.8/site-packages/airflow/example_dags/tutorial.py
[2025-06-28T04:43:48.971+0000] {logging_mixin.py:188} INFO - [2025-06-28T04:43:48.971+0000] {dag.py:3036} INFO - Sync 1 DAGs
[2025-06-28T04:43:48.985+0000] {logging_mixin.py:188} INFO - [2025-06-28T04:43:48.985+0000] {dag.py:3823} INFO - Setting next_dagrun for tutorial to 2025-06-27 00:00:00+00:00, run_after=2025-06-28 00:00:00+00:00
[2025-06-28T04:43:48.997+0000] {processor.py:183} INFO - Processing /home/airflow/.local/lib/python3.8/site-packages/airflow/example_dags/tutorial.py took 0.046 seconds
[2025-06-28T04:44:19.363+0000] {processor.py:161} INFO - Started process (PID=6115) to work on /home/airflow/.local/lib/python3.8/site-packages/airflow/example_dags/tutorial.py
[2025-06-28T04:44:19.363+0000] {processor.py:830} INFO - Processing file /home/airflow/.local/lib/python3.8/site-packages/airflow/example_dags/tutorial.py for tasks to queue
[2025-06-28T04:44:19.364+0000] {logging_mixin.py:188} INFO - [2025-06-28T04:44:19.364+0000] {dagbag.py:538} INFO - Filling up the DagBag from /home/airflow/.local/lib/python3.8/site-packages/airflow/example_dags/tutorial.py
[2025-06-28T04:44:19.367+0000] {processor.py:840} INFO - DAG(s) 'tutorial' retrieved from /home/airflow/.local/lib/python3.8/site-packages/airflow/example_dags/tutorial.py
[2025-06-28T04:44:19.390+0000] {logging_mixin.py:188} INFO - [2025-06-28T04:44:19.389+0000] {dag.py:3036} INFO - Sync 1 DAGs
[2025-06-28T04:44:19.412+0000] {logging_mixin.py:188} INFO - [2025-06-28T04:44:19.412+0000] {dag.py:3823} INFO - Setting next_dagrun for tutorial to 2025-06-27 00:00:00+00:00, run_after=2025-06-28 00:00:00+00:00
[2025-06-28T04:44:19.440+0000] {processor.py:183} INFO - Processing /home/airflow/.local/lib/python3.8/site-packages/airflow/example_dags/tutorial.py took 0.080 seconds
[2025-06-28T04:44:49.565+0000] {processor.py:161} INFO - Started process (PID=6365) to work on /home/airflow/.local/lib/python3.8/site-packages/airflow/example_dags/tutorial.py
[2025-06-28T04:44:49.566+0000] {processor.py:830} INFO - Processing file /home/airflow/.local/lib/python3.8/site-packages/airflow/example_dags/tutorial.py for tasks to queue
[2025-06-28T04:44:49.566+0000] {logging_mixin.py:188} INFO - [2025-06-28T04:44:49.566+0000] {dagbag.py:538} INFO - Filling up the DagBag from /home/airflow/.local/lib/python3.8/site-packages/airflow/example_dags/tutorial.py
[2025-06-28T04:44:49.570+0000] {processor.py:840} INFO - DAG(s) 'tutorial' retrieved from /home/airflow/.local/lib/python3.8/site-packages/airflow/example_dags/tutorial.py
[2025-06-28T04:44:49.584+0000] {logging_mixin.py:188} INFO - [2025-06-28T04:44:49.584+0000] {dag.py:3036} INFO - Sync 1 DAGs
[2025-06-28T04:44:49.599+0000] {logging_mixin.py:188} INFO - [2025-06-28T04:44:49.599+0000] {dag.py:3823} INFO - Setting next_dagrun for tutorial to 2025-06-27 00:00:00+00:00, run_after=2025-06-28 00:00:00+00:00
[2025-06-28T04:44:49.611+0000] {processor.py:183} INFO - Processing /home/airflow/.local/lib/python3.8/site-packages/airflow/example_dags/tutorial.py took 0.048 seconds
[2025-06-28T04:45:19.728+0000] {processor.py:161} INFO - Started process (PID=6615) to work on /home/airflow/.local/lib/python3.8/site-packages/airflow/example_dags/tutorial.py
[2025-06-28T04:45:19.728+0000] {processor.py:830} INFO - Processing file /home/airflow/.local/lib/python3.8/site-packages/airflow/example_dags/tutorial.py for tasks to queue
[2025-06-28T04:45:19.729+0000] {logging_mixin.py:188} INFO - [2025-06-28T04:45:19.729+0000] {dagbag.py:538} INFO - Filling up the DagBag from /home/airflow/.local/lib/python3.8/site-packages/airflow/example_dags/tutorial.py
[2025-06-28T04:45:19.734+0000] {processor.py:840} INFO - DAG(s) 'tutorial' retrieved from /home/airflow/.local/lib/python3.8/site-packages/airflow/example_dags/tutorial.py
[2025-06-28T04:45:19.752+0000] {logging_mixin.py:188} INFO - [2025-06-28T04:45:19.752+0000] {dag.py:3036} INFO - Sync 1 DAGs
[2025-06-28T04:45:19.767+0000] {logging_mixin.py:188} INFO - [2025-06-28T04:45:19.766+0000] {dag.py:3823} INFO - Setting next_dagrun for tutorial to 2025-06-27 00:00:00+00:00, run_after=2025-06-28 00:00:00+00:00
[2025-06-28T04:45:19.777+0000] {processor.py:183} INFO - Processing /home/airflow/.local/lib/python3.8/site-packages/airflow/example_dags/tutorial.py took 0.052 seconds
[2025-06-28T04:45:50.264+0000] {processor.py:161} INFO - Started process (PID=6863) to work on /home/airflow/.local/lib/python3.8/site-packages/airflow/example_dags/tutorial.py
[2025-06-28T04:45:50.264+0000] {processor.py:830} INFO - Processing file /home/airflow/.local/lib/python3.8/site-packages/airflow/example_dags/tutorial.py for tasks to queue
[2025-06-28T04:45:50.266+0000] {logging_mixin.py:188} INFO - [2025-06-28T04:45:50.265+0000] {dagbag.py:538} INFO - Filling up the DagBag from /home/airflow/.local/lib/python3.8/site-packages/airflow/example_dags/tutorial.py
[2025-06-28T04:45:50.269+0000] {processor.py:840} INFO - DAG(s) 'tutorial' retrieved from /home/airflow/.local/lib/python3.8/site-packages/airflow/example_dags/tutorial.py
[2025-06-28T04:45:50.283+0000] {logging_mixin.py:188} INFO - [2025-06-28T04:45:50.283+0000] {dag.py:3036} INFO - Sync 1 DAGs
[2025-06-28T04:45:50.301+0000] {logging_mixin.py:188} INFO - [2025-06-28T04:45:50.300+0000] {dag.py:3823} INFO - Setting next_dagrun for tutorial to 2025-06-27 00:00:00+00:00, run_after=2025-06-28 00:00:00+00:00
[2025-06-28T04:45:50.322+0000] {processor.py:183} INFO - Processing /home/airflow/.local/lib/python3.8/site-packages/airflow/example_dags/tutorial.py took 0.063 seconds
[2025-06-28T04:46:20.582+0000] {processor.py:161} INFO - Started process (PID=7113) to work on /home/airflow/.local/lib/python3.8/site-packages/airflow/example_dags/tutorial.py
[2025-06-28T04:46:20.583+0000] {processor.py:830} INFO - Processing file /home/airflow/.local/lib/python3.8/site-packages/airflow/example_dags/tutorial.py for tasks to queue
[2025-06-28T04:46:20.584+0000] {logging_mixin.py:188} INFO - [2025-06-28T04:46:20.584+0000] {dagbag.py:538} INFO - Filling up the DagBag from /home/airflow/.local/lib/python3.8/site-packages/airflow/example_dags/tutorial.py
[2025-06-28T04:46:20.588+0000] {processor.py:840} INFO - DAG(s) 'tutorial' retrieved from /home/airflow/.local/lib/python3.8/site-packages/airflow/example_dags/tutorial.py
[2025-06-28T04:46:20.599+0000] {logging_mixin.py:188} INFO - [2025-06-28T04:46:20.599+0000] {dag.py:3036} INFO - Sync 1 DAGs
[2025-06-28T04:46:20.612+0000] {logging_mixin.py:188} INFO - [2025-06-28T04:46:20.612+0000] {dag.py:3823} INFO - Setting next_dagrun for tutorial to 2025-06-27 00:00:00+00:00, run_after=2025-06-28 00:00:00+00:00
[2025-06-28T04:46:20.625+0000] {processor.py:183} INFO - Processing /home/airflow/.local/lib/python3.8/site-packages/airflow/example_dags/tutorial.py took 0.044 seconds
[2025-06-28T04:46:51.334+0000] {processor.py:161} INFO - Started process (PID=7365) to work on /home/airflow/.local/lib/python3.8/site-packages/airflow/example_dags/tutorial.py
[2025-06-28T04:46:51.335+0000] {processor.py:830} INFO - Processing file /home/airflow/.local/lib/python3.8/site-packages/airflow/example_dags/tutorial.py for tasks to queue
[2025-06-28T04:46:51.336+0000] {logging_mixin.py:188} INFO - [2025-06-28T04:46:51.336+0000] {dagbag.py:538} INFO - Filling up the DagBag from /home/airflow/.local/lib/python3.8/site-packages/airflow/example_dags/tutorial.py
[2025-06-28T04:46:51.339+0000] {processor.py:840} INFO - DAG(s) 'tutorial' retrieved from /home/airflow/.local/lib/python3.8/site-packages/airflow/example_dags/tutorial.py
[2025-06-28T04:46:51.354+0000] {logging_mixin.py:188} INFO - [2025-06-28T04:46:51.354+0000] {dag.py:3036} INFO - Sync 1 DAGs
[2025-06-28T04:46:51.365+0000] {logging_mixin.py:188} INFO - [2025-06-28T04:46:51.365+0000] {dag.py:3823} INFO - Setting next_dagrun for tutorial to 2025-06-27 00:00:00+00:00, run_after=2025-06-28 00:00:00+00:00
[2025-06-28T04:46:51.375+0000] {processor.py:183} INFO - Processing /home/airflow/.local/lib/python3.8/site-packages/airflow/example_dags/tutorial.py took 0.043 seconds
[2025-06-28T04:47:21.584+0000] {processor.py:161} INFO - Started process (PID=7613) to work on /home/airflow/.local/lib/python3.8/site-packages/airflow/example_dags/tutorial.py
[2025-06-28T04:47:21.585+0000] {processor.py:830} INFO - Processing file /home/airflow/.local/lib/python3.8/site-packages/airflow/example_dags/tutorial.py for tasks to queue
[2025-06-28T04:47:21.587+0000] {logging_mixin.py:188} INFO - [2025-06-28T04:47:21.587+0000] {dagbag.py:538} INFO - Filling up the DagBag from /home/airflow/.local/lib/python3.8/site-packages/airflow/example_dags/tutorial.py
[2025-06-28T04:47:21.594+0000] {processor.py:840} INFO - DAG(s) 'tutorial' retrieved from /home/airflow/.local/lib/python3.8/site-packages/airflow/example_dags/tutorial.py
[2025-06-28T04:47:21.613+0000] {logging_mixin.py:188} INFO - [2025-06-28T04:47:21.612+0000] {dag.py:3036} INFO - Sync 1 DAGs
[2025-06-28T04:47:21.627+0000] {logging_mixin.py:188} INFO - [2025-06-28T04:47:21.626+0000] {dag.py:3823} INFO - Setting next_dagrun for tutorial to 2025-06-27 00:00:00+00:00, run_after=2025-06-28 00:00:00+00:00
[2025-06-28T04:47:21.642+0000] {processor.py:183} INFO - Processing /home/airflow/.local/lib/python3.8/site-packages/airflow/example_dags/tutorial.py took 0.063 seconds
[2025-06-28T04:47:51.698+0000] {processor.py:161} INFO - Started process (PID=7863) to work on /home/airflow/.local/lib/python3.8/site-packages/airflow/example_dags/tutorial.py
[2025-06-28T04:47:51.699+0000] {processor.py:830} INFO - Processing file /home/airflow/.local/lib/python3.8/site-packages/airflow/example_dags/tutorial.py for tasks to queue
[2025-06-28T04:47:51.700+0000] {logging_mixin.py:188} INFO - [2025-06-28T04:47:51.700+0000] {dagbag.py:538} INFO - Filling up the DagBag from /home/airflow/.local/lib/python3.8/site-packages/airflow/example_dags/tutorial.py
[2025-06-28T04:47:51.706+0000] {processor.py:840} INFO - DAG(s) 'tutorial' retrieved from /home/airflow/.local/lib/python3.8/site-packages/airflow/example_dags/tutorial.py
[2025-06-28T04:47:51.720+0000] {logging_mixin.py:188} INFO - [2025-06-28T04:47:51.720+0000] {dag.py:3036} INFO - Sync 1 DAGs
[2025-06-28T04:47:51.739+0000] {logging_mixin.py:188} INFO - [2025-06-28T04:47:51.739+0000] {dag.py:3823} INFO - Setting next_dagrun for tutorial to 2025-06-27 00:00:00+00:00, run_after=2025-06-28 00:00:00+00:00
[2025-06-28T04:47:51.753+0000] {processor.py:183} INFO - Processing /home/airflow/.local/lib/python3.8/site-packages/airflow/example_dags/tutorial.py took 0.057 seconds
[2025-06-28T04:48:21.979+0000] {processor.py:161} INFO - Started process (PID=8115) to work on /home/airflow/.local/lib/python3.8/site-packages/airflow/example_dags/tutorial.py
[2025-06-28T04:48:21.981+0000] {processor.py:830} INFO - Processing file /home/airflow/.local/lib/python3.8/site-packages/airflow/example_dags/tutorial.py for tasks to queue
[2025-06-28T04:48:21.983+0000] {logging_mixin.py:188} INFO - [2025-06-28T04:48:21.983+0000] {dagbag.py:538} INFO - Filling up the DagBag from /home/airflow/.local/lib/python3.8/site-packages/airflow/example_dags/tutorial.py
[2025-06-28T04:48:21.992+0000] {processor.py:840} INFO - DAG(s) 'tutorial' retrieved from /home/airflow/.local/lib/python3.8/site-packages/airflow/example_dags/tutorial.py
[2025-06-28T04:48:22.034+0000] {logging_mixin.py:188} INFO - [2025-06-28T04:48:22.033+0000] {dag.py:3036} INFO - Sync 1 DAGs
[2025-06-28T04:48:22.091+0000] {logging_mixin.py:188} INFO - [2025-06-28T04:48:22.090+0000] {dag.py:3823} INFO - Setting next_dagrun for tutorial to 2025-06-27 00:00:00+00:00, run_after=2025-06-28 00:00:00+00:00
[2025-06-28T04:48:22.129+0000] {processor.py:183} INFO - Processing /home/airflow/.local/lib/python3.8/site-packages/airflow/example_dags/tutorial.py took 0.154 seconds
