[2025-06-28T04:32:39.377+0000] {processor.py:161} INFO - Started process (PID=315) to work on /home/airflow/.local/lib/python3.8/site-packages/airflow/example_dags/tutorial_objectstorage.py
[2025-06-28T04:32:39.378+0000] {processor.py:830} INFO - Processing file /home/airflow/.local/lib/python3.8/site-packages/airflow/example_dags/tutorial_objectstorage.py for tasks to queue
[2025-06-28T04:32:39.379+0000] {logging_mixin.py:188} INFO - [2025-06-28T04:32:39.379+0000] {dagbag.py:538} INFO - Filling up the DagBag from /home/airflow/.local/lib/python3.8/site-packages/airflow/example_dags/tutorial_objectstorage.py
[2025-06-28T04:32:39.387+0000] {processor.py:840} INFO - DAG(s) 'tutorial_objectstorage' retrieved from /home/airflow/.local/lib/python3.8/site-packages/airflow/example_dags/tutorial_objectstorage.py
[2025-06-28T04:32:39.397+0000] {logging_mixin.py:188} INFO - [2025-06-28T04:32:39.396+0000] {dag.py:3036} INFO - Sync 1 DAGs
[2025-06-28T04:32:39.407+0000] {logging_mixin.py:188} INFO - [2025-06-28T04:32:39.407+0000] {dag.py:3823} INFO - Setting next_dagrun for tutorial_objectstorage to None, run_after=None
[2025-06-28T04:32:39.425+0000] {processor.py:183} INFO - Processing /home/airflow/.local/lib/python3.8/site-packages/airflow/example_dags/tutorial_objectstorage.py took 0.050 seconds
[2025-06-28T04:33:10.602+0000] {processor.py:161} INFO - Started process (PID=563) to work on /home/airflow/.local/lib/python3.8/site-packages/airflow/example_dags/tutorial_objectstorage.py
[2025-06-28T04:33:10.602+0000] {processor.py:830} INFO - Processing file /home/airflow/.local/lib/python3.8/site-packages/airflow/example_dags/tutorial_objectstorage.py for tasks to queue
[2025-06-28T04:33:10.603+0000] {logging_mixin.py:188} INFO - [2025-06-28T04:33:10.603+0000] {dagbag.py:538} INFO - Filling up the DagBag from /home/airflow/.local/lib/python3.8/site-packages/airflow/example_dags/tutorial_objectstorage.py
[2025-06-28T04:33:10.609+0000] {processor.py:840} INFO - DAG(s) 'tutorial_objectstorage' retrieved from /home/airflow/.local/lib/python3.8/site-packages/airflow/example_dags/tutorial_objectstorage.py
[2025-06-28T04:33:10.671+0000] {logging_mixin.py:188} INFO - [2025-06-28T04:33:10.670+0000] {dag.py:3036} INFO - Sync 1 DAGs
[2025-06-28T04:33:10.681+0000] {logging_mixin.py:188} INFO - [2025-06-28T04:33:10.681+0000] {dag.py:3823} INFO - Setting next_dagrun for tutorial_objectstorage to None, run_after=None
[2025-06-28T04:33:10.710+0000] {processor.py:183} INFO - Processing /home/airflow/.local/lib/python3.8/site-packages/airflow/example_dags/tutorial_objectstorage.py took 0.110 seconds
[2025-06-28T04:33:40.845+0000] {processor.py:161} INFO - Started process (PID=815) to work on /home/airflow/.local/lib/python3.8/site-packages/airflow/example_dags/tutorial_objectstorage.py
[2025-06-28T04:33:40.847+0000] {processor.py:830} INFO - Processing file /home/airflow/.local/lib/python3.8/site-packages/airflow/example_dags/tutorial_objectstorage.py for tasks to queue
[2025-06-28T04:33:40.848+0000] {logging_mixin.py:188} INFO - [2025-06-28T04:33:40.848+0000] {dagbag.py:538} INFO - Filling up the DagBag from /home/airflow/.local/lib/python3.8/site-packages/airflow/example_dags/tutorial_objectstorage.py
[2025-06-28T04:33:40.852+0000] {processor.py:840} INFO - DAG(s) 'tutorial_objectstorage' retrieved from /home/airflow/.local/lib/python3.8/site-packages/airflow/example_dags/tutorial_objectstorage.py
[2025-06-28T04:33:40.864+0000] {logging_mixin.py:188} INFO - [2025-06-28T04:33:40.864+0000] {dag.py:3036} INFO - Sync 1 DAGs
[2025-06-28T04:33:40.871+0000] {logging_mixin.py:188} INFO - [2025-06-28T04:33:40.870+0000] {dag.py:3823} INFO - Setting next_dagrun for tutorial_objectstorage to None, run_after=None
[2025-06-28T04:33:40.880+0000] {processor.py:183} INFO - Processing /home/airflow/.local/lib/python3.8/site-packages/airflow/example_dags/tutorial_objectstorage.py took 0.038 seconds
[2025-06-28T04:34:11.277+0000] {processor.py:161} INFO - Started process (PID=1065) to work on /home/airflow/.local/lib/python3.8/site-packages/airflow/example_dags/tutorial_objectstorage.py
[2025-06-28T04:34:11.279+0000] {processor.py:830} INFO - Processing file /home/airflow/.local/lib/python3.8/site-packages/airflow/example_dags/tutorial_objectstorage.py for tasks to queue
[2025-06-28T04:34:11.280+0000] {logging_mixin.py:188} INFO - [2025-06-28T04:34:11.280+0000] {dagbag.py:538} INFO - Filling up the DagBag from /home/airflow/.local/lib/python3.8/site-packages/airflow/example_dags/tutorial_objectstorage.py
[2025-06-28T04:34:11.285+0000] {processor.py:840} INFO - DAG(s) 'tutorial_objectstorage' retrieved from /home/airflow/.local/lib/python3.8/site-packages/airflow/example_dags/tutorial_objectstorage.py
[2025-06-28T04:34:11.296+0000] {logging_mixin.py:188} INFO - [2025-06-28T04:34:11.296+0000] {dag.py:3036} INFO - Sync 1 DAGs
[2025-06-28T04:34:11.303+0000] {logging_mixin.py:188} INFO - [2025-06-28T04:34:11.303+0000] {dag.py:3823} INFO - Setting next_dagrun for tutorial_objectstorage to None, run_after=None
[2025-06-28T04:34:11.313+0000] {processor.py:183} INFO - Processing /home/airflow/.local/lib/python3.8/site-packages/airflow/example_dags/tutorial_objectstorage.py took 0.038 seconds
[2025-06-28T04:34:41.672+0000] {processor.py:161} INFO - Started process (PID=1315) to work on /home/airflow/.local/lib/python3.8/site-packages/airflow/example_dags/tutorial_objectstorage.py
[2025-06-28T04:34:41.673+0000] {processor.py:830} INFO - Processing file /home/airflow/.local/lib/python3.8/site-packages/airflow/example_dags/tutorial_objectstorage.py for tasks to queue
[2025-06-28T04:34:41.675+0000] {logging_mixin.py:188} INFO - [2025-06-28T04:34:41.674+0000] {dagbag.py:538} INFO - Filling up the DagBag from /home/airflow/.local/lib/python3.8/site-packages/airflow/example_dags/tutorial_objectstorage.py
[2025-06-28T04:34:41.679+0000] {processor.py:840} INFO - DAG(s) 'tutorial_objectstorage' retrieved from /home/airflow/.local/lib/python3.8/site-packages/airflow/example_dags/tutorial_objectstorage.py
[2025-06-28T04:34:41.699+0000] {logging_mixin.py:188} INFO - [2025-06-28T04:34:41.698+0000] {dag.py:3036} INFO - Sync 1 DAGs
[2025-06-28T04:34:41.710+0000] {logging_mixin.py:188} INFO - [2025-06-28T04:34:41.710+0000] {dag.py:3823} INFO - Setting next_dagrun for tutorial_objectstorage to None, run_after=None
[2025-06-28T04:34:41.727+0000] {processor.py:183} INFO - Processing /home/airflow/.local/lib/python3.8/site-packages/airflow/example_dags/tutorial_objectstorage.py took 0.058 seconds
[2025-06-28T04:35:12.091+0000] {processor.py:161} INFO - Started process (PID=1565) to work on /home/airflow/.local/lib/python3.8/site-packages/airflow/example_dags/tutorial_objectstorage.py
[2025-06-28T04:35:12.091+0000] {processor.py:830} INFO - Processing file /home/airflow/.local/lib/python3.8/site-packages/airflow/example_dags/tutorial_objectstorage.py for tasks to queue
[2025-06-28T04:35:12.092+0000] {logging_mixin.py:188} INFO - [2025-06-28T04:35:12.092+0000] {dagbag.py:538} INFO - Filling up the DagBag from /home/airflow/.local/lib/python3.8/site-packages/airflow/example_dags/tutorial_objectstorage.py
[2025-06-28T04:35:12.096+0000] {processor.py:840} INFO - DAG(s) 'tutorial_objectstorage' retrieved from /home/airflow/.local/lib/python3.8/site-packages/airflow/example_dags/tutorial_objectstorage.py
[2025-06-28T04:35:12.118+0000] {logging_mixin.py:188} INFO - [2025-06-28T04:35:12.117+0000] {dag.py:3036} INFO - Sync 1 DAGs
[2025-06-28T04:35:12.130+0000] {logging_mixin.py:188} INFO - [2025-06-28T04:35:12.129+0000] {dag.py:3823} INFO - Setting next_dagrun for tutorial_objectstorage to None, run_after=None
[2025-06-28T04:35:12.154+0000] {processor.py:183} INFO - Processing /home/airflow/.local/lib/python3.8/site-packages/airflow/example_dags/tutorial_objectstorage.py took 0.065 seconds
[2025-06-28T04:35:42.770+0000] {processor.py:161} INFO - Started process (PID=1815) to work on /home/airflow/.local/lib/python3.8/site-packages/airflow/example_dags/tutorial_objectstorage.py
[2025-06-28T04:35:42.772+0000] {processor.py:830} INFO - Processing file /home/airflow/.local/lib/python3.8/site-packages/airflow/example_dags/tutorial_objectstorage.py for tasks to queue
[2025-06-28T04:35:42.773+0000] {logging_mixin.py:188} INFO - [2025-06-28T04:35:42.773+0000] {dagbag.py:538} INFO - Filling up the DagBag from /home/airflow/.local/lib/python3.8/site-packages/airflow/example_dags/tutorial_objectstorage.py
[2025-06-28T04:35:42.778+0000] {processor.py:840} INFO - DAG(s) 'tutorial_objectstorage' retrieved from /home/airflow/.local/lib/python3.8/site-packages/airflow/example_dags/tutorial_objectstorage.py
[2025-06-28T04:35:42.797+0000] {logging_mixin.py:188} INFO - [2025-06-28T04:35:42.796+0000] {dag.py:3036} INFO - Sync 1 DAGs
[2025-06-28T04:35:42.807+0000] {logging_mixin.py:188} INFO - [2025-06-28T04:35:42.807+0000] {dag.py:3823} INFO - Setting next_dagrun for tutorial_objectstorage to None, run_after=None
[2025-06-28T04:35:42.825+0000] {processor.py:183} INFO - Processing /home/airflow/.local/lib/python3.8/site-packages/airflow/example_dags/tutorial_objectstorage.py took 0.057 seconds
[2025-06-28T04:36:13.145+0000] {processor.py:161} INFO - Started process (PID=2065) to work on /home/airflow/.local/lib/python3.8/site-packages/airflow/example_dags/tutorial_objectstorage.py
[2025-06-28T04:36:13.147+0000] {processor.py:830} INFO - Processing file /home/airflow/.local/lib/python3.8/site-packages/airflow/example_dags/tutorial_objectstorage.py for tasks to queue
[2025-06-28T04:36:13.149+0000] {logging_mixin.py:188} INFO - [2025-06-28T04:36:13.148+0000] {dagbag.py:538} INFO - Filling up the DagBag from /home/airflow/.local/lib/python3.8/site-packages/airflow/example_dags/tutorial_objectstorage.py
[2025-06-28T04:36:13.154+0000] {processor.py:840} INFO - DAG(s) 'tutorial_objectstorage' retrieved from /home/airflow/.local/lib/python3.8/site-packages/airflow/example_dags/tutorial_objectstorage.py
[2025-06-28T04:36:13.172+0000] {logging_mixin.py:188} INFO - [2025-06-28T04:36:13.171+0000] {dag.py:3036} INFO - Sync 1 DAGs
[2025-06-28T04:36:13.178+0000] {logging_mixin.py:188} INFO - [2025-06-28T04:36:13.178+0000] {dag.py:3823} INFO - Setting next_dagrun for tutorial_objectstorage to None, run_after=None
[2025-06-28T04:36:13.192+0000] {processor.py:183} INFO - Processing /home/airflow/.local/lib/python3.8/site-packages/airflow/example_dags/tutorial_objectstorage.py took 0.051 seconds
[2025-06-28T04:36:43.403+0000] {processor.py:161} INFO - Started process (PID=2315) to work on /home/airflow/.local/lib/python3.8/site-packages/airflow/example_dags/tutorial_objectstorage.py
[2025-06-28T04:36:43.404+0000] {processor.py:830} INFO - Processing file /home/airflow/.local/lib/python3.8/site-packages/airflow/example_dags/tutorial_objectstorage.py for tasks to queue
[2025-06-28T04:36:43.407+0000] {logging_mixin.py:188} INFO - [2025-06-28T04:36:43.406+0000] {dagbag.py:538} INFO - Filling up the DagBag from /home/airflow/.local/lib/python3.8/site-packages/airflow/example_dags/tutorial_objectstorage.py
[2025-06-28T04:36:43.411+0000] {processor.py:840} INFO - DAG(s) 'tutorial_objectstorage' retrieved from /home/airflow/.local/lib/python3.8/site-packages/airflow/example_dags/tutorial_objectstorage.py
[2025-06-28T04:36:43.425+0000] {logging_mixin.py:188} INFO - [2025-06-28T04:36:43.424+0000] {dag.py:3036} INFO - Sync 1 DAGs
[2025-06-28T04:36:43.432+0000] {logging_mixin.py:188} INFO - [2025-06-28T04:36:43.432+0000] {dag.py:3823} INFO - Setting next_dagrun for tutorial_objectstorage to None, run_after=None
[2025-06-28T04:36:43.442+0000] {processor.py:183} INFO - Processing /home/airflow/.local/lib/python3.8/site-packages/airflow/example_dags/tutorial_objectstorage.py took 0.042 seconds
[2025-06-28T04:37:13.465+0000] {processor.py:161} INFO - Started process (PID=2565) to work on /home/airflow/.local/lib/python3.8/site-packages/airflow/example_dags/tutorial_objectstorage.py
[2025-06-28T04:37:13.466+0000] {processor.py:830} INFO - Processing file /home/airflow/.local/lib/python3.8/site-packages/airflow/example_dags/tutorial_objectstorage.py for tasks to queue
[2025-06-28T04:37:13.467+0000] {logging_mixin.py:188} INFO - [2025-06-28T04:37:13.467+0000] {dagbag.py:538} INFO - Filling up the DagBag from /home/airflow/.local/lib/python3.8/site-packages/airflow/example_dags/tutorial_objectstorage.py
[2025-06-28T04:37:13.471+0000] {processor.py:840} INFO - DAG(s) 'tutorial_objectstorage' retrieved from /home/airflow/.local/lib/python3.8/site-packages/airflow/example_dags/tutorial_objectstorage.py
[2025-06-28T04:37:13.483+0000] {logging_mixin.py:188} INFO - [2025-06-28T04:37:13.483+0000] {dag.py:3036} INFO - Sync 1 DAGs
[2025-06-28T04:37:13.489+0000] {logging_mixin.py:188} INFO - [2025-06-28T04:37:13.489+0000] {dag.py:3823} INFO - Setting next_dagrun for tutorial_objectstorage to None, run_after=None
[2025-06-28T04:37:13.499+0000] {processor.py:183} INFO - Processing /home/airflow/.local/lib/python3.8/site-packages/airflow/example_dags/tutorial_objectstorage.py took 0.036 seconds
[2025-06-28T04:37:43.658+0000] {processor.py:161} INFO - Started process (PID=2815) to work on /home/airflow/.local/lib/python3.8/site-packages/airflow/example_dags/tutorial_objectstorage.py
[2025-06-28T04:37:43.658+0000] {processor.py:830} INFO - Processing file /home/airflow/.local/lib/python3.8/site-packages/airflow/example_dags/tutorial_objectstorage.py for tasks to queue
[2025-06-28T04:37:43.659+0000] {logging_mixin.py:188} INFO - [2025-06-28T04:37:43.659+0000] {dagbag.py:538} INFO - Filling up the DagBag from /home/airflow/.local/lib/python3.8/site-packages/airflow/example_dags/tutorial_objectstorage.py
[2025-06-28T04:37:43.663+0000] {processor.py:840} INFO - DAG(s) 'tutorial_objectstorage' retrieved from /home/airflow/.local/lib/python3.8/site-packages/airflow/example_dags/tutorial_objectstorage.py
[2025-06-28T04:37:43.676+0000] {logging_mixin.py:188} INFO - [2025-06-28T04:37:43.675+0000] {dag.py:3036} INFO - Sync 1 DAGs
[2025-06-28T04:37:43.683+0000] {logging_mixin.py:188} INFO - [2025-06-28T04:37:43.683+0000] {dag.py:3823} INFO - Setting next_dagrun for tutorial_objectstorage to None, run_after=None
[2025-06-28T04:37:43.694+0000] {processor.py:183} INFO - Processing /home/airflow/.local/lib/python3.8/site-packages/airflow/example_dags/tutorial_objectstorage.py took 0.038 seconds
[2025-06-28T04:38:13.942+0000] {processor.py:161} INFO - Started process (PID=3063) to work on /home/airflow/.local/lib/python3.8/site-packages/airflow/example_dags/tutorial_objectstorage.py
[2025-06-28T04:38:13.942+0000] {processor.py:830} INFO - Processing file /home/airflow/.local/lib/python3.8/site-packages/airflow/example_dags/tutorial_objectstorage.py for tasks to queue
[2025-06-28T04:38:13.943+0000] {logging_mixin.py:188} INFO - [2025-06-28T04:38:13.943+0000] {dagbag.py:538} INFO - Filling up the DagBag from /home/airflow/.local/lib/python3.8/site-packages/airflow/example_dags/tutorial_objectstorage.py
[2025-06-28T04:38:13.947+0000] {processor.py:840} INFO - DAG(s) 'tutorial_objectstorage' retrieved from /home/airflow/.local/lib/python3.8/site-packages/airflow/example_dags/tutorial_objectstorage.py
[2025-06-28T04:38:13.963+0000] {logging_mixin.py:188} INFO - [2025-06-28T04:38:13.962+0000] {dag.py:3036} INFO - Sync 1 DAGs
[2025-06-28T04:38:13.970+0000] {logging_mixin.py:188} INFO - [2025-06-28T04:38:13.970+0000] {dag.py:3823} INFO - Setting next_dagrun for tutorial_objectstorage to None, run_after=None
[2025-06-28T04:38:13.984+0000] {processor.py:183} INFO - Processing /home/airflow/.local/lib/python3.8/site-packages/airflow/example_dags/tutorial_objectstorage.py took 0.044 seconds
[2025-06-28T04:38:44.309+0000] {processor.py:161} INFO - Started process (PID=3315) to work on /home/airflow/.local/lib/python3.8/site-packages/airflow/example_dags/tutorial_objectstorage.py
[2025-06-28T04:38:44.309+0000] {processor.py:830} INFO - Processing file /home/airflow/.local/lib/python3.8/site-packages/airflow/example_dags/tutorial_objectstorage.py for tasks to queue
[2025-06-28T04:38:44.312+0000] {logging_mixin.py:188} INFO - [2025-06-28T04:38:44.311+0000] {dagbag.py:538} INFO - Filling up the DagBag from /home/airflow/.local/lib/python3.8/site-packages/airflow/example_dags/tutorial_objectstorage.py
[2025-06-28T04:38:44.317+0000] {processor.py:840} INFO - DAG(s) 'tutorial_objectstorage' retrieved from /home/airflow/.local/lib/python3.8/site-packages/airflow/example_dags/tutorial_objectstorage.py
[2025-06-28T04:38:44.329+0000] {logging_mixin.py:188} INFO - [2025-06-28T04:38:44.329+0000] {dag.py:3036} INFO - Sync 1 DAGs
[2025-06-28T04:38:44.336+0000] {logging_mixin.py:188} INFO - [2025-06-28T04:38:44.336+0000] {dag.py:3823} INFO - Setting next_dagrun for tutorial_objectstorage to None, run_after=None
[2025-06-28T04:38:44.351+0000] {processor.py:183} INFO - Processing /home/airflow/.local/lib/python3.8/site-packages/airflow/example_dags/tutorial_objectstorage.py took 0.045 seconds
[2025-06-28T04:39:14.501+0000] {processor.py:161} INFO - Started process (PID=3563) to work on /home/airflow/.local/lib/python3.8/site-packages/airflow/example_dags/tutorial_objectstorage.py
[2025-06-28T04:39:14.501+0000] {processor.py:830} INFO - Processing file /home/airflow/.local/lib/python3.8/site-packages/airflow/example_dags/tutorial_objectstorage.py for tasks to queue
[2025-06-28T04:39:14.502+0000] {logging_mixin.py:188} INFO - [2025-06-28T04:39:14.502+0000] {dagbag.py:538} INFO - Filling up the DagBag from /home/airflow/.local/lib/python3.8/site-packages/airflow/example_dags/tutorial_objectstorage.py
[2025-06-28T04:39:14.507+0000] {processor.py:840} INFO - DAG(s) 'tutorial_objectstorage' retrieved from /home/airflow/.local/lib/python3.8/site-packages/airflow/example_dags/tutorial_objectstorage.py
[2025-06-28T04:39:14.521+0000] {logging_mixin.py:188} INFO - [2025-06-28T04:39:14.521+0000] {dag.py:3036} INFO - Sync 1 DAGs
[2025-06-28T04:39:14.528+0000] {logging_mixin.py:188} INFO - [2025-06-28T04:39:14.528+0000] {dag.py:3823} INFO - Setting next_dagrun for tutorial_objectstorage to None, run_after=None
[2025-06-28T04:39:14.540+0000] {processor.py:183} INFO - Processing /home/airflow/.local/lib/python3.8/site-packages/airflow/example_dags/tutorial_objectstorage.py took 0.041 seconds
[2025-06-28T04:39:44.719+0000] {processor.py:161} INFO - Started process (PID=3813) to work on /home/airflow/.local/lib/python3.8/site-packages/airflow/example_dags/tutorial_objectstorage.py
[2025-06-28T04:39:44.720+0000] {processor.py:830} INFO - Processing file /home/airflow/.local/lib/python3.8/site-packages/airflow/example_dags/tutorial_objectstorage.py for tasks to queue
[2025-06-28T04:39:44.721+0000] {logging_mixin.py:188} INFO - [2025-06-28T04:39:44.721+0000] {dagbag.py:538} INFO - Filling up the DagBag from /home/airflow/.local/lib/python3.8/site-packages/airflow/example_dags/tutorial_objectstorage.py
[2025-06-28T04:39:44.726+0000] {processor.py:840} INFO - DAG(s) 'tutorial_objectstorage' retrieved from /home/airflow/.local/lib/python3.8/site-packages/airflow/example_dags/tutorial_objectstorage.py
[2025-06-28T04:39:44.742+0000] {logging_mixin.py:188} INFO - [2025-06-28T04:39:44.742+0000] {dag.py:3036} INFO - Sync 1 DAGs
[2025-06-28T04:39:44.749+0000] {logging_mixin.py:188} INFO - [2025-06-28T04:39:44.748+0000] {dag.py:3823} INFO - Setting next_dagrun for tutorial_objectstorage to None, run_after=None
[2025-06-28T04:39:44.766+0000] {processor.py:183} INFO - Processing /home/airflow/.local/lib/python3.8/site-packages/airflow/example_dags/tutorial_objectstorage.py took 0.049 seconds
[2025-06-28T04:40:15.002+0000] {processor.py:161} INFO - Started process (PID=4065) to work on /home/airflow/.local/lib/python3.8/site-packages/airflow/example_dags/tutorial_objectstorage.py
[2025-06-28T04:40:15.002+0000] {processor.py:830} INFO - Processing file /home/airflow/.local/lib/python3.8/site-packages/airflow/example_dags/tutorial_objectstorage.py for tasks to queue
[2025-06-28T04:40:15.003+0000] {logging_mixin.py:188} INFO - [2025-06-28T04:40:15.003+0000] {dagbag.py:538} INFO - Filling up the DagBag from /home/airflow/.local/lib/python3.8/site-packages/airflow/example_dags/tutorial_objectstorage.py
[2025-06-28T04:40:15.007+0000] {processor.py:840} INFO - DAG(s) 'tutorial_objectstorage' retrieved from /home/airflow/.local/lib/python3.8/site-packages/airflow/example_dags/tutorial_objectstorage.py
[2025-06-28T04:40:15.019+0000] {logging_mixin.py:188} INFO - [2025-06-28T04:40:15.018+0000] {dag.py:3036} INFO - Sync 1 DAGs
[2025-06-28T04:40:15.028+0000] {logging_mixin.py:188} INFO - [2025-06-28T04:40:15.028+0000] {dag.py:3823} INFO - Setting next_dagrun for tutorial_objectstorage to None, run_after=None
[2025-06-28T04:40:15.042+0000] {processor.py:183} INFO - Processing /home/airflow/.local/lib/python3.8/site-packages/airflow/example_dags/tutorial_objectstorage.py took 0.043 seconds
[2025-06-28T04:40:45.378+0000] {processor.py:161} INFO - Started process (PID=4315) to work on /home/airflow/.local/lib/python3.8/site-packages/airflow/example_dags/tutorial_objectstorage.py
[2025-06-28T04:40:45.378+0000] {processor.py:830} INFO - Processing file /home/airflow/.local/lib/python3.8/site-packages/airflow/example_dags/tutorial_objectstorage.py for tasks to queue
[2025-06-28T04:40:45.380+0000] {logging_mixin.py:188} INFO - [2025-06-28T04:40:45.379+0000] {dagbag.py:538} INFO - Filling up the DagBag from /home/airflow/.local/lib/python3.8/site-packages/airflow/example_dags/tutorial_objectstorage.py
[2025-06-28T04:40:45.387+0000] {processor.py:840} INFO - DAG(s) 'tutorial_objectstorage' retrieved from /home/airflow/.local/lib/python3.8/site-packages/airflow/example_dags/tutorial_objectstorage.py
[2025-06-28T04:40:45.401+0000] {logging_mixin.py:188} INFO - [2025-06-28T04:40:45.401+0000] {dag.py:3036} INFO - Sync 1 DAGs
[2025-06-28T04:40:45.409+0000] {logging_mixin.py:188} INFO - [2025-06-28T04:40:45.409+0000] {dag.py:3823} INFO - Setting next_dagrun for tutorial_objectstorage to None, run_after=None
[2025-06-28T04:40:45.425+0000] {processor.py:183} INFO - Processing /home/airflow/.local/lib/python3.8/site-packages/airflow/example_dags/tutorial_objectstorage.py took 0.050 seconds
[2025-06-28T04:41:15.829+0000] {processor.py:161} INFO - Started process (PID=4565) to work on /home/airflow/.local/lib/python3.8/site-packages/airflow/example_dags/tutorial_objectstorage.py
[2025-06-28T04:41:15.831+0000] {processor.py:830} INFO - Processing file /home/airflow/.local/lib/python3.8/site-packages/airflow/example_dags/tutorial_objectstorage.py for tasks to queue
[2025-06-28T04:41:15.833+0000] {logging_mixin.py:188} INFO - [2025-06-28T04:41:15.833+0000] {dagbag.py:538} INFO - Filling up the DagBag from /home/airflow/.local/lib/python3.8/site-packages/airflow/example_dags/tutorial_objectstorage.py
[2025-06-28T04:41:15.840+0000] {processor.py:840} INFO - DAG(s) 'tutorial_objectstorage' retrieved from /home/airflow/.local/lib/python3.8/site-packages/airflow/example_dags/tutorial_objectstorage.py
[2025-06-28T04:41:15.865+0000] {logging_mixin.py:188} INFO - [2025-06-28T04:41:15.865+0000] {dag.py:3036} INFO - Sync 1 DAGs
[2025-06-28T04:41:15.876+0000] {logging_mixin.py:188} INFO - [2025-06-28T04:41:15.875+0000] {dag.py:3823} INFO - Setting next_dagrun for tutorial_objectstorage to None, run_after=None
[2025-06-28T04:41:15.889+0000] {processor.py:183} INFO - Processing /home/airflow/.local/lib/python3.8/site-packages/airflow/example_dags/tutorial_objectstorage.py took 0.063 seconds
[2025-06-28T04:41:46.191+0000] {processor.py:161} INFO - Started process (PID=4815) to work on /home/airflow/.local/lib/python3.8/site-packages/airflow/example_dags/tutorial_objectstorage.py
[2025-06-28T04:41:46.192+0000] {processor.py:830} INFO - Processing file /home/airflow/.local/lib/python3.8/site-packages/airflow/example_dags/tutorial_objectstorage.py for tasks to queue
[2025-06-28T04:41:46.193+0000] {logging_mixin.py:188} INFO - [2025-06-28T04:41:46.192+0000] {dagbag.py:538} INFO - Filling up the DagBag from /home/airflow/.local/lib/python3.8/site-packages/airflow/example_dags/tutorial_objectstorage.py
[2025-06-28T04:41:46.196+0000] {processor.py:840} INFO - DAG(s) 'tutorial_objectstorage' retrieved from /home/airflow/.local/lib/python3.8/site-packages/airflow/example_dags/tutorial_objectstorage.py
[2025-06-28T04:41:46.209+0000] {logging_mixin.py:188} INFO - [2025-06-28T04:41:46.209+0000] {dag.py:3036} INFO - Sync 1 DAGs
[2025-06-28T04:41:46.217+0000] {logging_mixin.py:188} INFO - [2025-06-28T04:41:46.217+0000] {dag.py:3823} INFO - Setting next_dagrun for tutorial_objectstorage to None, run_after=None
[2025-06-28T04:41:46.228+0000] {processor.py:183} INFO - Processing /home/airflow/.local/lib/python3.8/site-packages/airflow/example_dags/tutorial_objectstorage.py took 0.040 seconds
[2025-06-28T04:42:16.484+0000] {processor.py:161} INFO - Started process (PID=5063) to work on /home/airflow/.local/lib/python3.8/site-packages/airflow/example_dags/tutorial_objectstorage.py
[2025-06-28T04:42:16.485+0000] {processor.py:830} INFO - Processing file /home/airflow/.local/lib/python3.8/site-packages/airflow/example_dags/tutorial_objectstorage.py for tasks to queue
[2025-06-28T04:42:16.485+0000] {logging_mixin.py:188} INFO - [2025-06-28T04:42:16.485+0000] {dagbag.py:538} INFO - Filling up the DagBag from /home/airflow/.local/lib/python3.8/site-packages/airflow/example_dags/tutorial_objectstorage.py
[2025-06-28T04:42:16.489+0000] {processor.py:840} INFO - DAG(s) 'tutorial_objectstorage' retrieved from /home/airflow/.local/lib/python3.8/site-packages/airflow/example_dags/tutorial_objectstorage.py
[2025-06-28T04:42:16.501+0000] {logging_mixin.py:188} INFO - [2025-06-28T04:42:16.501+0000] {dag.py:3036} INFO - Sync 1 DAGs
[2025-06-28T04:42:16.507+0000] {logging_mixin.py:188} INFO - [2025-06-28T04:42:16.507+0000] {dag.py:3823} INFO - Setting next_dagrun for tutorial_objectstorage to None, run_after=None
[2025-06-28T04:42:16.522+0000] {processor.py:183} INFO - Processing /home/airflow/.local/lib/python3.8/site-packages/airflow/example_dags/tutorial_objectstorage.py took 0.039 seconds
[2025-06-28T04:42:46.803+0000] {processor.py:161} INFO - Started process (PID=5315) to work on /home/airflow/.local/lib/python3.8/site-packages/airflow/example_dags/tutorial_objectstorage.py
[2025-06-28T04:42:46.804+0000] {processor.py:830} INFO - Processing file /home/airflow/.local/lib/python3.8/site-packages/airflow/example_dags/tutorial_objectstorage.py for tasks to queue
[2025-06-28T04:42:46.805+0000] {logging_mixin.py:188} INFO - [2025-06-28T04:42:46.804+0000] {dagbag.py:538} INFO - Filling up the DagBag from /home/airflow/.local/lib/python3.8/site-packages/airflow/example_dags/tutorial_objectstorage.py
[2025-06-28T04:42:46.808+0000] {processor.py:840} INFO - DAG(s) 'tutorial_objectstorage' retrieved from /home/airflow/.local/lib/python3.8/site-packages/airflow/example_dags/tutorial_objectstorage.py
[2025-06-28T04:42:46.820+0000] {logging_mixin.py:188} INFO - [2025-06-28T04:42:46.819+0000] {dag.py:3036} INFO - Sync 1 DAGs
[2025-06-28T04:42:46.826+0000] {logging_mixin.py:188} INFO - [2025-06-28T04:42:46.826+0000] {dag.py:3823} INFO - Setting next_dagrun for tutorial_objectstorage to None, run_after=None
[2025-06-28T04:42:46.837+0000] {processor.py:183} INFO - Processing /home/airflow/.local/lib/python3.8/site-packages/airflow/example_dags/tutorial_objectstorage.py took 0.036 seconds
[2025-06-28T04:43:17.042+0000] {processor.py:161} INFO - Started process (PID=5563) to work on /home/airflow/.local/lib/python3.8/site-packages/airflow/example_dags/tutorial_objectstorage.py
[2025-06-28T04:43:17.042+0000] {processor.py:830} INFO - Processing file /home/airflow/.local/lib/python3.8/site-packages/airflow/example_dags/tutorial_objectstorage.py for tasks to queue
[2025-06-28T04:43:17.044+0000] {logging_mixin.py:188} INFO - [2025-06-28T04:43:17.043+0000] {dagbag.py:538} INFO - Filling up the DagBag from /home/airflow/.local/lib/python3.8/site-packages/airflow/example_dags/tutorial_objectstorage.py
[2025-06-28T04:43:17.047+0000] {processor.py:840} INFO - DAG(s) 'tutorial_objectstorage' retrieved from /home/airflow/.local/lib/python3.8/site-packages/airflow/example_dags/tutorial_objectstorage.py
[2025-06-28T04:43:17.064+0000] {logging_mixin.py:188} INFO - [2025-06-28T04:43:17.063+0000] {dag.py:3036} INFO - Sync 1 DAGs
[2025-06-28T04:43:17.070+0000] {logging_mixin.py:188} INFO - [2025-06-28T04:43:17.070+0000] {dag.py:3823} INFO - Setting next_dagrun for tutorial_objectstorage to None, run_after=None
[2025-06-28T04:43:17.082+0000] {processor.py:183} INFO - Processing /home/airflow/.local/lib/python3.8/site-packages/airflow/example_dags/tutorial_objectstorage.py took 0.043 seconds
[2025-06-28T04:43:47.538+0000] {processor.py:161} INFO - Started process (PID=5813) to work on /home/airflow/.local/lib/python3.8/site-packages/airflow/example_dags/tutorial_objectstorage.py
[2025-06-28T04:43:47.539+0000] {processor.py:830} INFO - Processing file /home/airflow/.local/lib/python3.8/site-packages/airflow/example_dags/tutorial_objectstorage.py for tasks to queue
[2025-06-28T04:43:47.540+0000] {logging_mixin.py:188} INFO - [2025-06-28T04:43:47.540+0000] {dagbag.py:538} INFO - Filling up the DagBag from /home/airflow/.local/lib/python3.8/site-packages/airflow/example_dags/tutorial_objectstorage.py
[2025-06-28T04:43:47.543+0000] {processor.py:840} INFO - DAG(s) 'tutorial_objectstorage' retrieved from /home/airflow/.local/lib/python3.8/site-packages/airflow/example_dags/tutorial_objectstorage.py
[2025-06-28T04:43:47.556+0000] {logging_mixin.py:188} INFO - [2025-06-28T04:43:47.556+0000] {dag.py:3036} INFO - Sync 1 DAGs
[2025-06-28T04:43:47.564+0000] {logging_mixin.py:188} INFO - [2025-06-28T04:43:47.564+0000] {dag.py:3823} INFO - Setting next_dagrun for tutorial_objectstorage to None, run_after=None
[2025-06-28T04:43:47.581+0000] {processor.py:183} INFO - Processing /home/airflow/.local/lib/python3.8/site-packages/airflow/example_dags/tutorial_objectstorage.py took 0.045 seconds
[2025-06-28T04:44:17.877+0000] {processor.py:161} INFO - Started process (PID=6063) to work on /home/airflow/.local/lib/python3.8/site-packages/airflow/example_dags/tutorial_objectstorage.py
[2025-06-28T04:44:17.878+0000] {processor.py:830} INFO - Processing file /home/airflow/.local/lib/python3.8/site-packages/airflow/example_dags/tutorial_objectstorage.py for tasks to queue
[2025-06-28T04:44:17.880+0000] {logging_mixin.py:188} INFO - [2025-06-28T04:44:17.879+0000] {dagbag.py:538} INFO - Filling up the DagBag from /home/airflow/.local/lib/python3.8/site-packages/airflow/example_dags/tutorial_objectstorage.py
[2025-06-28T04:44:17.886+0000] {processor.py:840} INFO - DAG(s) 'tutorial_objectstorage' retrieved from /home/airflow/.local/lib/python3.8/site-packages/airflow/example_dags/tutorial_objectstorage.py
[2025-06-28T04:44:17.902+0000] {logging_mixin.py:188} INFO - [2025-06-28T04:44:17.901+0000] {dag.py:3036} INFO - Sync 1 DAGs
[2025-06-28T04:44:17.911+0000] {logging_mixin.py:188} INFO - [2025-06-28T04:44:17.910+0000] {dag.py:3823} INFO - Setting next_dagrun for tutorial_objectstorage to None, run_after=None
[2025-06-28T04:44:17.925+0000] {processor.py:183} INFO - Processing /home/airflow/.local/lib/python3.8/site-packages/airflow/example_dags/tutorial_objectstorage.py took 0.051 seconds
[2025-06-28T04:44:48.176+0000] {processor.py:161} INFO - Started process (PID=6315) to work on /home/airflow/.local/lib/python3.8/site-packages/airflow/example_dags/tutorial_objectstorage.py
[2025-06-28T04:44:48.177+0000] {processor.py:830} INFO - Processing file /home/airflow/.local/lib/python3.8/site-packages/airflow/example_dags/tutorial_objectstorage.py for tasks to queue
[2025-06-28T04:44:48.178+0000] {logging_mixin.py:188} INFO - [2025-06-28T04:44:48.178+0000] {dagbag.py:538} INFO - Filling up the DagBag from /home/airflow/.local/lib/python3.8/site-packages/airflow/example_dags/tutorial_objectstorage.py
[2025-06-28T04:44:48.182+0000] {processor.py:840} INFO - DAG(s) 'tutorial_objectstorage' retrieved from /home/airflow/.local/lib/python3.8/site-packages/airflow/example_dags/tutorial_objectstorage.py
[2025-06-28T04:44:48.198+0000] {logging_mixin.py:188} INFO - [2025-06-28T04:44:48.198+0000] {dag.py:3036} INFO - Sync 1 DAGs
[2025-06-28T04:44:48.205+0000] {logging_mixin.py:188} INFO - [2025-06-28T04:44:48.205+0000] {dag.py:3823} INFO - Setting next_dagrun for tutorial_objectstorage to None, run_after=None
[2025-06-28T04:44:48.217+0000] {processor.py:183} INFO - Processing /home/airflow/.local/lib/python3.8/site-packages/airflow/example_dags/tutorial_objectstorage.py took 0.044 seconds
[2025-06-28T04:45:18.346+0000] {processor.py:161} INFO - Started process (PID=6563) to work on /home/airflow/.local/lib/python3.8/site-packages/airflow/example_dags/tutorial_objectstorage.py
[2025-06-28T04:45:18.347+0000] {processor.py:830} INFO - Processing file /home/airflow/.local/lib/python3.8/site-packages/airflow/example_dags/tutorial_objectstorage.py for tasks to queue
[2025-06-28T04:45:18.348+0000] {logging_mixin.py:188} INFO - [2025-06-28T04:45:18.347+0000] {dagbag.py:538} INFO - Filling up the DagBag from /home/airflow/.local/lib/python3.8/site-packages/airflow/example_dags/tutorial_objectstorage.py
[2025-06-28T04:45:18.351+0000] {processor.py:840} INFO - DAG(s) 'tutorial_objectstorage' retrieved from /home/airflow/.local/lib/python3.8/site-packages/airflow/example_dags/tutorial_objectstorage.py
[2025-06-28T04:45:18.366+0000] {logging_mixin.py:188} INFO - [2025-06-28T04:45:18.366+0000] {dag.py:3036} INFO - Sync 1 DAGs
[2025-06-28T04:45:18.373+0000] {logging_mixin.py:188} INFO - [2025-06-28T04:45:18.373+0000] {dag.py:3823} INFO - Setting next_dagrun for tutorial_objectstorage to None, run_after=None
[2025-06-28T04:45:18.386+0000] {processor.py:183} INFO - Processing /home/airflow/.local/lib/python3.8/site-packages/airflow/example_dags/tutorial_objectstorage.py took 0.041 seconds
[2025-06-28T04:45:48.749+0000] {processor.py:161} INFO - Started process (PID=6813) to work on /home/airflow/.local/lib/python3.8/site-packages/airflow/example_dags/tutorial_objectstorage.py
[2025-06-28T04:45:48.750+0000] {processor.py:830} INFO - Processing file /home/airflow/.local/lib/python3.8/site-packages/airflow/example_dags/tutorial_objectstorage.py for tasks to queue
[2025-06-28T04:45:48.751+0000] {logging_mixin.py:188} INFO - [2025-06-28T04:45:48.751+0000] {dagbag.py:538} INFO - Filling up the DagBag from /home/airflow/.local/lib/python3.8/site-packages/airflow/example_dags/tutorial_objectstorage.py
[2025-06-28T04:45:48.755+0000] {processor.py:840} INFO - DAG(s) 'tutorial_objectstorage' retrieved from /home/airflow/.local/lib/python3.8/site-packages/airflow/example_dags/tutorial_objectstorage.py
[2025-06-28T04:45:48.768+0000] {logging_mixin.py:188} INFO - [2025-06-28T04:45:48.768+0000] {dag.py:3036} INFO - Sync 1 DAGs
[2025-06-28T04:45:48.776+0000] {logging_mixin.py:188} INFO - [2025-06-28T04:45:48.776+0000] {dag.py:3823} INFO - Setting next_dagrun for tutorial_objectstorage to None, run_after=None
[2025-06-28T04:45:48.794+0000] {processor.py:183} INFO - Processing /home/airflow/.local/lib/python3.8/site-packages/airflow/example_dags/tutorial_objectstorage.py took 0.047 seconds
[2025-06-28T04:46:19.146+0000] {processor.py:161} INFO - Started process (PID=7063) to work on /home/airflow/.local/lib/python3.8/site-packages/airflow/example_dags/tutorial_objectstorage.py
[2025-06-28T04:46:19.147+0000] {processor.py:830} INFO - Processing file /home/airflow/.local/lib/python3.8/site-packages/airflow/example_dags/tutorial_objectstorage.py for tasks to queue
[2025-06-28T04:46:19.148+0000] {logging_mixin.py:188} INFO - [2025-06-28T04:46:19.148+0000] {dagbag.py:538} INFO - Filling up the DagBag from /home/airflow/.local/lib/python3.8/site-packages/airflow/example_dags/tutorial_objectstorage.py
[2025-06-28T04:46:19.151+0000] {processor.py:840} INFO - DAG(s) 'tutorial_objectstorage' retrieved from /home/airflow/.local/lib/python3.8/site-packages/airflow/example_dags/tutorial_objectstorage.py
[2025-06-28T04:46:19.166+0000] {logging_mixin.py:188} INFO - [2025-06-28T04:46:19.165+0000] {dag.py:3036} INFO - Sync 1 DAGs
[2025-06-28T04:46:19.173+0000] {logging_mixin.py:188} INFO - [2025-06-28T04:46:19.172+0000] {dag.py:3823} INFO - Setting next_dagrun for tutorial_objectstorage to None, run_after=None
[2025-06-28T04:46:19.189+0000] {processor.py:183} INFO - Processing /home/airflow/.local/lib/python3.8/site-packages/airflow/example_dags/tutorial_objectstorage.py took 0.044 seconds
[2025-06-28T04:46:49.904+0000] {processor.py:161} INFO - Started process (PID=7315) to work on /home/airflow/.local/lib/python3.8/site-packages/airflow/example_dags/tutorial_objectstorage.py
[2025-06-28T04:46:49.905+0000] {processor.py:830} INFO - Processing file /home/airflow/.local/lib/python3.8/site-packages/airflow/example_dags/tutorial_objectstorage.py for tasks to queue
[2025-06-28T04:46:49.906+0000] {logging_mixin.py:188} INFO - [2025-06-28T04:46:49.906+0000] {dagbag.py:538} INFO - Filling up the DagBag from /home/airflow/.local/lib/python3.8/site-packages/airflow/example_dags/tutorial_objectstorage.py
[2025-06-28T04:46:49.909+0000] {processor.py:840} INFO - DAG(s) 'tutorial_objectstorage' retrieved from /home/airflow/.local/lib/python3.8/site-packages/airflow/example_dags/tutorial_objectstorage.py
[2025-06-28T04:46:49.921+0000] {logging_mixin.py:188} INFO - [2025-06-28T04:46:49.920+0000] {dag.py:3036} INFO - Sync 1 DAGs
[2025-06-28T04:46:49.930+0000] {logging_mixin.py:188} INFO - [2025-06-28T04:46:49.930+0000] {dag.py:3823} INFO - Setting next_dagrun for tutorial_objectstorage to None, run_after=None
[2025-06-28T04:46:49.946+0000] {processor.py:183} INFO - Processing /home/airflow/.local/lib/python3.8/site-packages/airflow/example_dags/tutorial_objectstorage.py took 0.044 seconds
[2025-06-28T04:47:20.183+0000] {processor.py:161} INFO - Started process (PID=7563) to work on /home/airflow/.local/lib/python3.8/site-packages/airflow/example_dags/tutorial_objectstorage.py
[2025-06-28T04:47:20.184+0000] {processor.py:830} INFO - Processing file /home/airflow/.local/lib/python3.8/site-packages/airflow/example_dags/tutorial_objectstorage.py for tasks to queue
[2025-06-28T04:47:20.185+0000] {logging_mixin.py:188} INFO - [2025-06-28T04:47:20.184+0000] {dagbag.py:538} INFO - Filling up the DagBag from /home/airflow/.local/lib/python3.8/site-packages/airflow/example_dags/tutorial_objectstorage.py
[2025-06-28T04:47:20.189+0000] {processor.py:840} INFO - DAG(s) 'tutorial_objectstorage' retrieved from /home/airflow/.local/lib/python3.8/site-packages/airflow/example_dags/tutorial_objectstorage.py
[2025-06-28T04:47:20.202+0000] {logging_mixin.py:188} INFO - [2025-06-28T04:47:20.201+0000] {dag.py:3036} INFO - Sync 1 DAGs
[2025-06-28T04:47:20.211+0000] {logging_mixin.py:188} INFO - [2025-06-28T04:47:20.210+0000] {dag.py:3823} INFO - Setting next_dagrun for tutorial_objectstorage to None, run_after=None
[2025-06-28T04:47:20.222+0000] {processor.py:183} INFO - Processing /home/airflow/.local/lib/python3.8/site-packages/airflow/example_dags/tutorial_objectstorage.py took 0.041 seconds
[2025-06-28T04:47:50.343+0000] {processor.py:161} INFO - Started process (PID=7813) to work on /home/airflow/.local/lib/python3.8/site-packages/airflow/example_dags/tutorial_objectstorage.py
[2025-06-28T04:47:50.343+0000] {processor.py:830} INFO - Processing file /home/airflow/.local/lib/python3.8/site-packages/airflow/example_dags/tutorial_objectstorage.py for tasks to queue
[2025-06-28T04:47:50.344+0000] {logging_mixin.py:188} INFO - [2025-06-28T04:47:50.344+0000] {dagbag.py:538} INFO - Filling up the DagBag from /home/airflow/.local/lib/python3.8/site-packages/airflow/example_dags/tutorial_objectstorage.py
[2025-06-28T04:47:50.348+0000] {processor.py:840} INFO - DAG(s) 'tutorial_objectstorage' retrieved from /home/airflow/.local/lib/python3.8/site-packages/airflow/example_dags/tutorial_objectstorage.py
[2025-06-28T04:47:50.361+0000] {logging_mixin.py:188} INFO - [2025-06-28T04:47:50.361+0000] {dag.py:3036} INFO - Sync 1 DAGs
[2025-06-28T04:47:50.368+0000] {logging_mixin.py:188} INFO - [2025-06-28T04:47:50.368+0000] {dag.py:3823} INFO - Setting next_dagrun for tutorial_objectstorage to None, run_after=None
[2025-06-28T04:47:50.384+0000] {processor.py:183} INFO - Processing /home/airflow/.local/lib/python3.8/site-packages/airflow/example_dags/tutorial_objectstorage.py took 0.043 seconds
[2025-06-28T04:48:21.559+0000] {processor.py:161} INFO - Started process (PID=8065) to work on /home/airflow/.local/lib/python3.8/site-packages/airflow/example_dags/tutorial_objectstorage.py
[2025-06-28T04:48:21.560+0000] {processor.py:830} INFO - Processing file /home/airflow/.local/lib/python3.8/site-packages/airflow/example_dags/tutorial_objectstorage.py for tasks to queue
[2025-06-28T04:48:21.561+0000] {logging_mixin.py:188} INFO - [2025-06-28T04:48:21.560+0000] {dagbag.py:538} INFO - Filling up the DagBag from /home/airflow/.local/lib/python3.8/site-packages/airflow/example_dags/tutorial_objectstorage.py
[2025-06-28T04:48:21.564+0000] {processor.py:840} INFO - DAG(s) 'tutorial_objectstorage' retrieved from /home/airflow/.local/lib/python3.8/site-packages/airflow/example_dags/tutorial_objectstorage.py
[2025-06-28T04:48:21.579+0000] {logging_mixin.py:188} INFO - [2025-06-28T04:48:21.579+0000] {dag.py:3036} INFO - Sync 1 DAGs
[2025-06-28T04:48:21.586+0000] {logging_mixin.py:188} INFO - [2025-06-28T04:48:21.586+0000] {dag.py:3823} INFO - Setting next_dagrun for tutorial_objectstorage to None, run_after=None
[2025-06-28T04:48:21.613+0000] {processor.py:183} INFO - Processing /home/airflow/.local/lib/python3.8/site-packages/airflow/example_dags/tutorial_objectstorage.py took 0.056 seconds
