[2025-06-28T04:32:39.721+0000] {processor.py:161} INFO - Started process (PID=338) to work on /home/airflow/.local/lib/python3.8/site-packages/airflow/example_dags/tutorial_dag.py
[2025-06-28T04:32:39.722+0000] {processor.py:830} INFO - Processing file /home/airflow/.local/lib/python3.8/site-packages/airflow/example_dags/tutorial_dag.py for tasks to queue
[2025-06-28T04:32:39.724+0000] {logging_mixin.py:188} INFO - [2025-06-28T04:32:39.723+0000] {dagbag.py:538} INFO - Filling up the DagBag from /home/airflow/.local/lib/python3.8/site-packages/airflow/example_dags/tutorial_dag.py
[2025-06-28T04:32:39.731+0000] {processor.py:840} INFO - DAG(s) 'tutorial_dag' retrieved from /home/airflow/.local/lib/python3.8/site-packages/airflow/example_dags/tutorial_dag.py
[2025-06-28T04:32:39.746+0000] {logging_mixin.py:188} INFO - [2025-06-28T04:32:39.746+0000] {dag.py:3036} INFO - Sync 1 DAGs
[2025-06-28T04:32:39.765+0000] {logging_mixin.py:188} INFO - [2025-06-28T04:32:39.764+0000] {dag.py:3823} INFO - Setting next_dagrun for tutorial_dag to None, run_after=None
[2025-06-28T04:32:39.792+0000] {processor.py:183} INFO - Processing /home/airflow/.local/lib/python3.8/site-packages/airflow/example_dags/tutorial_dag.py took 0.075 seconds
[2025-06-28T04:33:11.051+0000] {processor.py:161} INFO - Started process (PID=588) to work on /home/airflow/.local/lib/python3.8/site-packages/airflow/example_dags/tutorial_dag.py
[2025-06-28T04:33:11.051+0000] {processor.py:830} INFO - Processing file /home/airflow/.local/lib/python3.8/site-packages/airflow/example_dags/tutorial_dag.py for tasks to queue
[2025-06-28T04:33:11.052+0000] {logging_mixin.py:188} INFO - [2025-06-28T04:33:11.052+0000] {dagbag.py:538} INFO - Filling up the DagBag from /home/airflow/.local/lib/python3.8/site-packages/airflow/example_dags/tutorial_dag.py
[2025-06-28T04:33:11.058+0000] {processor.py:840} INFO - DAG(s) 'tutorial_dag' retrieved from /home/airflow/.local/lib/python3.8/site-packages/airflow/example_dags/tutorial_dag.py
[2025-06-28T04:33:11.127+0000] {logging_mixin.py:188} INFO - [2025-06-28T04:33:11.127+0000] {dag.py:3036} INFO - Sync 1 DAGs
[2025-06-28T04:33:11.133+0000] {logging_mixin.py:188} INFO - [2025-06-28T04:33:11.133+0000] {dag.py:3823} INFO - Setting next_dagrun for tutorial_dag to None, run_after=None
[2025-06-28T04:33:11.148+0000] {processor.py:183} INFO - Processing /home/airflow/.local/lib/python3.8/site-packages/airflow/example_dags/tutorial_dag.py took 0.099 seconds
[2025-06-28T04:33:41.180+0000] {processor.py:161} INFO - Started process (PID=835) to work on /home/airflow/.local/lib/python3.8/site-packages/airflow/example_dags/tutorial_dag.py
[2025-06-28T04:33:41.181+0000] {processor.py:830} INFO - Processing file /home/airflow/.local/lib/python3.8/site-packages/airflow/example_dags/tutorial_dag.py for tasks to queue
[2025-06-28T04:33:41.183+0000] {logging_mixin.py:188} INFO - [2025-06-28T04:33:41.183+0000] {dagbag.py:538} INFO - Filling up the DagBag from /home/airflow/.local/lib/python3.8/site-packages/airflow/example_dags/tutorial_dag.py
[2025-06-28T04:33:41.187+0000] {processor.py:840} INFO - DAG(s) 'tutorial_dag' retrieved from /home/airflow/.local/lib/python3.8/site-packages/airflow/example_dags/tutorial_dag.py
[2025-06-28T04:33:41.201+0000] {logging_mixin.py:188} INFO - [2025-06-28T04:33:41.200+0000] {dag.py:3036} INFO - Sync 1 DAGs
[2025-06-28T04:33:41.212+0000] {logging_mixin.py:188} INFO - [2025-06-28T04:33:41.211+0000] {dag.py:3823} INFO - Setting next_dagrun for tutorial_dag to None, run_after=None
[2025-06-28T04:33:41.238+0000] {processor.py:183} INFO - Processing /home/airflow/.local/lib/python3.8/site-packages/airflow/example_dags/tutorial_dag.py took 0.062 seconds
[2025-06-28T04:34:11.420+0000] {processor.py:161} INFO - Started process (PID=1083) to work on /home/airflow/.local/lib/python3.8/site-packages/airflow/example_dags/tutorial_dag.py
[2025-06-28T04:34:11.420+0000] {processor.py:830} INFO - Processing file /home/airflow/.local/lib/python3.8/site-packages/airflow/example_dags/tutorial_dag.py for tasks to queue
[2025-06-28T04:34:11.421+0000] {logging_mixin.py:188} INFO - [2025-06-28T04:34:11.421+0000] {dagbag.py:538} INFO - Filling up the DagBag from /home/airflow/.local/lib/python3.8/site-packages/airflow/example_dags/tutorial_dag.py
[2025-06-28T04:34:11.424+0000] {processor.py:840} INFO - DAG(s) 'tutorial_dag' retrieved from /home/airflow/.local/lib/python3.8/site-packages/airflow/example_dags/tutorial_dag.py
[2025-06-28T04:34:11.442+0000] {logging_mixin.py:188} INFO - [2025-06-28T04:34:11.442+0000] {dag.py:3036} INFO - Sync 1 DAGs
[2025-06-28T04:34:11.453+0000] {logging_mixin.py:188} INFO - [2025-06-28T04:34:11.453+0000] {dag.py:3823} INFO - Setting next_dagrun for tutorial_dag to None, run_after=None
[2025-06-28T04:34:11.471+0000] {processor.py:183} INFO - Processing /home/airflow/.local/lib/python3.8/site-packages/airflow/example_dags/tutorial_dag.py took 0.053 seconds
[2025-06-28T04:34:41.976+0000] {processor.py:161} INFO - Started process (PID=1340) to work on /home/airflow/.local/lib/python3.8/site-packages/airflow/example_dags/tutorial_dag.py
[2025-06-28T04:34:41.978+0000] {processor.py:830} INFO - Processing file /home/airflow/.local/lib/python3.8/site-packages/airflow/example_dags/tutorial_dag.py for tasks to queue
[2025-06-28T04:34:41.979+0000] {logging_mixin.py:188} INFO - [2025-06-28T04:34:41.979+0000] {dagbag.py:538} INFO - Filling up the DagBag from /home/airflow/.local/lib/python3.8/site-packages/airflow/example_dags/tutorial_dag.py
[2025-06-28T04:34:41.983+0000] {processor.py:840} INFO - DAG(s) 'tutorial_dag' retrieved from /home/airflow/.local/lib/python3.8/site-packages/airflow/example_dags/tutorial_dag.py
[2025-06-28T04:34:41.997+0000] {logging_mixin.py:188} INFO - [2025-06-28T04:34:41.997+0000] {dag.py:3036} INFO - Sync 1 DAGs
[2025-06-28T04:34:42.006+0000] {logging_mixin.py:188} INFO - [2025-06-28T04:34:42.006+0000] {dag.py:3823} INFO - Setting next_dagrun for tutorial_dag to None, run_after=None
[2025-06-28T04:34:42.017+0000] {processor.py:183} INFO - Processing /home/airflow/.local/lib/python3.8/site-packages/airflow/example_dags/tutorial_dag.py took 0.044 seconds
[2025-06-28T04:35:12.341+0000] {processor.py:161} INFO - Started process (PID=1588) to work on /home/airflow/.local/lib/python3.8/site-packages/airflow/example_dags/tutorial_dag.py
[2025-06-28T04:35:12.342+0000] {processor.py:830} INFO - Processing file /home/airflow/.local/lib/python3.8/site-packages/airflow/example_dags/tutorial_dag.py for tasks to queue
[2025-06-28T04:35:12.343+0000] {logging_mixin.py:188} INFO - [2025-06-28T04:35:12.343+0000] {dagbag.py:538} INFO - Filling up the DagBag from /home/airflow/.local/lib/python3.8/site-packages/airflow/example_dags/tutorial_dag.py
[2025-06-28T04:35:12.348+0000] {processor.py:840} INFO - DAG(s) 'tutorial_dag' retrieved from /home/airflow/.local/lib/python3.8/site-packages/airflow/example_dags/tutorial_dag.py
[2025-06-28T04:35:12.365+0000] {logging_mixin.py:188} INFO - [2025-06-28T04:35:12.365+0000] {dag.py:3036} INFO - Sync 1 DAGs
[2025-06-28T04:35:12.374+0000] {logging_mixin.py:188} INFO - [2025-06-28T04:35:12.374+0000] {dag.py:3823} INFO - Setting next_dagrun for tutorial_dag to None, run_after=None
[2025-06-28T04:35:12.386+0000] {processor.py:183} INFO - Processing /home/airflow/.local/lib/python3.8/site-packages/airflow/example_dags/tutorial_dag.py took 0.048 seconds
[2025-06-28T04:35:43.009+0000] {processor.py:161} INFO - Started process (PID=1840) to work on /home/airflow/.local/lib/python3.8/site-packages/airflow/example_dags/tutorial_dag.py
[2025-06-28T04:35:43.010+0000] {processor.py:830} INFO - Processing file /home/airflow/.local/lib/python3.8/site-packages/airflow/example_dags/tutorial_dag.py for tasks to queue
[2025-06-28T04:35:43.011+0000] {logging_mixin.py:188} INFO - [2025-06-28T04:35:43.011+0000] {dagbag.py:538} INFO - Filling up the DagBag from /home/airflow/.local/lib/python3.8/site-packages/airflow/example_dags/tutorial_dag.py
[2025-06-28T04:35:43.014+0000] {processor.py:840} INFO - DAG(s) 'tutorial_dag' retrieved from /home/airflow/.local/lib/python3.8/site-packages/airflow/example_dags/tutorial_dag.py
[2025-06-28T04:35:43.029+0000] {logging_mixin.py:188} INFO - [2025-06-28T04:35:43.029+0000] {dag.py:3036} INFO - Sync 1 DAGs
[2025-06-28T04:35:43.037+0000] {logging_mixin.py:188} INFO - [2025-06-28T04:35:43.037+0000] {dag.py:3823} INFO - Setting next_dagrun for tutorial_dag to None, run_after=None
[2025-06-28T04:35:43.056+0000] {processor.py:183} INFO - Processing /home/airflow/.local/lib/python3.8/site-packages/airflow/example_dags/tutorial_dag.py took 0.049 seconds
[2025-06-28T04:36:13.300+0000] {processor.py:161} INFO - Started process (PID=2088) to work on /home/airflow/.local/lib/python3.8/site-packages/airflow/example_dags/tutorial_dag.py
[2025-06-28T04:36:13.301+0000] {processor.py:830} INFO - Processing file /home/airflow/.local/lib/python3.8/site-packages/airflow/example_dags/tutorial_dag.py for tasks to queue
[2025-06-28T04:36:13.301+0000] {logging_mixin.py:188} INFO - [2025-06-28T04:36:13.301+0000] {dagbag.py:538} INFO - Filling up the DagBag from /home/airflow/.local/lib/python3.8/site-packages/airflow/example_dags/tutorial_dag.py
[2025-06-28T04:36:13.305+0000] {processor.py:840} INFO - DAG(s) 'tutorial_dag' retrieved from /home/airflow/.local/lib/python3.8/site-packages/airflow/example_dags/tutorial_dag.py
[2025-06-28T04:36:13.317+0000] {logging_mixin.py:188} INFO - [2025-06-28T04:36:13.317+0000] {dag.py:3036} INFO - Sync 1 DAGs
[2025-06-28T04:36:13.325+0000] {logging_mixin.py:188} INFO - [2025-06-28T04:36:13.325+0000] {dag.py:3823} INFO - Setting next_dagrun for tutorial_dag to None, run_after=None
[2025-06-28T04:36:13.336+0000] {processor.py:183} INFO - Processing /home/airflow/.local/lib/python3.8/site-packages/airflow/example_dags/tutorial_dag.py took 0.038 seconds
[2025-06-28T04:36:43.555+0000] {processor.py:161} INFO - Started process (PID=2338) to work on /home/airflow/.local/lib/python3.8/site-packages/airflow/example_dags/tutorial_dag.py
[2025-06-28T04:36:43.555+0000] {processor.py:830} INFO - Processing file /home/airflow/.local/lib/python3.8/site-packages/airflow/example_dags/tutorial_dag.py for tasks to queue
[2025-06-28T04:36:43.556+0000] {logging_mixin.py:188} INFO - [2025-06-28T04:36:43.556+0000] {dagbag.py:538} INFO - Filling up the DagBag from /home/airflow/.local/lib/python3.8/site-packages/airflow/example_dags/tutorial_dag.py
[2025-06-28T04:36:43.559+0000] {processor.py:840} INFO - DAG(s) 'tutorial_dag' retrieved from /home/airflow/.local/lib/python3.8/site-packages/airflow/example_dags/tutorial_dag.py
[2025-06-28T04:36:43.576+0000] {logging_mixin.py:188} INFO - [2025-06-28T04:36:43.575+0000] {dag.py:3036} INFO - Sync 1 DAGs
[2025-06-28T04:36:43.583+0000] {logging_mixin.py:188} INFO - [2025-06-28T04:36:43.582+0000] {dag.py:3823} INFO - Setting next_dagrun for tutorial_dag to None, run_after=None
[2025-06-28T04:36:43.594+0000] {processor.py:183} INFO - Processing /home/airflow/.local/lib/python3.8/site-packages/airflow/example_dags/tutorial_dag.py took 0.041 seconds
[2025-06-28T04:37:13.748+0000] {processor.py:161} INFO - Started process (PID=2590) to work on /home/airflow/.local/lib/python3.8/site-packages/airflow/example_dags/tutorial_dag.py
[2025-06-28T04:37:13.748+0000] {processor.py:830} INFO - Processing file /home/airflow/.local/lib/python3.8/site-packages/airflow/example_dags/tutorial_dag.py for tasks to queue
[2025-06-28T04:37:13.749+0000] {logging_mixin.py:188} INFO - [2025-06-28T04:37:13.749+0000] {dagbag.py:538} INFO - Filling up the DagBag from /home/airflow/.local/lib/python3.8/site-packages/airflow/example_dags/tutorial_dag.py
[2025-06-28T04:37:13.752+0000] {processor.py:840} INFO - DAG(s) 'tutorial_dag' retrieved from /home/airflow/.local/lib/python3.8/site-packages/airflow/example_dags/tutorial_dag.py
[2025-06-28T04:37:13.764+0000] {logging_mixin.py:188} INFO - [2025-06-28T04:37:13.764+0000] {dag.py:3036} INFO - Sync 1 DAGs
[2025-06-28T04:37:13.771+0000] {logging_mixin.py:188} INFO - [2025-06-28T04:37:13.771+0000] {dag.py:3823} INFO - Setting next_dagrun for tutorial_dag to None, run_after=None
[2025-06-28T04:37:13.782+0000] {processor.py:183} INFO - Processing /home/airflow/.local/lib/python3.8/site-packages/airflow/example_dags/tutorial_dag.py took 0.036 seconds
[2025-06-28T04:37:43.807+0000] {processor.py:161} INFO - Started process (PID=2838) to work on /home/airflow/.local/lib/python3.8/site-packages/airflow/example_dags/tutorial_dag.py
[2025-06-28T04:37:43.808+0000] {processor.py:830} INFO - Processing file /home/airflow/.local/lib/python3.8/site-packages/airflow/example_dags/tutorial_dag.py for tasks to queue
[2025-06-28T04:37:43.809+0000] {logging_mixin.py:188} INFO - [2025-06-28T04:37:43.809+0000] {dagbag.py:538} INFO - Filling up the DagBag from /home/airflow/.local/lib/python3.8/site-packages/airflow/example_dags/tutorial_dag.py
[2025-06-28T04:37:43.811+0000] {processor.py:840} INFO - DAG(s) 'tutorial_dag' retrieved from /home/airflow/.local/lib/python3.8/site-packages/airflow/example_dags/tutorial_dag.py
[2025-06-28T04:37:43.826+0000] {logging_mixin.py:188} INFO - [2025-06-28T04:37:43.826+0000] {dag.py:3036} INFO - Sync 1 DAGs
[2025-06-28T04:37:43.833+0000] {logging_mixin.py:188} INFO - [2025-06-28T04:37:43.833+0000] {dag.py:3823} INFO - Setting next_dagrun for tutorial_dag to None, run_after=None
[2025-06-28T04:37:43.844+0000] {processor.py:183} INFO - Processing /home/airflow/.local/lib/python3.8/site-packages/airflow/example_dags/tutorial_dag.py took 0.038 seconds
[2025-06-28T04:38:14.204+0000] {processor.py:161} INFO - Started process (PID=3090) to work on /home/airflow/.local/lib/python3.8/site-packages/airflow/example_dags/tutorial_dag.py
[2025-06-28T04:38:14.204+0000] {processor.py:830} INFO - Processing file /home/airflow/.local/lib/python3.8/site-packages/airflow/example_dags/tutorial_dag.py for tasks to queue
[2025-06-28T04:38:14.205+0000] {logging_mixin.py:188} INFO - [2025-06-28T04:38:14.205+0000] {dagbag.py:538} INFO - Filling up the DagBag from /home/airflow/.local/lib/python3.8/site-packages/airflow/example_dags/tutorial_dag.py
[2025-06-28T04:38:14.208+0000] {processor.py:840} INFO - DAG(s) 'tutorial_dag' retrieved from /home/airflow/.local/lib/python3.8/site-packages/airflow/example_dags/tutorial_dag.py
[2025-06-28T04:38:14.222+0000] {logging_mixin.py:188} INFO - [2025-06-28T04:38:14.222+0000] {dag.py:3036} INFO - Sync 1 DAGs
[2025-06-28T04:38:14.233+0000] {logging_mixin.py:188} INFO - [2025-06-28T04:38:14.232+0000] {dag.py:3823} INFO - Setting next_dagrun for tutorial_dag to None, run_after=None
[2025-06-28T04:38:14.244+0000] {processor.py:183} INFO - Processing /home/airflow/.local/lib/python3.8/site-packages/airflow/example_dags/tutorial_dag.py took 0.042 seconds
[2025-06-28T04:38:44.477+0000] {processor.py:161} INFO - Started process (PID=3338) to work on /home/airflow/.local/lib/python3.8/site-packages/airflow/example_dags/tutorial_dag.py
[2025-06-28T04:38:44.478+0000] {processor.py:830} INFO - Processing file /home/airflow/.local/lib/python3.8/site-packages/airflow/example_dags/tutorial_dag.py for tasks to queue
[2025-06-28T04:38:44.480+0000] {logging_mixin.py:188} INFO - [2025-06-28T04:38:44.480+0000] {dagbag.py:538} INFO - Filling up the DagBag from /home/airflow/.local/lib/python3.8/site-packages/airflow/example_dags/tutorial_dag.py
[2025-06-28T04:38:44.484+0000] {processor.py:840} INFO - DAG(s) 'tutorial_dag' retrieved from /home/airflow/.local/lib/python3.8/site-packages/airflow/example_dags/tutorial_dag.py
[2025-06-28T04:38:44.499+0000] {logging_mixin.py:188} INFO - [2025-06-28T04:38:44.499+0000] {dag.py:3036} INFO - Sync 1 DAGs
[2025-06-28T04:38:44.509+0000] {logging_mixin.py:188} INFO - [2025-06-28T04:38:44.509+0000] {dag.py:3823} INFO - Setting next_dagrun for tutorial_dag to None, run_after=None
[2025-06-28T04:38:44.525+0000] {processor.py:183} INFO - Processing /home/airflow/.local/lib/python3.8/site-packages/airflow/example_dags/tutorial_dag.py took 0.051 seconds
[2025-06-28T04:39:14.675+0000] {processor.py:161} INFO - Started process (PID=3588) to work on /home/airflow/.local/lib/python3.8/site-packages/airflow/example_dags/tutorial_dag.py
[2025-06-28T04:39:14.676+0000] {processor.py:830} INFO - Processing file /home/airflow/.local/lib/python3.8/site-packages/airflow/example_dags/tutorial_dag.py for tasks to queue
[2025-06-28T04:39:14.677+0000] {logging_mixin.py:188} INFO - [2025-06-28T04:39:14.677+0000] {dagbag.py:538} INFO - Filling up the DagBag from /home/airflow/.local/lib/python3.8/site-packages/airflow/example_dags/tutorial_dag.py
[2025-06-28T04:39:14.680+0000] {processor.py:840} INFO - DAG(s) 'tutorial_dag' retrieved from /home/airflow/.local/lib/python3.8/site-packages/airflow/example_dags/tutorial_dag.py
[2025-06-28T04:39:14.692+0000] {logging_mixin.py:188} INFO - [2025-06-28T04:39:14.692+0000] {dag.py:3036} INFO - Sync 1 DAGs
[2025-06-28T04:39:14.699+0000] {logging_mixin.py:188} INFO - [2025-06-28T04:39:14.699+0000] {dag.py:3823} INFO - Setting next_dagrun for tutorial_dag to None, run_after=None
[2025-06-28T04:39:14.710+0000] {processor.py:183} INFO - Processing /home/airflow/.local/lib/python3.8/site-packages/airflow/example_dags/tutorial_dag.py took 0.037 seconds
[2025-06-28T04:39:44.917+0000] {processor.py:161} INFO - Started process (PID=3838) to work on /home/airflow/.local/lib/python3.8/site-packages/airflow/example_dags/tutorial_dag.py
[2025-06-28T04:39:44.918+0000] {processor.py:830} INFO - Processing file /home/airflow/.local/lib/python3.8/site-packages/airflow/example_dags/tutorial_dag.py for tasks to queue
[2025-06-28T04:39:44.919+0000] {logging_mixin.py:188} INFO - [2025-06-28T04:39:44.919+0000] {dagbag.py:538} INFO - Filling up the DagBag from /home/airflow/.local/lib/python3.8/site-packages/airflow/example_dags/tutorial_dag.py
[2025-06-28T04:39:44.925+0000] {processor.py:840} INFO - DAG(s) 'tutorial_dag' retrieved from /home/airflow/.local/lib/python3.8/site-packages/airflow/example_dags/tutorial_dag.py
[2025-06-28T04:39:44.943+0000] {logging_mixin.py:188} INFO - [2025-06-28T04:39:44.942+0000] {dag.py:3036} INFO - Sync 1 DAGs
[2025-06-28T04:39:44.952+0000] {logging_mixin.py:188} INFO - [2025-06-28T04:39:44.952+0000] {dag.py:3823} INFO - Setting next_dagrun for tutorial_dag to None, run_after=None
[2025-06-28T04:39:44.970+0000] {processor.py:183} INFO - Processing /home/airflow/.local/lib/python3.8/site-packages/airflow/example_dags/tutorial_dag.py took 0.055 seconds
[2025-06-28T04:40:15.208+0000] {processor.py:161} INFO - Started process (PID=4088) to work on /home/airflow/.local/lib/python3.8/site-packages/airflow/example_dags/tutorial_dag.py
[2025-06-28T04:40:15.208+0000] {processor.py:830} INFO - Processing file /home/airflow/.local/lib/python3.8/site-packages/airflow/example_dags/tutorial_dag.py for tasks to queue
[2025-06-28T04:40:15.209+0000] {logging_mixin.py:188} INFO - [2025-06-28T04:40:15.209+0000] {dagbag.py:538} INFO - Filling up the DagBag from /home/airflow/.local/lib/python3.8/site-packages/airflow/example_dags/tutorial_dag.py
[2025-06-28T04:40:15.212+0000] {processor.py:840} INFO - DAG(s) 'tutorial_dag' retrieved from /home/airflow/.local/lib/python3.8/site-packages/airflow/example_dags/tutorial_dag.py
[2025-06-28T04:40:15.226+0000] {logging_mixin.py:188} INFO - [2025-06-28T04:40:15.225+0000] {dag.py:3036} INFO - Sync 1 DAGs
[2025-06-28T04:40:15.232+0000] {logging_mixin.py:188} INFO - [2025-06-28T04:40:15.232+0000] {dag.py:3823} INFO - Setting next_dagrun for tutorial_dag to None, run_after=None
[2025-06-28T04:40:15.243+0000] {processor.py:183} INFO - Processing /home/airflow/.local/lib/python3.8/site-packages/airflow/example_dags/tutorial_dag.py took 0.037 seconds
[2025-06-28T04:40:45.593+0000] {processor.py:161} INFO - Started process (PID=4340) to work on /home/airflow/.local/lib/python3.8/site-packages/airflow/example_dags/tutorial_dag.py
[2025-06-28T04:40:45.593+0000] {processor.py:830} INFO - Processing file /home/airflow/.local/lib/python3.8/site-packages/airflow/example_dags/tutorial_dag.py for tasks to queue
[2025-06-28T04:40:45.594+0000] {logging_mixin.py:188} INFO - [2025-06-28T04:40:45.594+0000] {dagbag.py:538} INFO - Filling up the DagBag from /home/airflow/.local/lib/python3.8/site-packages/airflow/example_dags/tutorial_dag.py
[2025-06-28T04:40:45.597+0000] {processor.py:840} INFO - DAG(s) 'tutorial_dag' retrieved from /home/airflow/.local/lib/python3.8/site-packages/airflow/example_dags/tutorial_dag.py
[2025-06-28T04:40:45.608+0000] {logging_mixin.py:188} INFO - [2025-06-28T04:40:45.608+0000] {dag.py:3036} INFO - Sync 1 DAGs
[2025-06-28T04:40:45.616+0000] {logging_mixin.py:188} INFO - [2025-06-28T04:40:45.615+0000] {dag.py:3823} INFO - Setting next_dagrun for tutorial_dag to None, run_after=None
[2025-06-28T04:40:45.628+0000] {processor.py:183} INFO - Processing /home/airflow/.local/lib/python3.8/site-packages/airflow/example_dags/tutorial_dag.py took 0.037 seconds
[2025-06-28T04:41:16.071+0000] {processor.py:161} INFO - Started process (PID=4590) to work on /home/airflow/.local/lib/python3.8/site-packages/airflow/example_dags/tutorial_dag.py
[2025-06-28T04:41:16.072+0000] {processor.py:830} INFO - Processing file /home/airflow/.local/lib/python3.8/site-packages/airflow/example_dags/tutorial_dag.py for tasks to queue
[2025-06-28T04:41:16.074+0000] {logging_mixin.py:188} INFO - [2025-06-28T04:41:16.073+0000] {dagbag.py:538} INFO - Filling up the DagBag from /home/airflow/.local/lib/python3.8/site-packages/airflow/example_dags/tutorial_dag.py
[2025-06-28T04:41:16.077+0000] {processor.py:840} INFO - DAG(s) 'tutorial_dag' retrieved from /home/airflow/.local/lib/python3.8/site-packages/airflow/example_dags/tutorial_dag.py
[2025-06-28T04:41:16.099+0000] {logging_mixin.py:188} INFO - [2025-06-28T04:41:16.098+0000] {dag.py:3036} INFO - Sync 1 DAGs
[2025-06-28T04:41:16.109+0000] {logging_mixin.py:188} INFO - [2025-06-28T04:41:16.109+0000] {dag.py:3823} INFO - Setting next_dagrun for tutorial_dag to None, run_after=None
[2025-06-28T04:41:16.126+0000] {processor.py:183} INFO - Processing /home/airflow/.local/lib/python3.8/site-packages/airflow/example_dags/tutorial_dag.py took 0.058 seconds
[2025-06-28T04:41:46.356+0000] {processor.py:161} INFO - Started process (PID=4838) to work on /home/airflow/.local/lib/python3.8/site-packages/airflow/example_dags/tutorial_dag.py
[2025-06-28T04:41:46.357+0000] {processor.py:830} INFO - Processing file /home/airflow/.local/lib/python3.8/site-packages/airflow/example_dags/tutorial_dag.py for tasks to queue
[2025-06-28T04:41:46.358+0000] {logging_mixin.py:188} INFO - [2025-06-28T04:41:46.358+0000] {dagbag.py:538} INFO - Filling up the DagBag from /home/airflow/.local/lib/python3.8/site-packages/airflow/example_dags/tutorial_dag.py
[2025-06-28T04:41:46.362+0000] {processor.py:840} INFO - DAG(s) 'tutorial_dag' retrieved from /home/airflow/.local/lib/python3.8/site-packages/airflow/example_dags/tutorial_dag.py
[2025-06-28T04:41:46.374+0000] {logging_mixin.py:188} INFO - [2025-06-28T04:41:46.374+0000] {dag.py:3036} INFO - Sync 1 DAGs
[2025-06-28T04:41:46.382+0000] {logging_mixin.py:188} INFO - [2025-06-28T04:41:46.382+0000] {dag.py:3823} INFO - Setting next_dagrun for tutorial_dag to None, run_after=None
[2025-06-28T04:41:46.392+0000] {processor.py:183} INFO - Processing /home/airflow/.local/lib/python3.8/site-packages/airflow/example_dags/tutorial_dag.py took 0.039 seconds
[2025-06-28T04:42:16.671+0000] {processor.py:161} INFO - Started process (PID=5088) to work on /home/airflow/.local/lib/python3.8/site-packages/airflow/example_dags/tutorial_dag.py
[2025-06-28T04:42:16.672+0000] {processor.py:830} INFO - Processing file /home/airflow/.local/lib/python3.8/site-packages/airflow/example_dags/tutorial_dag.py for tasks to queue
[2025-06-28T04:42:16.673+0000] {logging_mixin.py:188} INFO - [2025-06-28T04:42:16.672+0000] {dagbag.py:538} INFO - Filling up the DagBag from /home/airflow/.local/lib/python3.8/site-packages/airflow/example_dags/tutorial_dag.py
[2025-06-28T04:42:16.676+0000] {processor.py:840} INFO - DAG(s) 'tutorial_dag' retrieved from /home/airflow/.local/lib/python3.8/site-packages/airflow/example_dags/tutorial_dag.py
[2025-06-28T04:42:16.689+0000] {logging_mixin.py:188} INFO - [2025-06-28T04:42:16.688+0000] {dag.py:3036} INFO - Sync 1 DAGs
[2025-06-28T04:42:16.696+0000] {logging_mixin.py:188} INFO - [2025-06-28T04:42:16.696+0000] {dag.py:3823} INFO - Setting next_dagrun for tutorial_dag to None, run_after=None
[2025-06-28T04:42:16.711+0000] {processor.py:183} INFO - Processing /home/airflow/.local/lib/python3.8/site-packages/airflow/example_dags/tutorial_dag.py took 0.041 seconds
[2025-06-28T04:42:46.998+0000] {processor.py:161} INFO - Started process (PID=5338) to work on /home/airflow/.local/lib/python3.8/site-packages/airflow/example_dags/tutorial_dag.py
[2025-06-28T04:42:46.998+0000] {processor.py:830} INFO - Processing file /home/airflow/.local/lib/python3.8/site-packages/airflow/example_dags/tutorial_dag.py for tasks to queue
[2025-06-28T04:42:46.999+0000] {logging_mixin.py:188} INFO - [2025-06-28T04:42:46.999+0000] {dagbag.py:538} INFO - Filling up the DagBag from /home/airflow/.local/lib/python3.8/site-packages/airflow/example_dags/tutorial_dag.py
[2025-06-28T04:42:47.003+0000] {processor.py:840} INFO - DAG(s) 'tutorial_dag' retrieved from /home/airflow/.local/lib/python3.8/site-packages/airflow/example_dags/tutorial_dag.py
[2025-06-28T04:42:47.015+0000] {logging_mixin.py:188} INFO - [2025-06-28T04:42:47.015+0000] {dag.py:3036} INFO - Sync 1 DAGs
[2025-06-28T04:42:47.022+0000] {logging_mixin.py:188} INFO - [2025-06-28T04:42:47.022+0000] {dag.py:3823} INFO - Setting next_dagrun for tutorial_dag to None, run_after=None
[2025-06-28T04:42:47.035+0000] {processor.py:183} INFO - Processing /home/airflow/.local/lib/python3.8/site-packages/airflow/example_dags/tutorial_dag.py took 0.040 seconds
[2025-06-28T04:43:17.229+0000] {processor.py:161} INFO - Started process (PID=5588) to work on /home/airflow/.local/lib/python3.8/site-packages/airflow/example_dags/tutorial_dag.py
[2025-06-28T04:43:17.230+0000] {processor.py:830} INFO - Processing file /home/airflow/.local/lib/python3.8/site-packages/airflow/example_dags/tutorial_dag.py for tasks to queue
[2025-06-28T04:43:17.231+0000] {logging_mixin.py:188} INFO - [2025-06-28T04:43:17.231+0000] {dagbag.py:538} INFO - Filling up the DagBag from /home/airflow/.local/lib/python3.8/site-packages/airflow/example_dags/tutorial_dag.py
[2025-06-28T04:43:17.234+0000] {processor.py:840} INFO - DAG(s) 'tutorial_dag' retrieved from /home/airflow/.local/lib/python3.8/site-packages/airflow/example_dags/tutorial_dag.py
[2025-06-28T04:43:17.247+0000] {logging_mixin.py:188} INFO - [2025-06-28T04:43:17.247+0000] {dag.py:3036} INFO - Sync 1 DAGs
[2025-06-28T04:43:17.254+0000] {logging_mixin.py:188} INFO - [2025-06-28T04:43:17.254+0000] {dag.py:3823} INFO - Setting next_dagrun for tutorial_dag to None, run_after=None
[2025-06-28T04:43:17.265+0000] {processor.py:183} INFO - Processing /home/airflow/.local/lib/python3.8/site-packages/airflow/example_dags/tutorial_dag.py took 0.038 seconds
[2025-06-28T04:43:47.740+0000] {processor.py:161} INFO - Started process (PID=5838) to work on /home/airflow/.local/lib/python3.8/site-packages/airflow/example_dags/tutorial_dag.py
[2025-06-28T04:43:47.741+0000] {processor.py:830} INFO - Processing file /home/airflow/.local/lib/python3.8/site-packages/airflow/example_dags/tutorial_dag.py for tasks to queue
[2025-06-28T04:43:47.741+0000] {logging_mixin.py:188} INFO - [2025-06-28T04:43:47.741+0000] {dagbag.py:538} INFO - Filling up the DagBag from /home/airflow/.local/lib/python3.8/site-packages/airflow/example_dags/tutorial_dag.py
[2025-06-28T04:43:47.744+0000] {processor.py:840} INFO - DAG(s) 'tutorial_dag' retrieved from /home/airflow/.local/lib/python3.8/site-packages/airflow/example_dags/tutorial_dag.py
[2025-06-28T04:43:47.755+0000] {logging_mixin.py:188} INFO - [2025-06-28T04:43:47.755+0000] {dag.py:3036} INFO - Sync 1 DAGs
[2025-06-28T04:43:47.767+0000] {logging_mixin.py:188} INFO - [2025-06-28T04:43:47.767+0000] {dag.py:3823} INFO - Setting next_dagrun for tutorial_dag to None, run_after=None
[2025-06-28T04:43:47.778+0000] {processor.py:183} INFO - Processing /home/airflow/.local/lib/python3.8/site-packages/airflow/example_dags/tutorial_dag.py took 0.041 seconds
[2025-06-28T04:44:18.119+0000] {processor.py:161} INFO - Started process (PID=6088) to work on /home/airflow/.local/lib/python3.8/site-packages/airflow/example_dags/tutorial_dag.py
[2025-06-28T04:44:18.120+0000] {processor.py:830} INFO - Processing file /home/airflow/.local/lib/python3.8/site-packages/airflow/example_dags/tutorial_dag.py for tasks to queue
[2025-06-28T04:44:18.121+0000] {logging_mixin.py:188} INFO - [2025-06-28T04:44:18.121+0000] {dagbag.py:538} INFO - Filling up the DagBag from /home/airflow/.local/lib/python3.8/site-packages/airflow/example_dags/tutorial_dag.py
[2025-06-28T04:44:18.126+0000] {processor.py:840} INFO - DAG(s) 'tutorial_dag' retrieved from /home/airflow/.local/lib/python3.8/site-packages/airflow/example_dags/tutorial_dag.py
[2025-06-28T04:44:18.141+0000] {logging_mixin.py:188} INFO - [2025-06-28T04:44:18.141+0000] {dag.py:3036} INFO - Sync 1 DAGs
[2025-06-28T04:44:18.149+0000] {logging_mixin.py:188} INFO - [2025-06-28T04:44:18.149+0000] {dag.py:3823} INFO - Setting next_dagrun for tutorial_dag to None, run_after=None
[2025-06-28T04:44:18.162+0000] {processor.py:183} INFO - Processing /home/airflow/.local/lib/python3.8/site-packages/airflow/example_dags/tutorial_dag.py took 0.046 seconds
[2025-06-28T04:44:48.339+0000] {processor.py:161} INFO - Started process (PID=6338) to work on /home/airflow/.local/lib/python3.8/site-packages/airflow/example_dags/tutorial_dag.py
[2025-06-28T04:44:48.340+0000] {processor.py:830} INFO - Processing file /home/airflow/.local/lib/python3.8/site-packages/airflow/example_dags/tutorial_dag.py for tasks to queue
[2025-06-28T04:44:48.341+0000] {logging_mixin.py:188} INFO - [2025-06-28T04:44:48.341+0000] {dagbag.py:538} INFO - Filling up the DagBag from /home/airflow/.local/lib/python3.8/site-packages/airflow/example_dags/tutorial_dag.py
[2025-06-28T04:44:48.344+0000] {processor.py:840} INFO - DAG(s) 'tutorial_dag' retrieved from /home/airflow/.local/lib/python3.8/site-packages/airflow/example_dags/tutorial_dag.py
[2025-06-28T04:44:48.357+0000] {logging_mixin.py:188} INFO - [2025-06-28T04:44:48.357+0000] {dag.py:3036} INFO - Sync 1 DAGs
[2025-06-28T04:44:48.365+0000] {logging_mixin.py:188} INFO - [2025-06-28T04:44:48.365+0000] {dag.py:3823} INFO - Setting next_dagrun for tutorial_dag to None, run_after=None
[2025-06-28T04:44:48.378+0000] {processor.py:183} INFO - Processing /home/airflow/.local/lib/python3.8/site-packages/airflow/example_dags/tutorial_dag.py took 0.040 seconds
[2025-06-28T04:45:18.535+0000] {processor.py:161} INFO - Started process (PID=6588) to work on /home/airflow/.local/lib/python3.8/site-packages/airflow/example_dags/tutorial_dag.py
[2025-06-28T04:45:18.536+0000] {processor.py:830} INFO - Processing file /home/airflow/.local/lib/python3.8/site-packages/airflow/example_dags/tutorial_dag.py for tasks to queue
[2025-06-28T04:45:18.537+0000] {logging_mixin.py:188} INFO - [2025-06-28T04:45:18.537+0000] {dagbag.py:538} INFO - Filling up the DagBag from /home/airflow/.local/lib/python3.8/site-packages/airflow/example_dags/tutorial_dag.py
[2025-06-28T04:45:18.540+0000] {processor.py:840} INFO - DAG(s) 'tutorial_dag' retrieved from /home/airflow/.local/lib/python3.8/site-packages/airflow/example_dags/tutorial_dag.py
[2025-06-28T04:45:18.553+0000] {logging_mixin.py:188} INFO - [2025-06-28T04:45:18.553+0000] {dag.py:3036} INFO - Sync 1 DAGs
[2025-06-28T04:45:18.560+0000] {logging_mixin.py:188} INFO - [2025-06-28T04:45:18.560+0000] {dag.py:3823} INFO - Setting next_dagrun for tutorial_dag to None, run_after=None
[2025-06-28T04:45:18.570+0000] {processor.py:183} INFO - Processing /home/airflow/.local/lib/python3.8/site-packages/airflow/example_dags/tutorial_dag.py took 0.038 seconds
[2025-06-28T04:45:49.064+0000] {processor.py:161} INFO - Started process (PID=6840) to work on /home/airflow/.local/lib/python3.8/site-packages/airflow/example_dags/tutorial_dag.py
[2025-06-28T04:45:49.066+0000] {processor.py:830} INFO - Processing file /home/airflow/.local/lib/python3.8/site-packages/airflow/example_dags/tutorial_dag.py for tasks to queue
[2025-06-28T04:45:49.067+0000] {logging_mixin.py:188} INFO - [2025-06-28T04:45:49.067+0000] {dagbag.py:538} INFO - Filling up the DagBag from /home/airflow/.local/lib/python3.8/site-packages/airflow/example_dags/tutorial_dag.py
[2025-06-28T04:45:49.072+0000] {processor.py:840} INFO - DAG(s) 'tutorial_dag' retrieved from /home/airflow/.local/lib/python3.8/site-packages/airflow/example_dags/tutorial_dag.py
[2025-06-28T04:45:49.089+0000] {logging_mixin.py:188} INFO - [2025-06-28T04:45:49.089+0000] {dag.py:3036} INFO - Sync 1 DAGs
[2025-06-28T04:45:49.097+0000] {logging_mixin.py:188} INFO - [2025-06-28T04:45:49.097+0000] {dag.py:3823} INFO - Setting next_dagrun for tutorial_dag to None, run_after=None
[2025-06-28T04:45:49.108+0000] {processor.py:183} INFO - Processing /home/airflow/.local/lib/python3.8/site-packages/airflow/example_dags/tutorial_dag.py took 0.047 seconds
[2025-06-28T04:46:19.361+0000] {processor.py:161} INFO - Started process (PID=7088) to work on /home/airflow/.local/lib/python3.8/site-packages/airflow/example_dags/tutorial_dag.py
[2025-06-28T04:46:19.362+0000] {processor.py:830} INFO - Processing file /home/airflow/.local/lib/python3.8/site-packages/airflow/example_dags/tutorial_dag.py for tasks to queue
[2025-06-28T04:46:19.364+0000] {logging_mixin.py:188} INFO - [2025-06-28T04:46:19.364+0000] {dagbag.py:538} INFO - Filling up the DagBag from /home/airflow/.local/lib/python3.8/site-packages/airflow/example_dags/tutorial_dag.py
[2025-06-28T04:46:19.368+0000] {processor.py:840} INFO - DAG(s) 'tutorial_dag' retrieved from /home/airflow/.local/lib/python3.8/site-packages/airflow/example_dags/tutorial_dag.py
[2025-06-28T04:46:19.382+0000] {logging_mixin.py:188} INFO - [2025-06-28T04:46:19.381+0000] {dag.py:3036} INFO - Sync 1 DAGs
[2025-06-28T04:46:19.391+0000] {logging_mixin.py:188} INFO - [2025-06-28T04:46:19.391+0000] {dag.py:3823} INFO - Setting next_dagrun for tutorial_dag to None, run_after=None
[2025-06-28T04:46:19.404+0000] {processor.py:183} INFO - Processing /home/airflow/.local/lib/python3.8/site-packages/airflow/example_dags/tutorial_dag.py took 0.046 seconds
[2025-06-28T04:46:50.127+0000] {processor.py:161} INFO - Started process (PID=7338) to work on /home/airflow/.local/lib/python3.8/site-packages/airflow/example_dags/tutorial_dag.py
[2025-06-28T04:46:50.128+0000] {processor.py:830} INFO - Processing file /home/airflow/.local/lib/python3.8/site-packages/airflow/example_dags/tutorial_dag.py for tasks to queue
[2025-06-28T04:46:50.129+0000] {logging_mixin.py:188} INFO - [2025-06-28T04:46:50.129+0000] {dagbag.py:538} INFO - Filling up the DagBag from /home/airflow/.local/lib/python3.8/site-packages/airflow/example_dags/tutorial_dag.py
[2025-06-28T04:46:50.132+0000] {processor.py:840} INFO - DAG(s) 'tutorial_dag' retrieved from /home/airflow/.local/lib/python3.8/site-packages/airflow/example_dags/tutorial_dag.py
[2025-06-28T04:46:50.144+0000] {logging_mixin.py:188} INFO - [2025-06-28T04:46:50.144+0000] {dag.py:3036} INFO - Sync 1 DAGs
[2025-06-28T04:46:50.152+0000] {logging_mixin.py:188} INFO - [2025-06-28T04:46:50.152+0000] {dag.py:3823} INFO - Setting next_dagrun for tutorial_dag to None, run_after=None
[2025-06-28T04:46:50.170+0000] {processor.py:183} INFO - Processing /home/airflow/.local/lib/python3.8/site-packages/airflow/example_dags/tutorial_dag.py took 0.044 seconds
[2025-06-28T04:47:20.349+0000] {processor.py:161} INFO - Started process (PID=7588) to work on /home/airflow/.local/lib/python3.8/site-packages/airflow/example_dags/tutorial_dag.py
[2025-06-28T04:47:20.350+0000] {processor.py:830} INFO - Processing file /home/airflow/.local/lib/python3.8/site-packages/airflow/example_dags/tutorial_dag.py for tasks to queue
[2025-06-28T04:47:20.351+0000] {logging_mixin.py:188} INFO - [2025-06-28T04:47:20.351+0000] {dagbag.py:538} INFO - Filling up the DagBag from /home/airflow/.local/lib/python3.8/site-packages/airflow/example_dags/tutorial_dag.py
[2025-06-28T04:47:20.355+0000] {processor.py:840} INFO - DAG(s) 'tutorial_dag' retrieved from /home/airflow/.local/lib/python3.8/site-packages/airflow/example_dags/tutorial_dag.py
[2025-06-28T04:47:20.366+0000] {logging_mixin.py:188} INFO - [2025-06-28T04:47:20.366+0000] {dag.py:3036} INFO - Sync 1 DAGs
[2025-06-28T04:47:20.374+0000] {logging_mixin.py:188} INFO - [2025-06-28T04:47:20.374+0000] {dag.py:3823} INFO - Setting next_dagrun for tutorial_dag to None, run_after=None
[2025-06-28T04:47:20.384+0000] {processor.py:183} INFO - Processing /home/airflow/.local/lib/python3.8/site-packages/airflow/example_dags/tutorial_dag.py took 0.037 seconds
[2025-06-28T04:47:50.520+0000] {processor.py:161} INFO - Started process (PID=7838) to work on /home/airflow/.local/lib/python3.8/site-packages/airflow/example_dags/tutorial_dag.py
[2025-06-28T04:47:50.520+0000] {processor.py:830} INFO - Processing file /home/airflow/.local/lib/python3.8/site-packages/airflow/example_dags/tutorial_dag.py for tasks to queue
[2025-06-28T04:47:50.522+0000] {logging_mixin.py:188} INFO - [2025-06-28T04:47:50.521+0000] {dagbag.py:538} INFO - Filling up the DagBag from /home/airflow/.local/lib/python3.8/site-packages/airflow/example_dags/tutorial_dag.py
[2025-06-28T04:47:50.526+0000] {processor.py:840} INFO - DAG(s) 'tutorial_dag' retrieved from /home/airflow/.local/lib/python3.8/site-packages/airflow/example_dags/tutorial_dag.py
[2025-06-28T04:47:50.540+0000] {logging_mixin.py:188} INFO - [2025-06-28T04:47:50.539+0000] {dag.py:3036} INFO - Sync 1 DAGs
[2025-06-28T04:47:50.548+0000] {logging_mixin.py:188} INFO - [2025-06-28T04:47:50.547+0000] {dag.py:3823} INFO - Setting next_dagrun for tutorial_dag to None, run_after=None
[2025-06-28T04:47:50.558+0000] {processor.py:183} INFO - Processing /home/airflow/.local/lib/python3.8/site-packages/airflow/example_dags/tutorial_dag.py took 0.041 seconds
[2025-06-28T04:48:21.713+0000] {processor.py:161} INFO - Started process (PID=8088) to work on /home/airflow/.local/lib/python3.8/site-packages/airflow/example_dags/tutorial_dag.py
[2025-06-28T04:48:21.713+0000] {processor.py:830} INFO - Processing file /home/airflow/.local/lib/python3.8/site-packages/airflow/example_dags/tutorial_dag.py for tasks to queue
[2025-06-28T04:48:21.714+0000] {logging_mixin.py:188} INFO - [2025-06-28T04:48:21.714+0000] {dagbag.py:538} INFO - Filling up the DagBag from /home/airflow/.local/lib/python3.8/site-packages/airflow/example_dags/tutorial_dag.py
[2025-06-28T04:48:21.717+0000] {processor.py:840} INFO - DAG(s) 'tutorial_dag' retrieved from /home/airflow/.local/lib/python3.8/site-packages/airflow/example_dags/tutorial_dag.py
[2025-06-28T04:48:21.733+0000] {logging_mixin.py:188} INFO - [2025-06-28T04:48:21.732+0000] {dag.py:3036} INFO - Sync 1 DAGs
[2025-06-28T04:48:21.741+0000] {logging_mixin.py:188} INFO - [2025-06-28T04:48:21.740+0000] {dag.py:3823} INFO - Setting next_dagrun for tutorial_dag to None, run_after=None
[2025-06-28T04:48:21.753+0000] {processor.py:183} INFO - Processing /home/airflow/.local/lib/python3.8/site-packages/airflow/example_dags/tutorial_dag.py took 0.041 seconds
