[2025-06-28T04:32:38.903+0000] {processor.py:161} INFO - Started process (PID=268) to work on /home/airflow/.local/lib/python3.8/site-packages/airflow/example_dags/tutorial_taskflow_api.py
[2025-06-28T04:32:38.904+0000] {processor.py:830} INFO - Processing file /home/airflow/.local/lib/python3.8/site-packages/airflow/example_dags/tutorial_taskflow_api.py for tasks to queue
[2025-06-28T04:32:38.906+0000] {logging_mixin.py:188} INFO - [2025-06-28T04:32:38.906+0000] {dagbag.py:538} INFO - Filling up the DagBag from /home/airflow/.local/lib/python3.8/site-packages/airflow/example_dags/tutorial_taskflow_api.py
[2025-06-28T04:32:38.918+0000] {processor.py:840} INFO - DAG(s) 'tutorial_taskflow_api' retrieved from /home/airflow/.local/lib/python3.8/site-packages/airflow/example_dags/tutorial_taskflow_api.py
[2025-06-28T04:32:38.930+0000] {logging_mixin.py:188} INFO - [2025-06-28T04:32:38.929+0000] {dag.py:3036} INFO - Sync 1 DAGs
[2025-06-28T04:32:38.947+0000] {logging_mixin.py:188} INFO - [2025-06-28T04:32:38.947+0000] {dag.py:3823} INFO - Setting next_dagrun for tutorial_taskflow_api to None, run_after=None
[2025-06-28T04:32:38.968+0000] {processor.py:183} INFO - Processing /home/airflow/.local/lib/python3.8/site-packages/airflow/example_dags/tutorial_taskflow_api.py took 0.068 seconds
[2025-06-28T04:33:10.049+0000] {processor.py:161} INFO - Started process (PID=518) to work on /home/airflow/.local/lib/python3.8/site-packages/airflow/example_dags/tutorial_taskflow_api.py
[2025-06-28T04:33:10.050+0000] {processor.py:830} INFO - Processing file /home/airflow/.local/lib/python3.8/site-packages/airflow/example_dags/tutorial_taskflow_api.py for tasks to queue
[2025-06-28T04:33:10.052+0000] {logging_mixin.py:188} INFO - [2025-06-28T04:33:10.051+0000] {dagbag.py:538} INFO - Filling up the DagBag from /home/airflow/.local/lib/python3.8/site-packages/airflow/example_dags/tutorial_taskflow_api.py
[2025-06-28T04:33:10.059+0000] {processor.py:840} INFO - DAG(s) 'tutorial_taskflow_api' retrieved from /home/airflow/.local/lib/python3.8/site-packages/airflow/example_dags/tutorial_taskflow_api.py
[2025-06-28T04:33:10.131+0000] {logging_mixin.py:188} INFO - [2025-06-28T04:33:10.131+0000] {dag.py:3036} INFO - Sync 1 DAGs
[2025-06-28T04:33:10.137+0000] {logging_mixin.py:188} INFO - [2025-06-28T04:33:10.137+0000] {dag.py:3823} INFO - Setting next_dagrun for tutorial_taskflow_api to None, run_after=None
[2025-06-28T04:33:10.152+0000] {processor.py:183} INFO - Processing /home/airflow/.local/lib/python3.8/site-packages/airflow/example_dags/tutorial_taskflow_api.py took 0.106 seconds
[2025-06-28T04:33:40.416+0000] {processor.py:161} INFO - Started process (PID=770) to work on /home/airflow/.local/lib/python3.8/site-packages/airflow/example_dags/tutorial_taskflow_api.py
[2025-06-28T04:33:40.417+0000] {processor.py:830} INFO - Processing file /home/airflow/.local/lib/python3.8/site-packages/airflow/example_dags/tutorial_taskflow_api.py for tasks to queue
[2025-06-28T04:33:40.418+0000] {logging_mixin.py:188} INFO - [2025-06-28T04:33:40.418+0000] {dagbag.py:538} INFO - Filling up the DagBag from /home/airflow/.local/lib/python3.8/site-packages/airflow/example_dags/tutorial_taskflow_api.py
[2025-06-28T04:33:40.423+0000] {processor.py:840} INFO - DAG(s) 'tutorial_taskflow_api' retrieved from /home/airflow/.local/lib/python3.8/site-packages/airflow/example_dags/tutorial_taskflow_api.py
[2025-06-28T04:33:40.443+0000] {logging_mixin.py:188} INFO - [2025-06-28T04:33:40.442+0000] {dag.py:3036} INFO - Sync 1 DAGs
[2025-06-28T04:33:40.453+0000] {logging_mixin.py:188} INFO - [2025-06-28T04:33:40.453+0000] {dag.py:3823} INFO - Setting next_dagrun for tutorial_taskflow_api to None, run_after=None
[2025-06-28T04:33:40.467+0000] {processor.py:183} INFO - Processing /home/airflow/.local/lib/python3.8/site-packages/airflow/example_dags/tutorial_taskflow_api.py took 0.055 seconds
[2025-06-28T04:34:10.884+0000] {processor.py:161} INFO - Started process (PID=1018) to work on /home/airflow/.local/lib/python3.8/site-packages/airflow/example_dags/tutorial_taskflow_api.py
[2025-06-28T04:34:10.884+0000] {processor.py:830} INFO - Processing file /home/airflow/.local/lib/python3.8/site-packages/airflow/example_dags/tutorial_taskflow_api.py for tasks to queue
[2025-06-28T04:34:10.886+0000] {logging_mixin.py:188} INFO - [2025-06-28T04:34:10.886+0000] {dagbag.py:538} INFO - Filling up the DagBag from /home/airflow/.local/lib/python3.8/site-packages/airflow/example_dags/tutorial_taskflow_api.py
[2025-06-28T04:34:10.892+0000] {processor.py:840} INFO - DAG(s) 'tutorial_taskflow_api' retrieved from /home/airflow/.local/lib/python3.8/site-packages/airflow/example_dags/tutorial_taskflow_api.py
[2025-06-28T04:34:10.909+0000] {logging_mixin.py:188} INFO - [2025-06-28T04:34:10.909+0000] {dag.py:3036} INFO - Sync 1 DAGs
[2025-06-28T04:34:10.918+0000] {logging_mixin.py:188} INFO - [2025-06-28T04:34:10.918+0000] {dag.py:3823} INFO - Setting next_dagrun for tutorial_taskflow_api to None, run_after=None
[2025-06-28T04:34:10.935+0000] {processor.py:183} INFO - Processing /home/airflow/.local/lib/python3.8/site-packages/airflow/example_dags/tutorial_taskflow_api.py took 0.054 seconds
[2025-06-28T04:34:41.188+0000] {processor.py:161} INFO - Started process (PID=1270) to work on /home/airflow/.local/lib/python3.8/site-packages/airflow/example_dags/tutorial_taskflow_api.py
[2025-06-28T04:34:41.189+0000] {processor.py:830} INFO - Processing file /home/airflow/.local/lib/python3.8/site-packages/airflow/example_dags/tutorial_taskflow_api.py for tasks to queue
[2025-06-28T04:34:41.190+0000] {logging_mixin.py:188} INFO - [2025-06-28T04:34:41.190+0000] {dagbag.py:538} INFO - Filling up the DagBag from /home/airflow/.local/lib/python3.8/site-packages/airflow/example_dags/tutorial_taskflow_api.py
[2025-06-28T04:34:41.194+0000] {processor.py:840} INFO - DAG(s) 'tutorial_taskflow_api' retrieved from /home/airflow/.local/lib/python3.8/site-packages/airflow/example_dags/tutorial_taskflow_api.py
[2025-06-28T04:34:41.210+0000] {logging_mixin.py:188} INFO - [2025-06-28T04:34:41.210+0000] {dag.py:3036} INFO - Sync 1 DAGs
[2025-06-28T04:34:41.219+0000] {logging_mixin.py:188} INFO - [2025-06-28T04:34:41.219+0000] {dag.py:3823} INFO - Setting next_dagrun for tutorial_taskflow_api to None, run_after=None
[2025-06-28T04:34:41.232+0000] {processor.py:183} INFO - Processing /home/airflow/.local/lib/python3.8/site-packages/airflow/example_dags/tutorial_taskflow_api.py took 0.046 seconds
[2025-06-28T04:35:11.645+0000] {processor.py:161} INFO - Started process (PID=1520) to work on /home/airflow/.local/lib/python3.8/site-packages/airflow/example_dags/tutorial_taskflow_api.py
[2025-06-28T04:35:11.646+0000] {processor.py:830} INFO - Processing file /home/airflow/.local/lib/python3.8/site-packages/airflow/example_dags/tutorial_taskflow_api.py for tasks to queue
[2025-06-28T04:35:11.647+0000] {logging_mixin.py:188} INFO - [2025-06-28T04:35:11.647+0000] {dagbag.py:538} INFO - Filling up the DagBag from /home/airflow/.local/lib/python3.8/site-packages/airflow/example_dags/tutorial_taskflow_api.py
[2025-06-28T04:35:11.655+0000] {processor.py:840} INFO - DAG(s) 'tutorial_taskflow_api' retrieved from /home/airflow/.local/lib/python3.8/site-packages/airflow/example_dags/tutorial_taskflow_api.py
[2025-06-28T04:35:11.670+0000] {logging_mixin.py:188} INFO - [2025-06-28T04:35:11.669+0000] {dag.py:3036} INFO - Sync 1 DAGs
[2025-06-28T04:35:11.680+0000] {logging_mixin.py:188} INFO - [2025-06-28T04:35:11.680+0000] {dag.py:3823} INFO - Setting next_dagrun for tutorial_taskflow_api to None, run_after=None
[2025-06-28T04:35:11.695+0000] {processor.py:183} INFO - Processing /home/airflow/.local/lib/python3.8/site-packages/airflow/example_dags/tutorial_taskflow_api.py took 0.052 seconds
[2025-06-28T04:35:42.199+0000] {processor.py:161} INFO - Started process (PID=1768) to work on /home/airflow/.local/lib/python3.8/site-packages/airflow/example_dags/tutorial_taskflow_api.py
[2025-06-28T04:35:42.200+0000] {processor.py:830} INFO - Processing file /home/airflow/.local/lib/python3.8/site-packages/airflow/example_dags/tutorial_taskflow_api.py for tasks to queue
[2025-06-28T04:35:42.201+0000] {logging_mixin.py:188} INFO - [2025-06-28T04:35:42.200+0000] {dagbag.py:538} INFO - Filling up the DagBag from /home/airflow/.local/lib/python3.8/site-packages/airflow/example_dags/tutorial_taskflow_api.py
[2025-06-28T04:35:42.204+0000] {processor.py:840} INFO - DAG(s) 'tutorial_taskflow_api' retrieved from /home/airflow/.local/lib/python3.8/site-packages/airflow/example_dags/tutorial_taskflow_api.py
[2025-06-28T04:35:42.216+0000] {logging_mixin.py:188} INFO - [2025-06-28T04:35:42.216+0000] {dag.py:3036} INFO - Sync 1 DAGs
[2025-06-28T04:35:42.224+0000] {logging_mixin.py:188} INFO - [2025-06-28T04:35:42.224+0000] {dag.py:3823} INFO - Setting next_dagrun for tutorial_taskflow_api to None, run_after=None
[2025-06-28T04:35:42.235+0000] {processor.py:183} INFO - Processing /home/airflow/.local/lib/python3.8/site-packages/airflow/example_dags/tutorial_taskflow_api.py took 0.037 seconds
[2025-06-28T04:36:12.721+0000] {processor.py:161} INFO - Started process (PID=2018) to work on /home/airflow/.local/lib/python3.8/site-packages/airflow/example_dags/tutorial_taskflow_api.py
[2025-06-28T04:36:12.722+0000] {processor.py:830} INFO - Processing file /home/airflow/.local/lib/python3.8/site-packages/airflow/example_dags/tutorial_taskflow_api.py for tasks to queue
[2025-06-28T04:36:12.723+0000] {logging_mixin.py:188} INFO - [2025-06-28T04:36:12.723+0000] {dagbag.py:538} INFO - Filling up the DagBag from /home/airflow/.local/lib/python3.8/site-packages/airflow/example_dags/tutorial_taskflow_api.py
[2025-06-28T04:36:12.727+0000] {processor.py:840} INFO - DAG(s) 'tutorial_taskflow_api' retrieved from /home/airflow/.local/lib/python3.8/site-packages/airflow/example_dags/tutorial_taskflow_api.py
[2025-06-28T04:36:12.742+0000] {logging_mixin.py:188} INFO - [2025-06-28T04:36:12.742+0000] {dag.py:3036} INFO - Sync 1 DAGs
[2025-06-28T04:36:12.750+0000] {logging_mixin.py:188} INFO - [2025-06-28T04:36:12.749+0000] {dag.py:3823} INFO - Setting next_dagrun for tutorial_taskflow_api to None, run_after=None
[2025-06-28T04:36:12.762+0000] {processor.py:183} INFO - Processing /home/airflow/.local/lib/python3.8/site-packages/airflow/example_dags/tutorial_taskflow_api.py took 0.044 seconds
[2025-06-28T04:36:42.967+0000] {processor.py:161} INFO - Started process (PID=2268) to work on /home/airflow/.local/lib/python3.8/site-packages/airflow/example_dags/tutorial_taskflow_api.py
[2025-06-28T04:36:42.968+0000] {processor.py:830} INFO - Processing file /home/airflow/.local/lib/python3.8/site-packages/airflow/example_dags/tutorial_taskflow_api.py for tasks to queue
[2025-06-28T04:36:42.968+0000] {logging_mixin.py:188} INFO - [2025-06-28T04:36:42.968+0000] {dagbag.py:538} INFO - Filling up the DagBag from /home/airflow/.local/lib/python3.8/site-packages/airflow/example_dags/tutorial_taskflow_api.py
[2025-06-28T04:36:42.972+0000] {processor.py:840} INFO - DAG(s) 'tutorial_taskflow_api' retrieved from /home/airflow/.local/lib/python3.8/site-packages/airflow/example_dags/tutorial_taskflow_api.py
[2025-06-28T04:36:42.989+0000] {logging_mixin.py:188} INFO - [2025-06-28T04:36:42.989+0000] {dag.py:3036} INFO - Sync 1 DAGs
[2025-06-28T04:36:42.998+0000] {logging_mixin.py:188} INFO - [2025-06-28T04:36:42.998+0000] {dag.py:3823} INFO - Setting next_dagrun for tutorial_taskflow_api to None, run_after=None
[2025-06-28T04:36:43.009+0000] {processor.py:183} INFO - Processing /home/airflow/.local/lib/python3.8/site-packages/airflow/example_dags/tutorial_taskflow_api.py took 0.043 seconds
[2025-06-28T04:37:13.052+0000] {processor.py:161} INFO - Started process (PID=2518) to work on /home/airflow/.local/lib/python3.8/site-packages/airflow/example_dags/tutorial_taskflow_api.py
[2025-06-28T04:37:13.053+0000] {processor.py:830} INFO - Processing file /home/airflow/.local/lib/python3.8/site-packages/airflow/example_dags/tutorial_taskflow_api.py for tasks to queue
[2025-06-28T04:37:13.054+0000] {logging_mixin.py:188} INFO - [2025-06-28T04:37:13.054+0000] {dagbag.py:538} INFO - Filling up the DagBag from /home/airflow/.local/lib/python3.8/site-packages/airflow/example_dags/tutorial_taskflow_api.py
[2025-06-28T04:37:13.059+0000] {processor.py:840} INFO - DAG(s) 'tutorial_taskflow_api' retrieved from /home/airflow/.local/lib/python3.8/site-packages/airflow/example_dags/tutorial_taskflow_api.py
[2025-06-28T04:37:13.073+0000] {logging_mixin.py:188} INFO - [2025-06-28T04:37:13.072+0000] {dag.py:3036} INFO - Sync 1 DAGs
[2025-06-28T04:37:13.080+0000] {logging_mixin.py:188} INFO - [2025-06-28T04:37:13.080+0000] {dag.py:3823} INFO - Setting next_dagrun for tutorial_taskflow_api to None, run_after=None
[2025-06-28T04:37:13.092+0000] {processor.py:183} INFO - Processing /home/airflow/.local/lib/python3.8/site-packages/airflow/example_dags/tutorial_taskflow_api.py took 0.043 seconds
[2025-06-28T04:37:43.316+0000] {processor.py:161} INFO - Started process (PID=2768) to work on /home/airflow/.local/lib/python3.8/site-packages/airflow/example_dags/tutorial_taskflow_api.py
[2025-06-28T04:37:43.316+0000] {processor.py:830} INFO - Processing file /home/airflow/.local/lib/python3.8/site-packages/airflow/example_dags/tutorial_taskflow_api.py for tasks to queue
[2025-06-28T04:37:43.317+0000] {logging_mixin.py:188} INFO - [2025-06-28T04:37:43.317+0000] {dagbag.py:538} INFO - Filling up the DagBag from /home/airflow/.local/lib/python3.8/site-packages/airflow/example_dags/tutorial_taskflow_api.py
[2025-06-28T04:37:43.321+0000] {processor.py:840} INFO - DAG(s) 'tutorial_taskflow_api' retrieved from /home/airflow/.local/lib/python3.8/site-packages/airflow/example_dags/tutorial_taskflow_api.py
[2025-06-28T04:37:43.335+0000] {logging_mixin.py:188} INFO - [2025-06-28T04:37:43.335+0000] {dag.py:3036} INFO - Sync 1 DAGs
[2025-06-28T04:37:43.343+0000] {logging_mixin.py:188} INFO - [2025-06-28T04:37:43.343+0000] {dag.py:3823} INFO - Setting next_dagrun for tutorial_taskflow_api to None, run_after=None
[2025-06-28T04:37:43.356+0000] {processor.py:183} INFO - Processing /home/airflow/.local/lib/python3.8/site-packages/airflow/example_dags/tutorial_taskflow_api.py took 0.042 seconds
[2025-06-28T04:38:13.575+0000] {processor.py:161} INFO - Started process (PID=3020) to work on /home/airflow/.local/lib/python3.8/site-packages/airflow/example_dags/tutorial_taskflow_api.py
[2025-06-28T04:38:13.575+0000] {processor.py:830} INFO - Processing file /home/airflow/.local/lib/python3.8/site-packages/airflow/example_dags/tutorial_taskflow_api.py for tasks to queue
[2025-06-28T04:38:13.576+0000] {logging_mixin.py:188} INFO - [2025-06-28T04:38:13.576+0000] {dagbag.py:538} INFO - Filling up the DagBag from /home/airflow/.local/lib/python3.8/site-packages/airflow/example_dags/tutorial_taskflow_api.py
[2025-06-28T04:38:13.579+0000] {processor.py:840} INFO - DAG(s) 'tutorial_taskflow_api' retrieved from /home/airflow/.local/lib/python3.8/site-packages/airflow/example_dags/tutorial_taskflow_api.py
[2025-06-28T04:38:13.597+0000] {logging_mixin.py:188} INFO - [2025-06-28T04:38:13.597+0000] {dag.py:3036} INFO - Sync 1 DAGs
[2025-06-28T04:38:13.608+0000] {logging_mixin.py:188} INFO - [2025-06-28T04:38:13.607+0000] {dag.py:3823} INFO - Setting next_dagrun for tutorial_taskflow_api to None, run_after=None
[2025-06-28T04:38:13.624+0000] {processor.py:183} INFO - Processing /home/airflow/.local/lib/python3.8/site-packages/airflow/example_dags/tutorial_taskflow_api.py took 0.051 seconds
[2025-06-28T04:38:43.821+0000] {processor.py:161} INFO - Started process (PID=3268) to work on /home/airflow/.local/lib/python3.8/site-packages/airflow/example_dags/tutorial_taskflow_api.py
[2025-06-28T04:38:43.821+0000] {processor.py:830} INFO - Processing file /home/airflow/.local/lib/python3.8/site-packages/airflow/example_dags/tutorial_taskflow_api.py for tasks to queue
[2025-06-28T04:38:43.822+0000] {logging_mixin.py:188} INFO - [2025-06-28T04:38:43.822+0000] {dagbag.py:538} INFO - Filling up the DagBag from /home/airflow/.local/lib/python3.8/site-packages/airflow/example_dags/tutorial_taskflow_api.py
[2025-06-28T04:38:43.826+0000] {processor.py:840} INFO - DAG(s) 'tutorial_taskflow_api' retrieved from /home/airflow/.local/lib/python3.8/site-packages/airflow/example_dags/tutorial_taskflow_api.py
[2025-06-28T04:38:43.838+0000] {logging_mixin.py:188} INFO - [2025-06-28T04:38:43.837+0000] {dag.py:3036} INFO - Sync 1 DAGs
[2025-06-28T04:38:43.846+0000] {logging_mixin.py:188} INFO - [2025-06-28T04:38:43.846+0000] {dag.py:3823} INFO - Setting next_dagrun for tutorial_taskflow_api to None, run_after=None
[2025-06-28T04:38:43.858+0000] {processor.py:183} INFO - Processing /home/airflow/.local/lib/python3.8/site-packages/airflow/example_dags/tutorial_taskflow_api.py took 0.040 seconds
[2025-06-28T04:39:14.146+0000] {processor.py:161} INFO - Started process (PID=3518) to work on /home/airflow/.local/lib/python3.8/site-packages/airflow/example_dags/tutorial_taskflow_api.py
[2025-06-28T04:39:14.148+0000] {processor.py:830} INFO - Processing file /home/airflow/.local/lib/python3.8/site-packages/airflow/example_dags/tutorial_taskflow_api.py for tasks to queue
[2025-06-28T04:39:14.148+0000] {logging_mixin.py:188} INFO - [2025-06-28T04:39:14.148+0000] {dagbag.py:538} INFO - Filling up the DagBag from /home/airflow/.local/lib/python3.8/site-packages/airflow/example_dags/tutorial_taskflow_api.py
[2025-06-28T04:39:14.152+0000] {processor.py:840} INFO - DAG(s) 'tutorial_taskflow_api' retrieved from /home/airflow/.local/lib/python3.8/site-packages/airflow/example_dags/tutorial_taskflow_api.py
[2025-06-28T04:39:14.173+0000] {logging_mixin.py:188} INFO - [2025-06-28T04:39:14.173+0000] {dag.py:3036} INFO - Sync 1 DAGs
[2025-06-28T04:39:14.186+0000] {logging_mixin.py:188} INFO - [2025-06-28T04:39:14.186+0000] {dag.py:3823} INFO - Setting next_dagrun for tutorial_taskflow_api to None, run_after=None
[2025-06-28T04:39:14.210+0000] {processor.py:183} INFO - Processing /home/airflow/.local/lib/python3.8/site-packages/airflow/example_dags/tutorial_taskflow_api.py took 0.065 seconds
[2025-06-28T04:39:44.413+0000] {processor.py:161} INFO - Started process (PID=3770) to work on /home/airflow/.local/lib/python3.8/site-packages/airflow/example_dags/tutorial_taskflow_api.py
[2025-06-28T04:39:44.413+0000] {processor.py:830} INFO - Processing file /home/airflow/.local/lib/python3.8/site-packages/airflow/example_dags/tutorial_taskflow_api.py for tasks to queue
[2025-06-28T04:39:44.415+0000] {logging_mixin.py:188} INFO - [2025-06-28T04:39:44.414+0000] {dagbag.py:538} INFO - Filling up the DagBag from /home/airflow/.local/lib/python3.8/site-packages/airflow/example_dags/tutorial_taskflow_api.py
[2025-06-28T04:39:44.420+0000] {processor.py:840} INFO - DAG(s) 'tutorial_taskflow_api' retrieved from /home/airflow/.local/lib/python3.8/site-packages/airflow/example_dags/tutorial_taskflow_api.py
[2025-06-28T04:39:44.434+0000] {logging_mixin.py:188} INFO - [2025-06-28T04:39:44.434+0000] {dag.py:3036} INFO - Sync 1 DAGs
[2025-06-28T04:39:44.442+0000] {logging_mixin.py:188} INFO - [2025-06-28T04:39:44.442+0000] {dag.py:3823} INFO - Setting next_dagrun for tutorial_taskflow_api to None, run_after=None
[2025-06-28T04:39:44.454+0000] {processor.py:183} INFO - Processing /home/airflow/.local/lib/python3.8/site-packages/airflow/example_dags/tutorial_taskflow_api.py took 0.044 seconds
[2025-06-28T04:40:14.608+0000] {processor.py:161} INFO - Started process (PID=4020) to work on /home/airflow/.local/lib/python3.8/site-packages/airflow/example_dags/tutorial_taskflow_api.py
[2025-06-28T04:40:14.609+0000] {processor.py:830} INFO - Processing file /home/airflow/.local/lib/python3.8/site-packages/airflow/example_dags/tutorial_taskflow_api.py for tasks to queue
[2025-06-28T04:40:14.610+0000] {logging_mixin.py:188} INFO - [2025-06-28T04:40:14.610+0000] {dagbag.py:538} INFO - Filling up the DagBag from /home/airflow/.local/lib/python3.8/site-packages/airflow/example_dags/tutorial_taskflow_api.py
[2025-06-28T04:40:14.614+0000] {processor.py:840} INFO - DAG(s) 'tutorial_taskflow_api' retrieved from /home/airflow/.local/lib/python3.8/site-packages/airflow/example_dags/tutorial_taskflow_api.py
[2025-06-28T04:40:14.628+0000] {logging_mixin.py:188} INFO - [2025-06-28T04:40:14.628+0000] {dag.py:3036} INFO - Sync 1 DAGs
[2025-06-28T04:40:14.638+0000] {logging_mixin.py:188} INFO - [2025-06-28T04:40:14.637+0000] {dag.py:3823} INFO - Setting next_dagrun for tutorial_taskflow_api to None, run_after=None
[2025-06-28T04:40:14.653+0000] {processor.py:183} INFO - Processing /home/airflow/.local/lib/python3.8/site-packages/airflow/example_dags/tutorial_taskflow_api.py took 0.047 seconds
[2025-06-28T04:40:44.969+0000] {processor.py:161} INFO - Started process (PID=4268) to work on /home/airflow/.local/lib/python3.8/site-packages/airflow/example_dags/tutorial_taskflow_api.py
[2025-06-28T04:40:44.970+0000] {processor.py:830} INFO - Processing file /home/airflow/.local/lib/python3.8/site-packages/airflow/example_dags/tutorial_taskflow_api.py for tasks to queue
[2025-06-28T04:40:44.971+0000] {logging_mixin.py:188} INFO - [2025-06-28T04:40:44.970+0000] {dagbag.py:538} INFO - Filling up the DagBag from /home/airflow/.local/lib/python3.8/site-packages/airflow/example_dags/tutorial_taskflow_api.py
[2025-06-28T04:40:44.974+0000] {processor.py:840} INFO - DAG(s) 'tutorial_taskflow_api' retrieved from /home/airflow/.local/lib/python3.8/site-packages/airflow/example_dags/tutorial_taskflow_api.py
[2025-06-28T04:40:44.990+0000] {logging_mixin.py:188} INFO - [2025-06-28T04:40:44.989+0000] {dag.py:3036} INFO - Sync 1 DAGs
[2025-06-28T04:40:44.996+0000] {logging_mixin.py:188} INFO - [2025-06-28T04:40:44.996+0000] {dag.py:3823} INFO - Setting next_dagrun for tutorial_taskflow_api to None, run_after=None
[2025-06-28T04:40:45.010+0000] {processor.py:183} INFO - Processing /home/airflow/.local/lib/python3.8/site-packages/airflow/example_dags/tutorial_taskflow_api.py took 0.043 seconds
[2025-06-28T04:41:15.398+0000] {processor.py:161} INFO - Started process (PID=4520) to work on /home/airflow/.local/lib/python3.8/site-packages/airflow/example_dags/tutorial_taskflow_api.py
[2025-06-28T04:41:15.400+0000] {processor.py:830} INFO - Processing file /home/airflow/.local/lib/python3.8/site-packages/airflow/example_dags/tutorial_taskflow_api.py for tasks to queue
[2025-06-28T04:41:15.401+0000] {logging_mixin.py:188} INFO - [2025-06-28T04:41:15.401+0000] {dagbag.py:538} INFO - Filling up the DagBag from /home/airflow/.local/lib/python3.8/site-packages/airflow/example_dags/tutorial_taskflow_api.py
[2025-06-28T04:41:15.405+0000] {processor.py:840} INFO - DAG(s) 'tutorial_taskflow_api' retrieved from /home/airflow/.local/lib/python3.8/site-packages/airflow/example_dags/tutorial_taskflow_api.py
[2025-06-28T04:41:15.421+0000] {logging_mixin.py:188} INFO - [2025-06-28T04:41:15.421+0000] {dag.py:3036} INFO - Sync 1 DAGs
[2025-06-28T04:41:15.429+0000] {logging_mixin.py:188} INFO - [2025-06-28T04:41:15.428+0000] {dag.py:3823} INFO - Setting next_dagrun for tutorial_taskflow_api to None, run_after=None
[2025-06-28T04:41:15.444+0000] {processor.py:183} INFO - Processing /home/airflow/.local/lib/python3.8/site-packages/airflow/example_dags/tutorial_taskflow_api.py took 0.049 seconds
[2025-06-28T04:41:45.707+0000] {processor.py:161} INFO - Started process (PID=4768) to work on /home/airflow/.local/lib/python3.8/site-packages/airflow/example_dags/tutorial_taskflow_api.py
[2025-06-28T04:41:45.708+0000] {processor.py:830} INFO - Processing file /home/airflow/.local/lib/python3.8/site-packages/airflow/example_dags/tutorial_taskflow_api.py for tasks to queue
[2025-06-28T04:41:45.709+0000] {logging_mixin.py:188} INFO - [2025-06-28T04:41:45.708+0000] {dagbag.py:538} INFO - Filling up the DagBag from /home/airflow/.local/lib/python3.8/site-packages/airflow/example_dags/tutorial_taskflow_api.py
[2025-06-28T04:41:45.713+0000] {processor.py:840} INFO - DAG(s) 'tutorial_taskflow_api' retrieved from /home/airflow/.local/lib/python3.8/site-packages/airflow/example_dags/tutorial_taskflow_api.py
[2025-06-28T04:41:45.727+0000] {logging_mixin.py:188} INFO - [2025-06-28T04:41:45.726+0000] {dag.py:3036} INFO - Sync 1 DAGs
[2025-06-28T04:41:45.734+0000] {logging_mixin.py:188} INFO - [2025-06-28T04:41:45.734+0000] {dag.py:3823} INFO - Setting next_dagrun for tutorial_taskflow_api to None, run_after=None
[2025-06-28T04:41:45.748+0000] {processor.py:183} INFO - Processing /home/airflow/.local/lib/python3.8/site-packages/airflow/example_dags/tutorial_taskflow_api.py took 0.042 seconds
[2025-06-28T04:42:16.171+0000] {processor.py:161} INFO - Started process (PID=5018) to work on /home/airflow/.local/lib/python3.8/site-packages/airflow/example_dags/tutorial_taskflow_api.py
[2025-06-28T04:42:16.172+0000] {processor.py:830} INFO - Processing file /home/airflow/.local/lib/python3.8/site-packages/airflow/example_dags/tutorial_taskflow_api.py for tasks to queue
[2025-06-28T04:42:16.173+0000] {logging_mixin.py:188} INFO - [2025-06-28T04:42:16.173+0000] {dagbag.py:538} INFO - Filling up the DagBag from /home/airflow/.local/lib/python3.8/site-packages/airflow/example_dags/tutorial_taskflow_api.py
[2025-06-28T04:42:16.177+0000] {processor.py:840} INFO - DAG(s) 'tutorial_taskflow_api' retrieved from /home/airflow/.local/lib/python3.8/site-packages/airflow/example_dags/tutorial_taskflow_api.py
[2025-06-28T04:42:16.192+0000] {logging_mixin.py:188} INFO - [2025-06-28T04:42:16.191+0000] {dag.py:3036} INFO - Sync 1 DAGs
[2025-06-28T04:42:16.202+0000] {logging_mixin.py:188} INFO - [2025-06-28T04:42:16.202+0000] {dag.py:3823} INFO - Setting next_dagrun for tutorial_taskflow_api to None, run_after=None
[2025-06-28T04:42:16.216+0000] {processor.py:183} INFO - Processing /home/airflow/.local/lib/python3.8/site-packages/airflow/example_dags/tutorial_taskflow_api.py took 0.047 seconds
[2025-06-28T04:42:46.398+0000] {processor.py:161} INFO - Started process (PID=5270) to work on /home/airflow/.local/lib/python3.8/site-packages/airflow/example_dags/tutorial_taskflow_api.py
[2025-06-28T04:42:46.399+0000] {processor.py:830} INFO - Processing file /home/airflow/.local/lib/python3.8/site-packages/airflow/example_dags/tutorial_taskflow_api.py for tasks to queue
[2025-06-28T04:42:46.400+0000] {logging_mixin.py:188} INFO - [2025-06-28T04:42:46.400+0000] {dagbag.py:538} INFO - Filling up the DagBag from /home/airflow/.local/lib/python3.8/site-packages/airflow/example_dags/tutorial_taskflow_api.py
[2025-06-28T04:42:46.404+0000] {processor.py:840} INFO - DAG(s) 'tutorial_taskflow_api' retrieved from /home/airflow/.local/lib/python3.8/site-packages/airflow/example_dags/tutorial_taskflow_api.py
[2025-06-28T04:42:46.420+0000] {logging_mixin.py:188} INFO - [2025-06-28T04:42:46.420+0000] {dag.py:3036} INFO - Sync 1 DAGs
[2025-06-28T04:42:46.429+0000] {logging_mixin.py:188} INFO - [2025-06-28T04:42:46.429+0000] {dag.py:3823} INFO - Setting next_dagrun for tutorial_taskflow_api to None, run_after=None
[2025-06-28T04:42:46.445+0000] {processor.py:183} INFO - Processing /home/airflow/.local/lib/python3.8/site-packages/airflow/example_dags/tutorial_taskflow_api.py took 0.050 seconds
[2025-06-28T04:43:16.740+0000] {processor.py:161} INFO - Started process (PID=5518) to work on /home/airflow/.local/lib/python3.8/site-packages/airflow/example_dags/tutorial_taskflow_api.py
[2025-06-28T04:43:16.741+0000] {processor.py:830} INFO - Processing file /home/airflow/.local/lib/python3.8/site-packages/airflow/example_dags/tutorial_taskflow_api.py for tasks to queue
[2025-06-28T04:43:16.743+0000] {logging_mixin.py:188} INFO - [2025-06-28T04:43:16.743+0000] {dagbag.py:538} INFO - Filling up the DagBag from /home/airflow/.local/lib/python3.8/site-packages/airflow/example_dags/tutorial_taskflow_api.py
[2025-06-28T04:43:16.750+0000] {processor.py:840} INFO - DAG(s) 'tutorial_taskflow_api' retrieved from /home/airflow/.local/lib/python3.8/site-packages/airflow/example_dags/tutorial_taskflow_api.py
[2025-06-28T04:43:16.767+0000] {logging_mixin.py:188} INFO - [2025-06-28T04:43:16.766+0000] {dag.py:3036} INFO - Sync 1 DAGs
[2025-06-28T04:43:16.773+0000] {logging_mixin.py:188} INFO - [2025-06-28T04:43:16.773+0000] {dag.py:3823} INFO - Setting next_dagrun for tutorial_taskflow_api to None, run_after=None
[2025-06-28T04:43:16.788+0000] {processor.py:183} INFO - Processing /home/airflow/.local/lib/python3.8/site-packages/airflow/example_dags/tutorial_taskflow_api.py took 0.050 seconds
[2025-06-28T04:43:47.224+0000] {processor.py:161} INFO - Started process (PID=5770) to work on /home/airflow/.local/lib/python3.8/site-packages/airflow/example_dags/tutorial_taskflow_api.py
[2025-06-28T04:43:47.227+0000] {processor.py:830} INFO - Processing file /home/airflow/.local/lib/python3.8/site-packages/airflow/example_dags/tutorial_taskflow_api.py for tasks to queue
[2025-06-28T04:43:47.229+0000] {logging_mixin.py:188} INFO - [2025-06-28T04:43:47.228+0000] {dagbag.py:538} INFO - Filling up the DagBag from /home/airflow/.local/lib/python3.8/site-packages/airflow/example_dags/tutorial_taskflow_api.py
[2025-06-28T04:43:47.233+0000] {processor.py:840} INFO - DAG(s) 'tutorial_taskflow_api' retrieved from /home/airflow/.local/lib/python3.8/site-packages/airflow/example_dags/tutorial_taskflow_api.py
[2025-06-28T04:43:47.251+0000] {logging_mixin.py:188} INFO - [2025-06-28T04:43:47.251+0000] {dag.py:3036} INFO - Sync 1 DAGs
[2025-06-28T04:43:47.259+0000] {logging_mixin.py:188} INFO - [2025-06-28T04:43:47.259+0000] {dag.py:3823} INFO - Setting next_dagrun for tutorial_taskflow_api to None, run_after=None
[2025-06-28T04:43:47.273+0000] {processor.py:183} INFO - Processing /home/airflow/.local/lib/python3.8/site-packages/airflow/example_dags/tutorial_taskflow_api.py took 0.054 seconds
[2025-06-28T04:44:17.582+0000] {processor.py:161} INFO - Started process (PID=6020) to work on /home/airflow/.local/lib/python3.8/site-packages/airflow/example_dags/tutorial_taskflow_api.py
[2025-06-28T04:44:17.583+0000] {processor.py:830} INFO - Processing file /home/airflow/.local/lib/python3.8/site-packages/airflow/example_dags/tutorial_taskflow_api.py for tasks to queue
[2025-06-28T04:44:17.584+0000] {logging_mixin.py:188} INFO - [2025-06-28T04:44:17.584+0000] {dagbag.py:538} INFO - Filling up the DagBag from /home/airflow/.local/lib/python3.8/site-packages/airflow/example_dags/tutorial_taskflow_api.py
[2025-06-28T04:44:17.588+0000] {processor.py:840} INFO - DAG(s) 'tutorial_taskflow_api' retrieved from /home/airflow/.local/lib/python3.8/site-packages/airflow/example_dags/tutorial_taskflow_api.py
[2025-06-28T04:44:17.601+0000] {logging_mixin.py:188} INFO - [2025-06-28T04:44:17.601+0000] {dag.py:3036} INFO - Sync 1 DAGs
[2025-06-28T04:44:17.609+0000] {logging_mixin.py:188} INFO - [2025-06-28T04:44:17.608+0000] {dag.py:3823} INFO - Setting next_dagrun for tutorial_taskflow_api to None, run_after=None
[2025-06-28T04:44:17.620+0000] {processor.py:183} INFO - Processing /home/airflow/.local/lib/python3.8/site-packages/airflow/example_dags/tutorial_taskflow_api.py took 0.041 seconds
[2025-06-28T04:44:47.755+0000] {processor.py:161} INFO - Started process (PID=6268) to work on /home/airflow/.local/lib/python3.8/site-packages/airflow/example_dags/tutorial_taskflow_api.py
[2025-06-28T04:44:47.756+0000] {processor.py:830} INFO - Processing file /home/airflow/.local/lib/python3.8/site-packages/airflow/example_dags/tutorial_taskflow_api.py for tasks to queue
[2025-06-28T04:44:47.758+0000] {logging_mixin.py:188} INFO - [2025-06-28T04:44:47.757+0000] {dagbag.py:538} INFO - Filling up the DagBag from /home/airflow/.local/lib/python3.8/site-packages/airflow/example_dags/tutorial_taskflow_api.py
[2025-06-28T04:44:47.762+0000] {processor.py:840} INFO - DAG(s) 'tutorial_taskflow_api' retrieved from /home/airflow/.local/lib/python3.8/site-packages/airflow/example_dags/tutorial_taskflow_api.py
[2025-06-28T04:44:47.777+0000] {logging_mixin.py:188} INFO - [2025-06-28T04:44:47.777+0000] {dag.py:3036} INFO - Sync 1 DAGs
[2025-06-28T04:44:47.784+0000] {logging_mixin.py:188} INFO - [2025-06-28T04:44:47.784+0000] {dag.py:3823} INFO - Setting next_dagrun for tutorial_taskflow_api to None, run_after=None
[2025-06-28T04:44:47.800+0000] {processor.py:183} INFO - Processing /home/airflow/.local/lib/python3.8/site-packages/airflow/example_dags/tutorial_taskflow_api.py took 0.047 seconds
[2025-06-28T04:45:18.029+0000] {processor.py:161} INFO - Started process (PID=6520) to work on /home/airflow/.local/lib/python3.8/site-packages/airflow/example_dags/tutorial_taskflow_api.py
[2025-06-28T04:45:18.029+0000] {processor.py:830} INFO - Processing file /home/airflow/.local/lib/python3.8/site-packages/airflow/example_dags/tutorial_taskflow_api.py for tasks to queue
[2025-06-28T04:45:18.030+0000] {logging_mixin.py:188} INFO - [2025-06-28T04:45:18.030+0000] {dagbag.py:538} INFO - Filling up the DagBag from /home/airflow/.local/lib/python3.8/site-packages/airflow/example_dags/tutorial_taskflow_api.py
[2025-06-28T04:45:18.034+0000] {processor.py:840} INFO - DAG(s) 'tutorial_taskflow_api' retrieved from /home/airflow/.local/lib/python3.8/site-packages/airflow/example_dags/tutorial_taskflow_api.py
[2025-06-28T04:45:18.048+0000] {logging_mixin.py:188} INFO - [2025-06-28T04:45:18.048+0000] {dag.py:3036} INFO - Sync 1 DAGs
[2025-06-28T04:45:18.055+0000] {logging_mixin.py:188} INFO - [2025-06-28T04:45:18.055+0000] {dag.py:3823} INFO - Setting next_dagrun for tutorial_taskflow_api to None, run_after=None
[2025-06-28T04:45:18.070+0000] {processor.py:183} INFO - Processing /home/airflow/.local/lib/python3.8/site-packages/airflow/example_dags/tutorial_taskflow_api.py took 0.043 seconds
[2025-06-28T04:45:48.397+0000] {processor.py:161} INFO - Started process (PID=6768) to work on /home/airflow/.local/lib/python3.8/site-packages/airflow/example_dags/tutorial_taskflow_api.py
[2025-06-28T04:45:48.397+0000] {processor.py:830} INFO - Processing file /home/airflow/.local/lib/python3.8/site-packages/airflow/example_dags/tutorial_taskflow_api.py for tasks to queue
[2025-06-28T04:45:48.399+0000] {logging_mixin.py:188} INFO - [2025-06-28T04:45:48.399+0000] {dagbag.py:538} INFO - Filling up the DagBag from /home/airflow/.local/lib/python3.8/site-packages/airflow/example_dags/tutorial_taskflow_api.py
[2025-06-28T04:45:48.402+0000] {processor.py:840} INFO - DAG(s) 'tutorial_taskflow_api' retrieved from /home/airflow/.local/lib/python3.8/site-packages/airflow/example_dags/tutorial_taskflow_api.py
[2025-06-28T04:45:48.415+0000] {logging_mixin.py:188} INFO - [2025-06-28T04:45:48.415+0000] {dag.py:3036} INFO - Sync 1 DAGs
[2025-06-28T04:45:48.424+0000] {logging_mixin.py:188} INFO - [2025-06-28T04:45:48.423+0000] {dag.py:3823} INFO - Setting next_dagrun for tutorial_taskflow_api to None, run_after=None
[2025-06-28T04:45:48.436+0000] {processor.py:183} INFO - Processing /home/airflow/.local/lib/python3.8/site-packages/airflow/example_dags/tutorial_taskflow_api.py took 0.042 seconds
[2025-06-28T04:46:18.771+0000] {processor.py:161} INFO - Started process (PID=7020) to work on /home/airflow/.local/lib/python3.8/site-packages/airflow/example_dags/tutorial_taskflow_api.py
[2025-06-28T04:46:18.772+0000] {processor.py:830} INFO - Processing file /home/airflow/.local/lib/python3.8/site-packages/airflow/example_dags/tutorial_taskflow_api.py for tasks to queue
[2025-06-28T04:46:18.773+0000] {logging_mixin.py:188} INFO - [2025-06-28T04:46:18.773+0000] {dagbag.py:538} INFO - Filling up the DagBag from /home/airflow/.local/lib/python3.8/site-packages/airflow/example_dags/tutorial_taskflow_api.py
[2025-06-28T04:46:18.777+0000] {processor.py:840} INFO - DAG(s) 'tutorial_taskflow_api' retrieved from /home/airflow/.local/lib/python3.8/site-packages/airflow/example_dags/tutorial_taskflow_api.py
[2025-06-28T04:46:18.792+0000] {logging_mixin.py:188} INFO - [2025-06-28T04:46:18.791+0000] {dag.py:3036} INFO - Sync 1 DAGs
[2025-06-28T04:46:18.799+0000] {logging_mixin.py:188} INFO - [2025-06-28T04:46:18.799+0000] {dag.py:3823} INFO - Setting next_dagrun for tutorial_taskflow_api to None, run_after=None
[2025-06-28T04:46:18.814+0000] {processor.py:183} INFO - Processing /home/airflow/.local/lib/python3.8/site-packages/airflow/example_dags/tutorial_taskflow_api.py took 0.044 seconds
[2025-06-28T04:46:49.464+0000] {processor.py:161} INFO - Started process (PID=7268) to work on /home/airflow/.local/lib/python3.8/site-packages/airflow/example_dags/tutorial_taskflow_api.py
[2025-06-28T04:46:49.465+0000] {processor.py:830} INFO - Processing file /home/airflow/.local/lib/python3.8/site-packages/airflow/example_dags/tutorial_taskflow_api.py for tasks to queue
[2025-06-28T04:46:49.466+0000] {logging_mixin.py:188} INFO - [2025-06-28T04:46:49.466+0000] {dagbag.py:538} INFO - Filling up the DagBag from /home/airflow/.local/lib/python3.8/site-packages/airflow/example_dags/tutorial_taskflow_api.py
[2025-06-28T04:46:49.470+0000] {processor.py:840} INFO - DAG(s) 'tutorial_taskflow_api' retrieved from /home/airflow/.local/lib/python3.8/site-packages/airflow/example_dags/tutorial_taskflow_api.py
[2025-06-28T04:46:49.486+0000] {logging_mixin.py:188} INFO - [2025-06-28T04:46:49.485+0000] {dag.py:3036} INFO - Sync 1 DAGs
[2025-06-28T04:46:49.495+0000] {logging_mixin.py:188} INFO - [2025-06-28T04:46:49.495+0000] {dag.py:3823} INFO - Setting next_dagrun for tutorial_taskflow_api to None, run_after=None
[2025-06-28T04:46:49.507+0000] {processor.py:183} INFO - Processing /home/airflow/.local/lib/python3.8/site-packages/airflow/example_dags/tutorial_taskflow_api.py took 0.046 seconds
[2025-06-28T04:47:19.705+0000] {processor.py:161} INFO - Started process (PID=7518) to work on /home/airflow/.local/lib/python3.8/site-packages/airflow/example_dags/tutorial_taskflow_api.py
[2025-06-28T04:47:19.706+0000] {processor.py:830} INFO - Processing file /home/airflow/.local/lib/python3.8/site-packages/airflow/example_dags/tutorial_taskflow_api.py for tasks to queue
[2025-06-28T04:47:19.707+0000] {logging_mixin.py:188} INFO - [2025-06-28T04:47:19.707+0000] {dagbag.py:538} INFO - Filling up the DagBag from /home/airflow/.local/lib/python3.8/site-packages/airflow/example_dags/tutorial_taskflow_api.py
[2025-06-28T04:47:19.710+0000] {processor.py:840} INFO - DAG(s) 'tutorial_taskflow_api' retrieved from /home/airflow/.local/lib/python3.8/site-packages/airflow/example_dags/tutorial_taskflow_api.py
[2025-06-28T04:47:19.724+0000] {logging_mixin.py:188} INFO - [2025-06-28T04:47:19.723+0000] {dag.py:3036} INFO - Sync 1 DAGs
[2025-06-28T04:47:19.730+0000] {logging_mixin.py:188} INFO - [2025-06-28T04:47:19.730+0000] {dag.py:3823} INFO - Setting next_dagrun for tutorial_taskflow_api to None, run_after=None
[2025-06-28T04:47:19.745+0000] {processor.py:183} INFO - Processing /home/airflow/.local/lib/python3.8/site-packages/airflow/example_dags/tutorial_taskflow_api.py took 0.042 seconds
[2025-06-28T04:47:49.937+0000] {processor.py:161} INFO - Started process (PID=7768) to work on /home/airflow/.local/lib/python3.8/site-packages/airflow/example_dags/tutorial_taskflow_api.py
[2025-06-28T04:47:49.938+0000] {processor.py:830} INFO - Processing file /home/airflow/.local/lib/python3.8/site-packages/airflow/example_dags/tutorial_taskflow_api.py for tasks to queue
[2025-06-28T04:47:49.940+0000] {logging_mixin.py:188} INFO - [2025-06-28T04:47:49.939+0000] {dagbag.py:538} INFO - Filling up the DagBag from /home/airflow/.local/lib/python3.8/site-packages/airflow/example_dags/tutorial_taskflow_api.py
[2025-06-28T04:47:49.944+0000] {processor.py:840} INFO - DAG(s) 'tutorial_taskflow_api' retrieved from /home/airflow/.local/lib/python3.8/site-packages/airflow/example_dags/tutorial_taskflow_api.py
[2025-06-28T04:47:49.959+0000] {logging_mixin.py:188} INFO - [2025-06-28T04:47:49.959+0000] {dag.py:3036} INFO - Sync 1 DAGs
[2025-06-28T04:47:49.969+0000] {logging_mixin.py:188} INFO - [2025-06-28T04:47:49.968+0000] {dag.py:3823} INFO - Setting next_dagrun for tutorial_taskflow_api to None, run_after=None
[2025-06-28T04:47:49.981+0000] {processor.py:183} INFO - Processing /home/airflow/.local/lib/python3.8/site-packages/airflow/example_dags/tutorial_taskflow_api.py took 0.047 seconds
[2025-06-28T04:48:21.067+0000] {processor.py:161} INFO - Started process (PID=8018) to work on /home/airflow/.local/lib/python3.8/site-packages/airflow/example_dags/tutorial_taskflow_api.py
[2025-06-28T04:48:21.067+0000] {processor.py:830} INFO - Processing file /home/airflow/.local/lib/python3.8/site-packages/airflow/example_dags/tutorial_taskflow_api.py for tasks to queue
[2025-06-28T04:48:21.068+0000] {logging_mixin.py:188} INFO - [2025-06-28T04:48:21.068+0000] {dagbag.py:538} INFO - Filling up the DagBag from /home/airflow/.local/lib/python3.8/site-packages/airflow/example_dags/tutorial_taskflow_api.py
[2025-06-28T04:48:21.072+0000] {processor.py:840} INFO - DAG(s) 'tutorial_taskflow_api' retrieved from /home/airflow/.local/lib/python3.8/site-packages/airflow/example_dags/tutorial_taskflow_api.py
[2025-06-28T04:48:21.085+0000] {logging_mixin.py:188} INFO - [2025-06-28T04:48:21.085+0000] {dag.py:3036} INFO - Sync 1 DAGs
[2025-06-28T04:48:21.095+0000] {logging_mixin.py:188} INFO - [2025-06-28T04:48:21.094+0000] {dag.py:3823} INFO - Setting next_dagrun for tutorial_taskflow_api to None, run_after=None
[2025-06-28T04:48:21.124+0000] {processor.py:183} INFO - Processing /home/airflow/.local/lib/python3.8/site-packages/airflow/example_dags/tutorial_taskflow_api.py took 0.059 seconds
