[2025-07-07T07:04:47.731+0000] {taskinstance.py:1956} INFO - Dependencies all met for dep_context=non-requeueable deps ti=<TaskInstance: aggregate_query_to_temp_logs.run_aggregate_query manual__2025-07-07T07:04:46.415592+00:00 [queued]>
[2025-07-07T07:04:47.739+0000] {taskinstance.py:1956} INFO - Dependencies all met for dep_context=requeueable deps ti=<TaskInstance: aggregate_query_to_temp_logs.run_aggregate_query manual__2025-07-07T07:04:46.415592+00:00 [queued]>
[2025-07-07T07:04:47.739+0000] {taskinstance.py:2170} INFO - Starting attempt 1 of 1
[2025-07-07T07:04:47.748+0000] {taskinstance.py:2191} INFO - Executing <Task(PythonOperator): run_aggregate_query> on 2025-07-07 07:04:46.415592+00:00
[2025-07-07T07:04:47.753+0000] {standard_task_runner.py:60} INFO - Started process 9677 to run task
[2025-07-07T07:04:47.754+0000] {standard_task_runner.py:87} INFO - Running: ['***', 'tasks', 'run', 'aggregate_query_to_temp_logs', 'run_aggregate_query', 'manual__2025-07-07T07:04:46.415592+00:00', '--job-id', '70', '--raw', '--subdir', 'DAGS_FOLDER/aggregate_query_dag.py', '--cfg-path', '/tmp/tmpnd8uaitz']
[2025-07-07T07:04:47.755+0000] {standard_task_runner.py:88} INFO - Job 70: Subtask run_aggregate_query
[2025-07-07T07:04:47.805+0000] {task_command.py:423} INFO - Running <TaskInstance: aggregate_query_to_temp_logs.run_aggregate_query manual__2025-07-07T07:04:46.415592+00:00 [running]> on host c7534e6ea843
[2025-07-07T07:04:47.875+0000] {taskinstance.py:2480} INFO - Exporting env vars: AIRFLOW_CTX_DAG_OWNER='***' AIRFLOW_CTX_DAG_ID='aggregate_query_to_temp_logs' AIRFLOW_CTX_TASK_ID='run_aggregate_query' AIRFLOW_CTX_EXECUTION_DATE='2025-07-07T07:04:46.415592+00:00' AIRFLOW_CTX_TRY_NUMBER='1' AIRFLOW_CTX_DAG_RUN_ID='manual__2025-07-07T07:04:46.415592+00:00'
[2025-07-07T07:04:47.876+0000] {sql_files_reader.py:54} INFO - Executing 1 queries...
[2025-07-07T07:04:47.877+0000] {sql_files_reader.py:57} INFO - 
 Query 1:
SELECT 
    DEPARTMENT,
    COUNT(*) AS TOTAL_EMPLOYEES,
    ROUND(AVG(SALARY), 2) AS AVG_SALARY,
    ROUND(MAX(SALARY), 2) AS MAX_SALARY,
    ROUND(MIN(SALARY), 2) AS MIN_SALARY
FROM DEV_DB.DEV_SCHEMA.EMPLOYEE
GROUP BY DEPARTMENT
ORDER BY TOTAL_EMPLOYEES DESC
[2025-07-07T07:04:47.883+0000] {base.py:83} INFO - Using connection ID 'snowflake_dev_conn' for task execution.
[2025-07-07T07:04:47.884+0000] {connection.py:370} INFO - Snowflake Connector for Python Version: 3.6.0, Python Version: 3.8.18, Platform: Linux-6.2.0-26-generic-x86_64-with-glibc2.34
[2025-07-07T07:04:47.885+0000] {connection.py:1171} INFO - This connection is in OCSP Fail Open Mode. TLS Certificates would be checked for validity and revocation status. Any other Certificate Revocation related exceptions or OCSP Responder failures would be disregarded in favor of connectivity.
[2025-07-07T07:04:48.698+0000] {logging_mixin.py:188} WARNING - /home/***/.local/lib/python3.8/site-packages/***/providers/common/sql/hooks/sql.py:221 UserWarning: pandas only supports SQLAlchemy connectable (engine/connection) or database string URI or sqlite3 DBAPI2 connection. Other DBAPI2 objects are not tested. Please consider using SQLAlchemy.
[2025-07-07T07:04:48.699+0000] {cursor.py:1028} INFO - query: [SELECT DEPARTMENT, COUNT(*) AS TOTAL_EMPLOYEES, ROUND(AVG(SALARY), 2) AS AVG_SAL...]
[2025-07-07T07:04:49.165+0000] {cursor.py:1041} INFO - query execution done
[2025-07-07T07:04:49.166+0000] {cursor.py:1205} INFO - Number of results in first chunk: 5
[2025-07-07T07:04:49.172+0000] {connection.py:718} INFO - closed
[2025-07-07T07:04:49.361+0000] {connection.py:724} INFO - No async queries seem to be running, deleting session
[2025-07-07T07:04:49.462+0000] {sql_files_reader.py:60} INFO -  Result:
 DEPARTMENT  TOTAL_EMPLOYEES  AVG_SALARY  MAX_SALARY  MIN_SALARY
    Finance                5    83800.00     94000.0     60000.0
      Sales                4    72000.00     75000.0     70000.0
         HR                4    58500.00     61000.0     55000.0
Engineering                4    92750.00     96000.0     88000.0
  Marketing                3    65333.33     69000.0     63000.0
[2025-07-07T07:04:49.463+0000] {python.py:201} INFO - Done. Returned value was: None
[2025-07-07T07:04:49.476+0000] {taskinstance.py:1138} INFO - Marking task as SUCCESS. dag_id=aggregate_query_to_temp_logs, task_id=run_aggregate_query, execution_date=20250707T070446, start_date=20250707T070447, end_date=20250707T070449
[2025-07-07T07:04:49.535+0000] {local_task_job_runner.py:234} INFO - Task exited with return code 0
[2025-07-07T07:04:49.560+0000] {taskinstance.py:3280} INFO - 0 downstream tasks scheduled from follow-on schedule check
