[2025-06-28T05:20:37.606+0000] {taskinstance.py:1956} INFO - Dependencies all met for dep_context=non-requeueable deps ti=<TaskInstance: simple_snowflake_dag.check_snowflake_version manual__2025-06-28T05:20:36.969550+00:00 [queued]>
[2025-06-28T05:20:37.615+0000] {taskinstance.py:1956} INFO - Dependencies all met for dep_context=requeueable deps ti=<TaskInstance: simple_snowflake_dag.check_snowflake_version manual__2025-06-28T05:20:36.969550+00:00 [queued]>
[2025-06-28T05:20:37.616+0000] {taskinstance.py:2170} INFO - Starting attempt 1 of 1
[2025-06-28T05:20:37.633+0000] {taskinstance.py:2191} INFO - Executing <Task(SnowflakeOperator): check_snowflake_version> on 2025-06-28 05:20:36.969550+00:00
[2025-06-28T05:20:37.639+0000] {standard_task_runner.py:60} INFO - Started process 849 to run task
[2025-06-28T05:20:37.641+0000] {standard_task_runner.py:87} INFO - Running: ['***', 'tasks', 'run', 'simple_snowflake_dag', 'check_snowflake_version', 'manual__2025-06-28T05:20:36.969550+00:00', '--job-id', '21', '--raw', '--subdir', 'DAGS_FOLDER/snowflake_simple_dag.py', '--cfg-path', '/tmp/tmpr9ixnhm6']
[2025-06-28T05:20:37.643+0000] {standard_task_runner.py:88} INFO - Job 21: Subtask check_snowflake_version
[2025-06-28T05:20:37.660+0000] {logging_mixin.py:188} WARNING - /home/***/.local/lib/python3.8/site-packages/***/settings.py:194 DeprecationWarning: The sql_alchemy_conn option in [core] has been moved to the sql_alchemy_conn option in [database] - the old setting has been used, but please update your config.
[2025-06-28T05:20:37.695+0000] {task_command.py:423} INFO - Running <TaskInstance: simple_snowflake_dag.check_snowflake_version manual__2025-06-28T05:20:36.969550+00:00 [running]> on host 49f1fc066ba8
[2025-06-28T05:20:37.747+0000] {taskinstance.py:2480} INFO - Exporting env vars: AIRFLOW_CTX_DAG_OWNER='***' AIRFLOW_CTX_DAG_ID='simple_snowflake_dag' AIRFLOW_CTX_TASK_ID='check_snowflake_version' AIRFLOW_CTX_EXECUTION_DATE='2025-06-28T05:20:36.969550+00:00' AIRFLOW_CTX_TRY_NUMBER='1' AIRFLOW_CTX_DAG_RUN_ID='manual__2025-06-28T05:20:36.969550+00:00'
[2025-06-28T05:20:37.747+0000] {sql.py:276} INFO - Executing: SELECT CURRENT_DATABASE();
[2025-06-28T05:20:37.753+0000] {base.py:83} INFO - Using connection ID 'my_snowflake_conn' for task execution.
[2025-06-28T05:20:37.758+0000] {base.py:83} INFO - Using connection ID 'my_snowflake_conn' for task execution.
[2025-06-28T05:20:37.759+0000] {connection.py:370} INFO - Snowflake Connector for Python Version: 3.6.0, Python Version: 3.8.18, Platform: Linux-6.2.0-26-generic-x86_64-with-glibc2.34
[2025-06-28T05:20:37.759+0000] {connection.py:1171} INFO - This connection is in OCSP Fail Open Mode. TLS Certificates would be checked for validity and revocation status. Any other Certificate Revocation related exceptions or OCSP Responder failures would be disregarded in favor of connectivity.
[2025-06-28T05:20:38.498+0000] {cursor.py:1028} INFO - query: [ALTER SESSION SET autocommit=False]
[2025-06-28T05:20:38.657+0000] {cursor.py:1041} INFO - query execution done
[2025-06-28T05:20:38.658+0000] {cursor.py:1205} INFO - Number of results in first chunk: 1
[2025-06-28T05:20:38.659+0000] {sql.py:450} INFO - Running statement: SELECT CURRENT_DATABASE();, parameters: None
[2025-06-28T05:20:38.659+0000] {cursor.py:1028} INFO - query: [SELECT CURRENT_DATABASE();]
[2025-06-28T05:20:38.833+0000] {cursor.py:1041} INFO - query execution done
[2025-06-28T05:20:38.833+0000] {cursor.py:1205} INFO - Number of results in first chunk: 1
[2025-06-28T05:20:38.834+0000] {sql.py:459} INFO - Rows affected: 1
[2025-06-28T05:20:38.835+0000] {snowflake.py:400} INFO - Rows affected: 1
[2025-06-28T05:20:38.835+0000] {snowflake.py:401} INFO - Snowflake query id: 01bd5320-3201-bec0-0000-000e50728341
[2025-06-28T05:20:38.835+0000] {cursor.py:1028} INFO - query: [COMMIT]
[2025-06-28T05:20:38.950+0000] {cursor.py:1041} INFO - query execution done
[2025-06-28T05:20:38.951+0000] {cursor.py:1205} INFO - Number of results in first chunk: 1
[2025-06-28T05:20:38.951+0000] {connection.py:718} INFO - closed
[2025-06-28T05:20:39.049+0000] {connection.py:724} INFO - No async queries seem to be running, deleting session
[2025-06-28T05:20:39.188+0000] {taskinstance.py:1138} INFO - Marking task as SUCCESS. dag_id=simple_snowflake_dag, task_id=check_snowflake_version, execution_date=20250628T052036, start_date=20250628T052037, end_date=20250628T052039
[2025-06-28T05:20:39.223+0000] {local_task_job_runner.py:234} INFO - Task exited with return code 0
[2025-06-28T05:20:39.249+0000] {taskinstance.py:3280} INFO - 0 downstream tasks scheduled from follow-on schedule check
