[2025-07-01T07:27:15.058+0000] {taskinstance.py:1956} INFO - Dependencies all met for dep_context=non-requeueable deps ti=<TaskInstance: simple_snowflake_dag.log_snowflake_database scheduled__2025-06-30T00:00:00+00:00 [queued]>
[2025-07-01T07:27:15.063+0000] {taskinstance.py:1956} INFO - Dependencies all met for dep_context=requeueable deps ti=<TaskInstance: simple_snowflake_dag.log_snowflake_database scheduled__2025-06-30T00:00:00+00:00 [queued]>
[2025-07-01T07:27:15.064+0000] {taskinstance.py:2170} INFO - Starting attempt 1 of 1
[2025-07-01T07:27:15.072+0000] {taskinstance.py:2191} INFO - Executing <Task(PythonOperator): log_snowflake_database> on 2025-06-30 00:00:00+00:00
[2025-07-01T07:27:15.076+0000] {standard_task_runner.py:60} INFO - Started process 1133 to run task
[2025-07-01T07:27:15.079+0000] {standard_task_runner.py:87} INFO - Running: ['***', 'tasks', 'run', 'simple_snowflake_dag', 'log_snowflake_database', 'scheduled__2025-06-30T00:00:00+00:00', '--job-id', '16', '--raw', '--subdir', 'DAGS_FOLDER/snowflake_simple_dag.py', '--cfg-path', '/tmp/tmpod0ktboz']
[2025-07-01T07:27:15.081+0000] {standard_task_runner.py:88} INFO - Job 16: Subtask log_snowflake_database
[2025-07-01T07:27:15.118+0000] {task_command.py:423} INFO - Running <TaskInstance: simple_snowflake_dag.log_snowflake_database scheduled__2025-06-30T00:00:00+00:00 [running]> on host 3967effb9935
[2025-07-01T07:27:15.189+0000] {taskinstance.py:2480} INFO - Exporting env vars: AIRFLOW_CTX_DAG_OWNER='***' AIRFLOW_CTX_DAG_ID='simple_snowflake_dag' AIRFLOW_CTX_TASK_ID='log_snowflake_database' AIRFLOW_CTX_EXECUTION_DATE='2025-06-30T00:00:00+00:00' AIRFLOW_CTX_TRY_NUMBER='1' AIRFLOW_CTX_DAG_RUN_ID='scheduled__2025-06-30T00:00:00+00:00'
[2025-07-01T07:27:15.199+0000] {base.py:83} INFO - Using connection ID 'snowflake_dev_conn' for task execution.
[2025-07-01T07:27:15.200+0000] {connection.py:370} INFO - Snowflake Connector for Python Version: 3.6.0, Python Version: 3.8.18, Platform: Linux-6.2.0-26-generic-x86_64-with-glibc2.34
[2025-07-01T07:27:15.200+0000] {connection.py:1171} INFO - This connection is in OCSP Fail Open Mode. TLS Certificates would be checked for validity and revocation status. Any other Certificate Revocation related exceptions or OCSP Responder failures would be disregarded in favor of connectivity.
[2025-07-01T07:27:16.901+0000] {cursor.py:1028} INFO - query: [SELECT CURRENT_DATABASE();]
[2025-07-01T07:27:17.138+0000] {cursor.py:1041} INFO - query execution done
[2025-07-01T07:27:17.139+0000] {cursor.py:1205} INFO - Number of results in first chunk: 1
[2025-07-01T07:27:17.140+0000] {logging_mixin.py:188} INFO - Current Snowflake database is: DEV_DB
[2025-07-01T07:27:17.140+0000] {connection.py:718} INFO - closed
[2025-07-01T07:27:17.226+0000] {connection.py:724} INFO - No async queries seem to be running, deleting session
[2025-07-01T07:27:17.315+0000] {python.py:201} INFO - Done. Returned value was: None
[2025-07-01T07:27:17.327+0000] {taskinstance.py:1138} INFO - Marking task as SUCCESS. dag_id=simple_snowflake_dag, task_id=log_snowflake_database, execution_date=20250630T000000, start_date=20250701T072715, end_date=20250701T072717
[2025-07-01T07:27:17.385+0000] {local_task_job_runner.py:234} INFO - Task exited with return code 0
[2025-07-01T07:27:17.408+0000] {taskinstance.py:3280} INFO - 0 downstream tasks scheduled from follow-on schedule check
