[2025-06-27T10:57:46.101+0000] {taskinstance.py:1956} INFO - Dependencies all met for dep_context=non-requeueable deps ti=<TaskInstance: simple_snowflake_dag.check_snowflake_version manual__2025-06-27T10:57:45.202957+00:00 [queued]>
[2025-06-27T10:57:46.105+0000] {taskinstance.py:1956} INFO - Dependencies all met for dep_context=requeueable deps ti=<TaskInstance: simple_snowflake_dag.check_snowflake_version manual__2025-06-27T10:57:45.202957+00:00 [queued]>
[2025-06-27T10:57:46.105+0000] {taskinstance.py:2170} INFO - Starting attempt 1 of 1
[2025-06-27T10:57:46.113+0000] {taskinstance.py:2191} INFO - Executing <Task(SnowflakeOperator): check_snowflake_version> on 2025-06-27 10:57:45.202957+00:00
[2025-06-27T10:57:46.118+0000] {standard_task_runner.py:60} INFO - Started process 692 to run task
[2025-06-27T10:57:46.120+0000] {standard_task_runner.py:87} INFO - Running: ['***', 'tasks', 'run', 'simple_snowflake_dag', 'check_snowflake_version', 'manual__2025-06-27T10:57:45.202957+00:00', '--job-id', '4', '--raw', '--subdir', 'DAGS_FOLDER/snowflake_simple_dag.py', '--cfg-path', '/tmp/tmpkmsljsiv']
[2025-06-27T10:57:46.121+0000] {standard_task_runner.py:88} INFO - Job 4: Subtask check_snowflake_version
[2025-06-27T10:57:46.137+0000] {logging_mixin.py:188} WARNING - /home/***/.local/lib/python3.8/site-packages/***/settings.py:194 DeprecationWarning: The sql_alchemy_conn option in [core] has been moved to the sql_alchemy_conn option in [database] - the old setting has been used, but please update your config.
[2025-06-27T10:57:46.165+0000] {task_command.py:423} INFO - Running <TaskInstance: simple_snowflake_dag.check_snowflake_version manual__2025-06-27T10:57:45.202957+00:00 [running]> on host eba4616e52c5
[2025-06-27T10:57:46.252+0000] {taskinstance.py:2480} INFO - Exporting env vars: AIRFLOW_CTX_DAG_OWNER='***' AIRFLOW_CTX_DAG_ID='simple_snowflake_dag' AIRFLOW_CTX_TASK_ID='check_snowflake_version' AIRFLOW_CTX_EXECUTION_DATE='2025-06-27T10:57:45.202957+00:00' AIRFLOW_CTX_TRY_NUMBER='1' AIRFLOW_CTX_DAG_RUN_ID='manual__2025-06-27T10:57:45.202957+00:00'
[2025-06-27T10:57:46.253+0000] {sql.py:276} INFO - Executing: SELECT CURRENT_VERSION();
[2025-06-27T10:57:46.276+0000] {taskinstance.py:2698} ERROR - Task failed with exception
Traceback (most recent call last):
  File "/home/airflow/.local/lib/python3.8/site-packages/airflow/models/taskinstance.py", line 433, in _execute_task
    result = execute_callable(context=context, **execute_callable_kwargs)
  File "/home/airflow/.local/lib/python3.8/site-packages/airflow/providers/common/sql/operators/sql.py", line 277, in execute
    hook = self.get_db_hook()
  File "/home/airflow/.local/lib/python3.8/site-packages/airflow/providers/common/sql/operators/sql.py", line 188, in get_db_hook
    return self._hook
  File "/usr/local/lib/python3.8/functools.py", line 967, in __get__
    val = self.func(instance)
  File "/home/airflow/.local/lib/python3.8/site-packages/airflow/providers/common/sql/operators/sql.py", line 150, in _hook
    conn = BaseHook.get_connection(conn_id)
  File "/home/airflow/.local/lib/python3.8/site-packages/airflow/hooks/base.py", line 82, in get_connection
    conn = Connection.get_connection_from_secrets(conn_id)
  File "/home/airflow/.local/lib/python3.8/site-packages/airflow/models/connection.py", line 479, in get_connection_from_secrets
    raise AirflowNotFoundException(f"The conn_id `{conn_id}` isn't defined")
airflow.exceptions.AirflowNotFoundException: The conn_id `my_snowflake_conn` isn't defined
[2025-06-27T10:57:46.280+0000] {taskinstance.py:1138} INFO - Marking task as FAILED. dag_id=simple_snowflake_dag, task_id=check_snowflake_version, execution_date=20250627T105745, start_date=20250627T105746, end_date=20250627T105746
[2025-06-27T10:57:46.294+0000] {standard_task_runner.py:107} ERROR - Failed to execute job 4 for task check_snowflake_version (The conn_id `my_snowflake_conn` isn't defined; 692)
[2025-06-27T10:57:46.332+0000] {local_task_job_runner.py:234} INFO - Task exited with return code 1
[2025-06-27T10:57:46.359+0000] {taskinstance.py:3280} INFO - 0 downstream tasks scheduled from follow-on schedule check
