[2025-07-04T07:56:22.317+0000] {taskinstance.py:1956} INFO - Dependencies all met for dep_context=non-requeueable deps ti=<TaskInstance: select_query_to_temp_logs.run_select_query manual__2025-07-04T07:56:20.736707+00:00 [queued]>
[2025-07-04T07:56:22.321+0000] {taskinstance.py:1956} INFO - Dependencies all met for dep_context=requeueable deps ti=<TaskInstance: select_query_to_temp_logs.run_select_query manual__2025-07-04T07:56:20.736707+00:00 [queued]>
[2025-07-04T07:56:22.322+0000] {taskinstance.py:2170} INFO - Starting attempt 1 of 1
[2025-07-04T07:56:22.331+0000] {taskinstance.py:2191} INFO - Executing <Task(PythonOperator): run_select_query> on 2025-07-04 07:56:20.736707+00:00
[2025-07-04T07:56:22.335+0000] {standard_task_runner.py:60} INFO - Started process 12806 to run task
[2025-07-04T07:56:22.337+0000] {standard_task_runner.py:87} INFO - Running: ['***', 'tasks', 'run', 'select_query_to_temp_logs', 'run_select_query', 'manual__2025-07-04T07:56:20.736707+00:00', '--job-id', '58', '--raw', '--subdir', 'DAGS_FOLDER/select_query_dag.py', '--cfg-path', '/tmp/tmps4fexryp']
[2025-07-04T07:56:22.339+0000] {standard_task_runner.py:88} INFO - Job 58: Subtask run_select_query
[2025-07-04T07:56:22.374+0000] {task_command.py:423} INFO - Running <TaskInstance: select_query_to_temp_logs.run_select_query manual__2025-07-04T07:56:20.736707+00:00 [running]> on host 0dc0f72acdaa
[2025-07-04T07:56:22.426+0000] {taskinstance.py:2480} INFO - Exporting env vars: AIRFLOW_CTX_DAG_OWNER='***' AIRFLOW_CTX_DAG_ID='select_query_to_temp_logs' AIRFLOW_CTX_TASK_ID='run_select_query' AIRFLOW_CTX_EXECUTION_DATE='2025-07-04T07:56:20.736707+00:00' AIRFLOW_CTX_TRY_NUMBER='1' AIRFLOW_CTX_DAG_RUN_ID='manual__2025-07-04T07:56:20.736707+00:00'
[2025-07-04T07:56:22.434+0000] {base.py:83} INFO - Using connection ID 'snowflake_dev_conn' for task execution.
[2025-07-04T07:56:22.434+0000] {connection.py:370} INFO - Snowflake Connector for Python Version: 3.6.0, Python Version: 3.8.18, Platform: Linux-6.2.0-26-generic-x86_64-with-glibc2.34
[2025-07-04T07:56:22.434+0000] {connection.py:1171} INFO - This connection is in OCSP Fail Open Mode. TLS Certificates would be checked for validity and revocation status. Any other Certificate Revocation related exceptions or OCSP Responder failures would be disregarded in favor of connectivity.
[2025-07-04T07:56:23.295+0000] {logging_mixin.py:188} WARNING - /home/***/.local/lib/python3.8/site-packages/***/providers/common/sql/hooks/sql.py:221 UserWarning: pandas only supports SQLAlchemy connectable (engine/connection) or database string URI or sqlite3 DBAPI2 connection. Other DBAPI2 objects are not tested. Please consider using SQLAlchemy.
[2025-07-04T07:56:23.296+0000] {cursor.py:1028} INFO - query: [SELECT PROJECT_ID, PROJECT_NAME, DEPARTMENT, START_DATE, END_DATE, BUDGET FROM D...]
[2025-07-04T07:56:23.728+0000] {cursor.py:1041} INFO - query execution done
[2025-07-04T07:56:23.729+0000] {cursor.py:1205} INFO - Number of results in first chunk: 5
[2025-07-04T07:56:23.734+0000] {connection.py:718} INFO - closed
[2025-07-04T07:56:23.828+0000] {connection.py:724} INFO - No async queries seem to be running, deleting session
[2025-07-04T07:56:23.923+0000] {select_query_dag.py:16} INFO - SELECT Query Result:
[2025-07-04T07:56:23.930+0000] {select_query_dag.py:17} INFO -  PROJECT_ID           PROJECT_NAME  DEPARTMENT START_DATE   END_DATE   BUDGET
        106      Mobile App Launch     Product 2024-01-01 2024-05-01 120000.0
        101 Employee Portal Revamp          IT 2024-01-15 2024-06-30 150000.0
        111    Vendor Portal Setup Procurement 2024-02-01 2024-05-30  30000.0
        105      Internal Branding   Marketing 2024-02-15 2024-07-31  50000.0
        110 AI Chatbot Integration     Product 2024-03-01 2024-09-01 110000.0
[2025-07-04T07:56:23.931+0000] {python.py:201} INFO - Done. Returned value was: None
[2025-07-04T07:56:23.945+0000] {taskinstance.py:1138} INFO - Marking task as SUCCESS. dag_id=select_query_to_temp_logs, task_id=run_select_query, execution_date=20250704T075620, start_date=20250704T075622, end_date=20250704T075623
[2025-07-04T07:56:23.997+0000] {local_task_job_runner.py:234} INFO - Task exited with return code 0
[2025-07-04T07:56:24.019+0000] {taskinstance.py:3280} INFO - 0 downstream tasks scheduled from follow-on schedule check
