[2025-07-09T05:29:10.695+0000] {processor.py:161} INFO - Started process (PID=16729) to work on /opt/airflow/dags/helpers.py
[2025-07-09T05:29:10.695+0000] {processor.py:830} INFO - Processing file /opt/airflow/dags/helpers.py for tasks to queue
[2025-07-09T05:29:10.696+0000] {logging_mixin.py:188} INFO - [2025-07-09T05:29:10.695+0000] {dagbag.py:538} INFO - Filling up the DagBag from /opt/airflow/dags/helpers.py
[2025-07-09T05:29:10.697+0000] {processor.py:842} WARNING - No viable dags retrieved from /opt/airflow/dags/helpers.py
[2025-07-09T05:29:10.707+0000] {processor.py:183} INFO - Processing /opt/airflow/dags/helpers.py took 0.014 seconds
[2025-07-09T05:29:41.375+0000] {processor.py:161} INFO - Started process (PID=16797) to work on /opt/airflow/dags/helpers.py
[2025-07-09T05:29:41.376+0000] {processor.py:830} INFO - Processing file /opt/airflow/dags/helpers.py for tasks to queue
[2025-07-09T05:29:41.376+0000] {logging_mixin.py:188} INFO - [2025-07-09T05:29:41.376+0000] {dagbag.py:538} INFO - Filling up the DagBag from /opt/airflow/dags/helpers.py
[2025-07-09T05:29:41.378+0000] {processor.py:842} WARNING - No viable dags retrieved from /opt/airflow/dags/helpers.py
[2025-07-09T05:29:41.387+0000] {processor.py:183} INFO - Processing /opt/airflow/dags/helpers.py took 0.013 seconds
[2025-07-09T05:30:12.067+0000] {processor.py:161} INFO - Started process (PID=16864) to work on /opt/airflow/dags/helpers.py
[2025-07-09T05:30:12.068+0000] {processor.py:830} INFO - Processing file /opt/airflow/dags/helpers.py for tasks to queue
[2025-07-09T05:30:12.068+0000] {logging_mixin.py:188} INFO - [2025-07-09T05:30:12.068+0000] {dagbag.py:538} INFO - Filling up the DagBag from /opt/airflow/dags/helpers.py
[2025-07-09T05:30:12.069+0000] {processor.py:842} WARNING - No viable dags retrieved from /opt/airflow/dags/helpers.py
[2025-07-09T05:30:12.079+0000] {processor.py:183} INFO - Processing /opt/airflow/dags/helpers.py took 0.014 seconds
[2025-07-09T05:30:42.727+0000] {processor.py:161} INFO - Started process (PID=16929) to work on /opt/airflow/dags/helpers.py
[2025-07-09T05:30:42.728+0000] {processor.py:830} INFO - Processing file /opt/airflow/dags/helpers.py for tasks to queue
[2025-07-09T05:30:42.730+0000] {logging_mixin.py:188} INFO - [2025-07-09T05:30:42.729+0000] {dagbag.py:538} INFO - Filling up the DagBag from /opt/airflow/dags/helpers.py
[2025-07-09T05:30:42.733+0000] {processor.py:842} WARNING - No viable dags retrieved from /opt/airflow/dags/helpers.py
[2025-07-09T05:30:42.743+0000] {processor.py:183} INFO - Processing /opt/airflow/dags/helpers.py took 0.019 seconds
[2025-07-09T05:31:13.334+0000] {processor.py:161} INFO - Started process (PID=16992) to work on /opt/airflow/dags/helpers.py
[2025-07-09T05:31:13.334+0000] {processor.py:830} INFO - Processing file /opt/airflow/dags/helpers.py for tasks to queue
[2025-07-09T05:31:13.335+0000] {logging_mixin.py:188} INFO - [2025-07-09T05:31:13.335+0000] {dagbag.py:538} INFO - Filling up the DagBag from /opt/airflow/dags/helpers.py
[2025-07-09T05:31:13.337+0000] {processor.py:842} WARNING - No viable dags retrieved from /opt/airflow/dags/helpers.py
[2025-07-09T05:31:13.345+0000] {processor.py:183} INFO - Processing /opt/airflow/dags/helpers.py took 0.013 seconds
[2025-07-09T05:31:44.011+0000] {processor.py:161} INFO - Started process (PID=17059) to work on /opt/airflow/dags/helpers.py
[2025-07-09T05:31:44.012+0000] {processor.py:830} INFO - Processing file /opt/airflow/dags/helpers.py for tasks to queue
[2025-07-09T05:31:44.012+0000] {logging_mixin.py:188} INFO - [2025-07-09T05:31:44.012+0000] {dagbag.py:538} INFO - Filling up the DagBag from /opt/airflow/dags/helpers.py
[2025-07-09T05:31:44.014+0000] {processor.py:842} WARNING - No viable dags retrieved from /opt/airflow/dags/helpers.py
[2025-07-09T05:31:44.024+0000] {processor.py:183} INFO - Processing /opt/airflow/dags/helpers.py took 0.014 seconds
[2025-07-09T05:32:14.710+0000] {processor.py:161} INFO - Started process (PID=17124) to work on /opt/airflow/dags/helpers.py
[2025-07-09T05:32:14.712+0000] {processor.py:830} INFO - Processing file /opt/airflow/dags/helpers.py for tasks to queue
[2025-07-09T05:32:14.713+0000] {logging_mixin.py:188} INFO - [2025-07-09T05:32:14.713+0000] {dagbag.py:538} INFO - Filling up the DagBag from /opt/airflow/dags/helpers.py
[2025-07-09T05:32:14.715+0000] {processor.py:842} WARNING - No viable dags retrieved from /opt/airflow/dags/helpers.py
[2025-07-09T05:32:14.728+0000] {processor.py:183} INFO - Processing /opt/airflow/dags/helpers.py took 0.021 seconds
[2025-07-09T05:32:45.425+0000] {processor.py:161} INFO - Started process (PID=17189) to work on /opt/airflow/dags/helpers.py
[2025-07-09T05:32:45.426+0000] {processor.py:830} INFO - Processing file /opt/airflow/dags/helpers.py for tasks to queue
[2025-07-09T05:32:45.427+0000] {logging_mixin.py:188} INFO - [2025-07-09T05:32:45.427+0000] {dagbag.py:538} INFO - Filling up the DagBag from /opt/airflow/dags/helpers.py
[2025-07-09T05:32:45.431+0000] {processor.py:842} WARNING - No viable dags retrieved from /opt/airflow/dags/helpers.py
[2025-07-09T05:32:45.445+0000] {processor.py:183} INFO - Processing /opt/airflow/dags/helpers.py took 0.025 seconds
[2025-07-09T05:33:16.082+0000] {processor.py:161} INFO - Started process (PID=17254) to work on /opt/airflow/dags/helpers.py
[2025-07-09T05:33:16.083+0000] {processor.py:830} INFO - Processing file /opt/airflow/dags/helpers.py for tasks to queue
[2025-07-09T05:33:16.084+0000] {logging_mixin.py:188} INFO - [2025-07-09T05:33:16.084+0000] {dagbag.py:538} INFO - Filling up the DagBag from /opt/airflow/dags/helpers.py
[2025-07-09T05:33:16.087+0000] {processor.py:842} WARNING - No viable dags retrieved from /opt/airflow/dags/helpers.py
[2025-07-09T05:33:16.100+0000] {processor.py:183} INFO - Processing /opt/airflow/dags/helpers.py took 0.021 seconds
[2025-07-09T05:33:46.757+0000] {processor.py:161} INFO - Started process (PID=17319) to work on /opt/airflow/dags/helpers.py
[2025-07-09T05:33:46.758+0000] {processor.py:830} INFO - Processing file /opt/airflow/dags/helpers.py for tasks to queue
[2025-07-09T05:33:46.760+0000] {logging_mixin.py:188} INFO - [2025-07-09T05:33:46.759+0000] {dagbag.py:538} INFO - Filling up the DagBag from /opt/airflow/dags/helpers.py
[2025-07-09T05:33:46.763+0000] {processor.py:842} WARNING - No viable dags retrieved from /opt/airflow/dags/helpers.py
[2025-07-09T05:33:46.776+0000] {processor.py:183} INFO - Processing /opt/airflow/dags/helpers.py took 0.023 seconds
[2025-07-09T05:34:17.433+0000] {processor.py:161} INFO - Started process (PID=17384) to work on /opt/airflow/dags/helpers.py
[2025-07-09T05:34:17.434+0000] {processor.py:830} INFO - Processing file /opt/airflow/dags/helpers.py for tasks to queue
[2025-07-09T05:34:17.434+0000] {logging_mixin.py:188} INFO - [2025-07-09T05:34:17.434+0000] {dagbag.py:538} INFO - Filling up the DagBag from /opt/airflow/dags/helpers.py
[2025-07-09T05:34:17.437+0000] {processor.py:842} WARNING - No viable dags retrieved from /opt/airflow/dags/helpers.py
[2025-07-09T05:34:17.448+0000] {processor.py:183} INFO - Processing /opt/airflow/dags/helpers.py took 0.017 seconds
[2025-07-09T05:34:48.044+0000] {processor.py:161} INFO - Started process (PID=17447) to work on /opt/airflow/dags/helpers.py
[2025-07-09T05:34:48.044+0000] {processor.py:830} INFO - Processing file /opt/airflow/dags/helpers.py for tasks to queue
[2025-07-09T05:34:48.045+0000] {logging_mixin.py:188} INFO - [2025-07-09T05:34:48.044+0000] {dagbag.py:538} INFO - Filling up the DagBag from /opt/airflow/dags/helpers.py
[2025-07-09T05:34:48.046+0000] {processor.py:842} WARNING - No viable dags retrieved from /opt/airflow/dags/helpers.py
[2025-07-09T05:34:48.054+0000] {processor.py:183} INFO - Processing /opt/airflow/dags/helpers.py took 0.012 seconds
[2025-07-09T05:35:18.702+0000] {processor.py:161} INFO - Started process (PID=17512) to work on /opt/airflow/dags/helpers.py
[2025-07-09T05:35:18.702+0000] {processor.py:830} INFO - Processing file /opt/airflow/dags/helpers.py for tasks to queue
[2025-07-09T05:35:18.703+0000] {logging_mixin.py:188} INFO - [2025-07-09T05:35:18.703+0000] {dagbag.py:538} INFO - Filling up the DagBag from /opt/airflow/dags/helpers.py
[2025-07-09T05:35:18.705+0000] {processor.py:842} WARNING - No viable dags retrieved from /opt/airflow/dags/helpers.py
[2025-07-09T05:35:18.714+0000] {processor.py:183} INFO - Processing /opt/airflow/dags/helpers.py took 0.015 seconds
[2025-07-09T05:35:49.364+0000] {processor.py:161} INFO - Started process (PID=17579) to work on /opt/airflow/dags/helpers.py
[2025-07-09T05:35:49.365+0000] {processor.py:830} INFO - Processing file /opt/airflow/dags/helpers.py for tasks to queue
[2025-07-09T05:35:49.366+0000] {logging_mixin.py:188} INFO - [2025-07-09T05:35:49.365+0000] {dagbag.py:538} INFO - Filling up the DagBag from /opt/airflow/dags/helpers.py
[2025-07-09T05:35:49.368+0000] {processor.py:842} WARNING - No viable dags retrieved from /opt/airflow/dags/helpers.py
[2025-07-09T05:35:49.379+0000] {processor.py:183} INFO - Processing /opt/airflow/dags/helpers.py took 0.019 seconds
[2025-07-09T05:36:20.000+0000] {processor.py:161} INFO - Started process (PID=17642) to work on /opt/airflow/dags/helpers.py
[2025-07-09T05:36:20.001+0000] {processor.py:830} INFO - Processing file /opt/airflow/dags/helpers.py for tasks to queue
[2025-07-09T05:36:20.001+0000] {logging_mixin.py:188} INFO - [2025-07-09T05:36:20.001+0000] {dagbag.py:538} INFO - Filling up the DagBag from /opt/airflow/dags/helpers.py
[2025-07-09T05:36:20.003+0000] {processor.py:842} WARNING - No viable dags retrieved from /opt/airflow/dags/helpers.py
[2025-07-09T05:36:20.010+0000] {processor.py:183} INFO - Processing /opt/airflow/dags/helpers.py took 0.012 seconds
[2025-07-09T05:36:50.598+0000] {processor.py:161} INFO - Started process (PID=17707) to work on /opt/airflow/dags/helpers.py
[2025-07-09T05:36:50.599+0000] {processor.py:830} INFO - Processing file /opt/airflow/dags/helpers.py for tasks to queue
[2025-07-09T05:36:50.599+0000] {logging_mixin.py:188} INFO - [2025-07-09T05:36:50.599+0000] {dagbag.py:538} INFO - Filling up the DagBag from /opt/airflow/dags/helpers.py
[2025-07-09T05:36:50.601+0000] {processor.py:842} WARNING - No viable dags retrieved from /opt/airflow/dags/helpers.py
[2025-07-09T05:36:50.611+0000] {processor.py:183} INFO - Processing /opt/airflow/dags/helpers.py took 0.014 seconds
[2025-07-09T05:37:21.226+0000] {processor.py:161} INFO - Started process (PID=17772) to work on /opt/airflow/dags/helpers.py
[2025-07-09T05:37:21.227+0000] {processor.py:830} INFO - Processing file /opt/airflow/dags/helpers.py for tasks to queue
[2025-07-09T05:37:21.227+0000] {logging_mixin.py:188} INFO - [2025-07-09T05:37:21.227+0000] {dagbag.py:538} INFO - Filling up the DagBag from /opt/airflow/dags/helpers.py
[2025-07-09T05:37:21.228+0000] {processor.py:842} WARNING - No viable dags retrieved from /opt/airflow/dags/helpers.py
[2025-07-09T05:37:21.237+0000] {processor.py:183} INFO - Processing /opt/airflow/dags/helpers.py took 0.013 seconds
[2025-07-09T05:37:51.848+0000] {processor.py:161} INFO - Started process (PID=17837) to work on /opt/airflow/dags/helpers.py
[2025-07-09T05:37:51.849+0000] {processor.py:830} INFO - Processing file /opt/airflow/dags/helpers.py for tasks to queue
[2025-07-09T05:37:51.849+0000] {logging_mixin.py:188} INFO - [2025-07-09T05:37:51.849+0000] {dagbag.py:538} INFO - Filling up the DagBag from /opt/airflow/dags/helpers.py
[2025-07-09T05:37:51.851+0000] {processor.py:842} WARNING - No viable dags retrieved from /opt/airflow/dags/helpers.py
[2025-07-09T05:37:51.860+0000] {processor.py:183} INFO - Processing /opt/airflow/dags/helpers.py took 0.014 seconds
[2025-07-09T05:38:22.461+0000] {processor.py:161} INFO - Started process (PID=17902) to work on /opt/airflow/dags/helpers.py
[2025-07-09T05:38:22.461+0000] {processor.py:830} INFO - Processing file /opt/airflow/dags/helpers.py for tasks to queue
[2025-07-09T05:38:22.462+0000] {logging_mixin.py:188} INFO - [2025-07-09T05:38:22.462+0000] {dagbag.py:538} INFO - Filling up the DagBag from /opt/airflow/dags/helpers.py
[2025-07-09T05:38:22.463+0000] {processor.py:842} WARNING - No viable dags retrieved from /opt/airflow/dags/helpers.py
[2025-07-09T05:38:22.470+0000] {processor.py:183} INFO - Processing /opt/airflow/dags/helpers.py took 0.011 seconds
[2025-07-09T05:38:53.088+0000] {processor.py:161} INFO - Started process (PID=17967) to work on /opt/airflow/dags/helpers.py
[2025-07-09T05:38:53.088+0000] {processor.py:830} INFO - Processing file /opt/airflow/dags/helpers.py for tasks to queue
[2025-07-09T05:38:53.089+0000] {logging_mixin.py:188} INFO - [2025-07-09T05:38:53.089+0000] {dagbag.py:538} INFO - Filling up the DagBag from /opt/airflow/dags/helpers.py
[2025-07-09T05:38:53.090+0000] {processor.py:842} WARNING - No viable dags retrieved from /opt/airflow/dags/helpers.py
[2025-07-09T05:38:53.099+0000] {processor.py:183} INFO - Processing /opt/airflow/dags/helpers.py took 0.013 seconds
[2025-07-09T05:39:23.766+0000] {processor.py:161} INFO - Started process (PID=18032) to work on /opt/airflow/dags/helpers.py
[2025-07-09T05:39:23.767+0000] {processor.py:830} INFO - Processing file /opt/airflow/dags/helpers.py for tasks to queue
[2025-07-09T05:39:23.768+0000] {logging_mixin.py:188} INFO - [2025-07-09T05:39:23.768+0000] {dagbag.py:538} INFO - Filling up the DagBag from /opt/airflow/dags/helpers.py
[2025-07-09T05:39:23.771+0000] {processor.py:842} WARNING - No viable dags retrieved from /opt/airflow/dags/helpers.py
[2025-07-09T05:39:23.780+0000] {processor.py:183} INFO - Processing /opt/airflow/dags/helpers.py took 0.017 seconds
[2025-07-09T05:39:54.397+0000] {processor.py:161} INFO - Started process (PID=18097) to work on /opt/airflow/dags/helpers.py
[2025-07-09T05:39:54.398+0000] {processor.py:830} INFO - Processing file /opt/airflow/dags/helpers.py for tasks to queue
[2025-07-09T05:39:54.398+0000] {logging_mixin.py:188} INFO - [2025-07-09T05:39:54.398+0000] {dagbag.py:538} INFO - Filling up the DagBag from /opt/airflow/dags/helpers.py
[2025-07-09T05:39:54.400+0000] {processor.py:842} WARNING - No viable dags retrieved from /opt/airflow/dags/helpers.py
[2025-07-09T05:39:54.409+0000] {processor.py:183} INFO - Processing /opt/airflow/dags/helpers.py took 0.015 seconds
[2025-07-09T05:40:24.987+0000] {processor.py:161} INFO - Started process (PID=18162) to work on /opt/airflow/dags/helpers.py
[2025-07-09T05:40:24.988+0000] {processor.py:830} INFO - Processing file /opt/airflow/dags/helpers.py for tasks to queue
[2025-07-09T05:40:24.988+0000] {logging_mixin.py:188} INFO - [2025-07-09T05:40:24.988+0000] {dagbag.py:538} INFO - Filling up the DagBag from /opt/airflow/dags/helpers.py
[2025-07-09T05:40:24.990+0000] {processor.py:842} WARNING - No viable dags retrieved from /opt/airflow/dags/helpers.py
[2025-07-09T05:40:24.998+0000] {processor.py:183} INFO - Processing /opt/airflow/dags/helpers.py took 0.012 seconds
[2025-07-09T05:40:55.614+0000] {processor.py:161} INFO - Started process (PID=18227) to work on /opt/airflow/dags/helpers.py
[2025-07-09T05:40:55.615+0000] {processor.py:830} INFO - Processing file /opt/airflow/dags/helpers.py for tasks to queue
[2025-07-09T05:40:55.615+0000] {logging_mixin.py:188} INFO - [2025-07-09T05:40:55.615+0000] {dagbag.py:538} INFO - Filling up the DagBag from /opt/airflow/dags/helpers.py
[2025-07-09T05:40:55.617+0000] {processor.py:842} WARNING - No viable dags retrieved from /opt/airflow/dags/helpers.py
[2025-07-09T05:40:55.626+0000] {processor.py:183} INFO - Processing /opt/airflow/dags/helpers.py took 0.013 seconds
[2025-07-09T05:41:26.211+0000] {processor.py:161} INFO - Started process (PID=18292) to work on /opt/airflow/dags/helpers.py
[2025-07-09T05:41:26.211+0000] {processor.py:830} INFO - Processing file /opt/airflow/dags/helpers.py for tasks to queue
[2025-07-09T05:41:26.211+0000] {logging_mixin.py:188} INFO - [2025-07-09T05:41:26.211+0000] {dagbag.py:538} INFO - Filling up the DagBag from /opt/airflow/dags/helpers.py
[2025-07-09T05:41:26.213+0000] {processor.py:842} WARNING - No viable dags retrieved from /opt/airflow/dags/helpers.py
[2025-07-09T05:41:26.221+0000] {processor.py:183} INFO - Processing /opt/airflow/dags/helpers.py took 0.012 seconds
[2025-07-09T05:41:56.859+0000] {processor.py:161} INFO - Started process (PID=18359) to work on /opt/airflow/dags/helpers.py
[2025-07-09T05:41:56.859+0000] {processor.py:830} INFO - Processing file /opt/airflow/dags/helpers.py for tasks to queue
[2025-07-09T05:41:56.860+0000] {logging_mixin.py:188} INFO - [2025-07-09T05:41:56.859+0000] {dagbag.py:538} INFO - Filling up the DagBag from /opt/airflow/dags/helpers.py
[2025-07-09T05:41:56.861+0000] {processor.py:842} WARNING - No viable dags retrieved from /opt/airflow/dags/helpers.py
[2025-07-09T05:41:56.871+0000] {processor.py:183} INFO - Processing /opt/airflow/dags/helpers.py took 0.014 seconds
[2025-07-09T05:42:27.485+0000] {processor.py:161} INFO - Started process (PID=18422) to work on /opt/airflow/dags/helpers.py
[2025-07-09T05:42:27.485+0000] {processor.py:830} INFO - Processing file /opt/airflow/dags/helpers.py for tasks to queue
[2025-07-09T05:42:27.486+0000] {logging_mixin.py:188} INFO - [2025-07-09T05:42:27.486+0000] {dagbag.py:538} INFO - Filling up the DagBag from /opt/airflow/dags/helpers.py
[2025-07-09T05:42:27.487+0000] {processor.py:842} WARNING - No viable dags retrieved from /opt/airflow/dags/helpers.py
[2025-07-09T05:42:27.496+0000] {processor.py:183} INFO - Processing /opt/airflow/dags/helpers.py took 0.013 seconds
[2025-07-09T05:42:58.274+0000] {processor.py:161} INFO - Started process (PID=18489) to work on /opt/airflow/dags/helpers.py
[2025-07-09T05:42:58.275+0000] {processor.py:830} INFO - Processing file /opt/airflow/dags/helpers.py for tasks to queue
[2025-07-09T05:42:58.276+0000] {logging_mixin.py:188} INFO - [2025-07-09T05:42:58.275+0000] {dagbag.py:538} INFO - Filling up the DagBag from /opt/airflow/dags/helpers.py
[2025-07-09T05:42:58.279+0000] {processor.py:842} WARNING - No viable dags retrieved from /opt/airflow/dags/helpers.py
[2025-07-09T05:42:58.290+0000] {processor.py:183} INFO - Processing /opt/airflow/dags/helpers.py took 0.019 seconds
[2025-07-09T05:43:28.941+0000] {processor.py:161} INFO - Started process (PID=18552) to work on /opt/airflow/dags/helpers.py
[2025-07-09T05:43:28.942+0000] {processor.py:830} INFO - Processing file /opt/airflow/dags/helpers.py for tasks to queue
[2025-07-09T05:43:28.943+0000] {logging_mixin.py:188} INFO - [2025-07-09T05:43:28.943+0000] {dagbag.py:538} INFO - Filling up the DagBag from /opt/airflow/dags/helpers.py
[2025-07-09T05:43:28.945+0000] {processor.py:842} WARNING - No viable dags retrieved from /opt/airflow/dags/helpers.py
[2025-07-09T05:43:28.960+0000] {processor.py:183} INFO - Processing /opt/airflow/dags/helpers.py took 0.022 seconds
[2025-07-09T05:43:59.654+0000] {processor.py:161} INFO - Started process (PID=18617) to work on /opt/airflow/dags/helpers.py
[2025-07-09T05:43:59.654+0000] {processor.py:830} INFO - Processing file /opt/airflow/dags/helpers.py for tasks to queue
[2025-07-09T05:43:59.655+0000] {logging_mixin.py:188} INFO - [2025-07-09T05:43:59.655+0000] {dagbag.py:538} INFO - Filling up the DagBag from /opt/airflow/dags/helpers.py
[2025-07-09T05:43:59.656+0000] {processor.py:842} WARNING - No viable dags retrieved from /opt/airflow/dags/helpers.py
[2025-07-09T05:43:59.666+0000] {processor.py:183} INFO - Processing /opt/airflow/dags/helpers.py took 0.014 seconds
[2025-07-09T05:44:30.299+0000] {processor.py:161} INFO - Started process (PID=18682) to work on /opt/airflow/dags/helpers.py
[2025-07-09T05:44:30.300+0000] {processor.py:830} INFO - Processing file /opt/airflow/dags/helpers.py for tasks to queue
[2025-07-09T05:44:30.301+0000] {logging_mixin.py:188} INFO - [2025-07-09T05:44:30.301+0000] {dagbag.py:538} INFO - Filling up the DagBag from /opt/airflow/dags/helpers.py
[2025-07-09T05:44:30.303+0000] {processor.py:842} WARNING - No viable dags retrieved from /opt/airflow/dags/helpers.py
[2025-07-09T05:44:30.313+0000] {processor.py:183} INFO - Processing /opt/airflow/dags/helpers.py took 0.017 seconds
[2025-07-09T05:45:01.134+0000] {processor.py:161} INFO - Started process (PID=18747) to work on /opt/airflow/dags/helpers.py
[2025-07-09T05:45:01.135+0000] {processor.py:830} INFO - Processing file /opt/airflow/dags/helpers.py for tasks to queue
[2025-07-09T05:45:01.136+0000] {logging_mixin.py:188} INFO - [2025-07-09T05:45:01.135+0000] {dagbag.py:538} INFO - Filling up the DagBag from /opt/airflow/dags/helpers.py
[2025-07-09T05:45:01.139+0000] {processor.py:842} WARNING - No viable dags retrieved from /opt/airflow/dags/helpers.py
[2025-07-09T05:45:01.164+0000] {processor.py:183} INFO - Processing /opt/airflow/dags/helpers.py took 0.033 seconds
[2025-07-09T05:45:31.787+0000] {processor.py:161} INFO - Started process (PID=18816) to work on /opt/airflow/dags/helpers.py
[2025-07-09T05:45:31.787+0000] {processor.py:830} INFO - Processing file /opt/airflow/dags/helpers.py for tasks to queue
[2025-07-09T05:45:31.788+0000] {logging_mixin.py:188} INFO - [2025-07-09T05:45:31.788+0000] {dagbag.py:538} INFO - Filling up the DagBag from /opt/airflow/dags/helpers.py
[2025-07-09T05:45:31.789+0000] {processor.py:842} WARNING - No viable dags retrieved from /opt/airflow/dags/helpers.py
[2025-07-09T05:45:31.797+0000] {processor.py:183} INFO - Processing /opt/airflow/dags/helpers.py took 0.012 seconds
[2025-07-09T05:46:02.432+0000] {processor.py:161} INFO - Started process (PID=18881) to work on /opt/airflow/dags/helpers.py
[2025-07-09T05:46:02.432+0000] {processor.py:830} INFO - Processing file /opt/airflow/dags/helpers.py for tasks to queue
[2025-07-09T05:46:02.433+0000] {logging_mixin.py:188} INFO - [2025-07-09T05:46:02.433+0000] {dagbag.py:538} INFO - Filling up the DagBag from /opt/airflow/dags/helpers.py
[2025-07-09T05:46:02.435+0000] {processor.py:842} WARNING - No viable dags retrieved from /opt/airflow/dags/helpers.py
[2025-07-09T05:46:02.443+0000] {processor.py:183} INFO - Processing /opt/airflow/dags/helpers.py took 0.012 seconds
[2025-07-09T05:46:33.099+0000] {processor.py:161} INFO - Started process (PID=18948) to work on /opt/airflow/dags/helpers.py
[2025-07-09T05:46:33.100+0000] {processor.py:830} INFO - Processing file /opt/airflow/dags/helpers.py for tasks to queue
[2025-07-09T05:46:33.101+0000] {logging_mixin.py:188} INFO - [2025-07-09T05:46:33.101+0000] {dagbag.py:538} INFO - Filling up the DagBag from /opt/airflow/dags/helpers.py
[2025-07-09T05:46:33.103+0000] {processor.py:842} WARNING - No viable dags retrieved from /opt/airflow/dags/helpers.py
[2025-07-09T05:46:33.111+0000] {processor.py:183} INFO - Processing /opt/airflow/dags/helpers.py took 0.016 seconds
[2025-07-09T05:47:03.800+0000] {processor.py:161} INFO - Started process (PID=19013) to work on /opt/airflow/dags/helpers.py
[2025-07-09T05:47:03.802+0000] {processor.py:830} INFO - Processing file /opt/airflow/dags/helpers.py for tasks to queue
[2025-07-09T05:47:03.804+0000] {logging_mixin.py:188} INFO - [2025-07-09T05:47:03.803+0000] {dagbag.py:538} INFO - Filling up the DagBag from /opt/airflow/dags/helpers.py
[2025-07-09T05:47:03.810+0000] {processor.py:842} WARNING - No viable dags retrieved from /opt/airflow/dags/helpers.py
[2025-07-09T05:47:03.833+0000] {processor.py:183} INFO - Processing /opt/airflow/dags/helpers.py took 0.038 seconds
[2025-07-09T05:47:34.410+0000] {processor.py:161} INFO - Started process (PID=19076) to work on /opt/airflow/dags/helpers.py
[2025-07-09T05:47:34.411+0000] {processor.py:830} INFO - Processing file /opt/airflow/dags/helpers.py for tasks to queue
[2025-07-09T05:47:34.411+0000] {logging_mixin.py:188} INFO - [2025-07-09T05:47:34.411+0000] {dagbag.py:538} INFO - Filling up the DagBag from /opt/airflow/dags/helpers.py
[2025-07-09T05:47:34.413+0000] {processor.py:842} WARNING - No viable dags retrieved from /opt/airflow/dags/helpers.py
[2025-07-09T05:47:34.422+0000] {processor.py:183} INFO - Processing /opt/airflow/dags/helpers.py took 0.015 seconds
[2025-07-09T05:48:05.011+0000] {processor.py:161} INFO - Started process (PID=19141) to work on /opt/airflow/dags/helpers.py
[2025-07-09T05:48:05.012+0000] {processor.py:830} INFO - Processing file /opt/airflow/dags/helpers.py for tasks to queue
[2025-07-09T05:48:05.012+0000] {logging_mixin.py:188} INFO - [2025-07-09T05:48:05.012+0000] {dagbag.py:538} INFO - Filling up the DagBag from /opt/airflow/dags/helpers.py
[2025-07-09T05:48:05.014+0000] {processor.py:842} WARNING - No viable dags retrieved from /opt/airflow/dags/helpers.py
[2025-07-09T05:48:05.023+0000] {processor.py:183} INFO - Processing /opt/airflow/dags/helpers.py took 0.013 seconds
[2025-07-09T05:48:35.295+0000] {processor.py:161} INFO - Started process (PID=19207) to work on /opt/airflow/dags/helpers.py
[2025-07-09T05:48:35.295+0000] {processor.py:830} INFO - Processing file /opt/airflow/dags/helpers.py for tasks to queue
[2025-07-09T05:48:35.296+0000] {logging_mixin.py:188} INFO - [2025-07-09T05:48:35.296+0000] {dagbag.py:538} INFO - Filling up the DagBag from /opt/airflow/dags/helpers.py
[2025-07-09T05:48:35.298+0000] {processor.py:842} WARNING - No viable dags retrieved from /opt/airflow/dags/helpers.py
[2025-07-09T05:48:35.308+0000] {processor.py:183} INFO - Processing /opt/airflow/dags/helpers.py took 0.016 seconds
[2025-07-09T05:49:17.189+0000] {processor.py:161} INFO - Started process (PID=243) to work on /opt/airflow/dags/helpers.py
[2025-07-09T05:49:17.190+0000] {processor.py:830} INFO - Processing file /opt/airflow/dags/helpers.py for tasks to queue
[2025-07-09T05:49:17.191+0000] {logging_mixin.py:188} INFO - [2025-07-09T05:49:17.191+0000] {dagbag.py:538} INFO - Filling up the DagBag from /opt/airflow/dags/helpers.py
[2025-07-09T05:49:17.193+0000] {processor.py:842} WARNING - No viable dags retrieved from /opt/airflow/dags/helpers.py
[2025-07-09T05:49:17.203+0000] {processor.py:183} INFO - Processing /opt/airflow/dags/helpers.py took 0.016 seconds
[2025-07-09T05:49:47.893+0000] {processor.py:161} INFO - Started process (PID=316) to work on /opt/airflow/dags/helpers.py
[2025-07-09T05:49:47.894+0000] {processor.py:830} INFO - Processing file /opt/airflow/dags/helpers.py for tasks to queue
[2025-07-09T05:49:47.895+0000] {logging_mixin.py:188} INFO - [2025-07-09T05:49:47.895+0000] {dagbag.py:538} INFO - Filling up the DagBag from /opt/airflow/dags/helpers.py
[2025-07-09T05:49:47.897+0000] {processor.py:842} WARNING - No viable dags retrieved from /opt/airflow/dags/helpers.py
[2025-07-09T05:49:47.909+0000] {processor.py:183} INFO - Processing /opt/airflow/dags/helpers.py took 0.019 seconds
[2025-07-09T05:50:18.680+0000] {processor.py:161} INFO - Started process (PID=381) to work on /opt/airflow/dags/helpers.py
[2025-07-09T05:50:18.680+0000] {processor.py:830} INFO - Processing file /opt/airflow/dags/helpers.py for tasks to queue
[2025-07-09T05:50:18.681+0000] {logging_mixin.py:188} INFO - [2025-07-09T05:50:18.681+0000] {dagbag.py:538} INFO - Filling up the DagBag from /opt/airflow/dags/helpers.py
[2025-07-09T05:50:18.682+0000] {processor.py:842} WARNING - No viable dags retrieved from /opt/airflow/dags/helpers.py
[2025-07-09T05:50:18.691+0000] {processor.py:183} INFO - Processing /opt/airflow/dags/helpers.py took 0.013 seconds
[2025-07-09T05:50:49.427+0000] {processor.py:161} INFO - Started process (PID=451) to work on /opt/airflow/dags/helpers.py
[2025-07-09T05:50:49.429+0000] {processor.py:830} INFO - Processing file /opt/airflow/dags/helpers.py for tasks to queue
[2025-07-09T05:50:49.430+0000] {logging_mixin.py:188} INFO - [2025-07-09T05:50:49.430+0000] {dagbag.py:538} INFO - Filling up the DagBag from /opt/airflow/dags/helpers.py
[2025-07-09T05:50:49.431+0000] {processor.py:842} WARNING - No viable dags retrieved from /opt/airflow/dags/helpers.py
[2025-07-09T05:50:49.441+0000] {processor.py:183} INFO - Processing /opt/airflow/dags/helpers.py took 0.015 seconds
[2025-07-09T05:51:20.064+0000] {processor.py:161} INFO - Started process (PID=516) to work on /opt/airflow/dags/helpers.py
[2025-07-09T05:51:20.065+0000] {processor.py:830} INFO - Processing file /opt/airflow/dags/helpers.py for tasks to queue
[2025-07-09T05:51:20.067+0000] {logging_mixin.py:188} INFO - [2025-07-09T05:51:20.066+0000] {dagbag.py:538} INFO - Filling up the DagBag from /opt/airflow/dags/helpers.py
[2025-07-09T05:51:20.069+0000] {processor.py:842} WARNING - No viable dags retrieved from /opt/airflow/dags/helpers.py
[2025-07-09T05:51:20.085+0000] {processor.py:183} INFO - Processing /opt/airflow/dags/helpers.py took 0.024 seconds
[2025-07-09T05:51:50.731+0000] {processor.py:161} INFO - Started process (PID=585) to work on /opt/airflow/dags/helpers.py
[2025-07-09T05:51:50.731+0000] {processor.py:830} INFO - Processing file /opt/airflow/dags/helpers.py for tasks to queue
[2025-07-09T05:51:50.732+0000] {logging_mixin.py:188} INFO - [2025-07-09T05:51:50.732+0000] {dagbag.py:538} INFO - Filling up the DagBag from /opt/airflow/dags/helpers.py
[2025-07-09T05:51:50.734+0000] {processor.py:842} WARNING - No viable dags retrieved from /opt/airflow/dags/helpers.py
[2025-07-09T05:51:50.743+0000] {processor.py:183} INFO - Processing /opt/airflow/dags/helpers.py took 0.015 seconds
[2025-07-09T05:52:21.396+0000] {processor.py:161} INFO - Started process (PID=650) to work on /opt/airflow/dags/helpers.py
[2025-07-09T05:52:21.396+0000] {processor.py:830} INFO - Processing file /opt/airflow/dags/helpers.py for tasks to queue
[2025-07-09T05:52:21.397+0000] {logging_mixin.py:188} INFO - [2025-07-09T05:52:21.397+0000] {dagbag.py:538} INFO - Filling up the DagBag from /opt/airflow/dags/helpers.py
[2025-07-09T05:52:21.399+0000] {processor.py:842} WARNING - No viable dags retrieved from /opt/airflow/dags/helpers.py
[2025-07-09T05:52:21.406+0000] {processor.py:183} INFO - Processing /opt/airflow/dags/helpers.py took 0.013 seconds
[2025-07-09T05:52:52.080+0000] {processor.py:161} INFO - Started process (PID=719) to work on /opt/airflow/dags/helpers.py
[2025-07-09T05:52:52.080+0000] {processor.py:830} INFO - Processing file /opt/airflow/dags/helpers.py for tasks to queue
[2025-07-09T05:52:52.082+0000] {logging_mixin.py:188} INFO - [2025-07-09T05:52:52.082+0000] {dagbag.py:538} INFO - Filling up the DagBag from /opt/airflow/dags/helpers.py
[2025-07-09T05:52:52.084+0000] {processor.py:842} WARNING - No viable dags retrieved from /opt/airflow/dags/helpers.py
[2025-07-09T05:52:52.093+0000] {processor.py:183} INFO - Processing /opt/airflow/dags/helpers.py took 0.016 seconds
[2025-07-09T05:53:22.746+0000] {processor.py:161} INFO - Started process (PID=784) to work on /opt/airflow/dags/helpers.py
[2025-07-09T05:53:22.747+0000] {processor.py:830} INFO - Processing file /opt/airflow/dags/helpers.py for tasks to queue
[2025-07-09T05:53:22.748+0000] {logging_mixin.py:188} INFO - [2025-07-09T05:53:22.747+0000] {dagbag.py:538} INFO - Filling up the DagBag from /opt/airflow/dags/helpers.py
[2025-07-09T05:53:22.749+0000] {processor.py:842} WARNING - No viable dags retrieved from /opt/airflow/dags/helpers.py
[2025-07-09T05:53:22.759+0000] {processor.py:183} INFO - Processing /opt/airflow/dags/helpers.py took 0.014 seconds
[2025-07-09T05:53:53.358+0000] {processor.py:161} INFO - Started process (PID=849) to work on /opt/airflow/dags/helpers.py
[2025-07-09T05:53:53.359+0000] {processor.py:830} INFO - Processing file /opt/airflow/dags/helpers.py for tasks to queue
[2025-07-09T05:53:53.361+0000] {logging_mixin.py:188} INFO - [2025-07-09T05:53:53.360+0000] {dagbag.py:538} INFO - Filling up the DagBag from /opt/airflow/dags/helpers.py
[2025-07-09T05:53:53.363+0000] {processor.py:842} WARNING - No viable dags retrieved from /opt/airflow/dags/helpers.py
[2025-07-09T05:53:53.374+0000] {processor.py:183} INFO - Processing /opt/airflow/dags/helpers.py took 0.018 seconds
[2025-07-09T05:54:24.108+0000] {processor.py:161} INFO - Started process (PID=914) to work on /opt/airflow/dags/helpers.py
[2025-07-09T05:54:24.108+0000] {processor.py:830} INFO - Processing file /opt/airflow/dags/helpers.py for tasks to queue
[2025-07-09T05:54:24.109+0000] {logging_mixin.py:188} INFO - [2025-07-09T05:54:24.109+0000] {dagbag.py:538} INFO - Filling up the DagBag from /opt/airflow/dags/helpers.py
[2025-07-09T05:54:24.110+0000] {processor.py:842} WARNING - No viable dags retrieved from /opt/airflow/dags/helpers.py
[2025-07-09T05:54:24.119+0000] {processor.py:183} INFO - Processing /opt/airflow/dags/helpers.py took 0.013 seconds
[2025-07-09T05:54:54.726+0000] {processor.py:161} INFO - Started process (PID=979) to work on /opt/airflow/dags/helpers.py
[2025-07-09T05:54:54.727+0000] {processor.py:830} INFO - Processing file /opt/airflow/dags/helpers.py for tasks to queue
[2025-07-09T05:54:54.728+0000] {logging_mixin.py:188} INFO - [2025-07-09T05:54:54.728+0000] {dagbag.py:538} INFO - Filling up the DagBag from /opt/airflow/dags/helpers.py
[2025-07-09T05:54:54.731+0000] {processor.py:842} WARNING - No viable dags retrieved from /opt/airflow/dags/helpers.py
[2025-07-09T05:54:54.744+0000] {processor.py:183} INFO - Processing /opt/airflow/dags/helpers.py took 0.021 seconds
[2025-07-09T05:55:25.367+0000] {processor.py:161} INFO - Started process (PID=1044) to work on /opt/airflow/dags/helpers.py
[2025-07-09T05:55:25.367+0000] {processor.py:830} INFO - Processing file /opt/airflow/dags/helpers.py for tasks to queue
[2025-07-09T05:55:25.368+0000] {logging_mixin.py:188} INFO - [2025-07-09T05:55:25.368+0000] {dagbag.py:538} INFO - Filling up the DagBag from /opt/airflow/dags/helpers.py
[2025-07-09T05:55:25.370+0000] {processor.py:842} WARNING - No viable dags retrieved from /opt/airflow/dags/helpers.py
[2025-07-09T05:55:25.379+0000] {processor.py:183} INFO - Processing /opt/airflow/dags/helpers.py took 0.015 seconds
[2025-07-09T05:55:56.060+0000] {processor.py:161} INFO - Started process (PID=1109) to work on /opt/airflow/dags/helpers.py
[2025-07-09T05:55:56.061+0000] {processor.py:830} INFO - Processing file /opt/airflow/dags/helpers.py for tasks to queue
[2025-07-09T05:55:56.061+0000] {logging_mixin.py:188} INFO - [2025-07-09T05:55:56.061+0000] {dagbag.py:538} INFO - Filling up the DagBag from /opt/airflow/dags/helpers.py
[2025-07-09T05:55:56.063+0000] {processor.py:842} WARNING - No viable dags retrieved from /opt/airflow/dags/helpers.py
[2025-07-09T05:55:56.070+0000] {processor.py:183} INFO - Processing /opt/airflow/dags/helpers.py took 0.012 seconds
[2025-07-09T05:56:26.695+0000] {processor.py:161} INFO - Started process (PID=1174) to work on /opt/airflow/dags/helpers.py
[2025-07-09T05:56:26.696+0000] {processor.py:830} INFO - Processing file /opt/airflow/dags/helpers.py for tasks to queue
[2025-07-09T05:56:26.697+0000] {logging_mixin.py:188} INFO - [2025-07-09T05:56:26.697+0000] {dagbag.py:538} INFO - Filling up the DagBag from /opt/airflow/dags/helpers.py
[2025-07-09T05:56:26.699+0000] {processor.py:842} WARNING - No viable dags retrieved from /opt/airflow/dags/helpers.py
[2025-07-09T05:56:26.710+0000] {processor.py:183} INFO - Processing /opt/airflow/dags/helpers.py took 0.017 seconds
[2025-07-09T05:56:57.316+0000] {processor.py:161} INFO - Started process (PID=1239) to work on /opt/airflow/dags/helpers.py
[2025-07-09T05:56:57.317+0000] {processor.py:830} INFO - Processing file /opt/airflow/dags/helpers.py for tasks to queue
[2025-07-09T05:56:57.319+0000] {logging_mixin.py:188} INFO - [2025-07-09T05:56:57.319+0000] {dagbag.py:538} INFO - Filling up the DagBag from /opt/airflow/dags/helpers.py
[2025-07-09T05:56:57.321+0000] {processor.py:842} WARNING - No viable dags retrieved from /opt/airflow/dags/helpers.py
[2025-07-09T05:56:57.333+0000] {processor.py:183} INFO - Processing /opt/airflow/dags/helpers.py took 0.020 seconds
[2025-07-09T05:57:27.991+0000] {processor.py:161} INFO - Started process (PID=1304) to work on /opt/airflow/dags/helpers.py
[2025-07-09T05:57:27.991+0000] {processor.py:830} INFO - Processing file /opt/airflow/dags/helpers.py for tasks to queue
[2025-07-09T05:57:27.992+0000] {logging_mixin.py:188} INFO - [2025-07-09T05:57:27.992+0000] {dagbag.py:538} INFO - Filling up the DagBag from /opt/airflow/dags/helpers.py
[2025-07-09T05:57:27.994+0000] {processor.py:842} WARNING - No viable dags retrieved from /opt/airflow/dags/helpers.py
[2025-07-09T05:57:28.004+0000] {processor.py:183} INFO - Processing /opt/airflow/dags/helpers.py took 0.016 seconds
[2025-07-09T05:57:58.643+0000] {processor.py:161} INFO - Started process (PID=1369) to work on /opt/airflow/dags/helpers.py
[2025-07-09T05:57:58.645+0000] {processor.py:830} INFO - Processing file /opt/airflow/dags/helpers.py for tasks to queue
[2025-07-09T05:57:58.646+0000] {logging_mixin.py:188} INFO - [2025-07-09T05:57:58.646+0000] {dagbag.py:538} INFO - Filling up the DagBag from /opt/airflow/dags/helpers.py
[2025-07-09T05:57:58.648+0000] {processor.py:842} WARNING - No viable dags retrieved from /opt/airflow/dags/helpers.py
[2025-07-09T05:57:58.658+0000] {processor.py:183} INFO - Processing /opt/airflow/dags/helpers.py took 0.017 seconds
[2025-07-09T05:58:29.294+0000] {processor.py:161} INFO - Started process (PID=1434) to work on /opt/airflow/dags/helpers.py
[2025-07-09T05:58:29.294+0000] {processor.py:830} INFO - Processing file /opt/airflow/dags/helpers.py for tasks to queue
[2025-07-09T05:58:29.296+0000] {logging_mixin.py:188} INFO - [2025-07-09T05:58:29.296+0000] {dagbag.py:538} INFO - Filling up the DagBag from /opt/airflow/dags/helpers.py
[2025-07-09T05:58:29.299+0000] {processor.py:842} WARNING - No viable dags retrieved from /opt/airflow/dags/helpers.py
[2025-07-09T05:58:29.308+0000] {processor.py:183} INFO - Processing /opt/airflow/dags/helpers.py took 0.018 seconds
[2025-07-09T05:59:00.021+0000] {processor.py:161} INFO - Started process (PID=1499) to work on /opt/airflow/dags/helpers.py
[2025-07-09T05:59:00.022+0000] {processor.py:830} INFO - Processing file /opt/airflow/dags/helpers.py for tasks to queue
[2025-07-09T05:59:00.023+0000] {logging_mixin.py:188} INFO - [2025-07-09T05:59:00.023+0000] {dagbag.py:538} INFO - Filling up the DagBag from /opt/airflow/dags/helpers.py
[2025-07-09T05:59:00.025+0000] {processor.py:842} WARNING - No viable dags retrieved from /opt/airflow/dags/helpers.py
[2025-07-09T05:59:00.036+0000] {processor.py:183} INFO - Processing /opt/airflow/dags/helpers.py took 0.017 seconds
[2025-07-09T05:59:30.686+0000] {processor.py:161} INFO - Started process (PID=1564) to work on /opt/airflow/dags/helpers.py
[2025-07-09T05:59:30.687+0000] {processor.py:830} INFO - Processing file /opt/airflow/dags/helpers.py for tasks to queue
[2025-07-09T05:59:30.688+0000] {logging_mixin.py:188} INFO - [2025-07-09T05:59:30.687+0000] {dagbag.py:538} INFO - Filling up the DagBag from /opt/airflow/dags/helpers.py
[2025-07-09T05:59:30.689+0000] {processor.py:842} WARNING - No viable dags retrieved from /opt/airflow/dags/helpers.py
[2025-07-09T05:59:30.699+0000] {processor.py:183} INFO - Processing /opt/airflow/dags/helpers.py took 0.015 seconds
[2025-07-09T06:00:01.403+0000] {processor.py:161} INFO - Started process (PID=1629) to work on /opt/airflow/dags/helpers.py
[2025-07-09T06:00:01.403+0000] {processor.py:830} INFO - Processing file /opt/airflow/dags/helpers.py for tasks to queue
[2025-07-09T06:00:01.405+0000] {logging_mixin.py:188} INFO - [2025-07-09T06:00:01.404+0000] {dagbag.py:538} INFO - Filling up the DagBag from /opt/airflow/dags/helpers.py
[2025-07-09T06:00:01.406+0000] {processor.py:842} WARNING - No viable dags retrieved from /opt/airflow/dags/helpers.py
[2025-07-09T06:00:01.414+0000] {processor.py:183} INFO - Processing /opt/airflow/dags/helpers.py took 0.013 seconds
[2025-07-09T06:00:32.075+0000] {processor.py:161} INFO - Started process (PID=1694) to work on /opt/airflow/dags/helpers.py
[2025-07-09T06:00:32.075+0000] {processor.py:830} INFO - Processing file /opt/airflow/dags/helpers.py for tasks to queue
[2025-07-09T06:00:32.077+0000] {logging_mixin.py:188} INFO - [2025-07-09T06:00:32.076+0000] {dagbag.py:538} INFO - Filling up the DagBag from /opt/airflow/dags/helpers.py
[2025-07-09T06:00:32.079+0000] {processor.py:842} WARNING - No viable dags retrieved from /opt/airflow/dags/helpers.py
[2025-07-09T06:00:32.088+0000] {processor.py:183} INFO - Processing /opt/airflow/dags/helpers.py took 0.016 seconds
[2025-07-09T06:01:02.784+0000] {processor.py:161} INFO - Started process (PID=1759) to work on /opt/airflow/dags/helpers.py
[2025-07-09T06:01:02.784+0000] {processor.py:830} INFO - Processing file /opt/airflow/dags/helpers.py for tasks to queue
[2025-07-09T06:01:02.786+0000] {logging_mixin.py:188} INFO - [2025-07-09T06:01:02.785+0000] {dagbag.py:538} INFO - Filling up the DagBag from /opt/airflow/dags/helpers.py
[2025-07-09T06:01:02.787+0000] {processor.py:842} WARNING - No viable dags retrieved from /opt/airflow/dags/helpers.py
[2025-07-09T06:01:02.795+0000] {processor.py:183} INFO - Processing /opt/airflow/dags/helpers.py took 0.014 seconds
[2025-07-09T06:01:33.454+0000] {processor.py:161} INFO - Started process (PID=1824) to work on /opt/airflow/dags/helpers.py
[2025-07-09T06:01:33.454+0000] {processor.py:830} INFO - Processing file /opt/airflow/dags/helpers.py for tasks to queue
[2025-07-09T06:01:33.456+0000] {logging_mixin.py:188} INFO - [2025-07-09T06:01:33.455+0000] {dagbag.py:538} INFO - Filling up the DagBag from /opt/airflow/dags/helpers.py
[2025-07-09T06:01:33.458+0000] {processor.py:842} WARNING - No viable dags retrieved from /opt/airflow/dags/helpers.py
[2025-07-09T06:01:33.467+0000] {processor.py:183} INFO - Processing /opt/airflow/dags/helpers.py took 0.016 seconds
[2025-07-09T06:02:04.168+0000] {processor.py:161} INFO - Started process (PID=1889) to work on /opt/airflow/dags/helpers.py
[2025-07-09T06:02:04.169+0000] {processor.py:830} INFO - Processing file /opt/airflow/dags/helpers.py for tasks to queue
[2025-07-09T06:02:04.171+0000] {logging_mixin.py:188} INFO - [2025-07-09T06:02:04.171+0000] {dagbag.py:538} INFO - Filling up the DagBag from /opt/airflow/dags/helpers.py
[2025-07-09T06:02:04.173+0000] {processor.py:842} WARNING - No viable dags retrieved from /opt/airflow/dags/helpers.py
[2025-07-09T06:02:04.189+0000] {processor.py:183} INFO - Processing /opt/airflow/dags/helpers.py took 0.023 seconds
[2025-07-09T06:02:34.851+0000] {processor.py:161} INFO - Started process (PID=1954) to work on /opt/airflow/dags/helpers.py
[2025-07-09T06:02:34.851+0000] {processor.py:830} INFO - Processing file /opt/airflow/dags/helpers.py for tasks to queue
[2025-07-09T06:02:34.852+0000] {logging_mixin.py:188} INFO - [2025-07-09T06:02:34.852+0000] {dagbag.py:538} INFO - Filling up the DagBag from /opt/airflow/dags/helpers.py
[2025-07-09T06:02:34.854+0000] {processor.py:842} WARNING - No viable dags retrieved from /opt/airflow/dags/helpers.py
[2025-07-09T06:02:34.865+0000] {processor.py:183} INFO - Processing /opt/airflow/dags/helpers.py took 0.017 seconds
[2025-07-09T06:03:05.515+0000] {processor.py:161} INFO - Started process (PID=2019) to work on /opt/airflow/dags/helpers.py
[2025-07-09T06:03:05.515+0000] {processor.py:830} INFO - Processing file /opt/airflow/dags/helpers.py for tasks to queue
[2025-07-09T06:03:05.516+0000] {logging_mixin.py:188} INFO - [2025-07-09T06:03:05.516+0000] {dagbag.py:538} INFO - Filling up the DagBag from /opt/airflow/dags/helpers.py
[2025-07-09T06:03:05.518+0000] {processor.py:842} WARNING - No viable dags retrieved from /opt/airflow/dags/helpers.py
[2025-07-09T06:03:05.526+0000] {processor.py:183} INFO - Processing /opt/airflow/dags/helpers.py took 0.013 seconds
[2025-07-09T06:03:36.131+0000] {processor.py:161} INFO - Started process (PID=2084) to work on /opt/airflow/dags/helpers.py
[2025-07-09T06:03:36.132+0000] {processor.py:830} INFO - Processing file /opt/airflow/dags/helpers.py for tasks to queue
[2025-07-09T06:03:36.133+0000] {logging_mixin.py:188} INFO - [2025-07-09T06:03:36.133+0000] {dagbag.py:538} INFO - Filling up the DagBag from /opt/airflow/dags/helpers.py
[2025-07-09T06:03:36.135+0000] {processor.py:842} WARNING - No viable dags retrieved from /opt/airflow/dags/helpers.py
[2025-07-09T06:03:36.144+0000] {processor.py:183} INFO - Processing /opt/airflow/dags/helpers.py took 0.015 seconds
[2025-07-09T06:04:06.812+0000] {processor.py:161} INFO - Started process (PID=2149) to work on /opt/airflow/dags/helpers.py
[2025-07-09T06:04:06.813+0000] {processor.py:830} INFO - Processing file /opt/airflow/dags/helpers.py for tasks to queue
[2025-07-09T06:04:06.814+0000] {logging_mixin.py:188} INFO - [2025-07-09T06:04:06.814+0000] {dagbag.py:538} INFO - Filling up the DagBag from /opt/airflow/dags/helpers.py
[2025-07-09T06:04:06.816+0000] {processor.py:842} WARNING - No viable dags retrieved from /opt/airflow/dags/helpers.py
[2025-07-09T06:04:06.827+0000] {processor.py:183} INFO - Processing /opt/airflow/dags/helpers.py took 0.018 seconds
[2025-07-09T06:04:37.439+0000] {processor.py:161} INFO - Started process (PID=2214) to work on /opt/airflow/dags/helpers.py
[2025-07-09T06:04:37.439+0000] {processor.py:830} INFO - Processing file /opt/airflow/dags/helpers.py for tasks to queue
[2025-07-09T06:04:37.440+0000] {logging_mixin.py:188} INFO - [2025-07-09T06:04:37.440+0000] {dagbag.py:538} INFO - Filling up the DagBag from /opt/airflow/dags/helpers.py
[2025-07-09T06:04:37.442+0000] {processor.py:842} WARNING - No viable dags retrieved from /opt/airflow/dags/helpers.py
[2025-07-09T06:04:37.452+0000] {processor.py:183} INFO - Processing /opt/airflow/dags/helpers.py took 0.015 seconds
[2025-07-09T06:05:08.132+0000] {processor.py:161} INFO - Started process (PID=2279) to work on /opt/airflow/dags/helpers.py
[2025-07-09T06:05:08.132+0000] {processor.py:830} INFO - Processing file /opt/airflow/dags/helpers.py for tasks to queue
[2025-07-09T06:05:08.133+0000] {logging_mixin.py:188} INFO - [2025-07-09T06:05:08.133+0000] {dagbag.py:538} INFO - Filling up the DagBag from /opt/airflow/dags/helpers.py
[2025-07-09T06:05:08.134+0000] {processor.py:842} WARNING - No viable dags retrieved from /opt/airflow/dags/helpers.py
[2025-07-09T06:05:08.143+0000] {processor.py:183} INFO - Processing /opt/airflow/dags/helpers.py took 0.013 seconds
[2025-07-09T06:05:38.790+0000] {processor.py:161} INFO - Started process (PID=2344) to work on /opt/airflow/dags/helpers.py
[2025-07-09T06:05:38.790+0000] {processor.py:830} INFO - Processing file /opt/airflow/dags/helpers.py for tasks to queue
[2025-07-09T06:05:38.791+0000] {logging_mixin.py:188} INFO - [2025-07-09T06:05:38.791+0000] {dagbag.py:538} INFO - Filling up the DagBag from /opt/airflow/dags/helpers.py
[2025-07-09T06:05:38.793+0000] {processor.py:842} WARNING - No viable dags retrieved from /opt/airflow/dags/helpers.py
[2025-07-09T06:05:38.803+0000] {processor.py:183} INFO - Processing /opt/airflow/dags/helpers.py took 0.017 seconds
[2025-07-09T06:06:09.444+0000] {processor.py:161} INFO - Started process (PID=2409) to work on /opt/airflow/dags/helpers.py
[2025-07-09T06:06:09.445+0000] {processor.py:830} INFO - Processing file /opt/airflow/dags/helpers.py for tasks to queue
[2025-07-09T06:06:09.446+0000] {logging_mixin.py:188} INFO - [2025-07-09T06:06:09.446+0000] {dagbag.py:538} INFO - Filling up the DagBag from /opt/airflow/dags/helpers.py
[2025-07-09T06:06:09.448+0000] {processor.py:842} WARNING - No viable dags retrieved from /opt/airflow/dags/helpers.py
[2025-07-09T06:06:09.459+0000] {processor.py:183} INFO - Processing /opt/airflow/dags/helpers.py took 0.017 seconds
[2025-07-09T06:06:40.163+0000] {processor.py:161} INFO - Started process (PID=2474) to work on /opt/airflow/dags/helpers.py
[2025-07-09T06:06:40.164+0000] {processor.py:830} INFO - Processing file /opt/airflow/dags/helpers.py for tasks to queue
[2025-07-09T06:06:40.165+0000] {logging_mixin.py:188} INFO - [2025-07-09T06:06:40.165+0000] {dagbag.py:538} INFO - Filling up the DagBag from /opt/airflow/dags/helpers.py
[2025-07-09T06:06:40.167+0000] {processor.py:842} WARNING - No viable dags retrieved from /opt/airflow/dags/helpers.py
[2025-07-09T06:06:40.179+0000] {processor.py:183} INFO - Processing /opt/airflow/dags/helpers.py took 0.018 seconds
[2025-07-09T06:07:10.808+0000] {processor.py:161} INFO - Started process (PID=2539) to work on /opt/airflow/dags/helpers.py
[2025-07-09T06:07:10.808+0000] {processor.py:830} INFO - Processing file /opt/airflow/dags/helpers.py for tasks to queue
[2025-07-09T06:07:10.809+0000] {logging_mixin.py:188} INFO - [2025-07-09T06:07:10.809+0000] {dagbag.py:538} INFO - Filling up the DagBag from /opt/airflow/dags/helpers.py
[2025-07-09T06:07:10.811+0000] {processor.py:842} WARNING - No viable dags retrieved from /opt/airflow/dags/helpers.py
[2025-07-09T06:07:10.821+0000] {processor.py:183} INFO - Processing /opt/airflow/dags/helpers.py took 0.014 seconds
[2025-07-09T06:07:41.455+0000] {processor.py:161} INFO - Started process (PID=2604) to work on /opt/airflow/dags/helpers.py
[2025-07-09T06:07:41.456+0000] {processor.py:830} INFO - Processing file /opt/airflow/dags/helpers.py for tasks to queue
[2025-07-09T06:07:41.457+0000] {logging_mixin.py:188} INFO - [2025-07-09T06:07:41.456+0000] {dagbag.py:538} INFO - Filling up the DagBag from /opt/airflow/dags/helpers.py
[2025-07-09T06:07:41.458+0000] {processor.py:842} WARNING - No viable dags retrieved from /opt/airflow/dags/helpers.py
[2025-07-09T06:07:41.466+0000] {processor.py:183} INFO - Processing /opt/airflow/dags/helpers.py took 0.013 seconds
[2025-07-09T06:08:12.082+0000] {processor.py:161} INFO - Started process (PID=2669) to work on /opt/airflow/dags/helpers.py
[2025-07-09T06:08:12.082+0000] {processor.py:830} INFO - Processing file /opt/airflow/dags/helpers.py for tasks to queue
[2025-07-09T06:08:12.083+0000] {logging_mixin.py:188} INFO - [2025-07-09T06:08:12.083+0000] {dagbag.py:538} INFO - Filling up the DagBag from /opt/airflow/dags/helpers.py
[2025-07-09T06:08:12.085+0000] {processor.py:842} WARNING - No viable dags retrieved from /opt/airflow/dags/helpers.py
[2025-07-09T06:08:12.094+0000] {processor.py:183} INFO - Processing /opt/airflow/dags/helpers.py took 0.015 seconds
[2025-07-09T06:08:42.847+0000] {processor.py:161} INFO - Started process (PID=2734) to work on /opt/airflow/dags/helpers.py
[2025-07-09T06:08:42.848+0000] {processor.py:830} INFO - Processing file /opt/airflow/dags/helpers.py for tasks to queue
[2025-07-09T06:08:42.849+0000] {logging_mixin.py:188} INFO - [2025-07-09T06:08:42.849+0000] {dagbag.py:538} INFO - Filling up the DagBag from /opt/airflow/dags/helpers.py
[2025-07-09T06:08:42.850+0000] {processor.py:842} WARNING - No viable dags retrieved from /opt/airflow/dags/helpers.py
[2025-07-09T06:08:42.859+0000] {processor.py:183} INFO - Processing /opt/airflow/dags/helpers.py took 0.013 seconds
[2025-07-09T06:09:13.554+0000] {processor.py:161} INFO - Started process (PID=2799) to work on /opt/airflow/dags/helpers.py
[2025-07-09T06:09:13.554+0000] {processor.py:830} INFO - Processing file /opt/airflow/dags/helpers.py for tasks to queue
[2025-07-09T06:09:13.555+0000] {logging_mixin.py:188} INFO - [2025-07-09T06:09:13.555+0000] {dagbag.py:538} INFO - Filling up the DagBag from /opt/airflow/dags/helpers.py
[2025-07-09T06:09:13.556+0000] {processor.py:842} WARNING - No viable dags retrieved from /opt/airflow/dags/helpers.py
[2025-07-09T06:09:13.568+0000] {processor.py:183} INFO - Processing /opt/airflow/dags/helpers.py took 0.017 seconds
[2025-07-09T06:09:44.258+0000] {processor.py:161} INFO - Started process (PID=2864) to work on /opt/airflow/dags/helpers.py
[2025-07-09T06:09:44.258+0000] {processor.py:830} INFO - Processing file /opt/airflow/dags/helpers.py for tasks to queue
[2025-07-09T06:09:44.259+0000] {logging_mixin.py:188} INFO - [2025-07-09T06:09:44.259+0000] {dagbag.py:538} INFO - Filling up the DagBag from /opt/airflow/dags/helpers.py
[2025-07-09T06:09:44.261+0000] {processor.py:842} WARNING - No viable dags retrieved from /opt/airflow/dags/helpers.py
[2025-07-09T06:09:44.271+0000] {processor.py:183} INFO - Processing /opt/airflow/dags/helpers.py took 0.016 seconds
[2025-07-09T06:10:14.906+0000] {processor.py:161} INFO - Started process (PID=2929) to work on /opt/airflow/dags/helpers.py
[2025-07-09T06:10:14.908+0000] {processor.py:830} INFO - Processing file /opt/airflow/dags/helpers.py for tasks to queue
[2025-07-09T06:10:14.910+0000] {logging_mixin.py:188} INFO - [2025-07-09T06:10:14.909+0000] {dagbag.py:538} INFO - Filling up the DagBag from /opt/airflow/dags/helpers.py
[2025-07-09T06:10:14.912+0000] {processor.py:842} WARNING - No viable dags retrieved from /opt/airflow/dags/helpers.py
[2025-07-09T06:10:14.925+0000] {processor.py:183} INFO - Processing /opt/airflow/dags/helpers.py took 0.022 seconds
[2025-07-09T06:10:45.654+0000] {processor.py:161} INFO - Started process (PID=2994) to work on /opt/airflow/dags/helpers.py
[2025-07-09T06:10:45.655+0000] {processor.py:830} INFO - Processing file /opt/airflow/dags/helpers.py for tasks to queue
[2025-07-09T06:10:45.656+0000] {logging_mixin.py:188} INFO - [2025-07-09T06:10:45.655+0000] {dagbag.py:538} INFO - Filling up the DagBag from /opt/airflow/dags/helpers.py
[2025-07-09T06:10:45.657+0000] {processor.py:842} WARNING - No viable dags retrieved from /opt/airflow/dags/helpers.py
[2025-07-09T06:10:45.667+0000] {processor.py:183} INFO - Processing /opt/airflow/dags/helpers.py took 0.015 seconds
[2025-07-09T06:11:16.358+0000] {processor.py:161} INFO - Started process (PID=3059) to work on /opt/airflow/dags/helpers.py
[2025-07-09T06:11:16.359+0000] {processor.py:830} INFO - Processing file /opt/airflow/dags/helpers.py for tasks to queue
[2025-07-09T06:11:16.360+0000] {logging_mixin.py:188} INFO - [2025-07-09T06:11:16.360+0000] {dagbag.py:538} INFO - Filling up the DagBag from /opt/airflow/dags/helpers.py
[2025-07-09T06:11:16.362+0000] {processor.py:842} WARNING - No viable dags retrieved from /opt/airflow/dags/helpers.py
[2025-07-09T06:11:16.371+0000] {processor.py:183} INFO - Processing /opt/airflow/dags/helpers.py took 0.016 seconds
[2025-07-09T06:11:47.103+0000] {processor.py:161} INFO - Started process (PID=3124) to work on /opt/airflow/dags/helpers.py
[2025-07-09T06:11:47.104+0000] {processor.py:830} INFO - Processing file /opt/airflow/dags/helpers.py for tasks to queue
[2025-07-09T06:11:47.105+0000] {logging_mixin.py:188} INFO - [2025-07-09T06:11:47.104+0000] {dagbag.py:538} INFO - Filling up the DagBag from /opt/airflow/dags/helpers.py
[2025-07-09T06:11:47.106+0000] {processor.py:842} WARNING - No viable dags retrieved from /opt/airflow/dags/helpers.py
[2025-07-09T06:11:47.115+0000] {processor.py:183} INFO - Processing /opt/airflow/dags/helpers.py took 0.014 seconds
[2025-07-09T06:12:17.807+0000] {processor.py:161} INFO - Started process (PID=3189) to work on /opt/airflow/dags/helpers.py
[2025-07-09T06:12:17.807+0000] {processor.py:830} INFO - Processing file /opt/airflow/dags/helpers.py for tasks to queue
[2025-07-09T06:12:17.808+0000] {logging_mixin.py:188} INFO - [2025-07-09T06:12:17.808+0000] {dagbag.py:538} INFO - Filling up the DagBag from /opt/airflow/dags/helpers.py
[2025-07-09T06:12:17.810+0000] {processor.py:842} WARNING - No viable dags retrieved from /opt/airflow/dags/helpers.py
[2025-07-09T06:12:17.820+0000] {processor.py:183} INFO - Processing /opt/airflow/dags/helpers.py took 0.015 seconds
[2025-07-09T06:12:49.444+0000] {processor.py:161} INFO - Started process (PID=3254) to work on /opt/airflow/dags/helpers.py
[2025-07-09T06:12:49.444+0000] {processor.py:830} INFO - Processing file /opt/airflow/dags/helpers.py for tasks to queue
[2025-07-09T06:12:49.445+0000] {logging_mixin.py:188} INFO - [2025-07-09T06:12:49.445+0000] {dagbag.py:538} INFO - Filling up the DagBag from /opt/airflow/dags/helpers.py
[2025-07-09T06:12:49.447+0000] {processor.py:842} WARNING - No viable dags retrieved from /opt/airflow/dags/helpers.py
[2025-07-09T06:12:49.457+0000] {processor.py:183} INFO - Processing /opt/airflow/dags/helpers.py took 0.015 seconds
[2025-07-09T06:13:20.108+0000] {processor.py:161} INFO - Started process (PID=3319) to work on /opt/airflow/dags/helpers.py
[2025-07-09T06:13:20.109+0000] {processor.py:830} INFO - Processing file /opt/airflow/dags/helpers.py for tasks to queue
[2025-07-09T06:13:20.110+0000] {logging_mixin.py:188} INFO - [2025-07-09T06:13:20.110+0000] {dagbag.py:538} INFO - Filling up the DagBag from /opt/airflow/dags/helpers.py
[2025-07-09T06:13:20.111+0000] {processor.py:842} WARNING - No viable dags retrieved from /opt/airflow/dags/helpers.py
[2025-07-09T06:13:20.122+0000] {processor.py:183} INFO - Processing /opt/airflow/dags/helpers.py took 0.017 seconds
[2025-07-09T06:13:50.753+0000] {processor.py:161} INFO - Started process (PID=3384) to work on /opt/airflow/dags/helpers.py
[2025-07-09T06:13:50.754+0000] {processor.py:830} INFO - Processing file /opt/airflow/dags/helpers.py for tasks to queue
[2025-07-09T06:13:50.756+0000] {logging_mixin.py:188} INFO - [2025-07-09T06:13:50.755+0000] {dagbag.py:538} INFO - Filling up the DagBag from /opt/airflow/dags/helpers.py
[2025-07-09T06:13:50.758+0000] {processor.py:842} WARNING - No viable dags retrieved from /opt/airflow/dags/helpers.py
[2025-07-09T06:13:50.771+0000] {processor.py:183} INFO - Processing /opt/airflow/dags/helpers.py took 0.021 seconds
[2025-07-09T06:14:21.455+0000] {processor.py:161} INFO - Started process (PID=3449) to work on /opt/airflow/dags/helpers.py
[2025-07-09T06:14:21.456+0000] {processor.py:830} INFO - Processing file /opt/airflow/dags/helpers.py for tasks to queue
[2025-07-09T06:14:21.457+0000] {logging_mixin.py:188} INFO - [2025-07-09T06:14:21.457+0000] {dagbag.py:538} INFO - Filling up the DagBag from /opt/airflow/dags/helpers.py
[2025-07-09T06:14:21.459+0000] {processor.py:842} WARNING - No viable dags retrieved from /opt/airflow/dags/helpers.py
[2025-07-09T06:14:21.467+0000] {processor.py:183} INFO - Processing /opt/airflow/dags/helpers.py took 0.014 seconds
[2025-07-09T06:14:52.083+0000] {processor.py:161} INFO - Started process (PID=3514) to work on /opt/airflow/dags/helpers.py
[2025-07-09T06:14:52.084+0000] {processor.py:830} INFO - Processing file /opt/airflow/dags/helpers.py for tasks to queue
[2025-07-09T06:14:52.085+0000] {logging_mixin.py:188} INFO - [2025-07-09T06:14:52.085+0000] {dagbag.py:538} INFO - Filling up the DagBag from /opt/airflow/dags/helpers.py
[2025-07-09T06:14:52.088+0000] {processor.py:842} WARNING - No viable dags retrieved from /opt/airflow/dags/helpers.py
[2025-07-09T06:14:52.098+0000] {processor.py:183} INFO - Processing /opt/airflow/dags/helpers.py took 0.017 seconds
[2025-07-09T06:15:22.736+0000] {processor.py:161} INFO - Started process (PID=3579) to work on /opt/airflow/dags/helpers.py
[2025-07-09T06:15:22.737+0000] {processor.py:830} INFO - Processing file /opt/airflow/dags/helpers.py for tasks to queue
[2025-07-09T06:15:22.738+0000] {logging_mixin.py:188} INFO - [2025-07-09T06:15:22.738+0000] {dagbag.py:538} INFO - Filling up the DagBag from /opt/airflow/dags/helpers.py
[2025-07-09T06:15:22.740+0000] {processor.py:842} WARNING - No viable dags retrieved from /opt/airflow/dags/helpers.py
[2025-07-09T06:15:22.751+0000] {processor.py:183} INFO - Processing /opt/airflow/dags/helpers.py took 0.017 seconds
[2025-07-09T06:15:53.388+0000] {processor.py:161} INFO - Started process (PID=3644) to work on /opt/airflow/dags/helpers.py
[2025-07-09T06:15:53.389+0000] {processor.py:830} INFO - Processing file /opt/airflow/dags/helpers.py for tasks to queue
[2025-07-09T06:15:53.390+0000] {logging_mixin.py:188} INFO - [2025-07-09T06:15:53.390+0000] {dagbag.py:538} INFO - Filling up the DagBag from /opt/airflow/dags/helpers.py
[2025-07-09T06:15:53.392+0000] {processor.py:842} WARNING - No viable dags retrieved from /opt/airflow/dags/helpers.py
[2025-07-09T06:15:53.402+0000] {processor.py:183} INFO - Processing /opt/airflow/dags/helpers.py took 0.018 seconds
[2025-07-09T06:16:24.003+0000] {processor.py:161} INFO - Started process (PID=3709) to work on /opt/airflow/dags/helpers.py
[2025-07-09T06:16:24.004+0000] {processor.py:830} INFO - Processing file /opt/airflow/dags/helpers.py for tasks to queue
[2025-07-09T06:16:24.005+0000] {logging_mixin.py:188} INFO - [2025-07-09T06:16:24.005+0000] {dagbag.py:538} INFO - Filling up the DagBag from /opt/airflow/dags/helpers.py
[2025-07-09T06:16:24.007+0000] {processor.py:842} WARNING - No viable dags retrieved from /opt/airflow/dags/helpers.py
[2025-07-09T06:16:24.016+0000] {processor.py:183} INFO - Processing /opt/airflow/dags/helpers.py took 0.015 seconds
[2025-07-09T06:16:54.739+0000] {processor.py:161} INFO - Started process (PID=3774) to work on /opt/airflow/dags/helpers.py
[2025-07-09T06:16:54.740+0000] {processor.py:830} INFO - Processing file /opt/airflow/dags/helpers.py for tasks to queue
[2025-07-09T06:16:54.743+0000] {logging_mixin.py:188} INFO - [2025-07-09T06:16:54.742+0000] {dagbag.py:538} INFO - Filling up the DagBag from /opt/airflow/dags/helpers.py
[2025-07-09T06:16:54.745+0000] {processor.py:842} WARNING - No viable dags retrieved from /opt/airflow/dags/helpers.py
[2025-07-09T06:16:54.762+0000] {processor.py:183} INFO - Processing /opt/airflow/dags/helpers.py took 0.029 seconds
[2025-07-09T06:17:25.491+0000] {processor.py:161} INFO - Started process (PID=3839) to work on /opt/airflow/dags/helpers.py
[2025-07-09T06:17:25.491+0000] {processor.py:830} INFO - Processing file /opt/airflow/dags/helpers.py for tasks to queue
[2025-07-09T06:17:25.492+0000] {logging_mixin.py:188} INFO - [2025-07-09T06:17:25.492+0000] {dagbag.py:538} INFO - Filling up the DagBag from /opt/airflow/dags/helpers.py
[2025-07-09T06:17:25.494+0000] {processor.py:842} WARNING - No viable dags retrieved from /opt/airflow/dags/helpers.py
[2025-07-09T06:17:25.511+0000] {processor.py:183} INFO - Processing /opt/airflow/dags/helpers.py took 0.024 seconds
[2025-07-09T06:17:56.254+0000] {processor.py:161} INFO - Started process (PID=3904) to work on /opt/airflow/dags/helpers.py
[2025-07-09T06:17:56.255+0000] {processor.py:830} INFO - Processing file /opt/airflow/dags/helpers.py for tasks to queue
[2025-07-09T06:17:56.258+0000] {logging_mixin.py:188} INFO - [2025-07-09T06:17:56.257+0000] {dagbag.py:538} INFO - Filling up the DagBag from /opt/airflow/dags/helpers.py
[2025-07-09T06:17:56.262+0000] {processor.py:842} WARNING - No viable dags retrieved from /opt/airflow/dags/helpers.py
[2025-07-09T06:17:56.283+0000] {processor.py:183} INFO - Processing /opt/airflow/dags/helpers.py took 0.034 seconds
[2025-07-09T06:18:26.965+0000] {processor.py:161} INFO - Started process (PID=3969) to work on /opt/airflow/dags/helpers.py
[2025-07-09T06:18:26.965+0000] {processor.py:830} INFO - Processing file /opt/airflow/dags/helpers.py for tasks to queue
[2025-07-09T06:18:26.966+0000] {logging_mixin.py:188} INFO - [2025-07-09T06:18:26.966+0000] {dagbag.py:538} INFO - Filling up the DagBag from /opt/airflow/dags/helpers.py
[2025-07-09T06:18:26.968+0000] {processor.py:842} WARNING - No viable dags retrieved from /opt/airflow/dags/helpers.py
[2025-07-09T06:18:26.979+0000] {processor.py:183} INFO - Processing /opt/airflow/dags/helpers.py took 0.017 seconds
[2025-07-09T06:18:57.592+0000] {processor.py:161} INFO - Started process (PID=4034) to work on /opt/airflow/dags/helpers.py
[2025-07-09T06:18:57.592+0000] {processor.py:830} INFO - Processing file /opt/airflow/dags/helpers.py for tasks to queue
[2025-07-09T06:18:57.593+0000] {logging_mixin.py:188} INFO - [2025-07-09T06:18:57.593+0000] {dagbag.py:538} INFO - Filling up the DagBag from /opt/airflow/dags/helpers.py
[2025-07-09T06:18:57.595+0000] {processor.py:842} WARNING - No viable dags retrieved from /opt/airflow/dags/helpers.py
[2025-07-09T06:18:57.604+0000] {processor.py:183} INFO - Processing /opt/airflow/dags/helpers.py took 0.014 seconds
[2025-07-09T06:19:28.220+0000] {processor.py:161} INFO - Started process (PID=4099) to work on /opt/airflow/dags/helpers.py
[2025-07-09T06:19:28.221+0000] {processor.py:830} INFO - Processing file /opt/airflow/dags/helpers.py for tasks to queue
[2025-07-09T06:19:28.222+0000] {logging_mixin.py:188} INFO - [2025-07-09T06:19:28.222+0000] {dagbag.py:538} INFO - Filling up the DagBag from /opt/airflow/dags/helpers.py
[2025-07-09T06:19:28.223+0000] {processor.py:842} WARNING - No viable dags retrieved from /opt/airflow/dags/helpers.py
[2025-07-09T06:19:28.232+0000] {processor.py:183} INFO - Processing /opt/airflow/dags/helpers.py took 0.013 seconds
[2025-07-09T06:19:58.900+0000] {processor.py:161} INFO - Started process (PID=4164) to work on /opt/airflow/dags/helpers.py
[2025-07-09T06:19:58.901+0000] {processor.py:830} INFO - Processing file /opt/airflow/dags/helpers.py for tasks to queue
[2025-07-09T06:19:58.902+0000] {logging_mixin.py:188} INFO - [2025-07-09T06:19:58.902+0000] {dagbag.py:538} INFO - Filling up the DagBag from /opt/airflow/dags/helpers.py
[2025-07-09T06:19:58.903+0000] {processor.py:842} WARNING - No viable dags retrieved from /opt/airflow/dags/helpers.py
[2025-07-09T06:19:58.913+0000] {processor.py:183} INFO - Processing /opt/airflow/dags/helpers.py took 0.015 seconds
[2025-07-09T06:20:29.548+0000] {processor.py:161} INFO - Started process (PID=4229) to work on /opt/airflow/dags/helpers.py
[2025-07-09T06:20:29.549+0000] {processor.py:830} INFO - Processing file /opt/airflow/dags/helpers.py for tasks to queue
[2025-07-09T06:20:29.550+0000] {logging_mixin.py:188} INFO - [2025-07-09T06:20:29.549+0000] {dagbag.py:538} INFO - Filling up the DagBag from /opt/airflow/dags/helpers.py
[2025-07-09T06:20:29.551+0000] {processor.py:842} WARNING - No viable dags retrieved from /opt/airflow/dags/helpers.py
[2025-07-09T06:20:29.560+0000] {processor.py:183} INFO - Processing /opt/airflow/dags/helpers.py took 0.014 seconds
[2025-07-09T06:21:00.199+0000] {processor.py:161} INFO - Started process (PID=4294) to work on /opt/airflow/dags/helpers.py
[2025-07-09T06:21:00.200+0000] {processor.py:830} INFO - Processing file /opt/airflow/dags/helpers.py for tasks to queue
[2025-07-09T06:21:00.201+0000] {logging_mixin.py:188} INFO - [2025-07-09T06:21:00.200+0000] {dagbag.py:538} INFO - Filling up the DagBag from /opt/airflow/dags/helpers.py
[2025-07-09T06:21:00.202+0000] {processor.py:842} WARNING - No viable dags retrieved from /opt/airflow/dags/helpers.py
[2025-07-09T06:21:00.212+0000] {processor.py:183} INFO - Processing /opt/airflow/dags/helpers.py took 0.015 seconds
[2025-07-09T06:21:30.853+0000] {processor.py:161} INFO - Started process (PID=4359) to work on /opt/airflow/dags/helpers.py
[2025-07-09T06:21:30.853+0000] {processor.py:830} INFO - Processing file /opt/airflow/dags/helpers.py for tasks to queue
[2025-07-09T06:21:30.854+0000] {logging_mixin.py:188} INFO - [2025-07-09T06:21:30.854+0000] {dagbag.py:538} INFO - Filling up the DagBag from /opt/airflow/dags/helpers.py
[2025-07-09T06:21:30.856+0000] {processor.py:842} WARNING - No viable dags retrieved from /opt/airflow/dags/helpers.py
[2025-07-09T06:21:30.867+0000] {processor.py:183} INFO - Processing /opt/airflow/dags/helpers.py took 0.017 seconds
[2025-07-09T06:22:01.477+0000] {processor.py:161} INFO - Started process (PID=4424) to work on /opt/airflow/dags/helpers.py
[2025-07-09T06:22:01.478+0000] {processor.py:830} INFO - Processing file /opt/airflow/dags/helpers.py for tasks to queue
[2025-07-09T06:22:01.480+0000] {logging_mixin.py:188} INFO - [2025-07-09T06:22:01.479+0000] {dagbag.py:538} INFO - Filling up the DagBag from /opt/airflow/dags/helpers.py
[2025-07-09T06:22:01.482+0000] {processor.py:842} WARNING - No viable dags retrieved from /opt/airflow/dags/helpers.py
[2025-07-09T06:22:01.493+0000] {processor.py:183} INFO - Processing /opt/airflow/dags/helpers.py took 0.019 seconds
[2025-07-09T06:22:32.110+0000] {processor.py:161} INFO - Started process (PID=4489) to work on /opt/airflow/dags/helpers.py
[2025-07-09T06:22:32.110+0000] {processor.py:830} INFO - Processing file /opt/airflow/dags/helpers.py for tasks to queue
[2025-07-09T06:22:32.111+0000] {logging_mixin.py:188} INFO - [2025-07-09T06:22:32.111+0000] {dagbag.py:538} INFO - Filling up the DagBag from /opt/airflow/dags/helpers.py
[2025-07-09T06:22:32.112+0000] {processor.py:842} WARNING - No viable dags retrieved from /opt/airflow/dags/helpers.py
[2025-07-09T06:22:32.121+0000] {processor.py:183} INFO - Processing /opt/airflow/dags/helpers.py took 0.013 seconds
[2025-07-09T06:23:02.763+0000] {processor.py:161} INFO - Started process (PID=4554) to work on /opt/airflow/dags/helpers.py
[2025-07-09T06:23:02.763+0000] {processor.py:830} INFO - Processing file /opt/airflow/dags/helpers.py for tasks to queue
[2025-07-09T06:23:02.764+0000] {logging_mixin.py:188} INFO - [2025-07-09T06:23:02.764+0000] {dagbag.py:538} INFO - Filling up the DagBag from /opt/airflow/dags/helpers.py
[2025-07-09T06:23:02.766+0000] {processor.py:842} WARNING - No viable dags retrieved from /opt/airflow/dags/helpers.py
[2025-07-09T06:23:02.774+0000] {processor.py:183} INFO - Processing /opt/airflow/dags/helpers.py took 0.013 seconds
[2025-07-09T06:23:33.355+0000] {processor.py:161} INFO - Started process (PID=4619) to work on /opt/airflow/dags/helpers.py
[2025-07-09T06:23:33.356+0000] {processor.py:830} INFO - Processing file /opt/airflow/dags/helpers.py for tasks to queue
[2025-07-09T06:23:33.357+0000] {logging_mixin.py:188} INFO - [2025-07-09T06:23:33.357+0000] {dagbag.py:538} INFO - Filling up the DagBag from /opt/airflow/dags/helpers.py
[2025-07-09T06:23:33.359+0000] {processor.py:842} WARNING - No viable dags retrieved from /opt/airflow/dags/helpers.py
[2025-07-09T06:23:33.368+0000] {processor.py:183} INFO - Processing /opt/airflow/dags/helpers.py took 0.015 seconds
[2025-07-09T06:24:04.008+0000] {processor.py:161} INFO - Started process (PID=4684) to work on /opt/airflow/dags/helpers.py
[2025-07-09T06:24:04.009+0000] {processor.py:830} INFO - Processing file /opt/airflow/dags/helpers.py for tasks to queue
[2025-07-09T06:24:04.010+0000] {logging_mixin.py:188} INFO - [2025-07-09T06:24:04.010+0000] {dagbag.py:538} INFO - Filling up the DagBag from /opt/airflow/dags/helpers.py
[2025-07-09T06:24:04.011+0000] {processor.py:842} WARNING - No viable dags retrieved from /opt/airflow/dags/helpers.py
[2025-07-09T06:24:04.019+0000] {processor.py:183} INFO - Processing /opt/airflow/dags/helpers.py took 0.013 seconds
[2025-07-09T06:24:34.630+0000] {processor.py:161} INFO - Started process (PID=4749) to work on /opt/airflow/dags/helpers.py
[2025-07-09T06:24:34.631+0000] {processor.py:830} INFO - Processing file /opt/airflow/dags/helpers.py for tasks to queue
[2025-07-09T06:24:34.632+0000] {logging_mixin.py:188} INFO - [2025-07-09T06:24:34.632+0000] {dagbag.py:538} INFO - Filling up the DagBag from /opt/airflow/dags/helpers.py
[2025-07-09T06:24:34.634+0000] {processor.py:842} WARNING - No viable dags retrieved from /opt/airflow/dags/helpers.py
[2025-07-09T06:24:34.643+0000] {processor.py:183} INFO - Processing /opt/airflow/dags/helpers.py took 0.015 seconds
[2025-07-09T06:25:05.217+0000] {processor.py:161} INFO - Started process (PID=4814) to work on /opt/airflow/dags/helpers.py
[2025-07-09T06:25:05.217+0000] {processor.py:830} INFO - Processing file /opt/airflow/dags/helpers.py for tasks to queue
[2025-07-09T06:25:05.218+0000] {logging_mixin.py:188} INFO - [2025-07-09T06:25:05.218+0000] {dagbag.py:538} INFO - Filling up the DagBag from /opt/airflow/dags/helpers.py
[2025-07-09T06:25:05.220+0000] {processor.py:842} WARNING - No viable dags retrieved from /opt/airflow/dags/helpers.py
[2025-07-09T06:25:05.231+0000] {processor.py:183} INFO - Processing /opt/airflow/dags/helpers.py took 0.016 seconds
[2025-07-09T06:25:35.889+0000] {processor.py:161} INFO - Started process (PID=4879) to work on /opt/airflow/dags/helpers.py
[2025-07-09T06:25:35.890+0000] {processor.py:830} INFO - Processing file /opt/airflow/dags/helpers.py for tasks to queue
[2025-07-09T06:25:35.891+0000] {logging_mixin.py:188} INFO - [2025-07-09T06:25:35.891+0000] {dagbag.py:538} INFO - Filling up the DagBag from /opt/airflow/dags/helpers.py
[2025-07-09T06:25:35.893+0000] {processor.py:842} WARNING - No viable dags retrieved from /opt/airflow/dags/helpers.py
[2025-07-09T06:25:35.905+0000] {processor.py:183} INFO - Processing /opt/airflow/dags/helpers.py took 0.018 seconds
[2025-07-09T06:26:06.523+0000] {processor.py:161} INFO - Started process (PID=4944) to work on /opt/airflow/dags/helpers.py
[2025-07-09T06:26:06.523+0000] {processor.py:830} INFO - Processing file /opt/airflow/dags/helpers.py for tasks to queue
[2025-07-09T06:26:06.524+0000] {logging_mixin.py:188} INFO - [2025-07-09T06:26:06.524+0000] {dagbag.py:538} INFO - Filling up the DagBag from /opt/airflow/dags/helpers.py
[2025-07-09T06:26:06.526+0000] {processor.py:842} WARNING - No viable dags retrieved from /opt/airflow/dags/helpers.py
[2025-07-09T06:26:06.535+0000] {processor.py:183} INFO - Processing /opt/airflow/dags/helpers.py took 0.014 seconds
[2025-07-09T06:26:37.188+0000] {processor.py:161} INFO - Started process (PID=5009) to work on /opt/airflow/dags/helpers.py
[2025-07-09T06:26:37.188+0000] {processor.py:830} INFO - Processing file /opt/airflow/dags/helpers.py for tasks to queue
[2025-07-09T06:26:37.189+0000] {logging_mixin.py:188} INFO - [2025-07-09T06:26:37.189+0000] {dagbag.py:538} INFO - Filling up the DagBag from /opt/airflow/dags/helpers.py
[2025-07-09T06:26:37.191+0000] {processor.py:842} WARNING - No viable dags retrieved from /opt/airflow/dags/helpers.py
[2025-07-09T06:26:37.199+0000] {processor.py:183} INFO - Processing /opt/airflow/dags/helpers.py took 0.014 seconds
[2025-07-09T06:27:07.778+0000] {processor.py:161} INFO - Started process (PID=5074) to work on /opt/airflow/dags/helpers.py
[2025-07-09T06:27:07.779+0000] {processor.py:830} INFO - Processing file /opt/airflow/dags/helpers.py for tasks to queue
[2025-07-09T06:27:07.780+0000] {logging_mixin.py:188} INFO - [2025-07-09T06:27:07.780+0000] {dagbag.py:538} INFO - Filling up the DagBag from /opt/airflow/dags/helpers.py
[2025-07-09T06:27:07.782+0000] {processor.py:842} WARNING - No viable dags retrieved from /opt/airflow/dags/helpers.py
[2025-07-09T06:27:07.791+0000] {processor.py:183} INFO - Processing /opt/airflow/dags/helpers.py took 0.015 seconds
[2025-07-09T06:27:38.412+0000] {processor.py:161} INFO - Started process (PID=5139) to work on /opt/airflow/dags/helpers.py
[2025-07-09T06:27:38.412+0000] {processor.py:830} INFO - Processing file /opt/airflow/dags/helpers.py for tasks to queue
[2025-07-09T06:27:38.414+0000] {logging_mixin.py:188} INFO - [2025-07-09T06:27:38.413+0000] {dagbag.py:538} INFO - Filling up the DagBag from /opt/airflow/dags/helpers.py
[2025-07-09T06:27:38.415+0000] {processor.py:842} WARNING - No viable dags retrieved from /opt/airflow/dags/helpers.py
[2025-07-09T06:27:38.424+0000] {processor.py:183} INFO - Processing /opt/airflow/dags/helpers.py took 0.015 seconds
[2025-07-09T06:28:09.044+0000] {processor.py:161} INFO - Started process (PID=5204) to work on /opt/airflow/dags/helpers.py
[2025-07-09T06:28:09.045+0000] {processor.py:830} INFO - Processing file /opt/airflow/dags/helpers.py for tasks to queue
[2025-07-09T06:28:09.047+0000] {logging_mixin.py:188} INFO - [2025-07-09T06:28:09.046+0000] {dagbag.py:538} INFO - Filling up the DagBag from /opt/airflow/dags/helpers.py
[2025-07-09T06:28:09.050+0000] {processor.py:842} WARNING - No viable dags retrieved from /opt/airflow/dags/helpers.py
[2025-07-09T06:28:09.059+0000] {processor.py:183} INFO - Processing /opt/airflow/dags/helpers.py took 0.018 seconds
[2025-07-09T06:28:39.716+0000] {processor.py:161} INFO - Started process (PID=5269) to work on /opt/airflow/dags/helpers.py
[2025-07-09T06:28:39.717+0000] {processor.py:830} INFO - Processing file /opt/airflow/dags/helpers.py for tasks to queue
[2025-07-09T06:28:39.718+0000] {logging_mixin.py:188} INFO - [2025-07-09T06:28:39.717+0000] {dagbag.py:538} INFO - Filling up the DagBag from /opt/airflow/dags/helpers.py
[2025-07-09T06:28:39.719+0000] {processor.py:842} WARNING - No viable dags retrieved from /opt/airflow/dags/helpers.py
[2025-07-09T06:28:39.730+0000] {processor.py:183} INFO - Processing /opt/airflow/dags/helpers.py took 0.016 seconds
[2025-07-09T06:29:10.405+0000] {processor.py:161} INFO - Started process (PID=5334) to work on /opt/airflow/dags/helpers.py
[2025-07-09T06:29:10.405+0000] {processor.py:830} INFO - Processing file /opt/airflow/dags/helpers.py for tasks to queue
[2025-07-09T06:29:10.406+0000] {logging_mixin.py:188} INFO - [2025-07-09T06:29:10.406+0000] {dagbag.py:538} INFO - Filling up the DagBag from /opt/airflow/dags/helpers.py
[2025-07-09T06:29:10.408+0000] {processor.py:842} WARNING - No viable dags retrieved from /opt/airflow/dags/helpers.py
[2025-07-09T06:29:10.418+0000] {processor.py:183} INFO - Processing /opt/airflow/dags/helpers.py took 0.016 seconds
[2025-07-09T06:29:41.019+0000] {processor.py:161} INFO - Started process (PID=5399) to work on /opt/airflow/dags/helpers.py
[2025-07-09T06:29:41.020+0000] {processor.py:830} INFO - Processing file /opt/airflow/dags/helpers.py for tasks to queue
[2025-07-09T06:29:41.021+0000] {logging_mixin.py:188} INFO - [2025-07-09T06:29:41.021+0000] {dagbag.py:538} INFO - Filling up the DagBag from /opt/airflow/dags/helpers.py
[2025-07-09T06:29:41.023+0000] {processor.py:842} WARNING - No viable dags retrieved from /opt/airflow/dags/helpers.py
[2025-07-09T06:29:41.032+0000] {processor.py:183} INFO - Processing /opt/airflow/dags/helpers.py took 0.015 seconds
[2025-07-09T06:30:11.666+0000] {processor.py:161} INFO - Started process (PID=5464) to work on /opt/airflow/dags/helpers.py
[2025-07-09T06:30:11.666+0000] {processor.py:830} INFO - Processing file /opt/airflow/dags/helpers.py for tasks to queue
[2025-07-09T06:30:11.667+0000] {logging_mixin.py:188} INFO - [2025-07-09T06:30:11.667+0000] {dagbag.py:538} INFO - Filling up the DagBag from /opt/airflow/dags/helpers.py
[2025-07-09T06:30:11.669+0000] {processor.py:842} WARNING - No viable dags retrieved from /opt/airflow/dags/helpers.py
[2025-07-09T06:30:11.680+0000] {processor.py:183} INFO - Processing /opt/airflow/dags/helpers.py took 0.016 seconds
[2025-07-09T06:30:42.343+0000] {processor.py:161} INFO - Started process (PID=5529) to work on /opt/airflow/dags/helpers.py
[2025-07-09T06:30:42.345+0000] {processor.py:830} INFO - Processing file /opt/airflow/dags/helpers.py for tasks to queue
[2025-07-09T06:30:42.347+0000] {logging_mixin.py:188} INFO - [2025-07-09T06:30:42.346+0000] {dagbag.py:538} INFO - Filling up the DagBag from /opt/airflow/dags/helpers.py
[2025-07-09T06:30:42.349+0000] {processor.py:842} WARNING - No viable dags retrieved from /opt/airflow/dags/helpers.py
[2025-07-09T06:30:42.360+0000] {processor.py:183} INFO - Processing /opt/airflow/dags/helpers.py took 0.021 seconds
[2025-07-09T06:31:13.006+0000] {processor.py:161} INFO - Started process (PID=5594) to work on /opt/airflow/dags/helpers.py
[2025-07-09T06:31:13.008+0000] {processor.py:830} INFO - Processing file /opt/airflow/dags/helpers.py for tasks to queue
[2025-07-09T06:31:13.009+0000] {logging_mixin.py:188} INFO - [2025-07-09T06:31:13.009+0000] {dagbag.py:538} INFO - Filling up the DagBag from /opt/airflow/dags/helpers.py
[2025-07-09T06:31:13.011+0000] {processor.py:842} WARNING - No viable dags retrieved from /opt/airflow/dags/helpers.py
[2025-07-09T06:31:13.021+0000] {processor.py:183} INFO - Processing /opt/airflow/dags/helpers.py took 0.017 seconds
[2025-07-09T06:31:43.571+0000] {processor.py:161} INFO - Started process (PID=5659) to work on /opt/airflow/dags/helpers.py
[2025-07-09T06:31:43.572+0000] {processor.py:830} INFO - Processing file /opt/airflow/dags/helpers.py for tasks to queue
[2025-07-09T06:31:43.573+0000] {logging_mixin.py:188} INFO - [2025-07-09T06:31:43.573+0000] {dagbag.py:538} INFO - Filling up the DagBag from /opt/airflow/dags/helpers.py
[2025-07-09T06:31:43.574+0000] {processor.py:842} WARNING - No viable dags retrieved from /opt/airflow/dags/helpers.py
[2025-07-09T06:31:43.584+0000] {processor.py:183} INFO - Processing /opt/airflow/dags/helpers.py took 0.015 seconds
[2025-07-09T06:32:14.231+0000] {processor.py:161} INFO - Started process (PID=5724) to work on /opt/airflow/dags/helpers.py
[2025-07-09T06:32:14.231+0000] {processor.py:830} INFO - Processing file /opt/airflow/dags/helpers.py for tasks to queue
[2025-07-09T06:32:14.233+0000] {logging_mixin.py:188} INFO - [2025-07-09T06:32:14.233+0000] {dagbag.py:538} INFO - Filling up the DagBag from /opt/airflow/dags/helpers.py
[2025-07-09T06:32:14.235+0000] {processor.py:842} WARNING - No viable dags retrieved from /opt/airflow/dags/helpers.py
[2025-07-09T06:32:14.243+0000] {processor.py:183} INFO - Processing /opt/airflow/dags/helpers.py took 0.015 seconds
[2025-07-09T06:32:44.909+0000] {processor.py:161} INFO - Started process (PID=5789) to work on /opt/airflow/dags/helpers.py
[2025-07-09T06:32:44.910+0000] {processor.py:830} INFO - Processing file /opt/airflow/dags/helpers.py for tasks to queue
[2025-07-09T06:32:44.911+0000] {logging_mixin.py:188} INFO - [2025-07-09T06:32:44.910+0000] {dagbag.py:538} INFO - Filling up the DagBag from /opt/airflow/dags/helpers.py
[2025-07-09T06:32:44.912+0000] {processor.py:842} WARNING - No viable dags retrieved from /opt/airflow/dags/helpers.py
[2025-07-09T06:32:44.920+0000] {processor.py:183} INFO - Processing /opt/airflow/dags/helpers.py took 0.014 seconds
[2025-07-09T06:33:15.577+0000] {processor.py:161} INFO - Started process (PID=5854) to work on /opt/airflow/dags/helpers.py
[2025-07-09T06:33:15.577+0000] {processor.py:830} INFO - Processing file /opt/airflow/dags/helpers.py for tasks to queue
[2025-07-09T06:33:15.578+0000] {logging_mixin.py:188} INFO - [2025-07-09T06:33:15.578+0000] {dagbag.py:538} INFO - Filling up the DagBag from /opt/airflow/dags/helpers.py
[2025-07-09T06:33:15.580+0000] {processor.py:842} WARNING - No viable dags retrieved from /opt/airflow/dags/helpers.py
[2025-07-09T06:33:15.588+0000] {processor.py:183} INFO - Processing /opt/airflow/dags/helpers.py took 0.014 seconds
[2025-07-09T06:33:46.211+0000] {processor.py:161} INFO - Started process (PID=5919) to work on /opt/airflow/dags/helpers.py
[2025-07-09T06:33:46.212+0000] {processor.py:830} INFO - Processing file /opt/airflow/dags/helpers.py for tasks to queue
[2025-07-09T06:33:46.214+0000] {logging_mixin.py:188} INFO - [2025-07-09T06:33:46.214+0000] {dagbag.py:538} INFO - Filling up the DagBag from /opt/airflow/dags/helpers.py
[2025-07-09T06:33:46.217+0000] {processor.py:842} WARNING - No viable dags retrieved from /opt/airflow/dags/helpers.py
[2025-07-09T06:33:46.229+0000] {processor.py:183} INFO - Processing /opt/airflow/dags/helpers.py took 0.020 seconds
[2025-07-09T06:34:16.866+0000] {processor.py:161} INFO - Started process (PID=5984) to work on /opt/airflow/dags/helpers.py
[2025-07-09T06:34:16.867+0000] {processor.py:830} INFO - Processing file /opt/airflow/dags/helpers.py for tasks to queue
[2025-07-09T06:34:16.868+0000] {logging_mixin.py:188} INFO - [2025-07-09T06:34:16.868+0000] {dagbag.py:538} INFO - Filling up the DagBag from /opt/airflow/dags/helpers.py
[2025-07-09T06:34:16.869+0000] {processor.py:842} WARNING - No viable dags retrieved from /opt/airflow/dags/helpers.py
[2025-07-09T06:34:16.877+0000] {processor.py:183} INFO - Processing /opt/airflow/dags/helpers.py took 0.013 seconds
[2025-07-09T06:34:47.508+0000] {processor.py:161} INFO - Started process (PID=6049) to work on /opt/airflow/dags/helpers.py
[2025-07-09T06:34:47.509+0000] {processor.py:830} INFO - Processing file /opt/airflow/dags/helpers.py for tasks to queue
[2025-07-09T06:34:47.510+0000] {logging_mixin.py:188} INFO - [2025-07-09T06:34:47.510+0000] {dagbag.py:538} INFO - Filling up the DagBag from /opt/airflow/dags/helpers.py
[2025-07-09T06:34:47.512+0000] {processor.py:842} WARNING - No viable dags retrieved from /opt/airflow/dags/helpers.py
[2025-07-09T06:34:47.521+0000] {processor.py:183} INFO - Processing /opt/airflow/dags/helpers.py took 0.015 seconds
[2025-07-09T06:35:18.133+0000] {processor.py:161} INFO - Started process (PID=6114) to work on /opt/airflow/dags/helpers.py
[2025-07-09T06:35:18.134+0000] {processor.py:830} INFO - Processing file /opt/airflow/dags/helpers.py for tasks to queue
[2025-07-09T06:35:18.135+0000] {logging_mixin.py:188} INFO - [2025-07-09T06:35:18.135+0000] {dagbag.py:538} INFO - Filling up the DagBag from /opt/airflow/dags/helpers.py
[2025-07-09T06:35:18.136+0000] {processor.py:842} WARNING - No viable dags retrieved from /opt/airflow/dags/helpers.py
[2025-07-09T06:35:18.147+0000] {processor.py:183} INFO - Processing /opt/airflow/dags/helpers.py took 0.015 seconds
[2025-07-09T06:35:48.786+0000] {processor.py:161} INFO - Started process (PID=6179) to work on /opt/airflow/dags/helpers.py
[2025-07-09T06:35:48.787+0000] {processor.py:830} INFO - Processing file /opt/airflow/dags/helpers.py for tasks to queue
[2025-07-09T06:35:48.788+0000] {logging_mixin.py:188} INFO - [2025-07-09T06:35:48.788+0000] {dagbag.py:538} INFO - Filling up the DagBag from /opt/airflow/dags/helpers.py
[2025-07-09T06:35:48.791+0000] {processor.py:842} WARNING - No viable dags retrieved from /opt/airflow/dags/helpers.py
[2025-07-09T06:35:48.801+0000] {processor.py:183} INFO - Processing /opt/airflow/dags/helpers.py took 0.017 seconds
[2025-07-09T06:36:19.504+0000] {processor.py:161} INFO - Started process (PID=6244) to work on /opt/airflow/dags/helpers.py
[2025-07-09T06:36:19.505+0000] {processor.py:830} INFO - Processing file /opt/airflow/dags/helpers.py for tasks to queue
[2025-07-09T06:36:19.506+0000] {logging_mixin.py:188} INFO - [2025-07-09T06:36:19.506+0000] {dagbag.py:538} INFO - Filling up the DagBag from /opt/airflow/dags/helpers.py
[2025-07-09T06:36:19.508+0000] {processor.py:842} WARNING - No viable dags retrieved from /opt/airflow/dags/helpers.py
[2025-07-09T06:36:19.516+0000] {processor.py:183} INFO - Processing /opt/airflow/dags/helpers.py took 0.014 seconds
[2025-07-09T06:36:50.189+0000] {processor.py:161} INFO - Started process (PID=6309) to work on /opt/airflow/dags/helpers.py
[2025-07-09T06:36:50.189+0000] {processor.py:830} INFO - Processing file /opt/airflow/dags/helpers.py for tasks to queue
[2025-07-09T06:36:50.190+0000] {logging_mixin.py:188} INFO - [2025-07-09T06:36:50.190+0000] {dagbag.py:538} INFO - Filling up the DagBag from /opt/airflow/dags/helpers.py
[2025-07-09T06:36:50.192+0000] {processor.py:842} WARNING - No viable dags retrieved from /opt/airflow/dags/helpers.py
[2025-07-09T06:36:50.201+0000] {processor.py:183} INFO - Processing /opt/airflow/dags/helpers.py took 0.014 seconds
[2025-07-09T06:37:20.845+0000] {processor.py:161} INFO - Started process (PID=6374) to work on /opt/airflow/dags/helpers.py
[2025-07-09T06:37:20.846+0000] {processor.py:830} INFO - Processing file /opt/airflow/dags/helpers.py for tasks to queue
[2025-07-09T06:37:20.847+0000] {logging_mixin.py:188} INFO - [2025-07-09T06:37:20.847+0000] {dagbag.py:538} INFO - Filling up the DagBag from /opt/airflow/dags/helpers.py
[2025-07-09T06:37:20.848+0000] {processor.py:842} WARNING - No viable dags retrieved from /opt/airflow/dags/helpers.py
[2025-07-09T06:37:20.858+0000] {processor.py:183} INFO - Processing /opt/airflow/dags/helpers.py took 0.016 seconds
[2025-07-09T06:37:51.462+0000] {processor.py:161} INFO - Started process (PID=6439) to work on /opt/airflow/dags/helpers.py
[2025-07-09T06:37:51.462+0000] {processor.py:830} INFO - Processing file /opt/airflow/dags/helpers.py for tasks to queue
[2025-07-09T06:37:51.464+0000] {logging_mixin.py:188} INFO - [2025-07-09T06:37:51.464+0000] {dagbag.py:538} INFO - Filling up the DagBag from /opt/airflow/dags/helpers.py
[2025-07-09T06:37:51.466+0000] {processor.py:842} WARNING - No viable dags retrieved from /opt/airflow/dags/helpers.py
[2025-07-09T06:37:51.477+0000] {processor.py:183} INFO - Processing /opt/airflow/dags/helpers.py took 0.018 seconds
[2025-07-09T06:38:22.099+0000] {processor.py:161} INFO - Started process (PID=6504) to work on /opt/airflow/dags/helpers.py
[2025-07-09T06:38:22.099+0000] {processor.py:830} INFO - Processing file /opt/airflow/dags/helpers.py for tasks to queue
[2025-07-09T06:38:22.100+0000] {logging_mixin.py:188} INFO - [2025-07-09T06:38:22.100+0000] {dagbag.py:538} INFO - Filling up the DagBag from /opt/airflow/dags/helpers.py
[2025-07-09T06:38:22.102+0000] {processor.py:842} WARNING - No viable dags retrieved from /opt/airflow/dags/helpers.py
[2025-07-09T06:38:22.110+0000] {processor.py:183} INFO - Processing /opt/airflow/dags/helpers.py took 0.013 seconds
[2025-07-09T06:38:52.731+0000] {processor.py:161} INFO - Started process (PID=6569) to work on /opt/airflow/dags/helpers.py
[2025-07-09T06:38:52.732+0000] {processor.py:830} INFO - Processing file /opt/airflow/dags/helpers.py for tasks to queue
[2025-07-09T06:38:52.733+0000] {logging_mixin.py:188} INFO - [2025-07-09T06:38:52.733+0000] {dagbag.py:538} INFO - Filling up the DagBag from /opt/airflow/dags/helpers.py
[2025-07-09T06:38:52.735+0000] {processor.py:842} WARNING - No viable dags retrieved from /opt/airflow/dags/helpers.py
[2025-07-09T06:38:52.744+0000] {processor.py:183} INFO - Processing /opt/airflow/dags/helpers.py took 0.015 seconds
[2025-07-09T06:39:23.417+0000] {processor.py:161} INFO - Started process (PID=6634) to work on /opt/airflow/dags/helpers.py
[2025-07-09T06:39:23.419+0000] {processor.py:830} INFO - Processing file /opt/airflow/dags/helpers.py for tasks to queue
[2025-07-09T06:39:23.421+0000] {logging_mixin.py:188} INFO - [2025-07-09T06:39:23.420+0000] {dagbag.py:538} INFO - Filling up the DagBag from /opt/airflow/dags/helpers.py
[2025-07-09T06:39:23.422+0000] {processor.py:842} WARNING - No viable dags retrieved from /opt/airflow/dags/helpers.py
[2025-07-09T06:39:23.435+0000] {processor.py:183} INFO - Processing /opt/airflow/dags/helpers.py took 0.023 seconds
[2025-07-09T06:39:54.115+0000] {processor.py:161} INFO - Started process (PID=6699) to work on /opt/airflow/dags/helpers.py
[2025-07-09T06:39:54.116+0000] {processor.py:830} INFO - Processing file /opt/airflow/dags/helpers.py for tasks to queue
[2025-07-09T06:39:54.117+0000] {logging_mixin.py:188} INFO - [2025-07-09T06:39:54.117+0000] {dagbag.py:538} INFO - Filling up the DagBag from /opt/airflow/dags/helpers.py
[2025-07-09T06:39:54.118+0000] {processor.py:842} WARNING - No viable dags retrieved from /opt/airflow/dags/helpers.py
[2025-07-09T06:39:54.129+0000] {processor.py:183} INFO - Processing /opt/airflow/dags/helpers.py took 0.016 seconds
[2025-07-09T06:40:24.801+0000] {processor.py:161} INFO - Started process (PID=6764) to work on /opt/airflow/dags/helpers.py
[2025-07-09T06:40:24.802+0000] {processor.py:830} INFO - Processing file /opt/airflow/dags/helpers.py for tasks to queue
[2025-07-09T06:40:24.804+0000] {logging_mixin.py:188} INFO - [2025-07-09T06:40:24.803+0000] {dagbag.py:538} INFO - Filling up the DagBag from /opt/airflow/dags/helpers.py
[2025-07-09T06:40:24.805+0000] {processor.py:842} WARNING - No viable dags retrieved from /opt/airflow/dags/helpers.py
[2025-07-09T06:40:24.817+0000] {processor.py:183} INFO - Processing /opt/airflow/dags/helpers.py took 0.019 seconds
[2025-07-09T06:40:55.447+0000] {processor.py:161} INFO - Started process (PID=6829) to work on /opt/airflow/dags/helpers.py
[2025-07-09T06:40:55.448+0000] {processor.py:830} INFO - Processing file /opt/airflow/dags/helpers.py for tasks to queue
[2025-07-09T06:40:55.449+0000] {logging_mixin.py:188} INFO - [2025-07-09T06:40:55.448+0000] {dagbag.py:538} INFO - Filling up the DagBag from /opt/airflow/dags/helpers.py
[2025-07-09T06:40:55.450+0000] {processor.py:842} WARNING - No viable dags retrieved from /opt/airflow/dags/helpers.py
[2025-07-09T06:40:55.460+0000] {processor.py:183} INFO - Processing /opt/airflow/dags/helpers.py took 0.015 seconds
[2025-07-09T06:41:26.146+0000] {processor.py:161} INFO - Started process (PID=6894) to work on /opt/airflow/dags/helpers.py
[2025-07-09T06:41:26.147+0000] {processor.py:830} INFO - Processing file /opt/airflow/dags/helpers.py for tasks to queue
[2025-07-09T06:41:26.148+0000] {logging_mixin.py:188} INFO - [2025-07-09T06:41:26.148+0000] {dagbag.py:538} INFO - Filling up the DagBag from /opt/airflow/dags/helpers.py
[2025-07-09T06:41:26.150+0000] {processor.py:842} WARNING - No viable dags retrieved from /opt/airflow/dags/helpers.py
[2025-07-09T06:41:26.160+0000] {processor.py:183} INFO - Processing /opt/airflow/dags/helpers.py took 0.016 seconds
[2025-07-09T06:41:56.800+0000] {processor.py:161} INFO - Started process (PID=6959) to work on /opt/airflow/dags/helpers.py
[2025-07-09T06:41:56.801+0000] {processor.py:830} INFO - Processing file /opt/airflow/dags/helpers.py for tasks to queue
[2025-07-09T06:41:56.802+0000] {logging_mixin.py:188} INFO - [2025-07-09T06:41:56.802+0000] {dagbag.py:538} INFO - Filling up the DagBag from /opt/airflow/dags/helpers.py
[2025-07-09T06:41:56.804+0000] {processor.py:842} WARNING - No viable dags retrieved from /opt/airflow/dags/helpers.py
[2025-07-09T06:41:56.817+0000] {processor.py:183} INFO - Processing /opt/airflow/dags/helpers.py took 0.021 seconds
[2025-07-09T06:42:27.422+0000] {processor.py:161} INFO - Started process (PID=7024) to work on /opt/airflow/dags/helpers.py
[2025-07-09T06:42:27.423+0000] {processor.py:830} INFO - Processing file /opt/airflow/dags/helpers.py for tasks to queue
[2025-07-09T06:42:27.424+0000] {logging_mixin.py:188} INFO - [2025-07-09T06:42:27.424+0000] {dagbag.py:538} INFO - Filling up the DagBag from /opt/airflow/dags/helpers.py
[2025-07-09T06:42:27.426+0000] {processor.py:842} WARNING - No viable dags retrieved from /opt/airflow/dags/helpers.py
[2025-07-09T06:42:27.436+0000] {processor.py:183} INFO - Processing /opt/airflow/dags/helpers.py took 0.017 seconds
[2025-07-09T06:42:58.035+0000] {processor.py:161} INFO - Started process (PID=7089) to work on /opt/airflow/dags/helpers.py
[2025-07-09T06:42:58.035+0000] {processor.py:830} INFO - Processing file /opt/airflow/dags/helpers.py for tasks to queue
[2025-07-09T06:42:58.036+0000] {logging_mixin.py:188} INFO - [2025-07-09T06:42:58.036+0000] {dagbag.py:538} INFO - Filling up the DagBag from /opt/airflow/dags/helpers.py
[2025-07-09T06:42:58.038+0000] {processor.py:842} WARNING - No viable dags retrieved from /opt/airflow/dags/helpers.py
[2025-07-09T06:42:58.048+0000] {processor.py:183} INFO - Processing /opt/airflow/dags/helpers.py took 0.015 seconds
[2025-07-09T06:43:28.628+0000] {processor.py:161} INFO - Started process (PID=7154) to work on /opt/airflow/dags/helpers.py
[2025-07-09T06:43:28.629+0000] {processor.py:830} INFO - Processing file /opt/airflow/dags/helpers.py for tasks to queue
[2025-07-09T06:43:28.630+0000] {logging_mixin.py:188} INFO - [2025-07-09T06:43:28.630+0000] {dagbag.py:538} INFO - Filling up the DagBag from /opt/airflow/dags/helpers.py
[2025-07-09T06:43:28.632+0000] {processor.py:842} WARNING - No viable dags retrieved from /opt/airflow/dags/helpers.py
[2025-07-09T06:43:28.643+0000] {processor.py:183} INFO - Processing /opt/airflow/dags/helpers.py took 0.018 seconds
[2025-07-09T06:43:59.313+0000] {processor.py:161} INFO - Started process (PID=7219) to work on /opt/airflow/dags/helpers.py
[2025-07-09T06:43:59.313+0000] {processor.py:830} INFO - Processing file /opt/airflow/dags/helpers.py for tasks to queue
[2025-07-09T06:43:59.314+0000] {logging_mixin.py:188} INFO - [2025-07-09T06:43:59.314+0000] {dagbag.py:538} INFO - Filling up the DagBag from /opt/airflow/dags/helpers.py
[2025-07-09T06:43:59.316+0000] {processor.py:842} WARNING - No viable dags retrieved from /opt/airflow/dags/helpers.py
[2025-07-09T06:43:59.327+0000] {processor.py:183} INFO - Processing /opt/airflow/dags/helpers.py took 0.016 seconds
[2025-07-09T06:44:29.904+0000] {processor.py:161} INFO - Started process (PID=7284) to work on /opt/airflow/dags/helpers.py
[2025-07-09T06:44:29.904+0000] {processor.py:830} INFO - Processing file /opt/airflow/dags/helpers.py for tasks to queue
[2025-07-09T06:44:29.905+0000] {logging_mixin.py:188} INFO - [2025-07-09T06:44:29.905+0000] {dagbag.py:538} INFO - Filling up the DagBag from /opt/airflow/dags/helpers.py
[2025-07-09T06:44:29.907+0000] {processor.py:842} WARNING - No viable dags retrieved from /opt/airflow/dags/helpers.py
[2025-07-09T06:44:29.915+0000] {processor.py:183} INFO - Processing /opt/airflow/dags/helpers.py took 0.013 seconds
