[2025-06-28T05:41:41.044+0000] {processor.py:161} INFO - Started process (PID=499) to work on /opt/airflow/dags/weather_api_dag.py
[2025-06-28T05:41:41.044+0000] {processor.py:830} INFO - Processing file /opt/airflow/dags/weather_api_dag.py for tasks to queue
[2025-06-28T05:41:41.045+0000] {logging_mixin.py:188} INFO - [2025-06-28T05:41:41.045+0000] {dagbag.py:538} INFO - Filling up the DagBag from /opt/airflow/dags/weather_api_dag.py
[2025-06-28T05:41:41.052+0000] {processor.py:840} INFO - DAG(s) 'weather_fetch_dag' retrieved from /opt/airflow/dags/weather_api_dag.py
[2025-06-28T05:41:41.113+0000] {logging_mixin.py:188} INFO - [2025-06-28T05:41:41.112+0000] {override.py:1769} INFO - Created Permission View: can delete on DAG:weather_fetch_dag
[2025-06-28T05:41:41.118+0000] {logging_mixin.py:188} INFO - [2025-06-28T05:41:41.118+0000] {override.py:1769} INFO - Created Permission View: can read on DAG:weather_fetch_dag
[2025-06-28T05:41:41.121+0000] {logging_mixin.py:188} INFO - [2025-06-28T05:41:41.121+0000] {override.py:1769} INFO - Created Permission View: can edit on DAG:weather_fetch_dag
[2025-06-28T05:41:41.121+0000] {logging_mixin.py:188} INFO - [2025-06-28T05:41:41.121+0000] {dag.py:3036} INFO - Sync 1 DAGs
[2025-06-28T05:41:41.126+0000] {logging_mixin.py:188} INFO - [2025-06-28T05:41:41.126+0000] {dag.py:3058} INFO - Creating ORM DAG for weather_fetch_dag
[2025-06-28T05:41:41.133+0000] {logging_mixin.py:188} INFO - [2025-06-28T05:41:41.132+0000] {dag.py:3823} INFO - Setting next_dagrun for weather_fetch_dag to 2025-06-27 00:00:00+00:00, run_after=2025-06-28 00:00:00+00:00
[2025-06-28T05:41:41.143+0000] {processor.py:183} INFO - Processing /opt/airflow/dags/weather_api_dag.py took 0.102 seconds
[2025-06-28T05:42:11.349+0000] {processor.py:161} INFO - Started process (PID=514) to work on /opt/airflow/dags/weather_api_dag.py
[2025-06-28T05:42:11.352+0000] {processor.py:830} INFO - Processing file /opt/airflow/dags/weather_api_dag.py for tasks to queue
[2025-06-28T05:42:11.355+0000] {logging_mixin.py:188} INFO - [2025-06-28T05:42:11.354+0000] {dagbag.py:538} INFO - Filling up the DagBag from /opt/airflow/dags/weather_api_dag.py
[2025-06-28T05:42:11.367+0000] {processor.py:840} INFO - DAG(s) 'weather_fetch_dag' retrieved from /opt/airflow/dags/weather_api_dag.py
[2025-06-28T05:42:11.395+0000] {logging_mixin.py:188} INFO - [2025-06-28T05:42:11.395+0000] {dag.py:3036} INFO - Sync 1 DAGs
[2025-06-28T05:42:11.409+0000] {logging_mixin.py:188} INFO - [2025-06-28T05:42:11.408+0000] {dag.py:3823} INFO - Setting next_dagrun for weather_fetch_dag to 2025-06-27 00:00:00+00:00, run_after=2025-06-28 00:00:00+00:00
[2025-06-28T05:42:11.419+0000] {processor.py:183} INFO - Processing /opt/airflow/dags/weather_api_dag.py took 0.074 seconds
[2025-06-28T05:42:41.628+0000] {processor.py:161} INFO - Started process (PID=529) to work on /opt/airflow/dags/weather_api_dag.py
[2025-06-28T05:42:41.631+0000] {processor.py:830} INFO - Processing file /opt/airflow/dags/weather_api_dag.py for tasks to queue
[2025-06-28T05:42:41.632+0000] {logging_mixin.py:188} INFO - [2025-06-28T05:42:41.632+0000] {dagbag.py:538} INFO - Filling up the DagBag from /opt/airflow/dags/weather_api_dag.py
[2025-06-28T05:42:41.645+0000] {processor.py:840} INFO - DAG(s) 'weather_fetch_dag' retrieved from /opt/airflow/dags/weather_api_dag.py
[2025-06-28T05:42:41.666+0000] {logging_mixin.py:188} INFO - [2025-06-28T05:42:41.666+0000] {dag.py:3036} INFO - Sync 1 DAGs
[2025-06-28T05:42:41.680+0000] {logging_mixin.py:188} INFO - [2025-06-28T05:42:41.679+0000] {dag.py:3823} INFO - Setting next_dagrun for weather_fetch_dag to 2025-06-27 00:00:00+00:00, run_after=2025-06-28 00:00:00+00:00
[2025-06-28T05:42:41.691+0000] {processor.py:183} INFO - Processing /opt/airflow/dags/weather_api_dag.py took 0.065 seconds
[2025-06-28T05:43:21.115+0000] {processor.py:161} INFO - Started process (PID=188) to work on /opt/airflow/dags/weather_api_dag.py
[2025-06-28T05:43:21.116+0000] {processor.py:830} INFO - Processing file /opt/airflow/dags/weather_api_dag.py for tasks to queue
[2025-06-28T05:43:21.117+0000] {logging_mixin.py:188} INFO - [2025-06-28T05:43:21.117+0000] {dagbag.py:538} INFO - Filling up the DagBag from /opt/airflow/dags/weather_api_dag.py
[2025-06-28T05:43:21.134+0000] {processor.py:840} INFO - DAG(s) 'weather_fetch_dag' retrieved from /opt/airflow/dags/weather_api_dag.py
[2025-06-28T05:43:21.183+0000] {logging_mixin.py:188} INFO - [2025-06-28T05:43:21.183+0000] {dag.py:3036} INFO - Sync 1 DAGs
[2025-06-28T05:43:21.210+0000] {logging_mixin.py:188} INFO - [2025-06-28T05:43:21.209+0000] {dag.py:3823} INFO - Setting next_dagrun for weather_fetch_dag to 2025-06-27 00:00:00+00:00, run_after=2025-06-28 00:00:00+00:00
[2025-06-28T05:43:21.229+0000] {processor.py:183} INFO - Processing /opt/airflow/dags/weather_api_dag.py took 0.117 seconds
[2025-06-28T05:43:52.587+0000] {processor.py:161} INFO - Started process (PID=209) to work on /opt/airflow/dags/weather_api_dag.py
[2025-06-28T05:43:52.588+0000] {processor.py:830} INFO - Processing file /opt/airflow/dags/weather_api_dag.py for tasks to queue
[2025-06-28T05:43:52.589+0000] {logging_mixin.py:188} INFO - [2025-06-28T05:43:52.589+0000] {dagbag.py:538} INFO - Filling up the DagBag from /opt/airflow/dags/weather_api_dag.py
[2025-06-28T05:43:52.601+0000] {processor.py:840} INFO - DAG(s) 'weather_fetch_dag' retrieved from /opt/airflow/dags/weather_api_dag.py
[2025-06-28T05:43:52.617+0000] {logging_mixin.py:188} INFO - [2025-06-28T05:43:52.616+0000] {dag.py:3036} INFO - Sync 1 DAGs
[2025-06-28T05:43:52.631+0000] {logging_mixin.py:188} INFO - [2025-06-28T05:43:52.631+0000] {dag.py:3823} INFO - Setting next_dagrun for weather_fetch_dag to 2025-06-28 00:00:00+00:00, run_after=2025-06-29 00:00:00+00:00
[2025-06-28T05:43:52.642+0000] {processor.py:183} INFO - Processing /opt/airflow/dags/weather_api_dag.py took 0.061 seconds
[2025-06-28T05:44:22.873+0000] {processor.py:161} INFO - Started process (PID=224) to work on /opt/airflow/dags/weather_api_dag.py
[2025-06-28T05:44:22.876+0000] {processor.py:830} INFO - Processing file /opt/airflow/dags/weather_api_dag.py for tasks to queue
[2025-06-28T05:44:22.878+0000] {logging_mixin.py:188} INFO - [2025-06-28T05:44:22.878+0000] {dagbag.py:538} INFO - Filling up the DagBag from /opt/airflow/dags/weather_api_dag.py
[2025-06-28T05:44:22.891+0000] {processor.py:840} INFO - DAG(s) 'weather_fetch_dag' retrieved from /opt/airflow/dags/weather_api_dag.py
[2025-06-28T05:44:22.916+0000] {logging_mixin.py:188} INFO - [2025-06-28T05:44:22.915+0000] {dag.py:3036} INFO - Sync 1 DAGs
[2025-06-28T05:44:22.929+0000] {logging_mixin.py:188} INFO - [2025-06-28T05:44:22.929+0000] {dag.py:3823} INFO - Setting next_dagrun for weather_fetch_dag to 2025-06-28 00:00:00+00:00, run_after=2025-06-29 00:00:00+00:00
[2025-06-28T05:44:22.943+0000] {processor.py:183} INFO - Processing /opt/airflow/dags/weather_api_dag.py took 0.074 seconds
[2025-06-28T05:44:53.179+0000] {processor.py:161} INFO - Started process (PID=239) to work on /opt/airflow/dags/weather_api_dag.py
[2025-06-28T05:44:53.180+0000] {processor.py:830} INFO - Processing file /opt/airflow/dags/weather_api_dag.py for tasks to queue
[2025-06-28T05:44:53.182+0000] {logging_mixin.py:188} INFO - [2025-06-28T05:44:53.181+0000] {dagbag.py:538} INFO - Filling up the DagBag from /opt/airflow/dags/weather_api_dag.py
[2025-06-28T05:44:53.191+0000] {processor.py:840} INFO - DAG(s) 'weather_fetch_dag' retrieved from /opt/airflow/dags/weather_api_dag.py
[2025-06-28T05:44:53.207+0000] {logging_mixin.py:188} INFO - [2025-06-28T05:44:53.207+0000] {dag.py:3036} INFO - Sync 1 DAGs
[2025-06-28T05:44:53.221+0000] {logging_mixin.py:188} INFO - [2025-06-28T05:44:53.221+0000] {dag.py:3823} INFO - Setting next_dagrun for weather_fetch_dag to 2025-06-28 00:00:00+00:00, run_after=2025-06-29 00:00:00+00:00
[2025-06-28T05:44:53.234+0000] {processor.py:183} INFO - Processing /opt/airflow/dags/weather_api_dag.py took 0.058 seconds
[2025-06-28T05:45:23.458+0000] {processor.py:161} INFO - Started process (PID=254) to work on /opt/airflow/dags/weather_api_dag.py
[2025-06-28T05:45:23.459+0000] {processor.py:830} INFO - Processing file /opt/airflow/dags/weather_api_dag.py for tasks to queue
[2025-06-28T05:45:23.460+0000] {logging_mixin.py:188} INFO - [2025-06-28T05:45:23.460+0000] {dagbag.py:538} INFO - Filling up the DagBag from /opt/airflow/dags/weather_api_dag.py
[2025-06-28T05:45:23.470+0000] {processor.py:840} INFO - DAG(s) 'weather_fetch_dag' retrieved from /opt/airflow/dags/weather_api_dag.py
[2025-06-28T05:45:23.490+0000] {logging_mixin.py:188} INFO - [2025-06-28T05:45:23.490+0000] {dag.py:3036} INFO - Sync 1 DAGs
[2025-06-28T05:45:23.505+0000] {logging_mixin.py:188} INFO - [2025-06-28T05:45:23.505+0000] {dag.py:3823} INFO - Setting next_dagrun for weather_fetch_dag to 2025-06-28 00:00:00+00:00, run_after=2025-06-29 00:00:00+00:00
[2025-06-28T05:45:23.515+0000] {processor.py:183} INFO - Processing /opt/airflow/dags/weather_api_dag.py took 0.060 seconds
[2025-06-28T05:45:53.760+0000] {processor.py:161} INFO - Started process (PID=269) to work on /opt/airflow/dags/weather_api_dag.py
[2025-06-28T05:45:53.761+0000] {processor.py:830} INFO - Processing file /opt/airflow/dags/weather_api_dag.py for tasks to queue
[2025-06-28T05:45:53.763+0000] {logging_mixin.py:188} INFO - [2025-06-28T05:45:53.763+0000] {dagbag.py:538} INFO - Filling up the DagBag from /opt/airflow/dags/weather_api_dag.py
[2025-06-28T05:45:53.775+0000] {processor.py:840} INFO - DAG(s) 'weather_fetch_dag' retrieved from /opt/airflow/dags/weather_api_dag.py
[2025-06-28T05:45:53.793+0000] {logging_mixin.py:188} INFO - [2025-06-28T05:45:53.792+0000] {dag.py:3036} INFO - Sync 1 DAGs
[2025-06-28T05:45:53.805+0000] {logging_mixin.py:188} INFO - [2025-06-28T05:45:53.805+0000] {dag.py:3823} INFO - Setting next_dagrun for weather_fetch_dag to 2025-06-28 00:00:00+00:00, run_after=2025-06-29 00:00:00+00:00
[2025-06-28T05:45:53.818+0000] {processor.py:183} INFO - Processing /opt/airflow/dags/weather_api_dag.py took 0.063 seconds
[2025-06-28T05:46:24.046+0000] {processor.py:161} INFO - Started process (PID=284) to work on /opt/airflow/dags/weather_api_dag.py
[2025-06-28T05:46:24.049+0000] {processor.py:830} INFO - Processing file /opt/airflow/dags/weather_api_dag.py for tasks to queue
[2025-06-28T05:46:24.050+0000] {logging_mixin.py:188} INFO - [2025-06-28T05:46:24.050+0000] {dagbag.py:538} INFO - Filling up the DagBag from /opt/airflow/dags/weather_api_dag.py
[2025-06-28T05:46:24.060+0000] {processor.py:840} INFO - DAG(s) 'weather_fetch_dag' retrieved from /opt/airflow/dags/weather_api_dag.py
[2025-06-28T05:46:24.078+0000] {logging_mixin.py:188} INFO - [2025-06-28T05:46:24.077+0000] {dag.py:3036} INFO - Sync 1 DAGs
[2025-06-28T05:46:24.092+0000] {logging_mixin.py:188} INFO - [2025-06-28T05:46:24.092+0000] {dag.py:3823} INFO - Setting next_dagrun for weather_fetch_dag to 2025-06-28 00:00:00+00:00, run_after=2025-06-29 00:00:00+00:00
[2025-06-28T05:46:24.104+0000] {processor.py:183} INFO - Processing /opt/airflow/dags/weather_api_dag.py took 0.061 seconds
[2025-06-28T09:07:59.105+0000] {processor.py:161} INFO - Started process (PID=299) to work on /opt/airflow/dags/weather_api_dag.py
[2025-06-28T09:07:59.107+0000] {processor.py:830} INFO - Processing file /opt/airflow/dags/weather_api_dag.py for tasks to queue
[2025-06-28T09:07:59.111+0000] {logging_mixin.py:188} INFO - [2025-06-28T09:07:59.110+0000] {dagbag.py:538} INFO - Filling up the DagBag from /opt/airflow/dags/weather_api_dag.py
[2025-06-28T09:07:59.131+0000] {processor.py:840} INFO - DAG(s) 'weather_fetch_dag' retrieved from /opt/airflow/dags/weather_api_dag.py
[2025-06-28T09:07:59.158+0000] {logging_mixin.py:188} INFO - [2025-06-28T09:07:59.158+0000] {dag.py:3036} INFO - Sync 1 DAGs
[2025-06-28T09:07:59.173+0000] {logging_mixin.py:188} INFO - [2025-06-28T09:07:59.173+0000] {dag.py:3823} INFO - Setting next_dagrun for weather_fetch_dag to 2025-06-28 00:00:00+00:00, run_after=2025-06-29 00:00:00+00:00
[2025-06-28T09:07:59.187+0000] {processor.py:183} INFO - Processing /opt/airflow/dags/weather_api_dag.py took 0.090 seconds
