[2025-06-30T05:49:50.818+0000] {taskinstance.py:1956} INFO - Dependencies all met for dep_context=non-requeueable deps ti=<TaskInstance: weather_fetch_dag.fetch_weather scheduled__2025-06-29T00:00:00+00:00 [queued]>
[2025-06-30T05:49:50.822+0000] {taskinstance.py:1956} INFO - Dependencies all met for dep_context=requeueable deps ti=<TaskInstance: weather_fetch_dag.fetch_weather scheduled__2025-06-29T00:00:00+00:00 [queued]>
[2025-06-30T05:49:50.822+0000] {taskinstance.py:2170} INFO - Starting attempt 1 of 1
[2025-06-30T05:49:50.828+0000] {taskinstance.py:2191} INFO - Executing <Task(PythonOperator): fetch_weather> on 2025-06-29 00:00:00+00:00
[2025-06-30T05:49:50.831+0000] {standard_task_runner.py:60} INFO - Started process 699 to run task
[2025-06-30T05:49:50.833+0000] {standard_task_runner.py:87} INFO - Running: ['***', 'tasks', 'run', 'weather_fetch_dag', 'fetch_weather', 'scheduled__2025-06-29T00:00:00+00:00', '--job-id', '31', '--raw', '--subdir', 'DAGS_FOLDER/weather_api_dag.py', '--cfg-path', '/tmp/tmpfup94mbd']
[2025-06-30T05:49:50.834+0000] {standard_task_runner.py:88} INFO - Job 31: Subtask fetch_weather
[2025-06-30T05:49:50.841+0000] {logging_mixin.py:188} WARNING - /home/***/.local/lib/python3.8/site-packages/***/settings.py:194 DeprecationWarning: The sql_alchemy_conn option in [core] has been moved to the sql_alchemy_conn option in [database] - the old setting has been used, but please update your config.
[2025-06-30T05:49:50.860+0000] {task_command.py:423} INFO - Running <TaskInstance: weather_fetch_dag.fetch_weather scheduled__2025-06-29T00:00:00+00:00 [running]> on host cb6c74982cc4
[2025-06-30T05:49:50.906+0000] {taskinstance.py:2480} INFO - Exporting env vars: AIRFLOW_CTX_DAG_OWNER='***' AIRFLOW_CTX_DAG_ID='weather_fetch_dag' AIRFLOW_CTX_TASK_ID='fetch_weather' AIRFLOW_CTX_EXECUTION_DATE='2025-06-29T00:00:00+00:00' AIRFLOW_CTX_TRY_NUMBER='1' AIRFLOW_CTX_DAG_RUN_ID='scheduled__2025-06-29T00:00:00+00:00'
[2025-06-30T05:49:51.182+0000] {logging_mixin.py:188} INFO - City: Ahmedabad
[2025-06-30T05:49:51.183+0000] {logging_mixin.py:188} INFO - Temperature: 32.54 °C
[2025-06-30T05:49:51.183+0000] {logging_mixin.py:188} INFO - Weather: overcast clouds
[2025-06-30T05:49:51.184+0000] {python.py:201} INFO - Done. Returned value was: None
[2025-06-30T05:49:51.196+0000] {taskinstance.py:1138} INFO - Marking task as SUCCESS. dag_id=weather_fetch_dag, task_id=fetch_weather, execution_date=20250629T000000, start_date=20250630T054950, end_date=20250630T054951
[2025-06-30T05:49:51.247+0000] {local_task_job_runner.py:234} INFO - Task exited with return code 0
[2025-06-30T05:49:51.268+0000] {taskinstance.py:3280} INFO - 0 downstream tasks scheduled from follow-on schedule check
[2025-06-30T10:16:28.815+0000] {taskinstance.py:1956} INFO - Dependencies all met for dep_context=non-requeueable deps ti=<TaskInstance: weather_fetch_dag.fetch_weather scheduled__2025-06-29T00:00:00+00:00 [queued]>
[2025-06-30T10:16:28.825+0000] {taskinstance.py:1956} INFO - Dependencies all met for dep_context=requeueable deps ti=<TaskInstance: weather_fetch_dag.fetch_weather scheduled__2025-06-29T00:00:00+00:00 [queued]>
[2025-06-30T10:16:28.825+0000] {taskinstance.py:2170} INFO - Starting attempt 1 of 1
[2025-06-30T10:16:28.843+0000] {taskinstance.py:2191} INFO - Executing <Task(PythonOperator): fetch_weather> on 2025-06-29 00:00:00+00:00
[2025-06-30T10:16:28.847+0000] {standard_task_runner.py:60} INFO - Started process 206 to run task
[2025-06-30T10:16:28.849+0000] {standard_task_runner.py:87} INFO - Running: ['***', 'tasks', 'run', 'weather_fetch_dag', 'fetch_weather', 'scheduled__2025-06-29T00:00:00+00:00', '--job-id', '5', '--raw', '--subdir', 'DAGS_FOLDER/weather_api_dag.py', '--cfg-path', '/tmp/tmp_7vt5gqd']
[2025-06-30T10:16:28.851+0000] {standard_task_runner.py:88} INFO - Job 5: Subtask fetch_weather
[2025-06-30T10:16:28.913+0000] {task_command.py:423} INFO - Running <TaskInstance: weather_fetch_dag.fetch_weather scheduled__2025-06-29T00:00:00+00:00 [running]> on host 3b386aeca622
[2025-06-30T10:16:28.982+0000] {taskinstance.py:2480} INFO - Exporting env vars: AIRFLOW_CTX_DAG_OWNER='***' AIRFLOW_CTX_DAG_ID='weather_fetch_dag' AIRFLOW_CTX_TASK_ID='fetch_weather' AIRFLOW_CTX_EXECUTION_DATE='2025-06-29T00:00:00+00:00' AIRFLOW_CTX_TRY_NUMBER='1' AIRFLOW_CTX_DAG_RUN_ID='scheduled__2025-06-29T00:00:00+00:00'
[2025-06-30T10:16:29.121+0000] {logging_mixin.py:188} INFO - City: Ahmedabad
[2025-06-30T10:16:29.122+0000] {logging_mixin.py:188} INFO - Temperature: 33.84 °C
[2025-06-30T10:16:29.122+0000] {logging_mixin.py:188} INFO - Weather: overcast clouds
[2025-06-30T10:16:29.122+0000] {python.py:201} INFO - Done. Returned value was: None
[2025-06-30T10:16:29.140+0000] {taskinstance.py:1138} INFO - Marking task as SUCCESS. dag_id=weather_fetch_dag, task_id=fetch_weather, execution_date=20250629T000000, start_date=20250630T101628, end_date=20250630T101629
[2025-06-30T10:16:29.183+0000] {local_task_job_runner.py:234} INFO - Task exited with return code 0
[2025-06-30T10:16:29.209+0000] {taskinstance.py:3280} INFO - 0 downstream tasks scheduled from follow-on schedule check
