[2025-07-04T13:51:01.979+0000] {processor.py:161} INFO - Started process (PID=30453) to work on /opt/airflow/dags/store_file_into_gcp.py
[2025-07-04T13:51:01.979+0000] {processor.py:830} INFO - Processing file /opt/airflow/dags/store_file_into_gcp.py for tasks to queue
[2025-07-04T13:51:01.980+0000] {logging_mixin.py:188} INFO - [2025-07-04T13:51:01.980+0000] {dagbag.py:538} INFO - Filling up the DagBag from /opt/airflow/dags/store_file_into_gcp.py
[2025-07-04T13:51:01.986+0000] {processor.py:840} INFO - DAG(s) 'upload_with_gcshook' retrieved from /opt/airflow/dags/store_file_into_gcp.py
[2025-07-04T13:51:02.044+0000] {logging_mixin.py:188} INFO - [2025-07-04T13:51:02.044+0000] {override.py:1769} INFO - Created Permission View: can edit on DAG:upload_with_gcshook
[2025-07-04T13:51:02.049+0000] {logging_mixin.py:188} INFO - [2025-07-04T13:51:02.049+0000] {override.py:1769} INFO - Created Permission View: can delete on DAG:upload_with_gcshook
[2025-07-04T13:51:02.051+0000] {logging_mixin.py:188} INFO - [2025-07-04T13:51:02.051+0000] {override.py:1769} INFO - Created Permission View: can read on DAG:upload_with_gcshook
[2025-07-04T13:51:02.052+0000] {logging_mixin.py:188} INFO - [2025-07-04T13:51:02.051+0000] {dag.py:3036} INFO - Sync 1 DAGs
[2025-07-04T13:51:02.058+0000] {logging_mixin.py:188} INFO - [2025-07-04T13:51:02.057+0000] {dag.py:3058} INFO - Creating ORM DAG for upload_with_gcshook
[2025-07-04T13:51:02.063+0000] {logging_mixin.py:188} INFO - [2025-07-04T13:51:02.063+0000] {dag.py:3823} INFO - Setting next_dagrun for upload_with_gcshook to 2025-07-03 00:00:00+00:00, run_after=2025-07-04 00:00:00+00:00
[2025-07-04T13:51:02.069+0000] {processor.py:183} INFO - Processing /opt/airflow/dags/store_file_into_gcp.py took 0.093 seconds
[2025-07-04T13:51:32.565+0000] {processor.py:161} INFO - Started process (PID=30503) to work on /opt/airflow/dags/store_file_into_gcp.py
[2025-07-04T13:51:32.565+0000] {processor.py:830} INFO - Processing file /opt/airflow/dags/store_file_into_gcp.py for tasks to queue
[2025-07-04T13:51:32.566+0000] {logging_mixin.py:188} INFO - [2025-07-04T13:51:32.566+0000] {dagbag.py:538} INFO - Filling up the DagBag from /opt/airflow/dags/store_file_into_gcp.py
[2025-07-04T13:51:32.573+0000] {processor.py:840} INFO - DAG(s) 'upload_with_gcshook' retrieved from /opt/airflow/dags/store_file_into_gcp.py
[2025-07-04T13:51:32.591+0000] {logging_mixin.py:188} INFO - [2025-07-04T13:51:32.588+0000] {dag.py:3036} INFO - Sync 1 DAGs
[2025-07-04T13:51:32.604+0000] {logging_mixin.py:188} INFO - [2025-07-04T13:51:32.604+0000] {dag.py:3823} INFO - Setting next_dagrun for upload_with_gcshook to 2025-07-03 00:00:00+00:00, run_after=2025-07-04 00:00:00+00:00
[2025-07-04T13:51:32.617+0000] {processor.py:183} INFO - Processing /opt/airflow/dags/store_file_into_gcp.py took 0.053 seconds
[2025-07-04T13:52:03.084+0000] {processor.py:161} INFO - Started process (PID=30553) to work on /opt/airflow/dags/store_file_into_gcp.py
[2025-07-04T13:52:03.087+0000] {processor.py:830} INFO - Processing file /opt/airflow/dags/store_file_into_gcp.py for tasks to queue
[2025-07-04T13:52:03.090+0000] {logging_mixin.py:188} INFO - [2025-07-04T13:52:03.089+0000] {dagbag.py:538} INFO - Filling up the DagBag from /opt/airflow/dags/store_file_into_gcp.py
[2025-07-04T13:52:03.105+0000] {processor.py:840} INFO - DAG(s) 'upload_with_gcshook' retrieved from /opt/airflow/dags/store_file_into_gcp.py
[2025-07-04T13:52:03.122+0000] {logging_mixin.py:188} INFO - [2025-07-04T13:52:03.122+0000] {dag.py:3036} INFO - Sync 1 DAGs
[2025-07-04T13:52:03.135+0000] {logging_mixin.py:188} INFO - [2025-07-04T13:52:03.135+0000] {dag.py:3823} INFO - Setting next_dagrun for upload_with_gcshook to 2025-07-03 00:00:00+00:00, run_after=2025-07-04 00:00:00+00:00
[2025-07-04T13:52:03.145+0000] {processor.py:183} INFO - Processing /opt/airflow/dags/store_file_into_gcp.py took 0.064 seconds
[2025-07-04T13:52:33.631+0000] {processor.py:161} INFO - Started process (PID=30603) to work on /opt/airflow/dags/store_file_into_gcp.py
[2025-07-04T13:52:33.632+0000] {processor.py:830} INFO - Processing file /opt/airflow/dags/store_file_into_gcp.py for tasks to queue
[2025-07-04T13:52:33.635+0000] {logging_mixin.py:188} INFO - [2025-07-04T13:52:33.634+0000] {dagbag.py:538} INFO - Filling up the DagBag from /opt/airflow/dags/store_file_into_gcp.py
[2025-07-04T13:52:33.646+0000] {processor.py:840} INFO - DAG(s) 'upload_with_gcshook' retrieved from /opt/airflow/dags/store_file_into_gcp.py
[2025-07-04T13:52:33.662+0000] {logging_mixin.py:188} INFO - [2025-07-04T13:52:33.661+0000] {dag.py:3036} INFO - Sync 1 DAGs
[2025-07-04T13:52:33.673+0000] {logging_mixin.py:188} INFO - [2025-07-04T13:52:33.673+0000] {dag.py:3823} INFO - Setting next_dagrun for upload_with_gcshook to 2025-07-03 00:00:00+00:00, run_after=2025-07-04 00:00:00+00:00
[2025-07-04T13:52:33.683+0000] {processor.py:183} INFO - Processing /opt/airflow/dags/store_file_into_gcp.py took 0.056 seconds
[2025-07-04T13:53:04.222+0000] {processor.py:161} INFO - Started process (PID=30653) to work on /opt/airflow/dags/store_file_into_gcp.py
[2025-07-04T13:53:04.225+0000] {processor.py:830} INFO - Processing file /opt/airflow/dags/store_file_into_gcp.py for tasks to queue
[2025-07-04T13:53:04.227+0000] {logging_mixin.py:188} INFO - [2025-07-04T13:53:04.227+0000] {dagbag.py:538} INFO - Filling up the DagBag from /opt/airflow/dags/store_file_into_gcp.py
[2025-07-04T13:53:04.236+0000] {processor.py:840} INFO - DAG(s) 'upload_with_gcshook' retrieved from /opt/airflow/dags/store_file_into_gcp.py
[2025-07-04T13:53:04.251+0000] {logging_mixin.py:188} INFO - [2025-07-04T13:53:04.250+0000] {dag.py:3036} INFO - Sync 1 DAGs
[2025-07-04T13:53:04.266+0000] {logging_mixin.py:188} INFO - [2025-07-04T13:53:04.266+0000] {dag.py:3823} INFO - Setting next_dagrun for upload_with_gcshook to 2025-07-03 00:00:00+00:00, run_after=2025-07-04 00:00:00+00:00
[2025-07-04T13:53:04.278+0000] {processor.py:183} INFO - Processing /opt/airflow/dags/store_file_into_gcp.py took 0.059 seconds
[2025-07-04T13:53:34.773+0000] {processor.py:161} INFO - Started process (PID=30703) to work on /opt/airflow/dags/store_file_into_gcp.py
[2025-07-04T13:53:34.776+0000] {processor.py:830} INFO - Processing file /opt/airflow/dags/store_file_into_gcp.py for tasks to queue
[2025-07-04T13:53:34.779+0000] {logging_mixin.py:188} INFO - [2025-07-04T13:53:34.778+0000] {dagbag.py:538} INFO - Filling up the DagBag from /opt/airflow/dags/store_file_into_gcp.py
[2025-07-04T13:53:34.787+0000] {processor.py:840} INFO - DAG(s) 'upload_with_gcshook' retrieved from /opt/airflow/dags/store_file_into_gcp.py
[2025-07-04T13:53:34.801+0000] {logging_mixin.py:188} INFO - [2025-07-04T13:53:34.801+0000] {dag.py:3036} INFO - Sync 1 DAGs
[2025-07-04T13:53:34.814+0000] {logging_mixin.py:188} INFO - [2025-07-04T13:53:34.814+0000] {dag.py:3823} INFO - Setting next_dagrun for upload_with_gcshook to 2025-07-03 00:00:00+00:00, run_after=2025-07-04 00:00:00+00:00
[2025-07-04T13:53:34.829+0000] {processor.py:183} INFO - Processing /opt/airflow/dags/store_file_into_gcp.py took 0.059 seconds
[2025-07-04T13:54:05.359+0000] {processor.py:161} INFO - Started process (PID=30753) to work on /opt/airflow/dags/store_file_into_gcp.py
[2025-07-04T13:54:05.362+0000] {processor.py:830} INFO - Processing file /opt/airflow/dags/store_file_into_gcp.py for tasks to queue
[2025-07-04T13:54:05.363+0000] {logging_mixin.py:188} INFO - [2025-07-04T13:54:05.363+0000] {dagbag.py:538} INFO - Filling up the DagBag from /opt/airflow/dags/store_file_into_gcp.py
[2025-07-04T13:54:05.374+0000] {processor.py:840} INFO - DAG(s) 'upload_with_gcshook' retrieved from /opt/airflow/dags/store_file_into_gcp.py
[2025-07-04T13:54:05.392+0000] {logging_mixin.py:188} INFO - [2025-07-04T13:54:05.392+0000] {dag.py:3036} INFO - Sync 1 DAGs
[2025-07-04T13:54:05.406+0000] {logging_mixin.py:188} INFO - [2025-07-04T13:54:05.405+0000] {dag.py:3823} INFO - Setting next_dagrun for upload_with_gcshook to 2025-07-03 00:00:00+00:00, run_after=2025-07-04 00:00:00+00:00
[2025-07-04T13:54:05.417+0000] {processor.py:183} INFO - Processing /opt/airflow/dags/store_file_into_gcp.py took 0.060 seconds
[2025-07-04T13:54:35.879+0000] {processor.py:161} INFO - Started process (PID=30803) to work on /opt/airflow/dags/store_file_into_gcp.py
[2025-07-04T13:54:35.880+0000] {processor.py:830} INFO - Processing file /opt/airflow/dags/store_file_into_gcp.py for tasks to queue
[2025-07-04T13:54:35.882+0000] {logging_mixin.py:188} INFO - [2025-07-04T13:54:35.882+0000] {dagbag.py:538} INFO - Filling up the DagBag from /opt/airflow/dags/store_file_into_gcp.py
[2025-07-04T13:54:35.895+0000] {processor.py:840} INFO - DAG(s) 'upload_with_gcshook' retrieved from /opt/airflow/dags/store_file_into_gcp.py
[2025-07-04T13:54:35.914+0000] {logging_mixin.py:188} INFO - [2025-07-04T13:54:35.914+0000] {dag.py:3036} INFO - Sync 1 DAGs
[2025-07-04T13:54:35.926+0000] {logging_mixin.py:188} INFO - [2025-07-04T13:54:35.926+0000] {dag.py:3823} INFO - Setting next_dagrun for upload_with_gcshook to 2025-07-03 00:00:00+00:00, run_after=2025-07-04 00:00:00+00:00
[2025-07-04T13:54:35.936+0000] {processor.py:183} INFO - Processing /opt/airflow/dags/store_file_into_gcp.py took 0.062 seconds
[2025-07-04T13:55:06.440+0000] {processor.py:161} INFO - Started process (PID=30853) to work on /opt/airflow/dags/store_file_into_gcp.py
[2025-07-04T13:55:06.443+0000] {processor.py:830} INFO - Processing file /opt/airflow/dags/store_file_into_gcp.py for tasks to queue
[2025-07-04T13:55:06.444+0000] {logging_mixin.py:188} INFO - [2025-07-04T13:55:06.444+0000] {dagbag.py:538} INFO - Filling up the DagBag from /opt/airflow/dags/store_file_into_gcp.py
[2025-07-04T13:55:06.454+0000] {processor.py:840} INFO - DAG(s) 'upload_with_gcshook' retrieved from /opt/airflow/dags/store_file_into_gcp.py
[2025-07-04T13:55:06.470+0000] {logging_mixin.py:188} INFO - [2025-07-04T13:55:06.470+0000] {dag.py:3036} INFO - Sync 1 DAGs
[2025-07-04T13:55:06.482+0000] {logging_mixin.py:188} INFO - [2025-07-04T13:55:06.482+0000] {dag.py:3823} INFO - Setting next_dagrun for upload_with_gcshook to 2025-07-03 00:00:00+00:00, run_after=2025-07-04 00:00:00+00:00
[2025-07-04T13:55:06.494+0000] {processor.py:183} INFO - Processing /opt/airflow/dags/store_file_into_gcp.py took 0.056 seconds
[2025-07-04T13:55:37.023+0000] {processor.py:161} INFO - Started process (PID=30903) to work on /opt/airflow/dags/store_file_into_gcp.py
[2025-07-04T13:55:37.026+0000] {processor.py:830} INFO - Processing file /opt/airflow/dags/store_file_into_gcp.py for tasks to queue
[2025-07-04T13:55:37.028+0000] {logging_mixin.py:188} INFO - [2025-07-04T13:55:37.028+0000] {dagbag.py:538} INFO - Filling up the DagBag from /opt/airflow/dags/store_file_into_gcp.py
[2025-07-04T13:55:37.041+0000] {processor.py:840} INFO - DAG(s) 'upload_with_gcshook' retrieved from /opt/airflow/dags/store_file_into_gcp.py
[2025-07-04T13:55:37.067+0000] {logging_mixin.py:188} INFO - [2025-07-04T13:55:37.066+0000] {dag.py:3036} INFO - Sync 1 DAGs
[2025-07-04T13:55:37.083+0000] {logging_mixin.py:188} INFO - [2025-07-04T13:55:37.083+0000] {dag.py:3823} INFO - Setting next_dagrun for upload_with_gcshook to 2025-07-03 00:00:00+00:00, run_after=2025-07-04 00:00:00+00:00
[2025-07-04T13:55:37.096+0000] {processor.py:183} INFO - Processing /opt/airflow/dags/store_file_into_gcp.py took 0.079 seconds
[2025-07-04T13:56:07.610+0000] {processor.py:161} INFO - Started process (PID=30953) to work on /opt/airflow/dags/store_file_into_gcp.py
[2025-07-04T13:56:07.613+0000] {processor.py:830} INFO - Processing file /opt/airflow/dags/store_file_into_gcp.py for tasks to queue
[2025-07-04T13:56:07.616+0000] {logging_mixin.py:188} INFO - [2025-07-04T13:56:07.616+0000] {dagbag.py:538} INFO - Filling up the DagBag from /opt/airflow/dags/store_file_into_gcp.py
[2025-07-04T13:56:07.626+0000] {processor.py:840} INFO - DAG(s) 'upload_with_gcshook' retrieved from /opt/airflow/dags/store_file_into_gcp.py
[2025-07-04T13:56:07.642+0000] {logging_mixin.py:188} INFO - [2025-07-04T13:56:07.642+0000] {dag.py:3036} INFO - Sync 1 DAGs
[2025-07-04T13:56:07.662+0000] {logging_mixin.py:188} INFO - [2025-07-04T13:56:07.662+0000] {dag.py:3823} INFO - Setting next_dagrun for upload_with_gcshook to 2025-07-03 00:00:00+00:00, run_after=2025-07-04 00:00:00+00:00
[2025-07-04T13:56:07.682+0000] {processor.py:183} INFO - Processing /opt/airflow/dags/store_file_into_gcp.py took 0.075 seconds
[2025-07-04T13:56:38.226+0000] {processor.py:161} INFO - Started process (PID=31003) to work on /opt/airflow/dags/store_file_into_gcp.py
[2025-07-04T13:56:38.229+0000] {processor.py:830} INFO - Processing file /opt/airflow/dags/store_file_into_gcp.py for tasks to queue
[2025-07-04T13:56:38.232+0000] {logging_mixin.py:188} INFO - [2025-07-04T13:56:38.231+0000] {dagbag.py:538} INFO - Filling up the DagBag from /opt/airflow/dags/store_file_into_gcp.py
[2025-07-04T13:56:38.243+0000] {processor.py:840} INFO - DAG(s) 'upload_with_gcshook' retrieved from /opt/airflow/dags/store_file_into_gcp.py
[2025-07-04T13:56:38.259+0000] {logging_mixin.py:188} INFO - [2025-07-04T13:56:38.258+0000] {dag.py:3036} INFO - Sync 1 DAGs
[2025-07-04T13:56:38.270+0000] {logging_mixin.py:188} INFO - [2025-07-04T13:56:38.270+0000] {dag.py:3823} INFO - Setting next_dagrun for upload_with_gcshook to 2025-07-03 00:00:00+00:00, run_after=2025-07-04 00:00:00+00:00
[2025-07-04T13:56:38.282+0000] {processor.py:183} INFO - Processing /opt/airflow/dags/store_file_into_gcp.py took 0.060 seconds
[2025-07-04T13:57:08.807+0000] {processor.py:161} INFO - Started process (PID=31053) to work on /opt/airflow/dags/store_file_into_gcp.py
[2025-07-04T13:57:08.822+0000] {processor.py:830} INFO - Processing file /opt/airflow/dags/store_file_into_gcp.py for tasks to queue
[2025-07-04T13:57:08.826+0000] {logging_mixin.py:188} INFO - [2025-07-04T13:57:08.826+0000] {dagbag.py:538} INFO - Filling up the DagBag from /opt/airflow/dags/store_file_into_gcp.py
[2025-07-04T13:57:08.839+0000] {processor.py:840} INFO - DAG(s) 'upload_with_gcshook' retrieved from /opt/airflow/dags/store_file_into_gcp.py
[2025-07-04T13:57:08.857+0000] {logging_mixin.py:188} INFO - [2025-07-04T13:57:08.857+0000] {dag.py:3036} INFO - Sync 1 DAGs
[2025-07-04T13:57:08.869+0000] {logging_mixin.py:188} INFO - [2025-07-04T13:57:08.869+0000] {dag.py:3823} INFO - Setting next_dagrun for upload_with_gcshook to 2025-07-03 00:00:00+00:00, run_after=2025-07-04 00:00:00+00:00
[2025-07-04T13:57:08.880+0000] {processor.py:183} INFO - Processing /opt/airflow/dags/store_file_into_gcp.py took 0.077 seconds
[2025-07-04T13:57:39.340+0000] {processor.py:161} INFO - Started process (PID=31103) to work on /opt/airflow/dags/store_file_into_gcp.py
[2025-07-04T13:57:39.342+0000] {processor.py:830} INFO - Processing file /opt/airflow/dags/store_file_into_gcp.py for tasks to queue
[2025-07-04T13:57:39.345+0000] {logging_mixin.py:188} INFO - [2025-07-04T13:57:39.344+0000] {dagbag.py:538} INFO - Filling up the DagBag from /opt/airflow/dags/store_file_into_gcp.py
[2025-07-04T13:57:39.354+0000] {processor.py:840} INFO - DAG(s) 'upload_with_gcshook' retrieved from /opt/airflow/dags/store_file_into_gcp.py
[2025-07-04T13:57:39.368+0000] {logging_mixin.py:188} INFO - [2025-07-04T13:57:39.368+0000] {dag.py:3036} INFO - Sync 1 DAGs
[2025-07-04T13:57:39.380+0000] {logging_mixin.py:188} INFO - [2025-07-04T13:57:39.380+0000] {dag.py:3823} INFO - Setting next_dagrun for upload_with_gcshook to 2025-07-03 00:00:00+00:00, run_after=2025-07-04 00:00:00+00:00
[2025-07-04T13:57:39.391+0000] {processor.py:183} INFO - Processing /opt/airflow/dags/store_file_into_gcp.py took 0.055 seconds
[2025-07-04T13:58:09.892+0000] {processor.py:161} INFO - Started process (PID=31153) to work on /opt/airflow/dags/store_file_into_gcp.py
[2025-07-04T13:58:09.895+0000] {processor.py:830} INFO - Processing file /opt/airflow/dags/store_file_into_gcp.py for tasks to queue
[2025-07-04T13:58:09.898+0000] {logging_mixin.py:188} INFO - [2025-07-04T13:58:09.898+0000] {dagbag.py:538} INFO - Filling up the DagBag from /opt/airflow/dags/store_file_into_gcp.py
[2025-07-04T13:58:09.911+0000] {processor.py:840} INFO - DAG(s) 'upload_with_gcshook' retrieved from /opt/airflow/dags/store_file_into_gcp.py
[2025-07-04T13:58:09.935+0000] {logging_mixin.py:188} INFO - [2025-07-04T13:58:09.935+0000] {dag.py:3036} INFO - Sync 1 DAGs
[2025-07-04T13:58:09.948+0000] {logging_mixin.py:188} INFO - [2025-07-04T13:58:09.948+0000] {dag.py:3823} INFO - Setting next_dagrun for upload_with_gcshook to 2025-07-03 00:00:00+00:00, run_after=2025-07-04 00:00:00+00:00
[2025-07-04T13:58:09.958+0000] {processor.py:183} INFO - Processing /opt/airflow/dags/store_file_into_gcp.py took 0.071 seconds
[2025-07-04T13:58:40.442+0000] {processor.py:161} INFO - Started process (PID=31203) to work on /opt/airflow/dags/store_file_into_gcp.py
[2025-07-04T13:58:40.444+0000] {processor.py:830} INFO - Processing file /opt/airflow/dags/store_file_into_gcp.py for tasks to queue
[2025-07-04T13:58:40.447+0000] {logging_mixin.py:188} INFO - [2025-07-04T13:58:40.446+0000] {dagbag.py:538} INFO - Filling up the DagBag from /opt/airflow/dags/store_file_into_gcp.py
[2025-07-04T13:58:40.459+0000] {processor.py:840} INFO - DAG(s) 'upload_with_gcshook' retrieved from /opt/airflow/dags/store_file_into_gcp.py
[2025-07-04T13:58:40.475+0000] {logging_mixin.py:188} INFO - [2025-07-04T13:58:40.474+0000] {dag.py:3036} INFO - Sync 1 DAGs
[2025-07-04T13:58:40.487+0000] {logging_mixin.py:188} INFO - [2025-07-04T13:58:40.486+0000] {dag.py:3823} INFO - Setting next_dagrun for upload_with_gcshook to 2025-07-03 00:00:00+00:00, run_after=2025-07-04 00:00:00+00:00
[2025-07-04T13:58:40.496+0000] {processor.py:183} INFO - Processing /opt/airflow/dags/store_file_into_gcp.py took 0.058 seconds
[2025-07-04T13:59:10.976+0000] {processor.py:161} INFO - Started process (PID=31253) to work on /opt/airflow/dags/store_file_into_gcp.py
[2025-07-04T13:59:10.978+0000] {processor.py:830} INFO - Processing file /opt/airflow/dags/store_file_into_gcp.py for tasks to queue
[2025-07-04T13:59:10.980+0000] {logging_mixin.py:188} INFO - [2025-07-04T13:59:10.980+0000] {dagbag.py:538} INFO - Filling up the DagBag from /opt/airflow/dags/store_file_into_gcp.py
[2025-07-04T13:59:10.992+0000] {processor.py:840} INFO - DAG(s) 'upload_with_gcshook' retrieved from /opt/airflow/dags/store_file_into_gcp.py
[2025-07-04T13:59:11.007+0000] {logging_mixin.py:188} INFO - [2025-07-04T13:59:11.007+0000] {dag.py:3036} INFO - Sync 1 DAGs
[2025-07-04T13:59:11.026+0000] {logging_mixin.py:188} INFO - [2025-07-04T13:59:11.026+0000] {dag.py:3823} INFO - Setting next_dagrun for upload_with_gcshook to 2025-07-03 00:00:00+00:00, run_after=2025-07-04 00:00:00+00:00
[2025-07-04T13:59:11.042+0000] {processor.py:183} INFO - Processing /opt/airflow/dags/store_file_into_gcp.py took 0.070 seconds
[2025-07-04T13:59:41.542+0000] {processor.py:161} INFO - Started process (PID=31303) to work on /opt/airflow/dags/store_file_into_gcp.py
[2025-07-04T13:59:41.545+0000] {processor.py:830} INFO - Processing file /opt/airflow/dags/store_file_into_gcp.py for tasks to queue
[2025-07-04T13:59:41.547+0000] {logging_mixin.py:188} INFO - [2025-07-04T13:59:41.546+0000] {dagbag.py:538} INFO - Filling up the DagBag from /opt/airflow/dags/store_file_into_gcp.py
[2025-07-04T13:59:41.558+0000] {processor.py:840} INFO - DAG(s) 'upload_with_gcshook' retrieved from /opt/airflow/dags/store_file_into_gcp.py
[2025-07-04T13:59:41.577+0000] {logging_mixin.py:188} INFO - [2025-07-04T13:59:41.576+0000] {dag.py:3036} INFO - Sync 1 DAGs
[2025-07-04T13:59:41.592+0000] {logging_mixin.py:188} INFO - [2025-07-04T13:59:41.592+0000] {dag.py:3823} INFO - Setting next_dagrun for upload_with_gcshook to 2025-07-03 00:00:00+00:00, run_after=2025-07-04 00:00:00+00:00
[2025-07-04T13:59:41.602+0000] {processor.py:183} INFO - Processing /opt/airflow/dags/store_file_into_gcp.py took 0.064 seconds
[2025-07-04T14:00:12.178+0000] {processor.py:161} INFO - Started process (PID=31353) to work on /opt/airflow/dags/store_file_into_gcp.py
[2025-07-04T14:00:12.181+0000] {processor.py:830} INFO - Processing file /opt/airflow/dags/store_file_into_gcp.py for tasks to queue
[2025-07-04T14:00:12.184+0000] {logging_mixin.py:188} INFO - [2025-07-04T14:00:12.184+0000] {dagbag.py:538} INFO - Filling up the DagBag from /opt/airflow/dags/store_file_into_gcp.py
[2025-07-04T14:00:12.196+0000] {processor.py:840} INFO - DAG(s) 'upload_with_gcshook' retrieved from /opt/airflow/dags/store_file_into_gcp.py
[2025-07-04T14:00:12.223+0000] {logging_mixin.py:188} INFO - [2025-07-04T14:00:12.223+0000] {dag.py:3036} INFO - Sync 1 DAGs
[2025-07-04T14:00:12.237+0000] {logging_mixin.py:188} INFO - [2025-07-04T14:00:12.237+0000] {dag.py:3823} INFO - Setting next_dagrun for upload_with_gcshook to 2025-07-03 00:00:00+00:00, run_after=2025-07-04 00:00:00+00:00
[2025-07-04T14:00:12.250+0000] {processor.py:183} INFO - Processing /opt/airflow/dags/store_file_into_gcp.py took 0.076 seconds
[2025-07-04T14:00:42.734+0000] {processor.py:161} INFO - Started process (PID=31403) to work on /opt/airflow/dags/store_file_into_gcp.py
[2025-07-04T14:00:42.736+0000] {processor.py:830} INFO - Processing file /opt/airflow/dags/store_file_into_gcp.py for tasks to queue
[2025-07-04T14:00:42.738+0000] {logging_mixin.py:188} INFO - [2025-07-04T14:00:42.738+0000] {dagbag.py:538} INFO - Filling up the DagBag from /opt/airflow/dags/store_file_into_gcp.py
[2025-07-04T14:00:42.749+0000] {processor.py:840} INFO - DAG(s) 'upload_with_gcshook' retrieved from /opt/airflow/dags/store_file_into_gcp.py
[2025-07-04T14:00:42.765+0000] {logging_mixin.py:188} INFO - [2025-07-04T14:00:42.765+0000] {dag.py:3036} INFO - Sync 1 DAGs
[2025-07-04T14:00:42.777+0000] {logging_mixin.py:188} INFO - [2025-07-04T14:00:42.777+0000] {dag.py:3823} INFO - Setting next_dagrun for upload_with_gcshook to 2025-07-03 00:00:00+00:00, run_after=2025-07-04 00:00:00+00:00
[2025-07-04T14:00:42.799+0000] {processor.py:183} INFO - Processing /opt/airflow/dags/store_file_into_gcp.py took 0.068 seconds
[2025-07-04T14:01:13.394+0000] {processor.py:161} INFO - Started process (PID=31453) to work on /opt/airflow/dags/store_file_into_gcp.py
[2025-07-04T14:01:13.397+0000] {processor.py:830} INFO - Processing file /opt/airflow/dags/store_file_into_gcp.py for tasks to queue
[2025-07-04T14:01:13.400+0000] {logging_mixin.py:188} INFO - [2025-07-04T14:01:13.399+0000] {dagbag.py:538} INFO - Filling up the DagBag from /opt/airflow/dags/store_file_into_gcp.py
[2025-07-04T14:01:13.410+0000] {processor.py:840} INFO - DAG(s) 'upload_with_gcshook' retrieved from /opt/airflow/dags/store_file_into_gcp.py
[2025-07-04T14:01:13.426+0000] {logging_mixin.py:188} INFO - [2025-07-04T14:01:13.426+0000] {dag.py:3036} INFO - Sync 1 DAGs
[2025-07-04T14:01:13.441+0000] {logging_mixin.py:188} INFO - [2025-07-04T14:01:13.441+0000] {dag.py:3823} INFO - Setting next_dagrun for upload_with_gcshook to 2025-07-03 00:00:00+00:00, run_after=2025-07-04 00:00:00+00:00
[2025-07-04T14:01:13.451+0000] {processor.py:183} INFO - Processing /opt/airflow/dags/store_file_into_gcp.py took 0.061 seconds
[2025-07-04T14:01:43.996+0000] {processor.py:161} INFO - Started process (PID=31503) to work on /opt/airflow/dags/store_file_into_gcp.py
[2025-07-04T14:01:43.999+0000] {processor.py:830} INFO - Processing file /opt/airflow/dags/store_file_into_gcp.py for tasks to queue
[2025-07-04T14:01:44.002+0000] {logging_mixin.py:188} INFO - [2025-07-04T14:01:44.002+0000] {dagbag.py:538} INFO - Filling up the DagBag from /opt/airflow/dags/store_file_into_gcp.py
[2025-07-04T14:01:44.011+0000] {processor.py:840} INFO - DAG(s) 'upload_with_gcshook' retrieved from /opt/airflow/dags/store_file_into_gcp.py
[2025-07-04T14:01:44.027+0000] {logging_mixin.py:188} INFO - [2025-07-04T14:01:44.026+0000] {dag.py:3036} INFO - Sync 1 DAGs
[2025-07-04T14:01:44.039+0000] {logging_mixin.py:188} INFO - [2025-07-04T14:01:44.039+0000] {dag.py:3823} INFO - Setting next_dagrun for upload_with_gcshook to 2025-07-03 00:00:00+00:00, run_after=2025-07-04 00:00:00+00:00
[2025-07-04T14:01:44.050+0000] {processor.py:183} INFO - Processing /opt/airflow/dags/store_file_into_gcp.py took 0.058 seconds
[2025-07-04T14:02:14.534+0000] {processor.py:161} INFO - Started process (PID=31553) to work on /opt/airflow/dags/store_file_into_gcp.py
[2025-07-04T14:02:14.537+0000] {processor.py:830} INFO - Processing file /opt/airflow/dags/store_file_into_gcp.py for tasks to queue
[2025-07-04T14:02:14.539+0000] {logging_mixin.py:188} INFO - [2025-07-04T14:02:14.539+0000] {dagbag.py:538} INFO - Filling up the DagBag from /opt/airflow/dags/store_file_into_gcp.py
[2025-07-04T14:02:14.548+0000] {processor.py:840} INFO - DAG(s) 'upload_with_gcshook' retrieved from /opt/airflow/dags/store_file_into_gcp.py
[2025-07-04T14:02:14.561+0000] {logging_mixin.py:188} INFO - [2025-07-04T14:02:14.561+0000] {dag.py:3036} INFO - Sync 1 DAGs
[2025-07-04T14:02:14.573+0000] {logging_mixin.py:188} INFO - [2025-07-04T14:02:14.573+0000] {dag.py:3823} INFO - Setting next_dagrun for upload_with_gcshook to 2025-07-03 00:00:00+00:00, run_after=2025-07-04 00:00:00+00:00
[2025-07-04T14:02:14.584+0000] {processor.py:183} INFO - Processing /opt/airflow/dags/store_file_into_gcp.py took 0.053 seconds
[2025-07-04T14:02:45.110+0000] {processor.py:161} INFO - Started process (PID=31603) to work on /opt/airflow/dags/store_file_into_gcp.py
[2025-07-04T14:02:45.112+0000] {processor.py:830} INFO - Processing file /opt/airflow/dags/store_file_into_gcp.py for tasks to queue
[2025-07-04T14:02:45.116+0000] {logging_mixin.py:188} INFO - [2025-07-04T14:02:45.115+0000] {dagbag.py:538} INFO - Filling up the DagBag from /opt/airflow/dags/store_file_into_gcp.py
[2025-07-04T14:02:45.129+0000] {processor.py:840} INFO - DAG(s) 'upload_with_gcshook' retrieved from /opt/airflow/dags/store_file_into_gcp.py
[2025-07-04T14:02:45.144+0000] {logging_mixin.py:188} INFO - [2025-07-04T14:02:45.143+0000] {dag.py:3036} INFO - Sync 1 DAGs
[2025-07-04T14:02:45.159+0000] {logging_mixin.py:188} INFO - [2025-07-04T14:02:45.159+0000] {dag.py:3823} INFO - Setting next_dagrun for upload_with_gcshook to 2025-07-03 00:00:00+00:00, run_after=2025-07-04 00:00:00+00:00
[2025-07-04T14:02:45.170+0000] {processor.py:183} INFO - Processing /opt/airflow/dags/store_file_into_gcp.py took 0.064 seconds
[2025-07-04T14:03:15.665+0000] {processor.py:161} INFO - Started process (PID=31653) to work on /opt/airflow/dags/store_file_into_gcp.py
[2025-07-04T14:03:15.667+0000] {processor.py:830} INFO - Processing file /opt/airflow/dags/store_file_into_gcp.py for tasks to queue
[2025-07-04T14:03:15.669+0000] {logging_mixin.py:188} INFO - [2025-07-04T14:03:15.668+0000] {dagbag.py:538} INFO - Filling up the DagBag from /opt/airflow/dags/store_file_into_gcp.py
[2025-07-04T14:03:15.682+0000] {processor.py:840} INFO - DAG(s) 'upload_with_gcshook' retrieved from /opt/airflow/dags/store_file_into_gcp.py
[2025-07-04T14:03:15.699+0000] {logging_mixin.py:188} INFO - [2025-07-04T14:03:15.699+0000] {dag.py:3036} INFO - Sync 1 DAGs
[2025-07-04T14:03:15.711+0000] {logging_mixin.py:188} INFO - [2025-07-04T14:03:15.711+0000] {dag.py:3823} INFO - Setting next_dagrun for upload_with_gcshook to 2025-07-03 00:00:00+00:00, run_after=2025-07-04 00:00:00+00:00
[2025-07-04T14:03:15.722+0000] {processor.py:183} INFO - Processing /opt/airflow/dags/store_file_into_gcp.py took 0.062 seconds
[2025-07-04T14:03:46.237+0000] {processor.py:161} INFO - Started process (PID=31703) to work on /opt/airflow/dags/store_file_into_gcp.py
[2025-07-04T14:03:46.238+0000] {processor.py:830} INFO - Processing file /opt/airflow/dags/store_file_into_gcp.py for tasks to queue
[2025-07-04T14:03:46.240+0000] {logging_mixin.py:188} INFO - [2025-07-04T14:03:46.239+0000] {dagbag.py:538} INFO - Filling up the DagBag from /opt/airflow/dags/store_file_into_gcp.py
[2025-07-04T14:03:46.250+0000] {processor.py:840} INFO - DAG(s) 'upload_with_gcshook' retrieved from /opt/airflow/dags/store_file_into_gcp.py
[2025-07-04T14:03:46.275+0000] {logging_mixin.py:188} INFO - [2025-07-04T14:03:46.274+0000] {dag.py:3036} INFO - Sync 1 DAGs
[2025-07-04T14:03:46.291+0000] {logging_mixin.py:188} INFO - [2025-07-04T14:03:46.291+0000] {dag.py:3823} INFO - Setting next_dagrun for upload_with_gcshook to 2025-07-03 00:00:00+00:00, run_after=2025-07-04 00:00:00+00:00
[2025-07-04T14:03:46.303+0000] {processor.py:183} INFO - Processing /opt/airflow/dags/store_file_into_gcp.py took 0.070 seconds
[2025-07-04T14:04:16.828+0000] {processor.py:161} INFO - Started process (PID=31753) to work on /opt/airflow/dags/store_file_into_gcp.py
[2025-07-04T14:04:16.831+0000] {processor.py:830} INFO - Processing file /opt/airflow/dags/store_file_into_gcp.py for tasks to queue
[2025-07-04T14:04:16.834+0000] {logging_mixin.py:188} INFO - [2025-07-04T14:04:16.833+0000] {dagbag.py:538} INFO - Filling up the DagBag from /opt/airflow/dags/store_file_into_gcp.py
[2025-07-04T14:04:16.847+0000] {processor.py:840} INFO - DAG(s) 'upload_with_gcshook' retrieved from /opt/airflow/dags/store_file_into_gcp.py
[2025-07-04T14:04:16.869+0000] {logging_mixin.py:188} INFO - [2025-07-04T14:04:16.868+0000] {dag.py:3036} INFO - Sync 1 DAGs
[2025-07-04T14:04:16.881+0000] {logging_mixin.py:188} INFO - [2025-07-04T14:04:16.881+0000] {dag.py:3823} INFO - Setting next_dagrun for upload_with_gcshook to 2025-07-03 00:00:00+00:00, run_after=2025-07-04 00:00:00+00:00
[2025-07-04T14:04:16.889+0000] {processor.py:183} INFO - Processing /opt/airflow/dags/store_file_into_gcp.py took 0.065 seconds
[2025-07-04T14:04:47.400+0000] {processor.py:161} INFO - Started process (PID=31803) to work on /opt/airflow/dags/store_file_into_gcp.py
[2025-07-04T14:04:47.401+0000] {processor.py:830} INFO - Processing file /opt/airflow/dags/store_file_into_gcp.py for tasks to queue
[2025-07-04T14:04:47.403+0000] {logging_mixin.py:188} INFO - [2025-07-04T14:04:47.403+0000] {dagbag.py:538} INFO - Filling up the DagBag from /opt/airflow/dags/store_file_into_gcp.py
[2025-07-04T14:04:47.417+0000] {processor.py:840} INFO - DAG(s) 'upload_with_gcshook' retrieved from /opt/airflow/dags/store_file_into_gcp.py
[2025-07-04T14:04:47.444+0000] {logging_mixin.py:188} INFO - [2025-07-04T14:04:47.443+0000] {dag.py:3036} INFO - Sync 1 DAGs
[2025-07-04T14:04:47.466+0000] {logging_mixin.py:188} INFO - [2025-07-04T14:04:47.466+0000] {dag.py:3823} INFO - Setting next_dagrun for upload_with_gcshook to 2025-07-03 00:00:00+00:00, run_after=2025-07-04 00:00:00+00:00
[2025-07-04T14:04:47.486+0000] {processor.py:183} INFO - Processing /opt/airflow/dags/store_file_into_gcp.py took 0.091 seconds
[2025-07-04T14:05:17.964+0000] {processor.py:161} INFO - Started process (PID=31853) to work on /opt/airflow/dags/store_file_into_gcp.py
[2025-07-04T14:05:17.967+0000] {processor.py:830} INFO - Processing file /opt/airflow/dags/store_file_into_gcp.py for tasks to queue
[2025-07-04T14:05:17.970+0000] {logging_mixin.py:188} INFO - [2025-07-04T14:05:17.969+0000] {dagbag.py:538} INFO - Filling up the DagBag from /opt/airflow/dags/store_file_into_gcp.py
[2025-07-04T14:05:17.982+0000] {processor.py:840} INFO - DAG(s) 'upload_with_gcshook' retrieved from /opt/airflow/dags/store_file_into_gcp.py
[2025-07-04T14:05:18.000+0000] {logging_mixin.py:188} INFO - [2025-07-04T14:05:18.000+0000] {dag.py:3036} INFO - Sync 1 DAGs
[2025-07-04T14:05:18.014+0000] {logging_mixin.py:188} INFO - [2025-07-04T14:05:18.013+0000] {dag.py:3823} INFO - Setting next_dagrun for upload_with_gcshook to 2025-07-03 00:00:00+00:00, run_after=2025-07-04 00:00:00+00:00
[2025-07-04T14:05:18.023+0000] {processor.py:183} INFO - Processing /opt/airflow/dags/store_file_into_gcp.py took 0.064 seconds
