[2025-07-07T07:00:23.036+0000] {taskinstance.py:1956} INFO - Dependencies all met for dep_context=non-requeueable deps ti=<TaskInstance: select_query_to_temp_logs.run_select_query manual__2025-07-07T07:00:21.558066+00:00 [queued]>
[2025-07-07T07:00:23.041+0000] {taskinstance.py:1956} INFO - Dependencies all met for dep_context=requeueable deps ti=<TaskInstance: select_query_to_temp_logs.run_select_query manual__2025-07-07T07:00:21.558066+00:00 [queued]>
[2025-07-07T07:00:23.041+0000] {taskinstance.py:2170} INFO - Starting attempt 1 of 1
[2025-07-07T07:00:23.050+0000] {taskinstance.py:2191} INFO - Executing <Task(PythonOperator): run_select_query> on 2025-07-07 07:00:21.558066+00:00
[2025-07-07T07:00:23.054+0000] {standard_task_runner.py:60} INFO - Started process 9211 to run task
[2025-07-07T07:00:23.055+0000] {standard_task_runner.py:87} INFO - Running: ['***', 'tasks', 'run', 'select_query_to_temp_logs', 'run_select_query', 'manual__2025-07-07T07:00:21.558066+00:00', '--job-id', '68', '--raw', '--subdir', 'DAGS_FOLDER/select_query_dag.py', '--cfg-path', '/tmp/tmp2yyxgjp7']
[2025-07-07T07:00:23.056+0000] {standard_task_runner.py:88} INFO - Job 68: Subtask run_select_query
[2025-07-07T07:00:23.082+0000] {task_command.py:423} INFO - Running <TaskInstance: select_query_to_temp_logs.run_select_query manual__2025-07-07T07:00:21.558066+00:00 [running]> on host c7534e6ea843
[2025-07-07T07:00:23.131+0000] {taskinstance.py:2480} INFO - Exporting env vars: AIRFLOW_CTX_DAG_OWNER='***' AIRFLOW_CTX_DAG_ID='select_query_to_temp_logs' AIRFLOW_CTX_TASK_ID='run_select_query' AIRFLOW_CTX_EXECUTION_DATE='2025-07-07T07:00:21.558066+00:00' AIRFLOW_CTX_TRY_NUMBER='1' AIRFLOW_CTX_DAG_RUN_ID='manual__2025-07-07T07:00:21.558066+00:00'
[2025-07-07T07:00:23.132+0000] {sql_files_reader.py:54} INFO - Executing 1 queries...
[2025-07-07T07:00:23.132+0000] {sql_files_reader.py:57} INFO - 
🚀 Query 1:
SELECT 
    PROJECT_ID, PROJECT_NAME, DEPARTMENT, START_DATE, END_DATE, BUDGET
FROM DEV_DB.DEV_SCHEMA.PROJECTS
WHERE START_DATE >= '2024-01-01'
ORDER BY START_DATE
LIMIT 5
[2025-07-07T07:00:23.139+0000] {base.py:83} INFO - Using connection ID 'snowflake_dev_conn' for task execution.
[2025-07-07T07:00:23.139+0000] {connection.py:370} INFO - Snowflake Connector for Python Version: 3.6.0, Python Version: 3.8.18, Platform: Linux-6.2.0-26-generic-x86_64-with-glibc2.34
[2025-07-07T07:00:23.140+0000] {connection.py:1171} INFO - This connection is in OCSP Fail Open Mode. TLS Certificates would be checked for validity and revocation status. Any other Certificate Revocation related exceptions or OCSP Responder failures would be disregarded in favor of connectivity.
[2025-07-07T07:00:24.154+0000] {logging_mixin.py:188} WARNING - /home/***/.local/lib/python3.8/site-packages/***/providers/common/sql/hooks/sql.py:221 UserWarning: pandas only supports SQLAlchemy connectable (engine/connection) or database string URI or sqlite3 DBAPI2 connection. Other DBAPI2 objects are not tested. Please consider using SQLAlchemy.
[2025-07-07T07:00:24.155+0000] {cursor.py:1028} INFO - query: [SELECT PROJECT_ID, PROJECT_NAME, DEPARTMENT, START_DATE, END_DATE, BUDGET FROM D...]
[2025-07-07T07:00:33.774+0000] {cursor.py:1041} INFO - query execution done
[2025-07-07T07:00:33.774+0000] {cursor.py:1205} INFO - Number of results in first chunk: 5
[2025-07-07T07:00:33.778+0000] {connection.py:718} INFO - closed
[2025-07-07T07:00:33.994+0000] {connection.py:724} INFO - No async queries seem to be running, deleting session
[2025-07-07T07:00:34.281+0000] {sql_files_reader.py:60} INFO - 🎯 Result:
 PROJECT_ID           PROJECT_NAME  DEPARTMENT START_DATE   END_DATE   BUDGET
        106      Mobile App Launch     Product 2024-01-01 2024-05-01 120000.0
        101 Employee Portal Revamp          IT 2024-01-15 2024-06-30 150000.0
        111    Vendor Portal Setup Procurement 2024-02-01 2024-05-30  30000.0
        105      Internal Branding   Marketing 2024-02-15 2024-07-31  50000.0
        110 AI Chatbot Integration     Product 2024-03-01 2024-09-01 110000.0
[2025-07-07T07:00:34.281+0000] {python.py:201} INFO - Done. Returned value was: None
[2025-07-07T07:00:34.294+0000] {taskinstance.py:1138} INFO - Marking task as SUCCESS. dag_id=select_query_to_temp_logs, task_id=run_select_query, execution_date=20250707T070021, start_date=20250707T070023, end_date=20250707T070034
[2025-07-07T07:00:34.347+0000] {local_task_job_runner.py:234} INFO - Task exited with return code 0
[2025-07-07T07:00:34.368+0000] {taskinstance.py:3280} INFO - 0 downstream tasks scheduled from follow-on schedule check
