[2025-07-03T09:34:24.798+0000] {taskinstance.py:1956} INFO - Dependencies all met for dep_context=non-requeueable deps ti=<TaskInstance: select_query_dag.run_select_query manual__2025-07-03T09:34:23.401358+00:00 [queued]>
[2025-07-03T09:34:24.813+0000] {taskinstance.py:1956} INFO - Dependencies all met for dep_context=requeueable deps ti=<TaskInstance: select_query_dag.run_select_query manual__2025-07-03T09:34:23.401358+00:00 [queued]>
[2025-07-03T09:34:24.813+0000] {taskinstance.py:2170} INFO - Starting attempt 1 of 1
[2025-07-03T09:34:24.833+0000] {taskinstance.py:2191} INFO - Executing <Task(PythonOperator): run_select_query> on 2025-07-03 09:34:23.401358+00:00
[2025-07-03T09:34:24.839+0000] {standard_task_runner.py:60} INFO - Started process 1170 to run task
[2025-07-03T09:34:24.841+0000] {standard_task_runner.py:87} INFO - Running: ['***', 'tasks', 'run', 'select_query_dag', 'run_select_query', 'manual__2025-07-03T09:34:23.401358+00:00', '--job-id', '34', '--raw', '--subdir', 'DAGS_FOLDER/select_query_dag.py', '--cfg-path', '/tmp/tmpr8m9aefr']
[2025-07-03T09:34:24.843+0000] {standard_task_runner.py:88} INFO - Job 34: Subtask run_select_query
[2025-07-03T09:34:24.878+0000] {task_command.py:423} INFO - Running <TaskInstance: select_query_dag.run_select_query manual__2025-07-03T09:34:23.401358+00:00 [running]> on host be92b7fd988a
[2025-07-03T09:34:24.946+0000] {taskinstance.py:2480} INFO - Exporting env vars: AIRFLOW_CTX_DAG_OWNER='***' AIRFLOW_CTX_DAG_ID='select_query_dag' AIRFLOW_CTX_TASK_ID='run_select_query' AIRFLOW_CTX_EXECUTION_DATE='2025-07-03T09:34:23.401358+00:00' AIRFLOW_CTX_TRY_NUMBER='1' AIRFLOW_CTX_DAG_RUN_ID='manual__2025-07-03T09:34:23.401358+00:00'
[2025-07-03T09:34:24.955+0000] {base.py:83} INFO - Using connection ID 'snowflake_dev_conn' for task execution.
[2025-07-03T09:34:24.955+0000] {connection.py:370} INFO - Snowflake Connector for Python Version: 3.6.0, Python Version: 3.8.18, Platform: Linux-6.2.0-26-generic-x86_64-with-glibc2.34
[2025-07-03T09:34:24.956+0000] {connection.py:1171} INFO - This connection is in OCSP Fail Open Mode. TLS Certificates would be checked for validity and revocation status. Any other Certificate Revocation related exceptions or OCSP Responder failures would be disregarded in favor of connectivity.
[2025-07-03T09:34:26.898+0000] {logging_mixin.py:188} WARNING - /home/***/.local/lib/python3.8/site-packages/***/providers/common/sql/hooks/sql.py:221 UserWarning: pandas only supports SQLAlchemy connectable (engine/connection) or database string URI or sqlite3 DBAPI2 connection. Other DBAPI2 objects are not tested. Please consider using SQLAlchemy.
[2025-07-03T09:34:26.899+0000] {cursor.py:1028} INFO - query: [SELECT * FROM DEV_DB.DEV_SCHEMA.EMPLOYEE ORDER BY EMP_ID LIMIT 5;]
[2025-07-03T09:34:27.711+0000] {cursor.py:1041} INFO - query execution done
[2025-07-03T09:34:27.712+0000] {cursor.py:1205} INFO - Number of results in first chunk: 5
[2025-07-03T09:34:27.718+0000] {connection.py:718} INFO - closed
[2025-07-03T09:34:27.796+0000] {connection.py:724} INFO - No async queries seem to be running, deleting session
[2025-07-03T09:34:27.887+0000] {select_query_dag.py:28} INFO - SELECT Query Result:
[2025-07-03T09:34:27.898+0000] {select_query_dag.py:29} INFO -  EMP_ID FIRST_NAME LAST_NAME  DEPARTMENT  SALARY  JOIN_DATE
      1      Alice     Smith Engineering 85000.0 2021-01-15
      2        Bob   Johnson   Marketing 65000.0 2020-07-22
      3    Charlie     Brown          HR 60000.0 2019-03-10
      4      Diana     Davis     Finance 90000.0 2022-11-01
      5      Ethan     Moore Engineering 95000.0 2023-02-17
[2025-07-03T09:34:27.898+0000] {python.py:201} INFO - Done. Returned value was: None
[2025-07-03T09:34:27.913+0000] {taskinstance.py:1138} INFO - Marking task as SUCCESS. dag_id=select_query_dag, task_id=run_select_query, execution_date=20250703T093423, start_date=20250703T093424, end_date=20250703T093427
[2025-07-03T09:34:27.947+0000] {local_task_job_runner.py:234} INFO - Task exited with return code 0
[2025-07-03T09:34:27.975+0000] {taskinstance.py:3280} INFO - 0 downstream tasks scheduled from follow-on schedule check
